[2025-02-07T08:00:37.999+0000] {local_task_job_runner.py:123} INFO - ::group::Pre task execution logs
[2025-02-07T08:00:38.042+0000] {taskinstance.py:2613} INFO - Dependencies all met for dep_context=non-requeueable deps ti=<TaskInstance: ecobalyse_dag.simulations_data scheduled__2025-02-06T00:00:00+00:00 [queued]>
[2025-02-07T08:00:38.049+0000] {taskinstance.py:2613} INFO - Dependencies all met for dep_context=requeueable deps ti=<TaskInstance: ecobalyse_dag.simulations_data scheduled__2025-02-06T00:00:00+00:00 [queued]>
[2025-02-07T08:00:38.049+0000] {taskinstance.py:2866} INFO - Starting attempt 1 of 3
[2025-02-07T08:00:38.061+0000] {taskinstance.py:2889} INFO - Executing <Task(PythonOperator): simulations_data> on 2025-02-06 00:00:00+00:00
[2025-02-07T08:00:38.069+0000] {warnings.py:112} WARNING - /home/***/.local/lib/python3.12/site-packages/***/task/task_runner/standard_task_runner.py:70: DeprecationWarning: This process (pid=130) is multi-threaded, use of fork() may lead to deadlocks in the child.
  pid = os.fork()

[2025-02-07T08:00:38.070+0000] {standard_task_runner.py:72} INFO - Started process 177 to run task
[2025-02-07T08:00:38.072+0000] {standard_task_runner.py:104} INFO - Running: ['***', 'tasks', 'run', 'ecobalyse_dag', 'simulations_data', 'scheduled__2025-02-06T00:00:00+00:00', '--job-id', '1566', '--raw', '--subdir', 'DAGS_FOLDER/data_transformations.py', '--cfg-path', '/tmp/tmpoieqhdo8']
[2025-02-07T08:00:38.072+0000] {standard_task_runner.py:105} INFO - Job 1566: Subtask simulations_data
[2025-02-07T08:00:38.126+0000] {task_command.py:467} INFO - Running <TaskInstance: ecobalyse_dag.simulations_data scheduled__2025-02-06T00:00:00+00:00 [running]> on host 2ca7aeda0036
[2025-02-07T08:00:38.221+0000] {taskinstance.py:3132} INFO - Exporting env vars: AIRFLOW_CTX_DAG_EMAIL='thiernosidybah232@gmail.com' AIRFLOW_CTX_DAG_OWNER='***' AIRFLOW_CTX_DAG_ID='ecobalyse_dag' AIRFLOW_CTX_TASK_ID='simulations_data' AIRFLOW_CTX_EXECUTION_DATE='2025-02-06T00:00:00+00:00' AIRFLOW_CTX_TRY_NUMBER='1' AIRFLOW_CTX_DAG_RUN_ID='scheduled__2025-02-06T00:00:00+00:00'
[2025-02-07T08:00:38.222+0000] {logging_mixin.py:190} INFO - Task instance is in running state
[2025-02-07T08:00:38.222+0000] {logging_mixin.py:190} INFO -  Previous state of the Task instance: queued
[2025-02-07T08:00:38.223+0000] {logging_mixin.py:190} INFO - Current task name:simulations_data state:running start_date:2025-02-07 08:00:38.042597+00:00
[2025-02-07T08:00:38.223+0000] {logging_mixin.py:190} INFO - Dag name:ecobalyse_dag and current dag run status:running
[2025-02-07T08:00:38.223+0000] {taskinstance.py:731} INFO - ::endgroup::
[2025-02-07T08:00:53.493+0000] {logging_mixin.py:190} INFO - Limite atteinte, attente de 44.73 secondes.
[2025-02-07T08:01:53.088+0000] {logging_mixin.py:190} INFO - Limite atteinte, attente de 45.14 secondes.
[2025-02-07T08:02:53.747+0000] {logging_mixin.py:190} INFO - Limite atteinte, attente de 44.48 secondes.
[2025-02-07T08:03:52.232+0000] {logging_mixin.py:190} INFO - Limite atteinte, attente de 45.99 secondes.
[2025-02-07T08:04:51.578+0000] {logging_mixin.py:190} INFO - Limite atteinte, attente de 46.65 secondes.
[2025-02-07T08:05:53.422+0000] {logging_mixin.py:190} INFO - Limite atteinte, attente de 44.81 secondes.
[2025-02-07T08:06:58.184+0000] {logging_mixin.py:190} INFO - Limite atteinte, attente de 40.04 secondes.
[2025-02-07T08:07:52.780+0000] {logging_mixin.py:190} INFO - Limite atteinte, attente de 45.45 secondes.
[2025-02-07T08:08:52.718+0000] {logging_mixin.py:190} INFO - Limite atteinte, attente de 45.51 secondes.
[2025-02-07T08:09:52.397+0000] {logging_mixin.py:190} INFO - Limite atteinte, attente de 45.83 secondes.
[2025-02-07T08:10:52.198+0000] {logging_mixin.py:190} INFO - Limite atteinte, attente de 46.03 secondes.
[2025-02-07T08:11:52.003+0000] {logging_mixin.py:190} INFO - Limite atteinte, attente de 46.23 secondes.
[2025-02-07T08:12:52.020+0000] {logging_mixin.py:190} INFO - Limite atteinte, attente de 46.21 secondes.
[2025-02-07T08:13:51.714+0000] {logging_mixin.py:190} INFO - Limite atteinte, attente de 46.52 secondes.
[2025-02-07T08:14:55.936+0000] {logging_mixin.py:190} INFO - Limite atteinte, attente de 42.30 secondes.
[2025-02-07T08:15:53.068+0000] {logging_mixin.py:190} INFO - Limite atteinte, attente de 45.17 secondes.
[2025-02-07T08:16:52.672+0000] {logging_mixin.py:190} INFO - Limite atteinte, attente de 45.56 secondes.
[2025-02-07T08:17:53.083+0000] {logging_mixin.py:190} INFO - Limite atteinte, attente de 45.15 secondes.
[2025-02-07T08:18:52.613+0000] {logging_mixin.py:190} INFO - Limite atteinte, attente de 45.62 secondes.
[2025-02-07T08:19:57.271+0000] {logging_mixin.py:190} INFO - Limite atteinte, attente de 40.97 secondes.
