[2024-12-17T12:09:02.559+0000] {local_task_job_runner.py:123} INFO - ::group::Pre task execution logs
[2024-12-17T12:09:02.568+0000] {taskinstance.py:2613} INFO - Dependencies all met for dep_context=non-requeueable deps ti=<TaskInstance: ecobalyse_dag.extract_data scheduled__2024-12-16T00:00:00+00:00 [queued]>
[2024-12-17T12:09:02.572+0000] {taskinstance.py:2613} INFO - Dependencies all met for dep_context=requeueable deps ti=<TaskInstance: ecobalyse_dag.extract_data scheduled__2024-12-16T00:00:00+00:00 [queued]>
[2024-12-17T12:09:02.573+0000] {taskinstance.py:2866} INFO - Starting attempt 3 of 3
[2024-12-17T12:09:02.579+0000] {taskinstance.py:2889} INFO - Executing <Task(PythonOperator): extract_data> on 2024-12-16 00:00:00+00:00
[2024-12-17T12:09:02.585+0000] {warnings.py:112} WARNING - /home/***/.local/lib/python3.12/site-packages/***/task/task_runner/standard_task_runner.py:70: DeprecationWarning: This process (pid=150) is multi-threaded, use of fork() may lead to deadlocks in the child.
  pid = os.fork()

[2024-12-17T12:09:02.585+0000] {standard_task_runner.py:72} INFO - Started process 173 to run task
[2024-12-17T12:09:02.587+0000] {standard_task_runner.py:104} INFO - Running: ['***', 'tasks', 'run', 'ecobalyse_dag', 'extract_data', 'scheduled__2024-12-16T00:00:00+00:00', '--job-id', '1464', '--raw', '--subdir', 'DAGS_FOLDER/data_transformations.py', '--cfg-path', '/tmp/tmp8wrb3_bl']
[2024-12-17T12:09:02.588+0000] {standard_task_runner.py:105} INFO - Job 1464: Subtask extract_data
[2024-12-17T12:09:02.635+0000] {task_command.py:467} INFO - Running <TaskInstance: ecobalyse_dag.extract_data scheduled__2024-12-16T00:00:00+00:00 [running]> on host 8cc0e2e8fe41
[2024-12-17T12:09:02.701+0000] {taskinstance.py:3132} INFO - Exporting env vars: AIRFLOW_CTX_DAG_EMAIL='thiernosidybah232@gmail.com' AIRFLOW_CTX_DAG_OWNER='***' AIRFLOW_CTX_DAG_ID='ecobalyse_dag' AIRFLOW_CTX_TASK_ID='extract_data' AIRFLOW_CTX_EXECUTION_DATE='2024-12-16T00:00:00+00:00' AIRFLOW_CTX_TRY_NUMBER='3' AIRFLOW_CTX_DAG_RUN_ID='scheduled__2024-12-16T00:00:00+00:00'
[2024-12-17T12:09:02.702+0000] {logging_mixin.py:190} INFO - Task instance is in running state
[2024-12-17T12:09:02.702+0000] {logging_mixin.py:190} INFO -  Previous state of the Task instance: queued
[2024-12-17T12:09:02.702+0000] {logging_mixin.py:190} INFO - Current task name:extract_data state:running start_date:2024-12-17 12:09:02.569074+00:00
[2024-12-17T12:09:02.703+0000] {logging_mixin.py:190} INFO - Dag name:ecobalyse_dag and current dag run status:running
[2024-12-17T12:09:02.703+0000] {taskinstance.py:731} INFO - ::endgroup::
[2024-12-17T12:09:04.065+0000] {logging_mixin.py:190} INFO - Données combinées enregistrées dans ecobalyse_data.json
[2024-12-17T12:09:04.067+0000] {python.py:240} INFO - Done. Returned value was: None
[2024-12-17T12:09:04.075+0000] {taskinstance.py:340} INFO - ::group::Post task execution logs
[2024-12-17T12:09:04.076+0000] {taskinstance.py:352} INFO - Marking task as SUCCESS. dag_id=ecobalyse_dag, task_id=extract_data, run_id=scheduled__2024-12-16T00:00:00+00:00, execution_date=20241216T000000, start_date=20241217T120902, end_date=20241217T120904
[2024-12-17T12:09:04.086+0000] {logging_mixin.py:190} INFO - Task instance in success state
[2024-12-17T12:09:04.086+0000] {logging_mixin.py:190} INFO -  Previous state of the Task instance: running
[2024-12-17T12:09:04.086+0000] {logging_mixin.py:190} INFO - Dag name:ecobalyse_dag queued_at:2024-12-17 12:06:52.736439+00:00
[2024-12-17T12:09:04.086+0000] {logging_mixin.py:190} INFO - Task hostname:8cc0e2e8fe41 operator:PythonOperator
[2024-12-17T12:09:04.125+0000] {local_task_job_runner.py:266} INFO - Task exited with return code 0
[2024-12-17T12:09:04.160+0000] {taskinstance.py:3895} INFO - 1 downstream tasks scheduled from follow-on schedule check
[2024-12-17T12:09:04.162+0000] {local_task_job_runner.py:245} INFO - ::endgroup::
