[2025-02-07T08:00:24.156+0000] {processor.py:186} INFO - Started process (PID=73) to work on /home/airflow/.local/lib/python3.12/site-packages/airflow/example_dags/example_branch_labels.py
[2025-02-07T08:00:24.157+0000] {processor.py:914} INFO - Processing file /home/airflow/.local/lib/python3.12/site-packages/airflow/example_dags/example_branch_labels.py for tasks to queue
[2025-02-07T08:00:24.159+0000] {logging_mixin.py:190} INFO - [2025-02-07T08:00:24.158+0000] {dagbag.py:588} INFO - Filling up the DagBag from /home/airflow/.local/lib/python3.12/site-packages/airflow/example_dags/example_branch_labels.py
[2025-02-07T08:00:24.167+0000] {processor.py:925} INFO - DAG(s) 'example_branch_labels' retrieved from /home/airflow/.local/lib/python3.12/site-packages/airflow/example_dags/example_branch_labels.py
[2025-02-07T08:00:24.187+0000] {logging_mixin.py:190} INFO - [2025-02-07T08:00:24.187+0000] {dag.py:3239} INFO - Sync 1 DAGs
[2025-02-07T08:00:24.209+0000] {logging_mixin.py:190} INFO - [2025-02-07T08:00:24.209+0000] {dag.py:4180} INFO - Setting next_dagrun for example_branch_labels to 2025-02-06 00:00:00+00:00, run_after=2025-02-07 00:00:00+00:00
[2025-02-07T08:00:24.226+0000] {processor.py:208} INFO - Processing /home/airflow/.local/lib/python3.12/site-packages/airflow/example_dags/example_branch_labels.py took 0.074 seconds
[2025-02-07T08:00:55.090+0000] {processor.py:186} INFO - Started process (PID=158) to work on /home/airflow/.local/lib/python3.12/site-packages/airflow/example_dags/example_branch_labels.py
[2025-02-07T08:00:55.091+0000] {processor.py:914} INFO - Processing file /home/airflow/.local/lib/python3.12/site-packages/airflow/example_dags/example_branch_labels.py for tasks to queue
[2025-02-07T08:00:55.092+0000] {logging_mixin.py:190} INFO - [2025-02-07T08:00:55.092+0000] {dagbag.py:588} INFO - Filling up the DagBag from /home/airflow/.local/lib/python3.12/site-packages/airflow/example_dags/example_branch_labels.py
[2025-02-07T08:00:55.098+0000] {processor.py:925} INFO - DAG(s) 'example_branch_labels' retrieved from /home/airflow/.local/lib/python3.12/site-packages/airflow/example_dags/example_branch_labels.py
[2025-02-07T08:00:55.112+0000] {logging_mixin.py:190} INFO - [2025-02-07T08:00:55.112+0000] {dag.py:3239} INFO - Sync 1 DAGs
[2025-02-07T08:00:55.125+0000] {logging_mixin.py:190} INFO - [2025-02-07T08:00:55.125+0000] {dag.py:4180} INFO - Setting next_dagrun for example_branch_labels to 2025-02-06 00:00:00+00:00, run_after=2025-02-07 00:00:00+00:00
[2025-02-07T08:00:55.134+0000] {processor.py:208} INFO - Processing /home/airflow/.local/lib/python3.12/site-packages/airflow/example_dags/example_branch_labels.py took 0.047 seconds
[2025-02-07T08:01:25.787+0000] {processor.py:186} INFO - Started process (PID=242) to work on /home/airflow/.local/lib/python3.12/site-packages/airflow/example_dags/example_branch_labels.py
[2025-02-07T08:01:25.788+0000] {processor.py:914} INFO - Processing file /home/airflow/.local/lib/python3.12/site-packages/airflow/example_dags/example_branch_labels.py for tasks to queue
[2025-02-07T08:01:25.789+0000] {logging_mixin.py:190} INFO - [2025-02-07T08:01:25.789+0000] {dagbag.py:588} INFO - Filling up the DagBag from /home/airflow/.local/lib/python3.12/site-packages/airflow/example_dags/example_branch_labels.py
[2025-02-07T08:01:25.795+0000] {processor.py:925} INFO - DAG(s) 'example_branch_labels' retrieved from /home/airflow/.local/lib/python3.12/site-packages/airflow/example_dags/example_branch_labels.py
[2025-02-07T08:01:25.812+0000] {logging_mixin.py:190} INFO - [2025-02-07T08:01:25.812+0000] {dag.py:3239} INFO - Sync 1 DAGs
[2025-02-07T08:01:25.834+0000] {logging_mixin.py:190} INFO - [2025-02-07T08:01:25.833+0000] {dag.py:4180} INFO - Setting next_dagrun for example_branch_labels to 2025-02-06 00:00:00+00:00, run_after=2025-02-07 00:00:00+00:00
[2025-02-07T08:01:25.847+0000] {processor.py:208} INFO - Processing /home/airflow/.local/lib/python3.12/site-packages/airflow/example_dags/example_branch_labels.py took 0.065 seconds
[2025-02-07T08:01:56.574+0000] {processor.py:186} INFO - Started process (PID=327) to work on /home/airflow/.local/lib/python3.12/site-packages/airflow/example_dags/example_branch_labels.py
[2025-02-07T08:01:56.575+0000] {processor.py:914} INFO - Processing file /home/airflow/.local/lib/python3.12/site-packages/airflow/example_dags/example_branch_labels.py for tasks to queue
[2025-02-07T08:01:56.577+0000] {logging_mixin.py:190} INFO - [2025-02-07T08:01:56.576+0000] {dagbag.py:588} INFO - Filling up the DagBag from /home/airflow/.local/lib/python3.12/site-packages/airflow/example_dags/example_branch_labels.py
[2025-02-07T08:01:56.582+0000] {processor.py:925} INFO - DAG(s) 'example_branch_labels' retrieved from /home/airflow/.local/lib/python3.12/site-packages/airflow/example_dags/example_branch_labels.py
[2025-02-07T08:01:56.597+0000] {logging_mixin.py:190} INFO - [2025-02-07T08:01:56.597+0000] {dag.py:3239} INFO - Sync 1 DAGs
[2025-02-07T08:01:56.616+0000] {logging_mixin.py:190} INFO - [2025-02-07T08:01:56.615+0000] {dag.py:4180} INFO - Setting next_dagrun for example_branch_labels to 2025-02-06 00:00:00+00:00, run_after=2025-02-07 00:00:00+00:00
[2025-02-07T08:01:56.628+0000] {processor.py:208} INFO - Processing /home/airflow/.local/lib/python3.12/site-packages/airflow/example_dags/example_branch_labels.py took 0.059 seconds
[2025-02-07T08:02:27.570+0000] {processor.py:186} INFO - Started process (PID=418) to work on /home/airflow/.local/lib/python3.12/site-packages/airflow/example_dags/example_branch_labels.py
[2025-02-07T08:02:27.571+0000] {processor.py:914} INFO - Processing file /home/airflow/.local/lib/python3.12/site-packages/airflow/example_dags/example_branch_labels.py for tasks to queue
[2025-02-07T08:02:27.573+0000] {logging_mixin.py:190} INFO - [2025-02-07T08:02:27.572+0000] {dagbag.py:588} INFO - Filling up the DagBag from /home/airflow/.local/lib/python3.12/site-packages/airflow/example_dags/example_branch_labels.py
[2025-02-07T08:02:27.579+0000] {processor.py:925} INFO - DAG(s) 'example_branch_labels' retrieved from /home/airflow/.local/lib/python3.12/site-packages/airflow/example_dags/example_branch_labels.py
[2025-02-07T08:02:27.595+0000] {logging_mixin.py:190} INFO - [2025-02-07T08:02:27.594+0000] {dag.py:3239} INFO - Sync 1 DAGs
[2025-02-07T08:02:27.624+0000] {logging_mixin.py:190} INFO - [2025-02-07T08:02:27.623+0000] {dag.py:4180} INFO - Setting next_dagrun for example_branch_labels to 2025-02-06 00:00:00+00:00, run_after=2025-02-07 00:00:00+00:00
[2025-02-07T08:02:27.641+0000] {processor.py:208} INFO - Processing /home/airflow/.local/lib/python3.12/site-packages/airflow/example_dags/example_branch_labels.py took 0.075 seconds
[2025-02-07T08:02:57.988+0000] {processor.py:186} INFO - Started process (PID=503) to work on /home/airflow/.local/lib/python3.12/site-packages/airflow/example_dags/example_branch_labels.py
[2025-02-07T08:02:57.989+0000] {processor.py:914} INFO - Processing file /home/airflow/.local/lib/python3.12/site-packages/airflow/example_dags/example_branch_labels.py for tasks to queue
[2025-02-07T08:02:57.991+0000] {logging_mixin.py:190} INFO - [2025-02-07T08:02:57.991+0000] {dagbag.py:588} INFO - Filling up the DagBag from /home/airflow/.local/lib/python3.12/site-packages/airflow/example_dags/example_branch_labels.py
[2025-02-07T08:02:57.997+0000] {processor.py:925} INFO - DAG(s) 'example_branch_labels' retrieved from /home/airflow/.local/lib/python3.12/site-packages/airflow/example_dags/example_branch_labels.py
[2025-02-07T08:02:58.017+0000] {logging_mixin.py:190} INFO - [2025-02-07T08:02:58.017+0000] {dag.py:3239} INFO - Sync 1 DAGs
[2025-02-07T08:02:58.039+0000] {logging_mixin.py:190} INFO - [2025-02-07T08:02:58.039+0000] {dag.py:4180} INFO - Setting next_dagrun for example_branch_labels to 2025-02-06 00:00:00+00:00, run_after=2025-02-07 00:00:00+00:00
[2025-02-07T08:02:58.053+0000] {processor.py:208} INFO - Processing /home/airflow/.local/lib/python3.12/site-packages/airflow/example_dags/example_branch_labels.py took 0.071 seconds
[2025-02-07T08:03:28.288+0000] {processor.py:186} INFO - Started process (PID=588) to work on /home/airflow/.local/lib/python3.12/site-packages/airflow/example_dags/example_branch_labels.py
[2025-02-07T08:03:28.289+0000] {processor.py:914} INFO - Processing file /home/airflow/.local/lib/python3.12/site-packages/airflow/example_dags/example_branch_labels.py for tasks to queue
[2025-02-07T08:03:28.291+0000] {logging_mixin.py:190} INFO - [2025-02-07T08:03:28.291+0000] {dagbag.py:588} INFO - Filling up the DagBag from /home/airflow/.local/lib/python3.12/site-packages/airflow/example_dags/example_branch_labels.py
[2025-02-07T08:03:28.299+0000] {processor.py:925} INFO - DAG(s) 'example_branch_labels' retrieved from /home/airflow/.local/lib/python3.12/site-packages/airflow/example_dags/example_branch_labels.py
[2025-02-07T08:03:28.321+0000] {logging_mixin.py:190} INFO - [2025-02-07T08:03:28.320+0000] {dag.py:3239} INFO - Sync 1 DAGs
[2025-02-07T08:03:28.341+0000] {logging_mixin.py:190} INFO - [2025-02-07T08:03:28.341+0000] {dag.py:4180} INFO - Setting next_dagrun for example_branch_labels to 2025-02-06 00:00:00+00:00, run_after=2025-02-07 00:00:00+00:00
[2025-02-07T08:03:28.355+0000] {processor.py:208} INFO - Processing /home/airflow/.local/lib/python3.12/site-packages/airflow/example_dags/example_branch_labels.py took 0.074 seconds
[2025-02-07T08:03:59.270+0000] {processor.py:186} INFO - Started process (PID=673) to work on /home/airflow/.local/lib/python3.12/site-packages/airflow/example_dags/example_branch_labels.py
[2025-02-07T08:03:59.270+0000] {processor.py:914} INFO - Processing file /home/airflow/.local/lib/python3.12/site-packages/airflow/example_dags/example_branch_labels.py for tasks to queue
[2025-02-07T08:03:59.272+0000] {logging_mixin.py:190} INFO - [2025-02-07T08:03:59.271+0000] {dagbag.py:588} INFO - Filling up the DagBag from /home/airflow/.local/lib/python3.12/site-packages/airflow/example_dags/example_branch_labels.py
[2025-02-07T08:03:59.278+0000] {processor.py:925} INFO - DAG(s) 'example_branch_labels' retrieved from /home/airflow/.local/lib/python3.12/site-packages/airflow/example_dags/example_branch_labels.py
[2025-02-07T08:03:59.300+0000] {logging_mixin.py:190} INFO - [2025-02-07T08:03:59.300+0000] {dag.py:3239} INFO - Sync 1 DAGs
[2025-02-07T08:03:59.314+0000] {logging_mixin.py:190} INFO - [2025-02-07T08:03:59.314+0000] {dag.py:4180} INFO - Setting next_dagrun for example_branch_labels to 2025-02-06 00:00:00+00:00, run_after=2025-02-07 00:00:00+00:00
[2025-02-07T08:03:59.325+0000] {processor.py:208} INFO - Processing /home/airflow/.local/lib/python3.12/site-packages/airflow/example_dags/example_branch_labels.py took 0.060 seconds
[2025-02-07T08:04:29.362+0000] {processor.py:186} INFO - Started process (PID=757) to work on /home/airflow/.local/lib/python3.12/site-packages/airflow/example_dags/example_branch_labels.py
[2025-02-07T08:04:29.364+0000] {processor.py:914} INFO - Processing file /home/airflow/.local/lib/python3.12/site-packages/airflow/example_dags/example_branch_labels.py for tasks to queue
[2025-02-07T08:04:29.366+0000] {logging_mixin.py:190} INFO - [2025-02-07T08:04:29.365+0000] {dagbag.py:588} INFO - Filling up the DagBag from /home/airflow/.local/lib/python3.12/site-packages/airflow/example_dags/example_branch_labels.py
[2025-02-07T08:04:29.379+0000] {processor.py:925} INFO - DAG(s) 'example_branch_labels' retrieved from /home/airflow/.local/lib/python3.12/site-packages/airflow/example_dags/example_branch_labels.py
[2025-02-07T08:04:29.398+0000] {logging_mixin.py:190} INFO - [2025-02-07T08:04:29.398+0000] {dag.py:3239} INFO - Sync 1 DAGs
[2025-02-07T08:04:29.412+0000] {logging_mixin.py:190} INFO - [2025-02-07T08:04:29.412+0000] {dag.py:4180} INFO - Setting next_dagrun for example_branch_labels to 2025-02-06 00:00:00+00:00, run_after=2025-02-07 00:00:00+00:00
[2025-02-07T08:04:29.426+0000] {processor.py:208} INFO - Processing /home/airflow/.local/lib/python3.12/site-packages/airflow/example_dags/example_branch_labels.py took 0.069 seconds
[2025-02-07T08:04:59.598+0000] {processor.py:186} INFO - Started process (PID=842) to work on /home/airflow/.local/lib/python3.12/site-packages/airflow/example_dags/example_branch_labels.py
[2025-02-07T08:04:59.599+0000] {processor.py:914} INFO - Processing file /home/airflow/.local/lib/python3.12/site-packages/airflow/example_dags/example_branch_labels.py for tasks to queue
[2025-02-07T08:04:59.602+0000] {logging_mixin.py:190} INFO - [2025-02-07T08:04:59.602+0000] {dagbag.py:588} INFO - Filling up the DagBag from /home/airflow/.local/lib/python3.12/site-packages/airflow/example_dags/example_branch_labels.py
[2025-02-07T08:04:59.610+0000] {processor.py:925} INFO - DAG(s) 'example_branch_labels' retrieved from /home/airflow/.local/lib/python3.12/site-packages/airflow/example_dags/example_branch_labels.py
[2025-02-07T08:04:59.635+0000] {logging_mixin.py:190} INFO - [2025-02-07T08:04:59.635+0000] {dag.py:3239} INFO - Sync 1 DAGs
[2025-02-07T08:04:59.651+0000] {logging_mixin.py:190} INFO - [2025-02-07T08:04:59.651+0000] {dag.py:4180} INFO - Setting next_dagrun for example_branch_labels to 2025-02-06 00:00:00+00:00, run_after=2025-02-07 00:00:00+00:00
[2025-02-07T08:04:59.661+0000] {processor.py:208} INFO - Processing /home/airflow/.local/lib/python3.12/site-packages/airflow/example_dags/example_branch_labels.py took 0.071 seconds
[2025-02-07T08:05:29.969+0000] {processor.py:186} INFO - Started process (PID=928) to work on /home/airflow/.local/lib/python3.12/site-packages/airflow/example_dags/example_branch_labels.py
[2025-02-07T08:05:29.970+0000] {processor.py:914} INFO - Processing file /home/airflow/.local/lib/python3.12/site-packages/airflow/example_dags/example_branch_labels.py for tasks to queue
[2025-02-07T08:05:29.972+0000] {logging_mixin.py:190} INFO - [2025-02-07T08:05:29.972+0000] {dagbag.py:588} INFO - Filling up the DagBag from /home/airflow/.local/lib/python3.12/site-packages/airflow/example_dags/example_branch_labels.py
[2025-02-07T08:05:29.980+0000] {processor.py:925} INFO - DAG(s) 'example_branch_labels' retrieved from /home/airflow/.local/lib/python3.12/site-packages/airflow/example_dags/example_branch_labels.py
[2025-02-07T08:05:29.991+0000] {logging_mixin.py:190} INFO - [2025-02-07T08:05:29.991+0000] {dag.py:3239} INFO - Sync 1 DAGs
[2025-02-07T08:05:30.005+0000] {logging_mixin.py:190} INFO - [2025-02-07T08:05:30.004+0000] {dag.py:4180} INFO - Setting next_dagrun for example_branch_labels to 2025-02-06 00:00:00+00:00, run_after=2025-02-07 00:00:00+00:00
[2025-02-07T08:05:30.014+0000] {processor.py:208} INFO - Processing /home/airflow/.local/lib/python3.12/site-packages/airflow/example_dags/example_branch_labels.py took 0.049 seconds
[2025-02-07T08:06:00.583+0000] {processor.py:186} INFO - Started process (PID=1013) to work on /home/airflow/.local/lib/python3.12/site-packages/airflow/example_dags/example_branch_labels.py
[2025-02-07T08:06:00.583+0000] {processor.py:914} INFO - Processing file /home/airflow/.local/lib/python3.12/site-packages/airflow/example_dags/example_branch_labels.py for tasks to queue
[2025-02-07T08:06:00.585+0000] {logging_mixin.py:190} INFO - [2025-02-07T08:06:00.584+0000] {dagbag.py:588} INFO - Filling up the DagBag from /home/airflow/.local/lib/python3.12/site-packages/airflow/example_dags/example_branch_labels.py
[2025-02-07T08:06:00.591+0000] {processor.py:925} INFO - DAG(s) 'example_branch_labels' retrieved from /home/airflow/.local/lib/python3.12/site-packages/airflow/example_dags/example_branch_labels.py
[2025-02-07T08:06:00.607+0000] {logging_mixin.py:190} INFO - [2025-02-07T08:06:00.607+0000] {dag.py:3239} INFO - Sync 1 DAGs
[2025-02-07T08:06:00.630+0000] {logging_mixin.py:190} INFO - [2025-02-07T08:06:00.630+0000] {dag.py:4180} INFO - Setting next_dagrun for example_branch_labels to 2025-02-06 00:00:00+00:00, run_after=2025-02-07 00:00:00+00:00
[2025-02-07T08:06:00.650+0000] {processor.py:208} INFO - Processing /home/airflow/.local/lib/python3.12/site-packages/airflow/example_dags/example_branch_labels.py took 0.071 seconds
[2025-02-07T08:06:31.439+0000] {processor.py:186} INFO - Started process (PID=1098) to work on /home/airflow/.local/lib/python3.12/site-packages/airflow/example_dags/example_branch_labels.py
[2025-02-07T08:06:31.440+0000] {processor.py:914} INFO - Processing file /home/airflow/.local/lib/python3.12/site-packages/airflow/example_dags/example_branch_labels.py for tasks to queue
[2025-02-07T08:06:31.441+0000] {logging_mixin.py:190} INFO - [2025-02-07T08:06:31.441+0000] {dagbag.py:588} INFO - Filling up the DagBag from /home/airflow/.local/lib/python3.12/site-packages/airflow/example_dags/example_branch_labels.py
[2025-02-07T08:06:31.448+0000] {processor.py:925} INFO - DAG(s) 'example_branch_labels' retrieved from /home/airflow/.local/lib/python3.12/site-packages/airflow/example_dags/example_branch_labels.py
[2025-02-07T08:06:31.465+0000] {logging_mixin.py:190} INFO - [2025-02-07T08:06:31.465+0000] {dag.py:3239} INFO - Sync 1 DAGs
[2025-02-07T08:06:31.485+0000] {logging_mixin.py:190} INFO - [2025-02-07T08:06:31.485+0000] {dag.py:4180} INFO - Setting next_dagrun for example_branch_labels to 2025-02-06 00:00:00+00:00, run_after=2025-02-07 00:00:00+00:00
[2025-02-07T08:06:31.496+0000] {processor.py:208} INFO - Processing /home/airflow/.local/lib/python3.12/site-packages/airflow/example_dags/example_branch_labels.py took 0.062 seconds
[2025-02-07T08:07:02.523+0000] {processor.py:186} INFO - Started process (PID=1183) to work on /home/airflow/.local/lib/python3.12/site-packages/airflow/example_dags/example_branch_labels.py
[2025-02-07T08:07:02.524+0000] {processor.py:914} INFO - Processing file /home/airflow/.local/lib/python3.12/site-packages/airflow/example_dags/example_branch_labels.py for tasks to queue
[2025-02-07T08:07:02.526+0000] {logging_mixin.py:190} INFO - [2025-02-07T08:07:02.525+0000] {dagbag.py:588} INFO - Filling up the DagBag from /home/airflow/.local/lib/python3.12/site-packages/airflow/example_dags/example_branch_labels.py
[2025-02-07T08:07:02.533+0000] {processor.py:925} INFO - DAG(s) 'example_branch_labels' retrieved from /home/airflow/.local/lib/python3.12/site-packages/airflow/example_dags/example_branch_labels.py
[2025-02-07T08:07:02.552+0000] {logging_mixin.py:190} INFO - [2025-02-07T08:07:02.552+0000] {dag.py:3239} INFO - Sync 1 DAGs
[2025-02-07T08:07:02.565+0000] {logging_mixin.py:190} INFO - [2025-02-07T08:07:02.565+0000] {dag.py:4180} INFO - Setting next_dagrun for example_branch_labels to 2025-02-06 00:00:00+00:00, run_after=2025-02-07 00:00:00+00:00
[2025-02-07T08:07:02.575+0000] {processor.py:208} INFO - Processing /home/airflow/.local/lib/python3.12/site-packages/airflow/example_dags/example_branch_labels.py took 0.056 seconds
[2025-02-07T08:07:33.495+0000] {processor.py:186} INFO - Started process (PID=1268) to work on /home/airflow/.local/lib/python3.12/site-packages/airflow/example_dags/example_branch_labels.py
[2025-02-07T08:07:33.497+0000] {processor.py:914} INFO - Processing file /home/airflow/.local/lib/python3.12/site-packages/airflow/example_dags/example_branch_labels.py for tasks to queue
[2025-02-07T08:07:33.498+0000] {logging_mixin.py:190} INFO - [2025-02-07T08:07:33.498+0000] {dagbag.py:588} INFO - Filling up the DagBag from /home/airflow/.local/lib/python3.12/site-packages/airflow/example_dags/example_branch_labels.py
[2025-02-07T08:07:33.504+0000] {processor.py:925} INFO - DAG(s) 'example_branch_labels' retrieved from /home/airflow/.local/lib/python3.12/site-packages/airflow/example_dags/example_branch_labels.py
[2025-02-07T08:07:33.516+0000] {logging_mixin.py:190} INFO - [2025-02-07T08:07:33.516+0000] {dag.py:3239} INFO - Sync 1 DAGs
[2025-02-07T08:07:33.534+0000] {logging_mixin.py:190} INFO - [2025-02-07T08:07:33.534+0000] {dag.py:4180} INFO - Setting next_dagrun for example_branch_labels to 2025-02-06 00:00:00+00:00, run_after=2025-02-07 00:00:00+00:00
[2025-02-07T08:07:33.543+0000] {processor.py:208} INFO - Processing /home/airflow/.local/lib/python3.12/site-packages/airflow/example_dags/example_branch_labels.py took 0.053 seconds
[2025-02-07T08:08:04.017+0000] {processor.py:186} INFO - Started process (PID=1353) to work on /home/airflow/.local/lib/python3.12/site-packages/airflow/example_dags/example_branch_labels.py
[2025-02-07T08:08:04.018+0000] {processor.py:914} INFO - Processing file /home/airflow/.local/lib/python3.12/site-packages/airflow/example_dags/example_branch_labels.py for tasks to queue
[2025-02-07T08:08:04.019+0000] {logging_mixin.py:190} INFO - [2025-02-07T08:08:04.019+0000] {dagbag.py:588} INFO - Filling up the DagBag from /home/airflow/.local/lib/python3.12/site-packages/airflow/example_dags/example_branch_labels.py
[2025-02-07T08:08:04.024+0000] {processor.py:925} INFO - DAG(s) 'example_branch_labels' retrieved from /home/airflow/.local/lib/python3.12/site-packages/airflow/example_dags/example_branch_labels.py
[2025-02-07T08:08:04.040+0000] {logging_mixin.py:190} INFO - [2025-02-07T08:08:04.040+0000] {dag.py:3239} INFO - Sync 1 DAGs
[2025-02-07T08:08:04.056+0000] {logging_mixin.py:190} INFO - [2025-02-07T08:08:04.056+0000] {dag.py:4180} INFO - Setting next_dagrun for example_branch_labels to 2025-02-06 00:00:00+00:00, run_after=2025-02-07 00:00:00+00:00
[2025-02-07T08:08:04.069+0000] {processor.py:208} INFO - Processing /home/airflow/.local/lib/python3.12/site-packages/airflow/example_dags/example_branch_labels.py took 0.057 seconds
[2025-02-07T08:08:34.636+0000] {processor.py:186} INFO - Started process (PID=1438) to work on /home/airflow/.local/lib/python3.12/site-packages/airflow/example_dags/example_branch_labels.py
[2025-02-07T08:08:34.637+0000] {processor.py:914} INFO - Processing file /home/airflow/.local/lib/python3.12/site-packages/airflow/example_dags/example_branch_labels.py for tasks to queue
[2025-02-07T08:08:34.638+0000] {logging_mixin.py:190} INFO - [2025-02-07T08:08:34.638+0000] {dagbag.py:588} INFO - Filling up the DagBag from /home/airflow/.local/lib/python3.12/site-packages/airflow/example_dags/example_branch_labels.py
[2025-02-07T08:08:34.644+0000] {processor.py:925} INFO - DAG(s) 'example_branch_labels' retrieved from /home/airflow/.local/lib/python3.12/site-packages/airflow/example_dags/example_branch_labels.py
[2025-02-07T08:08:34.659+0000] {logging_mixin.py:190} INFO - [2025-02-07T08:08:34.659+0000] {dag.py:3239} INFO - Sync 1 DAGs
[2025-02-07T08:08:34.673+0000] {logging_mixin.py:190} INFO - [2025-02-07T08:08:34.673+0000] {dag.py:4180} INFO - Setting next_dagrun for example_branch_labels to 2025-02-06 00:00:00+00:00, run_after=2025-02-07 00:00:00+00:00
[2025-02-07T08:08:34.682+0000] {processor.py:208} INFO - Processing /home/airflow/.local/lib/python3.12/site-packages/airflow/example_dags/example_branch_labels.py took 0.050 seconds
[2025-02-07T08:09:04.897+0000] {processor.py:186} INFO - Started process (PID=1523) to work on /home/airflow/.local/lib/python3.12/site-packages/airflow/example_dags/example_branch_labels.py
[2025-02-07T08:09:04.898+0000] {processor.py:914} INFO - Processing file /home/airflow/.local/lib/python3.12/site-packages/airflow/example_dags/example_branch_labels.py for tasks to queue
[2025-02-07T08:09:04.899+0000] {logging_mixin.py:190} INFO - [2025-02-07T08:09:04.899+0000] {dagbag.py:588} INFO - Filling up the DagBag from /home/airflow/.local/lib/python3.12/site-packages/airflow/example_dags/example_branch_labels.py
[2025-02-07T08:09:04.905+0000] {processor.py:925} INFO - DAG(s) 'example_branch_labels' retrieved from /home/airflow/.local/lib/python3.12/site-packages/airflow/example_dags/example_branch_labels.py
[2025-02-07T08:09:04.916+0000] {logging_mixin.py:190} INFO - [2025-02-07T08:09:04.916+0000] {dag.py:3239} INFO - Sync 1 DAGs
[2025-02-07T08:09:04.930+0000] {logging_mixin.py:190} INFO - [2025-02-07T08:09:04.930+0000] {dag.py:4180} INFO - Setting next_dagrun for example_branch_labels to 2025-02-06 00:00:00+00:00, run_after=2025-02-07 00:00:00+00:00
[2025-02-07T08:09:04.939+0000] {processor.py:208} INFO - Processing /home/airflow/.local/lib/python3.12/site-packages/airflow/example_dags/example_branch_labels.py took 0.047 seconds
[2025-02-07T08:09:35.724+0000] {processor.py:186} INFO - Started process (PID=1608) to work on /home/airflow/.local/lib/python3.12/site-packages/airflow/example_dags/example_branch_labels.py
[2025-02-07T08:09:35.725+0000] {processor.py:914} INFO - Processing file /home/airflow/.local/lib/python3.12/site-packages/airflow/example_dags/example_branch_labels.py for tasks to queue
[2025-02-07T08:09:35.727+0000] {logging_mixin.py:190} INFO - [2025-02-07T08:09:35.726+0000] {dagbag.py:588} INFO - Filling up the DagBag from /home/airflow/.local/lib/python3.12/site-packages/airflow/example_dags/example_branch_labels.py
[2025-02-07T08:09:35.732+0000] {processor.py:925} INFO - DAG(s) 'example_branch_labels' retrieved from /home/airflow/.local/lib/python3.12/site-packages/airflow/example_dags/example_branch_labels.py
[2025-02-07T08:09:35.747+0000] {logging_mixin.py:190} INFO - [2025-02-07T08:09:35.747+0000] {dag.py:3239} INFO - Sync 1 DAGs
[2025-02-07T08:09:35.760+0000] {logging_mixin.py:190} INFO - [2025-02-07T08:09:35.760+0000] {dag.py:4180} INFO - Setting next_dagrun for example_branch_labels to 2025-02-06 00:00:00+00:00, run_after=2025-02-07 00:00:00+00:00
[2025-02-07T08:09:35.768+0000] {processor.py:208} INFO - Processing /home/airflow/.local/lib/python3.12/site-packages/airflow/example_dags/example_branch_labels.py took 0.050 seconds
[2025-02-07T08:10:06.777+0000] {processor.py:186} INFO - Started process (PID=1693) to work on /home/airflow/.local/lib/python3.12/site-packages/airflow/example_dags/example_branch_labels.py
[2025-02-07T08:10:06.779+0000] {processor.py:914} INFO - Processing file /home/airflow/.local/lib/python3.12/site-packages/airflow/example_dags/example_branch_labels.py for tasks to queue
[2025-02-07T08:10:06.781+0000] {logging_mixin.py:190} INFO - [2025-02-07T08:10:06.781+0000] {dagbag.py:588} INFO - Filling up the DagBag from /home/airflow/.local/lib/python3.12/site-packages/airflow/example_dags/example_branch_labels.py
[2025-02-07T08:10:06.790+0000] {processor.py:925} INFO - DAG(s) 'example_branch_labels' retrieved from /home/airflow/.local/lib/python3.12/site-packages/airflow/example_dags/example_branch_labels.py
[2025-02-07T08:10:06.806+0000] {logging_mixin.py:190} INFO - [2025-02-07T08:10:06.805+0000] {dag.py:3239} INFO - Sync 1 DAGs
[2025-02-07T08:10:06.821+0000] {logging_mixin.py:190} INFO - [2025-02-07T08:10:06.821+0000] {dag.py:4180} INFO - Setting next_dagrun for example_branch_labels to 2025-02-06 00:00:00+00:00, run_after=2025-02-07 00:00:00+00:00
[2025-02-07T08:10:06.830+0000] {processor.py:208} INFO - Processing /home/airflow/.local/lib/python3.12/site-packages/airflow/example_dags/example_branch_labels.py took 0.061 seconds
[2025-02-07T08:10:37.497+0000] {processor.py:186} INFO - Started process (PID=1778) to work on /home/airflow/.local/lib/python3.12/site-packages/airflow/example_dags/example_branch_labels.py
[2025-02-07T08:10:37.498+0000] {processor.py:914} INFO - Processing file /home/airflow/.local/lib/python3.12/site-packages/airflow/example_dags/example_branch_labels.py for tasks to queue
[2025-02-07T08:10:37.499+0000] {logging_mixin.py:190} INFO - [2025-02-07T08:10:37.499+0000] {dagbag.py:588} INFO - Filling up the DagBag from /home/airflow/.local/lib/python3.12/site-packages/airflow/example_dags/example_branch_labels.py
[2025-02-07T08:10:37.505+0000] {processor.py:925} INFO - DAG(s) 'example_branch_labels' retrieved from /home/airflow/.local/lib/python3.12/site-packages/airflow/example_dags/example_branch_labels.py
[2025-02-07T08:10:37.522+0000] {logging_mixin.py:190} INFO - [2025-02-07T08:10:37.522+0000] {dag.py:3239} INFO - Sync 1 DAGs
[2025-02-07T08:10:37.540+0000] {logging_mixin.py:190} INFO - [2025-02-07T08:10:37.540+0000] {dag.py:4180} INFO - Setting next_dagrun for example_branch_labels to 2025-02-06 00:00:00+00:00, run_after=2025-02-07 00:00:00+00:00
[2025-02-07T08:10:37.559+0000] {processor.py:208} INFO - Processing /home/airflow/.local/lib/python3.12/site-packages/airflow/example_dags/example_branch_labels.py took 0.067 seconds
[2025-02-07T08:11:08.001+0000] {processor.py:186} INFO - Started process (PID=1863) to work on /home/airflow/.local/lib/python3.12/site-packages/airflow/example_dags/example_branch_labels.py
[2025-02-07T08:11:08.002+0000] {processor.py:914} INFO - Processing file /home/airflow/.local/lib/python3.12/site-packages/airflow/example_dags/example_branch_labels.py for tasks to queue
[2025-02-07T08:11:08.003+0000] {logging_mixin.py:190} INFO - [2025-02-07T08:11:08.003+0000] {dagbag.py:588} INFO - Filling up the DagBag from /home/airflow/.local/lib/python3.12/site-packages/airflow/example_dags/example_branch_labels.py
[2025-02-07T08:11:08.008+0000] {processor.py:925} INFO - DAG(s) 'example_branch_labels' retrieved from /home/airflow/.local/lib/python3.12/site-packages/airflow/example_dags/example_branch_labels.py
[2025-02-07T08:11:08.023+0000] {logging_mixin.py:190} INFO - [2025-02-07T08:11:08.023+0000] {dag.py:3239} INFO - Sync 1 DAGs
[2025-02-07T08:11:08.036+0000] {logging_mixin.py:190} INFO - [2025-02-07T08:11:08.036+0000] {dag.py:4180} INFO - Setting next_dagrun for example_branch_labels to 2025-02-06 00:00:00+00:00, run_after=2025-02-07 00:00:00+00:00
[2025-02-07T08:11:08.045+0000] {processor.py:208} INFO - Processing /home/airflow/.local/lib/python3.12/site-packages/airflow/example_dags/example_branch_labels.py took 0.047 seconds
[2025-02-07T08:11:38.814+0000] {processor.py:186} INFO - Started process (PID=1948) to work on /home/airflow/.local/lib/python3.12/site-packages/airflow/example_dags/example_branch_labels.py
[2025-02-07T08:11:38.814+0000] {processor.py:914} INFO - Processing file /home/airflow/.local/lib/python3.12/site-packages/airflow/example_dags/example_branch_labels.py for tasks to queue
[2025-02-07T08:11:38.816+0000] {logging_mixin.py:190} INFO - [2025-02-07T08:11:38.815+0000] {dagbag.py:588} INFO - Filling up the DagBag from /home/airflow/.local/lib/python3.12/site-packages/airflow/example_dags/example_branch_labels.py
[2025-02-07T08:11:38.822+0000] {processor.py:925} INFO - DAG(s) 'example_branch_labels' retrieved from /home/airflow/.local/lib/python3.12/site-packages/airflow/example_dags/example_branch_labels.py
[2025-02-07T08:11:38.836+0000] {logging_mixin.py:190} INFO - [2025-02-07T08:11:38.836+0000] {dag.py:3239} INFO - Sync 1 DAGs
[2025-02-07T08:11:38.852+0000] {logging_mixin.py:190} INFO - [2025-02-07T08:11:38.851+0000] {dag.py:4180} INFO - Setting next_dagrun for example_branch_labels to 2025-02-06 00:00:00+00:00, run_after=2025-02-07 00:00:00+00:00
[2025-02-07T08:11:38.865+0000] {processor.py:208} INFO - Processing /home/airflow/.local/lib/python3.12/site-packages/airflow/example_dags/example_branch_labels.py took 0.055 seconds
[2025-02-07T08:12:09.171+0000] {processor.py:186} INFO - Started process (PID=2033) to work on /home/airflow/.local/lib/python3.12/site-packages/airflow/example_dags/example_branch_labels.py
[2025-02-07T08:12:09.172+0000] {processor.py:914} INFO - Processing file /home/airflow/.local/lib/python3.12/site-packages/airflow/example_dags/example_branch_labels.py for tasks to queue
[2025-02-07T08:12:09.173+0000] {logging_mixin.py:190} INFO - [2025-02-07T08:12:09.173+0000] {dagbag.py:588} INFO - Filling up the DagBag from /home/airflow/.local/lib/python3.12/site-packages/airflow/example_dags/example_branch_labels.py
[2025-02-07T08:12:09.178+0000] {processor.py:925} INFO - DAG(s) 'example_branch_labels' retrieved from /home/airflow/.local/lib/python3.12/site-packages/airflow/example_dags/example_branch_labels.py
[2025-02-07T08:12:09.190+0000] {logging_mixin.py:190} INFO - [2025-02-07T08:12:09.190+0000] {dag.py:3239} INFO - Sync 1 DAGs
[2025-02-07T08:12:09.204+0000] {logging_mixin.py:190} INFO - [2025-02-07T08:12:09.204+0000] {dag.py:4180} INFO - Setting next_dagrun for example_branch_labels to 2025-02-06 00:00:00+00:00, run_after=2025-02-07 00:00:00+00:00
[2025-02-07T08:12:09.214+0000] {processor.py:208} INFO - Processing /home/airflow/.local/lib/python3.12/site-packages/airflow/example_dags/example_branch_labels.py took 0.046 seconds
[2025-02-07T08:12:39.476+0000] {processor.py:186} INFO - Started process (PID=2118) to work on /home/airflow/.local/lib/python3.12/site-packages/airflow/example_dags/example_branch_labels.py
[2025-02-07T08:12:39.477+0000] {processor.py:914} INFO - Processing file /home/airflow/.local/lib/python3.12/site-packages/airflow/example_dags/example_branch_labels.py for tasks to queue
[2025-02-07T08:12:39.479+0000] {logging_mixin.py:190} INFO - [2025-02-07T08:12:39.479+0000] {dagbag.py:588} INFO - Filling up the DagBag from /home/airflow/.local/lib/python3.12/site-packages/airflow/example_dags/example_branch_labels.py
[2025-02-07T08:12:39.486+0000] {processor.py:925} INFO - DAG(s) 'example_branch_labels' retrieved from /home/airflow/.local/lib/python3.12/site-packages/airflow/example_dags/example_branch_labels.py
[2025-02-07T08:12:39.506+0000] {logging_mixin.py:190} INFO - [2025-02-07T08:12:39.506+0000] {dag.py:3239} INFO - Sync 1 DAGs
[2025-02-07T08:12:39.525+0000] {logging_mixin.py:190} INFO - [2025-02-07T08:12:39.525+0000] {dag.py:4180} INFO - Setting next_dagrun for example_branch_labels to 2025-02-06 00:00:00+00:00, run_after=2025-02-07 00:00:00+00:00
[2025-02-07T08:12:39.542+0000] {processor.py:208} INFO - Processing /home/airflow/.local/lib/python3.12/site-packages/airflow/example_dags/example_branch_labels.py took 0.070 seconds
[2025-02-07T08:13:09.679+0000] {processor.py:186} INFO - Started process (PID=2203) to work on /home/airflow/.local/lib/python3.12/site-packages/airflow/example_dags/example_branch_labels.py
[2025-02-07T08:13:09.681+0000] {processor.py:914} INFO - Processing file /home/airflow/.local/lib/python3.12/site-packages/airflow/example_dags/example_branch_labels.py for tasks to queue
[2025-02-07T08:13:09.682+0000] {logging_mixin.py:190} INFO - [2025-02-07T08:13:09.682+0000] {dagbag.py:588} INFO - Filling up the DagBag from /home/airflow/.local/lib/python3.12/site-packages/airflow/example_dags/example_branch_labels.py
[2025-02-07T08:13:09.688+0000] {processor.py:925} INFO - DAG(s) 'example_branch_labels' retrieved from /home/airflow/.local/lib/python3.12/site-packages/airflow/example_dags/example_branch_labels.py
[2025-02-07T08:13:09.704+0000] {logging_mixin.py:190} INFO - [2025-02-07T08:13:09.704+0000] {dag.py:3239} INFO - Sync 1 DAGs
[2025-02-07T08:13:09.729+0000] {logging_mixin.py:190} INFO - [2025-02-07T08:13:09.729+0000] {dag.py:4180} INFO - Setting next_dagrun for example_branch_labels to 2025-02-06 00:00:00+00:00, run_after=2025-02-07 00:00:00+00:00
[2025-02-07T08:13:09.744+0000] {processor.py:208} INFO - Processing /home/airflow/.local/lib/python3.12/site-packages/airflow/example_dags/example_branch_labels.py took 0.069 seconds
[2025-02-07T08:13:39.930+0000] {processor.py:186} INFO - Started process (PID=2288) to work on /home/airflow/.local/lib/python3.12/site-packages/airflow/example_dags/example_branch_labels.py
[2025-02-07T08:13:39.931+0000] {processor.py:914} INFO - Processing file /home/airflow/.local/lib/python3.12/site-packages/airflow/example_dags/example_branch_labels.py for tasks to queue
[2025-02-07T08:13:39.932+0000] {logging_mixin.py:190} INFO - [2025-02-07T08:13:39.932+0000] {dagbag.py:588} INFO - Filling up the DagBag from /home/airflow/.local/lib/python3.12/site-packages/airflow/example_dags/example_branch_labels.py
[2025-02-07T08:13:39.937+0000] {processor.py:925} INFO - DAG(s) 'example_branch_labels' retrieved from /home/airflow/.local/lib/python3.12/site-packages/airflow/example_dags/example_branch_labels.py
[2025-02-07T08:13:39.954+0000] {logging_mixin.py:190} INFO - [2025-02-07T08:13:39.954+0000] {dag.py:3239} INFO - Sync 1 DAGs
[2025-02-07T08:13:39.969+0000] {logging_mixin.py:190} INFO - [2025-02-07T08:13:39.969+0000] {dag.py:4180} INFO - Setting next_dagrun for example_branch_labels to 2025-02-06 00:00:00+00:00, run_after=2025-02-07 00:00:00+00:00
[2025-02-07T08:13:39.980+0000] {processor.py:208} INFO - Processing /home/airflow/.local/lib/python3.12/site-packages/airflow/example_dags/example_branch_labels.py took 0.055 seconds
[2025-02-07T08:14:10.906+0000] {processor.py:186} INFO - Started process (PID=2373) to work on /home/airflow/.local/lib/python3.12/site-packages/airflow/example_dags/example_branch_labels.py
[2025-02-07T08:14:10.906+0000] {processor.py:914} INFO - Processing file /home/airflow/.local/lib/python3.12/site-packages/airflow/example_dags/example_branch_labels.py for tasks to queue
[2025-02-07T08:14:10.908+0000] {logging_mixin.py:190} INFO - [2025-02-07T08:14:10.908+0000] {dagbag.py:588} INFO - Filling up the DagBag from /home/airflow/.local/lib/python3.12/site-packages/airflow/example_dags/example_branch_labels.py
[2025-02-07T08:14:10.914+0000] {processor.py:925} INFO - DAG(s) 'example_branch_labels' retrieved from /home/airflow/.local/lib/python3.12/site-packages/airflow/example_dags/example_branch_labels.py
[2025-02-07T08:14:10.925+0000] {logging_mixin.py:190} INFO - [2025-02-07T08:14:10.925+0000] {dag.py:3239} INFO - Sync 1 DAGs
[2025-02-07T08:14:10.939+0000] {logging_mixin.py:190} INFO - [2025-02-07T08:14:10.939+0000] {dag.py:4180} INFO - Setting next_dagrun for example_branch_labels to 2025-02-06 00:00:00+00:00, run_after=2025-02-07 00:00:00+00:00
[2025-02-07T08:14:10.948+0000] {processor.py:208} INFO - Processing /home/airflow/.local/lib/python3.12/site-packages/airflow/example_dags/example_branch_labels.py took 0.048 seconds
[2025-02-07T08:14:41.190+0000] {processor.py:186} INFO - Started process (PID=2458) to work on /home/airflow/.local/lib/python3.12/site-packages/airflow/example_dags/example_branch_labels.py
[2025-02-07T08:14:41.190+0000] {processor.py:914} INFO - Processing file /home/airflow/.local/lib/python3.12/site-packages/airflow/example_dags/example_branch_labels.py for tasks to queue
[2025-02-07T08:14:41.192+0000] {logging_mixin.py:190} INFO - [2025-02-07T08:14:41.191+0000] {dagbag.py:588} INFO - Filling up the DagBag from /home/airflow/.local/lib/python3.12/site-packages/airflow/example_dags/example_branch_labels.py
[2025-02-07T08:14:41.197+0000] {processor.py:925} INFO - DAG(s) 'example_branch_labels' retrieved from /home/airflow/.local/lib/python3.12/site-packages/airflow/example_dags/example_branch_labels.py
[2025-02-07T08:14:41.214+0000] {logging_mixin.py:190} INFO - [2025-02-07T08:14:41.214+0000] {dag.py:3239} INFO - Sync 1 DAGs
[2025-02-07T08:14:41.233+0000] {logging_mixin.py:190} INFO - [2025-02-07T08:14:41.233+0000] {dag.py:4180} INFO - Setting next_dagrun for example_branch_labels to 2025-02-06 00:00:00+00:00, run_after=2025-02-07 00:00:00+00:00
[2025-02-07T08:14:41.248+0000] {processor.py:208} INFO - Processing /home/airflow/.local/lib/python3.12/site-packages/airflow/example_dags/example_branch_labels.py took 0.062 seconds
[2025-02-07T08:15:11.931+0000] {processor.py:186} INFO - Started process (PID=2543) to work on /home/airflow/.local/lib/python3.12/site-packages/airflow/example_dags/example_branch_labels.py
[2025-02-07T08:15:11.932+0000] {processor.py:914} INFO - Processing file /home/airflow/.local/lib/python3.12/site-packages/airflow/example_dags/example_branch_labels.py for tasks to queue
[2025-02-07T08:15:11.933+0000] {logging_mixin.py:190} INFO - [2025-02-07T08:15:11.933+0000] {dagbag.py:588} INFO - Filling up the DagBag from /home/airflow/.local/lib/python3.12/site-packages/airflow/example_dags/example_branch_labels.py
[2025-02-07T08:15:11.940+0000] {processor.py:925} INFO - DAG(s) 'example_branch_labels' retrieved from /home/airflow/.local/lib/python3.12/site-packages/airflow/example_dags/example_branch_labels.py
[2025-02-07T08:15:11.955+0000] {logging_mixin.py:190} INFO - [2025-02-07T08:15:11.955+0000] {dag.py:3239} INFO - Sync 1 DAGs
[2025-02-07T08:15:11.976+0000] {logging_mixin.py:190} INFO - [2025-02-07T08:15:11.976+0000] {dag.py:4180} INFO - Setting next_dagrun for example_branch_labels to 2025-02-06 00:00:00+00:00, run_after=2025-02-07 00:00:00+00:00
[2025-02-07T08:15:12.122+0000] {processor.py:208} INFO - Processing /home/airflow/.local/lib/python3.12/site-packages/airflow/example_dags/example_branch_labels.py took 0.196 seconds
[2025-02-07T08:15:43.172+0000] {processor.py:186} INFO - Started process (PID=2628) to work on /home/airflow/.local/lib/python3.12/site-packages/airflow/example_dags/example_branch_labels.py
[2025-02-07T08:15:43.172+0000] {processor.py:914} INFO - Processing file /home/airflow/.local/lib/python3.12/site-packages/airflow/example_dags/example_branch_labels.py for tasks to queue
[2025-02-07T08:15:43.173+0000] {logging_mixin.py:190} INFO - [2025-02-07T08:15:43.173+0000] {dagbag.py:588} INFO - Filling up the DagBag from /home/airflow/.local/lib/python3.12/site-packages/airflow/example_dags/example_branch_labels.py
[2025-02-07T08:15:43.179+0000] {processor.py:925} INFO - DAG(s) 'example_branch_labels' retrieved from /home/airflow/.local/lib/python3.12/site-packages/airflow/example_dags/example_branch_labels.py
[2025-02-07T08:15:43.193+0000] {logging_mixin.py:190} INFO - [2025-02-07T08:15:43.193+0000] {dag.py:3239} INFO - Sync 1 DAGs
[2025-02-07T08:15:43.323+0000] {logging_mixin.py:190} INFO - [2025-02-07T08:15:43.323+0000] {dag.py:4180} INFO - Setting next_dagrun for example_branch_labels to 2025-02-06 00:00:00+00:00, run_after=2025-02-07 00:00:00+00:00
[2025-02-07T08:15:43.333+0000] {processor.py:208} INFO - Processing /home/airflow/.local/lib/python3.12/site-packages/airflow/example_dags/example_branch_labels.py took 0.165 seconds
[2025-02-07T08:16:13.394+0000] {processor.py:186} INFO - Started process (PID=2713) to work on /home/airflow/.local/lib/python3.12/site-packages/airflow/example_dags/example_branch_labels.py
[2025-02-07T08:16:13.395+0000] {processor.py:914} INFO - Processing file /home/airflow/.local/lib/python3.12/site-packages/airflow/example_dags/example_branch_labels.py for tasks to queue
[2025-02-07T08:16:13.397+0000] {logging_mixin.py:190} INFO - [2025-02-07T08:16:13.397+0000] {dagbag.py:588} INFO - Filling up the DagBag from /home/airflow/.local/lib/python3.12/site-packages/airflow/example_dags/example_branch_labels.py
[2025-02-07T08:16:13.404+0000] {processor.py:925} INFO - DAG(s) 'example_branch_labels' retrieved from /home/airflow/.local/lib/python3.12/site-packages/airflow/example_dags/example_branch_labels.py
[2025-02-07T08:16:13.424+0000] {logging_mixin.py:190} INFO - [2025-02-07T08:16:13.424+0000] {dag.py:3239} INFO - Sync 1 DAGs
[2025-02-07T08:16:13.442+0000] {logging_mixin.py:190} INFO - [2025-02-07T08:16:13.441+0000] {dag.py:4180} INFO - Setting next_dagrun for example_branch_labels to 2025-02-06 00:00:00+00:00, run_after=2025-02-07 00:00:00+00:00
[2025-02-07T08:16:13.452+0000] {processor.py:208} INFO - Processing /home/airflow/.local/lib/python3.12/site-packages/airflow/example_dags/example_branch_labels.py took 0.063 seconds
[2025-02-07T08:16:44.427+0000] {processor.py:186} INFO - Started process (PID=2798) to work on /home/airflow/.local/lib/python3.12/site-packages/airflow/example_dags/example_branch_labels.py
[2025-02-07T08:16:44.428+0000] {processor.py:914} INFO - Processing file /home/airflow/.local/lib/python3.12/site-packages/airflow/example_dags/example_branch_labels.py for tasks to queue
[2025-02-07T08:16:44.429+0000] {logging_mixin.py:190} INFO - [2025-02-07T08:16:44.429+0000] {dagbag.py:588} INFO - Filling up the DagBag from /home/airflow/.local/lib/python3.12/site-packages/airflow/example_dags/example_branch_labels.py
[2025-02-07T08:16:44.435+0000] {processor.py:925} INFO - DAG(s) 'example_branch_labels' retrieved from /home/airflow/.local/lib/python3.12/site-packages/airflow/example_dags/example_branch_labels.py
[2025-02-07T08:16:44.450+0000] {logging_mixin.py:190} INFO - [2025-02-07T08:16:44.449+0000] {dag.py:3239} INFO - Sync 1 DAGs
[2025-02-07T08:16:44.478+0000] {logging_mixin.py:190} INFO - [2025-02-07T08:16:44.478+0000] {dag.py:4180} INFO - Setting next_dagrun for example_branch_labels to 2025-02-06 00:00:00+00:00, run_after=2025-02-07 00:00:00+00:00
[2025-02-07T08:16:44.498+0000] {processor.py:208} INFO - Processing /home/airflow/.local/lib/python3.12/site-packages/airflow/example_dags/example_branch_labels.py took 0.075 seconds
[2025-02-07T08:17:15.265+0000] {processor.py:186} INFO - Started process (PID=2883) to work on /home/airflow/.local/lib/python3.12/site-packages/airflow/example_dags/example_branch_labels.py
[2025-02-07T08:17:15.265+0000] {processor.py:914} INFO - Processing file /home/airflow/.local/lib/python3.12/site-packages/airflow/example_dags/example_branch_labels.py for tasks to queue
[2025-02-07T08:17:15.267+0000] {logging_mixin.py:190} INFO - [2025-02-07T08:17:15.267+0000] {dagbag.py:588} INFO - Filling up the DagBag from /home/airflow/.local/lib/python3.12/site-packages/airflow/example_dags/example_branch_labels.py
[2025-02-07T08:17:15.273+0000] {processor.py:925} INFO - DAG(s) 'example_branch_labels' retrieved from /home/airflow/.local/lib/python3.12/site-packages/airflow/example_dags/example_branch_labels.py
[2025-02-07T08:17:15.290+0000] {logging_mixin.py:190} INFO - [2025-02-07T08:17:15.290+0000] {dag.py:3239} INFO - Sync 1 DAGs
[2025-02-07T08:17:15.305+0000] {logging_mixin.py:190} INFO - [2025-02-07T08:17:15.305+0000] {dag.py:4180} INFO - Setting next_dagrun for example_branch_labels to 2025-02-06 00:00:00+00:00, run_after=2025-02-07 00:00:00+00:00
[2025-02-07T08:17:15.315+0000] {processor.py:208} INFO - Processing /home/airflow/.local/lib/python3.12/site-packages/airflow/example_dags/example_branch_labels.py took 0.053 seconds
[2025-02-07T08:17:46.096+0000] {processor.py:186} INFO - Started process (PID=2968) to work on /home/airflow/.local/lib/python3.12/site-packages/airflow/example_dags/example_branch_labels.py
[2025-02-07T08:17:46.097+0000] {processor.py:914} INFO - Processing file /home/airflow/.local/lib/python3.12/site-packages/airflow/example_dags/example_branch_labels.py for tasks to queue
[2025-02-07T08:17:46.098+0000] {logging_mixin.py:190} INFO - [2025-02-07T08:17:46.098+0000] {dagbag.py:588} INFO - Filling up the DagBag from /home/airflow/.local/lib/python3.12/site-packages/airflow/example_dags/example_branch_labels.py
[2025-02-07T08:17:46.104+0000] {processor.py:925} INFO - DAG(s) 'example_branch_labels' retrieved from /home/airflow/.local/lib/python3.12/site-packages/airflow/example_dags/example_branch_labels.py
[2025-02-07T08:17:46.121+0000] {logging_mixin.py:190} INFO - [2025-02-07T08:17:46.120+0000] {dag.py:3239} INFO - Sync 1 DAGs
[2025-02-07T08:17:46.143+0000] {logging_mixin.py:190} INFO - [2025-02-07T08:17:46.143+0000] {dag.py:4180} INFO - Setting next_dagrun for example_branch_labels to 2025-02-06 00:00:00+00:00, run_after=2025-02-07 00:00:00+00:00
[2025-02-07T08:17:46.162+0000] {processor.py:208} INFO - Processing /home/airflow/.local/lib/python3.12/site-packages/airflow/example_dags/example_branch_labels.py took 0.070 seconds
[2025-02-07T08:18:16.685+0000] {processor.py:186} INFO - Started process (PID=3053) to work on /home/airflow/.local/lib/python3.12/site-packages/airflow/example_dags/example_branch_labels.py
[2025-02-07T08:18:16.686+0000] {processor.py:914} INFO - Processing file /home/airflow/.local/lib/python3.12/site-packages/airflow/example_dags/example_branch_labels.py for tasks to queue
[2025-02-07T08:18:16.687+0000] {logging_mixin.py:190} INFO - [2025-02-07T08:18:16.687+0000] {dagbag.py:588} INFO - Filling up the DagBag from /home/airflow/.local/lib/python3.12/site-packages/airflow/example_dags/example_branch_labels.py
[2025-02-07T08:18:16.693+0000] {processor.py:925} INFO - DAG(s) 'example_branch_labels' retrieved from /home/airflow/.local/lib/python3.12/site-packages/airflow/example_dags/example_branch_labels.py
[2025-02-07T08:18:16.709+0000] {logging_mixin.py:190} INFO - [2025-02-07T08:18:16.708+0000] {dag.py:3239} INFO - Sync 1 DAGs
[2025-02-07T08:18:16.723+0000] {logging_mixin.py:190} INFO - [2025-02-07T08:18:16.723+0000] {dag.py:4180} INFO - Setting next_dagrun for example_branch_labels to 2025-02-06 00:00:00+00:00, run_after=2025-02-07 00:00:00+00:00
[2025-02-07T08:18:16.733+0000] {processor.py:208} INFO - Processing /home/airflow/.local/lib/python3.12/site-packages/airflow/example_dags/example_branch_labels.py took 0.051 seconds
[2025-02-07T08:18:47.632+0000] {processor.py:186} INFO - Started process (PID=3138) to work on /home/airflow/.local/lib/python3.12/site-packages/airflow/example_dags/example_branch_labels.py
[2025-02-07T08:18:47.632+0000] {processor.py:914} INFO - Processing file /home/airflow/.local/lib/python3.12/site-packages/airflow/example_dags/example_branch_labels.py for tasks to queue
[2025-02-07T08:18:47.634+0000] {logging_mixin.py:190} INFO - [2025-02-07T08:18:47.633+0000] {dagbag.py:588} INFO - Filling up the DagBag from /home/airflow/.local/lib/python3.12/site-packages/airflow/example_dags/example_branch_labels.py
[2025-02-07T08:18:47.639+0000] {processor.py:925} INFO - DAG(s) 'example_branch_labels' retrieved from /home/airflow/.local/lib/python3.12/site-packages/airflow/example_dags/example_branch_labels.py
[2025-02-07T08:18:47.655+0000] {logging_mixin.py:190} INFO - [2025-02-07T08:18:47.655+0000] {dag.py:3239} INFO - Sync 1 DAGs
[2025-02-07T08:18:47.676+0000] {logging_mixin.py:190} INFO - [2025-02-07T08:18:47.676+0000] {dag.py:4180} INFO - Setting next_dagrun for example_branch_labels to 2025-02-06 00:00:00+00:00, run_after=2025-02-07 00:00:00+00:00
[2025-02-07T08:18:47.689+0000] {processor.py:208} INFO - Processing /home/airflow/.local/lib/python3.12/site-packages/airflow/example_dags/example_branch_labels.py took 0.061 seconds
[2025-02-07T08:19:17.777+0000] {processor.py:186} INFO - Started process (PID=3223) to work on /home/airflow/.local/lib/python3.12/site-packages/airflow/example_dags/example_branch_labels.py
[2025-02-07T08:19:17.777+0000] {processor.py:914} INFO - Processing file /home/airflow/.local/lib/python3.12/site-packages/airflow/example_dags/example_branch_labels.py for tasks to queue
[2025-02-07T08:19:17.779+0000] {logging_mixin.py:190} INFO - [2025-02-07T08:19:17.779+0000] {dagbag.py:588} INFO - Filling up the DagBag from /home/airflow/.local/lib/python3.12/site-packages/airflow/example_dags/example_branch_labels.py
[2025-02-07T08:19:17.785+0000] {processor.py:925} INFO - DAG(s) 'example_branch_labels' retrieved from /home/airflow/.local/lib/python3.12/site-packages/airflow/example_dags/example_branch_labels.py
[2025-02-07T08:19:17.801+0000] {logging_mixin.py:190} INFO - [2025-02-07T08:19:17.801+0000] {dag.py:3239} INFO - Sync 1 DAGs
[2025-02-07T08:19:17.815+0000] {logging_mixin.py:190} INFO - [2025-02-07T08:19:17.815+0000] {dag.py:4180} INFO - Setting next_dagrun for example_branch_labels to 2025-02-06 00:00:00+00:00, run_after=2025-02-07 00:00:00+00:00
[2025-02-07T08:19:17.826+0000] {processor.py:208} INFO - Processing /home/airflow/.local/lib/python3.12/site-packages/airflow/example_dags/example_branch_labels.py took 0.053 seconds
[2025-02-07T08:19:48.031+0000] {processor.py:186} INFO - Started process (PID=3308) to work on /home/airflow/.local/lib/python3.12/site-packages/airflow/example_dags/example_branch_labels.py
[2025-02-07T08:19:48.031+0000] {processor.py:914} INFO - Processing file /home/airflow/.local/lib/python3.12/site-packages/airflow/example_dags/example_branch_labels.py for tasks to queue
[2025-02-07T08:19:48.033+0000] {logging_mixin.py:190} INFO - [2025-02-07T08:19:48.033+0000] {dagbag.py:588} INFO - Filling up the DagBag from /home/airflow/.local/lib/python3.12/site-packages/airflow/example_dags/example_branch_labels.py
[2025-02-07T08:19:48.042+0000] {processor.py:925} INFO - DAG(s) 'example_branch_labels' retrieved from /home/airflow/.local/lib/python3.12/site-packages/airflow/example_dags/example_branch_labels.py
[2025-02-07T08:19:48.062+0000] {logging_mixin.py:190} INFO - [2025-02-07T08:19:48.062+0000] {dag.py:3239} INFO - Sync 1 DAGs
[2025-02-07T08:19:48.081+0000] {logging_mixin.py:190} INFO - [2025-02-07T08:19:48.080+0000] {dag.py:4180} INFO - Setting next_dagrun for example_branch_labels to 2025-02-06 00:00:00+00:00, run_after=2025-02-07 00:00:00+00:00
[2025-02-07T08:19:48.092+0000] {processor.py:208} INFO - Processing /home/airflow/.local/lib/python3.12/site-packages/airflow/example_dags/example_branch_labels.py took 0.067 seconds
[2025-02-07T08:20:18.844+0000] {processor.py:186} INFO - Started process (PID=3393) to work on /home/airflow/.local/lib/python3.12/site-packages/airflow/example_dags/example_branch_labels.py
[2025-02-07T08:20:18.844+0000] {processor.py:914} INFO - Processing file /home/airflow/.local/lib/python3.12/site-packages/airflow/example_dags/example_branch_labels.py for tasks to queue
[2025-02-07T08:20:18.846+0000] {logging_mixin.py:190} INFO - [2025-02-07T08:20:18.846+0000] {dagbag.py:588} INFO - Filling up the DagBag from /home/airflow/.local/lib/python3.12/site-packages/airflow/example_dags/example_branch_labels.py
[2025-02-07T08:20:18.854+0000] {processor.py:925} INFO - DAG(s) 'example_branch_labels' retrieved from /home/airflow/.local/lib/python3.12/site-packages/airflow/example_dags/example_branch_labels.py
[2025-02-07T08:20:18.868+0000] {logging_mixin.py:190} INFO - [2025-02-07T08:20:18.867+0000] {dag.py:3239} INFO - Sync 1 DAGs
[2025-02-07T08:20:18.883+0000] {logging_mixin.py:190} INFO - [2025-02-07T08:20:18.883+0000] {dag.py:4180} INFO - Setting next_dagrun for example_branch_labels to 2025-02-06 00:00:00+00:00, run_after=2025-02-07 00:00:00+00:00
[2025-02-07T08:20:18.896+0000] {processor.py:208} INFO - Processing /home/airflow/.local/lib/python3.12/site-packages/airflow/example_dags/example_branch_labels.py took 0.057 seconds
