[2025-02-07T08:00:27.962+0000] {processor.py:186} INFO - Started process (PID=116) to work on /home/airflow/.local/lib/python3.12/site-packages/airflow/example_dags/example_skip_dag.py
[2025-02-07T08:00:27.963+0000] {processor.py:914} INFO - Processing file /home/airflow/.local/lib/python3.12/site-packages/airflow/example_dags/example_skip_dag.py for tasks to queue
[2025-02-07T08:00:27.965+0000] {logging_mixin.py:190} INFO - [2025-02-07T08:00:27.964+0000] {dagbag.py:588} INFO - Filling up the DagBag from /home/airflow/.local/lib/python3.12/site-packages/airflow/example_dags/example_skip_dag.py
[2025-02-07T08:00:27.974+0000] {processor.py:925} INFO - DAG(s) 'example_skip_dag' retrieved from /home/airflow/.local/lib/python3.12/site-packages/airflow/example_dags/example_skip_dag.py
[2025-02-07T08:00:28.009+0000] {logging_mixin.py:190} INFO - [2025-02-07T08:00:28.009+0000] {dag.py:3239} INFO - Sync 1 DAGs
[2025-02-07T08:00:28.033+0000] {logging_mixin.py:190} INFO - [2025-02-07T08:00:28.033+0000] {dag.py:4180} INFO - Setting next_dagrun for example_skip_dag to 2025-02-06 00:00:00+00:00, run_after=2025-02-07 00:00:00+00:00
[2025-02-07T08:00:28.076+0000] {processor.py:208} INFO - Processing /home/airflow/.local/lib/python3.12/site-packages/airflow/example_dags/example_skip_dag.py took 0.118 seconds
[2025-02-07T08:00:58.714+0000] {processor.py:186} INFO - Started process (PID=204) to work on /home/airflow/.local/lib/python3.12/site-packages/airflow/example_dags/example_skip_dag.py
[2025-02-07T08:00:58.715+0000] {processor.py:914} INFO - Processing file /home/airflow/.local/lib/python3.12/site-packages/airflow/example_dags/example_skip_dag.py for tasks to queue
[2025-02-07T08:00:58.716+0000] {logging_mixin.py:190} INFO - [2025-02-07T08:00:58.716+0000] {dagbag.py:588} INFO - Filling up the DagBag from /home/airflow/.local/lib/python3.12/site-packages/airflow/example_dags/example_skip_dag.py
[2025-02-07T08:00:58.723+0000] {processor.py:925} INFO - DAG(s) 'example_skip_dag' retrieved from /home/airflow/.local/lib/python3.12/site-packages/airflow/example_dags/example_skip_dag.py
[2025-02-07T08:00:58.740+0000] {logging_mixin.py:190} INFO - [2025-02-07T08:00:58.740+0000] {dag.py:3239} INFO - Sync 1 DAGs
[2025-02-07T08:00:58.760+0000] {logging_mixin.py:190} INFO - [2025-02-07T08:00:58.760+0000] {dag.py:4180} INFO - Setting next_dagrun for example_skip_dag to 2025-02-06 00:00:00+00:00, run_after=2025-02-07 00:00:00+00:00
[2025-02-07T08:00:58.776+0000] {processor.py:208} INFO - Processing /home/airflow/.local/lib/python3.12/site-packages/airflow/example_dags/example_skip_dag.py took 0.065 seconds
[2025-02-07T08:01:29.558+0000] {processor.py:186} INFO - Started process (PID=289) to work on /home/airflow/.local/lib/python3.12/site-packages/airflow/example_dags/example_skip_dag.py
[2025-02-07T08:01:29.559+0000] {processor.py:914} INFO - Processing file /home/airflow/.local/lib/python3.12/site-packages/airflow/example_dags/example_skip_dag.py for tasks to queue
[2025-02-07T08:01:29.560+0000] {logging_mixin.py:190} INFO - [2025-02-07T08:01:29.560+0000] {dagbag.py:588} INFO - Filling up the DagBag from /home/airflow/.local/lib/python3.12/site-packages/airflow/example_dags/example_skip_dag.py
[2025-02-07T08:01:29.565+0000] {processor.py:925} INFO - DAG(s) 'example_skip_dag' retrieved from /home/airflow/.local/lib/python3.12/site-packages/airflow/example_dags/example_skip_dag.py
[2025-02-07T08:01:29.581+0000] {logging_mixin.py:190} INFO - [2025-02-07T08:01:29.581+0000] {dag.py:3239} INFO - Sync 1 DAGs
[2025-02-07T08:01:29.594+0000] {logging_mixin.py:190} INFO - [2025-02-07T08:01:29.594+0000] {dag.py:4180} INFO - Setting next_dagrun for example_skip_dag to 2025-02-06 00:00:00+00:00, run_after=2025-02-07 00:00:00+00:00
[2025-02-07T08:01:29.604+0000] {processor.py:208} INFO - Processing /home/airflow/.local/lib/python3.12/site-packages/airflow/example_dags/example_skip_dag.py took 0.050 seconds
[2025-02-07T08:02:00.453+0000] {processor.py:186} INFO - Started process (PID=374) to work on /home/airflow/.local/lib/python3.12/site-packages/airflow/example_dags/example_skip_dag.py
[2025-02-07T08:02:00.454+0000] {processor.py:914} INFO - Processing file /home/airflow/.local/lib/python3.12/site-packages/airflow/example_dags/example_skip_dag.py for tasks to queue
[2025-02-07T08:02:00.456+0000] {logging_mixin.py:190} INFO - [2025-02-07T08:02:00.456+0000] {dagbag.py:588} INFO - Filling up the DagBag from /home/airflow/.local/lib/python3.12/site-packages/airflow/example_dags/example_skip_dag.py
[2025-02-07T08:02:00.460+0000] {processor.py:925} INFO - DAG(s) 'example_skip_dag' retrieved from /home/airflow/.local/lib/python3.12/site-packages/airflow/example_dags/example_skip_dag.py
[2025-02-07T08:02:00.473+0000] {logging_mixin.py:190} INFO - [2025-02-07T08:02:00.473+0000] {dag.py:3239} INFO - Sync 1 DAGs
[2025-02-07T08:02:00.486+0000] {logging_mixin.py:190} INFO - [2025-02-07T08:02:00.486+0000] {dag.py:4180} INFO - Setting next_dagrun for example_skip_dag to 2025-02-06 00:00:00+00:00, run_after=2025-02-07 00:00:00+00:00
[2025-02-07T08:02:00.495+0000] {processor.py:208} INFO - Processing /home/airflow/.local/lib/python3.12/site-packages/airflow/example_dags/example_skip_dag.py took 0.047 seconds
[2025-02-07T08:02:31.572+0000] {processor.py:186} INFO - Started process (PID=459) to work on /home/airflow/.local/lib/python3.12/site-packages/airflow/example_dags/example_skip_dag.py
[2025-02-07T08:02:31.573+0000] {processor.py:914} INFO - Processing file /home/airflow/.local/lib/python3.12/site-packages/airflow/example_dags/example_skip_dag.py for tasks to queue
[2025-02-07T08:02:31.576+0000] {logging_mixin.py:190} INFO - [2025-02-07T08:02:31.575+0000] {dagbag.py:588} INFO - Filling up the DagBag from /home/airflow/.local/lib/python3.12/site-packages/airflow/example_dags/example_skip_dag.py
[2025-02-07T08:02:31.582+0000] {processor.py:925} INFO - DAG(s) 'example_skip_dag' retrieved from /home/airflow/.local/lib/python3.12/site-packages/airflow/example_dags/example_skip_dag.py
[2025-02-07T08:02:31.603+0000] {logging_mixin.py:190} INFO - [2025-02-07T08:02:31.603+0000] {dag.py:3239} INFO - Sync 1 DAGs
[2025-02-07T08:02:31.625+0000] {logging_mixin.py:190} INFO - [2025-02-07T08:02:31.625+0000] {dag.py:4180} INFO - Setting next_dagrun for example_skip_dag to 2025-02-06 00:00:00+00:00, run_after=2025-02-07 00:00:00+00:00
[2025-02-07T08:02:31.636+0000] {processor.py:208} INFO - Processing /home/airflow/.local/lib/python3.12/site-packages/airflow/example_dags/example_skip_dag.py took 0.070 seconds
[2025-02-07T08:03:02.327+0000] {processor.py:186} INFO - Started process (PID=544) to work on /home/airflow/.local/lib/python3.12/site-packages/airflow/example_dags/example_skip_dag.py
[2025-02-07T08:03:02.328+0000] {processor.py:914} INFO - Processing file /home/airflow/.local/lib/python3.12/site-packages/airflow/example_dags/example_skip_dag.py for tasks to queue
[2025-02-07T08:03:02.330+0000] {logging_mixin.py:190} INFO - [2025-02-07T08:03:02.330+0000] {dagbag.py:588} INFO - Filling up the DagBag from /home/airflow/.local/lib/python3.12/site-packages/airflow/example_dags/example_skip_dag.py
[2025-02-07T08:03:02.337+0000] {processor.py:925} INFO - DAG(s) 'example_skip_dag' retrieved from /home/airflow/.local/lib/python3.12/site-packages/airflow/example_dags/example_skip_dag.py
[2025-02-07T08:03:02.355+0000] {logging_mixin.py:190} INFO - [2025-02-07T08:03:02.355+0000] {dag.py:3239} INFO - Sync 1 DAGs
[2025-02-07T08:03:02.370+0000] {logging_mixin.py:190} INFO - [2025-02-07T08:03:02.370+0000] {dag.py:4180} INFO - Setting next_dagrun for example_skip_dag to 2025-02-06 00:00:00+00:00, run_after=2025-02-07 00:00:00+00:00
[2025-02-07T08:03:02.380+0000] {processor.py:208} INFO - Processing /home/airflow/.local/lib/python3.12/site-packages/airflow/example_dags/example_skip_dag.py took 0.058 seconds
[2025-02-07T08:03:33.293+0000] {processor.py:186} INFO - Started process (PID=629) to work on /home/airflow/.local/lib/python3.12/site-packages/airflow/example_dags/example_skip_dag.py
[2025-02-07T08:03:33.293+0000] {processor.py:914} INFO - Processing file /home/airflow/.local/lib/python3.12/site-packages/airflow/example_dags/example_skip_dag.py for tasks to queue
[2025-02-07T08:03:33.294+0000] {logging_mixin.py:190} INFO - [2025-02-07T08:03:33.294+0000] {dagbag.py:588} INFO - Filling up the DagBag from /home/airflow/.local/lib/python3.12/site-packages/airflow/example_dags/example_skip_dag.py
[2025-02-07T08:03:33.299+0000] {processor.py:925} INFO - DAG(s) 'example_skip_dag' retrieved from /home/airflow/.local/lib/python3.12/site-packages/airflow/example_dags/example_skip_dag.py
[2025-02-07T08:03:33.314+0000] {logging_mixin.py:190} INFO - [2025-02-07T08:03:33.314+0000] {dag.py:3239} INFO - Sync 1 DAGs
[2025-02-07T08:03:33.328+0000] {logging_mixin.py:190} INFO - [2025-02-07T08:03:33.328+0000] {dag.py:4180} INFO - Setting next_dagrun for example_skip_dag to 2025-02-06 00:00:00+00:00, run_after=2025-02-07 00:00:00+00:00
[2025-02-07T08:03:33.341+0000] {processor.py:208} INFO - Processing /home/airflow/.local/lib/python3.12/site-packages/airflow/example_dags/example_skip_dag.py took 0.052 seconds
[2025-02-07T08:04:04.292+0000] {processor.py:186} INFO - Started process (PID=714) to work on /home/airflow/.local/lib/python3.12/site-packages/airflow/example_dags/example_skip_dag.py
[2025-02-07T08:04:04.292+0000] {processor.py:914} INFO - Processing file /home/airflow/.local/lib/python3.12/site-packages/airflow/example_dags/example_skip_dag.py for tasks to queue
[2025-02-07T08:04:04.293+0000] {logging_mixin.py:190} INFO - [2025-02-07T08:04:04.293+0000] {dagbag.py:588} INFO - Filling up the DagBag from /home/airflow/.local/lib/python3.12/site-packages/airflow/example_dags/example_skip_dag.py
[2025-02-07T08:04:04.298+0000] {processor.py:925} INFO - DAG(s) 'example_skip_dag' retrieved from /home/airflow/.local/lib/python3.12/site-packages/airflow/example_dags/example_skip_dag.py
[2025-02-07T08:04:04.311+0000] {logging_mixin.py:190} INFO - [2025-02-07T08:04:04.311+0000] {dag.py:3239} INFO - Sync 1 DAGs
[2025-02-07T08:04:04.326+0000] {logging_mixin.py:190} INFO - [2025-02-07T08:04:04.325+0000] {dag.py:4180} INFO - Setting next_dagrun for example_skip_dag to 2025-02-06 00:00:00+00:00, run_after=2025-02-07 00:00:00+00:00
[2025-02-07T08:04:04.337+0000] {processor.py:208} INFO - Processing /home/airflow/.local/lib/python3.12/site-packages/airflow/example_dags/example_skip_dag.py took 0.049 seconds
[2025-02-07T08:04:35.358+0000] {processor.py:186} INFO - Started process (PID=799) to work on /home/airflow/.local/lib/python3.12/site-packages/airflow/example_dags/example_skip_dag.py
[2025-02-07T08:04:35.359+0000] {processor.py:914} INFO - Processing file /home/airflow/.local/lib/python3.12/site-packages/airflow/example_dags/example_skip_dag.py for tasks to queue
[2025-02-07T08:04:35.360+0000] {logging_mixin.py:190} INFO - [2025-02-07T08:04:35.360+0000] {dagbag.py:588} INFO - Filling up the DagBag from /home/airflow/.local/lib/python3.12/site-packages/airflow/example_dags/example_skip_dag.py
[2025-02-07T08:04:35.364+0000] {processor.py:925} INFO - DAG(s) 'example_skip_dag' retrieved from /home/airflow/.local/lib/python3.12/site-packages/airflow/example_dags/example_skip_dag.py
[2025-02-07T08:04:35.376+0000] {logging_mixin.py:190} INFO - [2025-02-07T08:04:35.376+0000] {dag.py:3239} INFO - Sync 1 DAGs
[2025-02-07T08:04:35.389+0000] {logging_mixin.py:190} INFO - [2025-02-07T08:04:35.389+0000] {dag.py:4180} INFO - Setting next_dagrun for example_skip_dag to 2025-02-06 00:00:00+00:00, run_after=2025-02-07 00:00:00+00:00
[2025-02-07T08:04:35.398+0000] {processor.py:208} INFO - Processing /home/airflow/.local/lib/python3.12/site-packages/airflow/example_dags/example_skip_dag.py took 0.044 seconds
[2025-02-07T08:05:06.220+0000] {processor.py:186} INFO - Started process (PID=884) to work on /home/airflow/.local/lib/python3.12/site-packages/airflow/example_dags/example_skip_dag.py
[2025-02-07T08:05:06.221+0000] {processor.py:914} INFO - Processing file /home/airflow/.local/lib/python3.12/site-packages/airflow/example_dags/example_skip_dag.py for tasks to queue
[2025-02-07T08:05:06.222+0000] {logging_mixin.py:190} INFO - [2025-02-07T08:05:06.222+0000] {dagbag.py:588} INFO - Filling up the DagBag from /home/airflow/.local/lib/python3.12/site-packages/airflow/example_dags/example_skip_dag.py
[2025-02-07T08:05:06.227+0000] {processor.py:925} INFO - DAG(s) 'example_skip_dag' retrieved from /home/airflow/.local/lib/python3.12/site-packages/airflow/example_dags/example_skip_dag.py
[2025-02-07T08:05:06.244+0000] {logging_mixin.py:190} INFO - [2025-02-07T08:05:06.244+0000] {dag.py:3239} INFO - Sync 1 DAGs
[2025-02-07T08:05:06.257+0000] {logging_mixin.py:190} INFO - [2025-02-07T08:05:06.257+0000] {dag.py:4180} INFO - Setting next_dagrun for example_skip_dag to 2025-02-06 00:00:00+00:00, run_after=2025-02-07 00:00:00+00:00
[2025-02-07T08:05:06.271+0000] {processor.py:208} INFO - Processing /home/airflow/.local/lib/python3.12/site-packages/airflow/example_dags/example_skip_dag.py took 0.054 seconds
[2025-02-07T08:05:37.531+0000] {processor.py:186} INFO - Started process (PID=969) to work on /home/airflow/.local/lib/python3.12/site-packages/airflow/example_dags/example_skip_dag.py
[2025-02-07T08:05:37.532+0000] {processor.py:914} INFO - Processing file /home/airflow/.local/lib/python3.12/site-packages/airflow/example_dags/example_skip_dag.py for tasks to queue
[2025-02-07T08:05:37.534+0000] {logging_mixin.py:190} INFO - [2025-02-07T08:05:37.533+0000] {dagbag.py:588} INFO - Filling up the DagBag from /home/airflow/.local/lib/python3.12/site-packages/airflow/example_dags/example_skip_dag.py
[2025-02-07T08:05:37.539+0000] {processor.py:925} INFO - DAG(s) 'example_skip_dag' retrieved from /home/airflow/.local/lib/python3.12/site-packages/airflow/example_dags/example_skip_dag.py
[2025-02-07T08:05:37.554+0000] {logging_mixin.py:190} INFO - [2025-02-07T08:05:37.553+0000] {dag.py:3239} INFO - Sync 1 DAGs
[2025-02-07T08:05:37.568+0000] {logging_mixin.py:190} INFO - [2025-02-07T08:05:37.568+0000] {dag.py:4180} INFO - Setting next_dagrun for example_skip_dag to 2025-02-06 00:00:00+00:00, run_after=2025-02-07 00:00:00+00:00
[2025-02-07T08:05:37.578+0000] {processor.py:208} INFO - Processing /home/airflow/.local/lib/python3.12/site-packages/airflow/example_dags/example_skip_dag.py took 0.054 seconds
[2025-02-07T08:06:08.048+0000] {processor.py:186} INFO - Started process (PID=1035) to work on /home/airflow/.local/lib/python3.12/site-packages/airflow/example_dags/example_skip_dag.py
[2025-02-07T08:06:08.048+0000] {processor.py:914} INFO - Processing file /home/airflow/.local/lib/python3.12/site-packages/airflow/example_dags/example_skip_dag.py for tasks to queue
[2025-02-07T08:06:08.050+0000] {logging_mixin.py:190} INFO - [2025-02-07T08:06:08.050+0000] {dagbag.py:588} INFO - Filling up the DagBag from /home/airflow/.local/lib/python3.12/site-packages/airflow/example_dags/example_skip_dag.py
[2025-02-07T08:06:08.055+0000] {processor.py:925} INFO - DAG(s) 'example_skip_dag' retrieved from /home/airflow/.local/lib/python3.12/site-packages/airflow/example_dags/example_skip_dag.py
[2025-02-07T08:06:08.070+0000] {logging_mixin.py:190} INFO - [2025-02-07T08:06:08.069+0000] {dag.py:3239} INFO - Sync 1 DAGs
[2025-02-07T08:06:08.085+0000] {logging_mixin.py:190} INFO - [2025-02-07T08:06:08.085+0000] {dag.py:4180} INFO - Setting next_dagrun for example_skip_dag to 2025-02-06 00:00:00+00:00, run_after=2025-02-07 00:00:00+00:00
[2025-02-07T08:06:08.102+0000] {processor.py:208} INFO - Processing /home/airflow/.local/lib/python3.12/site-packages/airflow/example_dags/example_skip_dag.py took 0.060 seconds
[2025-02-07T08:06:38.579+0000] {processor.py:186} INFO - Started process (PID=1117) to work on /home/airflow/.local/lib/python3.12/site-packages/airflow/example_dags/example_skip_dag.py
[2025-02-07T08:06:38.580+0000] {processor.py:914} INFO - Processing file /home/airflow/.local/lib/python3.12/site-packages/airflow/example_dags/example_skip_dag.py for tasks to queue
[2025-02-07T08:06:38.581+0000] {logging_mixin.py:190} INFO - [2025-02-07T08:06:38.581+0000] {dagbag.py:588} INFO - Filling up the DagBag from /home/airflow/.local/lib/python3.12/site-packages/airflow/example_dags/example_skip_dag.py
[2025-02-07T08:06:38.586+0000] {processor.py:925} INFO - DAG(s) 'example_skip_dag' retrieved from /home/airflow/.local/lib/python3.12/site-packages/airflow/example_dags/example_skip_dag.py
[2025-02-07T08:06:38.601+0000] {logging_mixin.py:190} INFO - [2025-02-07T08:06:38.601+0000] {dag.py:3239} INFO - Sync 1 DAGs
[2025-02-07T08:06:38.614+0000] {logging_mixin.py:190} INFO - [2025-02-07T08:06:38.613+0000] {dag.py:4180} INFO - Setting next_dagrun for example_skip_dag to 2025-02-06 00:00:00+00:00, run_after=2025-02-07 00:00:00+00:00
[2025-02-07T08:06:38.626+0000] {processor.py:208} INFO - Processing /home/airflow/.local/lib/python3.12/site-packages/airflow/example_dags/example_skip_dag.py took 0.052 seconds
[2025-02-07T08:07:09.635+0000] {processor.py:186} INFO - Started process (PID=1202) to work on /home/airflow/.local/lib/python3.12/site-packages/airflow/example_dags/example_skip_dag.py
[2025-02-07T08:07:09.635+0000] {processor.py:914} INFO - Processing file /home/airflow/.local/lib/python3.12/site-packages/airflow/example_dags/example_skip_dag.py for tasks to queue
[2025-02-07T08:07:09.636+0000] {logging_mixin.py:190} INFO - [2025-02-07T08:07:09.636+0000] {dagbag.py:588} INFO - Filling up the DagBag from /home/airflow/.local/lib/python3.12/site-packages/airflow/example_dags/example_skip_dag.py
[2025-02-07T08:07:09.641+0000] {processor.py:925} INFO - DAG(s) 'example_skip_dag' retrieved from /home/airflow/.local/lib/python3.12/site-packages/airflow/example_dags/example_skip_dag.py
[2025-02-07T08:07:09.656+0000] {logging_mixin.py:190} INFO - [2025-02-07T08:07:09.656+0000] {dag.py:3239} INFO - Sync 1 DAGs
[2025-02-07T08:07:09.670+0000] {logging_mixin.py:190} INFO - [2025-02-07T08:07:09.670+0000] {dag.py:4180} INFO - Setting next_dagrun for example_skip_dag to 2025-02-06 00:00:00+00:00, run_after=2025-02-07 00:00:00+00:00
[2025-02-07T08:07:09.683+0000] {processor.py:208} INFO - Processing /home/airflow/.local/lib/python3.12/site-packages/airflow/example_dags/example_skip_dag.py took 0.051 seconds
[2025-02-07T08:07:40.551+0000] {processor.py:186} INFO - Started process (PID=1287) to work on /home/airflow/.local/lib/python3.12/site-packages/airflow/example_dags/example_skip_dag.py
[2025-02-07T08:07:40.551+0000] {processor.py:914} INFO - Processing file /home/airflow/.local/lib/python3.12/site-packages/airflow/example_dags/example_skip_dag.py for tasks to queue
[2025-02-07T08:07:40.553+0000] {logging_mixin.py:190} INFO - [2025-02-07T08:07:40.553+0000] {dagbag.py:588} INFO - Filling up the DagBag from /home/airflow/.local/lib/python3.12/site-packages/airflow/example_dags/example_skip_dag.py
[2025-02-07T08:07:40.560+0000] {processor.py:925} INFO - DAG(s) 'example_skip_dag' retrieved from /home/airflow/.local/lib/python3.12/site-packages/airflow/example_dags/example_skip_dag.py
[2025-02-07T08:07:40.585+0000] {logging_mixin.py:190} INFO - [2025-02-07T08:07:40.585+0000] {dag.py:3239} INFO - Sync 1 DAGs
[2025-02-07T08:07:40.612+0000] {logging_mixin.py:190} INFO - [2025-02-07T08:07:40.611+0000] {dag.py:4180} INFO - Setting next_dagrun for example_skip_dag to 2025-02-06 00:00:00+00:00, run_after=2025-02-07 00:00:00+00:00
[2025-02-07T08:07:40.637+0000] {processor.py:208} INFO - Processing /home/airflow/.local/lib/python3.12/site-packages/airflow/example_dags/example_skip_dag.py took 0.093 seconds
[2025-02-07T08:08:11.106+0000] {processor.py:186} INFO - Started process (PID=1372) to work on /home/airflow/.local/lib/python3.12/site-packages/airflow/example_dags/example_skip_dag.py
[2025-02-07T08:08:11.107+0000] {processor.py:914} INFO - Processing file /home/airflow/.local/lib/python3.12/site-packages/airflow/example_dags/example_skip_dag.py for tasks to queue
[2025-02-07T08:08:11.108+0000] {logging_mixin.py:190} INFO - [2025-02-07T08:08:11.108+0000] {dagbag.py:588} INFO - Filling up the DagBag from /home/airflow/.local/lib/python3.12/site-packages/airflow/example_dags/example_skip_dag.py
[2025-02-07T08:08:11.113+0000] {processor.py:925} INFO - DAG(s) 'example_skip_dag' retrieved from /home/airflow/.local/lib/python3.12/site-packages/airflow/example_dags/example_skip_dag.py
[2025-02-07T08:08:11.131+0000] {logging_mixin.py:190} INFO - [2025-02-07T08:08:11.131+0000] {dag.py:3239} INFO - Sync 1 DAGs
[2025-02-07T08:08:11.156+0000] {logging_mixin.py:190} INFO - [2025-02-07T08:08:11.156+0000] {dag.py:4180} INFO - Setting next_dagrun for example_skip_dag to 2025-02-06 00:00:00+00:00, run_after=2025-02-07 00:00:00+00:00
[2025-02-07T08:08:11.173+0000] {processor.py:208} INFO - Processing /home/airflow/.local/lib/python3.12/site-packages/airflow/example_dags/example_skip_dag.py took 0.072 seconds
[2025-02-07T08:08:41.749+0000] {processor.py:186} INFO - Started process (PID=1457) to work on /home/airflow/.local/lib/python3.12/site-packages/airflow/example_dags/example_skip_dag.py
[2025-02-07T08:08:41.749+0000] {processor.py:914} INFO - Processing file /home/airflow/.local/lib/python3.12/site-packages/airflow/example_dags/example_skip_dag.py for tasks to queue
[2025-02-07T08:08:41.751+0000] {logging_mixin.py:190} INFO - [2025-02-07T08:08:41.751+0000] {dagbag.py:588} INFO - Filling up the DagBag from /home/airflow/.local/lib/python3.12/site-packages/airflow/example_dags/example_skip_dag.py
[2025-02-07T08:08:41.756+0000] {processor.py:925} INFO - DAG(s) 'example_skip_dag' retrieved from /home/airflow/.local/lib/python3.12/site-packages/airflow/example_dags/example_skip_dag.py
[2025-02-07T08:08:41.776+0000] {logging_mixin.py:190} INFO - [2025-02-07T08:08:41.776+0000] {dag.py:3239} INFO - Sync 1 DAGs
[2025-02-07T08:08:41.796+0000] {logging_mixin.py:190} INFO - [2025-02-07T08:08:41.796+0000] {dag.py:4180} INFO - Setting next_dagrun for example_skip_dag to 2025-02-06 00:00:00+00:00, run_after=2025-02-07 00:00:00+00:00
[2025-02-07T08:08:41.812+0000] {processor.py:208} INFO - Processing /home/airflow/.local/lib/python3.12/site-packages/airflow/example_dags/example_skip_dag.py took 0.068 seconds
[2025-02-07T08:09:13.118+0000] {processor.py:186} INFO - Started process (PID=1542) to work on /home/airflow/.local/lib/python3.12/site-packages/airflow/example_dags/example_skip_dag.py
[2025-02-07T08:09:13.119+0000] {processor.py:914} INFO - Processing file /home/airflow/.local/lib/python3.12/site-packages/airflow/example_dags/example_skip_dag.py for tasks to queue
[2025-02-07T08:09:13.120+0000] {logging_mixin.py:190} INFO - [2025-02-07T08:09:13.120+0000] {dagbag.py:588} INFO - Filling up the DagBag from /home/airflow/.local/lib/python3.12/site-packages/airflow/example_dags/example_skip_dag.py
[2025-02-07T08:09:13.125+0000] {processor.py:925} INFO - DAG(s) 'example_skip_dag' retrieved from /home/airflow/.local/lib/python3.12/site-packages/airflow/example_dags/example_skip_dag.py
[2025-02-07T08:09:13.140+0000] {logging_mixin.py:190} INFO - [2025-02-07T08:09:13.140+0000] {dag.py:3239} INFO - Sync 1 DAGs
[2025-02-07T08:09:13.154+0000] {logging_mixin.py:190} INFO - [2025-02-07T08:09:13.154+0000] {dag.py:4180} INFO - Setting next_dagrun for example_skip_dag to 2025-02-06 00:00:00+00:00, run_after=2025-02-07 00:00:00+00:00
[2025-02-07T08:09:13.168+0000] {processor.py:208} INFO - Processing /home/airflow/.local/lib/python3.12/site-packages/airflow/example_dags/example_skip_dag.py took 0.054 seconds
[2025-02-07T08:09:43.996+0000] {processor.py:186} INFO - Started process (PID=1627) to work on /home/airflow/.local/lib/python3.12/site-packages/airflow/example_dags/example_skip_dag.py
[2025-02-07T08:09:43.997+0000] {processor.py:914} INFO - Processing file /home/airflow/.local/lib/python3.12/site-packages/airflow/example_dags/example_skip_dag.py for tasks to queue
[2025-02-07T08:09:43.998+0000] {logging_mixin.py:190} INFO - [2025-02-07T08:09:43.998+0000] {dagbag.py:588} INFO - Filling up the DagBag from /home/airflow/.local/lib/python3.12/site-packages/airflow/example_dags/example_skip_dag.py
[2025-02-07T08:09:44.003+0000] {processor.py:925} INFO - DAG(s) 'example_skip_dag' retrieved from /home/airflow/.local/lib/python3.12/site-packages/airflow/example_dags/example_skip_dag.py
[2025-02-07T08:09:44.021+0000] {logging_mixin.py:190} INFO - [2025-02-07T08:09:44.021+0000] {dag.py:3239} INFO - Sync 1 DAGs
[2025-02-07T08:09:44.034+0000] {logging_mixin.py:190} INFO - [2025-02-07T08:09:44.034+0000] {dag.py:4180} INFO - Setting next_dagrun for example_skip_dag to 2025-02-06 00:00:00+00:00, run_after=2025-02-07 00:00:00+00:00
[2025-02-07T08:09:44.045+0000] {processor.py:208} INFO - Processing /home/airflow/.local/lib/python3.12/site-packages/airflow/example_dags/example_skip_dag.py took 0.052 seconds
[2025-02-07T08:10:15.141+0000] {processor.py:186} INFO - Started process (PID=1712) to work on /home/airflow/.local/lib/python3.12/site-packages/airflow/example_dags/example_skip_dag.py
[2025-02-07T08:10:15.142+0000] {processor.py:914} INFO - Processing file /home/airflow/.local/lib/python3.12/site-packages/airflow/example_dags/example_skip_dag.py for tasks to queue
[2025-02-07T08:10:15.143+0000] {logging_mixin.py:190} INFO - [2025-02-07T08:10:15.143+0000] {dagbag.py:588} INFO - Filling up the DagBag from /home/airflow/.local/lib/python3.12/site-packages/airflow/example_dags/example_skip_dag.py
[2025-02-07T08:10:15.149+0000] {processor.py:925} INFO - DAG(s) 'example_skip_dag' retrieved from /home/airflow/.local/lib/python3.12/site-packages/airflow/example_dags/example_skip_dag.py
[2025-02-07T08:10:15.165+0000] {logging_mixin.py:190} INFO - [2025-02-07T08:10:15.164+0000] {dag.py:3239} INFO - Sync 1 DAGs
[2025-02-07T08:10:15.178+0000] {logging_mixin.py:190} INFO - [2025-02-07T08:10:15.178+0000] {dag.py:4180} INFO - Setting next_dagrun for example_skip_dag to 2025-02-06 00:00:00+00:00, run_after=2025-02-07 00:00:00+00:00
[2025-02-07T08:10:15.188+0000] {processor.py:208} INFO - Processing /home/airflow/.local/lib/python3.12/site-packages/airflow/example_dags/example_skip_dag.py took 0.052 seconds
[2025-02-07T08:10:45.626+0000] {processor.py:186} INFO - Started process (PID=1797) to work on /home/airflow/.local/lib/python3.12/site-packages/airflow/example_dags/example_skip_dag.py
[2025-02-07T08:10:45.627+0000] {processor.py:914} INFO - Processing file /home/airflow/.local/lib/python3.12/site-packages/airflow/example_dags/example_skip_dag.py for tasks to queue
[2025-02-07T08:10:45.628+0000] {logging_mixin.py:190} INFO - [2025-02-07T08:10:45.628+0000] {dagbag.py:588} INFO - Filling up the DagBag from /home/airflow/.local/lib/python3.12/site-packages/airflow/example_dags/example_skip_dag.py
[2025-02-07T08:10:45.633+0000] {processor.py:925} INFO - DAG(s) 'example_skip_dag' retrieved from /home/airflow/.local/lib/python3.12/site-packages/airflow/example_dags/example_skip_dag.py
[2025-02-07T08:10:45.648+0000] {logging_mixin.py:190} INFO - [2025-02-07T08:10:45.648+0000] {dag.py:3239} INFO - Sync 1 DAGs
[2025-02-07T08:10:45.665+0000] {logging_mixin.py:190} INFO - [2025-02-07T08:10:45.664+0000] {dag.py:4180} INFO - Setting next_dagrun for example_skip_dag to 2025-02-06 00:00:00+00:00, run_after=2025-02-07 00:00:00+00:00
[2025-02-07T08:10:45.680+0000] {processor.py:208} INFO - Processing /home/airflow/.local/lib/python3.12/site-packages/airflow/example_dags/example_skip_dag.py took 0.057 seconds
[2025-02-07T08:11:15.753+0000] {processor.py:186} INFO - Started process (PID=1881) to work on /home/airflow/.local/lib/python3.12/site-packages/airflow/example_dags/example_skip_dag.py
[2025-02-07T08:11:15.754+0000] {processor.py:914} INFO - Processing file /home/airflow/.local/lib/python3.12/site-packages/airflow/example_dags/example_skip_dag.py for tasks to queue
[2025-02-07T08:11:15.757+0000] {logging_mixin.py:190} INFO - [2025-02-07T08:11:15.756+0000] {dagbag.py:588} INFO - Filling up the DagBag from /home/airflow/.local/lib/python3.12/site-packages/airflow/example_dags/example_skip_dag.py
[2025-02-07T08:11:15.763+0000] {processor.py:925} INFO - DAG(s) 'example_skip_dag' retrieved from /home/airflow/.local/lib/python3.12/site-packages/airflow/example_dags/example_skip_dag.py
[2025-02-07T08:11:15.783+0000] {logging_mixin.py:190} INFO - [2025-02-07T08:11:15.782+0000] {dag.py:3239} INFO - Sync 1 DAGs
[2025-02-07T08:11:15.804+0000] {logging_mixin.py:190} INFO - [2025-02-07T08:11:15.804+0000] {dag.py:4180} INFO - Setting next_dagrun for example_skip_dag to 2025-02-06 00:00:00+00:00, run_after=2025-02-07 00:00:00+00:00
[2025-02-07T08:11:15.822+0000] {processor.py:208} INFO - Processing /home/airflow/.local/lib/python3.12/site-packages/airflow/example_dags/example_skip_dag.py took 0.075 seconds
[2025-02-07T08:11:47.030+0000] {processor.py:186} INFO - Started process (PID=1967) to work on /home/airflow/.local/lib/python3.12/site-packages/airflow/example_dags/example_skip_dag.py
[2025-02-07T08:11:47.031+0000] {processor.py:914} INFO - Processing file /home/airflow/.local/lib/python3.12/site-packages/airflow/example_dags/example_skip_dag.py for tasks to queue
[2025-02-07T08:11:47.033+0000] {logging_mixin.py:190} INFO - [2025-02-07T08:11:47.033+0000] {dagbag.py:588} INFO - Filling up the DagBag from /home/airflow/.local/lib/python3.12/site-packages/airflow/example_dags/example_skip_dag.py
[2025-02-07T08:11:47.040+0000] {processor.py:925} INFO - DAG(s) 'example_skip_dag' retrieved from /home/airflow/.local/lib/python3.12/site-packages/airflow/example_dags/example_skip_dag.py
[2025-02-07T08:11:47.061+0000] {logging_mixin.py:190} INFO - [2025-02-07T08:11:47.060+0000] {dag.py:3239} INFO - Sync 1 DAGs
[2025-02-07T08:11:47.077+0000] {logging_mixin.py:190} INFO - [2025-02-07T08:11:47.077+0000] {dag.py:4180} INFO - Setting next_dagrun for example_skip_dag to 2025-02-06 00:00:00+00:00, run_after=2025-02-07 00:00:00+00:00
[2025-02-07T08:11:47.087+0000] {processor.py:208} INFO - Processing /home/airflow/.local/lib/python3.12/site-packages/airflow/example_dags/example_skip_dag.py took 0.063 seconds
[2025-02-07T08:12:18.375+0000] {processor.py:186} INFO - Started process (PID=2052) to work on /home/airflow/.local/lib/python3.12/site-packages/airflow/example_dags/example_skip_dag.py
[2025-02-07T08:12:18.376+0000] {processor.py:914} INFO - Processing file /home/airflow/.local/lib/python3.12/site-packages/airflow/example_dags/example_skip_dag.py for tasks to queue
[2025-02-07T08:12:18.379+0000] {logging_mixin.py:190} INFO - [2025-02-07T08:12:18.378+0000] {dagbag.py:588} INFO - Filling up the DagBag from /home/airflow/.local/lib/python3.12/site-packages/airflow/example_dags/example_skip_dag.py
[2025-02-07T08:12:18.387+0000] {processor.py:925} INFO - DAG(s) 'example_skip_dag' retrieved from /home/airflow/.local/lib/python3.12/site-packages/airflow/example_dags/example_skip_dag.py
[2025-02-07T08:12:18.401+0000] {logging_mixin.py:190} INFO - [2025-02-07T08:12:18.401+0000] {dag.py:3239} INFO - Sync 1 DAGs
[2025-02-07T08:12:18.414+0000] {logging_mixin.py:190} INFO - [2025-02-07T08:12:18.414+0000] {dag.py:4180} INFO - Setting next_dagrun for example_skip_dag to 2025-02-06 00:00:00+00:00, run_after=2025-02-07 00:00:00+00:00
[2025-02-07T08:12:18.423+0000] {processor.py:208} INFO - Processing /home/airflow/.local/lib/python3.12/site-packages/airflow/example_dags/example_skip_dag.py took 0.051 seconds
[2025-02-07T08:12:48.800+0000] {processor.py:186} INFO - Started process (PID=2137) to work on /home/airflow/.local/lib/python3.12/site-packages/airflow/example_dags/example_skip_dag.py
[2025-02-07T08:12:48.800+0000] {processor.py:914} INFO - Processing file /home/airflow/.local/lib/python3.12/site-packages/airflow/example_dags/example_skip_dag.py for tasks to queue
[2025-02-07T08:12:48.802+0000] {logging_mixin.py:190} INFO - [2025-02-07T08:12:48.801+0000] {dagbag.py:588} INFO - Filling up the DagBag from /home/airflow/.local/lib/python3.12/site-packages/airflow/example_dags/example_skip_dag.py
[2025-02-07T08:12:48.806+0000] {processor.py:925} INFO - DAG(s) 'example_skip_dag' retrieved from /home/airflow/.local/lib/python3.12/site-packages/airflow/example_dags/example_skip_dag.py
[2025-02-07T08:12:48.818+0000] {logging_mixin.py:190} INFO - [2025-02-07T08:12:48.818+0000] {dag.py:3239} INFO - Sync 1 DAGs
[2025-02-07T08:12:48.831+0000] {logging_mixin.py:190} INFO - [2025-02-07T08:12:48.831+0000] {dag.py:4180} INFO - Setting next_dagrun for example_skip_dag to 2025-02-06 00:00:00+00:00, run_after=2025-02-07 00:00:00+00:00
[2025-02-07T08:12:48.840+0000] {processor.py:208} INFO - Processing /home/airflow/.local/lib/python3.12/site-packages/airflow/example_dags/example_skip_dag.py took 0.043 seconds
[2025-02-07T08:13:19.262+0000] {processor.py:186} INFO - Started process (PID=2222) to work on /home/airflow/.local/lib/python3.12/site-packages/airflow/example_dags/example_skip_dag.py
[2025-02-07T08:13:19.262+0000] {processor.py:914} INFO - Processing file /home/airflow/.local/lib/python3.12/site-packages/airflow/example_dags/example_skip_dag.py for tasks to queue
[2025-02-07T08:13:19.264+0000] {logging_mixin.py:190} INFO - [2025-02-07T08:13:19.263+0000] {dagbag.py:588} INFO - Filling up the DagBag from /home/airflow/.local/lib/python3.12/site-packages/airflow/example_dags/example_skip_dag.py
[2025-02-07T08:13:19.268+0000] {processor.py:925} INFO - DAG(s) 'example_skip_dag' retrieved from /home/airflow/.local/lib/python3.12/site-packages/airflow/example_dags/example_skip_dag.py
[2025-02-07T08:13:19.284+0000] {logging_mixin.py:190} INFO - [2025-02-07T08:13:19.284+0000] {dag.py:3239} INFO - Sync 1 DAGs
[2025-02-07T08:13:19.298+0000] {logging_mixin.py:190} INFO - [2025-02-07T08:13:19.298+0000] {dag.py:4180} INFO - Setting next_dagrun for example_skip_dag to 2025-02-06 00:00:00+00:00, run_after=2025-02-07 00:00:00+00:00
[2025-02-07T08:13:19.308+0000] {processor.py:208} INFO - Processing /home/airflow/.local/lib/python3.12/site-packages/airflow/example_dags/example_skip_dag.py took 0.050 seconds
[2025-02-07T08:13:49.483+0000] {processor.py:186} INFO - Started process (PID=2306) to work on /home/airflow/.local/lib/python3.12/site-packages/airflow/example_dags/example_skip_dag.py
[2025-02-07T08:13:49.484+0000] {processor.py:914} INFO - Processing file /home/airflow/.local/lib/python3.12/site-packages/airflow/example_dags/example_skip_dag.py for tasks to queue
[2025-02-07T08:13:49.486+0000] {logging_mixin.py:190} INFO - [2025-02-07T08:13:49.485+0000] {dagbag.py:588} INFO - Filling up the DagBag from /home/airflow/.local/lib/python3.12/site-packages/airflow/example_dags/example_skip_dag.py
[2025-02-07T08:13:49.492+0000] {processor.py:925} INFO - DAG(s) 'example_skip_dag' retrieved from /home/airflow/.local/lib/python3.12/site-packages/airflow/example_dags/example_skip_dag.py
[2025-02-07T08:13:49.510+0000] {logging_mixin.py:190} INFO - [2025-02-07T08:13:49.509+0000] {dag.py:3239} INFO - Sync 1 DAGs
[2025-02-07T08:13:49.528+0000] {logging_mixin.py:190} INFO - [2025-02-07T08:13:49.528+0000] {dag.py:4180} INFO - Setting next_dagrun for example_skip_dag to 2025-02-06 00:00:00+00:00, run_after=2025-02-07 00:00:00+00:00
[2025-02-07T08:13:49.540+0000] {processor.py:208} INFO - Processing /home/airflow/.local/lib/python3.12/site-packages/airflow/example_dags/example_skip_dag.py took 0.062 seconds
[2025-02-07T08:14:20.804+0000] {processor.py:186} INFO - Started process (PID=2392) to work on /home/airflow/.local/lib/python3.12/site-packages/airflow/example_dags/example_skip_dag.py
[2025-02-07T08:14:20.805+0000] {processor.py:914} INFO - Processing file /home/airflow/.local/lib/python3.12/site-packages/airflow/example_dags/example_skip_dag.py for tasks to queue
[2025-02-07T08:14:20.806+0000] {logging_mixin.py:190} INFO - [2025-02-07T08:14:20.806+0000] {dagbag.py:588} INFO - Filling up the DagBag from /home/airflow/.local/lib/python3.12/site-packages/airflow/example_dags/example_skip_dag.py
[2025-02-07T08:14:20.810+0000] {processor.py:925} INFO - DAG(s) 'example_skip_dag' retrieved from /home/airflow/.local/lib/python3.12/site-packages/airflow/example_dags/example_skip_dag.py
[2025-02-07T08:14:20.822+0000] {logging_mixin.py:190} INFO - [2025-02-07T08:14:20.822+0000] {dag.py:3239} INFO - Sync 1 DAGs
[2025-02-07T08:14:20.956+0000] {logging_mixin.py:190} INFO - [2025-02-07T08:14:20.956+0000] {dag.py:4180} INFO - Setting next_dagrun for example_skip_dag to 2025-02-06 00:00:00+00:00, run_after=2025-02-07 00:00:00+00:00
[2025-02-07T08:14:20.971+0000] {processor.py:208} INFO - Processing /home/airflow/.local/lib/python3.12/site-packages/airflow/example_dags/example_skip_dag.py took 0.170 seconds
[2025-02-07T08:14:51.471+0000] {processor.py:186} INFO - Started process (PID=2477) to work on /home/airflow/.local/lib/python3.12/site-packages/airflow/example_dags/example_skip_dag.py
[2025-02-07T08:14:51.472+0000] {processor.py:914} INFO - Processing file /home/airflow/.local/lib/python3.12/site-packages/airflow/example_dags/example_skip_dag.py for tasks to queue
[2025-02-07T08:14:51.473+0000] {logging_mixin.py:190} INFO - [2025-02-07T08:14:51.473+0000] {dagbag.py:588} INFO - Filling up the DagBag from /home/airflow/.local/lib/python3.12/site-packages/airflow/example_dags/example_skip_dag.py
[2025-02-07T08:14:51.478+0000] {processor.py:925} INFO - DAG(s) 'example_skip_dag' retrieved from /home/airflow/.local/lib/python3.12/site-packages/airflow/example_dags/example_skip_dag.py
[2025-02-07T08:14:51.494+0000] {logging_mixin.py:190} INFO - [2025-02-07T08:14:51.494+0000] {dag.py:3239} INFO - Sync 1 DAGs
[2025-02-07T08:14:51.629+0000] {logging_mixin.py:190} INFO - [2025-02-07T08:14:51.629+0000] {dag.py:4180} INFO - Setting next_dagrun for example_skip_dag to 2025-02-06 00:00:00+00:00, run_after=2025-02-07 00:00:00+00:00
[2025-02-07T08:14:51.648+0000] {processor.py:208} INFO - Processing /home/airflow/.local/lib/python3.12/site-packages/airflow/example_dags/example_skip_dag.py took 0.181 seconds
[2025-02-07T08:15:22.020+0000] {processor.py:186} INFO - Started process (PID=2562) to work on /home/airflow/.local/lib/python3.12/site-packages/airflow/example_dags/example_skip_dag.py
[2025-02-07T08:15:22.020+0000] {processor.py:914} INFO - Processing file /home/airflow/.local/lib/python3.12/site-packages/airflow/example_dags/example_skip_dag.py for tasks to queue
[2025-02-07T08:15:22.022+0000] {logging_mixin.py:190} INFO - [2025-02-07T08:15:22.022+0000] {dagbag.py:588} INFO - Filling up the DagBag from /home/airflow/.local/lib/python3.12/site-packages/airflow/example_dags/example_skip_dag.py
[2025-02-07T08:15:22.029+0000] {processor.py:925} INFO - DAG(s) 'example_skip_dag' retrieved from /home/airflow/.local/lib/python3.12/site-packages/airflow/example_dags/example_skip_dag.py
[2025-02-07T08:15:22.047+0000] {logging_mixin.py:190} INFO - [2025-02-07T08:15:22.047+0000] {dag.py:3239} INFO - Sync 1 DAGs
[2025-02-07T08:15:22.187+0000] {logging_mixin.py:190} INFO - [2025-02-07T08:15:22.186+0000] {dag.py:4180} INFO - Setting next_dagrun for example_skip_dag to 2025-02-06 00:00:00+00:00, run_after=2025-02-07 00:00:00+00:00
[2025-02-07T08:15:22.206+0000] {processor.py:208} INFO - Processing /home/airflow/.local/lib/python3.12/site-packages/airflow/example_dags/example_skip_dag.py took 0.192 seconds
[2025-02-07T08:15:52.589+0000] {processor.py:186} INFO - Started process (PID=2647) to work on /home/airflow/.local/lib/python3.12/site-packages/airflow/example_dags/example_skip_dag.py
[2025-02-07T08:15:52.590+0000] {processor.py:914} INFO - Processing file /home/airflow/.local/lib/python3.12/site-packages/airflow/example_dags/example_skip_dag.py for tasks to queue
[2025-02-07T08:15:52.591+0000] {logging_mixin.py:190} INFO - [2025-02-07T08:15:52.591+0000] {dagbag.py:588} INFO - Filling up the DagBag from /home/airflow/.local/lib/python3.12/site-packages/airflow/example_dags/example_skip_dag.py
[2025-02-07T08:15:52.597+0000] {processor.py:925} INFO - DAG(s) 'example_skip_dag' retrieved from /home/airflow/.local/lib/python3.12/site-packages/airflow/example_dags/example_skip_dag.py
[2025-02-07T08:15:52.733+0000] {logging_mixin.py:190} INFO - [2025-02-07T08:15:52.733+0000] {dag.py:3239} INFO - Sync 1 DAGs
[2025-02-07T08:15:52.747+0000] {logging_mixin.py:190} INFO - [2025-02-07T08:15:52.747+0000] {dag.py:4180} INFO - Setting next_dagrun for example_skip_dag to 2025-02-06 00:00:00+00:00, run_after=2025-02-07 00:00:00+00:00
[2025-02-07T08:15:52.756+0000] {processor.py:208} INFO - Processing /home/airflow/.local/lib/python3.12/site-packages/airflow/example_dags/example_skip_dag.py took 0.173 seconds
[2025-02-07T08:16:23.389+0000] {processor.py:186} INFO - Started process (PID=2732) to work on /home/airflow/.local/lib/python3.12/site-packages/airflow/example_dags/example_skip_dag.py
[2025-02-07T08:16:23.389+0000] {processor.py:914} INFO - Processing file /home/airflow/.local/lib/python3.12/site-packages/airflow/example_dags/example_skip_dag.py for tasks to queue
[2025-02-07T08:16:23.391+0000] {logging_mixin.py:190} INFO - [2025-02-07T08:16:23.390+0000] {dagbag.py:588} INFO - Filling up the DagBag from /home/airflow/.local/lib/python3.12/site-packages/airflow/example_dags/example_skip_dag.py
[2025-02-07T08:16:23.395+0000] {processor.py:925} INFO - DAG(s) 'example_skip_dag' retrieved from /home/airflow/.local/lib/python3.12/site-packages/airflow/example_dags/example_skip_dag.py
[2025-02-07T08:16:23.420+0000] {logging_mixin.py:190} INFO - [2025-02-07T08:16:23.419+0000] {dag.py:3239} INFO - Sync 1 DAGs
[2025-02-07T08:16:23.437+0000] {logging_mixin.py:190} INFO - [2025-02-07T08:16:23.437+0000] {dag.py:4180} INFO - Setting next_dagrun for example_skip_dag to 2025-02-06 00:00:00+00:00, run_after=2025-02-07 00:00:00+00:00
[2025-02-07T08:16:23.447+0000] {processor.py:208} INFO - Processing /home/airflow/.local/lib/python3.12/site-packages/airflow/example_dags/example_skip_dag.py took 0.062 seconds
[2025-02-07T08:16:54.543+0000] {processor.py:186} INFO - Started process (PID=2817) to work on /home/airflow/.local/lib/python3.12/site-packages/airflow/example_dags/example_skip_dag.py
[2025-02-07T08:16:54.543+0000] {processor.py:914} INFO - Processing file /home/airflow/.local/lib/python3.12/site-packages/airflow/example_dags/example_skip_dag.py for tasks to queue
[2025-02-07T08:16:54.545+0000] {logging_mixin.py:190} INFO - [2025-02-07T08:16:54.544+0000] {dagbag.py:588} INFO - Filling up the DagBag from /home/airflow/.local/lib/python3.12/site-packages/airflow/example_dags/example_skip_dag.py
[2025-02-07T08:16:54.549+0000] {processor.py:925} INFO - DAG(s) 'example_skip_dag' retrieved from /home/airflow/.local/lib/python3.12/site-packages/airflow/example_dags/example_skip_dag.py
[2025-02-07T08:16:54.566+0000] {logging_mixin.py:190} INFO - [2025-02-07T08:16:54.566+0000] {dag.py:3239} INFO - Sync 1 DAGs
[2025-02-07T08:16:54.579+0000] {logging_mixin.py:190} INFO - [2025-02-07T08:16:54.579+0000] {dag.py:4180} INFO - Setting next_dagrun for example_skip_dag to 2025-02-06 00:00:00+00:00, run_after=2025-02-07 00:00:00+00:00
[2025-02-07T08:16:54.589+0000] {processor.py:208} INFO - Processing /home/airflow/.local/lib/python3.12/site-packages/airflow/example_dags/example_skip_dag.py took 0.052 seconds
[2025-02-07T08:17:25.337+0000] {processor.py:186} INFO - Started process (PID=2902) to work on /home/airflow/.local/lib/python3.12/site-packages/airflow/example_dags/example_skip_dag.py
[2025-02-07T08:17:25.337+0000] {processor.py:914} INFO - Processing file /home/airflow/.local/lib/python3.12/site-packages/airflow/example_dags/example_skip_dag.py for tasks to queue
[2025-02-07T08:17:25.339+0000] {logging_mixin.py:190} INFO - [2025-02-07T08:17:25.339+0000] {dagbag.py:588} INFO - Filling up the DagBag from /home/airflow/.local/lib/python3.12/site-packages/airflow/example_dags/example_skip_dag.py
[2025-02-07T08:17:25.345+0000] {processor.py:925} INFO - DAG(s) 'example_skip_dag' retrieved from /home/airflow/.local/lib/python3.12/site-packages/airflow/example_dags/example_skip_dag.py
[2025-02-07T08:17:25.360+0000] {logging_mixin.py:190} INFO - [2025-02-07T08:17:25.360+0000] {dag.py:3239} INFO - Sync 1 DAGs
[2025-02-07T08:17:25.376+0000] {logging_mixin.py:190} INFO - [2025-02-07T08:17:25.376+0000] {dag.py:4180} INFO - Setting next_dagrun for example_skip_dag to 2025-02-06 00:00:00+00:00, run_after=2025-02-07 00:00:00+00:00
[2025-02-07T08:17:25.386+0000] {processor.py:208} INFO - Processing /home/airflow/.local/lib/python3.12/site-packages/airflow/example_dags/example_skip_dag.py took 0.052 seconds
[2025-02-07T08:17:56.077+0000] {processor.py:186} INFO - Started process (PID=2987) to work on /home/airflow/.local/lib/python3.12/site-packages/airflow/example_dags/example_skip_dag.py
[2025-02-07T08:17:56.078+0000] {processor.py:914} INFO - Processing file /home/airflow/.local/lib/python3.12/site-packages/airflow/example_dags/example_skip_dag.py for tasks to queue
[2025-02-07T08:17:56.079+0000] {logging_mixin.py:190} INFO - [2025-02-07T08:17:56.079+0000] {dagbag.py:588} INFO - Filling up the DagBag from /home/airflow/.local/lib/python3.12/site-packages/airflow/example_dags/example_skip_dag.py
[2025-02-07T08:17:56.084+0000] {processor.py:925} INFO - DAG(s) 'example_skip_dag' retrieved from /home/airflow/.local/lib/python3.12/site-packages/airflow/example_dags/example_skip_dag.py
[2025-02-07T08:17:56.099+0000] {logging_mixin.py:190} INFO - [2025-02-07T08:17:56.099+0000] {dag.py:3239} INFO - Sync 1 DAGs
[2025-02-07T08:17:56.111+0000] {logging_mixin.py:190} INFO - [2025-02-07T08:17:56.111+0000] {dag.py:4180} INFO - Setting next_dagrun for example_skip_dag to 2025-02-06 00:00:00+00:00, run_after=2025-02-07 00:00:00+00:00
[2025-02-07T08:17:56.124+0000] {processor.py:208} INFO - Processing /home/airflow/.local/lib/python3.12/site-packages/airflow/example_dags/example_skip_dag.py took 0.051 seconds
[2025-02-07T08:18:26.786+0000] {processor.py:186} INFO - Started process (PID=3072) to work on /home/airflow/.local/lib/python3.12/site-packages/airflow/example_dags/example_skip_dag.py
[2025-02-07T08:18:26.787+0000] {processor.py:914} INFO - Processing file /home/airflow/.local/lib/python3.12/site-packages/airflow/example_dags/example_skip_dag.py for tasks to queue
[2025-02-07T08:18:26.789+0000] {logging_mixin.py:190} INFO - [2025-02-07T08:18:26.789+0000] {dagbag.py:588} INFO - Filling up the DagBag from /home/airflow/.local/lib/python3.12/site-packages/airflow/example_dags/example_skip_dag.py
[2025-02-07T08:18:26.796+0000] {processor.py:925} INFO - DAG(s) 'example_skip_dag' retrieved from /home/airflow/.local/lib/python3.12/site-packages/airflow/example_dags/example_skip_dag.py
[2025-02-07T08:18:26.814+0000] {logging_mixin.py:190} INFO - [2025-02-07T08:18:26.813+0000] {dag.py:3239} INFO - Sync 1 DAGs
[2025-02-07T08:18:26.830+0000] {logging_mixin.py:190} INFO - [2025-02-07T08:18:26.830+0000] {dag.py:4180} INFO - Setting next_dagrun for example_skip_dag to 2025-02-06 00:00:00+00:00, run_after=2025-02-07 00:00:00+00:00
[2025-02-07T08:18:26.848+0000] {processor.py:208} INFO - Processing /home/airflow/.local/lib/python3.12/site-packages/airflow/example_dags/example_skip_dag.py took 0.068 seconds
[2025-02-07T08:18:57.714+0000] {processor.py:186} INFO - Started process (PID=3157) to work on /home/airflow/.local/lib/python3.12/site-packages/airflow/example_dags/example_skip_dag.py
[2025-02-07T08:18:57.715+0000] {processor.py:914} INFO - Processing file /home/airflow/.local/lib/python3.12/site-packages/airflow/example_dags/example_skip_dag.py for tasks to queue
[2025-02-07T08:18:57.717+0000] {logging_mixin.py:190} INFO - [2025-02-07T08:18:57.717+0000] {dagbag.py:588} INFO - Filling up the DagBag from /home/airflow/.local/lib/python3.12/site-packages/airflow/example_dags/example_skip_dag.py
[2025-02-07T08:18:57.723+0000] {processor.py:925} INFO - DAG(s) 'example_skip_dag' retrieved from /home/airflow/.local/lib/python3.12/site-packages/airflow/example_dags/example_skip_dag.py
[2025-02-07T08:18:57.738+0000] {logging_mixin.py:190} INFO - [2025-02-07T08:18:57.738+0000] {dag.py:3239} INFO - Sync 1 DAGs
[2025-02-07T08:18:57.751+0000] {logging_mixin.py:190} INFO - [2025-02-07T08:18:57.751+0000] {dag.py:4180} INFO - Setting next_dagrun for example_skip_dag to 2025-02-06 00:00:00+00:00, run_after=2025-02-07 00:00:00+00:00
[2025-02-07T08:18:57.762+0000] {processor.py:208} INFO - Processing /home/airflow/.local/lib/python3.12/site-packages/airflow/example_dags/example_skip_dag.py took 0.054 seconds
[2025-02-07T08:19:28.062+0000] {processor.py:186} INFO - Started process (PID=3242) to work on /home/airflow/.local/lib/python3.12/site-packages/airflow/example_dags/example_skip_dag.py
[2025-02-07T08:19:28.063+0000] {processor.py:914} INFO - Processing file /home/airflow/.local/lib/python3.12/site-packages/airflow/example_dags/example_skip_dag.py for tasks to queue
[2025-02-07T08:19:28.064+0000] {logging_mixin.py:190} INFO - [2025-02-07T08:19:28.064+0000] {dagbag.py:588} INFO - Filling up the DagBag from /home/airflow/.local/lib/python3.12/site-packages/airflow/example_dags/example_skip_dag.py
[2025-02-07T08:19:28.068+0000] {processor.py:925} INFO - DAG(s) 'example_skip_dag' retrieved from /home/airflow/.local/lib/python3.12/site-packages/airflow/example_dags/example_skip_dag.py
[2025-02-07T08:19:28.081+0000] {logging_mixin.py:190} INFO - [2025-02-07T08:19:28.080+0000] {dag.py:3239} INFO - Sync 1 DAGs
[2025-02-07T08:19:28.093+0000] {logging_mixin.py:190} INFO - [2025-02-07T08:19:28.093+0000] {dag.py:4180} INFO - Setting next_dagrun for example_skip_dag to 2025-02-06 00:00:00+00:00, run_after=2025-02-07 00:00:00+00:00
[2025-02-07T08:19:28.104+0000] {processor.py:208} INFO - Processing /home/airflow/.local/lib/python3.12/site-packages/airflow/example_dags/example_skip_dag.py took 0.045 seconds
[2025-02-07T08:19:59.133+0000] {processor.py:186} INFO - Started process (PID=3327) to work on /home/airflow/.local/lib/python3.12/site-packages/airflow/example_dags/example_skip_dag.py
[2025-02-07T08:19:59.134+0000] {processor.py:914} INFO - Processing file /home/airflow/.local/lib/python3.12/site-packages/airflow/example_dags/example_skip_dag.py for tasks to queue
[2025-02-07T08:19:59.136+0000] {logging_mixin.py:190} INFO - [2025-02-07T08:19:59.136+0000] {dagbag.py:588} INFO - Filling up the DagBag from /home/airflow/.local/lib/python3.12/site-packages/airflow/example_dags/example_skip_dag.py
[2025-02-07T08:19:59.143+0000] {processor.py:925} INFO - DAG(s) 'example_skip_dag' retrieved from /home/airflow/.local/lib/python3.12/site-packages/airflow/example_dags/example_skip_dag.py
[2025-02-07T08:19:59.156+0000] {logging_mixin.py:190} INFO - [2025-02-07T08:19:59.156+0000] {dag.py:3239} INFO - Sync 1 DAGs
[2025-02-07T08:19:59.169+0000] {logging_mixin.py:190} INFO - [2025-02-07T08:19:59.168+0000] {dag.py:4180} INFO - Setting next_dagrun for example_skip_dag to 2025-02-06 00:00:00+00:00, run_after=2025-02-07 00:00:00+00:00
[2025-02-07T08:19:59.182+0000] {processor.py:208} INFO - Processing /home/airflow/.local/lib/python3.12/site-packages/airflow/example_dags/example_skip_dag.py took 0.055 seconds
[2025-02-07T08:20:29.916+0000] {processor.py:186} INFO - Started process (PID=3418) to work on /home/airflow/.local/lib/python3.12/site-packages/airflow/example_dags/example_skip_dag.py
[2025-02-07T08:20:29.917+0000] {processor.py:914} INFO - Processing file /home/airflow/.local/lib/python3.12/site-packages/airflow/example_dags/example_skip_dag.py for tasks to queue
[2025-02-07T08:20:29.918+0000] {logging_mixin.py:190} INFO - [2025-02-07T08:20:29.918+0000] {dagbag.py:588} INFO - Filling up the DagBag from /home/airflow/.local/lib/python3.12/site-packages/airflow/example_dags/example_skip_dag.py
[2025-02-07T08:20:29.922+0000] {processor.py:925} INFO - DAG(s) 'example_skip_dag' retrieved from /home/airflow/.local/lib/python3.12/site-packages/airflow/example_dags/example_skip_dag.py
[2025-02-07T08:20:29.938+0000] {logging_mixin.py:190} INFO - [2025-02-07T08:20:29.938+0000] {dag.py:3239} INFO - Sync 1 DAGs
[2025-02-07T08:20:29.954+0000] {logging_mixin.py:190} INFO - [2025-02-07T08:20:29.954+0000] {dag.py:4180} INFO - Setting next_dagrun for example_skip_dag to 2025-02-06 00:00:00+00:00, run_after=2025-02-07 00:00:00+00:00
[2025-02-07T08:20:29.963+0000] {processor.py:208} INFO - Processing /home/airflow/.local/lib/python3.12/site-packages/airflow/example_dags/example_skip_dag.py took 0.050 seconds
