[2025-02-07T08:00:29.119+0000] {processor.py:186} INFO - Started process (PID=130) to work on /home/airflow/.local/lib/python3.12/site-packages/airflow/example_dags/example_dataset_alias.py
[2025-02-07T08:00:29.119+0000] {processor.py:914} INFO - Processing file /home/airflow/.local/lib/python3.12/site-packages/airflow/example_dags/example_dataset_alias.py for tasks to queue
[2025-02-07T08:00:29.121+0000] {logging_mixin.py:190} INFO - [2025-02-07T08:00:29.121+0000] {dagbag.py:588} INFO - Filling up the DagBag from /home/airflow/.local/lib/python3.12/site-packages/airflow/example_dags/example_dataset_alias.py
[2025-02-07T08:00:29.584+0000] {processor.py:925} INFO - DAG(s) 'dataset_s3_bucket_producer', 'dataset_s3_bucket_consumer', 'dataset_alias_example_alias_producer', 'dataset_alias_example_alias_consumer' retrieved from /home/airflow/.local/lib/python3.12/site-packages/airflow/example_dags/example_dataset_alias.py
[2025-02-07T08:00:29.603+0000] {logging_mixin.py:190} INFO - [2025-02-07T08:00:29.603+0000] {dag.py:3239} INFO - Sync 4 DAGs
[2025-02-07T08:00:29.621+0000] {logging_mixin.py:190} INFO - [2025-02-07T08:00:29.621+0000] {dag.py:4180} INFO - Setting next_dagrun for dataset_alias_example_alias_consumer to None, run_after=None
[2025-02-07T08:00:29.623+0000] {logging_mixin.py:190} INFO - [2025-02-07T08:00:29.623+0000] {dag.py:4180} INFO - Setting next_dagrun for dataset_alias_example_alias_producer to None, run_after=None
[2025-02-07T08:00:29.624+0000] {logging_mixin.py:190} INFO - [2025-02-07T08:00:29.624+0000] {dag.py:4180} INFO - Setting next_dagrun for dataset_s3_bucket_consumer to None, run_after=None
[2025-02-07T08:00:29.626+0000] {logging_mixin.py:190} INFO - [2025-02-07T08:00:29.625+0000] {dag.py:4180} INFO - Setting next_dagrun for dataset_s3_bucket_producer to None, run_after=None
[2025-02-07T08:00:29.677+0000] {processor.py:208} INFO - Processing /home/airflow/.local/lib/python3.12/site-packages/airflow/example_dags/example_dataset_alias.py took 0.562 seconds
[2025-02-07T08:01:00.399+0000] {processor.py:186} INFO - Started process (PID=220) to work on /home/airflow/.local/lib/python3.12/site-packages/airflow/example_dags/example_dataset_alias.py
[2025-02-07T08:01:00.402+0000] {processor.py:914} INFO - Processing file /home/airflow/.local/lib/python3.12/site-packages/airflow/example_dags/example_dataset_alias.py for tasks to queue
[2025-02-07T08:01:00.404+0000] {logging_mixin.py:190} INFO - [2025-02-07T08:01:00.404+0000] {dagbag.py:588} INFO - Filling up the DagBag from /home/airflow/.local/lib/python3.12/site-packages/airflow/example_dags/example_dataset_alias.py
[2025-02-07T08:01:00.777+0000] {processor.py:925} INFO - DAG(s) 'dataset_s3_bucket_consumer', 'dataset_alias_example_alias_consumer', 'dataset_alias_example_alias_producer', 'dataset_s3_bucket_producer' retrieved from /home/airflow/.local/lib/python3.12/site-packages/airflow/example_dags/example_dataset_alias.py
[2025-02-07T08:01:00.788+0000] {logging_mixin.py:190} INFO - [2025-02-07T08:01:00.788+0000] {dag.py:3239} INFO - Sync 4 DAGs
[2025-02-07T08:01:00.801+0000] {logging_mixin.py:190} INFO - [2025-02-07T08:01:00.801+0000] {dag.py:4180} INFO - Setting next_dagrun for dataset_alias_example_alias_consumer to None, run_after=None
[2025-02-07T08:01:00.802+0000] {logging_mixin.py:190} INFO - [2025-02-07T08:01:00.802+0000] {dag.py:4180} INFO - Setting next_dagrun for dataset_alias_example_alias_producer to None, run_after=None
[2025-02-07T08:01:00.803+0000] {logging_mixin.py:190} INFO - [2025-02-07T08:01:00.803+0000] {dag.py:4180} INFO - Setting next_dagrun for dataset_s3_bucket_consumer to None, run_after=None
[2025-02-07T08:01:00.804+0000] {logging_mixin.py:190} INFO - [2025-02-07T08:01:00.803+0000] {dag.py:4180} INFO - Setting next_dagrun for dataset_s3_bucket_producer to None, run_after=None
[2025-02-07T08:01:00.816+0000] {processor.py:208} INFO - Processing /home/airflow/.local/lib/python3.12/site-packages/airflow/example_dags/example_dataset_alias.py took 0.422 seconds
[2025-02-07T08:01:31.217+0000] {processor.py:186} INFO - Started process (PID=305) to work on /home/airflow/.local/lib/python3.12/site-packages/airflow/example_dags/example_dataset_alias.py
[2025-02-07T08:01:31.220+0000] {processor.py:914} INFO - Processing file /home/airflow/.local/lib/python3.12/site-packages/airflow/example_dags/example_dataset_alias.py for tasks to queue
[2025-02-07T08:01:31.222+0000] {logging_mixin.py:190} INFO - [2025-02-07T08:01:31.222+0000] {dagbag.py:588} INFO - Filling up the DagBag from /home/airflow/.local/lib/python3.12/site-packages/airflow/example_dags/example_dataset_alias.py
[2025-02-07T08:01:31.589+0000] {processor.py:925} INFO - DAG(s) 'dataset_s3_bucket_producer', 'dataset_s3_bucket_consumer', 'dataset_alias_example_alias_consumer', 'dataset_alias_example_alias_producer' retrieved from /home/airflow/.local/lib/python3.12/site-packages/airflow/example_dags/example_dataset_alias.py
[2025-02-07T08:01:31.615+0000] {logging_mixin.py:190} INFO - [2025-02-07T08:01:31.614+0000] {dag.py:3239} INFO - Sync 4 DAGs
[2025-02-07T08:01:31.631+0000] {logging_mixin.py:190} INFO - [2025-02-07T08:01:31.631+0000] {dag.py:4180} INFO - Setting next_dagrun for dataset_alias_example_alias_consumer to None, run_after=None
[2025-02-07T08:01:31.633+0000] {logging_mixin.py:190} INFO - [2025-02-07T08:01:31.633+0000] {dag.py:4180} INFO - Setting next_dagrun for dataset_alias_example_alias_producer to None, run_after=None
[2025-02-07T08:01:31.634+0000] {logging_mixin.py:190} INFO - [2025-02-07T08:01:31.634+0000] {dag.py:4180} INFO - Setting next_dagrun for dataset_s3_bucket_consumer to None, run_after=None
[2025-02-07T08:01:31.635+0000] {logging_mixin.py:190} INFO - [2025-02-07T08:01:31.635+0000] {dag.py:4180} INFO - Setting next_dagrun for dataset_s3_bucket_producer to None, run_after=None
[2025-02-07T08:01:31.647+0000] {processor.py:208} INFO - Processing /home/airflow/.local/lib/python3.12/site-packages/airflow/example_dags/example_dataset_alias.py took 0.435 seconds
[2025-02-07T08:02:02.196+0000] {processor.py:186} INFO - Started process (PID=390) to work on /home/airflow/.local/lib/python3.12/site-packages/airflow/example_dags/example_dataset_alias.py
[2025-02-07T08:02:02.197+0000] {processor.py:914} INFO - Processing file /home/airflow/.local/lib/python3.12/site-packages/airflow/example_dags/example_dataset_alias.py for tasks to queue
[2025-02-07T08:02:02.198+0000] {logging_mixin.py:190} INFO - [2025-02-07T08:02:02.198+0000] {dagbag.py:588} INFO - Filling up the DagBag from /home/airflow/.local/lib/python3.12/site-packages/airflow/example_dags/example_dataset_alias.py
[2025-02-07T08:02:02.547+0000] {processor.py:925} INFO - DAG(s) 'dataset_s3_bucket_consumer', 'dataset_s3_bucket_producer', 'dataset_alias_example_alias_producer', 'dataset_alias_example_alias_consumer' retrieved from /home/airflow/.local/lib/python3.12/site-packages/airflow/example_dags/example_dataset_alias.py
[2025-02-07T08:02:02.568+0000] {logging_mixin.py:190} INFO - [2025-02-07T08:02:02.567+0000] {dag.py:3239} INFO - Sync 4 DAGs
[2025-02-07T08:02:02.583+0000] {logging_mixin.py:190} INFO - [2025-02-07T08:02:02.583+0000] {dag.py:4180} INFO - Setting next_dagrun for dataset_alias_example_alias_consumer to None, run_after=None
[2025-02-07T08:02:02.585+0000] {logging_mixin.py:190} INFO - [2025-02-07T08:02:02.585+0000] {dag.py:4180} INFO - Setting next_dagrun for dataset_alias_example_alias_producer to None, run_after=None
[2025-02-07T08:02:02.586+0000] {logging_mixin.py:190} INFO - [2025-02-07T08:02:02.586+0000] {dag.py:4180} INFO - Setting next_dagrun for dataset_s3_bucket_consumer to None, run_after=None
[2025-02-07T08:02:02.587+0000] {logging_mixin.py:190} INFO - [2025-02-07T08:02:02.587+0000] {dag.py:4180} INFO - Setting next_dagrun for dataset_s3_bucket_producer to None, run_after=None
[2025-02-07T08:02:02.599+0000] {processor.py:208} INFO - Processing /home/airflow/.local/lib/python3.12/site-packages/airflow/example_dags/example_dataset_alias.py took 0.408 seconds
[2025-02-07T08:02:33.181+0000] {processor.py:186} INFO - Started process (PID=475) to work on /home/airflow/.local/lib/python3.12/site-packages/airflow/example_dags/example_dataset_alias.py
[2025-02-07T08:02:33.184+0000] {processor.py:914} INFO - Processing file /home/airflow/.local/lib/python3.12/site-packages/airflow/example_dags/example_dataset_alias.py for tasks to queue
[2025-02-07T08:02:33.186+0000] {logging_mixin.py:190} INFO - [2025-02-07T08:02:33.186+0000] {dagbag.py:588} INFO - Filling up the DagBag from /home/airflow/.local/lib/python3.12/site-packages/airflow/example_dags/example_dataset_alias.py
[2025-02-07T08:02:33.572+0000] {processor.py:925} INFO - DAG(s) 'dataset_s3_bucket_consumer', 'dataset_s3_bucket_producer', 'dataset_alias_example_alias_consumer', 'dataset_alias_example_alias_producer' retrieved from /home/airflow/.local/lib/python3.12/site-packages/airflow/example_dags/example_dataset_alias.py
[2025-02-07T08:02:33.592+0000] {logging_mixin.py:190} INFO - [2025-02-07T08:02:33.591+0000] {dag.py:3239} INFO - Sync 4 DAGs
[2025-02-07T08:02:33.612+0000] {logging_mixin.py:190} INFO - [2025-02-07T08:02:33.612+0000] {dag.py:4180} INFO - Setting next_dagrun for dataset_alias_example_alias_consumer to None, run_after=None
[2025-02-07T08:02:33.614+0000] {logging_mixin.py:190} INFO - [2025-02-07T08:02:33.614+0000] {dag.py:4180} INFO - Setting next_dagrun for dataset_alias_example_alias_producer to None, run_after=None
[2025-02-07T08:02:33.615+0000] {logging_mixin.py:190} INFO - [2025-02-07T08:02:33.615+0000] {dag.py:4180} INFO - Setting next_dagrun for dataset_s3_bucket_consumer to None, run_after=None
[2025-02-07T08:02:33.615+0000] {logging_mixin.py:190} INFO - [2025-02-07T08:02:33.615+0000] {dag.py:4180} INFO - Setting next_dagrun for dataset_s3_bucket_producer to None, run_after=None
[2025-02-07T08:02:33.628+0000] {processor.py:208} INFO - Processing /home/airflow/.local/lib/python3.12/site-packages/airflow/example_dags/example_dataset_alias.py took 0.453 seconds
[2025-02-07T08:03:04.024+0000] {processor.py:186} INFO - Started process (PID=560) to work on /home/airflow/.local/lib/python3.12/site-packages/airflow/example_dags/example_dataset_alias.py
[2025-02-07T08:03:04.027+0000] {processor.py:914} INFO - Processing file /home/airflow/.local/lib/python3.12/site-packages/airflow/example_dags/example_dataset_alias.py for tasks to queue
[2025-02-07T08:03:04.030+0000] {logging_mixin.py:190} INFO - [2025-02-07T08:03:04.029+0000] {dagbag.py:588} INFO - Filling up the DagBag from /home/airflow/.local/lib/python3.12/site-packages/airflow/example_dags/example_dataset_alias.py
[2025-02-07T08:03:04.406+0000] {processor.py:925} INFO - DAG(s) 'dataset_s3_bucket_producer', 'dataset_alias_example_alias_consumer', 'dataset_s3_bucket_consumer', 'dataset_alias_example_alias_producer' retrieved from /home/airflow/.local/lib/python3.12/site-packages/airflow/example_dags/example_dataset_alias.py
[2025-02-07T08:03:04.424+0000] {logging_mixin.py:190} INFO - [2025-02-07T08:03:04.424+0000] {dag.py:3239} INFO - Sync 4 DAGs
[2025-02-07T08:03:04.444+0000] {logging_mixin.py:190} INFO - [2025-02-07T08:03:04.444+0000] {dag.py:4180} INFO - Setting next_dagrun for dataset_alias_example_alias_consumer to None, run_after=None
[2025-02-07T08:03:04.447+0000] {logging_mixin.py:190} INFO - [2025-02-07T08:03:04.447+0000] {dag.py:4180} INFO - Setting next_dagrun for dataset_alias_example_alias_producer to None, run_after=None
[2025-02-07T08:03:04.449+0000] {logging_mixin.py:190} INFO - [2025-02-07T08:03:04.449+0000] {dag.py:4180} INFO - Setting next_dagrun for dataset_s3_bucket_consumer to None, run_after=None
[2025-02-07T08:03:04.451+0000] {logging_mixin.py:190} INFO - [2025-02-07T08:03:04.451+0000] {dag.py:4180} INFO - Setting next_dagrun for dataset_s3_bucket_producer to None, run_after=None
[2025-02-07T08:03:04.469+0000] {processor.py:208} INFO - Processing /home/airflow/.local/lib/python3.12/site-packages/airflow/example_dags/example_dataset_alias.py took 0.454 seconds
[2025-02-07T08:03:34.890+0000] {processor.py:186} INFO - Started process (PID=645) to work on /home/airflow/.local/lib/python3.12/site-packages/airflow/example_dags/example_dataset_alias.py
[2025-02-07T08:03:34.892+0000] {processor.py:914} INFO - Processing file /home/airflow/.local/lib/python3.12/site-packages/airflow/example_dags/example_dataset_alias.py for tasks to queue
[2025-02-07T08:03:34.893+0000] {logging_mixin.py:190} INFO - [2025-02-07T08:03:34.893+0000] {dagbag.py:588} INFO - Filling up the DagBag from /home/airflow/.local/lib/python3.12/site-packages/airflow/example_dags/example_dataset_alias.py
[2025-02-07T08:03:35.294+0000] {processor.py:925} INFO - DAG(s) 'dataset_s3_bucket_consumer', 'dataset_alias_example_alias_consumer', 'dataset_alias_example_alias_producer', 'dataset_s3_bucket_producer' retrieved from /home/airflow/.local/lib/python3.12/site-packages/airflow/example_dags/example_dataset_alias.py
[2025-02-07T08:03:35.306+0000] {logging_mixin.py:190} INFO - [2025-02-07T08:03:35.306+0000] {dag.py:3239} INFO - Sync 4 DAGs
[2025-02-07T08:03:35.321+0000] {logging_mixin.py:190} INFO - [2025-02-07T08:03:35.320+0000] {dag.py:4180} INFO - Setting next_dagrun for dataset_alias_example_alias_consumer to None, run_after=None
[2025-02-07T08:03:35.322+0000] {logging_mixin.py:190} INFO - [2025-02-07T08:03:35.322+0000] {dag.py:4180} INFO - Setting next_dagrun for dataset_alias_example_alias_producer to None, run_after=None
[2025-02-07T08:03:35.323+0000] {logging_mixin.py:190} INFO - [2025-02-07T08:03:35.323+0000] {dag.py:4180} INFO - Setting next_dagrun for dataset_s3_bucket_consumer to None, run_after=None
[2025-02-07T08:03:35.323+0000] {logging_mixin.py:190} INFO - [2025-02-07T08:03:35.323+0000] {dag.py:4180} INFO - Setting next_dagrun for dataset_s3_bucket_producer to None, run_after=None
[2025-02-07T08:03:35.337+0000] {processor.py:208} INFO - Processing /home/airflow/.local/lib/python3.12/site-packages/airflow/example_dags/example_dataset_alias.py took 0.451 seconds
[2025-02-07T08:04:05.871+0000] {processor.py:186} INFO - Started process (PID=730) to work on /home/airflow/.local/lib/python3.12/site-packages/airflow/example_dags/example_dataset_alias.py
[2025-02-07T08:04:05.873+0000] {processor.py:914} INFO - Processing file /home/airflow/.local/lib/python3.12/site-packages/airflow/example_dags/example_dataset_alias.py for tasks to queue
[2025-02-07T08:04:05.875+0000] {logging_mixin.py:190} INFO - [2025-02-07T08:04:05.875+0000] {dagbag.py:588} INFO - Filling up the DagBag from /home/airflow/.local/lib/python3.12/site-packages/airflow/example_dags/example_dataset_alias.py
[2025-02-07T08:04:06.231+0000] {processor.py:925} INFO - DAG(s) 'dataset_s3_bucket_consumer', 'dataset_alias_example_alias_producer', 'dataset_alias_example_alias_consumer', 'dataset_s3_bucket_producer' retrieved from /home/airflow/.local/lib/python3.12/site-packages/airflow/example_dags/example_dataset_alias.py
[2025-02-07T08:04:06.244+0000] {logging_mixin.py:190} INFO - [2025-02-07T08:04:06.243+0000] {dag.py:3239} INFO - Sync 4 DAGs
[2025-02-07T08:04:06.257+0000] {logging_mixin.py:190} INFO - [2025-02-07T08:04:06.257+0000] {dag.py:4180} INFO - Setting next_dagrun for dataset_alias_example_alias_consumer to None, run_after=None
[2025-02-07T08:04:06.259+0000] {logging_mixin.py:190} INFO - [2025-02-07T08:04:06.259+0000] {dag.py:4180} INFO - Setting next_dagrun for dataset_alias_example_alias_producer to None, run_after=None
[2025-02-07T08:04:06.260+0000] {logging_mixin.py:190} INFO - [2025-02-07T08:04:06.260+0000] {dag.py:4180} INFO - Setting next_dagrun for dataset_s3_bucket_consumer to None, run_after=None
[2025-02-07T08:04:06.260+0000] {logging_mixin.py:190} INFO - [2025-02-07T08:04:06.260+0000] {dag.py:4180} INFO - Setting next_dagrun for dataset_s3_bucket_producer to None, run_after=None
[2025-02-07T08:04:06.273+0000] {processor.py:208} INFO - Processing /home/airflow/.local/lib/python3.12/site-packages/airflow/example_dags/example_dataset_alias.py took 0.408 seconds
[2025-02-07T08:04:36.319+0000] {processor.py:186} INFO - Started process (PID=820) to work on /home/airflow/.local/lib/python3.12/site-packages/airflow/example_dags/example_dataset_alias.py
[2025-02-07T08:04:36.320+0000] {processor.py:914} INFO - Processing file /home/airflow/.local/lib/python3.12/site-packages/airflow/example_dags/example_dataset_alias.py for tasks to queue
[2025-02-07T08:04:36.321+0000] {logging_mixin.py:190} INFO - [2025-02-07T08:04:36.321+0000] {dagbag.py:588} INFO - Filling up the DagBag from /home/airflow/.local/lib/python3.12/site-packages/airflow/example_dags/example_dataset_alias.py
[2025-02-07T08:04:36.697+0000] {processor.py:925} INFO - DAG(s) 'dataset_alias_example_alias_consumer', 'dataset_s3_bucket_consumer', 'dataset_s3_bucket_producer', 'dataset_alias_example_alias_producer' retrieved from /home/airflow/.local/lib/python3.12/site-packages/airflow/example_dags/example_dataset_alias.py
[2025-02-07T08:04:36.709+0000] {logging_mixin.py:190} INFO - [2025-02-07T08:04:36.709+0000] {dag.py:3239} INFO - Sync 4 DAGs
[2025-02-07T08:04:36.724+0000] {logging_mixin.py:190} INFO - [2025-02-07T08:04:36.724+0000] {dag.py:4180} INFO - Setting next_dagrun for dataset_alias_example_alias_consumer to None, run_after=None
[2025-02-07T08:04:36.726+0000] {logging_mixin.py:190} INFO - [2025-02-07T08:04:36.726+0000] {dag.py:4180} INFO - Setting next_dagrun for dataset_alias_example_alias_producer to None, run_after=None
[2025-02-07T08:04:36.726+0000] {logging_mixin.py:190} INFO - [2025-02-07T08:04:36.726+0000] {dag.py:4180} INFO - Setting next_dagrun for dataset_s3_bucket_consumer to None, run_after=None
[2025-02-07T08:04:36.727+0000] {logging_mixin.py:190} INFO - [2025-02-07T08:04:36.727+0000] {dag.py:4180} INFO - Setting next_dagrun for dataset_s3_bucket_producer to None, run_after=None
[2025-02-07T08:04:36.741+0000] {processor.py:208} INFO - Processing /home/airflow/.local/lib/python3.12/site-packages/airflow/example_dags/example_dataset_alias.py took 0.428 seconds
[2025-02-07T08:05:07.083+0000] {processor.py:186} INFO - Started process (PID=903) to work on /home/airflow/.local/lib/python3.12/site-packages/airflow/example_dags/example_dataset_alias.py
[2025-02-07T08:05:07.084+0000] {processor.py:914} INFO - Processing file /home/airflow/.local/lib/python3.12/site-packages/airflow/example_dags/example_dataset_alias.py for tasks to queue
[2025-02-07T08:05:07.085+0000] {logging_mixin.py:190} INFO - [2025-02-07T08:05:07.085+0000] {dagbag.py:588} INFO - Filling up the DagBag from /home/airflow/.local/lib/python3.12/site-packages/airflow/example_dags/example_dataset_alias.py
[2025-02-07T08:05:07.436+0000] {processor.py:925} INFO - DAG(s) 'dataset_s3_bucket_consumer', 'dataset_s3_bucket_producer', 'dataset_alias_example_alias_consumer', 'dataset_alias_example_alias_producer' retrieved from /home/airflow/.local/lib/python3.12/site-packages/airflow/example_dags/example_dataset_alias.py
[2025-02-07T08:05:07.447+0000] {logging_mixin.py:190} INFO - [2025-02-07T08:05:07.447+0000] {dag.py:3239} INFO - Sync 4 DAGs
[2025-02-07T08:05:07.460+0000] {logging_mixin.py:190} INFO - [2025-02-07T08:05:07.460+0000] {dag.py:4180} INFO - Setting next_dagrun for dataset_alias_example_alias_consumer to None, run_after=None
[2025-02-07T08:05:07.463+0000] {logging_mixin.py:190} INFO - [2025-02-07T08:05:07.462+0000] {dag.py:4180} INFO - Setting next_dagrun for dataset_alias_example_alias_producer to None, run_after=None
[2025-02-07T08:05:07.463+0000] {logging_mixin.py:190} INFO - [2025-02-07T08:05:07.463+0000] {dag.py:4180} INFO - Setting next_dagrun for dataset_s3_bucket_consumer to None, run_after=None
[2025-02-07T08:05:07.464+0000] {logging_mixin.py:190} INFO - [2025-02-07T08:05:07.464+0000] {dag.py:4180} INFO - Setting next_dagrun for dataset_s3_bucket_producer to None, run_after=None
[2025-02-07T08:05:07.475+0000] {processor.py:208} INFO - Processing /home/airflow/.local/lib/python3.12/site-packages/airflow/example_dags/example_dataset_alias.py took 0.396 seconds
[2025-02-07T08:05:38.084+0000] {processor.py:186} INFO - Started process (PID=983) to work on /home/airflow/.local/lib/python3.12/site-packages/airflow/example_dags/example_dataset_alias.py
[2025-02-07T08:05:38.084+0000] {processor.py:914} INFO - Processing file /home/airflow/.local/lib/python3.12/site-packages/airflow/example_dags/example_dataset_alias.py for tasks to queue
[2025-02-07T08:05:38.085+0000] {logging_mixin.py:190} INFO - [2025-02-07T08:05:38.085+0000] {dagbag.py:588} INFO - Filling up the DagBag from /home/airflow/.local/lib/python3.12/site-packages/airflow/example_dags/example_dataset_alias.py
[2025-02-07T08:05:38.438+0000] {processor.py:925} INFO - DAG(s) 'dataset_alias_example_alias_consumer', 'dataset_alias_example_alias_producer', 'dataset_s3_bucket_producer', 'dataset_s3_bucket_consumer' retrieved from /home/airflow/.local/lib/python3.12/site-packages/airflow/example_dags/example_dataset_alias.py
[2025-02-07T08:05:38.457+0000] {logging_mixin.py:190} INFO - [2025-02-07T08:05:38.456+0000] {dag.py:3239} INFO - Sync 4 DAGs
[2025-02-07T08:05:38.470+0000] {logging_mixin.py:190} INFO - [2025-02-07T08:05:38.470+0000] {dag.py:4180} INFO - Setting next_dagrun for dataset_alias_example_alias_consumer to None, run_after=None
[2025-02-07T08:05:38.472+0000] {logging_mixin.py:190} INFO - [2025-02-07T08:05:38.472+0000] {dag.py:4180} INFO - Setting next_dagrun for dataset_alias_example_alias_producer to None, run_after=None
[2025-02-07T08:05:38.473+0000] {logging_mixin.py:190} INFO - [2025-02-07T08:05:38.473+0000] {dag.py:4180} INFO - Setting next_dagrun for dataset_s3_bucket_consumer to None, run_after=None
[2025-02-07T08:05:38.474+0000] {logging_mixin.py:190} INFO - [2025-02-07T08:05:38.474+0000] {dag.py:4180} INFO - Setting next_dagrun for dataset_s3_bucket_producer to None, run_after=None
[2025-02-07T08:05:38.487+0000] {processor.py:208} INFO - Processing /home/airflow/.local/lib/python3.12/site-packages/airflow/example_dags/example_dataset_alias.py took 0.407 seconds
[2025-02-07T08:06:08.802+0000] {processor.py:186} INFO - Started process (PID=1068) to work on /home/airflow/.local/lib/python3.12/site-packages/airflow/example_dags/example_dataset_alias.py
[2025-02-07T08:06:08.803+0000] {processor.py:914} INFO - Processing file /home/airflow/.local/lib/python3.12/site-packages/airflow/example_dags/example_dataset_alias.py for tasks to queue
[2025-02-07T08:06:08.805+0000] {logging_mixin.py:190} INFO - [2025-02-07T08:06:08.805+0000] {dagbag.py:588} INFO - Filling up the DagBag from /home/airflow/.local/lib/python3.12/site-packages/airflow/example_dags/example_dataset_alias.py
[2025-02-07T08:06:09.151+0000] {processor.py:925} INFO - DAG(s) 'dataset_s3_bucket_producer', 'dataset_alias_example_alias_producer', 'dataset_s3_bucket_consumer', 'dataset_alias_example_alias_consumer' retrieved from /home/airflow/.local/lib/python3.12/site-packages/airflow/example_dags/example_dataset_alias.py
[2025-02-07T08:06:09.163+0000] {logging_mixin.py:190} INFO - [2025-02-07T08:06:09.162+0000] {dag.py:3239} INFO - Sync 4 DAGs
[2025-02-07T08:06:09.174+0000] {logging_mixin.py:190} INFO - [2025-02-07T08:06:09.174+0000] {dag.py:4180} INFO - Setting next_dagrun for dataset_alias_example_alias_consumer to None, run_after=None
[2025-02-07T08:06:09.176+0000] {logging_mixin.py:190} INFO - [2025-02-07T08:06:09.175+0000] {dag.py:4180} INFO - Setting next_dagrun for dataset_alias_example_alias_producer to None, run_after=None
[2025-02-07T08:06:09.176+0000] {logging_mixin.py:190} INFO - [2025-02-07T08:06:09.176+0000] {dag.py:4180} INFO - Setting next_dagrun for dataset_s3_bucket_consumer to None, run_after=None
[2025-02-07T08:06:09.177+0000] {logging_mixin.py:190} INFO - [2025-02-07T08:06:09.177+0000] {dag.py:4180} INFO - Setting next_dagrun for dataset_s3_bucket_producer to None, run_after=None
[2025-02-07T08:06:09.189+0000] {processor.py:208} INFO - Processing /home/airflow/.local/lib/python3.12/site-packages/airflow/example_dags/example_dataset_alias.py took 0.392 seconds
[2025-02-07T08:06:40.014+0000] {processor.py:186} INFO - Started process (PID=1153) to work on /home/airflow/.local/lib/python3.12/site-packages/airflow/example_dags/example_dataset_alias.py
[2025-02-07T08:06:40.015+0000] {processor.py:914} INFO - Processing file /home/airflow/.local/lib/python3.12/site-packages/airflow/example_dags/example_dataset_alias.py for tasks to queue
[2025-02-07T08:06:40.016+0000] {logging_mixin.py:190} INFO - [2025-02-07T08:06:40.016+0000] {dagbag.py:588} INFO - Filling up the DagBag from /home/airflow/.local/lib/python3.12/site-packages/airflow/example_dags/example_dataset_alias.py
[2025-02-07T08:06:40.369+0000] {processor.py:925} INFO - DAG(s) 'dataset_s3_bucket_consumer', 'dataset_alias_example_alias_consumer', 'dataset_s3_bucket_producer', 'dataset_alias_example_alias_producer' retrieved from /home/airflow/.local/lib/python3.12/site-packages/airflow/example_dags/example_dataset_alias.py
[2025-02-07T08:06:40.394+0000] {logging_mixin.py:190} INFO - [2025-02-07T08:06:40.393+0000] {dag.py:3239} INFO - Sync 4 DAGs
[2025-02-07T08:06:40.426+0000] {logging_mixin.py:190} INFO - [2025-02-07T08:06:40.426+0000] {dag.py:4180} INFO - Setting next_dagrun for dataset_alias_example_alias_consumer to None, run_after=None
[2025-02-07T08:06:40.429+0000] {logging_mixin.py:190} INFO - [2025-02-07T08:06:40.429+0000] {dag.py:4180} INFO - Setting next_dagrun for dataset_alias_example_alias_producer to None, run_after=None
[2025-02-07T08:06:40.430+0000] {logging_mixin.py:190} INFO - [2025-02-07T08:06:40.430+0000] {dag.py:4180} INFO - Setting next_dagrun for dataset_s3_bucket_consumer to None, run_after=None
[2025-02-07T08:06:40.431+0000] {logging_mixin.py:190} INFO - [2025-02-07T08:06:40.431+0000] {dag.py:4180} INFO - Setting next_dagrun for dataset_s3_bucket_producer to None, run_after=None
[2025-02-07T08:06:40.450+0000] {processor.py:208} INFO - Processing /home/airflow/.local/lib/python3.12/site-packages/airflow/example_dags/example_dataset_alias.py took 0.440 seconds
[2025-02-07T08:07:11.031+0000] {processor.py:186} INFO - Started process (PID=1238) to work on /home/airflow/.local/lib/python3.12/site-packages/airflow/example_dags/example_dataset_alias.py
[2025-02-07T08:07:11.032+0000] {processor.py:914} INFO - Processing file /home/airflow/.local/lib/python3.12/site-packages/airflow/example_dags/example_dataset_alias.py for tasks to queue
[2025-02-07T08:07:11.033+0000] {logging_mixin.py:190} INFO - [2025-02-07T08:07:11.033+0000] {dagbag.py:588} INFO - Filling up the DagBag from /home/airflow/.local/lib/python3.12/site-packages/airflow/example_dags/example_dataset_alias.py
[2025-02-07T08:07:11.379+0000] {processor.py:925} INFO - DAG(s) 'dataset_alias_example_alias_consumer', 'dataset_s3_bucket_consumer', 'dataset_s3_bucket_producer', 'dataset_alias_example_alias_producer' retrieved from /home/airflow/.local/lib/python3.12/site-packages/airflow/example_dags/example_dataset_alias.py
[2025-02-07T08:07:11.392+0000] {logging_mixin.py:190} INFO - [2025-02-07T08:07:11.392+0000] {dag.py:3239} INFO - Sync 4 DAGs
[2025-02-07T08:07:11.405+0000] {logging_mixin.py:190} INFO - [2025-02-07T08:07:11.405+0000] {dag.py:4180} INFO - Setting next_dagrun for dataset_alias_example_alias_consumer to None, run_after=None
[2025-02-07T08:07:11.406+0000] {logging_mixin.py:190} INFO - [2025-02-07T08:07:11.406+0000] {dag.py:4180} INFO - Setting next_dagrun for dataset_alias_example_alias_producer to None, run_after=None
[2025-02-07T08:07:11.407+0000] {logging_mixin.py:190} INFO - [2025-02-07T08:07:11.407+0000] {dag.py:4180} INFO - Setting next_dagrun for dataset_s3_bucket_consumer to None, run_after=None
[2025-02-07T08:07:11.408+0000] {logging_mixin.py:190} INFO - [2025-02-07T08:07:11.407+0000] {dag.py:4180} INFO - Setting next_dagrun for dataset_s3_bucket_producer to None, run_after=None
[2025-02-07T08:07:11.418+0000] {processor.py:208} INFO - Processing /home/airflow/.local/lib/python3.12/site-packages/airflow/example_dags/example_dataset_alias.py took 0.390 seconds
[2025-02-07T08:07:41.505+0000] {processor.py:186} INFO - Started process (PID=1323) to work on /home/airflow/.local/lib/python3.12/site-packages/airflow/example_dags/example_dataset_alias.py
[2025-02-07T08:07:41.506+0000] {processor.py:914} INFO - Processing file /home/airflow/.local/lib/python3.12/site-packages/airflow/example_dags/example_dataset_alias.py for tasks to queue
[2025-02-07T08:07:41.507+0000] {logging_mixin.py:190} INFO - [2025-02-07T08:07:41.507+0000] {dagbag.py:588} INFO - Filling up the DagBag from /home/airflow/.local/lib/python3.12/site-packages/airflow/example_dags/example_dataset_alias.py
[2025-02-07T08:07:41.862+0000] {processor.py:925} INFO - DAG(s) 'dataset_s3_bucket_consumer', 'dataset_alias_example_alias_producer', 'dataset_alias_example_alias_consumer', 'dataset_s3_bucket_producer' retrieved from /home/airflow/.local/lib/python3.12/site-packages/airflow/example_dags/example_dataset_alias.py
[2025-02-07T08:07:41.873+0000] {logging_mixin.py:190} INFO - [2025-02-07T08:07:41.873+0000] {dag.py:3239} INFO - Sync 4 DAGs
[2025-02-07T08:07:41.886+0000] {logging_mixin.py:190} INFO - [2025-02-07T08:07:41.886+0000] {dag.py:4180} INFO - Setting next_dagrun for dataset_alias_example_alias_consumer to None, run_after=None
[2025-02-07T08:07:41.888+0000] {logging_mixin.py:190} INFO - [2025-02-07T08:07:41.888+0000] {dag.py:4180} INFO - Setting next_dagrun for dataset_alias_example_alias_producer to None, run_after=None
[2025-02-07T08:07:41.889+0000] {logging_mixin.py:190} INFO - [2025-02-07T08:07:41.889+0000] {dag.py:4180} INFO - Setting next_dagrun for dataset_s3_bucket_consumer to None, run_after=None
[2025-02-07T08:07:41.890+0000] {logging_mixin.py:190} INFO - [2025-02-07T08:07:41.890+0000] {dag.py:4180} INFO - Setting next_dagrun for dataset_s3_bucket_producer to None, run_after=None
[2025-02-07T08:07:41.902+0000] {processor.py:208} INFO - Processing /home/airflow/.local/lib/python3.12/site-packages/airflow/example_dags/example_dataset_alias.py took 0.401 seconds
[2025-02-07T08:08:12.107+0000] {processor.py:186} INFO - Started process (PID=1412) to work on /home/airflow/.local/lib/python3.12/site-packages/airflow/example_dags/example_dataset_alias.py
[2025-02-07T08:08:12.107+0000] {processor.py:914} INFO - Processing file /home/airflow/.local/lib/python3.12/site-packages/airflow/example_dags/example_dataset_alias.py for tasks to queue
[2025-02-07T08:08:12.108+0000] {logging_mixin.py:190} INFO - [2025-02-07T08:08:12.108+0000] {dagbag.py:588} INFO - Filling up the DagBag from /home/airflow/.local/lib/python3.12/site-packages/airflow/example_dags/example_dataset_alias.py
[2025-02-07T08:08:12.457+0000] {processor.py:925} INFO - DAG(s) 'dataset_s3_bucket_consumer', 'dataset_alias_example_alias_producer', 'dataset_s3_bucket_producer', 'dataset_alias_example_alias_consumer' retrieved from /home/airflow/.local/lib/python3.12/site-packages/airflow/example_dags/example_dataset_alias.py
[2025-02-07T08:08:12.469+0000] {logging_mixin.py:190} INFO - [2025-02-07T08:08:12.468+0000] {dag.py:3239} INFO - Sync 4 DAGs
[2025-02-07T08:08:12.482+0000] {logging_mixin.py:190} INFO - [2025-02-07T08:08:12.481+0000] {dag.py:4180} INFO - Setting next_dagrun for dataset_alias_example_alias_consumer to None, run_after=None
[2025-02-07T08:08:12.484+0000] {logging_mixin.py:190} INFO - [2025-02-07T08:08:12.484+0000] {dag.py:4180} INFO - Setting next_dagrun for dataset_alias_example_alias_producer to None, run_after=None
[2025-02-07T08:08:12.485+0000] {logging_mixin.py:190} INFO - [2025-02-07T08:08:12.485+0000] {dag.py:4180} INFO - Setting next_dagrun for dataset_s3_bucket_consumer to None, run_after=None
[2025-02-07T08:08:12.485+0000] {logging_mixin.py:190} INFO - [2025-02-07T08:08:12.485+0000] {dag.py:4180} INFO - Setting next_dagrun for dataset_s3_bucket_producer to None, run_after=None
[2025-02-07T08:08:12.497+0000] {processor.py:208} INFO - Processing /home/airflow/.local/lib/python3.12/site-packages/airflow/example_dags/example_dataset_alias.py took 0.395 seconds
[2025-02-07T08:08:43.547+0000] {processor.py:186} INFO - Started process (PID=1496) to work on /home/airflow/.local/lib/python3.12/site-packages/airflow/example_dags/example_dataset_alias.py
[2025-02-07T08:08:43.548+0000] {processor.py:914} INFO - Processing file /home/airflow/.local/lib/python3.12/site-packages/airflow/example_dags/example_dataset_alias.py for tasks to queue
[2025-02-07T08:08:43.549+0000] {logging_mixin.py:190} INFO - [2025-02-07T08:08:43.549+0000] {dagbag.py:588} INFO - Filling up the DagBag from /home/airflow/.local/lib/python3.12/site-packages/airflow/example_dags/example_dataset_alias.py
[2025-02-07T08:08:43.917+0000] {processor.py:925} INFO - DAG(s) 'dataset_s3_bucket_consumer', 'dataset_alias_example_alias_consumer', 'dataset_s3_bucket_producer', 'dataset_alias_example_alias_producer' retrieved from /home/airflow/.local/lib/python3.12/site-packages/airflow/example_dags/example_dataset_alias.py
[2025-02-07T08:08:43.928+0000] {logging_mixin.py:190} INFO - [2025-02-07T08:08:43.928+0000] {dag.py:3239} INFO - Sync 4 DAGs
[2025-02-07T08:08:43.940+0000] {logging_mixin.py:190} INFO - [2025-02-07T08:08:43.940+0000] {dag.py:4180} INFO - Setting next_dagrun for dataset_alias_example_alias_consumer to None, run_after=None
[2025-02-07T08:08:43.942+0000] {logging_mixin.py:190} INFO - [2025-02-07T08:08:43.942+0000] {dag.py:4180} INFO - Setting next_dagrun for dataset_alias_example_alias_producer to None, run_after=None
[2025-02-07T08:08:43.943+0000] {logging_mixin.py:190} INFO - [2025-02-07T08:08:43.943+0000] {dag.py:4180} INFO - Setting next_dagrun for dataset_s3_bucket_consumer to None, run_after=None
[2025-02-07T08:08:43.943+0000] {logging_mixin.py:190} INFO - [2025-02-07T08:08:43.943+0000] {dag.py:4180} INFO - Setting next_dagrun for dataset_s3_bucket_producer to None, run_after=None
[2025-02-07T08:08:43.958+0000] {processor.py:208} INFO - Processing /home/airflow/.local/lib/python3.12/site-packages/airflow/example_dags/example_dataset_alias.py took 0.414 seconds
[2025-02-07T08:09:14.163+0000] {processor.py:186} INFO - Started process (PID=1565) to work on /home/airflow/.local/lib/python3.12/site-packages/airflow/example_dags/example_dataset_alias.py
[2025-02-07T08:09:14.163+0000] {processor.py:914} INFO - Processing file /home/airflow/.local/lib/python3.12/site-packages/airflow/example_dags/example_dataset_alias.py for tasks to queue
[2025-02-07T08:09:14.164+0000] {logging_mixin.py:190} INFO - [2025-02-07T08:09:14.164+0000] {dagbag.py:588} INFO - Filling up the DagBag from /home/airflow/.local/lib/python3.12/site-packages/airflow/example_dags/example_dataset_alias.py
[2025-02-07T08:09:14.511+0000] {processor.py:925} INFO - DAG(s) 'dataset_alias_example_alias_consumer', 'dataset_s3_bucket_consumer', 'dataset_alias_example_alias_producer', 'dataset_s3_bucket_producer' retrieved from /home/airflow/.local/lib/python3.12/site-packages/airflow/example_dags/example_dataset_alias.py
[2025-02-07T08:09:14.531+0000] {logging_mixin.py:190} INFO - [2025-02-07T08:09:14.530+0000] {dag.py:3239} INFO - Sync 4 DAGs
[2025-02-07T08:09:14.544+0000] {logging_mixin.py:190} INFO - [2025-02-07T08:09:14.544+0000] {dag.py:4180} INFO - Setting next_dagrun for dataset_alias_example_alias_consumer to None, run_after=None
[2025-02-07T08:09:14.547+0000] {logging_mixin.py:190} INFO - [2025-02-07T08:09:14.547+0000] {dag.py:4180} INFO - Setting next_dagrun for dataset_alias_example_alias_producer to None, run_after=None
[2025-02-07T08:09:14.548+0000] {logging_mixin.py:190} INFO - [2025-02-07T08:09:14.548+0000] {dag.py:4180} INFO - Setting next_dagrun for dataset_s3_bucket_consumer to None, run_after=None
[2025-02-07T08:09:14.549+0000] {logging_mixin.py:190} INFO - [2025-02-07T08:09:14.549+0000] {dag.py:4180} INFO - Setting next_dagrun for dataset_s3_bucket_producer to None, run_after=None
[2025-02-07T08:09:14.563+0000] {processor.py:208} INFO - Processing /home/airflow/.local/lib/python3.12/site-packages/airflow/example_dags/example_dataset_alias.py took 0.404 seconds
[2025-02-07T08:09:44.985+0000] {processor.py:186} INFO - Started process (PID=1648) to work on /home/airflow/.local/lib/python3.12/site-packages/airflow/example_dags/example_dataset_alias.py
[2025-02-07T08:09:44.985+0000] {processor.py:914} INFO - Processing file /home/airflow/.local/lib/python3.12/site-packages/airflow/example_dags/example_dataset_alias.py for tasks to queue
[2025-02-07T08:09:44.986+0000] {logging_mixin.py:190} INFO - [2025-02-07T08:09:44.986+0000] {dagbag.py:588} INFO - Filling up the DagBag from /home/airflow/.local/lib/python3.12/site-packages/airflow/example_dags/example_dataset_alias.py
[2025-02-07T08:09:45.398+0000] {processor.py:925} INFO - DAG(s) 'dataset_s3_bucket_consumer', 'dataset_s3_bucket_producer', 'dataset_alias_example_alias_producer', 'dataset_alias_example_alias_consumer' retrieved from /home/airflow/.local/lib/python3.12/site-packages/airflow/example_dags/example_dataset_alias.py
[2025-02-07T08:09:45.410+0000] {logging_mixin.py:190} INFO - [2025-02-07T08:09:45.410+0000] {dag.py:3239} INFO - Sync 4 DAGs
[2025-02-07T08:09:45.424+0000] {logging_mixin.py:190} INFO - [2025-02-07T08:09:45.423+0000] {dag.py:4180} INFO - Setting next_dagrun for dataset_alias_example_alias_consumer to None, run_after=None
[2025-02-07T08:09:45.425+0000] {logging_mixin.py:190} INFO - [2025-02-07T08:09:45.425+0000] {dag.py:4180} INFO - Setting next_dagrun for dataset_alias_example_alias_producer to None, run_after=None
[2025-02-07T08:09:45.426+0000] {logging_mixin.py:190} INFO - [2025-02-07T08:09:45.426+0000] {dag.py:4180} INFO - Setting next_dagrun for dataset_s3_bucket_consumer to None, run_after=None
[2025-02-07T08:09:45.427+0000] {logging_mixin.py:190} INFO - [2025-02-07T08:09:45.426+0000] {dag.py:4180} INFO - Setting next_dagrun for dataset_s3_bucket_producer to None, run_after=None
[2025-02-07T08:09:45.438+0000] {processor.py:208} INFO - Processing /home/airflow/.local/lib/python3.12/site-packages/airflow/example_dags/example_dataset_alias.py took 0.457 seconds
[2025-02-07T08:10:15.722+0000] {processor.py:186} INFO - Started process (PID=1727) to work on /home/airflow/.local/lib/python3.12/site-packages/airflow/example_dags/example_dataset_alias.py
[2025-02-07T08:10:15.722+0000] {processor.py:914} INFO - Processing file /home/airflow/.local/lib/python3.12/site-packages/airflow/example_dags/example_dataset_alias.py for tasks to queue
[2025-02-07T08:10:15.724+0000] {logging_mixin.py:190} INFO - [2025-02-07T08:10:15.724+0000] {dagbag.py:588} INFO - Filling up the DagBag from /home/airflow/.local/lib/python3.12/site-packages/airflow/example_dags/example_dataset_alias.py
[2025-02-07T08:10:16.092+0000] {processor.py:925} INFO - DAG(s) 'dataset_s3_bucket_consumer', 'dataset_alias_example_alias_producer', 'dataset_s3_bucket_producer', 'dataset_alias_example_alias_consumer' retrieved from /home/airflow/.local/lib/python3.12/site-packages/airflow/example_dags/example_dataset_alias.py
[2025-02-07T08:10:16.113+0000] {logging_mixin.py:190} INFO - [2025-02-07T08:10:16.113+0000] {dag.py:3239} INFO - Sync 4 DAGs
[2025-02-07T08:10:16.127+0000] {logging_mixin.py:190} INFO - [2025-02-07T08:10:16.127+0000] {dag.py:4180} INFO - Setting next_dagrun for dataset_alias_example_alias_consumer to None, run_after=None
[2025-02-07T08:10:16.129+0000] {logging_mixin.py:190} INFO - [2025-02-07T08:10:16.129+0000] {dag.py:4180} INFO - Setting next_dagrun for dataset_alias_example_alias_producer to None, run_after=None
[2025-02-07T08:10:16.130+0000] {logging_mixin.py:190} INFO - [2025-02-07T08:10:16.130+0000] {dag.py:4180} INFO - Setting next_dagrun for dataset_s3_bucket_consumer to None, run_after=None
[2025-02-07T08:10:16.130+0000] {logging_mixin.py:190} INFO - [2025-02-07T08:10:16.130+0000] {dag.py:4180} INFO - Setting next_dagrun for dataset_s3_bucket_producer to None, run_after=None
[2025-02-07T08:10:16.141+0000] {processor.py:208} INFO - Processing /home/airflow/.local/lib/python3.12/site-packages/airflow/example_dags/example_dataset_alias.py took 0.424 seconds
[2025-02-07T08:10:46.461+0000] {processor.py:186} INFO - Started process (PID=1811) to work on /home/airflow/.local/lib/python3.12/site-packages/airflow/example_dags/example_dataset_alias.py
[2025-02-07T08:10:46.461+0000] {processor.py:914} INFO - Processing file /home/airflow/.local/lib/python3.12/site-packages/airflow/example_dags/example_dataset_alias.py for tasks to queue
[2025-02-07T08:10:46.462+0000] {logging_mixin.py:190} INFO - [2025-02-07T08:10:46.462+0000] {dagbag.py:588} INFO - Filling up the DagBag from /home/airflow/.local/lib/python3.12/site-packages/airflow/example_dags/example_dataset_alias.py
[2025-02-07T08:10:46.819+0000] {processor.py:925} INFO - DAG(s) 'dataset_alias_example_alias_producer', 'dataset_s3_bucket_consumer', 'dataset_s3_bucket_producer', 'dataset_alias_example_alias_consumer' retrieved from /home/airflow/.local/lib/python3.12/site-packages/airflow/example_dags/example_dataset_alias.py
[2025-02-07T08:10:46.836+0000] {logging_mixin.py:190} INFO - [2025-02-07T08:10:46.836+0000] {dag.py:3239} INFO - Sync 4 DAGs
[2025-02-07T08:10:46.852+0000] {logging_mixin.py:190} INFO - [2025-02-07T08:10:46.852+0000] {dag.py:4180} INFO - Setting next_dagrun for dataset_alias_example_alias_consumer to None, run_after=None
[2025-02-07T08:10:46.853+0000] {logging_mixin.py:190} INFO - [2025-02-07T08:10:46.853+0000] {dag.py:4180} INFO - Setting next_dagrun for dataset_alias_example_alias_producer to None, run_after=None
[2025-02-07T08:10:46.854+0000] {logging_mixin.py:190} INFO - [2025-02-07T08:10:46.854+0000] {dag.py:4180} INFO - Setting next_dagrun for dataset_s3_bucket_consumer to None, run_after=None
[2025-02-07T08:10:46.855+0000] {logging_mixin.py:190} INFO - [2025-02-07T08:10:46.854+0000] {dag.py:4180} INFO - Setting next_dagrun for dataset_s3_bucket_producer to None, run_after=None
[2025-02-07T08:10:46.872+0000] {processor.py:208} INFO - Processing /home/airflow/.local/lib/python3.12/site-packages/airflow/example_dags/example_dataset_alias.py took 0.414 seconds
[2025-02-07T08:11:16.921+0000] {processor.py:186} INFO - Started process (PID=1901) to work on /home/airflow/.local/lib/python3.12/site-packages/airflow/example_dags/example_dataset_alias.py
[2025-02-07T08:11:16.922+0000] {processor.py:914} INFO - Processing file /home/airflow/.local/lib/python3.12/site-packages/airflow/example_dags/example_dataset_alias.py for tasks to queue
[2025-02-07T08:11:16.924+0000] {logging_mixin.py:190} INFO - [2025-02-07T08:11:16.924+0000] {dagbag.py:588} INFO - Filling up the DagBag from /home/airflow/.local/lib/python3.12/site-packages/airflow/example_dags/example_dataset_alias.py
[2025-02-07T08:11:17.275+0000] {processor.py:925} INFO - DAG(s) 'dataset_s3_bucket_producer', 'dataset_s3_bucket_consumer', 'dataset_alias_example_alias_consumer', 'dataset_alias_example_alias_producer' retrieved from /home/airflow/.local/lib/python3.12/site-packages/airflow/example_dags/example_dataset_alias.py
[2025-02-07T08:11:17.294+0000] {logging_mixin.py:190} INFO - [2025-02-07T08:11:17.293+0000] {dag.py:3239} INFO - Sync 4 DAGs
[2025-02-07T08:11:17.315+0000] {logging_mixin.py:190} INFO - [2025-02-07T08:11:17.315+0000] {dag.py:4180} INFO - Setting next_dagrun for dataset_alias_example_alias_consumer to None, run_after=None
[2025-02-07T08:11:17.318+0000] {logging_mixin.py:190} INFO - [2025-02-07T08:11:17.318+0000] {dag.py:4180} INFO - Setting next_dagrun for dataset_alias_example_alias_producer to None, run_after=None
[2025-02-07T08:11:17.319+0000] {logging_mixin.py:190} INFO - [2025-02-07T08:11:17.319+0000] {dag.py:4180} INFO - Setting next_dagrun for dataset_s3_bucket_consumer to None, run_after=None
[2025-02-07T08:11:17.320+0000] {logging_mixin.py:190} INFO - [2025-02-07T08:11:17.320+0000] {dag.py:4180} INFO - Setting next_dagrun for dataset_s3_bucket_producer to None, run_after=None
[2025-02-07T08:11:17.337+0000] {processor.py:208} INFO - Processing /home/airflow/.local/lib/python3.12/site-packages/airflow/example_dags/example_dataset_alias.py took 0.421 seconds
[2025-02-07T08:11:47.795+0000] {processor.py:186} INFO - Started process (PID=1981) to work on /home/airflow/.local/lib/python3.12/site-packages/airflow/example_dags/example_dataset_alias.py
[2025-02-07T08:11:47.795+0000] {processor.py:914} INFO - Processing file /home/airflow/.local/lib/python3.12/site-packages/airflow/example_dags/example_dataset_alias.py for tasks to queue
[2025-02-07T08:11:47.796+0000] {logging_mixin.py:190} INFO - [2025-02-07T08:11:47.796+0000] {dagbag.py:588} INFO - Filling up the DagBag from /home/airflow/.local/lib/python3.12/site-packages/airflow/example_dags/example_dataset_alias.py
[2025-02-07T08:11:48.144+0000] {processor.py:925} INFO - DAG(s) 'dataset_alias_example_alias_consumer', 'dataset_alias_example_alias_producer', 'dataset_s3_bucket_consumer', 'dataset_s3_bucket_producer' retrieved from /home/airflow/.local/lib/python3.12/site-packages/airflow/example_dags/example_dataset_alias.py
[2025-02-07T08:11:48.155+0000] {logging_mixin.py:190} INFO - [2025-02-07T08:11:48.155+0000] {dag.py:3239} INFO - Sync 4 DAGs
[2025-02-07T08:11:48.168+0000] {logging_mixin.py:190} INFO - [2025-02-07T08:11:48.167+0000] {dag.py:4180} INFO - Setting next_dagrun for dataset_alias_example_alias_consumer to None, run_after=None
[2025-02-07T08:11:48.170+0000] {logging_mixin.py:190} INFO - [2025-02-07T08:11:48.170+0000] {dag.py:4180} INFO - Setting next_dagrun for dataset_alias_example_alias_producer to None, run_after=None
[2025-02-07T08:11:48.171+0000] {logging_mixin.py:190} INFO - [2025-02-07T08:11:48.170+0000] {dag.py:4180} INFO - Setting next_dagrun for dataset_s3_bucket_consumer to None, run_after=None
[2025-02-07T08:11:48.171+0000] {logging_mixin.py:190} INFO - [2025-02-07T08:11:48.171+0000] {dag.py:4180} INFO - Setting next_dagrun for dataset_s3_bucket_producer to None, run_after=None
[2025-02-07T08:11:48.184+0000] {processor.py:208} INFO - Processing /home/airflow/.local/lib/python3.12/site-packages/airflow/example_dags/example_dataset_alias.py took 0.393 seconds
[2025-02-07T08:12:18.996+0000] {processor.py:186} INFO - Started process (PID=2066) to work on /home/airflow/.local/lib/python3.12/site-packages/airflow/example_dags/example_dataset_alias.py
[2025-02-07T08:12:18.997+0000] {processor.py:914} INFO - Processing file /home/airflow/.local/lib/python3.12/site-packages/airflow/example_dags/example_dataset_alias.py for tasks to queue
[2025-02-07T08:12:19.000+0000] {logging_mixin.py:190} INFO - [2025-02-07T08:12:18.999+0000] {dagbag.py:588} INFO - Filling up the DagBag from /home/airflow/.local/lib/python3.12/site-packages/airflow/example_dags/example_dataset_alias.py
[2025-02-07T08:12:19.348+0000] {processor.py:925} INFO - DAG(s) 'dataset_s3_bucket_consumer', 'dataset_alias_example_alias_producer', 'dataset_alias_example_alias_consumer', 'dataset_s3_bucket_producer' retrieved from /home/airflow/.local/lib/python3.12/site-packages/airflow/example_dags/example_dataset_alias.py
[2025-02-07T08:12:19.359+0000] {logging_mixin.py:190} INFO - [2025-02-07T08:12:19.359+0000] {dag.py:3239} INFO - Sync 4 DAGs
[2025-02-07T08:12:19.371+0000] {logging_mixin.py:190} INFO - [2025-02-07T08:12:19.371+0000] {dag.py:4180} INFO - Setting next_dagrun for dataset_alias_example_alias_consumer to None, run_after=None
[2025-02-07T08:12:19.374+0000] {logging_mixin.py:190} INFO - [2025-02-07T08:12:19.373+0000] {dag.py:4180} INFO - Setting next_dagrun for dataset_alias_example_alias_producer to None, run_after=None
[2025-02-07T08:12:19.374+0000] {logging_mixin.py:190} INFO - [2025-02-07T08:12:19.374+0000] {dag.py:4180} INFO - Setting next_dagrun for dataset_s3_bucket_consumer to None, run_after=None
[2025-02-07T08:12:19.375+0000] {logging_mixin.py:190} INFO - [2025-02-07T08:12:19.375+0000] {dag.py:4180} INFO - Setting next_dagrun for dataset_s3_bucket_producer to None, run_after=None
[2025-02-07T08:12:19.386+0000] {processor.py:208} INFO - Processing /home/airflow/.local/lib/python3.12/site-packages/airflow/example_dags/example_dataset_alias.py took 0.396 seconds
[2025-02-07T08:12:49.432+0000] {processor.py:186} INFO - Started process (PID=2155) to work on /home/airflow/.local/lib/python3.12/site-packages/airflow/example_dags/example_dataset_alias.py
[2025-02-07T08:12:49.432+0000] {processor.py:914} INFO - Processing file /home/airflow/.local/lib/python3.12/site-packages/airflow/example_dags/example_dataset_alias.py for tasks to queue
[2025-02-07T08:12:49.433+0000] {logging_mixin.py:190} INFO - [2025-02-07T08:12:49.433+0000] {dagbag.py:588} INFO - Filling up the DagBag from /home/airflow/.local/lib/python3.12/site-packages/airflow/example_dags/example_dataset_alias.py
[2025-02-07T08:12:49.781+0000] {processor.py:925} INFO - DAG(s) 'dataset_alias_example_alias_consumer', 'dataset_alias_example_alias_producer', 'dataset_s3_bucket_consumer', 'dataset_s3_bucket_producer' retrieved from /home/airflow/.local/lib/python3.12/site-packages/airflow/example_dags/example_dataset_alias.py
[2025-02-07T08:12:49.792+0000] {logging_mixin.py:190} INFO - [2025-02-07T08:12:49.792+0000] {dag.py:3239} INFO - Sync 4 DAGs
[2025-02-07T08:12:49.805+0000] {logging_mixin.py:190} INFO - [2025-02-07T08:12:49.805+0000] {dag.py:4180} INFO - Setting next_dagrun for dataset_alias_example_alias_consumer to None, run_after=None
[2025-02-07T08:12:49.807+0000] {logging_mixin.py:190} INFO - [2025-02-07T08:12:49.806+0000] {dag.py:4180} INFO - Setting next_dagrun for dataset_alias_example_alias_producer to None, run_after=None
[2025-02-07T08:12:49.807+0000] {logging_mixin.py:190} INFO - [2025-02-07T08:12:49.807+0000] {dag.py:4180} INFO - Setting next_dagrun for dataset_s3_bucket_consumer to None, run_after=None
[2025-02-07T08:12:49.808+0000] {logging_mixin.py:190} INFO - [2025-02-07T08:12:49.808+0000] {dag.py:4180} INFO - Setting next_dagrun for dataset_s3_bucket_producer to None, run_after=None
[2025-02-07T08:12:49.820+0000] {processor.py:208} INFO - Processing /home/airflow/.local/lib/python3.12/site-packages/airflow/example_dags/example_dataset_alias.py took 0.392 seconds
[2025-02-07T08:13:20.154+0000] {processor.py:186} INFO - Started process (PID=2244) to work on /home/airflow/.local/lib/python3.12/site-packages/airflow/example_dags/example_dataset_alias.py
[2025-02-07T08:13:20.154+0000] {processor.py:914} INFO - Processing file /home/airflow/.local/lib/python3.12/site-packages/airflow/example_dags/example_dataset_alias.py for tasks to queue
[2025-02-07T08:13:20.155+0000] {logging_mixin.py:190} INFO - [2025-02-07T08:13:20.155+0000] {dagbag.py:588} INFO - Filling up the DagBag from /home/airflow/.local/lib/python3.12/site-packages/airflow/example_dags/example_dataset_alias.py
[2025-02-07T08:13:20.493+0000] {processor.py:925} INFO - DAG(s) 'dataset_alias_example_alias_producer', 'dataset_s3_bucket_producer', 'dataset_s3_bucket_consumer', 'dataset_alias_example_alias_consumer' retrieved from /home/airflow/.local/lib/python3.12/site-packages/airflow/example_dags/example_dataset_alias.py
[2025-02-07T08:13:20.504+0000] {logging_mixin.py:190} INFO - [2025-02-07T08:13:20.504+0000] {dag.py:3239} INFO - Sync 4 DAGs
[2025-02-07T08:13:20.517+0000] {logging_mixin.py:190} INFO - [2025-02-07T08:13:20.517+0000] {dag.py:4180} INFO - Setting next_dagrun for dataset_alias_example_alias_consumer to None, run_after=None
[2025-02-07T08:13:20.519+0000] {logging_mixin.py:190} INFO - [2025-02-07T08:13:20.519+0000] {dag.py:4180} INFO - Setting next_dagrun for dataset_alias_example_alias_producer to None, run_after=None
[2025-02-07T08:13:20.519+0000] {logging_mixin.py:190} INFO - [2025-02-07T08:13:20.519+0000] {dag.py:4180} INFO - Setting next_dagrun for dataset_s3_bucket_consumer to None, run_after=None
[2025-02-07T08:13:20.520+0000] {logging_mixin.py:190} INFO - [2025-02-07T08:13:20.520+0000] {dag.py:4180} INFO - Setting next_dagrun for dataset_s3_bucket_producer to None, run_after=None
[2025-02-07T08:13:20.530+0000] {processor.py:208} INFO - Processing /home/airflow/.local/lib/python3.12/site-packages/airflow/example_dags/example_dataset_alias.py took 0.380 seconds
[2025-02-07T08:13:50.584+0000] {processor.py:186} INFO - Started process (PID=2325) to work on /home/airflow/.local/lib/python3.12/site-packages/airflow/example_dags/example_dataset_alias.py
[2025-02-07T08:13:50.584+0000] {processor.py:914} INFO - Processing file /home/airflow/.local/lib/python3.12/site-packages/airflow/example_dags/example_dataset_alias.py for tasks to queue
[2025-02-07T08:13:50.585+0000] {logging_mixin.py:190} INFO - [2025-02-07T08:13:50.585+0000] {dagbag.py:588} INFO - Filling up the DagBag from /home/airflow/.local/lib/python3.12/site-packages/airflow/example_dags/example_dataset_alias.py
[2025-02-07T08:13:50.939+0000] {processor.py:925} INFO - DAG(s) 'dataset_alias_example_alias_producer', 'dataset_s3_bucket_producer', 'dataset_alias_example_alias_consumer', 'dataset_s3_bucket_consumer' retrieved from /home/airflow/.local/lib/python3.12/site-packages/airflow/example_dags/example_dataset_alias.py
[2025-02-07T08:13:50.961+0000] {logging_mixin.py:190} INFO - [2025-02-07T08:13:50.960+0000] {dag.py:3239} INFO - Sync 4 DAGs
[2025-02-07T08:13:50.975+0000] {logging_mixin.py:190} INFO - [2025-02-07T08:13:50.975+0000] {dag.py:4180} INFO - Setting next_dagrun for dataset_alias_example_alias_consumer to None, run_after=None
[2025-02-07T08:13:50.977+0000] {logging_mixin.py:190} INFO - [2025-02-07T08:13:50.977+0000] {dag.py:4180} INFO - Setting next_dagrun for dataset_alias_example_alias_producer to None, run_after=None
[2025-02-07T08:13:50.978+0000] {logging_mixin.py:190} INFO - [2025-02-07T08:13:50.977+0000] {dag.py:4180} INFO - Setting next_dagrun for dataset_s3_bucket_consumer to None, run_after=None
[2025-02-07T08:13:50.978+0000] {logging_mixin.py:190} INFO - [2025-02-07T08:13:50.978+0000] {dag.py:4180} INFO - Setting next_dagrun for dataset_s3_bucket_producer to None, run_after=None
[2025-02-07T08:13:50.989+0000] {processor.py:208} INFO - Processing /home/airflow/.local/lib/python3.12/site-packages/airflow/example_dags/example_dataset_alias.py took 0.408 seconds
[2025-02-07T08:14:21.624+0000] {processor.py:186} INFO - Started process (PID=2406) to work on /home/airflow/.local/lib/python3.12/site-packages/airflow/example_dags/example_dataset_alias.py
[2025-02-07T08:14:21.625+0000] {processor.py:914} INFO - Processing file /home/airflow/.local/lib/python3.12/site-packages/airflow/example_dags/example_dataset_alias.py for tasks to queue
[2025-02-07T08:14:21.626+0000] {logging_mixin.py:190} INFO - [2025-02-07T08:14:21.626+0000] {dagbag.py:588} INFO - Filling up the DagBag from /home/airflow/.local/lib/python3.12/site-packages/airflow/example_dags/example_dataset_alias.py
[2025-02-07T08:14:21.987+0000] {processor.py:925} INFO - DAG(s) 'dataset_alias_example_alias_producer', 'dataset_s3_bucket_producer', 'dataset_s3_bucket_consumer', 'dataset_alias_example_alias_consumer' retrieved from /home/airflow/.local/lib/python3.12/site-packages/airflow/example_dags/example_dataset_alias.py
[2025-02-07T08:14:22.011+0000] {logging_mixin.py:190} INFO - [2025-02-07T08:14:22.011+0000] {dag.py:3239} INFO - Sync 4 DAGs
[2025-02-07T08:14:22.029+0000] {logging_mixin.py:190} INFO - [2025-02-07T08:14:22.029+0000] {dag.py:4180} INFO - Setting next_dagrun for dataset_alias_example_alias_consumer to None, run_after=None
[2025-02-07T08:14:22.031+0000] {logging_mixin.py:190} INFO - [2025-02-07T08:14:22.030+0000] {dag.py:4180} INFO - Setting next_dagrun for dataset_alias_example_alias_producer to None, run_after=None
[2025-02-07T08:14:22.032+0000] {logging_mixin.py:190} INFO - [2025-02-07T08:14:22.031+0000] {dag.py:4180} INFO - Setting next_dagrun for dataset_s3_bucket_consumer to None, run_after=None
[2025-02-07T08:14:22.032+0000] {logging_mixin.py:190} INFO - [2025-02-07T08:14:22.032+0000] {dag.py:4180} INFO - Setting next_dagrun for dataset_s3_bucket_producer to None, run_after=None
[2025-02-07T08:14:22.045+0000] {processor.py:208} INFO - Processing /home/airflow/.local/lib/python3.12/site-packages/airflow/example_dags/example_dataset_alias.py took 0.425 seconds
[2025-02-07T08:14:52.306+0000] {processor.py:186} INFO - Started process (PID=2491) to work on /home/airflow/.local/lib/python3.12/site-packages/airflow/example_dags/example_dataset_alias.py
[2025-02-07T08:14:52.307+0000] {processor.py:914} INFO - Processing file /home/airflow/.local/lib/python3.12/site-packages/airflow/example_dags/example_dataset_alias.py for tasks to queue
[2025-02-07T08:14:52.309+0000] {logging_mixin.py:190} INFO - [2025-02-07T08:14:52.308+0000] {dagbag.py:588} INFO - Filling up the DagBag from /home/airflow/.local/lib/python3.12/site-packages/airflow/example_dags/example_dataset_alias.py
[2025-02-07T08:14:52.674+0000] {processor.py:925} INFO - DAG(s) 'dataset_s3_bucket_producer', 'dataset_alias_example_alias_consumer', 'dataset_s3_bucket_consumer', 'dataset_alias_example_alias_producer' retrieved from /home/airflow/.local/lib/python3.12/site-packages/airflow/example_dags/example_dataset_alias.py
[2025-02-07T08:14:52.685+0000] {logging_mixin.py:190} INFO - [2025-02-07T08:14:52.685+0000] {dag.py:3239} INFO - Sync 4 DAGs
[2025-02-07T08:14:52.698+0000] {logging_mixin.py:190} INFO - [2025-02-07T08:14:52.698+0000] {dag.py:4180} INFO - Setting next_dagrun for dataset_alias_example_alias_consumer to None, run_after=None
[2025-02-07T08:14:52.699+0000] {logging_mixin.py:190} INFO - [2025-02-07T08:14:52.699+0000] {dag.py:4180} INFO - Setting next_dagrun for dataset_alias_example_alias_producer to None, run_after=None
[2025-02-07T08:14:52.700+0000] {logging_mixin.py:190} INFO - [2025-02-07T08:14:52.700+0000] {dag.py:4180} INFO - Setting next_dagrun for dataset_s3_bucket_consumer to None, run_after=None
[2025-02-07T08:14:52.701+0000] {logging_mixin.py:190} INFO - [2025-02-07T08:14:52.701+0000] {dag.py:4180} INFO - Setting next_dagrun for dataset_s3_bucket_producer to None, run_after=None
[2025-02-07T08:14:52.714+0000] {processor.py:208} INFO - Processing /home/airflow/.local/lib/python3.12/site-packages/airflow/example_dags/example_dataset_alias.py took 0.412 seconds
[2025-02-07T08:15:23.540+0000] {processor.py:186} INFO - Started process (PID=2576) to work on /home/airflow/.local/lib/python3.12/site-packages/airflow/example_dags/example_dataset_alias.py
[2025-02-07T08:15:23.541+0000] {processor.py:914} INFO - Processing file /home/airflow/.local/lib/python3.12/site-packages/airflow/example_dags/example_dataset_alias.py for tasks to queue
[2025-02-07T08:15:23.542+0000] {logging_mixin.py:190} INFO - [2025-02-07T08:15:23.542+0000] {dagbag.py:588} INFO - Filling up the DagBag from /home/airflow/.local/lib/python3.12/site-packages/airflow/example_dags/example_dataset_alias.py
[2025-02-07T08:15:23.889+0000] {processor.py:925} INFO - DAG(s) 'dataset_s3_bucket_consumer', 'dataset_alias_example_alias_producer', 'dataset_s3_bucket_producer', 'dataset_alias_example_alias_consumer' retrieved from /home/airflow/.local/lib/python3.12/site-packages/airflow/example_dags/example_dataset_alias.py
[2025-02-07T08:15:23.909+0000] {logging_mixin.py:190} INFO - [2025-02-07T08:15:23.909+0000] {dag.py:3239} INFO - Sync 4 DAGs
[2025-02-07T08:15:23.928+0000] {logging_mixin.py:190} INFO - [2025-02-07T08:15:23.928+0000] {dag.py:4180} INFO - Setting next_dagrun for dataset_alias_example_alias_consumer to None, run_after=None
[2025-02-07T08:15:23.930+0000] {logging_mixin.py:190} INFO - [2025-02-07T08:15:23.930+0000] {dag.py:4180} INFO - Setting next_dagrun for dataset_alias_example_alias_producer to None, run_after=None
[2025-02-07T08:15:23.931+0000] {logging_mixin.py:190} INFO - [2025-02-07T08:15:23.931+0000] {dag.py:4180} INFO - Setting next_dagrun for dataset_s3_bucket_consumer to None, run_after=None
[2025-02-07T08:15:23.932+0000] {logging_mixin.py:190} INFO - [2025-02-07T08:15:23.932+0000] {dag.py:4180} INFO - Setting next_dagrun for dataset_s3_bucket_producer to None, run_after=None
[2025-02-07T08:15:23.944+0000] {processor.py:208} INFO - Processing /home/airflow/.local/lib/python3.12/site-packages/airflow/example_dags/example_dataset_alias.py took 0.407 seconds
[2025-02-07T08:15:54.458+0000] {processor.py:186} INFO - Started process (PID=2662) to work on /home/airflow/.local/lib/python3.12/site-packages/airflow/example_dags/example_dataset_alias.py
[2025-02-07T08:15:54.458+0000] {processor.py:914} INFO - Processing file /home/airflow/.local/lib/python3.12/site-packages/airflow/example_dags/example_dataset_alias.py for tasks to queue
[2025-02-07T08:15:54.460+0000] {logging_mixin.py:190} INFO - [2025-02-07T08:15:54.460+0000] {dagbag.py:588} INFO - Filling up the DagBag from /home/airflow/.local/lib/python3.12/site-packages/airflow/example_dags/example_dataset_alias.py
[2025-02-07T08:15:54.817+0000] {processor.py:925} INFO - DAG(s) 'dataset_s3_bucket_consumer', 'dataset_s3_bucket_producer', 'dataset_alias_example_alias_consumer', 'dataset_alias_example_alias_producer' retrieved from /home/airflow/.local/lib/python3.12/site-packages/airflow/example_dags/example_dataset_alias.py
[2025-02-07T08:15:54.829+0000] {logging_mixin.py:190} INFO - [2025-02-07T08:15:54.829+0000] {dag.py:3239} INFO - Sync 4 DAGs
[2025-02-07T08:15:54.841+0000] {logging_mixin.py:190} INFO - [2025-02-07T08:15:54.841+0000] {dag.py:4180} INFO - Setting next_dagrun for dataset_alias_example_alias_consumer to None, run_after=None
[2025-02-07T08:15:54.843+0000] {logging_mixin.py:190} INFO - [2025-02-07T08:15:54.842+0000] {dag.py:4180} INFO - Setting next_dagrun for dataset_alias_example_alias_producer to None, run_after=None
[2025-02-07T08:15:54.843+0000] {logging_mixin.py:190} INFO - [2025-02-07T08:15:54.843+0000] {dag.py:4180} INFO - Setting next_dagrun for dataset_s3_bucket_consumer to None, run_after=None
[2025-02-07T08:15:54.844+0000] {logging_mixin.py:190} INFO - [2025-02-07T08:15:54.844+0000] {dag.py:4180} INFO - Setting next_dagrun for dataset_s3_bucket_producer to None, run_after=None
[2025-02-07T08:15:54.855+0000] {processor.py:208} INFO - Processing /home/airflow/.local/lib/python3.12/site-packages/airflow/example_dags/example_dataset_alias.py took 0.401 seconds
[2025-02-07T08:16:24.948+0000] {processor.py:186} INFO - Started process (PID=2747) to work on /home/airflow/.local/lib/python3.12/site-packages/airflow/example_dags/example_dataset_alias.py
[2025-02-07T08:16:24.949+0000] {processor.py:914} INFO - Processing file /home/airflow/.local/lib/python3.12/site-packages/airflow/example_dags/example_dataset_alias.py for tasks to queue
[2025-02-07T08:16:24.950+0000] {logging_mixin.py:190} INFO - [2025-02-07T08:16:24.950+0000] {dagbag.py:588} INFO - Filling up the DagBag from /home/airflow/.local/lib/python3.12/site-packages/airflow/example_dags/example_dataset_alias.py
[2025-02-07T08:16:25.180+0000] {processor.py:925} INFO - DAG(s) 'dataset_s3_bucket_producer', 'dataset_s3_bucket_consumer', 'dataset_alias_example_alias_consumer', 'dataset_alias_example_alias_producer' retrieved from /home/airflow/.local/lib/python3.12/site-packages/airflow/example_dags/example_dataset_alias.py
[2025-02-07T08:16:25.202+0000] {logging_mixin.py:190} INFO - [2025-02-07T08:16:25.202+0000] {dag.py:3239} INFO - Sync 4 DAGs
[2025-02-07T08:16:25.223+0000] {logging_mixin.py:190} INFO - [2025-02-07T08:16:25.223+0000] {dag.py:4180} INFO - Setting next_dagrun for dataset_alias_example_alias_consumer to None, run_after=None
[2025-02-07T08:16:25.225+0000] {logging_mixin.py:190} INFO - [2025-02-07T08:16:25.225+0000] {dag.py:4180} INFO - Setting next_dagrun for dataset_alias_example_alias_producer to None, run_after=None
[2025-02-07T08:16:25.226+0000] {logging_mixin.py:190} INFO - [2025-02-07T08:16:25.226+0000] {dag.py:4180} INFO - Setting next_dagrun for dataset_s3_bucket_consumer to None, run_after=None
[2025-02-07T08:16:25.227+0000] {logging_mixin.py:190} INFO - [2025-02-07T08:16:25.227+0000] {dag.py:4180} INFO - Setting next_dagrun for dataset_s3_bucket_producer to None, run_after=None
[2025-02-07T08:16:25.248+0000] {processor.py:208} INFO - Processing /home/airflow/.local/lib/python3.12/site-packages/airflow/example_dags/example_dataset_alias.py took 0.303 seconds
[2025-02-07T08:16:56.196+0000] {processor.py:186} INFO - Started process (PID=2832) to work on /home/airflow/.local/lib/python3.12/site-packages/airflow/example_dags/example_dataset_alias.py
[2025-02-07T08:16:56.198+0000] {processor.py:914} INFO - Processing file /home/airflow/.local/lib/python3.12/site-packages/airflow/example_dags/example_dataset_alias.py for tasks to queue
[2025-02-07T08:16:56.200+0000] {logging_mixin.py:190} INFO - [2025-02-07T08:16:56.199+0000] {dagbag.py:588} INFO - Filling up the DagBag from /home/airflow/.local/lib/python3.12/site-packages/airflow/example_dags/example_dataset_alias.py
[2025-02-07T08:16:56.431+0000] {processor.py:925} INFO - DAG(s) 'dataset_alias_example_alias_producer', 'dataset_alias_example_alias_consumer', 'dataset_s3_bucket_producer', 'dataset_s3_bucket_consumer' retrieved from /home/airflow/.local/lib/python3.12/site-packages/airflow/example_dags/example_dataset_alias.py
[2025-02-07T08:16:56.443+0000] {logging_mixin.py:190} INFO - [2025-02-07T08:16:56.442+0000] {dag.py:3239} INFO - Sync 4 DAGs
[2025-02-07T08:16:56.456+0000] {logging_mixin.py:190} INFO - [2025-02-07T08:16:56.456+0000] {dag.py:4180} INFO - Setting next_dagrun for dataset_alias_example_alias_consumer to None, run_after=None
[2025-02-07T08:16:56.458+0000] {logging_mixin.py:190} INFO - [2025-02-07T08:16:56.458+0000] {dag.py:4180} INFO - Setting next_dagrun for dataset_alias_example_alias_producer to None, run_after=None
[2025-02-07T08:16:56.459+0000] {logging_mixin.py:190} INFO - [2025-02-07T08:16:56.459+0000] {dag.py:4180} INFO - Setting next_dagrun for dataset_s3_bucket_consumer to None, run_after=None
[2025-02-07T08:16:56.459+0000] {logging_mixin.py:190} INFO - [2025-02-07T08:16:56.459+0000] {dag.py:4180} INFO - Setting next_dagrun for dataset_s3_bucket_producer to None, run_after=None
[2025-02-07T08:16:56.474+0000] {processor.py:208} INFO - Processing /home/airflow/.local/lib/python3.12/site-packages/airflow/example_dags/example_dataset_alias.py took 0.283 seconds
[2025-02-07T08:17:26.944+0000] {processor.py:186} INFO - Started process (PID=2917) to work on /home/airflow/.local/lib/python3.12/site-packages/airflow/example_dags/example_dataset_alias.py
[2025-02-07T08:17:26.945+0000] {processor.py:914} INFO - Processing file /home/airflow/.local/lib/python3.12/site-packages/airflow/example_dags/example_dataset_alias.py for tasks to queue
[2025-02-07T08:17:26.947+0000] {logging_mixin.py:190} INFO - [2025-02-07T08:17:26.947+0000] {dagbag.py:588} INFO - Filling up the DagBag from /home/airflow/.local/lib/python3.12/site-packages/airflow/example_dags/example_dataset_alias.py
[2025-02-07T08:17:27.204+0000] {processor.py:925} INFO - DAG(s) 'dataset_s3_bucket_producer', 'dataset_alias_example_alias_consumer', 'dataset_alias_example_alias_producer', 'dataset_s3_bucket_consumer' retrieved from /home/airflow/.local/lib/python3.12/site-packages/airflow/example_dags/example_dataset_alias.py
[2025-02-07T08:17:27.216+0000] {logging_mixin.py:190} INFO - [2025-02-07T08:17:27.216+0000] {dag.py:3239} INFO - Sync 4 DAGs
[2025-02-07T08:17:27.230+0000] {logging_mixin.py:190} INFO - [2025-02-07T08:17:27.230+0000] {dag.py:4180} INFO - Setting next_dagrun for dataset_alias_example_alias_consumer to None, run_after=None
[2025-02-07T08:17:27.231+0000] {logging_mixin.py:190} INFO - [2025-02-07T08:17:27.231+0000] {dag.py:4180} INFO - Setting next_dagrun for dataset_alias_example_alias_producer to None, run_after=None
[2025-02-07T08:17:27.232+0000] {logging_mixin.py:190} INFO - [2025-02-07T08:17:27.232+0000] {dag.py:4180} INFO - Setting next_dagrun for dataset_s3_bucket_consumer to None, run_after=None
[2025-02-07T08:17:27.233+0000] {logging_mixin.py:190} INFO - [2025-02-07T08:17:27.232+0000] {dag.py:4180} INFO - Setting next_dagrun for dataset_s3_bucket_producer to None, run_after=None
[2025-02-07T08:17:27.244+0000] {processor.py:208} INFO - Processing /home/airflow/.local/lib/python3.12/site-packages/airflow/example_dags/example_dataset_alias.py took 0.306 seconds
[2025-02-07T08:17:57.585+0000] {processor.py:186} INFO - Started process (PID=3002) to work on /home/airflow/.local/lib/python3.12/site-packages/airflow/example_dags/example_dataset_alias.py
[2025-02-07T08:17:57.587+0000] {processor.py:914} INFO - Processing file /home/airflow/.local/lib/python3.12/site-packages/airflow/example_dags/example_dataset_alias.py for tasks to queue
[2025-02-07T08:17:57.588+0000] {logging_mixin.py:190} INFO - [2025-02-07T08:17:57.588+0000] {dagbag.py:588} INFO - Filling up the DagBag from /home/airflow/.local/lib/python3.12/site-packages/airflow/example_dags/example_dataset_alias.py
[2025-02-07T08:17:57.829+0000] {processor.py:925} INFO - DAG(s) 'dataset_alias_example_alias_producer', 'dataset_s3_bucket_producer', 'dataset_alias_example_alias_consumer', 'dataset_s3_bucket_consumer' retrieved from /home/airflow/.local/lib/python3.12/site-packages/airflow/example_dags/example_dataset_alias.py
[2025-02-07T08:17:57.852+0000] {logging_mixin.py:190} INFO - [2025-02-07T08:17:57.851+0000] {dag.py:3239} INFO - Sync 4 DAGs
[2025-02-07T08:17:57.868+0000] {logging_mixin.py:190} INFO - [2025-02-07T08:17:57.868+0000] {dag.py:4180} INFO - Setting next_dagrun for dataset_alias_example_alias_consumer to None, run_after=None
[2025-02-07T08:17:57.870+0000] {logging_mixin.py:190} INFO - [2025-02-07T08:17:57.870+0000] {dag.py:4180} INFO - Setting next_dagrun for dataset_alias_example_alias_producer to None, run_after=None
[2025-02-07T08:17:57.870+0000] {logging_mixin.py:190} INFO - [2025-02-07T08:17:57.870+0000] {dag.py:4180} INFO - Setting next_dagrun for dataset_s3_bucket_consumer to None, run_after=None
[2025-02-07T08:17:57.871+0000] {logging_mixin.py:190} INFO - [2025-02-07T08:17:57.871+0000] {dag.py:4180} INFO - Setting next_dagrun for dataset_s3_bucket_producer to None, run_after=None
[2025-02-07T08:17:57.883+0000] {processor.py:208} INFO - Processing /home/airflow/.local/lib/python3.12/site-packages/airflow/example_dags/example_dataset_alias.py took 0.303 seconds
[2025-02-07T08:18:28.450+0000] {processor.py:186} INFO - Started process (PID=3087) to work on /home/airflow/.local/lib/python3.12/site-packages/airflow/example_dags/example_dataset_alias.py
[2025-02-07T08:18:28.451+0000] {processor.py:914} INFO - Processing file /home/airflow/.local/lib/python3.12/site-packages/airflow/example_dags/example_dataset_alias.py for tasks to queue
[2025-02-07T08:18:28.453+0000] {logging_mixin.py:190} INFO - [2025-02-07T08:18:28.452+0000] {dagbag.py:588} INFO - Filling up the DagBag from /home/airflow/.local/lib/python3.12/site-packages/airflow/example_dags/example_dataset_alias.py
[2025-02-07T08:18:28.696+0000] {processor.py:925} INFO - DAG(s) 'dataset_alias_example_alias_consumer', 'dataset_alias_example_alias_producer', 'dataset_s3_bucket_producer', 'dataset_s3_bucket_consumer' retrieved from /home/airflow/.local/lib/python3.12/site-packages/airflow/example_dags/example_dataset_alias.py
[2025-02-07T08:18:28.708+0000] {logging_mixin.py:190} INFO - [2025-02-07T08:18:28.707+0000] {dag.py:3239} INFO - Sync 4 DAGs
[2025-02-07T08:18:28.721+0000] {logging_mixin.py:190} INFO - [2025-02-07T08:18:28.721+0000] {dag.py:4180} INFO - Setting next_dagrun for dataset_alias_example_alias_consumer to None, run_after=None
[2025-02-07T08:18:28.722+0000] {logging_mixin.py:190} INFO - [2025-02-07T08:18:28.722+0000] {dag.py:4180} INFO - Setting next_dagrun for dataset_alias_example_alias_producer to None, run_after=None
[2025-02-07T08:18:28.723+0000] {logging_mixin.py:190} INFO - [2025-02-07T08:18:28.723+0000] {dag.py:4180} INFO - Setting next_dagrun for dataset_s3_bucket_consumer to None, run_after=None
[2025-02-07T08:18:28.724+0000] {logging_mixin.py:190} INFO - [2025-02-07T08:18:28.724+0000] {dag.py:4180} INFO - Setting next_dagrun for dataset_s3_bucket_producer to None, run_after=None
[2025-02-07T08:18:28.741+0000] {processor.py:208} INFO - Processing /home/airflow/.local/lib/python3.12/site-packages/airflow/example_dags/example_dataset_alias.py took 0.295 seconds
[2025-02-07T08:18:58.821+0000] {processor.py:186} INFO - Started process (PID=3176) to work on /home/airflow/.local/lib/python3.12/site-packages/airflow/example_dags/example_dataset_alias.py
[2025-02-07T08:18:58.822+0000] {processor.py:914} INFO - Processing file /home/airflow/.local/lib/python3.12/site-packages/airflow/example_dags/example_dataset_alias.py for tasks to queue
[2025-02-07T08:18:58.823+0000] {logging_mixin.py:190} INFO - [2025-02-07T08:18:58.823+0000] {dagbag.py:588} INFO - Filling up the DagBag from /home/airflow/.local/lib/python3.12/site-packages/airflow/example_dags/example_dataset_alias.py
[2025-02-07T08:18:59.061+0000] {processor.py:925} INFO - DAG(s) 'dataset_alias_example_alias_consumer', 'dataset_s3_bucket_consumer', 'dataset_s3_bucket_producer', 'dataset_alias_example_alias_producer' retrieved from /home/airflow/.local/lib/python3.12/site-packages/airflow/example_dags/example_dataset_alias.py
[2025-02-07T08:18:59.074+0000] {logging_mixin.py:190} INFO - [2025-02-07T08:18:59.073+0000] {dag.py:3239} INFO - Sync 4 DAGs
[2025-02-07T08:18:59.088+0000] {logging_mixin.py:190} INFO - [2025-02-07T08:18:59.088+0000] {dag.py:4180} INFO - Setting next_dagrun for dataset_alias_example_alias_consumer to None, run_after=None
[2025-02-07T08:18:59.090+0000] {logging_mixin.py:190} INFO - [2025-02-07T08:18:59.090+0000] {dag.py:4180} INFO - Setting next_dagrun for dataset_alias_example_alias_producer to None, run_after=None
[2025-02-07T08:18:59.091+0000] {logging_mixin.py:190} INFO - [2025-02-07T08:18:59.091+0000] {dag.py:4180} INFO - Setting next_dagrun for dataset_s3_bucket_consumer to None, run_after=None
[2025-02-07T08:18:59.091+0000] {logging_mixin.py:190} INFO - [2025-02-07T08:18:59.091+0000] {dag.py:4180} INFO - Setting next_dagrun for dataset_s3_bucket_producer to None, run_after=None
[2025-02-07T08:18:59.104+0000] {processor.py:208} INFO - Processing /home/airflow/.local/lib/python3.12/site-packages/airflow/example_dags/example_dataset_alias.py took 0.286 seconds
[2025-02-07T08:19:29.184+0000] {processor.py:186} INFO - Started process (PID=3271) to work on /home/airflow/.local/lib/python3.12/site-packages/airflow/example_dags/example_dataset_alias.py
[2025-02-07T08:19:29.185+0000] {processor.py:914} INFO - Processing file /home/airflow/.local/lib/python3.12/site-packages/airflow/example_dags/example_dataset_alias.py for tasks to queue
[2025-02-07T08:19:29.186+0000] {logging_mixin.py:190} INFO - [2025-02-07T08:19:29.186+0000] {dagbag.py:588} INFO - Filling up the DagBag from /home/airflow/.local/lib/python3.12/site-packages/airflow/example_dags/example_dataset_alias.py
[2025-02-07T08:19:29.425+0000] {processor.py:925} INFO - DAG(s) 'dataset_s3_bucket_producer', 'dataset_alias_example_alias_consumer', 'dataset_alias_example_alias_producer', 'dataset_s3_bucket_consumer' retrieved from /home/airflow/.local/lib/python3.12/site-packages/airflow/example_dags/example_dataset_alias.py
[2025-02-07T08:19:29.439+0000] {logging_mixin.py:190} INFO - [2025-02-07T08:19:29.439+0000] {dag.py:3239} INFO - Sync 4 DAGs
[2025-02-07T08:19:29.453+0000] {logging_mixin.py:190} INFO - [2025-02-07T08:19:29.453+0000] {dag.py:4180} INFO - Setting next_dagrun for dataset_alias_example_alias_consumer to None, run_after=None
[2025-02-07T08:19:29.455+0000] {logging_mixin.py:190} INFO - [2025-02-07T08:19:29.454+0000] {dag.py:4180} INFO - Setting next_dagrun for dataset_alias_example_alias_producer to None, run_after=None
[2025-02-07T08:19:29.455+0000] {logging_mixin.py:190} INFO - [2025-02-07T08:19:29.455+0000] {dag.py:4180} INFO - Setting next_dagrun for dataset_s3_bucket_consumer to None, run_after=None
[2025-02-07T08:19:29.456+0000] {logging_mixin.py:190} INFO - [2025-02-07T08:19:29.456+0000] {dag.py:4180} INFO - Setting next_dagrun for dataset_s3_bucket_producer to None, run_after=None
[2025-02-07T08:19:29.469+0000] {processor.py:208} INFO - Processing /home/airflow/.local/lib/python3.12/site-packages/airflow/example_dags/example_dataset_alias.py took 0.291 seconds
[2025-02-07T08:19:59.757+0000] {processor.py:186} INFO - Started process (PID=3348) to work on /home/airflow/.local/lib/python3.12/site-packages/airflow/example_dags/example_dataset_alias.py
[2025-02-07T08:19:59.757+0000] {processor.py:914} INFO - Processing file /home/airflow/.local/lib/python3.12/site-packages/airflow/example_dags/example_dataset_alias.py for tasks to queue
[2025-02-07T08:19:59.758+0000] {logging_mixin.py:190} INFO - [2025-02-07T08:19:59.758+0000] {dagbag.py:588} INFO - Filling up the DagBag from /home/airflow/.local/lib/python3.12/site-packages/airflow/example_dags/example_dataset_alias.py
[2025-02-07T08:19:59.989+0000] {processor.py:925} INFO - DAG(s) 'dataset_alias_example_alias_consumer', 'dataset_s3_bucket_producer', 'dataset_s3_bucket_consumer', 'dataset_alias_example_alias_producer' retrieved from /home/airflow/.local/lib/python3.12/site-packages/airflow/example_dags/example_dataset_alias.py
[2025-02-07T08:20:00.001+0000] {logging_mixin.py:190} INFO - [2025-02-07T08:20:00.000+0000] {dag.py:3239} INFO - Sync 4 DAGs
[2025-02-07T08:20:00.014+0000] {logging_mixin.py:190} INFO - [2025-02-07T08:20:00.014+0000] {dag.py:4180} INFO - Setting next_dagrun for dataset_alias_example_alias_consumer to None, run_after=None
[2025-02-07T08:20:00.016+0000] {logging_mixin.py:190} INFO - [2025-02-07T08:20:00.015+0000] {dag.py:4180} INFO - Setting next_dagrun for dataset_alias_example_alias_producer to None, run_after=None
[2025-02-07T08:20:00.016+0000] {logging_mixin.py:190} INFO - [2025-02-07T08:20:00.016+0000] {dag.py:4180} INFO - Setting next_dagrun for dataset_s3_bucket_consumer to None, run_after=None
[2025-02-07T08:20:00.017+0000] {logging_mixin.py:190} INFO - [2025-02-07T08:20:00.017+0000] {dag.py:4180} INFO - Setting next_dagrun for dataset_s3_bucket_producer to None, run_after=None
[2025-02-07T08:20:00.034+0000] {processor.py:208} INFO - Processing /home/airflow/.local/lib/python3.12/site-packages/airflow/example_dags/example_dataset_alias.py took 0.282 seconds
[2025-02-07T08:20:30.466+0000] {processor.py:186} INFO - Started process (PID=3432) to work on /home/airflow/.local/lib/python3.12/site-packages/airflow/example_dags/example_dataset_alias.py
[2025-02-07T08:20:30.466+0000] {processor.py:914} INFO - Processing file /home/airflow/.local/lib/python3.12/site-packages/airflow/example_dags/example_dataset_alias.py for tasks to queue
[2025-02-07T08:20:30.468+0000] {logging_mixin.py:190} INFO - [2025-02-07T08:20:30.467+0000] {dagbag.py:588} INFO - Filling up the DagBag from /home/airflow/.local/lib/python3.12/site-packages/airflow/example_dags/example_dataset_alias.py
[2025-02-07T08:20:30.704+0000] {processor.py:925} INFO - DAG(s) 'dataset_alias_example_alias_producer', 'dataset_s3_bucket_consumer', 'dataset_s3_bucket_producer', 'dataset_alias_example_alias_consumer' retrieved from /home/airflow/.local/lib/python3.12/site-packages/airflow/example_dags/example_dataset_alias.py
[2025-02-07T08:20:30.717+0000] {logging_mixin.py:190} INFO - [2025-02-07T08:20:30.717+0000] {dag.py:3239} INFO - Sync 4 DAGs
[2025-02-07T08:20:30.731+0000] {logging_mixin.py:190} INFO - [2025-02-07T08:20:30.730+0000] {dag.py:4180} INFO - Setting next_dagrun for dataset_alias_example_alias_consumer to None, run_after=None
[2025-02-07T08:20:30.732+0000] {logging_mixin.py:190} INFO - [2025-02-07T08:20:30.732+0000] {dag.py:4180} INFO - Setting next_dagrun for dataset_alias_example_alias_producer to None, run_after=None
[2025-02-07T08:20:30.733+0000] {logging_mixin.py:190} INFO - [2025-02-07T08:20:30.733+0000] {dag.py:4180} INFO - Setting next_dagrun for dataset_s3_bucket_consumer to None, run_after=None
[2025-02-07T08:20:30.734+0000] {logging_mixin.py:190} INFO - [2025-02-07T08:20:30.734+0000] {dag.py:4180} INFO - Setting next_dagrun for dataset_s3_bucket_producer to None, run_after=None
[2025-02-07T08:20:30.744+0000] {processor.py:208} INFO - Processing /home/airflow/.local/lib/python3.12/site-packages/airflow/example_dags/example_dataset_alias.py took 0.283 seconds
