[2025-02-07T08:00:28.343+0000] {processor.py:186} INFO - Started process (PID=121) to work on /home/airflow/.local/lib/python3.12/site-packages/airflow/example_dags/example_branch_operator.py
[2025-02-07T08:00:28.343+0000] {processor.py:914} INFO - Processing file /home/airflow/.local/lib/python3.12/site-packages/airflow/example_dags/example_branch_operator.py for tasks to queue
[2025-02-07T08:00:28.345+0000] {logging_mixin.py:190} INFO - [2025-02-07T08:00:28.345+0000] {dagbag.py:588} INFO - Filling up the DagBag from /home/airflow/.local/lib/python3.12/site-packages/airflow/example_dags/example_branch_operator.py
[2025-02-07T08:00:28.359+0000] {processor.py:925} INFO - DAG(s) 'example_branch_operator' retrieved from /home/airflow/.local/lib/python3.12/site-packages/airflow/example_dags/example_branch_operator.py
[2025-02-07T08:00:28.468+0000] {logging_mixin.py:190} INFO - [2025-02-07T08:00:28.468+0000] {dag.py:3239} INFO - Sync 1 DAGs
[2025-02-07T08:00:28.486+0000] {logging_mixin.py:190} INFO - [2025-02-07T08:00:28.486+0000] {dag.py:4180} INFO - Setting next_dagrun for example_branch_operator to 2025-02-06 00:00:00+00:00, run_after=2025-02-07 00:00:00+00:00
[2025-02-07T08:00:28.503+0000] {processor.py:208} INFO - Processing /home/airflow/.local/lib/python3.12/site-packages/airflow/example_dags/example_branch_operator.py took 0.167 seconds
[2025-02-07T08:00:58.948+0000] {processor.py:186} INFO - Started process (PID=209) to work on /home/airflow/.local/lib/python3.12/site-packages/airflow/example_dags/example_branch_operator.py
[2025-02-07T08:00:58.949+0000] {processor.py:914} INFO - Processing file /home/airflow/.local/lib/python3.12/site-packages/airflow/example_dags/example_branch_operator.py for tasks to queue
[2025-02-07T08:00:58.951+0000] {logging_mixin.py:190} INFO - [2025-02-07T08:00:58.950+0000] {dagbag.py:588} INFO - Filling up the DagBag from /home/airflow/.local/lib/python3.12/site-packages/airflow/example_dags/example_branch_operator.py
[2025-02-07T08:00:58.962+0000] {processor.py:925} INFO - DAG(s) 'example_branch_operator' retrieved from /home/airflow/.local/lib/python3.12/site-packages/airflow/example_dags/example_branch_operator.py
[2025-02-07T08:00:58.981+0000] {logging_mixin.py:190} INFO - [2025-02-07T08:00:58.981+0000] {dag.py:3239} INFO - Sync 1 DAGs
[2025-02-07T08:00:58.995+0000] {logging_mixin.py:190} INFO - [2025-02-07T08:00:58.995+0000] {dag.py:4180} INFO - Setting next_dagrun for example_branch_operator to 2025-02-06 00:00:00+00:00, run_after=2025-02-07 00:00:00+00:00
[2025-02-07T08:00:59.006+0000] {processor.py:208} INFO - Processing /home/airflow/.local/lib/python3.12/site-packages/airflow/example_dags/example_branch_operator.py took 0.061 seconds
[2025-02-07T08:01:29.833+0000] {processor.py:186} INFO - Started process (PID=294) to work on /home/airflow/.local/lib/python3.12/site-packages/airflow/example_dags/example_branch_operator.py
[2025-02-07T08:01:29.834+0000] {processor.py:914} INFO - Processing file /home/airflow/.local/lib/python3.12/site-packages/airflow/example_dags/example_branch_operator.py for tasks to queue
[2025-02-07T08:01:29.836+0000] {logging_mixin.py:190} INFO - [2025-02-07T08:01:29.835+0000] {dagbag.py:588} INFO - Filling up the DagBag from /home/airflow/.local/lib/python3.12/site-packages/airflow/example_dags/example_branch_operator.py
[2025-02-07T08:01:29.851+0000] {processor.py:925} INFO - DAG(s) 'example_branch_operator' retrieved from /home/airflow/.local/lib/python3.12/site-packages/airflow/example_dags/example_branch_operator.py
[2025-02-07T08:01:29.880+0000] {logging_mixin.py:190} INFO - [2025-02-07T08:01:29.879+0000] {dag.py:3239} INFO - Sync 1 DAGs
[2025-02-07T08:01:29.893+0000] {logging_mixin.py:190} INFO - [2025-02-07T08:01:29.893+0000] {dag.py:4180} INFO - Setting next_dagrun for example_branch_operator to 2025-02-06 00:00:00+00:00, run_after=2025-02-07 00:00:00+00:00
[2025-02-07T08:01:29.903+0000] {processor.py:208} INFO - Processing /home/airflow/.local/lib/python3.12/site-packages/airflow/example_dags/example_branch_operator.py took 0.077 seconds
[2025-02-07T08:02:00.657+0000] {processor.py:186} INFO - Started process (PID=379) to work on /home/airflow/.local/lib/python3.12/site-packages/airflow/example_dags/example_branch_operator.py
[2025-02-07T08:02:00.658+0000] {processor.py:914} INFO - Processing file /home/airflow/.local/lib/python3.12/site-packages/airflow/example_dags/example_branch_operator.py for tasks to queue
[2025-02-07T08:02:00.660+0000] {logging_mixin.py:190} INFO - [2025-02-07T08:02:00.659+0000] {dagbag.py:588} INFO - Filling up the DagBag from /home/airflow/.local/lib/python3.12/site-packages/airflow/example_dags/example_branch_operator.py
[2025-02-07T08:02:00.671+0000] {processor.py:925} INFO - DAG(s) 'example_branch_operator' retrieved from /home/airflow/.local/lib/python3.12/site-packages/airflow/example_dags/example_branch_operator.py
[2025-02-07T08:02:00.697+0000] {logging_mixin.py:190} INFO - [2025-02-07T08:02:00.697+0000] {dag.py:3239} INFO - Sync 1 DAGs
[2025-02-07T08:02:00.714+0000] {logging_mixin.py:190} INFO - [2025-02-07T08:02:00.714+0000] {dag.py:4180} INFO - Setting next_dagrun for example_branch_operator to 2025-02-06 00:00:00+00:00, run_after=2025-02-07 00:00:00+00:00
[2025-02-07T08:02:00.734+0000] {processor.py:208} INFO - Processing /home/airflow/.local/lib/python3.12/site-packages/airflow/example_dags/example_branch_operator.py took 0.080 seconds
[2025-02-07T08:02:31.774+0000] {processor.py:186} INFO - Started process (PID=464) to work on /home/airflow/.local/lib/python3.12/site-packages/airflow/example_dags/example_branch_operator.py
[2025-02-07T08:02:31.775+0000] {processor.py:914} INFO - Processing file /home/airflow/.local/lib/python3.12/site-packages/airflow/example_dags/example_branch_operator.py for tasks to queue
[2025-02-07T08:02:31.776+0000] {logging_mixin.py:190} INFO - [2025-02-07T08:02:31.776+0000] {dagbag.py:588} INFO - Filling up the DagBag from /home/airflow/.local/lib/python3.12/site-packages/airflow/example_dags/example_branch_operator.py
[2025-02-07T08:02:31.786+0000] {processor.py:925} INFO - DAG(s) 'example_branch_operator' retrieved from /home/airflow/.local/lib/python3.12/site-packages/airflow/example_dags/example_branch_operator.py
[2025-02-07T08:02:31.805+0000] {logging_mixin.py:190} INFO - [2025-02-07T08:02:31.805+0000] {dag.py:3239} INFO - Sync 1 DAGs
[2025-02-07T08:02:31.822+0000] {logging_mixin.py:190} INFO - [2025-02-07T08:02:31.822+0000] {dag.py:4180} INFO - Setting next_dagrun for example_branch_operator to 2025-02-06 00:00:00+00:00, run_after=2025-02-07 00:00:00+00:00
[2025-02-07T08:02:31.831+0000] {processor.py:208} INFO - Processing /home/airflow/.local/lib/python3.12/site-packages/airflow/example_dags/example_branch_operator.py took 0.062 seconds
[2025-02-07T08:03:02.579+0000] {processor.py:186} INFO - Started process (PID=549) to work on /home/airflow/.local/lib/python3.12/site-packages/airflow/example_dags/example_branch_operator.py
[2025-02-07T08:03:02.580+0000] {processor.py:914} INFO - Processing file /home/airflow/.local/lib/python3.12/site-packages/airflow/example_dags/example_branch_operator.py for tasks to queue
[2025-02-07T08:03:02.582+0000] {logging_mixin.py:190} INFO - [2025-02-07T08:03:02.581+0000] {dagbag.py:588} INFO - Filling up the DagBag from /home/airflow/.local/lib/python3.12/site-packages/airflow/example_dags/example_branch_operator.py
[2025-02-07T08:03:02.598+0000] {processor.py:925} INFO - DAG(s) 'example_branch_operator' retrieved from /home/airflow/.local/lib/python3.12/site-packages/airflow/example_dags/example_branch_operator.py
[2025-02-07T08:03:02.623+0000] {logging_mixin.py:190} INFO - [2025-02-07T08:03:02.623+0000] {dag.py:3239} INFO - Sync 1 DAGs
[2025-02-07T08:03:02.643+0000] {logging_mixin.py:190} INFO - [2025-02-07T08:03:02.642+0000] {dag.py:4180} INFO - Setting next_dagrun for example_branch_operator to 2025-02-06 00:00:00+00:00, run_after=2025-02-07 00:00:00+00:00
[2025-02-07T08:03:02.658+0000] {processor.py:208} INFO - Processing /home/airflow/.local/lib/python3.12/site-packages/airflow/example_dags/example_branch_operator.py took 0.083 seconds
[2025-02-07T08:03:33.491+0000] {processor.py:186} INFO - Started process (PID=634) to work on /home/airflow/.local/lib/python3.12/site-packages/airflow/example_dags/example_branch_operator.py
[2025-02-07T08:03:33.491+0000] {processor.py:914} INFO - Processing file /home/airflow/.local/lib/python3.12/site-packages/airflow/example_dags/example_branch_operator.py for tasks to queue
[2025-02-07T08:03:33.492+0000] {logging_mixin.py:190} INFO - [2025-02-07T08:03:33.492+0000] {dagbag.py:588} INFO - Filling up the DagBag from /home/airflow/.local/lib/python3.12/site-packages/airflow/example_dags/example_branch_operator.py
[2025-02-07T08:03:33.504+0000] {processor.py:925} INFO - DAG(s) 'example_branch_operator' retrieved from /home/airflow/.local/lib/python3.12/site-packages/airflow/example_dags/example_branch_operator.py
[2025-02-07T08:03:33.521+0000] {logging_mixin.py:190} INFO - [2025-02-07T08:03:33.520+0000] {dag.py:3239} INFO - Sync 1 DAGs
[2025-02-07T08:03:33.535+0000] {logging_mixin.py:190} INFO - [2025-02-07T08:03:33.535+0000] {dag.py:4180} INFO - Setting next_dagrun for example_branch_operator to 2025-02-06 00:00:00+00:00, run_after=2025-02-07 00:00:00+00:00
[2025-02-07T08:03:33.547+0000] {processor.py:208} INFO - Processing /home/airflow/.local/lib/python3.12/site-packages/airflow/example_dags/example_branch_operator.py took 0.060 seconds
[2025-02-07T08:04:04.484+0000] {processor.py:186} INFO - Started process (PID=719) to work on /home/airflow/.local/lib/python3.12/site-packages/airflow/example_dags/example_branch_operator.py
[2025-02-07T08:04:04.484+0000] {processor.py:914} INFO - Processing file /home/airflow/.local/lib/python3.12/site-packages/airflow/example_dags/example_branch_operator.py for tasks to queue
[2025-02-07T08:04:04.486+0000] {logging_mixin.py:190} INFO - [2025-02-07T08:04:04.486+0000] {dagbag.py:588} INFO - Filling up the DagBag from /home/airflow/.local/lib/python3.12/site-packages/airflow/example_dags/example_branch_operator.py
[2025-02-07T08:04:04.497+0000] {processor.py:925} INFO - DAG(s) 'example_branch_operator' retrieved from /home/airflow/.local/lib/python3.12/site-packages/airflow/example_dags/example_branch_operator.py
[2025-02-07T08:04:04.524+0000] {logging_mixin.py:190} INFO - [2025-02-07T08:04:04.523+0000] {dag.py:3239} INFO - Sync 1 DAGs
[2025-02-07T08:04:04.539+0000] {logging_mixin.py:190} INFO - [2025-02-07T08:04:04.539+0000] {dag.py:4180} INFO - Setting next_dagrun for example_branch_operator to 2025-02-06 00:00:00+00:00, run_after=2025-02-07 00:00:00+00:00
[2025-02-07T08:04:04.550+0000] {processor.py:208} INFO - Processing /home/airflow/.local/lib/python3.12/site-packages/airflow/example_dags/example_branch_operator.py took 0.070 seconds
[2025-02-07T08:04:35.530+0000] {processor.py:186} INFO - Started process (PID=804) to work on /home/airflow/.local/lib/python3.12/site-packages/airflow/example_dags/example_branch_operator.py
[2025-02-07T08:04:35.531+0000] {processor.py:914} INFO - Processing file /home/airflow/.local/lib/python3.12/site-packages/airflow/example_dags/example_branch_operator.py for tasks to queue
[2025-02-07T08:04:35.532+0000] {logging_mixin.py:190} INFO - [2025-02-07T08:04:35.532+0000] {dagbag.py:588} INFO - Filling up the DagBag from /home/airflow/.local/lib/python3.12/site-packages/airflow/example_dags/example_branch_operator.py
[2025-02-07T08:04:35.542+0000] {processor.py:925} INFO - DAG(s) 'example_branch_operator' retrieved from /home/airflow/.local/lib/python3.12/site-packages/airflow/example_dags/example_branch_operator.py
[2025-02-07T08:04:35.559+0000] {logging_mixin.py:190} INFO - [2025-02-07T08:04:35.559+0000] {dag.py:3239} INFO - Sync 1 DAGs
[2025-02-07T08:04:35.572+0000] {logging_mixin.py:190} INFO - [2025-02-07T08:04:35.571+0000] {dag.py:4180} INFO - Setting next_dagrun for example_branch_operator to 2025-02-06 00:00:00+00:00, run_after=2025-02-07 00:00:00+00:00
[2025-02-07T08:04:35.580+0000] {processor.py:208} INFO - Processing /home/airflow/.local/lib/python3.12/site-packages/airflow/example_dags/example_branch_operator.py took 0.053 seconds
[2025-02-07T08:05:06.382+0000] {processor.py:186} INFO - Started process (PID=889) to work on /home/airflow/.local/lib/python3.12/site-packages/airflow/example_dags/example_branch_operator.py
[2025-02-07T08:05:06.382+0000] {processor.py:914} INFO - Processing file /home/airflow/.local/lib/python3.12/site-packages/airflow/example_dags/example_branch_operator.py for tasks to queue
[2025-02-07T08:05:06.383+0000] {logging_mixin.py:190} INFO - [2025-02-07T08:05:06.383+0000] {dagbag.py:588} INFO - Filling up the DagBag from /home/airflow/.local/lib/python3.12/site-packages/airflow/example_dags/example_branch_operator.py
[2025-02-07T08:05:06.393+0000] {processor.py:925} INFO - DAG(s) 'example_branch_operator' retrieved from /home/airflow/.local/lib/python3.12/site-packages/airflow/example_dags/example_branch_operator.py
[2025-02-07T08:05:06.415+0000] {logging_mixin.py:190} INFO - [2025-02-07T08:05:06.415+0000] {dag.py:3239} INFO - Sync 1 DAGs
[2025-02-07T08:05:06.434+0000] {logging_mixin.py:190} INFO - [2025-02-07T08:05:06.434+0000] {dag.py:4180} INFO - Setting next_dagrun for example_branch_operator to 2025-02-06 00:00:00+00:00, run_after=2025-02-07 00:00:00+00:00
[2025-02-07T08:05:06.443+0000] {processor.py:208} INFO - Processing /home/airflow/.local/lib/python3.12/site-packages/airflow/example_dags/example_branch_operator.py took 0.065 seconds
[2025-02-07T08:05:37.729+0000] {processor.py:186} INFO - Started process (PID=974) to work on /home/airflow/.local/lib/python3.12/site-packages/airflow/example_dags/example_branch_operator.py
[2025-02-07T08:05:37.730+0000] {processor.py:914} INFO - Processing file /home/airflow/.local/lib/python3.12/site-packages/airflow/example_dags/example_branch_operator.py for tasks to queue
[2025-02-07T08:05:37.731+0000] {logging_mixin.py:190} INFO - [2025-02-07T08:05:37.731+0000] {dagbag.py:588} INFO - Filling up the DagBag from /home/airflow/.local/lib/python3.12/site-packages/airflow/example_dags/example_branch_operator.py
[2025-02-07T08:05:37.741+0000] {processor.py:925} INFO - DAG(s) 'example_branch_operator' retrieved from /home/airflow/.local/lib/python3.12/site-packages/airflow/example_dags/example_branch_operator.py
[2025-02-07T08:05:37.761+0000] {logging_mixin.py:190} INFO - [2025-02-07T08:05:37.761+0000] {dag.py:3239} INFO - Sync 1 DAGs
[2025-02-07T08:05:37.777+0000] {logging_mixin.py:190} INFO - [2025-02-07T08:05:37.777+0000] {dag.py:4180} INFO - Setting next_dagrun for example_branch_operator to 2025-02-06 00:00:00+00:00, run_after=2025-02-07 00:00:00+00:00
[2025-02-07T08:05:37.790+0000] {processor.py:208} INFO - Processing /home/airflow/.local/lib/python3.12/site-packages/airflow/example_dags/example_branch_operator.py took 0.065 seconds
[2025-02-07T08:06:08.375+0000] {processor.py:186} INFO - Started process (PID=1059) to work on /home/airflow/.local/lib/python3.12/site-packages/airflow/example_dags/example_branch_operator.py
[2025-02-07T08:06:08.375+0000] {processor.py:914} INFO - Processing file /home/airflow/.local/lib/python3.12/site-packages/airflow/example_dags/example_branch_operator.py for tasks to queue
[2025-02-07T08:06:08.377+0000] {logging_mixin.py:190} INFO - [2025-02-07T08:06:08.376+0000] {dagbag.py:588} INFO - Filling up the DagBag from /home/airflow/.local/lib/python3.12/site-packages/airflow/example_dags/example_branch_operator.py
[2025-02-07T08:06:08.386+0000] {processor.py:925} INFO - DAG(s) 'example_branch_operator' retrieved from /home/airflow/.local/lib/python3.12/site-packages/airflow/example_dags/example_branch_operator.py
[2025-02-07T08:06:08.404+0000] {logging_mixin.py:190} INFO - [2025-02-07T08:06:08.404+0000] {dag.py:3239} INFO - Sync 1 DAGs
[2025-02-07T08:06:08.417+0000] {logging_mixin.py:190} INFO - [2025-02-07T08:06:08.417+0000] {dag.py:4180} INFO - Setting next_dagrun for example_branch_operator to 2025-02-06 00:00:00+00:00, run_after=2025-02-07 00:00:00+00:00
[2025-02-07T08:06:08.427+0000] {processor.py:208} INFO - Processing /home/airflow/.local/lib/python3.12/site-packages/airflow/example_dags/example_branch_operator.py took 0.056 seconds
[2025-02-07T08:06:39.599+0000] {processor.py:186} INFO - Started process (PID=1144) to work on /home/airflow/.local/lib/python3.12/site-packages/airflow/example_dags/example_branch_operator.py
[2025-02-07T08:06:39.600+0000] {processor.py:914} INFO - Processing file /home/airflow/.local/lib/python3.12/site-packages/airflow/example_dags/example_branch_operator.py for tasks to queue
[2025-02-07T08:06:39.602+0000] {logging_mixin.py:190} INFO - [2025-02-07T08:06:39.602+0000] {dagbag.py:588} INFO - Filling up the DagBag from /home/airflow/.local/lib/python3.12/site-packages/airflow/example_dags/example_branch_operator.py
[2025-02-07T08:06:39.614+0000] {processor.py:925} INFO - DAG(s) 'example_branch_operator' retrieved from /home/airflow/.local/lib/python3.12/site-packages/airflow/example_dags/example_branch_operator.py
[2025-02-07T08:06:39.631+0000] {logging_mixin.py:190} INFO - [2025-02-07T08:06:39.630+0000] {dag.py:3239} INFO - Sync 1 DAGs
[2025-02-07T08:06:39.643+0000] {logging_mixin.py:190} INFO - [2025-02-07T08:06:39.643+0000] {dag.py:4180} INFO - Setting next_dagrun for example_branch_operator to 2025-02-06 00:00:00+00:00, run_after=2025-02-07 00:00:00+00:00
[2025-02-07T08:06:39.654+0000] {processor.py:208} INFO - Processing /home/airflow/.local/lib/python3.12/site-packages/airflow/example_dags/example_branch_operator.py took 0.059 seconds
[2025-02-07T08:07:10.676+0000] {processor.py:186} INFO - Started process (PID=1229) to work on /home/airflow/.local/lib/python3.12/site-packages/airflow/example_dags/example_branch_operator.py
[2025-02-07T08:07:10.677+0000] {processor.py:914} INFO - Processing file /home/airflow/.local/lib/python3.12/site-packages/airflow/example_dags/example_branch_operator.py for tasks to queue
[2025-02-07T08:07:10.678+0000] {logging_mixin.py:190} INFO - [2025-02-07T08:07:10.678+0000] {dagbag.py:588} INFO - Filling up the DagBag from /home/airflow/.local/lib/python3.12/site-packages/airflow/example_dags/example_branch_operator.py
[2025-02-07T08:07:10.688+0000] {processor.py:925} INFO - DAG(s) 'example_branch_operator' retrieved from /home/airflow/.local/lib/python3.12/site-packages/airflow/example_dags/example_branch_operator.py
[2025-02-07T08:07:10.706+0000] {logging_mixin.py:190} INFO - [2025-02-07T08:07:10.706+0000] {dag.py:3239} INFO - Sync 1 DAGs
[2025-02-07T08:07:10.720+0000] {logging_mixin.py:190} INFO - [2025-02-07T08:07:10.720+0000] {dag.py:4180} INFO - Setting next_dagrun for example_branch_operator to 2025-02-06 00:00:00+00:00, run_after=2025-02-07 00:00:00+00:00
[2025-02-07T08:07:10.731+0000] {processor.py:208} INFO - Processing /home/airflow/.local/lib/python3.12/site-packages/airflow/example_dags/example_branch_operator.py took 0.058 seconds
[2025-02-07T08:07:40.951+0000] {processor.py:186} INFO - Started process (PID=1295) to work on /home/airflow/.local/lib/python3.12/site-packages/airflow/example_dags/example_branch_operator.py
[2025-02-07T08:07:40.951+0000] {processor.py:914} INFO - Processing file /home/airflow/.local/lib/python3.12/site-packages/airflow/example_dags/example_branch_operator.py for tasks to queue
[2025-02-07T08:07:40.952+0000] {logging_mixin.py:190} INFO - [2025-02-07T08:07:40.952+0000] {dagbag.py:588} INFO - Filling up the DagBag from /home/airflow/.local/lib/python3.12/site-packages/airflow/example_dags/example_branch_operator.py
[2025-02-07T08:07:40.963+0000] {processor.py:925} INFO - DAG(s) 'example_branch_operator' retrieved from /home/airflow/.local/lib/python3.12/site-packages/airflow/example_dags/example_branch_operator.py
[2025-02-07T08:07:40.985+0000] {logging_mixin.py:190} INFO - [2025-02-07T08:07:40.985+0000] {dag.py:3239} INFO - Sync 1 DAGs
[2025-02-07T08:07:40.999+0000] {logging_mixin.py:190} INFO - [2025-02-07T08:07:40.998+0000] {dag.py:4180} INFO - Setting next_dagrun for example_branch_operator to 2025-02-06 00:00:00+00:00, run_after=2025-02-07 00:00:00+00:00
[2025-02-07T08:07:41.012+0000] {processor.py:208} INFO - Processing /home/airflow/.local/lib/python3.12/site-packages/airflow/example_dags/example_branch_operator.py took 0.065 seconds
[2025-02-07T08:08:11.288+0000] {processor.py:186} INFO - Started process (PID=1377) to work on /home/airflow/.local/lib/python3.12/site-packages/airflow/example_dags/example_branch_operator.py
[2025-02-07T08:08:11.289+0000] {processor.py:914} INFO - Processing file /home/airflow/.local/lib/python3.12/site-packages/airflow/example_dags/example_branch_operator.py for tasks to queue
[2025-02-07T08:08:11.291+0000] {logging_mixin.py:190} INFO - [2025-02-07T08:08:11.291+0000] {dagbag.py:588} INFO - Filling up the DagBag from /home/airflow/.local/lib/python3.12/site-packages/airflow/example_dags/example_branch_operator.py
[2025-02-07T08:08:11.303+0000] {processor.py:925} INFO - DAG(s) 'example_branch_operator' retrieved from /home/airflow/.local/lib/python3.12/site-packages/airflow/example_dags/example_branch_operator.py
[2025-02-07T08:08:11.324+0000] {logging_mixin.py:190} INFO - [2025-02-07T08:08:11.324+0000] {dag.py:3239} INFO - Sync 1 DAGs
[2025-02-07T08:08:11.346+0000] {logging_mixin.py:190} INFO - [2025-02-07T08:08:11.346+0000] {dag.py:4180} INFO - Setting next_dagrun for example_branch_operator to 2025-02-06 00:00:00+00:00, run_after=2025-02-07 00:00:00+00:00
[2025-02-07T08:08:11.361+0000] {processor.py:208} INFO - Processing /home/airflow/.local/lib/python3.12/site-packages/airflow/example_dags/example_branch_operator.py took 0.079 seconds
[2025-02-07T08:08:42.124+0000] {processor.py:186} INFO - Started process (PID=1462) to work on /home/airflow/.local/lib/python3.12/site-packages/airflow/example_dags/example_branch_operator.py
[2025-02-07T08:08:42.125+0000] {processor.py:914} INFO - Processing file /home/airflow/.local/lib/python3.12/site-packages/airflow/example_dags/example_branch_operator.py for tasks to queue
[2025-02-07T08:08:42.126+0000] {logging_mixin.py:190} INFO - [2025-02-07T08:08:42.126+0000] {dagbag.py:588} INFO - Filling up the DagBag from /home/airflow/.local/lib/python3.12/site-packages/airflow/example_dags/example_branch_operator.py
[2025-02-07T08:08:42.139+0000] {processor.py:925} INFO - DAG(s) 'example_branch_operator' retrieved from /home/airflow/.local/lib/python3.12/site-packages/airflow/example_dags/example_branch_operator.py
[2025-02-07T08:08:42.162+0000] {logging_mixin.py:190} INFO - [2025-02-07T08:08:42.162+0000] {dag.py:3239} INFO - Sync 1 DAGs
[2025-02-07T08:08:42.180+0000] {logging_mixin.py:190} INFO - [2025-02-07T08:08:42.180+0000] {dag.py:4180} INFO - Setting next_dagrun for example_branch_operator to 2025-02-06 00:00:00+00:00, run_after=2025-02-07 00:00:00+00:00
[2025-02-07T08:08:42.191+0000] {processor.py:208} INFO - Processing /home/airflow/.local/lib/python3.12/site-packages/airflow/example_dags/example_branch_operator.py took 0.073 seconds
[2025-02-07T08:09:13.310+0000] {processor.py:186} INFO - Started process (PID=1547) to work on /home/airflow/.local/lib/python3.12/site-packages/airflow/example_dags/example_branch_operator.py
[2025-02-07T08:09:13.310+0000] {processor.py:914} INFO - Processing file /home/airflow/.local/lib/python3.12/site-packages/airflow/example_dags/example_branch_operator.py for tasks to queue
[2025-02-07T08:09:13.312+0000] {logging_mixin.py:190} INFO - [2025-02-07T08:09:13.312+0000] {dagbag.py:588} INFO - Filling up the DagBag from /home/airflow/.local/lib/python3.12/site-packages/airflow/example_dags/example_branch_operator.py
[2025-02-07T08:09:13.325+0000] {processor.py:925} INFO - DAG(s) 'example_branch_operator' retrieved from /home/airflow/.local/lib/python3.12/site-packages/airflow/example_dags/example_branch_operator.py
[2025-02-07T08:09:13.345+0000] {logging_mixin.py:190} INFO - [2025-02-07T08:09:13.345+0000] {dag.py:3239} INFO - Sync 1 DAGs
[2025-02-07T08:09:13.372+0000] {logging_mixin.py:190} INFO - [2025-02-07T08:09:13.372+0000] {dag.py:4180} INFO - Setting next_dagrun for example_branch_operator to 2025-02-06 00:00:00+00:00, run_after=2025-02-07 00:00:00+00:00
[2025-02-07T08:09:13.386+0000] {processor.py:208} INFO - Processing /home/airflow/.local/lib/python3.12/site-packages/airflow/example_dags/example_branch_operator.py took 0.080 seconds
[2025-02-07T08:09:44.195+0000] {processor.py:186} INFO - Started process (PID=1632) to work on /home/airflow/.local/lib/python3.12/site-packages/airflow/example_dags/example_branch_operator.py
[2025-02-07T08:09:44.195+0000] {processor.py:914} INFO - Processing file /home/airflow/.local/lib/python3.12/site-packages/airflow/example_dags/example_branch_operator.py for tasks to queue
[2025-02-07T08:09:44.197+0000] {logging_mixin.py:190} INFO - [2025-02-07T08:09:44.196+0000] {dagbag.py:588} INFO - Filling up the DagBag from /home/airflow/.local/lib/python3.12/site-packages/airflow/example_dags/example_branch_operator.py
[2025-02-07T08:09:44.209+0000] {processor.py:925} INFO - DAG(s) 'example_branch_operator' retrieved from /home/airflow/.local/lib/python3.12/site-packages/airflow/example_dags/example_branch_operator.py
[2025-02-07T08:09:44.230+0000] {logging_mixin.py:190} INFO - [2025-02-07T08:09:44.230+0000] {dag.py:3239} INFO - Sync 1 DAGs
[2025-02-07T08:09:44.248+0000] {logging_mixin.py:190} INFO - [2025-02-07T08:09:44.248+0000] {dag.py:4180} INFO - Setting next_dagrun for example_branch_operator to 2025-02-06 00:00:00+00:00, run_after=2025-02-07 00:00:00+00:00
[2025-02-07T08:09:44.262+0000] {processor.py:208} INFO - Processing /home/airflow/.local/lib/python3.12/site-packages/airflow/example_dags/example_branch_operator.py took 0.071 seconds
[2025-02-07T08:10:15.326+0000] {processor.py:186} INFO - Started process (PID=1717) to work on /home/airflow/.local/lib/python3.12/site-packages/airflow/example_dags/example_branch_operator.py
[2025-02-07T08:10:15.327+0000] {processor.py:914} INFO - Processing file /home/airflow/.local/lib/python3.12/site-packages/airflow/example_dags/example_branch_operator.py for tasks to queue
[2025-02-07T08:10:15.328+0000] {logging_mixin.py:190} INFO - [2025-02-07T08:10:15.328+0000] {dagbag.py:588} INFO - Filling up the DagBag from /home/airflow/.local/lib/python3.12/site-packages/airflow/example_dags/example_branch_operator.py
[2025-02-07T08:10:15.338+0000] {processor.py:925} INFO - DAG(s) 'example_branch_operator' retrieved from /home/airflow/.local/lib/python3.12/site-packages/airflow/example_dags/example_branch_operator.py
[2025-02-07T08:10:15.354+0000] {logging_mixin.py:190} INFO - [2025-02-07T08:10:15.353+0000] {dag.py:3239} INFO - Sync 1 DAGs
[2025-02-07T08:10:15.367+0000] {logging_mixin.py:190} INFO - [2025-02-07T08:10:15.367+0000] {dag.py:4180} INFO - Setting next_dagrun for example_branch_operator to 2025-02-06 00:00:00+00:00, run_after=2025-02-07 00:00:00+00:00
[2025-02-07T08:10:15.378+0000] {processor.py:208} INFO - Processing /home/airflow/.local/lib/python3.12/site-packages/airflow/example_dags/example_branch_operator.py took 0.058 seconds
[2025-02-07T08:10:45.979+0000] {processor.py:186} INFO - Started process (PID=1802) to work on /home/airflow/.local/lib/python3.12/site-packages/airflow/example_dags/example_branch_operator.py
[2025-02-07T08:10:45.979+0000] {processor.py:914} INFO - Processing file /home/airflow/.local/lib/python3.12/site-packages/airflow/example_dags/example_branch_operator.py for tasks to queue
[2025-02-07T08:10:45.981+0000] {logging_mixin.py:190} INFO - [2025-02-07T08:10:45.980+0000] {dagbag.py:588} INFO - Filling up the DagBag from /home/airflow/.local/lib/python3.12/site-packages/airflow/example_dags/example_branch_operator.py
[2025-02-07T08:10:45.990+0000] {processor.py:925} INFO - DAG(s) 'example_branch_operator' retrieved from /home/airflow/.local/lib/python3.12/site-packages/airflow/example_dags/example_branch_operator.py
[2025-02-07T08:10:46.015+0000] {logging_mixin.py:190} INFO - [2025-02-07T08:10:46.015+0000] {dag.py:3239} INFO - Sync 1 DAGs
[2025-02-07T08:10:46.032+0000] {logging_mixin.py:190} INFO - [2025-02-07T08:10:46.032+0000] {dag.py:4180} INFO - Setting next_dagrun for example_branch_operator to 2025-02-06 00:00:00+00:00, run_after=2025-02-07 00:00:00+00:00
[2025-02-07T08:10:46.042+0000] {processor.py:208} INFO - Processing /home/airflow/.local/lib/python3.12/site-packages/airflow/example_dags/example_branch_operator.py took 0.067 seconds
[2025-02-07T08:11:16.170+0000] {processor.py:186} INFO - Started process (PID=1887) to work on /home/airflow/.local/lib/python3.12/site-packages/airflow/example_dags/example_branch_operator.py
[2025-02-07T08:11:16.171+0000] {processor.py:914} INFO - Processing file /home/airflow/.local/lib/python3.12/site-packages/airflow/example_dags/example_branch_operator.py for tasks to queue
[2025-02-07T08:11:16.172+0000] {logging_mixin.py:190} INFO - [2025-02-07T08:11:16.172+0000] {dagbag.py:588} INFO - Filling up the DagBag from /home/airflow/.local/lib/python3.12/site-packages/airflow/example_dags/example_branch_operator.py
[2025-02-07T08:11:16.183+0000] {processor.py:925} INFO - DAG(s) 'example_branch_operator' retrieved from /home/airflow/.local/lib/python3.12/site-packages/airflow/example_dags/example_branch_operator.py
[2025-02-07T08:11:16.212+0000] {logging_mixin.py:190} INFO - [2025-02-07T08:11:16.212+0000] {dag.py:3239} INFO - Sync 1 DAGs
[2025-02-07T08:11:16.232+0000] {logging_mixin.py:190} INFO - [2025-02-07T08:11:16.232+0000] {dag.py:4180} INFO - Setting next_dagrun for example_branch_operator to 2025-02-06 00:00:00+00:00, run_after=2025-02-07 00:00:00+00:00
[2025-02-07T08:11:16.248+0000] {processor.py:208} INFO - Processing /home/airflow/.local/lib/python3.12/site-packages/airflow/example_dags/example_branch_operator.py took 0.084 seconds
[2025-02-07T08:11:47.266+0000] {processor.py:186} INFO - Started process (PID=1972) to work on /home/airflow/.local/lib/python3.12/site-packages/airflow/example_dags/example_branch_operator.py
[2025-02-07T08:11:47.268+0000] {processor.py:914} INFO - Processing file /home/airflow/.local/lib/python3.12/site-packages/airflow/example_dags/example_branch_operator.py for tasks to queue
[2025-02-07T08:11:47.271+0000] {logging_mixin.py:190} INFO - [2025-02-07T08:11:47.270+0000] {dagbag.py:588} INFO - Filling up the DagBag from /home/airflow/.local/lib/python3.12/site-packages/airflow/example_dags/example_branch_operator.py
[2025-02-07T08:11:47.285+0000] {processor.py:925} INFO - DAG(s) 'example_branch_operator' retrieved from /home/airflow/.local/lib/python3.12/site-packages/airflow/example_dags/example_branch_operator.py
[2025-02-07T08:11:47.304+0000] {logging_mixin.py:190} INFO - [2025-02-07T08:11:47.304+0000] {dag.py:3239} INFO - Sync 1 DAGs
[2025-02-07T08:11:47.319+0000] {logging_mixin.py:190} INFO - [2025-02-07T08:11:47.319+0000] {dag.py:4180} INFO - Setting next_dagrun for example_branch_operator to 2025-02-06 00:00:00+00:00, run_after=2025-02-07 00:00:00+00:00
[2025-02-07T08:11:47.331+0000] {processor.py:208} INFO - Processing /home/airflow/.local/lib/python3.12/site-packages/airflow/example_dags/example_branch_operator.py took 0.072 seconds
[2025-02-07T08:12:18.601+0000] {processor.py:186} INFO - Started process (PID=2057) to work on /home/airflow/.local/lib/python3.12/site-packages/airflow/example_dags/example_branch_operator.py
[2025-02-07T08:12:18.601+0000] {processor.py:914} INFO - Processing file /home/airflow/.local/lib/python3.12/site-packages/airflow/example_dags/example_branch_operator.py for tasks to queue
[2025-02-07T08:12:18.603+0000] {logging_mixin.py:190} INFO - [2025-02-07T08:12:18.603+0000] {dagbag.py:588} INFO - Filling up the DagBag from /home/airflow/.local/lib/python3.12/site-packages/airflow/example_dags/example_branch_operator.py
[2025-02-07T08:12:18.617+0000] {processor.py:925} INFO - DAG(s) 'example_branch_operator' retrieved from /home/airflow/.local/lib/python3.12/site-packages/airflow/example_dags/example_branch_operator.py
[2025-02-07T08:12:18.646+0000] {logging_mixin.py:190} INFO - [2025-02-07T08:12:18.645+0000] {dag.py:3239} INFO - Sync 1 DAGs
[2025-02-07T08:12:18.660+0000] {logging_mixin.py:190} INFO - [2025-02-07T08:12:18.660+0000] {dag.py:4180} INFO - Setting next_dagrun for example_branch_operator to 2025-02-06 00:00:00+00:00, run_after=2025-02-07 00:00:00+00:00
[2025-02-07T08:12:18.677+0000] {processor.py:208} INFO - Processing /home/airflow/.local/lib/python3.12/site-packages/airflow/example_dags/example_branch_operator.py took 0.082 seconds
[2025-02-07T08:12:48.970+0000] {processor.py:186} INFO - Started process (PID=2142) to work on /home/airflow/.local/lib/python3.12/site-packages/airflow/example_dags/example_branch_operator.py
[2025-02-07T08:12:48.970+0000] {processor.py:914} INFO - Processing file /home/airflow/.local/lib/python3.12/site-packages/airflow/example_dags/example_branch_operator.py for tasks to queue
[2025-02-07T08:12:48.972+0000] {logging_mixin.py:190} INFO - [2025-02-07T08:12:48.971+0000] {dagbag.py:588} INFO - Filling up the DagBag from /home/airflow/.local/lib/python3.12/site-packages/airflow/example_dags/example_branch_operator.py
[2025-02-07T08:12:48.984+0000] {processor.py:925} INFO - DAG(s) 'example_branch_operator' retrieved from /home/airflow/.local/lib/python3.12/site-packages/airflow/example_dags/example_branch_operator.py
[2025-02-07T08:12:49.004+0000] {logging_mixin.py:190} INFO - [2025-02-07T08:12:49.004+0000] {dag.py:3239} INFO - Sync 1 DAGs
[2025-02-07T08:12:49.018+0000] {logging_mixin.py:190} INFO - [2025-02-07T08:12:49.018+0000] {dag.py:4180} INFO - Setting next_dagrun for example_branch_operator to 2025-02-06 00:00:00+00:00, run_after=2025-02-07 00:00:00+00:00
[2025-02-07T08:12:49.031+0000] {processor.py:208} INFO - Processing /home/airflow/.local/lib/python3.12/site-packages/airflow/example_dags/example_branch_operator.py took 0.064 seconds
[2025-02-07T08:13:19.594+0000] {processor.py:186} INFO - Started process (PID=2227) to work on /home/airflow/.local/lib/python3.12/site-packages/airflow/example_dags/example_branch_operator.py
[2025-02-07T08:13:19.594+0000] {processor.py:914} INFO - Processing file /home/airflow/.local/lib/python3.12/site-packages/airflow/example_dags/example_branch_operator.py for tasks to queue
[2025-02-07T08:13:19.596+0000] {logging_mixin.py:190} INFO - [2025-02-07T08:13:19.595+0000] {dagbag.py:588} INFO - Filling up the DagBag from /home/airflow/.local/lib/python3.12/site-packages/airflow/example_dags/example_branch_operator.py
[2025-02-07T08:13:19.607+0000] {processor.py:925} INFO - DAG(s) 'example_branch_operator' retrieved from /home/airflow/.local/lib/python3.12/site-packages/airflow/example_dags/example_branch_operator.py
[2025-02-07T08:13:19.626+0000] {logging_mixin.py:190} INFO - [2025-02-07T08:13:19.626+0000] {dag.py:3239} INFO - Sync 1 DAGs
[2025-02-07T08:13:19.639+0000] {logging_mixin.py:190} INFO - [2025-02-07T08:13:19.639+0000] {dag.py:4180} INFO - Setting next_dagrun for example_branch_operator to 2025-02-06 00:00:00+00:00, run_after=2025-02-07 00:00:00+00:00
[2025-02-07T08:13:19.648+0000] {processor.py:208} INFO - Processing /home/airflow/.local/lib/python3.12/site-packages/airflow/example_dags/example_branch_operator.py took 0.058 seconds
[2025-02-07T08:13:50.051+0000] {processor.py:186} INFO - Started process (PID=2312) to work on /home/airflow/.local/lib/python3.12/site-packages/airflow/example_dags/example_branch_operator.py
[2025-02-07T08:13:50.052+0000] {processor.py:914} INFO - Processing file /home/airflow/.local/lib/python3.12/site-packages/airflow/example_dags/example_branch_operator.py for tasks to queue
[2025-02-07T08:13:50.054+0000] {logging_mixin.py:190} INFO - [2025-02-07T08:13:50.053+0000] {dagbag.py:588} INFO - Filling up the DagBag from /home/airflow/.local/lib/python3.12/site-packages/airflow/example_dags/example_branch_operator.py
[2025-02-07T08:13:50.064+0000] {processor.py:925} INFO - DAG(s) 'example_branch_operator' retrieved from /home/airflow/.local/lib/python3.12/site-packages/airflow/example_dags/example_branch_operator.py
[2025-02-07T08:13:50.085+0000] {logging_mixin.py:190} INFO - [2025-02-07T08:13:50.084+0000] {dag.py:3239} INFO - Sync 1 DAGs
[2025-02-07T08:13:50.098+0000] {logging_mixin.py:190} INFO - [2025-02-07T08:13:50.098+0000] {dag.py:4180} INFO - Setting next_dagrun for example_branch_operator to 2025-02-06 00:00:00+00:00, run_after=2025-02-07 00:00:00+00:00
[2025-02-07T08:13:50.108+0000] {processor.py:208} INFO - Processing /home/airflow/.local/lib/python3.12/site-packages/airflow/example_dags/example_branch_operator.py took 0.063 seconds
[2025-02-07T08:14:21.311+0000] {processor.py:186} INFO - Started process (PID=2397) to work on /home/airflow/.local/lib/python3.12/site-packages/airflow/example_dags/example_branch_operator.py
[2025-02-07T08:14:21.311+0000] {processor.py:914} INFO - Processing file /home/airflow/.local/lib/python3.12/site-packages/airflow/example_dags/example_branch_operator.py for tasks to queue
[2025-02-07T08:14:21.312+0000] {logging_mixin.py:190} INFO - [2025-02-07T08:14:21.312+0000] {dagbag.py:588} INFO - Filling up the DagBag from /home/airflow/.local/lib/python3.12/site-packages/airflow/example_dags/example_branch_operator.py
[2025-02-07T08:14:21.322+0000] {processor.py:925} INFO - DAG(s) 'example_branch_operator' retrieved from /home/airflow/.local/lib/python3.12/site-packages/airflow/example_dags/example_branch_operator.py
[2025-02-07T08:14:21.338+0000] {logging_mixin.py:190} INFO - [2025-02-07T08:14:21.338+0000] {dag.py:3239} INFO - Sync 1 DAGs
[2025-02-07T08:14:21.351+0000] {logging_mixin.py:190} INFO - [2025-02-07T08:14:21.351+0000] {dag.py:4180} INFO - Setting next_dagrun for example_branch_operator to 2025-02-06 00:00:00+00:00, run_after=2025-02-07 00:00:00+00:00
[2025-02-07T08:14:21.360+0000] {processor.py:208} INFO - Processing /home/airflow/.local/lib/python3.12/site-packages/airflow/example_dags/example_branch_operator.py took 0.052 seconds
[2025-02-07T08:14:51.808+0000] {processor.py:186} INFO - Started process (PID=2482) to work on /home/airflow/.local/lib/python3.12/site-packages/airflow/example_dags/example_branch_operator.py
[2025-02-07T08:14:51.808+0000] {processor.py:914} INFO - Processing file /home/airflow/.local/lib/python3.12/site-packages/airflow/example_dags/example_branch_operator.py for tasks to queue
[2025-02-07T08:14:51.809+0000] {logging_mixin.py:190} INFO - [2025-02-07T08:14:51.809+0000] {dagbag.py:588} INFO - Filling up the DagBag from /home/airflow/.local/lib/python3.12/site-packages/airflow/example_dags/example_branch_operator.py
[2025-02-07T08:14:51.821+0000] {processor.py:925} INFO - DAG(s) 'example_branch_operator' retrieved from /home/airflow/.local/lib/python3.12/site-packages/airflow/example_dags/example_branch_operator.py
[2025-02-07T08:14:51.849+0000] {logging_mixin.py:190} INFO - [2025-02-07T08:14:51.849+0000] {dag.py:3239} INFO - Sync 1 DAGs
[2025-02-07T08:14:51.875+0000] {logging_mixin.py:190} INFO - [2025-02-07T08:14:51.875+0000] {dag.py:4180} INFO - Setting next_dagrun for example_branch_operator to 2025-02-06 00:00:00+00:00, run_after=2025-02-07 00:00:00+00:00
[2025-02-07T08:14:51.891+0000] {processor.py:208} INFO - Processing /home/airflow/.local/lib/python3.12/site-packages/airflow/example_dags/example_branch_operator.py took 0.087 seconds
[2025-02-07T08:15:22.598+0000] {processor.py:186} INFO - Started process (PID=2567) to work on /home/airflow/.local/lib/python3.12/site-packages/airflow/example_dags/example_branch_operator.py
[2025-02-07T08:15:22.599+0000] {processor.py:914} INFO - Processing file /home/airflow/.local/lib/python3.12/site-packages/airflow/example_dags/example_branch_operator.py for tasks to queue
[2025-02-07T08:15:22.600+0000] {logging_mixin.py:190} INFO - [2025-02-07T08:15:22.600+0000] {dagbag.py:588} INFO - Filling up the DagBag from /home/airflow/.local/lib/python3.12/site-packages/airflow/example_dags/example_branch_operator.py
[2025-02-07T08:15:22.614+0000] {processor.py:925} INFO - DAG(s) 'example_branch_operator' retrieved from /home/airflow/.local/lib/python3.12/site-packages/airflow/example_dags/example_branch_operator.py
[2025-02-07T08:15:22.764+0000] {logging_mixin.py:190} INFO - [2025-02-07T08:15:22.764+0000] {dag.py:3239} INFO - Sync 1 DAGs
[2025-02-07T08:15:22.783+0000] {logging_mixin.py:190} INFO - [2025-02-07T08:15:22.783+0000] {dag.py:4180} INFO - Setting next_dagrun for example_branch_operator to 2025-02-06 00:00:00+00:00, run_after=2025-02-07 00:00:00+00:00
[2025-02-07T08:15:22.803+0000] {processor.py:208} INFO - Processing /home/airflow/.local/lib/python3.12/site-packages/airflow/example_dags/example_branch_operator.py took 0.208 seconds
[2025-02-07T08:15:53.127+0000] {processor.py:186} INFO - Started process (PID=2652) to work on /home/airflow/.local/lib/python3.12/site-packages/airflow/example_dags/example_branch_operator.py
[2025-02-07T08:15:53.128+0000] {processor.py:914} INFO - Processing file /home/airflow/.local/lib/python3.12/site-packages/airflow/example_dags/example_branch_operator.py for tasks to queue
[2025-02-07T08:15:53.130+0000] {logging_mixin.py:190} INFO - [2025-02-07T08:15:53.129+0000] {dagbag.py:588} INFO - Filling up the DagBag from /home/airflow/.local/lib/python3.12/site-packages/airflow/example_dags/example_branch_operator.py
[2025-02-07T08:15:53.269+0000] {processor.py:925} INFO - DAG(s) 'example_branch_operator' retrieved from /home/airflow/.local/lib/python3.12/site-packages/airflow/example_dags/example_branch_operator.py
[2025-02-07T08:15:53.296+0000] {logging_mixin.py:190} INFO - [2025-02-07T08:15:53.296+0000] {dag.py:3239} INFO - Sync 1 DAGs
[2025-02-07T08:15:53.313+0000] {logging_mixin.py:190} INFO - [2025-02-07T08:15:53.313+0000] {dag.py:4180} INFO - Setting next_dagrun for example_branch_operator to 2025-02-06 00:00:00+00:00, run_after=2025-02-07 00:00:00+00:00
[2025-02-07T08:15:53.325+0000] {processor.py:208} INFO - Processing /home/airflow/.local/lib/python3.12/site-packages/airflow/example_dags/example_branch_operator.py took 0.204 seconds
[2025-02-07T08:16:23.602+0000] {processor.py:186} INFO - Started process (PID=2737) to work on /home/airflow/.local/lib/python3.12/site-packages/airflow/example_dags/example_branch_operator.py
[2025-02-07T08:16:23.603+0000] {processor.py:914} INFO - Processing file /home/airflow/.local/lib/python3.12/site-packages/airflow/example_dags/example_branch_operator.py for tasks to queue
[2025-02-07T08:16:23.604+0000] {logging_mixin.py:190} INFO - [2025-02-07T08:16:23.604+0000] {dagbag.py:588} INFO - Filling up the DagBag from /home/airflow/.local/lib/python3.12/site-packages/airflow/example_dags/example_branch_operator.py
[2025-02-07T08:16:23.614+0000] {processor.py:925} INFO - DAG(s) 'example_branch_operator' retrieved from /home/airflow/.local/lib/python3.12/site-packages/airflow/example_dags/example_branch_operator.py
[2025-02-07T08:16:23.637+0000] {logging_mixin.py:190} INFO - [2025-02-07T08:16:23.636+0000] {dag.py:3239} INFO - Sync 1 DAGs
[2025-02-07T08:16:23.655+0000] {logging_mixin.py:190} INFO - [2025-02-07T08:16:23.655+0000] {dag.py:4180} INFO - Setting next_dagrun for example_branch_operator to 2025-02-06 00:00:00+00:00, run_after=2025-02-07 00:00:00+00:00
[2025-02-07T08:16:23.666+0000] {processor.py:208} INFO - Processing /home/airflow/.local/lib/python3.12/site-packages/airflow/example_dags/example_branch_operator.py took 0.067 seconds
[2025-02-07T08:16:54.749+0000] {processor.py:186} INFO - Started process (PID=2822) to work on /home/airflow/.local/lib/python3.12/site-packages/airflow/example_dags/example_branch_operator.py
[2025-02-07T08:16:54.749+0000] {processor.py:914} INFO - Processing file /home/airflow/.local/lib/python3.12/site-packages/airflow/example_dags/example_branch_operator.py for tasks to queue
[2025-02-07T08:16:54.751+0000] {logging_mixin.py:190} INFO - [2025-02-07T08:16:54.751+0000] {dagbag.py:588} INFO - Filling up the DagBag from /home/airflow/.local/lib/python3.12/site-packages/airflow/example_dags/example_branch_operator.py
[2025-02-07T08:16:54.764+0000] {processor.py:925} INFO - DAG(s) 'example_branch_operator' retrieved from /home/airflow/.local/lib/python3.12/site-packages/airflow/example_dags/example_branch_operator.py
[2025-02-07T08:16:54.784+0000] {logging_mixin.py:190} INFO - [2025-02-07T08:16:54.783+0000] {dag.py:3239} INFO - Sync 1 DAGs
[2025-02-07T08:16:54.797+0000] {logging_mixin.py:190} INFO - [2025-02-07T08:16:54.797+0000] {dag.py:4180} INFO - Setting next_dagrun for example_branch_operator to 2025-02-06 00:00:00+00:00, run_after=2025-02-07 00:00:00+00:00
[2025-02-07T08:16:54.806+0000] {processor.py:208} INFO - Processing /home/airflow/.local/lib/python3.12/site-packages/airflow/example_dags/example_branch_operator.py took 0.063 seconds
[2025-02-07T08:17:25.493+0000] {processor.py:186} INFO - Started process (PID=2907) to work on /home/airflow/.local/lib/python3.12/site-packages/airflow/example_dags/example_branch_operator.py
[2025-02-07T08:17:25.494+0000] {processor.py:914} INFO - Processing file /home/airflow/.local/lib/python3.12/site-packages/airflow/example_dags/example_branch_operator.py for tasks to queue
[2025-02-07T08:17:25.496+0000] {logging_mixin.py:190} INFO - [2025-02-07T08:17:25.496+0000] {dagbag.py:588} INFO - Filling up the DagBag from /home/airflow/.local/lib/python3.12/site-packages/airflow/example_dags/example_branch_operator.py
[2025-02-07T08:17:25.508+0000] {processor.py:925} INFO - DAG(s) 'example_branch_operator' retrieved from /home/airflow/.local/lib/python3.12/site-packages/airflow/example_dags/example_branch_operator.py
[2025-02-07T08:17:25.534+0000] {logging_mixin.py:190} INFO - [2025-02-07T08:17:25.534+0000] {dag.py:3239} INFO - Sync 1 DAGs
[2025-02-07T08:17:25.551+0000] {logging_mixin.py:190} INFO - [2025-02-07T08:17:25.551+0000] {dag.py:4180} INFO - Setting next_dagrun for example_branch_operator to 2025-02-06 00:00:00+00:00, run_after=2025-02-07 00:00:00+00:00
[2025-02-07T08:17:25.562+0000] {processor.py:208} INFO - Processing /home/airflow/.local/lib/python3.12/site-packages/airflow/example_dags/example_branch_operator.py took 0.076 seconds
[2025-02-07T08:17:56.225+0000] {processor.py:186} INFO - Started process (PID=2992) to work on /home/airflow/.local/lib/python3.12/site-packages/airflow/example_dags/example_branch_operator.py
[2025-02-07T08:17:56.226+0000] {processor.py:914} INFO - Processing file /home/airflow/.local/lib/python3.12/site-packages/airflow/example_dags/example_branch_operator.py for tasks to queue
[2025-02-07T08:17:56.227+0000] {logging_mixin.py:190} INFO - [2025-02-07T08:17:56.227+0000] {dagbag.py:588} INFO - Filling up the DagBag from /home/airflow/.local/lib/python3.12/site-packages/airflow/example_dags/example_branch_operator.py
[2025-02-07T08:17:56.237+0000] {processor.py:925} INFO - DAG(s) 'example_branch_operator' retrieved from /home/airflow/.local/lib/python3.12/site-packages/airflow/example_dags/example_branch_operator.py
[2025-02-07T08:17:56.255+0000] {logging_mixin.py:190} INFO - [2025-02-07T08:17:56.255+0000] {dag.py:3239} INFO - Sync 1 DAGs
[2025-02-07T08:17:56.272+0000] {logging_mixin.py:190} INFO - [2025-02-07T08:17:56.272+0000] {dag.py:4180} INFO - Setting next_dagrun for example_branch_operator to 2025-02-06 00:00:00+00:00, run_after=2025-02-07 00:00:00+00:00
[2025-02-07T08:17:56.281+0000] {processor.py:208} INFO - Processing /home/airflow/.local/lib/python3.12/site-packages/airflow/example_dags/example_branch_operator.py took 0.059 seconds
[2025-02-07T08:18:27.001+0000] {processor.py:186} INFO - Started process (PID=3077) to work on /home/airflow/.local/lib/python3.12/site-packages/airflow/example_dags/example_branch_operator.py
[2025-02-07T08:18:27.002+0000] {processor.py:914} INFO - Processing file /home/airflow/.local/lib/python3.12/site-packages/airflow/example_dags/example_branch_operator.py for tasks to queue
[2025-02-07T08:18:27.003+0000] {logging_mixin.py:190} INFO - [2025-02-07T08:18:27.003+0000] {dagbag.py:588} INFO - Filling up the DagBag from /home/airflow/.local/lib/python3.12/site-packages/airflow/example_dags/example_branch_operator.py
[2025-02-07T08:18:27.014+0000] {processor.py:925} INFO - DAG(s) 'example_branch_operator' retrieved from /home/airflow/.local/lib/python3.12/site-packages/airflow/example_dags/example_branch_operator.py
[2025-02-07T08:18:27.032+0000] {logging_mixin.py:190} INFO - [2025-02-07T08:18:27.032+0000] {dag.py:3239} INFO - Sync 1 DAGs
[2025-02-07T08:18:27.045+0000] {logging_mixin.py:190} INFO - [2025-02-07T08:18:27.045+0000] {dag.py:4180} INFO - Setting next_dagrun for example_branch_operator to 2025-02-06 00:00:00+00:00, run_after=2025-02-07 00:00:00+00:00
[2025-02-07T08:18:27.056+0000] {processor.py:208} INFO - Processing /home/airflow/.local/lib/python3.12/site-packages/airflow/example_dags/example_branch_operator.py took 0.058 seconds
[2025-02-07T08:18:57.924+0000] {processor.py:186} INFO - Started process (PID=3162) to work on /home/airflow/.local/lib/python3.12/site-packages/airflow/example_dags/example_branch_operator.py
[2025-02-07T08:18:57.925+0000] {processor.py:914} INFO - Processing file /home/airflow/.local/lib/python3.12/site-packages/airflow/example_dags/example_branch_operator.py for tasks to queue
[2025-02-07T08:18:57.927+0000] {logging_mixin.py:190} INFO - [2025-02-07T08:18:57.927+0000] {dagbag.py:588} INFO - Filling up the DagBag from /home/airflow/.local/lib/python3.12/site-packages/airflow/example_dags/example_branch_operator.py
[2025-02-07T08:18:57.942+0000] {processor.py:925} INFO - DAG(s) 'example_branch_operator' retrieved from /home/airflow/.local/lib/python3.12/site-packages/airflow/example_dags/example_branch_operator.py
[2025-02-07T08:18:57.972+0000] {logging_mixin.py:190} INFO - [2025-02-07T08:18:57.972+0000] {dag.py:3239} INFO - Sync 1 DAGs
[2025-02-07T08:18:57.986+0000] {logging_mixin.py:190} INFO - [2025-02-07T08:18:57.985+0000] {dag.py:4180} INFO - Setting next_dagrun for example_branch_operator to 2025-02-06 00:00:00+00:00, run_after=2025-02-07 00:00:00+00:00
[2025-02-07T08:18:57.998+0000] {processor.py:208} INFO - Processing /home/airflow/.local/lib/python3.12/site-packages/airflow/example_dags/example_branch_operator.py took 0.081 seconds
[2025-02-07T08:19:28.235+0000] {processor.py:186} INFO - Started process (PID=3247) to work on /home/airflow/.local/lib/python3.12/site-packages/airflow/example_dags/example_branch_operator.py
[2025-02-07T08:19:28.236+0000] {processor.py:914} INFO - Processing file /home/airflow/.local/lib/python3.12/site-packages/airflow/example_dags/example_branch_operator.py for tasks to queue
[2025-02-07T08:19:28.237+0000] {logging_mixin.py:190} INFO - [2025-02-07T08:19:28.237+0000] {dagbag.py:588} INFO - Filling up the DagBag from /home/airflow/.local/lib/python3.12/site-packages/airflow/example_dags/example_branch_operator.py
[2025-02-07T08:19:28.248+0000] {processor.py:925} INFO - DAG(s) 'example_branch_operator' retrieved from /home/airflow/.local/lib/python3.12/site-packages/airflow/example_dags/example_branch_operator.py
[2025-02-07T08:19:28.273+0000] {logging_mixin.py:190} INFO - [2025-02-07T08:19:28.272+0000] {dag.py:3239} INFO - Sync 1 DAGs
[2025-02-07T08:19:28.292+0000] {logging_mixin.py:190} INFO - [2025-02-07T08:19:28.292+0000] {dag.py:4180} INFO - Setting next_dagrun for example_branch_operator to 2025-02-06 00:00:00+00:00, run_after=2025-02-07 00:00:00+00:00
[2025-02-07T08:19:28.312+0000] {processor.py:208} INFO - Processing /home/airflow/.local/lib/python3.12/site-packages/airflow/example_dags/example_branch_operator.py took 0.081 seconds
[2025-02-07T08:19:59.351+0000] {processor.py:186} INFO - Started process (PID=3338) to work on /home/airflow/.local/lib/python3.12/site-packages/airflow/example_dags/example_branch_operator.py
[2025-02-07T08:19:59.352+0000] {processor.py:914} INFO - Processing file /home/airflow/.local/lib/python3.12/site-packages/airflow/example_dags/example_branch_operator.py for tasks to queue
[2025-02-07T08:19:59.353+0000] {logging_mixin.py:190} INFO - [2025-02-07T08:19:59.353+0000] {dagbag.py:588} INFO - Filling up the DagBag from /home/airflow/.local/lib/python3.12/site-packages/airflow/example_dags/example_branch_operator.py
[2025-02-07T08:19:59.363+0000] {processor.py:925} INFO - DAG(s) 'example_branch_operator' retrieved from /home/airflow/.local/lib/python3.12/site-packages/airflow/example_dags/example_branch_operator.py
[2025-02-07T08:19:59.380+0000] {logging_mixin.py:190} INFO - [2025-02-07T08:19:59.380+0000] {dag.py:3239} INFO - Sync 1 DAGs
[2025-02-07T08:19:59.393+0000] {logging_mixin.py:190} INFO - [2025-02-07T08:19:59.392+0000] {dag.py:4180} INFO - Setting next_dagrun for example_branch_operator to 2025-02-06 00:00:00+00:00, run_after=2025-02-07 00:00:00+00:00
[2025-02-07T08:19:59.404+0000] {processor.py:208} INFO - Processing /home/airflow/.local/lib/python3.12/site-packages/airflow/example_dags/example_branch_operator.py took 0.060 seconds
[2025-02-07T08:20:30.120+0000] {processor.py:186} INFO - Started process (PID=3423) to work on /home/airflow/.local/lib/python3.12/site-packages/airflow/example_dags/example_branch_operator.py
[2025-02-07T08:20:30.120+0000] {processor.py:914} INFO - Processing file /home/airflow/.local/lib/python3.12/site-packages/airflow/example_dags/example_branch_operator.py for tasks to queue
[2025-02-07T08:20:30.121+0000] {logging_mixin.py:190} INFO - [2025-02-07T08:20:30.121+0000] {dagbag.py:588} INFO - Filling up the DagBag from /home/airflow/.local/lib/python3.12/site-packages/airflow/example_dags/example_branch_operator.py
[2025-02-07T08:20:30.131+0000] {processor.py:925} INFO - DAG(s) 'example_branch_operator' retrieved from /home/airflow/.local/lib/python3.12/site-packages/airflow/example_dags/example_branch_operator.py
[2025-02-07T08:20:30.149+0000] {logging_mixin.py:190} INFO - [2025-02-07T08:20:30.149+0000] {dag.py:3239} INFO - Sync 1 DAGs
[2025-02-07T08:20:30.163+0000] {logging_mixin.py:190} INFO - [2025-02-07T08:20:30.163+0000] {dag.py:4180} INFO - Setting next_dagrun for example_branch_operator to 2025-02-06 00:00:00+00:00, run_after=2025-02-07 00:00:00+00:00
[2025-02-07T08:20:30.173+0000] {processor.py:208} INFO - Processing /home/airflow/.local/lib/python3.12/site-packages/airflow/example_dags/example_branch_operator.py took 0.056 seconds
