[2025-02-07T08:00:26.356+0000] {processor.py:186} INFO - Started process (PID=107) to work on /home/airflow/.local/lib/python3.12/site-packages/airflow/example_dags/example_branch_python_dop_operator_3.py
[2025-02-07T08:00:26.356+0000] {processor.py:914} INFO - Processing file /home/airflow/.local/lib/python3.12/site-packages/airflow/example_dags/example_branch_python_dop_operator_3.py for tasks to queue
[2025-02-07T08:00:26.358+0000] {logging_mixin.py:190} INFO - [2025-02-07T08:00:26.357+0000] {dagbag.py:588} INFO - Filling up the DagBag from /home/airflow/.local/lib/python3.12/site-packages/airflow/example_dags/example_branch_python_dop_operator_3.py
[2025-02-07T08:00:26.366+0000] {processor.py:925} INFO - DAG(s) 'example_branch_dop_operator_v3' retrieved from /home/airflow/.local/lib/python3.12/site-packages/airflow/example_dags/example_branch_python_dop_operator_3.py
[2025-02-07T08:00:26.393+0000] {logging_mixin.py:190} INFO - [2025-02-07T08:00:26.392+0000] {dag.py:3239} INFO - Sync 1 DAGs
[2025-02-07T08:00:26.454+0000] {logging_mixin.py:190} INFO - [2025-02-07T08:00:26.454+0000] {dag.py:4180} INFO - Setting next_dagrun for example_branch_dop_operator_v3 to 2025-02-07 07:59:00+00:00, run_after=2025-02-07 08:00:00+00:00
[2025-02-07T08:00:26.517+0000] {processor.py:208} INFO - Processing /home/airflow/.local/lib/python3.12/site-packages/airflow/example_dags/example_branch_python_dop_operator_3.py took 0.166 seconds
[2025-02-07T08:00:57.024+0000] {processor.py:186} INFO - Started process (PID=199) to work on /home/airflow/.local/lib/python3.12/site-packages/airflow/example_dags/example_branch_python_dop_operator_3.py
[2025-02-07T08:00:57.025+0000] {processor.py:914} INFO - Processing file /home/airflow/.local/lib/python3.12/site-packages/airflow/example_dags/example_branch_python_dop_operator_3.py for tasks to queue
[2025-02-07T08:00:57.026+0000] {logging_mixin.py:190} INFO - [2025-02-07T08:00:57.026+0000] {dagbag.py:588} INFO - Filling up the DagBag from /home/airflow/.local/lib/python3.12/site-packages/airflow/example_dags/example_branch_python_dop_operator_3.py
[2025-02-07T08:00:57.033+0000] {processor.py:925} INFO - DAG(s) 'example_branch_dop_operator_v3' retrieved from /home/airflow/.local/lib/python3.12/site-packages/airflow/example_dags/example_branch_python_dop_operator_3.py
[2025-02-07T08:00:57.051+0000] {logging_mixin.py:190} INFO - [2025-02-07T08:00:57.051+0000] {dag.py:3239} INFO - Sync 1 DAGs
[2025-02-07T08:00:57.073+0000] {logging_mixin.py:190} INFO - [2025-02-07T08:00:57.073+0000] {dag.py:4180} INFO - Setting next_dagrun for example_branch_dop_operator_v3 to 2025-02-07 07:59:00+00:00, run_after=2025-02-07 08:00:00+00:00
[2025-02-07T08:00:57.089+0000] {processor.py:208} INFO - Processing /home/airflow/.local/lib/python3.12/site-packages/airflow/example_dags/example_branch_python_dop_operator_3.py took 0.068 seconds
[2025-02-07T08:01:27.359+0000] {processor.py:186} INFO - Started process (PID=263) to work on /home/airflow/.local/lib/python3.12/site-packages/airflow/example_dags/example_branch_python_dop_operator_3.py
[2025-02-07T08:01:27.360+0000] {processor.py:914} INFO - Processing file /home/airflow/.local/lib/python3.12/site-packages/airflow/example_dags/example_branch_python_dop_operator_3.py for tasks to queue
[2025-02-07T08:01:27.361+0000] {logging_mixin.py:190} INFO - [2025-02-07T08:01:27.361+0000] {dagbag.py:588} INFO - Filling up the DagBag from /home/airflow/.local/lib/python3.12/site-packages/airflow/example_dags/example_branch_python_dop_operator_3.py
[2025-02-07T08:01:27.368+0000] {processor.py:925} INFO - DAG(s) 'example_branch_dop_operator_v3' retrieved from /home/airflow/.local/lib/python3.12/site-packages/airflow/example_dags/example_branch_python_dop_operator_3.py
[2025-02-07T08:01:27.380+0000] {logging_mixin.py:190} INFO - [2025-02-07T08:01:27.380+0000] {dag.py:3239} INFO - Sync 1 DAGs
[2025-02-07T08:01:27.395+0000] {logging_mixin.py:190} INFO - [2025-02-07T08:01:27.395+0000] {dag.py:4180} INFO - Setting next_dagrun for example_branch_dop_operator_v3 to 2025-02-07 08:00:00+00:00, run_after=2025-02-07 08:01:00+00:00
[2025-02-07T08:01:27.404+0000] {processor.py:208} INFO - Processing /home/airflow/.local/lib/python3.12/site-packages/airflow/example_dags/example_branch_python_dop_operator_3.py took 0.049 seconds
[2025-02-07T08:01:58.116+0000] {processor.py:186} INFO - Started process (PID=347) to work on /home/airflow/.local/lib/python3.12/site-packages/airflow/example_dags/example_branch_python_dop_operator_3.py
[2025-02-07T08:01:58.116+0000] {processor.py:914} INFO - Processing file /home/airflow/.local/lib/python3.12/site-packages/airflow/example_dags/example_branch_python_dop_operator_3.py for tasks to queue
[2025-02-07T08:01:58.117+0000] {logging_mixin.py:190} INFO - [2025-02-07T08:01:58.117+0000] {dagbag.py:588} INFO - Filling up the DagBag from /home/airflow/.local/lib/python3.12/site-packages/airflow/example_dags/example_branch_python_dop_operator_3.py
[2025-02-07T08:01:58.123+0000] {processor.py:925} INFO - DAG(s) 'example_branch_dop_operator_v3' retrieved from /home/airflow/.local/lib/python3.12/site-packages/airflow/example_dags/example_branch_python_dop_operator_3.py
[2025-02-07T08:01:58.135+0000] {logging_mixin.py:190} INFO - [2025-02-07T08:01:58.135+0000] {dag.py:3239} INFO - Sync 1 DAGs
[2025-02-07T08:01:58.150+0000] {logging_mixin.py:190} INFO - [2025-02-07T08:01:58.150+0000] {dag.py:4180} INFO - Setting next_dagrun for example_branch_dop_operator_v3 to 2025-02-07 08:00:00+00:00, run_after=2025-02-07 08:01:00+00:00
[2025-02-07T08:01:58.163+0000] {processor.py:208} INFO - Processing /home/airflow/.local/lib/python3.12/site-packages/airflow/example_dags/example_branch_python_dop_operator_3.py took 0.053 seconds
[2025-02-07T08:02:29.155+0000] {processor.py:186} INFO - Started process (PID=432) to work on /home/airflow/.local/lib/python3.12/site-packages/airflow/example_dags/example_branch_python_dop_operator_3.py
[2025-02-07T08:02:29.155+0000] {processor.py:914} INFO - Processing file /home/airflow/.local/lib/python3.12/site-packages/airflow/example_dags/example_branch_python_dop_operator_3.py for tasks to queue
[2025-02-07T08:02:29.156+0000] {logging_mixin.py:190} INFO - [2025-02-07T08:02:29.156+0000] {dagbag.py:588} INFO - Filling up the DagBag from /home/airflow/.local/lib/python3.12/site-packages/airflow/example_dags/example_branch_python_dop_operator_3.py
[2025-02-07T08:02:29.162+0000] {processor.py:925} INFO - DAG(s) 'example_branch_dop_operator_v3' retrieved from /home/airflow/.local/lib/python3.12/site-packages/airflow/example_dags/example_branch_python_dop_operator_3.py
[2025-02-07T08:02:29.173+0000] {logging_mixin.py:190} INFO - [2025-02-07T08:02:29.173+0000] {dag.py:3239} INFO - Sync 1 DAGs
[2025-02-07T08:02:29.188+0000] {logging_mixin.py:190} INFO - [2025-02-07T08:02:29.188+0000] {dag.py:4180} INFO - Setting next_dagrun for example_branch_dop_operator_v3 to 2025-02-07 08:01:00+00:00, run_after=2025-02-07 08:02:00+00:00
[2025-02-07T08:02:29.198+0000] {processor.py:208} INFO - Processing /home/airflow/.local/lib/python3.12/site-packages/airflow/example_dags/example_branch_python_dop_operator_3.py took 0.046 seconds
[2025-02-07T08:02:59.630+0000] {processor.py:186} INFO - Started process (PID=517) to work on /home/airflow/.local/lib/python3.12/site-packages/airflow/example_dags/example_branch_python_dop_operator_3.py
[2025-02-07T08:02:59.631+0000] {processor.py:914} INFO - Processing file /home/airflow/.local/lib/python3.12/site-packages/airflow/example_dags/example_branch_python_dop_operator_3.py for tasks to queue
[2025-02-07T08:02:59.632+0000] {logging_mixin.py:190} INFO - [2025-02-07T08:02:59.632+0000] {dagbag.py:588} INFO - Filling up the DagBag from /home/airflow/.local/lib/python3.12/site-packages/airflow/example_dags/example_branch_python_dop_operator_3.py
[2025-02-07T08:02:59.639+0000] {processor.py:925} INFO - DAG(s) 'example_branch_dop_operator_v3' retrieved from /home/airflow/.local/lib/python3.12/site-packages/airflow/example_dags/example_branch_python_dop_operator_3.py
[2025-02-07T08:02:59.654+0000] {logging_mixin.py:190} INFO - [2025-02-07T08:02:59.654+0000] {dag.py:3239} INFO - Sync 1 DAGs
[2025-02-07T08:02:59.670+0000] {logging_mixin.py:190} INFO - [2025-02-07T08:02:59.670+0000] {dag.py:4180} INFO - Setting next_dagrun for example_branch_dop_operator_v3 to 2025-02-07 08:01:00+00:00, run_after=2025-02-07 08:02:00+00:00
[2025-02-07T08:02:59.684+0000] {processor.py:208} INFO - Processing /home/airflow/.local/lib/python3.12/site-packages/airflow/example_dags/example_branch_python_dop_operator_3.py took 0.061 seconds
[2025-02-07T08:03:29.939+0000] {processor.py:186} INFO - Started process (PID=602) to work on /home/airflow/.local/lib/python3.12/site-packages/airflow/example_dags/example_branch_python_dop_operator_3.py
[2025-02-07T08:03:29.939+0000] {processor.py:914} INFO - Processing file /home/airflow/.local/lib/python3.12/site-packages/airflow/example_dags/example_branch_python_dop_operator_3.py for tasks to queue
[2025-02-07T08:03:29.941+0000] {logging_mixin.py:190} INFO - [2025-02-07T08:03:29.941+0000] {dagbag.py:588} INFO - Filling up the DagBag from /home/airflow/.local/lib/python3.12/site-packages/airflow/example_dags/example_branch_python_dop_operator_3.py
[2025-02-07T08:03:29.948+0000] {processor.py:925} INFO - DAG(s) 'example_branch_dop_operator_v3' retrieved from /home/airflow/.local/lib/python3.12/site-packages/airflow/example_dags/example_branch_python_dop_operator_3.py
[2025-02-07T08:03:29.963+0000] {logging_mixin.py:190} INFO - [2025-02-07T08:03:29.963+0000] {dag.py:3239} INFO - Sync 1 DAGs
[2025-02-07T08:03:29.977+0000] {logging_mixin.py:190} INFO - [2025-02-07T08:03:29.977+0000] {dag.py:4180} INFO - Setting next_dagrun for example_branch_dop_operator_v3 to 2025-02-07 08:02:00+00:00, run_after=2025-02-07 08:03:00+00:00
[2025-02-07T08:03:29.988+0000] {processor.py:208} INFO - Processing /home/airflow/.local/lib/python3.12/site-packages/airflow/example_dags/example_branch_python_dop_operator_3.py took 0.055 seconds
[2025-02-07T08:04:00.837+0000] {processor.py:186} INFO - Started process (PID=687) to work on /home/airflow/.local/lib/python3.12/site-packages/airflow/example_dags/example_branch_python_dop_operator_3.py
[2025-02-07T08:04:00.838+0000] {processor.py:914} INFO - Processing file /home/airflow/.local/lib/python3.12/site-packages/airflow/example_dags/example_branch_python_dop_operator_3.py for tasks to queue
[2025-02-07T08:04:00.839+0000] {logging_mixin.py:190} INFO - [2025-02-07T08:04:00.839+0000] {dagbag.py:588} INFO - Filling up the DagBag from /home/airflow/.local/lib/python3.12/site-packages/airflow/example_dags/example_branch_python_dop_operator_3.py
[2025-02-07T08:04:00.845+0000] {processor.py:925} INFO - DAG(s) 'example_branch_dop_operator_v3' retrieved from /home/airflow/.local/lib/python3.12/site-packages/airflow/example_dags/example_branch_python_dop_operator_3.py
[2025-02-07T08:04:00.857+0000] {logging_mixin.py:190} INFO - [2025-02-07T08:04:00.857+0000] {dag.py:3239} INFO - Sync 1 DAGs
[2025-02-07T08:04:00.871+0000] {logging_mixin.py:190} INFO - [2025-02-07T08:04:00.871+0000] {dag.py:4180} INFO - Setting next_dagrun for example_branch_dop_operator_v3 to 2025-02-07 08:03:00+00:00, run_after=2025-02-07 08:04:00+00:00
[2025-02-07T08:04:00.883+0000] {processor.py:208} INFO - Processing /home/airflow/.local/lib/python3.12/site-packages/airflow/example_dags/example_branch_python_dop_operator_3.py took 0.049 seconds
[2025-02-07T08:04:30.957+0000] {processor.py:186} INFO - Started process (PID=772) to work on /home/airflow/.local/lib/python3.12/site-packages/airflow/example_dags/example_branch_python_dop_operator_3.py
[2025-02-07T08:04:30.958+0000] {processor.py:914} INFO - Processing file /home/airflow/.local/lib/python3.12/site-packages/airflow/example_dags/example_branch_python_dop_operator_3.py for tasks to queue
[2025-02-07T08:04:30.960+0000] {logging_mixin.py:190} INFO - [2025-02-07T08:04:30.960+0000] {dagbag.py:588} INFO - Filling up the DagBag from /home/airflow/.local/lib/python3.12/site-packages/airflow/example_dags/example_branch_python_dop_operator_3.py
[2025-02-07T08:04:30.969+0000] {processor.py:925} INFO - DAG(s) 'example_branch_dop_operator_v3' retrieved from /home/airflow/.local/lib/python3.12/site-packages/airflow/example_dags/example_branch_python_dop_operator_3.py
[2025-02-07T08:04:30.981+0000] {logging_mixin.py:190} INFO - [2025-02-07T08:04:30.980+0000] {dag.py:3239} INFO - Sync 1 DAGs
[2025-02-07T08:04:30.995+0000] {logging_mixin.py:190} INFO - [2025-02-07T08:04:30.995+0000] {dag.py:4180} INFO - Setting next_dagrun for example_branch_dop_operator_v3 to 2025-02-07 08:03:00+00:00, run_after=2025-02-07 08:04:00+00:00
[2025-02-07T08:04:31.004+0000] {processor.py:208} INFO - Processing /home/airflow/.local/lib/python3.12/site-packages/airflow/example_dags/example_branch_python_dop_operator_3.py took 0.052 seconds
[2025-02-07T08:05:01.227+0000] {processor.py:186} INFO - Started process (PID=857) to work on /home/airflow/.local/lib/python3.12/site-packages/airflow/example_dags/example_branch_python_dop_operator_3.py
[2025-02-07T08:05:01.228+0000] {processor.py:914} INFO - Processing file /home/airflow/.local/lib/python3.12/site-packages/airflow/example_dags/example_branch_python_dop_operator_3.py for tasks to queue
[2025-02-07T08:05:01.230+0000] {logging_mixin.py:190} INFO - [2025-02-07T08:05:01.230+0000] {dagbag.py:588} INFO - Filling up the DagBag from /home/airflow/.local/lib/python3.12/site-packages/airflow/example_dags/example_branch_python_dop_operator_3.py
[2025-02-07T08:05:01.237+0000] {processor.py:925} INFO - DAG(s) 'example_branch_dop_operator_v3' retrieved from /home/airflow/.local/lib/python3.12/site-packages/airflow/example_dags/example_branch_python_dop_operator_3.py
[2025-02-07T08:05:01.258+0000] {logging_mixin.py:190} INFO - [2025-02-07T08:05:01.258+0000] {dag.py:3239} INFO - Sync 1 DAGs
[2025-02-07T08:05:01.281+0000] {logging_mixin.py:190} INFO - [2025-02-07T08:05:01.281+0000] {dag.py:4180} INFO - Setting next_dagrun for example_branch_dop_operator_v3 to 2025-02-07 08:04:00+00:00, run_after=2025-02-07 08:05:00+00:00
[2025-02-07T08:05:01.294+0000] {processor.py:208} INFO - Processing /home/airflow/.local/lib/python3.12/site-packages/airflow/example_dags/example_branch_python_dop_operator_3.py took 0.074 seconds
[2025-02-07T08:05:31.548+0000] {processor.py:186} INFO - Started process (PID=942) to work on /home/airflow/.local/lib/python3.12/site-packages/airflow/example_dags/example_branch_python_dop_operator_3.py
[2025-02-07T08:05:31.549+0000] {processor.py:914} INFO - Processing file /home/airflow/.local/lib/python3.12/site-packages/airflow/example_dags/example_branch_python_dop_operator_3.py for tasks to queue
[2025-02-07T08:05:31.550+0000] {logging_mixin.py:190} INFO - [2025-02-07T08:05:31.550+0000] {dagbag.py:588} INFO - Filling up the DagBag from /home/airflow/.local/lib/python3.12/site-packages/airflow/example_dags/example_branch_python_dop_operator_3.py
[2025-02-07T08:05:31.556+0000] {processor.py:925} INFO - DAG(s) 'example_branch_dop_operator_v3' retrieved from /home/airflow/.local/lib/python3.12/site-packages/airflow/example_dags/example_branch_python_dop_operator_3.py
[2025-02-07T08:05:31.573+0000] {logging_mixin.py:190} INFO - [2025-02-07T08:05:31.573+0000] {dag.py:3239} INFO - Sync 1 DAGs
[2025-02-07T08:05:31.600+0000] {logging_mixin.py:190} INFO - [2025-02-07T08:05:31.600+0000] {dag.py:4180} INFO - Setting next_dagrun for example_branch_dop_operator_v3 to 2025-02-07 08:04:00+00:00, run_after=2025-02-07 08:05:00+00:00
[2025-02-07T08:05:31.614+0000] {processor.py:208} INFO - Processing /home/airflow/.local/lib/python3.12/site-packages/airflow/example_dags/example_branch_python_dop_operator_3.py took 0.070 seconds
[2025-02-07T08:06:02.083+0000] {processor.py:186} INFO - Started process (PID=1027) to work on /home/airflow/.local/lib/python3.12/site-packages/airflow/example_dags/example_branch_python_dop_operator_3.py
[2025-02-07T08:06:02.084+0000] {processor.py:914} INFO - Processing file /home/airflow/.local/lib/python3.12/site-packages/airflow/example_dags/example_branch_python_dop_operator_3.py for tasks to queue
[2025-02-07T08:06:02.085+0000] {logging_mixin.py:190} INFO - [2025-02-07T08:06:02.084+0000] {dagbag.py:588} INFO - Filling up the DagBag from /home/airflow/.local/lib/python3.12/site-packages/airflow/example_dags/example_branch_python_dop_operator_3.py
[2025-02-07T08:06:02.090+0000] {processor.py:925} INFO - DAG(s) 'example_branch_dop_operator_v3' retrieved from /home/airflow/.local/lib/python3.12/site-packages/airflow/example_dags/example_branch_python_dop_operator_3.py
[2025-02-07T08:06:02.105+0000] {logging_mixin.py:190} INFO - [2025-02-07T08:06:02.104+0000] {dag.py:3239} INFO - Sync 1 DAGs
[2025-02-07T08:06:02.122+0000] {logging_mixin.py:190} INFO - [2025-02-07T08:06:02.122+0000] {dag.py:4180} INFO - Setting next_dagrun for example_branch_dop_operator_v3 to 2025-02-07 08:05:00+00:00, run_after=2025-02-07 08:06:00+00:00
[2025-02-07T08:06:02.131+0000] {processor.py:208} INFO - Processing /home/airflow/.local/lib/python3.12/site-packages/airflow/example_dags/example_branch_python_dop_operator_3.py took 0.052 seconds
[2025-02-07T08:06:33.013+0000] {processor.py:186} INFO - Started process (PID=1112) to work on /home/airflow/.local/lib/python3.12/site-packages/airflow/example_dags/example_branch_python_dop_operator_3.py
[2025-02-07T08:06:33.014+0000] {processor.py:914} INFO - Processing file /home/airflow/.local/lib/python3.12/site-packages/airflow/example_dags/example_branch_python_dop_operator_3.py for tasks to queue
[2025-02-07T08:06:33.016+0000] {logging_mixin.py:190} INFO - [2025-02-07T08:06:33.016+0000] {dagbag.py:588} INFO - Filling up the DagBag from /home/airflow/.local/lib/python3.12/site-packages/airflow/example_dags/example_branch_python_dop_operator_3.py
[2025-02-07T08:06:33.025+0000] {processor.py:925} INFO - DAG(s) 'example_branch_dop_operator_v3' retrieved from /home/airflow/.local/lib/python3.12/site-packages/airflow/example_dags/example_branch_python_dop_operator_3.py
[2025-02-07T08:06:33.041+0000] {logging_mixin.py:190} INFO - [2025-02-07T08:06:33.041+0000] {dag.py:3239} INFO - Sync 1 DAGs
[2025-02-07T08:06:33.062+0000] {logging_mixin.py:190} INFO - [2025-02-07T08:06:33.062+0000] {dag.py:4180} INFO - Setting next_dagrun for example_branch_dop_operator_v3 to 2025-02-07 08:05:00+00:00, run_after=2025-02-07 08:06:00+00:00
[2025-02-07T08:06:33.076+0000] {processor.py:208} INFO - Processing /home/airflow/.local/lib/python3.12/site-packages/airflow/example_dags/example_branch_python_dop_operator_3.py took 0.068 seconds
[2025-02-07T08:07:03.151+0000] {processor.py:186} INFO - Started process (PID=1197) to work on /home/airflow/.local/lib/python3.12/site-packages/airflow/example_dags/example_branch_python_dop_operator_3.py
[2025-02-07T08:07:03.152+0000] {processor.py:914} INFO - Processing file /home/airflow/.local/lib/python3.12/site-packages/airflow/example_dags/example_branch_python_dop_operator_3.py for tasks to queue
[2025-02-07T08:07:03.153+0000] {logging_mixin.py:190} INFO - [2025-02-07T08:07:03.153+0000] {dagbag.py:588} INFO - Filling up the DagBag from /home/airflow/.local/lib/python3.12/site-packages/airflow/example_dags/example_branch_python_dop_operator_3.py
[2025-02-07T08:07:03.161+0000] {processor.py:925} INFO - DAG(s) 'example_branch_dop_operator_v3' retrieved from /home/airflow/.local/lib/python3.12/site-packages/airflow/example_dags/example_branch_python_dop_operator_3.py
[2025-02-07T08:07:03.175+0000] {logging_mixin.py:190} INFO - [2025-02-07T08:07:03.175+0000] {dag.py:3239} INFO - Sync 1 DAGs
[2025-02-07T08:07:03.192+0000] {logging_mixin.py:190} INFO - [2025-02-07T08:07:03.191+0000] {dag.py:4180} INFO - Setting next_dagrun for example_branch_dop_operator_v3 to 2025-02-07 08:06:00+00:00, run_after=2025-02-07 08:07:00+00:00
[2025-02-07T08:07:03.203+0000] {processor.py:208} INFO - Processing /home/airflow/.local/lib/python3.12/site-packages/airflow/example_dags/example_branch_python_dop_operator_3.py took 0.055 seconds
[2025-02-07T08:07:33.952+0000] {processor.py:186} INFO - Started process (PID=1282) to work on /home/airflow/.local/lib/python3.12/site-packages/airflow/example_dags/example_branch_python_dop_operator_3.py
[2025-02-07T08:07:33.952+0000] {processor.py:914} INFO - Processing file /home/airflow/.local/lib/python3.12/site-packages/airflow/example_dags/example_branch_python_dop_operator_3.py for tasks to queue
[2025-02-07T08:07:33.955+0000] {logging_mixin.py:190} INFO - [2025-02-07T08:07:33.954+0000] {dagbag.py:588} INFO - Filling up the DagBag from /home/airflow/.local/lib/python3.12/site-packages/airflow/example_dags/example_branch_python_dop_operator_3.py
[2025-02-07T08:07:33.961+0000] {processor.py:925} INFO - DAG(s) 'example_branch_dop_operator_v3' retrieved from /home/airflow/.local/lib/python3.12/site-packages/airflow/example_dags/example_branch_python_dop_operator_3.py
[2025-02-07T08:07:33.972+0000] {logging_mixin.py:190} INFO - [2025-02-07T08:07:33.972+0000] {dag.py:3239} INFO - Sync 1 DAGs
[2025-02-07T08:07:33.987+0000] {logging_mixin.py:190} INFO - [2025-02-07T08:07:33.987+0000] {dag.py:4180} INFO - Setting next_dagrun for example_branch_dop_operator_v3 to 2025-02-07 08:06:00+00:00, run_after=2025-02-07 08:07:00+00:00
[2025-02-07T08:07:33.996+0000] {processor.py:208} INFO - Processing /home/airflow/.local/lib/python3.12/site-packages/airflow/example_dags/example_branch_python_dop_operator_3.py took 0.047 seconds
[2025-02-07T08:08:04.497+0000] {processor.py:186} INFO - Started process (PID=1367) to work on /home/airflow/.local/lib/python3.12/site-packages/airflow/example_dags/example_branch_python_dop_operator_3.py
[2025-02-07T08:08:04.497+0000] {processor.py:914} INFO - Processing file /home/airflow/.local/lib/python3.12/site-packages/airflow/example_dags/example_branch_python_dop_operator_3.py for tasks to queue
[2025-02-07T08:08:04.499+0000] {logging_mixin.py:190} INFO - [2025-02-07T08:08:04.499+0000] {dagbag.py:588} INFO - Filling up the DagBag from /home/airflow/.local/lib/python3.12/site-packages/airflow/example_dags/example_branch_python_dop_operator_3.py
[2025-02-07T08:08:04.505+0000] {processor.py:925} INFO - DAG(s) 'example_branch_dop_operator_v3' retrieved from /home/airflow/.local/lib/python3.12/site-packages/airflow/example_dags/example_branch_python_dop_operator_3.py
[2025-02-07T08:08:04.519+0000] {logging_mixin.py:190} INFO - [2025-02-07T08:08:04.519+0000] {dag.py:3239} INFO - Sync 1 DAGs
[2025-02-07T08:08:04.535+0000] {logging_mixin.py:190} INFO - [2025-02-07T08:08:04.535+0000] {dag.py:4180} INFO - Setting next_dagrun for example_branch_dop_operator_v3 to 2025-02-07 08:07:00+00:00, run_after=2025-02-07 08:08:00+00:00
[2025-02-07T08:08:04.545+0000] {processor.py:208} INFO - Processing /home/airflow/.local/lib/python3.12/site-packages/airflow/example_dags/example_branch_python_dop_operator_3.py took 0.051 seconds
[2025-02-07T08:08:35.168+0000] {processor.py:186} INFO - Started process (PID=1452) to work on /home/airflow/.local/lib/python3.12/site-packages/airflow/example_dags/example_branch_python_dop_operator_3.py
[2025-02-07T08:08:35.168+0000] {processor.py:914} INFO - Processing file /home/airflow/.local/lib/python3.12/site-packages/airflow/example_dags/example_branch_python_dop_operator_3.py for tasks to queue
[2025-02-07T08:08:35.170+0000] {logging_mixin.py:190} INFO - [2025-02-07T08:08:35.169+0000] {dagbag.py:588} INFO - Filling up the DagBag from /home/airflow/.local/lib/python3.12/site-packages/airflow/example_dags/example_branch_python_dop_operator_3.py
[2025-02-07T08:08:35.176+0000] {processor.py:925} INFO - DAG(s) 'example_branch_dop_operator_v3' retrieved from /home/airflow/.local/lib/python3.12/site-packages/airflow/example_dags/example_branch_python_dop_operator_3.py
[2025-02-07T08:08:35.192+0000] {logging_mixin.py:190} INFO - [2025-02-07T08:08:35.192+0000] {dag.py:3239} INFO - Sync 1 DAGs
[2025-02-07T08:08:35.206+0000] {logging_mixin.py:190} INFO - [2025-02-07T08:08:35.206+0000] {dag.py:4180} INFO - Setting next_dagrun for example_branch_dop_operator_v3 to 2025-02-07 08:07:00+00:00, run_after=2025-02-07 08:08:00+00:00
[2025-02-07T08:08:35.215+0000] {processor.py:208} INFO - Processing /home/airflow/.local/lib/python3.12/site-packages/airflow/example_dags/example_branch_python_dop_operator_3.py took 0.051 seconds
[2025-02-07T08:09:05.553+0000] {processor.py:186} INFO - Started process (PID=1537) to work on /home/airflow/.local/lib/python3.12/site-packages/airflow/example_dags/example_branch_python_dop_operator_3.py
[2025-02-07T08:09:05.553+0000] {processor.py:914} INFO - Processing file /home/airflow/.local/lib/python3.12/site-packages/airflow/example_dags/example_branch_python_dop_operator_3.py for tasks to queue
[2025-02-07T08:09:05.555+0000] {logging_mixin.py:190} INFO - [2025-02-07T08:09:05.555+0000] {dagbag.py:588} INFO - Filling up the DagBag from /home/airflow/.local/lib/python3.12/site-packages/airflow/example_dags/example_branch_python_dop_operator_3.py
[2025-02-07T08:09:05.561+0000] {processor.py:925} INFO - DAG(s) 'example_branch_dop_operator_v3' retrieved from /home/airflow/.local/lib/python3.12/site-packages/airflow/example_dags/example_branch_python_dop_operator_3.py
[2025-02-07T08:09:05.574+0000] {logging_mixin.py:190} INFO - [2025-02-07T08:09:05.574+0000] {dag.py:3239} INFO - Sync 1 DAGs
[2025-02-07T08:09:05.589+0000] {logging_mixin.py:190} INFO - [2025-02-07T08:09:05.589+0000] {dag.py:4180} INFO - Setting next_dagrun for example_branch_dop_operator_v3 to 2025-02-07 08:08:00+00:00, run_after=2025-02-07 08:09:00+00:00
[2025-02-07T08:09:05.598+0000] {processor.py:208} INFO - Processing /home/airflow/.local/lib/python3.12/site-packages/airflow/example_dags/example_branch_python_dop_operator_3.py took 0.050 seconds
[2025-02-07T08:09:36.381+0000] {processor.py:186} INFO - Started process (PID=1622) to work on /home/airflow/.local/lib/python3.12/site-packages/airflow/example_dags/example_branch_python_dop_operator_3.py
[2025-02-07T08:09:36.382+0000] {processor.py:914} INFO - Processing file /home/airflow/.local/lib/python3.12/site-packages/airflow/example_dags/example_branch_python_dop_operator_3.py for tasks to queue
[2025-02-07T08:09:36.384+0000] {logging_mixin.py:190} INFO - [2025-02-07T08:09:36.384+0000] {dagbag.py:588} INFO - Filling up the DagBag from /home/airflow/.local/lib/python3.12/site-packages/airflow/example_dags/example_branch_python_dop_operator_3.py
[2025-02-07T08:09:36.392+0000] {processor.py:925} INFO - DAG(s) 'example_branch_dop_operator_v3' retrieved from /home/airflow/.local/lib/python3.12/site-packages/airflow/example_dags/example_branch_python_dop_operator_3.py
[2025-02-07T08:09:36.415+0000] {logging_mixin.py:190} INFO - [2025-02-07T08:09:36.415+0000] {dag.py:3239} INFO - Sync 1 DAGs
[2025-02-07T08:09:36.443+0000] {logging_mixin.py:190} INFO - [2025-02-07T08:09:36.443+0000] {dag.py:4180} INFO - Setting next_dagrun for example_branch_dop_operator_v3 to 2025-02-07 08:08:00+00:00, run_after=2025-02-07 08:09:00+00:00
[2025-02-07T08:09:36.458+0000] {processor.py:208} INFO - Processing /home/airflow/.local/lib/python3.12/site-packages/airflow/example_dags/example_branch_python_dop_operator_3.py took 0.084 seconds
[2025-02-07T08:10:07.585+0000] {processor.py:186} INFO - Started process (PID=1707) to work on /home/airflow/.local/lib/python3.12/site-packages/airflow/example_dags/example_branch_python_dop_operator_3.py
[2025-02-07T08:10:07.586+0000] {processor.py:914} INFO - Processing file /home/airflow/.local/lib/python3.12/site-packages/airflow/example_dags/example_branch_python_dop_operator_3.py for tasks to queue
[2025-02-07T08:10:07.588+0000] {logging_mixin.py:190} INFO - [2025-02-07T08:10:07.588+0000] {dagbag.py:588} INFO - Filling up the DagBag from /home/airflow/.local/lib/python3.12/site-packages/airflow/example_dags/example_branch_python_dop_operator_3.py
[2025-02-07T08:10:07.595+0000] {processor.py:925} INFO - DAG(s) 'example_branch_dop_operator_v3' retrieved from /home/airflow/.local/lib/python3.12/site-packages/airflow/example_dags/example_branch_python_dop_operator_3.py
[2025-02-07T08:10:07.616+0000] {logging_mixin.py:190} INFO - [2025-02-07T08:10:07.616+0000] {dag.py:3239} INFO - Sync 1 DAGs
[2025-02-07T08:10:07.634+0000] {logging_mixin.py:190} INFO - [2025-02-07T08:10:07.634+0000] {dag.py:4180} INFO - Setting next_dagrun for example_branch_dop_operator_v3 to 2025-02-07 08:09:00+00:00, run_after=2025-02-07 08:10:00+00:00
[2025-02-07T08:10:07.644+0000] {processor.py:208} INFO - Processing /home/airflow/.local/lib/python3.12/site-packages/airflow/example_dags/example_branch_python_dop_operator_3.py took 0.066 seconds
[2025-02-07T08:10:37.999+0000] {processor.py:186} INFO - Started process (PID=1792) to work on /home/airflow/.local/lib/python3.12/site-packages/airflow/example_dags/example_branch_python_dop_operator_3.py
[2025-02-07T08:10:38.000+0000] {processor.py:914} INFO - Processing file /home/airflow/.local/lib/python3.12/site-packages/airflow/example_dags/example_branch_python_dop_operator_3.py for tasks to queue
[2025-02-07T08:10:38.001+0000] {logging_mixin.py:190} INFO - [2025-02-07T08:10:38.001+0000] {dagbag.py:588} INFO - Filling up the DagBag from /home/airflow/.local/lib/python3.12/site-packages/airflow/example_dags/example_branch_python_dop_operator_3.py
[2025-02-07T08:10:38.008+0000] {processor.py:925} INFO - DAG(s) 'example_branch_dop_operator_v3' retrieved from /home/airflow/.local/lib/python3.12/site-packages/airflow/example_dags/example_branch_python_dop_operator_3.py
[2025-02-07T08:10:38.019+0000] {logging_mixin.py:190} INFO - [2025-02-07T08:10:38.019+0000] {dag.py:3239} INFO - Sync 1 DAGs
[2025-02-07T08:10:38.034+0000] {logging_mixin.py:190} INFO - [2025-02-07T08:10:38.033+0000] {dag.py:4180} INFO - Setting next_dagrun for example_branch_dop_operator_v3 to 2025-02-07 08:09:00+00:00, run_after=2025-02-07 08:10:00+00:00
[2025-02-07T08:10:38.042+0000] {processor.py:208} INFO - Processing /home/airflow/.local/lib/python3.12/site-packages/airflow/example_dags/example_branch_python_dop_operator_3.py took 0.048 seconds
[2025-02-07T08:11:08.531+0000] {processor.py:186} INFO - Started process (PID=1877) to work on /home/airflow/.local/lib/python3.12/site-packages/airflow/example_dags/example_branch_python_dop_operator_3.py
[2025-02-07T08:11:08.532+0000] {processor.py:914} INFO - Processing file /home/airflow/.local/lib/python3.12/site-packages/airflow/example_dags/example_branch_python_dop_operator_3.py for tasks to queue
[2025-02-07T08:11:08.533+0000] {logging_mixin.py:190} INFO - [2025-02-07T08:11:08.533+0000] {dagbag.py:588} INFO - Filling up the DagBag from /home/airflow/.local/lib/python3.12/site-packages/airflow/example_dags/example_branch_python_dop_operator_3.py
[2025-02-07T08:11:08.538+0000] {processor.py:925} INFO - DAG(s) 'example_branch_dop_operator_v3' retrieved from /home/airflow/.local/lib/python3.12/site-packages/airflow/example_dags/example_branch_python_dop_operator_3.py
[2025-02-07T08:11:08.556+0000] {logging_mixin.py:190} INFO - [2025-02-07T08:11:08.556+0000] {dag.py:3239} INFO - Sync 1 DAGs
[2025-02-07T08:11:08.577+0000] {logging_mixin.py:190} INFO - [2025-02-07T08:11:08.577+0000] {dag.py:4180} INFO - Setting next_dagrun for example_branch_dop_operator_v3 to 2025-02-07 08:10:00+00:00, run_after=2025-02-07 08:11:00+00:00
[2025-02-07T08:11:08.591+0000] {processor.py:208} INFO - Processing /home/airflow/.local/lib/python3.12/site-packages/airflow/example_dags/example_branch_python_dop_operator_3.py took 0.064 seconds
[2025-02-07T08:11:39.362+0000] {processor.py:186} INFO - Started process (PID=1962) to work on /home/airflow/.local/lib/python3.12/site-packages/airflow/example_dags/example_branch_python_dop_operator_3.py
[2025-02-07T08:11:39.363+0000] {processor.py:914} INFO - Processing file /home/airflow/.local/lib/python3.12/site-packages/airflow/example_dags/example_branch_python_dop_operator_3.py for tasks to queue
[2025-02-07T08:11:39.365+0000] {logging_mixin.py:190} INFO - [2025-02-07T08:11:39.364+0000] {dagbag.py:588} INFO - Filling up the DagBag from /home/airflow/.local/lib/python3.12/site-packages/airflow/example_dags/example_branch_python_dop_operator_3.py
[2025-02-07T08:11:39.374+0000] {processor.py:925} INFO - DAG(s) 'example_branch_dop_operator_v3' retrieved from /home/airflow/.local/lib/python3.12/site-packages/airflow/example_dags/example_branch_python_dop_operator_3.py
[2025-02-07T08:11:39.391+0000] {logging_mixin.py:190} INFO - [2025-02-07T08:11:39.391+0000] {dag.py:3239} INFO - Sync 1 DAGs
[2025-02-07T08:11:39.411+0000] {logging_mixin.py:190} INFO - [2025-02-07T08:11:39.411+0000] {dag.py:4180} INFO - Setting next_dagrun for example_branch_dop_operator_v3 to 2025-02-07 08:10:00+00:00, run_after=2025-02-07 08:11:00+00:00
[2025-02-07T08:11:39.425+0000] {processor.py:208} INFO - Processing /home/airflow/.local/lib/python3.12/site-packages/airflow/example_dags/example_branch_python_dop_operator_3.py took 0.072 seconds
[2025-02-07T08:12:09.737+0000] {processor.py:186} INFO - Started process (PID=2047) to work on /home/airflow/.local/lib/python3.12/site-packages/airflow/example_dags/example_branch_python_dop_operator_3.py
[2025-02-07T08:12:09.737+0000] {processor.py:914} INFO - Processing file /home/airflow/.local/lib/python3.12/site-packages/airflow/example_dags/example_branch_python_dop_operator_3.py for tasks to queue
[2025-02-07T08:12:09.739+0000] {logging_mixin.py:190} INFO - [2025-02-07T08:12:09.739+0000] {dagbag.py:588} INFO - Filling up the DagBag from /home/airflow/.local/lib/python3.12/site-packages/airflow/example_dags/example_branch_python_dop_operator_3.py
[2025-02-07T08:12:09.748+0000] {processor.py:925} INFO - DAG(s) 'example_branch_dop_operator_v3' retrieved from /home/airflow/.local/lib/python3.12/site-packages/airflow/example_dags/example_branch_python_dop_operator_3.py
[2025-02-07T08:12:09.760+0000] {logging_mixin.py:190} INFO - [2025-02-07T08:12:09.760+0000] {dag.py:3239} INFO - Sync 1 DAGs
[2025-02-07T08:12:09.779+0000] {logging_mixin.py:190} INFO - [2025-02-07T08:12:09.779+0000] {dag.py:4180} INFO - Setting next_dagrun for example_branch_dop_operator_v3 to 2025-02-07 08:11:00+00:00, run_after=2025-02-07 08:12:00+00:00
[2025-02-07T08:12:09.797+0000] {processor.py:208} INFO - Processing /home/airflow/.local/lib/python3.12/site-packages/airflow/example_dags/example_branch_python_dop_operator_3.py took 0.065 seconds
[2025-02-07T08:12:40.186+0000] {processor.py:186} INFO - Started process (PID=2132) to work on /home/airflow/.local/lib/python3.12/site-packages/airflow/example_dags/example_branch_python_dop_operator_3.py
[2025-02-07T08:12:40.187+0000] {processor.py:914} INFO - Processing file /home/airflow/.local/lib/python3.12/site-packages/airflow/example_dags/example_branch_python_dop_operator_3.py for tasks to queue
[2025-02-07T08:12:40.188+0000] {logging_mixin.py:190} INFO - [2025-02-07T08:12:40.188+0000] {dagbag.py:588} INFO - Filling up the DagBag from /home/airflow/.local/lib/python3.12/site-packages/airflow/example_dags/example_branch_python_dop_operator_3.py
[2025-02-07T08:12:40.194+0000] {processor.py:925} INFO - DAG(s) 'example_branch_dop_operator_v3' retrieved from /home/airflow/.local/lib/python3.12/site-packages/airflow/example_dags/example_branch_python_dop_operator_3.py
[2025-02-07T08:12:40.206+0000] {logging_mixin.py:190} INFO - [2025-02-07T08:12:40.206+0000] {dag.py:3239} INFO - Sync 1 DAGs
[2025-02-07T08:12:40.220+0000] {logging_mixin.py:190} INFO - [2025-02-07T08:12:40.220+0000] {dag.py:4180} INFO - Setting next_dagrun for example_branch_dop_operator_v3 to 2025-02-07 08:11:00+00:00, run_after=2025-02-07 08:12:00+00:00
[2025-02-07T08:12:40.231+0000] {processor.py:208} INFO - Processing /home/airflow/.local/lib/python3.12/site-packages/airflow/example_dags/example_branch_python_dop_operator_3.py took 0.049 seconds
[2025-02-07T08:13:10.536+0000] {processor.py:186} INFO - Started process (PID=2217) to work on /home/airflow/.local/lib/python3.12/site-packages/airflow/example_dags/example_branch_python_dop_operator_3.py
[2025-02-07T08:13:10.536+0000] {processor.py:914} INFO - Processing file /home/airflow/.local/lib/python3.12/site-packages/airflow/example_dags/example_branch_python_dop_operator_3.py for tasks to queue
[2025-02-07T08:13:10.537+0000] {logging_mixin.py:190} INFO - [2025-02-07T08:13:10.537+0000] {dagbag.py:588} INFO - Filling up the DagBag from /home/airflow/.local/lib/python3.12/site-packages/airflow/example_dags/example_branch_python_dop_operator_3.py
[2025-02-07T08:13:10.544+0000] {processor.py:925} INFO - DAG(s) 'example_branch_dop_operator_v3' retrieved from /home/airflow/.local/lib/python3.12/site-packages/airflow/example_dags/example_branch_python_dop_operator_3.py
[2025-02-07T08:13:10.555+0000] {logging_mixin.py:190} INFO - [2025-02-07T08:13:10.555+0000] {dag.py:3239} INFO - Sync 1 DAGs
[2025-02-07T08:13:10.570+0000] {logging_mixin.py:190} INFO - [2025-02-07T08:13:10.570+0000] {dag.py:4180} INFO - Setting next_dagrun for example_branch_dop_operator_v3 to 2025-02-07 08:12:00+00:00, run_after=2025-02-07 08:13:00+00:00
[2025-02-07T08:13:10.694+0000] {processor.py:208} INFO - Processing /home/airflow/.local/lib/python3.12/site-packages/airflow/example_dags/example_branch_python_dop_operator_3.py took 0.164 seconds
[2025-02-07T08:13:41.322+0000] {processor.py:186} INFO - Started process (PID=2303) to work on /home/airflow/.local/lib/python3.12/site-packages/airflow/example_dags/example_branch_python_dop_operator_3.py
[2025-02-07T08:13:41.323+0000] {processor.py:914} INFO - Processing file /home/airflow/.local/lib/python3.12/site-packages/airflow/example_dags/example_branch_python_dop_operator_3.py for tasks to queue
[2025-02-07T08:13:41.324+0000] {logging_mixin.py:190} INFO - [2025-02-07T08:13:41.324+0000] {dagbag.py:588} INFO - Filling up the DagBag from /home/airflow/.local/lib/python3.12/site-packages/airflow/example_dags/example_branch_python_dop_operator_3.py
[2025-02-07T08:13:41.331+0000] {processor.py:925} INFO - DAG(s) 'example_branch_dop_operator_v3' retrieved from /home/airflow/.local/lib/python3.12/site-packages/airflow/example_dags/example_branch_python_dop_operator_3.py
[2025-02-07T08:13:41.349+0000] {logging_mixin.py:190} INFO - [2025-02-07T08:13:41.349+0000] {dag.py:3239} INFO - Sync 1 DAGs
[2025-02-07T08:13:41.377+0000] {logging_mixin.py:190} INFO - [2025-02-07T08:13:41.377+0000] {dag.py:4180} INFO - Setting next_dagrun for example_branch_dop_operator_v3 to 2025-02-07 08:12:00+00:00, run_after=2025-02-07 08:13:00+00:00
[2025-02-07T08:13:41.493+0000] {processor.py:208} INFO - Processing /home/airflow/.local/lib/python3.12/site-packages/airflow/example_dags/example_branch_python_dop_operator_3.py took 0.174 seconds
[2025-02-07T08:14:12.162+0000] {processor.py:186} INFO - Started process (PID=2388) to work on /home/airflow/.local/lib/python3.12/site-packages/airflow/example_dags/example_branch_python_dop_operator_3.py
[2025-02-07T08:14:12.164+0000] {processor.py:914} INFO - Processing file /home/airflow/.local/lib/python3.12/site-packages/airflow/example_dags/example_branch_python_dop_operator_3.py for tasks to queue
[2025-02-07T08:14:12.165+0000] {logging_mixin.py:190} INFO - [2025-02-07T08:14:12.165+0000] {dagbag.py:588} INFO - Filling up the DagBag from /home/airflow/.local/lib/python3.12/site-packages/airflow/example_dags/example_branch_python_dop_operator_3.py
[2025-02-07T08:14:12.171+0000] {processor.py:925} INFO - DAG(s) 'example_branch_dop_operator_v3' retrieved from /home/airflow/.local/lib/python3.12/site-packages/airflow/example_dags/example_branch_python_dop_operator_3.py
[2025-02-07T08:14:12.190+0000] {logging_mixin.py:190} INFO - [2025-02-07T08:14:12.190+0000] {dag.py:3239} INFO - Sync 1 DAGs
[2025-02-07T08:14:12.208+0000] {logging_mixin.py:190} INFO - [2025-02-07T08:14:12.208+0000] {dag.py:4180} INFO - Setting next_dagrun for example_branch_dop_operator_v3 to 2025-02-07 08:13:00+00:00, run_after=2025-02-07 08:14:00+00:00
[2025-02-07T08:14:12.340+0000] {processor.py:208} INFO - Processing /home/airflow/.local/lib/python3.12/site-packages/airflow/example_dags/example_branch_python_dop_operator_3.py took 0.181 seconds
[2025-02-07T08:14:42.579+0000] {processor.py:186} INFO - Started process (PID=2472) to work on /home/airflow/.local/lib/python3.12/site-packages/airflow/example_dags/example_branch_python_dop_operator_3.py
[2025-02-07T08:14:42.580+0000] {processor.py:914} INFO - Processing file /home/airflow/.local/lib/python3.12/site-packages/airflow/example_dags/example_branch_python_dop_operator_3.py for tasks to queue
[2025-02-07T08:14:42.582+0000] {logging_mixin.py:190} INFO - [2025-02-07T08:14:42.582+0000] {dagbag.py:588} INFO - Filling up the DagBag from /home/airflow/.local/lib/python3.12/site-packages/airflow/example_dags/example_branch_python_dop_operator_3.py
[2025-02-07T08:14:42.590+0000] {processor.py:925} INFO - DAG(s) 'example_branch_dop_operator_v3' retrieved from /home/airflow/.local/lib/python3.12/site-packages/airflow/example_dags/example_branch_python_dop_operator_3.py
[2025-02-07T08:14:42.602+0000] {logging_mixin.py:190} INFO - [2025-02-07T08:14:42.602+0000] {dag.py:3239} INFO - Sync 1 DAGs
[2025-02-07T08:14:42.754+0000] {logging_mixin.py:190} INFO - [2025-02-07T08:14:42.753+0000] {dag.py:4180} INFO - Setting next_dagrun for example_branch_dop_operator_v3 to 2025-02-07 08:13:00+00:00, run_after=2025-02-07 08:14:00+00:00
[2025-02-07T08:14:42.766+0000] {processor.py:208} INFO - Processing /home/airflow/.local/lib/python3.12/site-packages/airflow/example_dags/example_branch_python_dop_operator_3.py took 0.194 seconds
[2025-02-07T08:15:13.326+0000] {processor.py:186} INFO - Started process (PID=2557) to work on /home/airflow/.local/lib/python3.12/site-packages/airflow/example_dags/example_branch_python_dop_operator_3.py
[2025-02-07T08:15:13.327+0000] {processor.py:914} INFO - Processing file /home/airflow/.local/lib/python3.12/site-packages/airflow/example_dags/example_branch_python_dop_operator_3.py for tasks to queue
[2025-02-07T08:15:13.329+0000] {logging_mixin.py:190} INFO - [2025-02-07T08:15:13.329+0000] {dagbag.py:588} INFO - Filling up the DagBag from /home/airflow/.local/lib/python3.12/site-packages/airflow/example_dags/example_branch_python_dop_operator_3.py
[2025-02-07T08:15:13.341+0000] {processor.py:925} INFO - DAG(s) 'example_branch_dop_operator_v3' retrieved from /home/airflow/.local/lib/python3.12/site-packages/airflow/example_dags/example_branch_python_dop_operator_3.py
[2025-02-07T08:15:13.358+0000] {logging_mixin.py:190} INFO - [2025-02-07T08:15:13.358+0000] {dag.py:3239} INFO - Sync 1 DAGs
[2025-02-07T08:15:13.495+0000] {logging_mixin.py:190} INFO - [2025-02-07T08:15:13.494+0000] {dag.py:4180} INFO - Setting next_dagrun for example_branch_dop_operator_v3 to 2025-02-07 08:14:00+00:00, run_after=2025-02-07 08:15:00+00:00
[2025-02-07T08:15:13.511+0000] {processor.py:208} INFO - Processing /home/airflow/.local/lib/python3.12/site-packages/airflow/example_dags/example_branch_python_dop_operator_3.py took 0.193 seconds
[2025-02-07T08:15:44.734+0000] {processor.py:186} INFO - Started process (PID=2642) to work on /home/airflow/.local/lib/python3.12/site-packages/airflow/example_dags/example_branch_python_dop_operator_3.py
[2025-02-07T08:15:44.735+0000] {processor.py:914} INFO - Processing file /home/airflow/.local/lib/python3.12/site-packages/airflow/example_dags/example_branch_python_dop_operator_3.py for tasks to queue
[2025-02-07T08:15:44.736+0000] {logging_mixin.py:190} INFO - [2025-02-07T08:15:44.736+0000] {dagbag.py:588} INFO - Filling up the DagBag from /home/airflow/.local/lib/python3.12/site-packages/airflow/example_dags/example_branch_python_dop_operator_3.py
[2025-02-07T08:15:44.744+0000] {processor.py:925} INFO - DAG(s) 'example_branch_dop_operator_v3' retrieved from /home/airflow/.local/lib/python3.12/site-packages/airflow/example_dags/example_branch_python_dop_operator_3.py
[2025-02-07T08:15:44.767+0000] {logging_mixin.py:190} INFO - [2025-02-07T08:15:44.766+0000] {dag.py:3239} INFO - Sync 1 DAGs
[2025-02-07T08:15:44.904+0000] {logging_mixin.py:190} INFO - [2025-02-07T08:15:44.904+0000] {dag.py:4180} INFO - Setting next_dagrun for example_branch_dop_operator_v3 to 2025-02-07 08:14:00+00:00, run_after=2025-02-07 08:15:00+00:00
[2025-02-07T08:15:44.914+0000] {processor.py:208} INFO - Processing /home/airflow/.local/lib/python3.12/site-packages/airflow/example_dags/example_branch_python_dop_operator_3.py took 0.184 seconds
[2025-02-07T08:16:15.903+0000] {processor.py:186} INFO - Started process (PID=2727) to work on /home/airflow/.local/lib/python3.12/site-packages/airflow/example_dags/example_branch_python_dop_operator_3.py
[2025-02-07T08:16:15.904+0000] {processor.py:914} INFO - Processing file /home/airflow/.local/lib/python3.12/site-packages/airflow/example_dags/example_branch_python_dop_operator_3.py for tasks to queue
[2025-02-07T08:16:15.905+0000] {logging_mixin.py:190} INFO - [2025-02-07T08:16:15.905+0000] {dagbag.py:588} INFO - Filling up the DagBag from /home/airflow/.local/lib/python3.12/site-packages/airflow/example_dags/example_branch_python_dop_operator_3.py
[2025-02-07T08:16:15.911+0000] {processor.py:925} INFO - DAG(s) 'example_branch_dop_operator_v3' retrieved from /home/airflow/.local/lib/python3.12/site-packages/airflow/example_dags/example_branch_python_dop_operator_3.py
[2025-02-07T08:16:15.926+0000] {logging_mixin.py:190} INFO - [2025-02-07T08:16:15.926+0000] {dag.py:3239} INFO - Sync 1 DAGs
[2025-02-07T08:16:15.946+0000] {logging_mixin.py:190} INFO - [2025-02-07T08:16:15.946+0000] {dag.py:4180} INFO - Setting next_dagrun for example_branch_dop_operator_v3 to 2025-02-07 08:15:00+00:00, run_after=2025-02-07 08:16:00+00:00
[2025-02-07T08:16:15.964+0000] {processor.py:208} INFO - Processing /home/airflow/.local/lib/python3.12/site-packages/airflow/example_dags/example_branch_python_dop_operator_3.py took 0.064 seconds
[2025-02-07T08:16:46.111+0000] {processor.py:186} INFO - Started process (PID=2812) to work on /home/airflow/.local/lib/python3.12/site-packages/airflow/example_dags/example_branch_python_dop_operator_3.py
[2025-02-07T08:16:46.112+0000] {processor.py:914} INFO - Processing file /home/airflow/.local/lib/python3.12/site-packages/airflow/example_dags/example_branch_python_dop_operator_3.py for tasks to queue
[2025-02-07T08:16:46.113+0000] {logging_mixin.py:190} INFO - [2025-02-07T08:16:46.113+0000] {dagbag.py:588} INFO - Filling up the DagBag from /home/airflow/.local/lib/python3.12/site-packages/airflow/example_dags/example_branch_python_dop_operator_3.py
[2025-02-07T08:16:46.120+0000] {processor.py:925} INFO - DAG(s) 'example_branch_dop_operator_v3' retrieved from /home/airflow/.local/lib/python3.12/site-packages/airflow/example_dags/example_branch_python_dop_operator_3.py
[2025-02-07T08:16:46.137+0000] {logging_mixin.py:190} INFO - [2025-02-07T08:16:46.137+0000] {dag.py:3239} INFO - Sync 1 DAGs
[2025-02-07T08:16:46.157+0000] {logging_mixin.py:190} INFO - [2025-02-07T08:16:46.157+0000] {dag.py:4180} INFO - Setting next_dagrun for example_branch_dop_operator_v3 to 2025-02-07 08:15:00+00:00, run_after=2025-02-07 08:16:00+00:00
[2025-02-07T08:16:46.168+0000] {processor.py:208} INFO - Processing /home/airflow/.local/lib/python3.12/site-packages/airflow/example_dags/example_branch_python_dop_operator_3.py took 0.060 seconds
[2025-02-07T08:17:16.795+0000] {processor.py:186} INFO - Started process (PID=2897) to work on /home/airflow/.local/lib/python3.12/site-packages/airflow/example_dags/example_branch_python_dop_operator_3.py
[2025-02-07T08:17:16.796+0000] {processor.py:914} INFO - Processing file /home/airflow/.local/lib/python3.12/site-packages/airflow/example_dags/example_branch_python_dop_operator_3.py for tasks to queue
[2025-02-07T08:17:16.798+0000] {logging_mixin.py:190} INFO - [2025-02-07T08:17:16.798+0000] {dagbag.py:588} INFO - Filling up the DagBag from /home/airflow/.local/lib/python3.12/site-packages/airflow/example_dags/example_branch_python_dop_operator_3.py
[2025-02-07T08:17:16.804+0000] {processor.py:925} INFO - DAG(s) 'example_branch_dop_operator_v3' retrieved from /home/airflow/.local/lib/python3.12/site-packages/airflow/example_dags/example_branch_python_dop_operator_3.py
[2025-02-07T08:17:16.817+0000] {logging_mixin.py:190} INFO - [2025-02-07T08:17:16.816+0000] {dag.py:3239} INFO - Sync 1 DAGs
[2025-02-07T08:17:16.833+0000] {logging_mixin.py:190} INFO - [2025-02-07T08:17:16.833+0000] {dag.py:4180} INFO - Setting next_dagrun for example_branch_dop_operator_v3 to 2025-02-07 08:16:00+00:00, run_after=2025-02-07 08:17:00+00:00
[2025-02-07T08:17:16.844+0000] {processor.py:208} INFO - Processing /home/airflow/.local/lib/python3.12/site-packages/airflow/example_dags/example_branch_python_dop_operator_3.py took 0.053 seconds
[2025-02-07T08:17:47.595+0000] {processor.py:186} INFO - Started process (PID=2982) to work on /home/airflow/.local/lib/python3.12/site-packages/airflow/example_dags/example_branch_python_dop_operator_3.py
[2025-02-07T08:17:47.596+0000] {processor.py:914} INFO - Processing file /home/airflow/.local/lib/python3.12/site-packages/airflow/example_dags/example_branch_python_dop_operator_3.py for tasks to queue
[2025-02-07T08:17:47.597+0000] {logging_mixin.py:190} INFO - [2025-02-07T08:17:47.597+0000] {dagbag.py:588} INFO - Filling up the DagBag from /home/airflow/.local/lib/python3.12/site-packages/airflow/example_dags/example_branch_python_dop_operator_3.py
[2025-02-07T08:17:47.602+0000] {processor.py:925} INFO - DAG(s) 'example_branch_dop_operator_v3' retrieved from /home/airflow/.local/lib/python3.12/site-packages/airflow/example_dags/example_branch_python_dop_operator_3.py
[2025-02-07T08:17:47.618+0000] {logging_mixin.py:190} INFO - [2025-02-07T08:17:47.618+0000] {dag.py:3239} INFO - Sync 1 DAGs
[2025-02-07T08:17:47.633+0000] {logging_mixin.py:190} INFO - [2025-02-07T08:17:47.633+0000] {dag.py:4180} INFO - Setting next_dagrun for example_branch_dop_operator_v3 to 2025-02-07 08:16:00+00:00, run_after=2025-02-07 08:17:00+00:00
[2025-02-07T08:17:47.642+0000] {processor.py:208} INFO - Processing /home/airflow/.local/lib/python3.12/site-packages/airflow/example_dags/example_branch_python_dop_operator_3.py took 0.052 seconds
[2025-02-07T08:18:18.307+0000] {processor.py:186} INFO - Started process (PID=3067) to work on /home/airflow/.local/lib/python3.12/site-packages/airflow/example_dags/example_branch_python_dop_operator_3.py
[2025-02-07T08:18:18.307+0000] {processor.py:914} INFO - Processing file /home/airflow/.local/lib/python3.12/site-packages/airflow/example_dags/example_branch_python_dop_operator_3.py for tasks to queue
[2025-02-07T08:18:18.308+0000] {logging_mixin.py:190} INFO - [2025-02-07T08:18:18.308+0000] {dagbag.py:588} INFO - Filling up the DagBag from /home/airflow/.local/lib/python3.12/site-packages/airflow/example_dags/example_branch_python_dop_operator_3.py
[2025-02-07T08:18:18.315+0000] {processor.py:925} INFO - DAG(s) 'example_branch_dop_operator_v3' retrieved from /home/airflow/.local/lib/python3.12/site-packages/airflow/example_dags/example_branch_python_dop_operator_3.py
[2025-02-07T08:18:18.326+0000] {logging_mixin.py:190} INFO - [2025-02-07T08:18:18.326+0000] {dag.py:3239} INFO - Sync 1 DAGs
[2025-02-07T08:18:18.340+0000] {logging_mixin.py:190} INFO - [2025-02-07T08:18:18.340+0000] {dag.py:4180} INFO - Setting next_dagrun for example_branch_dop_operator_v3 to 2025-02-07 08:17:00+00:00, run_after=2025-02-07 08:18:00+00:00
[2025-02-07T08:18:18.349+0000] {processor.py:208} INFO - Processing /home/airflow/.local/lib/python3.12/site-packages/airflow/example_dags/example_branch_python_dop_operator_3.py took 0.046 seconds
[2025-02-07T08:18:49.232+0000] {processor.py:186} INFO - Started process (PID=3152) to work on /home/airflow/.local/lib/python3.12/site-packages/airflow/example_dags/example_branch_python_dop_operator_3.py
[2025-02-07T08:18:49.233+0000] {processor.py:914} INFO - Processing file /home/airflow/.local/lib/python3.12/site-packages/airflow/example_dags/example_branch_python_dop_operator_3.py for tasks to queue
[2025-02-07T08:18:49.234+0000] {logging_mixin.py:190} INFO - [2025-02-07T08:18:49.234+0000] {dagbag.py:588} INFO - Filling up the DagBag from /home/airflow/.local/lib/python3.12/site-packages/airflow/example_dags/example_branch_python_dop_operator_3.py
[2025-02-07T08:18:49.242+0000] {processor.py:925} INFO - DAG(s) 'example_branch_dop_operator_v3' retrieved from /home/airflow/.local/lib/python3.12/site-packages/airflow/example_dags/example_branch_python_dop_operator_3.py
[2025-02-07T08:18:49.263+0000] {logging_mixin.py:190} INFO - [2025-02-07T08:18:49.262+0000] {dag.py:3239} INFO - Sync 1 DAGs
[2025-02-07T08:18:49.288+0000] {logging_mixin.py:190} INFO - [2025-02-07T08:18:49.288+0000] {dag.py:4180} INFO - Setting next_dagrun for example_branch_dop_operator_v3 to 2025-02-07 08:17:00+00:00, run_after=2025-02-07 08:18:00+00:00
[2025-02-07T08:18:49.298+0000] {processor.py:208} INFO - Processing /home/airflow/.local/lib/python3.12/site-packages/airflow/example_dags/example_branch_python_dop_operator_3.py took 0.073 seconds
[2025-02-07T08:19:19.556+0000] {processor.py:186} INFO - Started process (PID=3237) to work on /home/airflow/.local/lib/python3.12/site-packages/airflow/example_dags/example_branch_python_dop_operator_3.py
[2025-02-07T08:19:19.557+0000] {processor.py:914} INFO - Processing file /home/airflow/.local/lib/python3.12/site-packages/airflow/example_dags/example_branch_python_dop_operator_3.py for tasks to queue
[2025-02-07T08:19:19.559+0000] {logging_mixin.py:190} INFO - [2025-02-07T08:19:19.559+0000] {dagbag.py:588} INFO - Filling up the DagBag from /home/airflow/.local/lib/python3.12/site-packages/airflow/example_dags/example_branch_python_dop_operator_3.py
[2025-02-07T08:19:19.569+0000] {processor.py:925} INFO - DAG(s) 'example_branch_dop_operator_v3' retrieved from /home/airflow/.local/lib/python3.12/site-packages/airflow/example_dags/example_branch_python_dop_operator_3.py
[2025-02-07T08:19:19.586+0000] {logging_mixin.py:190} INFO - [2025-02-07T08:19:19.586+0000] {dag.py:3239} INFO - Sync 1 DAGs
[2025-02-07T08:19:19.607+0000] {logging_mixin.py:190} INFO - [2025-02-07T08:19:19.607+0000] {dag.py:4180} INFO - Setting next_dagrun for example_branch_dop_operator_v3 to 2025-02-07 08:18:00+00:00, run_after=2025-02-07 08:19:00+00:00
[2025-02-07T08:19:19.621+0000] {processor.py:208} INFO - Processing /home/airflow/.local/lib/python3.12/site-packages/airflow/example_dags/example_branch_python_dop_operator_3.py took 0.073 seconds
[2025-02-07T08:19:49.651+0000] {processor.py:186} INFO - Started process (PID=3322) to work on /home/airflow/.local/lib/python3.12/site-packages/airflow/example_dags/example_branch_python_dop_operator_3.py
[2025-02-07T08:19:49.652+0000] {processor.py:914} INFO - Processing file /home/airflow/.local/lib/python3.12/site-packages/airflow/example_dags/example_branch_python_dop_operator_3.py for tasks to queue
[2025-02-07T08:19:49.654+0000] {logging_mixin.py:190} INFO - [2025-02-07T08:19:49.654+0000] {dagbag.py:588} INFO - Filling up the DagBag from /home/airflow/.local/lib/python3.12/site-packages/airflow/example_dags/example_branch_python_dop_operator_3.py
[2025-02-07T08:19:49.664+0000] {processor.py:925} INFO - DAG(s) 'example_branch_dop_operator_v3' retrieved from /home/airflow/.local/lib/python3.12/site-packages/airflow/example_dags/example_branch_python_dop_operator_3.py
[2025-02-07T08:19:49.682+0000] {logging_mixin.py:190} INFO - [2025-02-07T08:19:49.681+0000] {dag.py:3239} INFO - Sync 1 DAGs
[2025-02-07T08:19:49.699+0000] {logging_mixin.py:190} INFO - [2025-02-07T08:19:49.699+0000] {dag.py:4180} INFO - Setting next_dagrun for example_branch_dop_operator_v3 to 2025-02-07 08:18:00+00:00, run_after=2025-02-07 08:19:00+00:00
[2025-02-07T08:19:49.710+0000] {processor.py:208} INFO - Processing /home/airflow/.local/lib/python3.12/site-packages/airflow/example_dags/example_branch_python_dop_operator_3.py took 0.063 seconds
[2025-02-07T08:20:20.426+0000] {processor.py:186} INFO - Started process (PID=3407) to work on /home/airflow/.local/lib/python3.12/site-packages/airflow/example_dags/example_branch_python_dop_operator_3.py
[2025-02-07T08:20:20.427+0000] {processor.py:914} INFO - Processing file /home/airflow/.local/lib/python3.12/site-packages/airflow/example_dags/example_branch_python_dop_operator_3.py for tasks to queue
[2025-02-07T08:20:20.428+0000] {logging_mixin.py:190} INFO - [2025-02-07T08:20:20.428+0000] {dagbag.py:588} INFO - Filling up the DagBag from /home/airflow/.local/lib/python3.12/site-packages/airflow/example_dags/example_branch_python_dop_operator_3.py
[2025-02-07T08:20:20.434+0000] {processor.py:925} INFO - DAG(s) 'example_branch_dop_operator_v3' retrieved from /home/airflow/.local/lib/python3.12/site-packages/airflow/example_dags/example_branch_python_dop_operator_3.py
[2025-02-07T08:20:20.449+0000] {logging_mixin.py:190} INFO - [2025-02-07T08:20:20.448+0000] {dag.py:3239} INFO - Sync 1 DAGs
[2025-02-07T08:20:20.476+0000] {logging_mixin.py:190} INFO - [2025-02-07T08:20:20.476+0000] {dag.py:4180} INFO - Setting next_dagrun for example_branch_dop_operator_v3 to 2025-02-07 08:19:00+00:00, run_after=2025-02-07 08:20:00+00:00
[2025-02-07T08:20:20.496+0000] {processor.py:208} INFO - Processing /home/airflow/.local/lib/python3.12/site-packages/airflow/example_dags/example_branch_python_dop_operator_3.py took 0.074 seconds
