[2025-02-07T08:00:25.893+0000] {processor.py:186} INFO - Started process (PID=102) to work on /home/airflow/.local/lib/python3.12/site-packages/airflow/example_dags/example_nested_branch_dag.py
[2025-02-07T08:00:25.893+0000] {processor.py:914} INFO - Processing file /home/airflow/.local/lib/python3.12/site-packages/airflow/example_dags/example_nested_branch_dag.py for tasks to queue
[2025-02-07T08:00:25.895+0000] {logging_mixin.py:190} INFO - [2025-02-07T08:00:25.895+0000] {dagbag.py:588} INFO - Filling up the DagBag from /home/airflow/.local/lib/python3.12/site-packages/airflow/example_dags/example_nested_branch_dag.py
[2025-02-07T08:00:25.905+0000] {processor.py:925} INFO - DAG(s) 'example_nested_branch_dag' retrieved from /home/airflow/.local/lib/python3.12/site-packages/airflow/example_dags/example_nested_branch_dag.py
[2025-02-07T08:00:25.951+0000] {logging_mixin.py:190} INFO - [2025-02-07T08:00:25.949+0000] {dag.py:3239} INFO - Sync 1 DAGs
[2025-02-07T08:00:25.984+0000] {logging_mixin.py:190} INFO - [2025-02-07T08:00:25.984+0000] {dag.py:4180} INFO - Setting next_dagrun for example_nested_branch_dag to 2025-02-06 00:00:00+00:00, run_after=2025-02-07 00:00:00+00:00
[2025-02-07T08:00:26.057+0000] {processor.py:208} INFO - Processing /home/airflow/.local/lib/python3.12/site-packages/airflow/example_dags/example_nested_branch_dag.py took 0.168 seconds
[2025-02-07T08:00:56.702+0000] {processor.py:186} INFO - Started process (PID=171) to work on /home/airflow/.local/lib/python3.12/site-packages/airflow/example_dags/example_nested_branch_dag.py
[2025-02-07T08:00:56.702+0000] {processor.py:914} INFO - Processing file /home/airflow/.local/lib/python3.12/site-packages/airflow/example_dags/example_nested_branch_dag.py for tasks to queue
[2025-02-07T08:00:56.703+0000] {logging_mixin.py:190} INFO - [2025-02-07T08:00:56.703+0000] {dagbag.py:588} INFO - Filling up the DagBag from /home/airflow/.local/lib/python3.12/site-packages/airflow/example_dags/example_nested_branch_dag.py
[2025-02-07T08:00:56.710+0000] {processor.py:925} INFO - DAG(s) 'example_nested_branch_dag' retrieved from /home/airflow/.local/lib/python3.12/site-packages/airflow/example_dags/example_nested_branch_dag.py
[2025-02-07T08:00:56.727+0000] {logging_mixin.py:190} INFO - [2025-02-07T08:00:56.727+0000] {dag.py:3239} INFO - Sync 1 DAGs
[2025-02-07T08:00:56.755+0000] {logging_mixin.py:190} INFO - [2025-02-07T08:00:56.754+0000] {dag.py:4180} INFO - Setting next_dagrun for example_nested_branch_dag to 2025-02-06 00:00:00+00:00, run_after=2025-02-07 00:00:00+00:00
[2025-02-07T08:00:56.776+0000] {processor.py:208} INFO - Processing /home/airflow/.local/lib/python3.12/site-packages/airflow/example_dags/example_nested_branch_dag.py took 0.078 seconds
[2025-02-07T08:01:27.137+0000] {processor.py:186} INFO - Started process (PID=258) to work on /home/airflow/.local/lib/python3.12/site-packages/airflow/example_dags/example_nested_branch_dag.py
[2025-02-07T08:01:27.137+0000] {processor.py:914} INFO - Processing file /home/airflow/.local/lib/python3.12/site-packages/airflow/example_dags/example_nested_branch_dag.py for tasks to queue
[2025-02-07T08:01:27.139+0000] {logging_mixin.py:190} INFO - [2025-02-07T08:01:27.138+0000] {dagbag.py:588} INFO - Filling up the DagBag from /home/airflow/.local/lib/python3.12/site-packages/airflow/example_dags/example_nested_branch_dag.py
[2025-02-07T08:01:27.146+0000] {processor.py:925} INFO - DAG(s) 'example_nested_branch_dag' retrieved from /home/airflow/.local/lib/python3.12/site-packages/airflow/example_dags/example_nested_branch_dag.py
[2025-02-07T08:01:27.165+0000] {logging_mixin.py:190} INFO - [2025-02-07T08:01:27.165+0000] {dag.py:3239} INFO - Sync 1 DAGs
[2025-02-07T08:01:27.178+0000] {logging_mixin.py:190} INFO - [2025-02-07T08:01:27.178+0000] {dag.py:4180} INFO - Setting next_dagrun for example_nested_branch_dag to 2025-02-06 00:00:00+00:00, run_after=2025-02-07 00:00:00+00:00
[2025-02-07T08:01:27.194+0000] {processor.py:208} INFO - Processing /home/airflow/.local/lib/python3.12/site-packages/airflow/example_dags/example_nested_branch_dag.py took 0.061 seconds
[2025-02-07T08:01:57.966+0000] {processor.py:186} INFO - Started process (PID=343) to work on /home/airflow/.local/lib/python3.12/site-packages/airflow/example_dags/example_nested_branch_dag.py
[2025-02-07T08:01:57.967+0000] {processor.py:914} INFO - Processing file /home/airflow/.local/lib/python3.12/site-packages/airflow/example_dags/example_nested_branch_dag.py for tasks to queue
[2025-02-07T08:01:57.969+0000] {logging_mixin.py:190} INFO - [2025-02-07T08:01:57.968+0000] {dagbag.py:588} INFO - Filling up the DagBag from /home/airflow/.local/lib/python3.12/site-packages/airflow/example_dags/example_nested_branch_dag.py
[2025-02-07T08:01:57.976+0000] {processor.py:925} INFO - DAG(s) 'example_nested_branch_dag' retrieved from /home/airflow/.local/lib/python3.12/site-packages/airflow/example_dags/example_nested_branch_dag.py
[2025-02-07T08:01:57.992+0000] {logging_mixin.py:190} INFO - [2025-02-07T08:01:57.992+0000] {dag.py:3239} INFO - Sync 1 DAGs
[2025-02-07T08:01:58.012+0000] {logging_mixin.py:190} INFO - [2025-02-07T08:01:58.012+0000] {dag.py:4180} INFO - Setting next_dagrun for example_nested_branch_dag to 2025-02-06 00:00:00+00:00, run_after=2025-02-07 00:00:00+00:00
[2025-02-07T08:01:58.027+0000] {processor.py:208} INFO - Processing /home/airflow/.local/lib/python3.12/site-packages/airflow/example_dags/example_nested_branch_dag.py took 0.065 seconds
[2025-02-07T08:02:28.965+0000] {processor.py:186} INFO - Started process (PID=428) to work on /home/airflow/.local/lib/python3.12/site-packages/airflow/example_dags/example_nested_branch_dag.py
[2025-02-07T08:02:28.965+0000] {processor.py:914} INFO - Processing file /home/airflow/.local/lib/python3.12/site-packages/airflow/example_dags/example_nested_branch_dag.py for tasks to queue
[2025-02-07T08:02:28.967+0000] {logging_mixin.py:190} INFO - [2025-02-07T08:02:28.966+0000] {dagbag.py:588} INFO - Filling up the DagBag from /home/airflow/.local/lib/python3.12/site-packages/airflow/example_dags/example_nested_branch_dag.py
[2025-02-07T08:02:28.973+0000] {processor.py:925} INFO - DAG(s) 'example_nested_branch_dag' retrieved from /home/airflow/.local/lib/python3.12/site-packages/airflow/example_dags/example_nested_branch_dag.py
[2025-02-07T08:02:28.989+0000] {logging_mixin.py:190} INFO - [2025-02-07T08:02:28.988+0000] {dag.py:3239} INFO - Sync 1 DAGs
[2025-02-07T08:02:29.006+0000] {logging_mixin.py:190} INFO - [2025-02-07T08:02:29.006+0000] {dag.py:4180} INFO - Setting next_dagrun for example_nested_branch_dag to 2025-02-06 00:00:00+00:00, run_after=2025-02-07 00:00:00+00:00
[2025-02-07T08:02:29.016+0000] {processor.py:208} INFO - Processing /home/airflow/.local/lib/python3.12/site-packages/airflow/example_dags/example_nested_branch_dag.py took 0.056 seconds
[2025-02-07T08:02:59.446+0000] {processor.py:186} INFO - Started process (PID=513) to work on /home/airflow/.local/lib/python3.12/site-packages/airflow/example_dags/example_nested_branch_dag.py
[2025-02-07T08:02:59.447+0000] {processor.py:914} INFO - Processing file /home/airflow/.local/lib/python3.12/site-packages/airflow/example_dags/example_nested_branch_dag.py for tasks to queue
[2025-02-07T08:02:59.449+0000] {logging_mixin.py:190} INFO - [2025-02-07T08:02:59.448+0000] {dagbag.py:588} INFO - Filling up the DagBag from /home/airflow/.local/lib/python3.12/site-packages/airflow/example_dags/example_nested_branch_dag.py
[2025-02-07T08:02:59.456+0000] {processor.py:925} INFO - DAG(s) 'example_nested_branch_dag' retrieved from /home/airflow/.local/lib/python3.12/site-packages/airflow/example_dags/example_nested_branch_dag.py
[2025-02-07T08:02:59.481+0000] {logging_mixin.py:190} INFO - [2025-02-07T08:02:59.481+0000] {dag.py:3239} INFO - Sync 1 DAGs
[2025-02-07T08:02:59.513+0000] {logging_mixin.py:190} INFO - [2025-02-07T08:02:59.512+0000] {dag.py:4180} INFO - Setting next_dagrun for example_nested_branch_dag to 2025-02-06 00:00:00+00:00, run_after=2025-02-07 00:00:00+00:00
[2025-02-07T08:02:59.531+0000] {processor.py:208} INFO - Processing /home/airflow/.local/lib/python3.12/site-packages/airflow/example_dags/example_nested_branch_dag.py took 0.092 seconds
[2025-02-07T08:03:29.766+0000] {processor.py:186} INFO - Started process (PID=598) to work on /home/airflow/.local/lib/python3.12/site-packages/airflow/example_dags/example_nested_branch_dag.py
[2025-02-07T08:03:29.767+0000] {processor.py:914} INFO - Processing file /home/airflow/.local/lib/python3.12/site-packages/airflow/example_dags/example_nested_branch_dag.py for tasks to queue
[2025-02-07T08:03:29.768+0000] {logging_mixin.py:190} INFO - [2025-02-07T08:03:29.768+0000] {dagbag.py:588} INFO - Filling up the DagBag from /home/airflow/.local/lib/python3.12/site-packages/airflow/example_dags/example_nested_branch_dag.py
[2025-02-07T08:03:29.777+0000] {processor.py:925} INFO - DAG(s) 'example_nested_branch_dag' retrieved from /home/airflow/.local/lib/python3.12/site-packages/airflow/example_dags/example_nested_branch_dag.py
[2025-02-07T08:03:29.798+0000] {logging_mixin.py:190} INFO - [2025-02-07T08:03:29.798+0000] {dag.py:3239} INFO - Sync 1 DAGs
[2025-02-07T08:03:29.823+0000] {logging_mixin.py:190} INFO - [2025-02-07T08:03:29.823+0000] {dag.py:4180} INFO - Setting next_dagrun for example_nested_branch_dag to 2025-02-06 00:00:00+00:00, run_after=2025-02-07 00:00:00+00:00
[2025-02-07T08:03:29.838+0000] {processor.py:208} INFO - Processing /home/airflow/.local/lib/python3.12/site-packages/airflow/example_dags/example_nested_branch_dag.py took 0.078 seconds
[2025-02-07T08:04:00.680+0000] {processor.py:186} INFO - Started process (PID=683) to work on /home/airflow/.local/lib/python3.12/site-packages/airflow/example_dags/example_nested_branch_dag.py
[2025-02-07T08:04:00.681+0000] {processor.py:914} INFO - Processing file /home/airflow/.local/lib/python3.12/site-packages/airflow/example_dags/example_nested_branch_dag.py for tasks to queue
[2025-02-07T08:04:00.683+0000] {logging_mixin.py:190} INFO - [2025-02-07T08:04:00.682+0000] {dagbag.py:588} INFO - Filling up the DagBag from /home/airflow/.local/lib/python3.12/site-packages/airflow/example_dags/example_nested_branch_dag.py
[2025-02-07T08:04:00.691+0000] {processor.py:925} INFO - DAG(s) 'example_nested_branch_dag' retrieved from /home/airflow/.local/lib/python3.12/site-packages/airflow/example_dags/example_nested_branch_dag.py
[2025-02-07T08:04:00.707+0000] {logging_mixin.py:190} INFO - [2025-02-07T08:04:00.707+0000] {dag.py:3239} INFO - Sync 1 DAGs
[2025-02-07T08:04:00.726+0000] {logging_mixin.py:190} INFO - [2025-02-07T08:04:00.726+0000] {dag.py:4180} INFO - Setting next_dagrun for example_nested_branch_dag to 2025-02-06 00:00:00+00:00, run_after=2025-02-07 00:00:00+00:00
[2025-02-07T08:04:00.742+0000] {processor.py:208} INFO - Processing /home/airflow/.local/lib/python3.12/site-packages/airflow/example_dags/example_nested_branch_dag.py took 0.070 seconds
[2025-02-07T08:04:30.836+0000] {processor.py:186} INFO - Started process (PID=768) to work on /home/airflow/.local/lib/python3.12/site-packages/airflow/example_dags/example_nested_branch_dag.py
[2025-02-07T08:04:30.836+0000] {processor.py:914} INFO - Processing file /home/airflow/.local/lib/python3.12/site-packages/airflow/example_dags/example_nested_branch_dag.py for tasks to queue
[2025-02-07T08:04:30.838+0000] {logging_mixin.py:190} INFO - [2025-02-07T08:04:30.837+0000] {dagbag.py:588} INFO - Filling up the DagBag from /home/airflow/.local/lib/python3.12/site-packages/airflow/example_dags/example_nested_branch_dag.py
[2025-02-07T08:04:30.847+0000] {processor.py:925} INFO - DAG(s) 'example_nested_branch_dag' retrieved from /home/airflow/.local/lib/python3.12/site-packages/airflow/example_dags/example_nested_branch_dag.py
[2025-02-07T08:04:30.859+0000] {logging_mixin.py:190} INFO - [2025-02-07T08:04:30.859+0000] {dag.py:3239} INFO - Sync 1 DAGs
[2025-02-07T08:04:30.873+0000] {logging_mixin.py:190} INFO - [2025-02-07T08:04:30.872+0000] {dag.py:4180} INFO - Setting next_dagrun for example_nested_branch_dag to 2025-02-06 00:00:00+00:00, run_after=2025-02-07 00:00:00+00:00
[2025-02-07T08:04:30.883+0000] {processor.py:208} INFO - Processing /home/airflow/.local/lib/python3.12/site-packages/airflow/example_dags/example_nested_branch_dag.py took 0.051 seconds
[2025-02-07T08:05:01.079+0000] {processor.py:186} INFO - Started process (PID=853) to work on /home/airflow/.local/lib/python3.12/site-packages/airflow/example_dags/example_nested_branch_dag.py
[2025-02-07T08:05:01.080+0000] {processor.py:914} INFO - Processing file /home/airflow/.local/lib/python3.12/site-packages/airflow/example_dags/example_nested_branch_dag.py for tasks to queue
[2025-02-07T08:05:01.081+0000] {logging_mixin.py:190} INFO - [2025-02-07T08:05:01.081+0000] {dagbag.py:588} INFO - Filling up the DagBag from /home/airflow/.local/lib/python3.12/site-packages/airflow/example_dags/example_nested_branch_dag.py
[2025-02-07T08:05:01.088+0000] {processor.py:925} INFO - DAG(s) 'example_nested_branch_dag' retrieved from /home/airflow/.local/lib/python3.12/site-packages/airflow/example_dags/example_nested_branch_dag.py
[2025-02-07T08:05:01.108+0000] {logging_mixin.py:190} INFO - [2025-02-07T08:05:01.107+0000] {dag.py:3239} INFO - Sync 1 DAGs
[2025-02-07T08:05:01.133+0000] {logging_mixin.py:190} INFO - [2025-02-07T08:05:01.133+0000] {dag.py:4180} INFO - Setting next_dagrun for example_nested_branch_dag to 2025-02-06 00:00:00+00:00, run_after=2025-02-07 00:00:00+00:00
[2025-02-07T08:05:01.142+0000] {processor.py:208} INFO - Processing /home/airflow/.local/lib/python3.12/site-packages/airflow/example_dags/example_nested_branch_dag.py took 0.067 seconds
[2025-02-07T08:05:31.326+0000] {processor.py:186} INFO - Started process (PID=938) to work on /home/airflow/.local/lib/python3.12/site-packages/airflow/example_dags/example_nested_branch_dag.py
[2025-02-07T08:05:31.327+0000] {processor.py:914} INFO - Processing file /home/airflow/.local/lib/python3.12/site-packages/airflow/example_dags/example_nested_branch_dag.py for tasks to queue
[2025-02-07T08:05:31.329+0000] {logging_mixin.py:190} INFO - [2025-02-07T08:05:31.328+0000] {dagbag.py:588} INFO - Filling up the DagBag from /home/airflow/.local/lib/python3.12/site-packages/airflow/example_dags/example_nested_branch_dag.py
[2025-02-07T08:05:31.340+0000] {processor.py:925} INFO - DAG(s) 'example_nested_branch_dag' retrieved from /home/airflow/.local/lib/python3.12/site-packages/airflow/example_dags/example_nested_branch_dag.py
[2025-02-07T08:05:31.356+0000] {logging_mixin.py:190} INFO - [2025-02-07T08:05:31.355+0000] {dag.py:3239} INFO - Sync 1 DAGs
[2025-02-07T08:05:31.375+0000] {logging_mixin.py:190} INFO - [2025-02-07T08:05:31.374+0000] {dag.py:4180} INFO - Setting next_dagrun for example_nested_branch_dag to 2025-02-06 00:00:00+00:00, run_after=2025-02-07 00:00:00+00:00
[2025-02-07T08:05:31.389+0000] {processor.py:208} INFO - Processing /home/airflow/.local/lib/python3.12/site-packages/airflow/example_dags/example_nested_branch_dag.py took 0.069 seconds
[2025-02-07T08:06:01.962+0000] {processor.py:186} INFO - Started process (PID=1023) to work on /home/airflow/.local/lib/python3.12/site-packages/airflow/example_dags/example_nested_branch_dag.py
[2025-02-07T08:06:01.962+0000] {processor.py:914} INFO - Processing file /home/airflow/.local/lib/python3.12/site-packages/airflow/example_dags/example_nested_branch_dag.py for tasks to queue
[2025-02-07T08:06:01.964+0000] {logging_mixin.py:190} INFO - [2025-02-07T08:06:01.964+0000] {dagbag.py:588} INFO - Filling up the DagBag from /home/airflow/.local/lib/python3.12/site-packages/airflow/example_dags/example_nested_branch_dag.py
[2025-02-07T08:06:01.974+0000] {processor.py:925} INFO - DAG(s) 'example_nested_branch_dag' retrieved from /home/airflow/.local/lib/python3.12/site-packages/airflow/example_dags/example_nested_branch_dag.py
[2025-02-07T08:06:01.990+0000] {logging_mixin.py:190} INFO - [2025-02-07T08:06:01.990+0000] {dag.py:3239} INFO - Sync 1 DAGs
[2025-02-07T08:06:02.003+0000] {logging_mixin.py:190} INFO - [2025-02-07T08:06:02.003+0000] {dag.py:4180} INFO - Setting next_dagrun for example_nested_branch_dag to 2025-02-06 00:00:00+00:00, run_after=2025-02-07 00:00:00+00:00
[2025-02-07T08:06:02.013+0000] {processor.py:208} INFO - Processing /home/airflow/.local/lib/python3.12/site-packages/airflow/example_dags/example_nested_branch_dag.py took 0.057 seconds
[2025-02-07T08:06:32.833+0000] {processor.py:186} INFO - Started process (PID=1108) to work on /home/airflow/.local/lib/python3.12/site-packages/airflow/example_dags/example_nested_branch_dag.py
[2025-02-07T08:06:32.833+0000] {processor.py:914} INFO - Processing file /home/airflow/.local/lib/python3.12/site-packages/airflow/example_dags/example_nested_branch_dag.py for tasks to queue
[2025-02-07T08:06:32.835+0000] {logging_mixin.py:190} INFO - [2025-02-07T08:06:32.834+0000] {dagbag.py:588} INFO - Filling up the DagBag from /home/airflow/.local/lib/python3.12/site-packages/airflow/example_dags/example_nested_branch_dag.py
[2025-02-07T08:06:32.841+0000] {processor.py:925} INFO - DAG(s) 'example_nested_branch_dag' retrieved from /home/airflow/.local/lib/python3.12/site-packages/airflow/example_dags/example_nested_branch_dag.py
[2025-02-07T08:06:32.861+0000] {logging_mixin.py:190} INFO - [2025-02-07T08:06:32.860+0000] {dag.py:3239} INFO - Sync 1 DAGs
[2025-02-07T08:06:32.886+0000] {logging_mixin.py:190} INFO - [2025-02-07T08:06:32.886+0000] {dag.py:4180} INFO - Setting next_dagrun for example_nested_branch_dag to 2025-02-06 00:00:00+00:00, run_after=2025-02-07 00:00:00+00:00
[2025-02-07T08:06:32.896+0000] {processor.py:208} INFO - Processing /home/airflow/.local/lib/python3.12/site-packages/airflow/example_dags/example_nested_branch_dag.py took 0.068 seconds
[2025-02-07T08:07:02.920+0000] {processor.py:186} INFO - Started process (PID=1193) to work on /home/airflow/.local/lib/python3.12/site-packages/airflow/example_dags/example_nested_branch_dag.py
[2025-02-07T08:07:02.920+0000] {processor.py:914} INFO - Processing file /home/airflow/.local/lib/python3.12/site-packages/airflow/example_dags/example_nested_branch_dag.py for tasks to queue
[2025-02-07T08:07:02.922+0000] {logging_mixin.py:190} INFO - [2025-02-07T08:07:02.921+0000] {dagbag.py:588} INFO - Filling up the DagBag from /home/airflow/.local/lib/python3.12/site-packages/airflow/example_dags/example_nested_branch_dag.py
[2025-02-07T08:07:02.928+0000] {processor.py:925} INFO - DAG(s) 'example_nested_branch_dag' retrieved from /home/airflow/.local/lib/python3.12/site-packages/airflow/example_dags/example_nested_branch_dag.py
[2025-02-07T08:07:02.947+0000] {logging_mixin.py:190} INFO - [2025-02-07T08:07:02.947+0000] {dag.py:3239} INFO - Sync 1 DAGs
[2025-02-07T08:07:02.966+0000] {logging_mixin.py:190} INFO - [2025-02-07T08:07:02.965+0000] {dag.py:4180} INFO - Setting next_dagrun for example_nested_branch_dag to 2025-02-06 00:00:00+00:00, run_after=2025-02-07 00:00:00+00:00
[2025-02-07T08:07:02.985+0000] {processor.py:208} INFO - Processing /home/airflow/.local/lib/python3.12/site-packages/airflow/example_dags/example_nested_branch_dag.py took 0.068 seconds
[2025-02-07T08:07:33.821+0000] {processor.py:186} INFO - Started process (PID=1278) to work on /home/airflow/.local/lib/python3.12/site-packages/airflow/example_dags/example_nested_branch_dag.py
[2025-02-07T08:07:33.821+0000] {processor.py:914} INFO - Processing file /home/airflow/.local/lib/python3.12/site-packages/airflow/example_dags/example_nested_branch_dag.py for tasks to queue
[2025-02-07T08:07:33.822+0000] {logging_mixin.py:190} INFO - [2025-02-07T08:07:33.822+0000] {dagbag.py:588} INFO - Filling up the DagBag from /home/airflow/.local/lib/python3.12/site-packages/airflow/example_dags/example_nested_branch_dag.py
[2025-02-07T08:07:33.830+0000] {processor.py:925} INFO - DAG(s) 'example_nested_branch_dag' retrieved from /home/airflow/.local/lib/python3.12/site-packages/airflow/example_dags/example_nested_branch_dag.py
[2025-02-07T08:07:33.852+0000] {logging_mixin.py:190} INFO - [2025-02-07T08:07:33.851+0000] {dag.py:3239} INFO - Sync 1 DAGs
[2025-02-07T08:07:33.868+0000] {logging_mixin.py:190} INFO - [2025-02-07T08:07:33.868+0000] {dag.py:4180} INFO - Setting next_dagrun for example_nested_branch_dag to 2025-02-06 00:00:00+00:00, run_after=2025-02-07 00:00:00+00:00
[2025-02-07T08:07:33.877+0000] {processor.py:208} INFO - Processing /home/airflow/.local/lib/python3.12/site-packages/airflow/example_dags/example_nested_branch_dag.py took 0.060 seconds
[2025-02-07T08:08:04.360+0000] {processor.py:186} INFO - Started process (PID=1363) to work on /home/airflow/.local/lib/python3.12/site-packages/airflow/example_dags/example_nested_branch_dag.py
[2025-02-07T08:08:04.362+0000] {processor.py:914} INFO - Processing file /home/airflow/.local/lib/python3.12/site-packages/airflow/example_dags/example_nested_branch_dag.py for tasks to queue
[2025-02-07T08:08:04.364+0000] {logging_mixin.py:190} INFO - [2025-02-07T08:08:04.364+0000] {dagbag.py:588} INFO - Filling up the DagBag from /home/airflow/.local/lib/python3.12/site-packages/airflow/example_dags/example_nested_branch_dag.py
[2025-02-07T08:08:04.373+0000] {processor.py:925} INFO - DAG(s) 'example_nested_branch_dag' retrieved from /home/airflow/.local/lib/python3.12/site-packages/airflow/example_dags/example_nested_branch_dag.py
[2025-02-07T08:08:04.394+0000] {logging_mixin.py:190} INFO - [2025-02-07T08:08:04.394+0000] {dag.py:3239} INFO - Sync 1 DAGs
[2025-02-07T08:08:04.411+0000] {logging_mixin.py:190} INFO - [2025-02-07T08:08:04.411+0000] {dag.py:4180} INFO - Setting next_dagrun for example_nested_branch_dag to 2025-02-06 00:00:00+00:00, run_after=2025-02-07 00:00:00+00:00
[2025-02-07T08:08:04.424+0000] {processor.py:208} INFO - Processing /home/airflow/.local/lib/python3.12/site-packages/airflow/example_dags/example_nested_branch_dag.py took 0.072 seconds
[2025-02-07T08:08:35.046+0000] {processor.py:186} INFO - Started process (PID=1448) to work on /home/airflow/.local/lib/python3.12/site-packages/airflow/example_dags/example_nested_branch_dag.py
[2025-02-07T08:08:35.047+0000] {processor.py:914} INFO - Processing file /home/airflow/.local/lib/python3.12/site-packages/airflow/example_dags/example_nested_branch_dag.py for tasks to queue
[2025-02-07T08:08:35.049+0000] {logging_mixin.py:190} INFO - [2025-02-07T08:08:35.048+0000] {dagbag.py:588} INFO - Filling up the DagBag from /home/airflow/.local/lib/python3.12/site-packages/airflow/example_dags/example_nested_branch_dag.py
[2025-02-07T08:08:35.056+0000] {processor.py:925} INFO - DAG(s) 'example_nested_branch_dag' retrieved from /home/airflow/.local/lib/python3.12/site-packages/airflow/example_dags/example_nested_branch_dag.py
[2025-02-07T08:08:35.077+0000] {logging_mixin.py:190} INFO - [2025-02-07T08:08:35.076+0000] {dag.py:3239} INFO - Sync 1 DAGs
[2025-02-07T08:08:35.093+0000] {logging_mixin.py:190} INFO - [2025-02-07T08:08:35.093+0000] {dag.py:4180} INFO - Setting next_dagrun for example_nested_branch_dag to 2025-02-06 00:00:00+00:00, run_after=2025-02-07 00:00:00+00:00
[2025-02-07T08:08:35.103+0000] {processor.py:208} INFO - Processing /home/airflow/.local/lib/python3.12/site-packages/airflow/example_dags/example_nested_branch_dag.py took 0.064 seconds
[2025-02-07T08:09:05.403+0000] {processor.py:186} INFO - Started process (PID=1533) to work on /home/airflow/.local/lib/python3.12/site-packages/airflow/example_dags/example_nested_branch_dag.py
[2025-02-07T08:09:05.403+0000] {processor.py:914} INFO - Processing file /home/airflow/.local/lib/python3.12/site-packages/airflow/example_dags/example_nested_branch_dag.py for tasks to queue
[2025-02-07T08:09:05.405+0000] {logging_mixin.py:190} INFO - [2025-02-07T08:09:05.404+0000] {dagbag.py:588} INFO - Filling up the DagBag from /home/airflow/.local/lib/python3.12/site-packages/airflow/example_dags/example_nested_branch_dag.py
[2025-02-07T08:09:05.411+0000] {processor.py:925} INFO - DAG(s) 'example_nested_branch_dag' retrieved from /home/airflow/.local/lib/python3.12/site-packages/airflow/example_dags/example_nested_branch_dag.py
[2025-02-07T08:09:05.427+0000] {logging_mixin.py:190} INFO - [2025-02-07T08:09:05.427+0000] {dag.py:3239} INFO - Sync 1 DAGs
[2025-02-07T08:09:05.452+0000] {logging_mixin.py:190} INFO - [2025-02-07T08:09:05.451+0000] {dag.py:4180} INFO - Setting next_dagrun for example_nested_branch_dag to 2025-02-06 00:00:00+00:00, run_after=2025-02-07 00:00:00+00:00
[2025-02-07T08:09:05.468+0000] {processor.py:208} INFO - Processing /home/airflow/.local/lib/python3.12/site-packages/airflow/example_dags/example_nested_branch_dag.py took 0.068 seconds
[2025-02-07T08:09:36.228+0000] {processor.py:186} INFO - Started process (PID=1618) to work on /home/airflow/.local/lib/python3.12/site-packages/airflow/example_dags/example_nested_branch_dag.py
[2025-02-07T08:09:36.229+0000] {processor.py:914} INFO - Processing file /home/airflow/.local/lib/python3.12/site-packages/airflow/example_dags/example_nested_branch_dag.py for tasks to queue
[2025-02-07T08:09:36.232+0000] {logging_mixin.py:190} INFO - [2025-02-07T08:09:36.232+0000] {dagbag.py:588} INFO - Filling up the DagBag from /home/airflow/.local/lib/python3.12/site-packages/airflow/example_dags/example_nested_branch_dag.py
[2025-02-07T08:09:36.239+0000] {processor.py:925} INFO - DAG(s) 'example_nested_branch_dag' retrieved from /home/airflow/.local/lib/python3.12/site-packages/airflow/example_dags/example_nested_branch_dag.py
[2025-02-07T08:09:36.255+0000] {logging_mixin.py:190} INFO - [2025-02-07T08:09:36.255+0000] {dag.py:3239} INFO - Sync 1 DAGs
[2025-02-07T08:09:36.270+0000] {logging_mixin.py:190} INFO - [2025-02-07T08:09:36.269+0000] {dag.py:4180} INFO - Setting next_dagrun for example_nested_branch_dag to 2025-02-06 00:00:00+00:00, run_after=2025-02-07 00:00:00+00:00
[2025-02-07T08:09:36.279+0000] {processor.py:208} INFO - Processing /home/airflow/.local/lib/python3.12/site-packages/airflow/example_dags/example_nested_branch_dag.py took 0.058 seconds
[2025-02-07T08:10:07.397+0000] {processor.py:186} INFO - Started process (PID=1703) to work on /home/airflow/.local/lib/python3.12/site-packages/airflow/example_dags/example_nested_branch_dag.py
[2025-02-07T08:10:07.398+0000] {processor.py:914} INFO - Processing file /home/airflow/.local/lib/python3.12/site-packages/airflow/example_dags/example_nested_branch_dag.py for tasks to queue
[2025-02-07T08:10:07.399+0000] {logging_mixin.py:190} INFO - [2025-02-07T08:10:07.399+0000] {dagbag.py:588} INFO - Filling up the DagBag from /home/airflow/.local/lib/python3.12/site-packages/airflow/example_dags/example_nested_branch_dag.py
[2025-02-07T08:10:07.405+0000] {processor.py:925} INFO - DAG(s) 'example_nested_branch_dag' retrieved from /home/airflow/.local/lib/python3.12/site-packages/airflow/example_dags/example_nested_branch_dag.py
[2025-02-07T08:10:07.427+0000] {logging_mixin.py:190} INFO - [2025-02-07T08:10:07.427+0000] {dag.py:3239} INFO - Sync 1 DAGs
[2025-02-07T08:10:07.446+0000] {logging_mixin.py:190} INFO - [2025-02-07T08:10:07.445+0000] {dag.py:4180} INFO - Setting next_dagrun for example_nested_branch_dag to 2025-02-06 00:00:00+00:00, run_after=2025-02-07 00:00:00+00:00
[2025-02-07T08:10:07.458+0000] {processor.py:208} INFO - Processing /home/airflow/.local/lib/python3.12/site-packages/airflow/example_dags/example_nested_branch_dag.py took 0.067 seconds
[2025-02-07T08:10:37.848+0000] {processor.py:186} INFO - Started process (PID=1788) to work on /home/airflow/.local/lib/python3.12/site-packages/airflow/example_dags/example_nested_branch_dag.py
[2025-02-07T08:10:37.849+0000] {processor.py:914} INFO - Processing file /home/airflow/.local/lib/python3.12/site-packages/airflow/example_dags/example_nested_branch_dag.py for tasks to queue
[2025-02-07T08:10:37.851+0000] {logging_mixin.py:190} INFO - [2025-02-07T08:10:37.851+0000] {dagbag.py:588} INFO - Filling up the DagBag from /home/airflow/.local/lib/python3.12/site-packages/airflow/example_dags/example_nested_branch_dag.py
[2025-02-07T08:10:37.859+0000] {processor.py:925} INFO - DAG(s) 'example_nested_branch_dag' retrieved from /home/airflow/.local/lib/python3.12/site-packages/airflow/example_dags/example_nested_branch_dag.py
[2025-02-07T08:10:37.885+0000] {logging_mixin.py:190} INFO - [2025-02-07T08:10:37.885+0000] {dag.py:3239} INFO - Sync 1 DAGs
[2025-02-07T08:10:37.902+0000] {logging_mixin.py:190} INFO - [2025-02-07T08:10:37.902+0000] {dag.py:4180} INFO - Setting next_dagrun for example_nested_branch_dag to 2025-02-06 00:00:00+00:00, run_after=2025-02-07 00:00:00+00:00
[2025-02-07T08:10:37.912+0000] {processor.py:208} INFO - Processing /home/airflow/.local/lib/python3.12/site-packages/airflow/example_dags/example_nested_branch_dag.py took 0.070 seconds
[2025-02-07T08:11:08.394+0000] {processor.py:186} INFO - Started process (PID=1873) to work on /home/airflow/.local/lib/python3.12/site-packages/airflow/example_dags/example_nested_branch_dag.py
[2025-02-07T08:11:08.394+0000] {processor.py:914} INFO - Processing file /home/airflow/.local/lib/python3.12/site-packages/airflow/example_dags/example_nested_branch_dag.py for tasks to queue
[2025-02-07T08:11:08.395+0000] {logging_mixin.py:190} INFO - [2025-02-07T08:11:08.395+0000] {dagbag.py:588} INFO - Filling up the DagBag from /home/airflow/.local/lib/python3.12/site-packages/airflow/example_dags/example_nested_branch_dag.py
[2025-02-07T08:11:08.402+0000] {processor.py:925} INFO - DAG(s) 'example_nested_branch_dag' retrieved from /home/airflow/.local/lib/python3.12/site-packages/airflow/example_dags/example_nested_branch_dag.py
[2025-02-07T08:11:08.420+0000] {logging_mixin.py:190} INFO - [2025-02-07T08:11:08.420+0000] {dag.py:3239} INFO - Sync 1 DAGs
[2025-02-07T08:11:08.434+0000] {logging_mixin.py:190} INFO - [2025-02-07T08:11:08.434+0000] {dag.py:4180} INFO - Setting next_dagrun for example_nested_branch_dag to 2025-02-06 00:00:00+00:00, run_after=2025-02-07 00:00:00+00:00
[2025-02-07T08:11:08.444+0000] {processor.py:208} INFO - Processing /home/airflow/.local/lib/python3.12/site-packages/airflow/example_dags/example_nested_branch_dag.py took 0.054 seconds
[2025-02-07T08:11:39.219+0000] {processor.py:186} INFO - Started process (PID=1958) to work on /home/airflow/.local/lib/python3.12/site-packages/airflow/example_dags/example_nested_branch_dag.py
[2025-02-07T08:11:39.220+0000] {processor.py:914} INFO - Processing file /home/airflow/.local/lib/python3.12/site-packages/airflow/example_dags/example_nested_branch_dag.py for tasks to queue
[2025-02-07T08:11:39.222+0000] {logging_mixin.py:190} INFO - [2025-02-07T08:11:39.222+0000] {dagbag.py:588} INFO - Filling up the DagBag from /home/airflow/.local/lib/python3.12/site-packages/airflow/example_dags/example_nested_branch_dag.py
[2025-02-07T08:11:39.236+0000] {processor.py:925} INFO - DAG(s) 'example_nested_branch_dag' retrieved from /home/airflow/.local/lib/python3.12/site-packages/airflow/example_dags/example_nested_branch_dag.py
[2025-02-07T08:11:39.252+0000] {logging_mixin.py:190} INFO - [2025-02-07T08:11:39.251+0000] {dag.py:3239} INFO - Sync 1 DAGs
[2025-02-07T08:11:39.266+0000] {logging_mixin.py:190} INFO - [2025-02-07T08:11:39.266+0000] {dag.py:4180} INFO - Setting next_dagrun for example_nested_branch_dag to 2025-02-06 00:00:00+00:00, run_after=2025-02-07 00:00:00+00:00
[2025-02-07T08:11:39.279+0000] {processor.py:208} INFO - Processing /home/airflow/.local/lib/python3.12/site-packages/airflow/example_dags/example_nested_branch_dag.py took 0.066 seconds
[2025-02-07T08:12:09.495+0000] {processor.py:186} INFO - Started process (PID=2043) to work on /home/airflow/.local/lib/python3.12/site-packages/airflow/example_dags/example_nested_branch_dag.py
[2025-02-07T08:12:09.496+0000] {processor.py:914} INFO - Processing file /home/airflow/.local/lib/python3.12/site-packages/airflow/example_dags/example_nested_branch_dag.py for tasks to queue
[2025-02-07T08:12:09.498+0000] {logging_mixin.py:190} INFO - [2025-02-07T08:12:09.497+0000] {dagbag.py:588} INFO - Filling up the DagBag from /home/airflow/.local/lib/python3.12/site-packages/airflow/example_dags/example_nested_branch_dag.py
[2025-02-07T08:12:09.508+0000] {processor.py:925} INFO - DAG(s) 'example_nested_branch_dag' retrieved from /home/airflow/.local/lib/python3.12/site-packages/airflow/example_dags/example_nested_branch_dag.py
[2025-02-07T08:12:09.523+0000] {logging_mixin.py:190} INFO - [2025-02-07T08:12:09.523+0000] {dag.py:3239} INFO - Sync 1 DAGs
[2025-02-07T08:12:09.536+0000] {logging_mixin.py:190} INFO - [2025-02-07T08:12:09.536+0000] {dag.py:4180} INFO - Setting next_dagrun for example_nested_branch_dag to 2025-02-06 00:00:00+00:00, run_after=2025-02-07 00:00:00+00:00
[2025-02-07T08:12:09.555+0000] {processor.py:208} INFO - Processing /home/airflow/.local/lib/python3.12/site-packages/airflow/example_dags/example_nested_branch_dag.py took 0.064 seconds
[2025-02-07T08:12:39.949+0000] {processor.py:186} INFO - Started process (PID=2128) to work on /home/airflow/.local/lib/python3.12/site-packages/airflow/example_dags/example_nested_branch_dag.py
[2025-02-07T08:12:39.950+0000] {processor.py:914} INFO - Processing file /home/airflow/.local/lib/python3.12/site-packages/airflow/example_dags/example_nested_branch_dag.py for tasks to queue
[2025-02-07T08:12:39.951+0000] {logging_mixin.py:190} INFO - [2025-02-07T08:12:39.951+0000] {dagbag.py:588} INFO - Filling up the DagBag from /home/airflow/.local/lib/python3.12/site-packages/airflow/example_dags/example_nested_branch_dag.py
[2025-02-07T08:12:39.958+0000] {processor.py:925} INFO - DAG(s) 'example_nested_branch_dag' retrieved from /home/airflow/.local/lib/python3.12/site-packages/airflow/example_dags/example_nested_branch_dag.py
[2025-02-07T08:12:39.969+0000] {logging_mixin.py:190} INFO - [2025-02-07T08:12:39.969+0000] {dag.py:3239} INFO - Sync 1 DAGs
[2025-02-07T08:12:39.983+0000] {logging_mixin.py:190} INFO - [2025-02-07T08:12:39.983+0000] {dag.py:4180} INFO - Setting next_dagrun for example_nested_branch_dag to 2025-02-06 00:00:00+00:00, run_after=2025-02-07 00:00:00+00:00
[2025-02-07T08:12:40.117+0000] {processor.py:208} INFO - Processing /home/airflow/.local/lib/python3.12/site-packages/airflow/example_dags/example_nested_branch_dag.py took 0.173 seconds
[2025-02-07T08:13:10.233+0000] {processor.py:186} INFO - Started process (PID=2213) to work on /home/airflow/.local/lib/python3.12/site-packages/airflow/example_dags/example_nested_branch_dag.py
[2025-02-07T08:13:10.233+0000] {processor.py:914} INFO - Processing file /home/airflow/.local/lib/python3.12/site-packages/airflow/example_dags/example_nested_branch_dag.py for tasks to queue
[2025-02-07T08:13:10.234+0000] {logging_mixin.py:190} INFO - [2025-02-07T08:13:10.234+0000] {dagbag.py:588} INFO - Filling up the DagBag from /home/airflow/.local/lib/python3.12/site-packages/airflow/example_dags/example_nested_branch_dag.py
[2025-02-07T08:13:10.241+0000] {processor.py:925} INFO - DAG(s) 'example_nested_branch_dag' retrieved from /home/airflow/.local/lib/python3.12/site-packages/airflow/example_dags/example_nested_branch_dag.py
[2025-02-07T08:13:10.257+0000] {logging_mixin.py:190} INFO - [2025-02-07T08:13:10.257+0000] {dag.py:3239} INFO - Sync 1 DAGs
[2025-02-07T08:13:10.272+0000] {logging_mixin.py:190} INFO - [2025-02-07T08:13:10.271+0000] {dag.py:4180} INFO - Setting next_dagrun for example_nested_branch_dag to 2025-02-06 00:00:00+00:00, run_after=2025-02-07 00:00:00+00:00
[2025-02-07T08:13:10.401+0000] {processor.py:208} INFO - Processing /home/airflow/.local/lib/python3.12/site-packages/airflow/example_dags/example_nested_branch_dag.py took 0.172 seconds
[2025-02-07T08:13:40.719+0000] {processor.py:186} INFO - Started process (PID=2298) to work on /home/airflow/.local/lib/python3.12/site-packages/airflow/example_dags/example_nested_branch_dag.py
[2025-02-07T08:13:40.719+0000] {processor.py:914} INFO - Processing file /home/airflow/.local/lib/python3.12/site-packages/airflow/example_dags/example_nested_branch_dag.py for tasks to queue
[2025-02-07T08:13:40.720+0000] {logging_mixin.py:190} INFO - [2025-02-07T08:13:40.720+0000] {dagbag.py:588} INFO - Filling up the DagBag from /home/airflow/.local/lib/python3.12/site-packages/airflow/example_dags/example_nested_branch_dag.py
[2025-02-07T08:13:40.727+0000] {processor.py:925} INFO - DAG(s) 'example_nested_branch_dag' retrieved from /home/airflow/.local/lib/python3.12/site-packages/airflow/example_dags/example_nested_branch_dag.py
[2025-02-07T08:13:40.745+0000] {logging_mixin.py:190} INFO - [2025-02-07T08:13:40.745+0000] {dag.py:3239} INFO - Sync 1 DAGs
[2025-02-07T08:13:40.764+0000] {logging_mixin.py:190} INFO - [2025-02-07T08:13:40.764+0000] {dag.py:4180} INFO - Setting next_dagrun for example_nested_branch_dag to 2025-02-06 00:00:00+00:00, run_after=2025-02-07 00:00:00+00:00
[2025-02-07T08:13:40.896+0000] {processor.py:208} INFO - Processing /home/airflow/.local/lib/python3.12/site-packages/airflow/example_dags/example_nested_branch_dag.py took 0.181 seconds
[2025-02-07T08:14:11.732+0000] {processor.py:186} INFO - Started process (PID=2383) to work on /home/airflow/.local/lib/python3.12/site-packages/airflow/example_dags/example_nested_branch_dag.py
[2025-02-07T08:14:11.733+0000] {processor.py:914} INFO - Processing file /home/airflow/.local/lib/python3.12/site-packages/airflow/example_dags/example_nested_branch_dag.py for tasks to queue
[2025-02-07T08:14:11.734+0000] {logging_mixin.py:190} INFO - [2025-02-07T08:14:11.734+0000] {dagbag.py:588} INFO - Filling up the DagBag from /home/airflow/.local/lib/python3.12/site-packages/airflow/example_dags/example_nested_branch_dag.py
[2025-02-07T08:14:11.741+0000] {processor.py:925} INFO - DAG(s) 'example_nested_branch_dag' retrieved from /home/airflow/.local/lib/python3.12/site-packages/airflow/example_dags/example_nested_branch_dag.py
[2025-02-07T08:14:11.756+0000] {logging_mixin.py:190} INFO - [2025-02-07T08:14:11.756+0000] {dag.py:3239} INFO - Sync 1 DAGs
[2025-02-07T08:14:11.771+0000] {logging_mixin.py:190} INFO - [2025-02-07T08:14:11.771+0000] {dag.py:4180} INFO - Setting next_dagrun for example_nested_branch_dag to 2025-02-06 00:00:00+00:00, run_after=2025-02-07 00:00:00+00:00
[2025-02-07T08:14:11.906+0000] {processor.py:208} INFO - Processing /home/airflow/.local/lib/python3.12/site-packages/airflow/example_dags/example_nested_branch_dag.py took 0.179 seconds
[2025-02-07T08:14:42.133+0000] {processor.py:186} INFO - Started process (PID=2468) to work on /home/airflow/.local/lib/python3.12/site-packages/airflow/example_dags/example_nested_branch_dag.py
[2025-02-07T08:14:42.134+0000] {processor.py:914} INFO - Processing file /home/airflow/.local/lib/python3.12/site-packages/airflow/example_dags/example_nested_branch_dag.py for tasks to queue
[2025-02-07T08:14:42.136+0000] {logging_mixin.py:190} INFO - [2025-02-07T08:14:42.135+0000] {dagbag.py:588} INFO - Filling up the DagBag from /home/airflow/.local/lib/python3.12/site-packages/airflow/example_dags/example_nested_branch_dag.py
[2025-02-07T08:14:42.144+0000] {processor.py:925} INFO - DAG(s) 'example_nested_branch_dag' retrieved from /home/airflow/.local/lib/python3.12/site-packages/airflow/example_dags/example_nested_branch_dag.py
[2025-02-07T08:14:42.165+0000] {logging_mixin.py:190} INFO - [2025-02-07T08:14:42.165+0000] {dag.py:3239} INFO - Sync 1 DAGs
[2025-02-07T08:14:42.322+0000] {logging_mixin.py:190} INFO - [2025-02-07T08:14:42.322+0000] {dag.py:4180} INFO - Setting next_dagrun for example_nested_branch_dag to 2025-02-06 00:00:00+00:00, run_after=2025-02-07 00:00:00+00:00
[2025-02-07T08:14:42.343+0000] {processor.py:208} INFO - Processing /home/airflow/.local/lib/python3.12/site-packages/airflow/example_dags/example_nested_branch_dag.py took 0.218 seconds
[2025-02-07T08:15:12.931+0000] {processor.py:186} INFO - Started process (PID=2553) to work on /home/airflow/.local/lib/python3.12/site-packages/airflow/example_dags/example_nested_branch_dag.py
[2025-02-07T08:15:12.931+0000] {processor.py:914} INFO - Processing file /home/airflow/.local/lib/python3.12/site-packages/airflow/example_dags/example_nested_branch_dag.py for tasks to queue
[2025-02-07T08:15:12.933+0000] {logging_mixin.py:190} INFO - [2025-02-07T08:15:12.933+0000] {dagbag.py:588} INFO - Filling up the DagBag from /home/airflow/.local/lib/python3.12/site-packages/airflow/example_dags/example_nested_branch_dag.py
[2025-02-07T08:15:12.940+0000] {processor.py:925} INFO - DAG(s) 'example_nested_branch_dag' retrieved from /home/airflow/.local/lib/python3.12/site-packages/airflow/example_dags/example_nested_branch_dag.py
[2025-02-07T08:15:12.959+0000] {logging_mixin.py:190} INFO - [2025-02-07T08:15:12.958+0000] {dag.py:3239} INFO - Sync 1 DAGs
[2025-02-07T08:15:13.098+0000] {logging_mixin.py:190} INFO - [2025-02-07T08:15:13.097+0000] {dag.py:4180} INFO - Setting next_dagrun for example_nested_branch_dag to 2025-02-06 00:00:00+00:00, run_after=2025-02-07 00:00:00+00:00
[2025-02-07T08:15:13.112+0000] {processor.py:208} INFO - Processing /home/airflow/.local/lib/python3.12/site-packages/airflow/example_dags/example_nested_branch_dag.py took 0.186 seconds
[2025-02-07T08:15:44.330+0000] {processor.py:186} INFO - Started process (PID=2638) to work on /home/airflow/.local/lib/python3.12/site-packages/airflow/example_dags/example_nested_branch_dag.py
[2025-02-07T08:15:44.331+0000] {processor.py:914} INFO - Processing file /home/airflow/.local/lib/python3.12/site-packages/airflow/example_dags/example_nested_branch_dag.py for tasks to queue
[2025-02-07T08:15:44.333+0000] {logging_mixin.py:190} INFO - [2025-02-07T08:15:44.332+0000] {dagbag.py:588} INFO - Filling up the DagBag from /home/airflow/.local/lib/python3.12/site-packages/airflow/example_dags/example_nested_branch_dag.py
[2025-02-07T08:15:44.343+0000] {processor.py:925} INFO - DAG(s) 'example_nested_branch_dag' retrieved from /home/airflow/.local/lib/python3.12/site-packages/airflow/example_dags/example_nested_branch_dag.py
[2025-02-07T08:15:44.363+0000] {logging_mixin.py:190} INFO - [2025-02-07T08:15:44.363+0000] {dag.py:3239} INFO - Sync 1 DAGs
[2025-02-07T08:15:44.509+0000] {logging_mixin.py:190} INFO - [2025-02-07T08:15:44.509+0000] {dag.py:4180} INFO - Setting next_dagrun for example_nested_branch_dag to 2025-02-06 00:00:00+00:00, run_after=2025-02-07 00:00:00+00:00
[2025-02-07T08:15:44.527+0000] {processor.py:208} INFO - Processing /home/airflow/.local/lib/python3.12/site-packages/airflow/example_dags/example_nested_branch_dag.py took 0.203 seconds
[2025-02-07T08:16:14.747+0000] {processor.py:186} INFO - Started process (PID=2723) to work on /home/airflow/.local/lib/python3.12/site-packages/airflow/example_dags/example_nested_branch_dag.py
[2025-02-07T08:16:14.748+0000] {processor.py:914} INFO - Processing file /home/airflow/.local/lib/python3.12/site-packages/airflow/example_dags/example_nested_branch_dag.py for tasks to queue
[2025-02-07T08:16:14.749+0000] {logging_mixin.py:190} INFO - [2025-02-07T08:16:14.749+0000] {dagbag.py:588} INFO - Filling up the DagBag from /home/airflow/.local/lib/python3.12/site-packages/airflow/example_dags/example_nested_branch_dag.py
[2025-02-07T08:16:14.755+0000] {processor.py:925} INFO - DAG(s) 'example_nested_branch_dag' retrieved from /home/airflow/.local/lib/python3.12/site-packages/airflow/example_dags/example_nested_branch_dag.py
[2025-02-07T08:16:14.774+0000] {logging_mixin.py:190} INFO - [2025-02-07T08:16:14.774+0000] {dag.py:3239} INFO - Sync 1 DAGs
[2025-02-07T08:16:14.790+0000] {logging_mixin.py:190} INFO - [2025-02-07T08:16:14.790+0000] {dag.py:4180} INFO - Setting next_dagrun for example_nested_branch_dag to 2025-02-06 00:00:00+00:00, run_after=2025-02-07 00:00:00+00:00
[2025-02-07T08:16:14.799+0000] {processor.py:208} INFO - Processing /home/airflow/.local/lib/python3.12/site-packages/airflow/example_dags/example_nested_branch_dag.py took 0.056 seconds
[2025-02-07T08:16:45.978+0000] {processor.py:186} INFO - Started process (PID=2808) to work on /home/airflow/.local/lib/python3.12/site-packages/airflow/example_dags/example_nested_branch_dag.py
[2025-02-07T08:16:45.979+0000] {processor.py:914} INFO - Processing file /home/airflow/.local/lib/python3.12/site-packages/airflow/example_dags/example_nested_branch_dag.py for tasks to queue
[2025-02-07T08:16:45.980+0000] {logging_mixin.py:190} INFO - [2025-02-07T08:16:45.980+0000] {dagbag.py:588} INFO - Filling up the DagBag from /home/airflow/.local/lib/python3.12/site-packages/airflow/example_dags/example_nested_branch_dag.py
[2025-02-07T08:16:45.992+0000] {processor.py:925} INFO - DAG(s) 'example_nested_branch_dag' retrieved from /home/airflow/.local/lib/python3.12/site-packages/airflow/example_dags/example_nested_branch_dag.py
[2025-02-07T08:16:46.006+0000] {logging_mixin.py:190} INFO - [2025-02-07T08:16:46.006+0000] {dag.py:3239} INFO - Sync 1 DAGs
[2025-02-07T08:16:46.021+0000] {logging_mixin.py:190} INFO - [2025-02-07T08:16:46.021+0000] {dag.py:4180} INFO - Setting next_dagrun for example_nested_branch_dag to 2025-02-06 00:00:00+00:00, run_after=2025-02-07 00:00:00+00:00
[2025-02-07T08:16:46.034+0000] {processor.py:208} INFO - Processing /home/airflow/.local/lib/python3.12/site-packages/airflow/example_dags/example_nested_branch_dag.py took 0.060 seconds
[2025-02-07T08:17:16.648+0000] {processor.py:186} INFO - Started process (PID=2893) to work on /home/airflow/.local/lib/python3.12/site-packages/airflow/example_dags/example_nested_branch_dag.py
[2025-02-07T08:17:16.650+0000] {processor.py:914} INFO - Processing file /home/airflow/.local/lib/python3.12/site-packages/airflow/example_dags/example_nested_branch_dag.py for tasks to queue
[2025-02-07T08:17:16.652+0000] {logging_mixin.py:190} INFO - [2025-02-07T08:17:16.652+0000] {dagbag.py:588} INFO - Filling up the DagBag from /home/airflow/.local/lib/python3.12/site-packages/airflow/example_dags/example_nested_branch_dag.py
[2025-02-07T08:17:16.664+0000] {processor.py:925} INFO - DAG(s) 'example_nested_branch_dag' retrieved from /home/airflow/.local/lib/python3.12/site-packages/airflow/example_dags/example_nested_branch_dag.py
[2025-02-07T08:17:16.677+0000] {logging_mixin.py:190} INFO - [2025-02-07T08:17:16.677+0000] {dag.py:3239} INFO - Sync 1 DAGs
[2025-02-07T08:17:16.694+0000] {logging_mixin.py:190} INFO - [2025-02-07T08:17:16.694+0000] {dag.py:4180} INFO - Setting next_dagrun for example_nested_branch_dag to 2025-02-06 00:00:00+00:00, run_after=2025-02-07 00:00:00+00:00
[2025-02-07T08:17:16.704+0000] {processor.py:208} INFO - Processing /home/airflow/.local/lib/python3.12/site-packages/airflow/example_dags/example_nested_branch_dag.py took 0.063 seconds
[2025-02-07T08:17:47.441+0000] {processor.py:186} INFO - Started process (PID=2978) to work on /home/airflow/.local/lib/python3.12/site-packages/airflow/example_dags/example_nested_branch_dag.py
[2025-02-07T08:17:47.443+0000] {processor.py:914} INFO - Processing file /home/airflow/.local/lib/python3.12/site-packages/airflow/example_dags/example_nested_branch_dag.py for tasks to queue
[2025-02-07T08:17:47.446+0000] {logging_mixin.py:190} INFO - [2025-02-07T08:17:47.445+0000] {dagbag.py:588} INFO - Filling up the DagBag from /home/airflow/.local/lib/python3.12/site-packages/airflow/example_dags/example_nested_branch_dag.py
[2025-02-07T08:17:47.459+0000] {processor.py:925} INFO - DAG(s) 'example_nested_branch_dag' retrieved from /home/airflow/.local/lib/python3.12/site-packages/airflow/example_dags/example_nested_branch_dag.py
[2025-02-07T08:17:47.471+0000] {logging_mixin.py:190} INFO - [2025-02-07T08:17:47.471+0000] {dag.py:3239} INFO - Sync 1 DAGs
[2025-02-07T08:17:47.484+0000] {logging_mixin.py:190} INFO - [2025-02-07T08:17:47.484+0000] {dag.py:4180} INFO - Setting next_dagrun for example_nested_branch_dag to 2025-02-06 00:00:00+00:00, run_after=2025-02-07 00:00:00+00:00
[2025-02-07T08:17:47.494+0000] {processor.py:208} INFO - Processing /home/airflow/.local/lib/python3.12/site-packages/airflow/example_dags/example_nested_branch_dag.py took 0.059 seconds
[2025-02-07T08:18:18.168+0000] {processor.py:186} INFO - Started process (PID=3063) to work on /home/airflow/.local/lib/python3.12/site-packages/airflow/example_dags/example_nested_branch_dag.py
[2025-02-07T08:18:18.169+0000] {processor.py:914} INFO - Processing file /home/airflow/.local/lib/python3.12/site-packages/airflow/example_dags/example_nested_branch_dag.py for tasks to queue
[2025-02-07T08:18:18.170+0000] {logging_mixin.py:190} INFO - [2025-02-07T08:18:18.170+0000] {dagbag.py:588} INFO - Filling up the DagBag from /home/airflow/.local/lib/python3.12/site-packages/airflow/example_dags/example_nested_branch_dag.py
[2025-02-07T08:18:18.176+0000] {processor.py:925} INFO - DAG(s) 'example_nested_branch_dag' retrieved from /home/airflow/.local/lib/python3.12/site-packages/airflow/example_dags/example_nested_branch_dag.py
[2025-02-07T08:18:18.192+0000] {logging_mixin.py:190} INFO - [2025-02-07T08:18:18.192+0000] {dag.py:3239} INFO - Sync 1 DAGs
[2025-02-07T08:18:18.208+0000] {logging_mixin.py:190} INFO - [2025-02-07T08:18:18.208+0000] {dag.py:4180} INFO - Setting next_dagrun for example_nested_branch_dag to 2025-02-06 00:00:00+00:00, run_after=2025-02-07 00:00:00+00:00
[2025-02-07T08:18:18.219+0000] {processor.py:208} INFO - Processing /home/airflow/.local/lib/python3.12/site-packages/airflow/example_dags/example_nested_branch_dag.py took 0.055 seconds
[2025-02-07T08:18:49.064+0000] {processor.py:186} INFO - Started process (PID=3148) to work on /home/airflow/.local/lib/python3.12/site-packages/airflow/example_dags/example_nested_branch_dag.py
[2025-02-07T08:18:49.065+0000] {processor.py:914} INFO - Processing file /home/airflow/.local/lib/python3.12/site-packages/airflow/example_dags/example_nested_branch_dag.py for tasks to queue
[2025-02-07T08:18:49.066+0000] {logging_mixin.py:190} INFO - [2025-02-07T08:18:49.066+0000] {dagbag.py:588} INFO - Filling up the DagBag from /home/airflow/.local/lib/python3.12/site-packages/airflow/example_dags/example_nested_branch_dag.py
[2025-02-07T08:18:49.073+0000] {processor.py:925} INFO - DAG(s) 'example_nested_branch_dag' retrieved from /home/airflow/.local/lib/python3.12/site-packages/airflow/example_dags/example_nested_branch_dag.py
[2025-02-07T08:18:49.090+0000] {logging_mixin.py:190} INFO - [2025-02-07T08:18:49.090+0000] {dag.py:3239} INFO - Sync 1 DAGs
[2025-02-07T08:18:49.111+0000] {logging_mixin.py:190} INFO - [2025-02-07T08:18:49.111+0000] {dag.py:4180} INFO - Setting next_dagrun for example_nested_branch_dag to 2025-02-06 00:00:00+00:00, run_after=2025-02-07 00:00:00+00:00
[2025-02-07T08:18:49.124+0000] {processor.py:208} INFO - Processing /home/airflow/.local/lib/python3.12/site-packages/airflow/example_dags/example_nested_branch_dag.py took 0.066 seconds
[2025-02-07T08:19:19.337+0000] {processor.py:186} INFO - Started process (PID=3233) to work on /home/airflow/.local/lib/python3.12/site-packages/airflow/example_dags/example_nested_branch_dag.py
[2025-02-07T08:19:19.337+0000] {processor.py:914} INFO - Processing file /home/airflow/.local/lib/python3.12/site-packages/airflow/example_dags/example_nested_branch_dag.py for tasks to queue
[2025-02-07T08:19:19.339+0000] {logging_mixin.py:190} INFO - [2025-02-07T08:19:19.339+0000] {dagbag.py:588} INFO - Filling up the DagBag from /home/airflow/.local/lib/python3.12/site-packages/airflow/example_dags/example_nested_branch_dag.py
[2025-02-07T08:19:19.349+0000] {processor.py:925} INFO - DAG(s) 'example_nested_branch_dag' retrieved from /home/airflow/.local/lib/python3.12/site-packages/airflow/example_dags/example_nested_branch_dag.py
[2025-02-07T08:19:19.370+0000] {logging_mixin.py:190} INFO - [2025-02-07T08:19:19.370+0000] {dag.py:3239} INFO - Sync 1 DAGs
[2025-02-07T08:19:19.397+0000] {logging_mixin.py:190} INFO - [2025-02-07T08:19:19.397+0000] {dag.py:4180} INFO - Setting next_dagrun for example_nested_branch_dag to 2025-02-06 00:00:00+00:00, run_after=2025-02-07 00:00:00+00:00
[2025-02-07T08:19:19.419+0000] {processor.py:208} INFO - Processing /home/airflow/.local/lib/python3.12/site-packages/airflow/example_dags/example_nested_branch_dag.py took 0.088 seconds
[2025-02-07T08:19:49.463+0000] {processor.py:186} INFO - Started process (PID=3318) to work on /home/airflow/.local/lib/python3.12/site-packages/airflow/example_dags/example_nested_branch_dag.py
[2025-02-07T08:19:49.464+0000] {processor.py:914} INFO - Processing file /home/airflow/.local/lib/python3.12/site-packages/airflow/example_dags/example_nested_branch_dag.py for tasks to queue
[2025-02-07T08:19:49.465+0000] {logging_mixin.py:190} INFO - [2025-02-07T08:19:49.465+0000] {dagbag.py:588} INFO - Filling up the DagBag from /home/airflow/.local/lib/python3.12/site-packages/airflow/example_dags/example_nested_branch_dag.py
[2025-02-07T08:19:49.472+0000] {processor.py:925} INFO - DAG(s) 'example_nested_branch_dag' retrieved from /home/airflow/.local/lib/python3.12/site-packages/airflow/example_dags/example_nested_branch_dag.py
[2025-02-07T08:19:49.487+0000] {logging_mixin.py:190} INFO - [2025-02-07T08:19:49.487+0000] {dag.py:3239} INFO - Sync 1 DAGs
[2025-02-07T08:19:49.500+0000] {logging_mixin.py:190} INFO - [2025-02-07T08:19:49.500+0000] {dag.py:4180} INFO - Setting next_dagrun for example_nested_branch_dag to 2025-02-06 00:00:00+00:00, run_after=2025-02-07 00:00:00+00:00
[2025-02-07T08:19:49.514+0000] {processor.py:208} INFO - Processing /home/airflow/.local/lib/python3.12/site-packages/airflow/example_dags/example_nested_branch_dag.py took 0.057 seconds
[2025-02-07T08:20:20.286+0000] {processor.py:186} INFO - Started process (PID=3403) to work on /home/airflow/.local/lib/python3.12/site-packages/airflow/example_dags/example_nested_branch_dag.py
[2025-02-07T08:20:20.287+0000] {processor.py:914} INFO - Processing file /home/airflow/.local/lib/python3.12/site-packages/airflow/example_dags/example_nested_branch_dag.py for tasks to queue
[2025-02-07T08:20:20.288+0000] {logging_mixin.py:190} INFO - [2025-02-07T08:20:20.288+0000] {dagbag.py:588} INFO - Filling up the DagBag from /home/airflow/.local/lib/python3.12/site-packages/airflow/example_dags/example_nested_branch_dag.py
[2025-02-07T08:20:20.295+0000] {processor.py:925} INFO - DAG(s) 'example_nested_branch_dag' retrieved from /home/airflow/.local/lib/python3.12/site-packages/airflow/example_dags/example_nested_branch_dag.py
[2025-02-07T08:20:20.317+0000] {logging_mixin.py:190} INFO - [2025-02-07T08:20:20.316+0000] {dag.py:3239} INFO - Sync 1 DAGs
[2025-02-07T08:20:20.334+0000] {logging_mixin.py:190} INFO - [2025-02-07T08:20:20.334+0000] {dag.py:4180} INFO - Setting next_dagrun for example_nested_branch_dag to 2025-02-06 00:00:00+00:00, run_after=2025-02-07 00:00:00+00:00
[2025-02-07T08:20:20.343+0000] {processor.py:208} INFO - Processing /home/airflow/.local/lib/python3.12/site-packages/airflow/example_dags/example_nested_branch_dag.py took 0.062 seconds
