[2025-02-07T08:00:29.777+0000] {processor.py:186} INFO - Started process (PID=138) to work on /home/airflow/.local/lib/python3.12/site-packages/airflow/example_dags/example_latest_only_with_trigger.py
[2025-02-07T08:00:29.777+0000] {processor.py:914} INFO - Processing file /home/airflow/.local/lib/python3.12/site-packages/airflow/example_dags/example_latest_only_with_trigger.py for tasks to queue
[2025-02-07T08:00:29.779+0000] {logging_mixin.py:190} INFO - [2025-02-07T08:00:29.778+0000] {dagbag.py:588} INFO - Filling up the DagBag from /home/airflow/.local/lib/python3.12/site-packages/airflow/example_dags/example_latest_only_with_trigger.py
[2025-02-07T08:00:29.785+0000] {processor.py:925} INFO - DAG(s) 'latest_only_with_trigger' retrieved from /home/airflow/.local/lib/python3.12/site-packages/airflow/example_dags/example_latest_only_with_trigger.py
[2025-02-07T08:00:29.820+0000] {logging_mixin.py:190} INFO - [2025-02-07T08:00:29.820+0000] {dag.py:3239} INFO - Sync 1 DAGs
[2025-02-07T08:00:29.845+0000] {logging_mixin.py:190} INFO - [2025-02-07T08:00:29.844+0000] {dag.py:4180} INFO - Setting next_dagrun for latest_only_with_trigger to 2025-02-07 04:00:00+00:00, run_after=2025-02-07 08:00:00+00:00
[2025-02-07T08:00:29.878+0000] {processor.py:208} INFO - Processing /home/airflow/.local/lib/python3.12/site-packages/airflow/example_dags/example_latest_only_with_trigger.py took 0.106 seconds
[2025-02-07T08:01:00.730+0000] {processor.py:186} INFO - Started process (PID=226) to work on /home/airflow/.local/lib/python3.12/site-packages/airflow/example_dags/example_latest_only_with_trigger.py
[2025-02-07T08:01:00.730+0000] {processor.py:914} INFO - Processing file /home/airflow/.local/lib/python3.12/site-packages/airflow/example_dags/example_latest_only_with_trigger.py for tasks to queue
[2025-02-07T08:01:00.732+0000] {logging_mixin.py:190} INFO - [2025-02-07T08:01:00.731+0000] {dagbag.py:588} INFO - Filling up the DagBag from /home/airflow/.local/lib/python3.12/site-packages/airflow/example_dags/example_latest_only_with_trigger.py
[2025-02-07T08:01:00.736+0000] {processor.py:925} INFO - DAG(s) 'latest_only_with_trigger' retrieved from /home/airflow/.local/lib/python3.12/site-packages/airflow/example_dags/example_latest_only_with_trigger.py
[2025-02-07T08:01:00.749+0000] {logging_mixin.py:190} INFO - [2025-02-07T08:01:00.749+0000] {dag.py:3239} INFO - Sync 1 DAGs
[2025-02-07T08:01:00.762+0000] {logging_mixin.py:190} INFO - [2025-02-07T08:01:00.762+0000] {dag.py:4180} INFO - Setting next_dagrun for latest_only_with_trigger to 2025-02-07 04:00:00+00:00, run_after=2025-02-07 08:00:00+00:00
[2025-02-07T08:01:00.772+0000] {processor.py:208} INFO - Processing /home/airflow/.local/lib/python3.12/site-packages/airflow/example_dags/example_latest_only_with_trigger.py took 0.048 seconds
[2025-02-07T08:01:31.521+0000] {processor.py:186} INFO - Started process (PID=311) to work on /home/airflow/.local/lib/python3.12/site-packages/airflow/example_dags/example_latest_only_with_trigger.py
[2025-02-07T08:01:31.522+0000] {processor.py:914} INFO - Processing file /home/airflow/.local/lib/python3.12/site-packages/airflow/example_dags/example_latest_only_with_trigger.py for tasks to queue
[2025-02-07T08:01:31.523+0000] {logging_mixin.py:190} INFO - [2025-02-07T08:01:31.523+0000] {dagbag.py:588} INFO - Filling up the DagBag from /home/airflow/.local/lib/python3.12/site-packages/airflow/example_dags/example_latest_only_with_trigger.py
[2025-02-07T08:01:31.527+0000] {processor.py:925} INFO - DAG(s) 'latest_only_with_trigger' retrieved from /home/airflow/.local/lib/python3.12/site-packages/airflow/example_dags/example_latest_only_with_trigger.py
[2025-02-07T08:01:31.540+0000] {logging_mixin.py:190} INFO - [2025-02-07T08:01:31.540+0000] {dag.py:3239} INFO - Sync 1 DAGs
[2025-02-07T08:01:31.554+0000] {logging_mixin.py:190} INFO - [2025-02-07T08:01:31.553+0000] {dag.py:4180} INFO - Setting next_dagrun for latest_only_with_trigger to 2025-02-07 04:00:00+00:00, run_after=2025-02-07 08:00:00+00:00
[2025-02-07T08:01:31.565+0000] {processor.py:208} INFO - Processing /home/airflow/.local/lib/python3.12/site-packages/airflow/example_dags/example_latest_only_with_trigger.py took 0.047 seconds
[2025-02-07T08:02:02.522+0000] {processor.py:186} INFO - Started process (PID=396) to work on /home/airflow/.local/lib/python3.12/site-packages/airflow/example_dags/example_latest_only_with_trigger.py
[2025-02-07T08:02:02.522+0000] {processor.py:914} INFO - Processing file /home/airflow/.local/lib/python3.12/site-packages/airflow/example_dags/example_latest_only_with_trigger.py for tasks to queue
[2025-02-07T08:02:02.523+0000] {logging_mixin.py:190} INFO - [2025-02-07T08:02:02.523+0000] {dagbag.py:588} INFO - Filling up the DagBag from /home/airflow/.local/lib/python3.12/site-packages/airflow/example_dags/example_latest_only_with_trigger.py
[2025-02-07T08:02:02.528+0000] {processor.py:925} INFO - DAG(s) 'latest_only_with_trigger' retrieved from /home/airflow/.local/lib/python3.12/site-packages/airflow/example_dags/example_latest_only_with_trigger.py
[2025-02-07T08:02:02.539+0000] {logging_mixin.py:190} INFO - [2025-02-07T08:02:02.539+0000] {dag.py:3239} INFO - Sync 1 DAGs
[2025-02-07T08:02:02.551+0000] {logging_mixin.py:190} INFO - [2025-02-07T08:02:02.551+0000] {dag.py:4180} INFO - Setting next_dagrun for latest_only_with_trigger to 2025-02-07 04:00:00+00:00, run_after=2025-02-07 08:00:00+00:00
[2025-02-07T08:02:02.565+0000] {processor.py:208} INFO - Processing /home/airflow/.local/lib/python3.12/site-packages/airflow/example_dags/example_latest_only_with_trigger.py took 0.047 seconds
[2025-02-07T08:02:33.524+0000] {processor.py:186} INFO - Started process (PID=481) to work on /home/airflow/.local/lib/python3.12/site-packages/airflow/example_dags/example_latest_only_with_trigger.py
[2025-02-07T08:02:33.525+0000] {processor.py:914} INFO - Processing file /home/airflow/.local/lib/python3.12/site-packages/airflow/example_dags/example_latest_only_with_trigger.py for tasks to queue
[2025-02-07T08:02:33.526+0000] {logging_mixin.py:190} INFO - [2025-02-07T08:02:33.526+0000] {dagbag.py:588} INFO - Filling up the DagBag from /home/airflow/.local/lib/python3.12/site-packages/airflow/example_dags/example_latest_only_with_trigger.py
[2025-02-07T08:02:33.531+0000] {processor.py:925} INFO - DAG(s) 'latest_only_with_trigger' retrieved from /home/airflow/.local/lib/python3.12/site-packages/airflow/example_dags/example_latest_only_with_trigger.py
[2025-02-07T08:02:33.548+0000] {logging_mixin.py:190} INFO - [2025-02-07T08:02:33.548+0000] {dag.py:3239} INFO - Sync 1 DAGs
[2025-02-07T08:02:33.562+0000] {logging_mixin.py:190} INFO - [2025-02-07T08:02:33.562+0000] {dag.py:4180} INFO - Setting next_dagrun for latest_only_with_trigger to 2025-02-07 04:00:00+00:00, run_after=2025-02-07 08:00:00+00:00
[2025-02-07T08:02:33.572+0000] {processor.py:208} INFO - Processing /home/airflow/.local/lib/python3.12/site-packages/airflow/example_dags/example_latest_only_with_trigger.py took 0.053 seconds
[2025-02-07T08:03:04.377+0000] {processor.py:186} INFO - Started process (PID=566) to work on /home/airflow/.local/lib/python3.12/site-packages/airflow/example_dags/example_latest_only_with_trigger.py
[2025-02-07T08:03:04.378+0000] {processor.py:914} INFO - Processing file /home/airflow/.local/lib/python3.12/site-packages/airflow/example_dags/example_latest_only_with_trigger.py for tasks to queue
[2025-02-07T08:03:04.379+0000] {logging_mixin.py:190} INFO - [2025-02-07T08:03:04.379+0000] {dagbag.py:588} INFO - Filling up the DagBag from /home/airflow/.local/lib/python3.12/site-packages/airflow/example_dags/example_latest_only_with_trigger.py
[2025-02-07T08:03:04.384+0000] {processor.py:925} INFO - DAG(s) 'latest_only_with_trigger' retrieved from /home/airflow/.local/lib/python3.12/site-packages/airflow/example_dags/example_latest_only_with_trigger.py
[2025-02-07T08:03:04.397+0000] {logging_mixin.py:190} INFO - [2025-02-07T08:03:04.397+0000] {dag.py:3239} INFO - Sync 1 DAGs
[2025-02-07T08:03:04.410+0000] {logging_mixin.py:190} INFO - [2025-02-07T08:03:04.410+0000] {dag.py:4180} INFO - Setting next_dagrun for latest_only_with_trigger to 2025-02-07 04:00:00+00:00, run_after=2025-02-07 08:00:00+00:00
[2025-02-07T08:03:04.420+0000] {processor.py:208} INFO - Processing /home/airflow/.local/lib/python3.12/site-packages/airflow/example_dags/example_latest_only_with_trigger.py took 0.047 seconds
[2025-02-07T08:03:35.254+0000] {processor.py:186} INFO - Started process (PID=651) to work on /home/airflow/.local/lib/python3.12/site-packages/airflow/example_dags/example_latest_only_with_trigger.py
[2025-02-07T08:03:35.255+0000] {processor.py:914} INFO - Processing file /home/airflow/.local/lib/python3.12/site-packages/airflow/example_dags/example_latest_only_with_trigger.py for tasks to queue
[2025-02-07T08:03:35.257+0000] {logging_mixin.py:190} INFO - [2025-02-07T08:03:35.256+0000] {dagbag.py:588} INFO - Filling up the DagBag from /home/airflow/.local/lib/python3.12/site-packages/airflow/example_dags/example_latest_only_with_trigger.py
[2025-02-07T08:03:35.262+0000] {processor.py:925} INFO - DAG(s) 'latest_only_with_trigger' retrieved from /home/airflow/.local/lib/python3.12/site-packages/airflow/example_dags/example_latest_only_with_trigger.py
[2025-02-07T08:03:35.282+0000] {logging_mixin.py:190} INFO - [2025-02-07T08:03:35.281+0000] {dag.py:3239} INFO - Sync 1 DAGs
[2025-02-07T08:03:35.298+0000] {logging_mixin.py:190} INFO - [2025-02-07T08:03:35.298+0000] {dag.py:4180} INFO - Setting next_dagrun for latest_only_with_trigger to 2025-02-07 04:00:00+00:00, run_after=2025-02-07 08:00:00+00:00
[2025-02-07T08:03:35.308+0000] {processor.py:208} INFO - Processing /home/airflow/.local/lib/python3.12/site-packages/airflow/example_dags/example_latest_only_with_trigger.py took 0.060 seconds
[2025-02-07T08:04:06.232+0000] {processor.py:186} INFO - Started process (PID=736) to work on /home/airflow/.local/lib/python3.12/site-packages/airflow/example_dags/example_latest_only_with_trigger.py
[2025-02-07T08:04:06.232+0000] {processor.py:914} INFO - Processing file /home/airflow/.local/lib/python3.12/site-packages/airflow/example_dags/example_latest_only_with_trigger.py for tasks to queue
[2025-02-07T08:04:06.234+0000] {logging_mixin.py:190} INFO - [2025-02-07T08:04:06.234+0000] {dagbag.py:588} INFO - Filling up the DagBag from /home/airflow/.local/lib/python3.12/site-packages/airflow/example_dags/example_latest_only_with_trigger.py
[2025-02-07T08:04:06.239+0000] {processor.py:925} INFO - DAG(s) 'latest_only_with_trigger' retrieved from /home/airflow/.local/lib/python3.12/site-packages/airflow/example_dags/example_latest_only_with_trigger.py
[2025-02-07T08:04:06.252+0000] {logging_mixin.py:190} INFO - [2025-02-07T08:04:06.252+0000] {dag.py:3239} INFO - Sync 1 DAGs
[2025-02-07T08:04:06.266+0000] {logging_mixin.py:190} INFO - [2025-02-07T08:04:06.266+0000] {dag.py:4180} INFO - Setting next_dagrun for latest_only_with_trigger to 2025-02-07 04:00:00+00:00, run_after=2025-02-07 08:00:00+00:00
[2025-02-07T08:04:06.277+0000] {processor.py:208} INFO - Processing /home/airflow/.local/lib/python3.12/site-packages/airflow/example_dags/example_latest_only_with_trigger.py took 0.049 seconds
[2025-02-07T08:04:36.323+0000] {processor.py:186} INFO - Started process (PID=821) to work on /home/airflow/.local/lib/python3.12/site-packages/airflow/example_dags/example_latest_only_with_trigger.py
[2025-02-07T08:04:36.324+0000] {processor.py:914} INFO - Processing file /home/airflow/.local/lib/python3.12/site-packages/airflow/example_dags/example_latest_only_with_trigger.py for tasks to queue
[2025-02-07T08:04:36.326+0000] {logging_mixin.py:190} INFO - [2025-02-07T08:04:36.325+0000] {dagbag.py:588} INFO - Filling up the DagBag from /home/airflow/.local/lib/python3.12/site-packages/airflow/example_dags/example_latest_only_with_trigger.py
[2025-02-07T08:04:36.331+0000] {processor.py:925} INFO - DAG(s) 'latest_only_with_trigger' retrieved from /home/airflow/.local/lib/python3.12/site-packages/airflow/example_dags/example_latest_only_with_trigger.py
[2025-02-07T08:04:36.347+0000] {logging_mixin.py:190} INFO - [2025-02-07T08:04:36.347+0000] {dag.py:3239} INFO - Sync 1 DAGs
[2025-02-07T08:04:36.366+0000] {logging_mixin.py:190} INFO - [2025-02-07T08:04:36.366+0000] {dag.py:4180} INFO - Setting next_dagrun for latest_only_with_trigger to 2025-02-07 04:00:00+00:00, run_after=2025-02-07 08:00:00+00:00
[2025-02-07T08:04:36.382+0000] {processor.py:208} INFO - Processing /home/airflow/.local/lib/python3.12/site-packages/airflow/example_dags/example_latest_only_with_trigger.py took 0.065 seconds
[2025-02-07T08:05:07.218+0000] {processor.py:186} INFO - Started process (PID=906) to work on /home/airflow/.local/lib/python3.12/site-packages/airflow/example_dags/example_latest_only_with_trigger.py
[2025-02-07T08:05:07.219+0000] {processor.py:914} INFO - Processing file /home/airflow/.local/lib/python3.12/site-packages/airflow/example_dags/example_latest_only_with_trigger.py for tasks to queue
[2025-02-07T08:05:07.220+0000] {logging_mixin.py:190} INFO - [2025-02-07T08:05:07.220+0000] {dagbag.py:588} INFO - Filling up the DagBag from /home/airflow/.local/lib/python3.12/site-packages/airflow/example_dags/example_latest_only_with_trigger.py
[2025-02-07T08:05:07.225+0000] {processor.py:925} INFO - DAG(s) 'latest_only_with_trigger' retrieved from /home/airflow/.local/lib/python3.12/site-packages/airflow/example_dags/example_latest_only_with_trigger.py
[2025-02-07T08:05:07.242+0000] {logging_mixin.py:190} INFO - [2025-02-07T08:05:07.241+0000] {dag.py:3239} INFO - Sync 1 DAGs
[2025-02-07T08:05:07.264+0000] {logging_mixin.py:190} INFO - [2025-02-07T08:05:07.264+0000] {dag.py:4180} INFO - Setting next_dagrun for latest_only_with_trigger to 2025-02-07 04:00:00+00:00, run_after=2025-02-07 08:00:00+00:00
[2025-02-07T08:05:07.281+0000] {processor.py:208} INFO - Processing /home/airflow/.local/lib/python3.12/site-packages/airflow/example_dags/example_latest_only_with_trigger.py took 0.066 seconds
[2025-02-07T08:05:38.580+0000] {processor.py:186} INFO - Started process (PID=991) to work on /home/airflow/.local/lib/python3.12/site-packages/airflow/example_dags/example_latest_only_with_trigger.py
[2025-02-07T08:05:38.580+0000] {processor.py:914} INFO - Processing file /home/airflow/.local/lib/python3.12/site-packages/airflow/example_dags/example_latest_only_with_trigger.py for tasks to queue
[2025-02-07T08:05:38.582+0000] {logging_mixin.py:190} INFO - [2025-02-07T08:05:38.582+0000] {dagbag.py:588} INFO - Filling up the DagBag from /home/airflow/.local/lib/python3.12/site-packages/airflow/example_dags/example_latest_only_with_trigger.py
[2025-02-07T08:05:38.587+0000] {processor.py:925} INFO - DAG(s) 'latest_only_with_trigger' retrieved from /home/airflow/.local/lib/python3.12/site-packages/airflow/example_dags/example_latest_only_with_trigger.py
[2025-02-07T08:05:38.600+0000] {logging_mixin.py:190} INFO - [2025-02-07T08:05:38.600+0000] {dag.py:3239} INFO - Sync 1 DAGs
[2025-02-07T08:05:38.613+0000] {logging_mixin.py:190} INFO - [2025-02-07T08:05:38.613+0000] {dag.py:4180} INFO - Setting next_dagrun for latest_only_with_trigger to 2025-02-07 04:00:00+00:00, run_after=2025-02-07 08:00:00+00:00
[2025-02-07T08:05:38.622+0000] {processor.py:208} INFO - Processing /home/airflow/.local/lib/python3.12/site-packages/airflow/example_dags/example_latest_only_with_trigger.py took 0.049 seconds
[2025-02-07T08:06:09.431+0000] {processor.py:186} INFO - Started process (PID=1076) to work on /home/airflow/.local/lib/python3.12/site-packages/airflow/example_dags/example_latest_only_with_trigger.py
[2025-02-07T08:06:09.431+0000] {processor.py:914} INFO - Processing file /home/airflow/.local/lib/python3.12/site-packages/airflow/example_dags/example_latest_only_with_trigger.py for tasks to queue
[2025-02-07T08:06:09.432+0000] {logging_mixin.py:190} INFO - [2025-02-07T08:06:09.432+0000] {dagbag.py:588} INFO - Filling up the DagBag from /home/airflow/.local/lib/python3.12/site-packages/airflow/example_dags/example_latest_only_with_trigger.py
[2025-02-07T08:06:09.437+0000] {processor.py:925} INFO - DAG(s) 'latest_only_with_trigger' retrieved from /home/airflow/.local/lib/python3.12/site-packages/airflow/example_dags/example_latest_only_with_trigger.py
[2025-02-07T08:06:09.449+0000] {logging_mixin.py:190} INFO - [2025-02-07T08:06:09.448+0000] {dag.py:3239} INFO - Sync 1 DAGs
[2025-02-07T08:06:09.461+0000] {logging_mixin.py:190} INFO - [2025-02-07T08:06:09.461+0000] {dag.py:4180} INFO - Setting next_dagrun for latest_only_with_trigger to 2025-02-07 04:00:00+00:00, run_after=2025-02-07 08:00:00+00:00
[2025-02-07T08:06:09.470+0000] {processor.py:208} INFO - Processing /home/airflow/.local/lib/python3.12/site-packages/airflow/example_dags/example_latest_only_with_trigger.py took 0.043 seconds
[2025-02-07T08:06:40.488+0000] {processor.py:186} INFO - Started process (PID=1161) to work on /home/airflow/.local/lib/python3.12/site-packages/airflow/example_dags/example_latest_only_with_trigger.py
[2025-02-07T08:06:40.488+0000] {processor.py:914} INFO - Processing file /home/airflow/.local/lib/python3.12/site-packages/airflow/example_dags/example_latest_only_with_trigger.py for tasks to queue
[2025-02-07T08:06:40.489+0000] {logging_mixin.py:190} INFO - [2025-02-07T08:06:40.489+0000] {dagbag.py:588} INFO - Filling up the DagBag from /home/airflow/.local/lib/python3.12/site-packages/airflow/example_dags/example_latest_only_with_trigger.py
[2025-02-07T08:06:40.493+0000] {processor.py:925} INFO - DAG(s) 'latest_only_with_trigger' retrieved from /home/airflow/.local/lib/python3.12/site-packages/airflow/example_dags/example_latest_only_with_trigger.py
[2025-02-07T08:06:40.507+0000] {logging_mixin.py:190} INFO - [2025-02-07T08:06:40.507+0000] {dag.py:3239} INFO - Sync 1 DAGs
[2025-02-07T08:06:40.520+0000] {logging_mixin.py:190} INFO - [2025-02-07T08:06:40.519+0000] {dag.py:4180} INFO - Setting next_dagrun for latest_only_with_trigger to 2025-02-07 04:00:00+00:00, run_after=2025-02-07 08:00:00+00:00
[2025-02-07T08:06:40.529+0000] {processor.py:208} INFO - Processing /home/airflow/.local/lib/python3.12/site-packages/airflow/example_dags/example_latest_only_with_trigger.py took 0.045 seconds
[2025-02-07T08:07:11.472+0000] {processor.py:186} INFO - Started process (PID=1246) to work on /home/airflow/.local/lib/python3.12/site-packages/airflow/example_dags/example_latest_only_with_trigger.py
[2025-02-07T08:07:11.472+0000] {processor.py:914} INFO - Processing file /home/airflow/.local/lib/python3.12/site-packages/airflow/example_dags/example_latest_only_with_trigger.py for tasks to queue
[2025-02-07T08:07:11.474+0000] {logging_mixin.py:190} INFO - [2025-02-07T08:07:11.473+0000] {dagbag.py:588} INFO - Filling up the DagBag from /home/airflow/.local/lib/python3.12/site-packages/airflow/example_dags/example_latest_only_with_trigger.py
[2025-02-07T08:07:11.479+0000] {processor.py:925} INFO - DAG(s) 'latest_only_with_trigger' retrieved from /home/airflow/.local/lib/python3.12/site-packages/airflow/example_dags/example_latest_only_with_trigger.py
[2025-02-07T08:07:11.499+0000] {logging_mixin.py:190} INFO - [2025-02-07T08:07:11.499+0000] {dag.py:3239} INFO - Sync 1 DAGs
[2025-02-07T08:07:11.515+0000] {logging_mixin.py:190} INFO - [2025-02-07T08:07:11.515+0000] {dag.py:4180} INFO - Setting next_dagrun for latest_only_with_trigger to 2025-02-07 04:00:00+00:00, run_after=2025-02-07 08:00:00+00:00
[2025-02-07T08:07:11.525+0000] {processor.py:208} INFO - Processing /home/airflow/.local/lib/python3.12/site-packages/airflow/example_dags/example_latest_only_with_trigger.py took 0.057 seconds
[2025-02-07T08:07:41.986+0000] {processor.py:186} INFO - Started process (PID=1331) to work on /home/airflow/.local/lib/python3.12/site-packages/airflow/example_dags/example_latest_only_with_trigger.py
[2025-02-07T08:07:41.987+0000] {processor.py:914} INFO - Processing file /home/airflow/.local/lib/python3.12/site-packages/airflow/example_dags/example_latest_only_with_trigger.py for tasks to queue
[2025-02-07T08:07:41.988+0000] {logging_mixin.py:190} INFO - [2025-02-07T08:07:41.988+0000] {dagbag.py:588} INFO - Filling up the DagBag from /home/airflow/.local/lib/python3.12/site-packages/airflow/example_dags/example_latest_only_with_trigger.py
[2025-02-07T08:07:41.992+0000] {processor.py:925} INFO - DAG(s) 'latest_only_with_trigger' retrieved from /home/airflow/.local/lib/python3.12/site-packages/airflow/example_dags/example_latest_only_with_trigger.py
[2025-02-07T08:07:42.011+0000] {logging_mixin.py:190} INFO - [2025-02-07T08:07:42.011+0000] {dag.py:3239} INFO - Sync 1 DAGs
[2025-02-07T08:07:42.027+0000] {logging_mixin.py:190} INFO - [2025-02-07T08:07:42.027+0000] {dag.py:4180} INFO - Setting next_dagrun for latest_only_with_trigger to 2025-02-07 04:00:00+00:00, run_after=2025-02-07 08:00:00+00:00
[2025-02-07T08:07:42.041+0000] {processor.py:208} INFO - Processing /home/airflow/.local/lib/python3.12/site-packages/airflow/example_dags/example_latest_only_with_trigger.py took 0.059 seconds
[2025-02-07T08:08:12.519+0000] {processor.py:186} INFO - Started process (PID=1416) to work on /home/airflow/.local/lib/python3.12/site-packages/airflow/example_dags/example_latest_only_with_trigger.py
[2025-02-07T08:08:12.520+0000] {processor.py:914} INFO - Processing file /home/airflow/.local/lib/python3.12/site-packages/airflow/example_dags/example_latest_only_with_trigger.py for tasks to queue
[2025-02-07T08:08:12.521+0000] {logging_mixin.py:190} INFO - [2025-02-07T08:08:12.521+0000] {dagbag.py:588} INFO - Filling up the DagBag from /home/airflow/.local/lib/python3.12/site-packages/airflow/example_dags/example_latest_only_with_trigger.py
[2025-02-07T08:08:12.525+0000] {processor.py:925} INFO - DAG(s) 'latest_only_with_trigger' retrieved from /home/airflow/.local/lib/python3.12/site-packages/airflow/example_dags/example_latest_only_with_trigger.py
[2025-02-07T08:08:12.548+0000] {logging_mixin.py:190} INFO - [2025-02-07T08:08:12.548+0000] {dag.py:3239} INFO - Sync 1 DAGs
[2025-02-07T08:08:12.572+0000] {logging_mixin.py:190} INFO - [2025-02-07T08:08:12.572+0000] {dag.py:4180} INFO - Setting next_dagrun for latest_only_with_trigger to 2025-02-07 04:00:00+00:00, run_after=2025-02-07 08:00:00+00:00
[2025-02-07T08:08:12.592+0000] {processor.py:208} INFO - Processing /home/airflow/.local/lib/python3.12/site-packages/airflow/example_dags/example_latest_only_with_trigger.py took 0.077 seconds
[2025-02-07T08:08:43.818+0000] {processor.py:186} INFO - Started process (PID=1501) to work on /home/airflow/.local/lib/python3.12/site-packages/airflow/example_dags/example_latest_only_with_trigger.py
[2025-02-07T08:08:43.818+0000] {processor.py:914} INFO - Processing file /home/airflow/.local/lib/python3.12/site-packages/airflow/example_dags/example_latest_only_with_trigger.py for tasks to queue
[2025-02-07T08:08:43.819+0000] {logging_mixin.py:190} INFO - [2025-02-07T08:08:43.819+0000] {dagbag.py:588} INFO - Filling up the DagBag from /home/airflow/.local/lib/python3.12/site-packages/airflow/example_dags/example_latest_only_with_trigger.py
[2025-02-07T08:08:43.824+0000] {processor.py:925} INFO - DAG(s) 'latest_only_with_trigger' retrieved from /home/airflow/.local/lib/python3.12/site-packages/airflow/example_dags/example_latest_only_with_trigger.py
[2025-02-07T08:08:43.840+0000] {logging_mixin.py:190} INFO - [2025-02-07T08:08:43.840+0000] {dag.py:3239} INFO - Sync 1 DAGs
[2025-02-07T08:08:43.858+0000] {logging_mixin.py:190} INFO - [2025-02-07T08:08:43.858+0000] {dag.py:4180} INFO - Setting next_dagrun for latest_only_with_trigger to 2025-02-07 04:00:00+00:00, run_after=2025-02-07 08:00:00+00:00
[2025-02-07T08:08:43.873+0000] {processor.py:208} INFO - Processing /home/airflow/.local/lib/python3.12/site-packages/airflow/example_dags/example_latest_only_with_trigger.py took 0.058 seconds
[2025-02-07T08:09:14.636+0000] {processor.py:186} INFO - Started process (PID=1586) to work on /home/airflow/.local/lib/python3.12/site-packages/airflow/example_dags/example_latest_only_with_trigger.py
[2025-02-07T08:09:14.636+0000] {processor.py:914} INFO - Processing file /home/airflow/.local/lib/python3.12/site-packages/airflow/example_dags/example_latest_only_with_trigger.py for tasks to queue
[2025-02-07T08:09:14.638+0000] {logging_mixin.py:190} INFO - [2025-02-07T08:09:14.637+0000] {dagbag.py:588} INFO - Filling up the DagBag from /home/airflow/.local/lib/python3.12/site-packages/airflow/example_dags/example_latest_only_with_trigger.py
[2025-02-07T08:09:14.642+0000] {processor.py:925} INFO - DAG(s) 'latest_only_with_trigger' retrieved from /home/airflow/.local/lib/python3.12/site-packages/airflow/example_dags/example_latest_only_with_trigger.py
[2025-02-07T08:09:14.654+0000] {logging_mixin.py:190} INFO - [2025-02-07T08:09:14.654+0000] {dag.py:3239} INFO - Sync 1 DAGs
[2025-02-07T08:09:14.665+0000] {logging_mixin.py:190} INFO - [2025-02-07T08:09:14.665+0000] {dag.py:4180} INFO - Setting next_dagrun for latest_only_with_trigger to 2025-02-07 04:00:00+00:00, run_after=2025-02-07 08:00:00+00:00
[2025-02-07T08:09:14.675+0000] {processor.py:208} INFO - Processing /home/airflow/.local/lib/python3.12/site-packages/airflow/example_dags/example_latest_only_with_trigger.py took 0.043 seconds
[2025-02-07T08:09:45.544+0000] {processor.py:186} INFO - Started process (PID=1671) to work on /home/airflow/.local/lib/python3.12/site-packages/airflow/example_dags/example_latest_only_with_trigger.py
[2025-02-07T08:09:45.548+0000] {processor.py:914} INFO - Processing file /home/airflow/.local/lib/python3.12/site-packages/airflow/example_dags/example_latest_only_with_trigger.py for tasks to queue
[2025-02-07T08:09:45.549+0000] {logging_mixin.py:190} INFO - [2025-02-07T08:09:45.549+0000] {dagbag.py:588} INFO - Filling up the DagBag from /home/airflow/.local/lib/python3.12/site-packages/airflow/example_dags/example_latest_only_with_trigger.py
[2025-02-07T08:09:45.558+0000] {processor.py:925} INFO - DAG(s) 'latest_only_with_trigger' retrieved from /home/airflow/.local/lib/python3.12/site-packages/airflow/example_dags/example_latest_only_with_trigger.py
[2025-02-07T08:09:45.583+0000] {logging_mixin.py:190} INFO - [2025-02-07T08:09:45.582+0000] {dag.py:3239} INFO - Sync 1 DAGs
[2025-02-07T08:09:45.595+0000] {logging_mixin.py:190} INFO - [2025-02-07T08:09:45.595+0000] {dag.py:4180} INFO - Setting next_dagrun for latest_only_with_trigger to 2025-02-07 04:00:00+00:00, run_after=2025-02-07 08:00:00+00:00
[2025-02-07T08:09:45.605+0000] {processor.py:208} INFO - Processing /home/airflow/.local/lib/python3.12/site-packages/airflow/example_dags/example_latest_only_with_trigger.py took 0.070 seconds
[2025-02-07T08:10:16.156+0000] {processor.py:186} INFO - Started process (PID=1734) to work on /home/airflow/.local/lib/python3.12/site-packages/airflow/example_dags/example_latest_only_with_trigger.py
[2025-02-07T08:10:16.156+0000] {processor.py:914} INFO - Processing file /home/airflow/.local/lib/python3.12/site-packages/airflow/example_dags/example_latest_only_with_trigger.py for tasks to queue
[2025-02-07T08:10:16.157+0000] {logging_mixin.py:190} INFO - [2025-02-07T08:10:16.157+0000] {dagbag.py:588} INFO - Filling up the DagBag from /home/airflow/.local/lib/python3.12/site-packages/airflow/example_dags/example_latest_only_with_trigger.py
[2025-02-07T08:10:16.162+0000] {processor.py:925} INFO - DAG(s) 'latest_only_with_trigger' retrieved from /home/airflow/.local/lib/python3.12/site-packages/airflow/example_dags/example_latest_only_with_trigger.py
[2025-02-07T08:10:16.184+0000] {logging_mixin.py:190} INFO - [2025-02-07T08:10:16.184+0000] {dag.py:3239} INFO - Sync 1 DAGs
[2025-02-07T08:10:16.216+0000] {logging_mixin.py:190} INFO - [2025-02-07T08:10:16.216+0000] {dag.py:4180} INFO - Setting next_dagrun for latest_only_with_trigger to 2025-02-07 04:00:00+00:00, run_after=2025-02-07 08:00:00+00:00
[2025-02-07T08:10:16.237+0000] {processor.py:208} INFO - Processing /home/airflow/.local/lib/python3.12/site-packages/airflow/example_dags/example_latest_only_with_trigger.py took 0.085 seconds
[2025-02-07T08:10:46.901+0000] {processor.py:186} INFO - Started process (PID=1819) to work on /home/airflow/.local/lib/python3.12/site-packages/airflow/example_dags/example_latest_only_with_trigger.py
[2025-02-07T08:10:46.901+0000] {processor.py:914} INFO - Processing file /home/airflow/.local/lib/python3.12/site-packages/airflow/example_dags/example_latest_only_with_trigger.py for tasks to queue
[2025-02-07T08:10:46.902+0000] {logging_mixin.py:190} INFO - [2025-02-07T08:10:46.902+0000] {dagbag.py:588} INFO - Filling up the DagBag from /home/airflow/.local/lib/python3.12/site-packages/airflow/example_dags/example_latest_only_with_trigger.py
[2025-02-07T08:10:46.906+0000] {processor.py:925} INFO - DAG(s) 'latest_only_with_trigger' retrieved from /home/airflow/.local/lib/python3.12/site-packages/airflow/example_dags/example_latest_only_with_trigger.py
[2025-02-07T08:10:46.921+0000] {logging_mixin.py:190} INFO - [2025-02-07T08:10:46.921+0000] {dag.py:3239} INFO - Sync 1 DAGs
[2025-02-07T08:10:46.934+0000] {logging_mixin.py:190} INFO - [2025-02-07T08:10:46.934+0000] {dag.py:4180} INFO - Setting next_dagrun for latest_only_with_trigger to 2025-02-07 04:00:00+00:00, run_after=2025-02-07 08:00:00+00:00
[2025-02-07T08:10:46.945+0000] {processor.py:208} INFO - Processing /home/airflow/.local/lib/python3.12/site-packages/airflow/example_dags/example_latest_only_with_trigger.py took 0.048 seconds
[2025-02-07T08:11:17.045+0000] {processor.py:186} INFO - Started process (PID=1904) to work on /home/airflow/.local/lib/python3.12/site-packages/airflow/example_dags/example_latest_only_with_trigger.py
[2025-02-07T08:11:17.046+0000] {processor.py:914} INFO - Processing file /home/airflow/.local/lib/python3.12/site-packages/airflow/example_dags/example_latest_only_with_trigger.py for tasks to queue
[2025-02-07T08:11:17.047+0000] {logging_mixin.py:190} INFO - [2025-02-07T08:11:17.047+0000] {dagbag.py:588} INFO - Filling up the DagBag from /home/airflow/.local/lib/python3.12/site-packages/airflow/example_dags/example_latest_only_with_trigger.py
[2025-02-07T08:11:17.052+0000] {processor.py:925} INFO - DAG(s) 'latest_only_with_trigger' retrieved from /home/airflow/.local/lib/python3.12/site-packages/airflow/example_dags/example_latest_only_with_trigger.py
[2025-02-07T08:11:17.065+0000] {logging_mixin.py:190} INFO - [2025-02-07T08:11:17.065+0000] {dag.py:3239} INFO - Sync 1 DAGs
[2025-02-07T08:11:17.080+0000] {logging_mixin.py:190} INFO - [2025-02-07T08:11:17.079+0000] {dag.py:4180} INFO - Setting next_dagrun for latest_only_with_trigger to 2025-02-07 04:00:00+00:00, run_after=2025-02-07 08:00:00+00:00
[2025-02-07T08:11:17.091+0000] {processor.py:208} INFO - Processing /home/airflow/.local/lib/python3.12/site-packages/airflow/example_dags/example_latest_only_with_trigger.py took 0.052 seconds
[2025-02-07T08:11:48.296+0000] {processor.py:186} INFO - Started process (PID=1989) to work on /home/airflow/.local/lib/python3.12/site-packages/airflow/example_dags/example_latest_only_with_trigger.py
[2025-02-07T08:11:48.298+0000] {processor.py:914} INFO - Processing file /home/airflow/.local/lib/python3.12/site-packages/airflow/example_dags/example_latest_only_with_trigger.py for tasks to queue
[2025-02-07T08:11:48.299+0000] {logging_mixin.py:190} INFO - [2025-02-07T08:11:48.299+0000] {dagbag.py:588} INFO - Filling up the DagBag from /home/airflow/.local/lib/python3.12/site-packages/airflow/example_dags/example_latest_only_with_trigger.py
[2025-02-07T08:11:48.305+0000] {processor.py:925} INFO - DAG(s) 'latest_only_with_trigger' retrieved from /home/airflow/.local/lib/python3.12/site-packages/airflow/example_dags/example_latest_only_with_trigger.py
[2025-02-07T08:11:48.319+0000] {logging_mixin.py:190} INFO - [2025-02-07T08:11:48.319+0000] {dag.py:3239} INFO - Sync 1 DAGs
[2025-02-07T08:11:48.332+0000] {logging_mixin.py:190} INFO - [2025-02-07T08:11:48.332+0000] {dag.py:4180} INFO - Setting next_dagrun for latest_only_with_trigger to 2025-02-07 04:00:00+00:00, run_after=2025-02-07 08:00:00+00:00
[2025-02-07T08:11:48.344+0000] {processor.py:208} INFO - Processing /home/airflow/.local/lib/python3.12/site-packages/airflow/example_dags/example_latest_only_with_trigger.py took 0.053 seconds
[2025-02-07T08:12:19.433+0000] {processor.py:186} INFO - Started process (PID=2074) to work on /home/airflow/.local/lib/python3.12/site-packages/airflow/example_dags/example_latest_only_with_trigger.py
[2025-02-07T08:12:19.433+0000] {processor.py:914} INFO - Processing file /home/airflow/.local/lib/python3.12/site-packages/airflow/example_dags/example_latest_only_with_trigger.py for tasks to queue
[2025-02-07T08:12:19.435+0000] {logging_mixin.py:190} INFO - [2025-02-07T08:12:19.434+0000] {dagbag.py:588} INFO - Filling up the DagBag from /home/airflow/.local/lib/python3.12/site-packages/airflow/example_dags/example_latest_only_with_trigger.py
[2025-02-07T08:12:19.439+0000] {processor.py:925} INFO - DAG(s) 'latest_only_with_trigger' retrieved from /home/airflow/.local/lib/python3.12/site-packages/airflow/example_dags/example_latest_only_with_trigger.py
[2025-02-07T08:12:19.452+0000] {logging_mixin.py:190} INFO - [2025-02-07T08:12:19.451+0000] {dag.py:3239} INFO - Sync 1 DAGs
[2025-02-07T08:12:19.465+0000] {logging_mixin.py:190} INFO - [2025-02-07T08:12:19.464+0000] {dag.py:4180} INFO - Setting next_dagrun for latest_only_with_trigger to 2025-02-07 04:00:00+00:00, run_after=2025-02-07 08:00:00+00:00
[2025-02-07T08:12:19.475+0000] {processor.py:208} INFO - Processing /home/airflow/.local/lib/python3.12/site-packages/airflow/example_dags/example_latest_only_with_trigger.py took 0.046 seconds
[2025-02-07T08:12:49.641+0000] {processor.py:186} INFO - Started process (PID=2159) to work on /home/airflow/.local/lib/python3.12/site-packages/airflow/example_dags/example_latest_only_with_trigger.py
[2025-02-07T08:12:49.641+0000] {processor.py:914} INFO - Processing file /home/airflow/.local/lib/python3.12/site-packages/airflow/example_dags/example_latest_only_with_trigger.py for tasks to queue
[2025-02-07T08:12:49.643+0000] {logging_mixin.py:190} INFO - [2025-02-07T08:12:49.642+0000] {dagbag.py:588} INFO - Filling up the DagBag from /home/airflow/.local/lib/python3.12/site-packages/airflow/example_dags/example_latest_only_with_trigger.py
[2025-02-07T08:12:49.646+0000] {processor.py:925} INFO - DAG(s) 'latest_only_with_trigger' retrieved from /home/airflow/.local/lib/python3.12/site-packages/airflow/example_dags/example_latest_only_with_trigger.py
[2025-02-07T08:12:49.663+0000] {logging_mixin.py:190} INFO - [2025-02-07T08:12:49.663+0000] {dag.py:3239} INFO - Sync 1 DAGs
[2025-02-07T08:12:49.679+0000] {logging_mixin.py:190} INFO - [2025-02-07T08:12:49.679+0000] {dag.py:4180} INFO - Setting next_dagrun for latest_only_with_trigger to 2025-02-07 04:00:00+00:00, run_after=2025-02-07 08:00:00+00:00
[2025-02-07T08:12:49.694+0000] {processor.py:208} INFO - Processing /home/airflow/.local/lib/python3.12/site-packages/airflow/example_dags/example_latest_only_with_trigger.py took 0.056 seconds
[2025-02-07T08:13:20.100+0000] {processor.py:186} INFO - Started process (PID=2243) to work on /home/airflow/.local/lib/python3.12/site-packages/airflow/example_dags/example_latest_only_with_trigger.py
[2025-02-07T08:13:20.101+0000] {processor.py:914} INFO - Processing file /home/airflow/.local/lib/python3.12/site-packages/airflow/example_dags/example_latest_only_with_trigger.py for tasks to queue
[2025-02-07T08:13:20.102+0000] {logging_mixin.py:190} INFO - [2025-02-07T08:13:20.102+0000] {dagbag.py:588} INFO - Filling up the DagBag from /home/airflow/.local/lib/python3.12/site-packages/airflow/example_dags/example_latest_only_with_trigger.py
[2025-02-07T08:13:20.108+0000] {processor.py:925} INFO - DAG(s) 'latest_only_with_trigger' retrieved from /home/airflow/.local/lib/python3.12/site-packages/airflow/example_dags/example_latest_only_with_trigger.py
[2025-02-07T08:13:20.131+0000] {logging_mixin.py:190} INFO - [2025-02-07T08:13:20.130+0000] {dag.py:3239} INFO - Sync 1 DAGs
[2025-02-07T08:13:20.145+0000] {logging_mixin.py:190} INFO - [2025-02-07T08:13:20.145+0000] {dag.py:4180} INFO - Setting next_dagrun for latest_only_with_trigger to 2025-02-07 04:00:00+00:00, run_after=2025-02-07 08:00:00+00:00
[2025-02-07T08:13:20.154+0000] {processor.py:208} INFO - Processing /home/airflow/.local/lib/python3.12/site-packages/airflow/example_dags/example_latest_only_with_trigger.py took 0.060 seconds
[2025-02-07T08:13:50.841+0000] {processor.py:186} INFO - Started process (PID=2329) to work on /home/airflow/.local/lib/python3.12/site-packages/airflow/example_dags/example_latest_only_with_trigger.py
[2025-02-07T08:13:50.841+0000] {processor.py:914} INFO - Processing file /home/airflow/.local/lib/python3.12/site-packages/airflow/example_dags/example_latest_only_with_trigger.py for tasks to queue
[2025-02-07T08:13:50.842+0000] {logging_mixin.py:190} INFO - [2025-02-07T08:13:50.842+0000] {dagbag.py:588} INFO - Filling up the DagBag from /home/airflow/.local/lib/python3.12/site-packages/airflow/example_dags/example_latest_only_with_trigger.py
[2025-02-07T08:13:50.846+0000] {processor.py:925} INFO - DAG(s) 'latest_only_with_trigger' retrieved from /home/airflow/.local/lib/python3.12/site-packages/airflow/example_dags/example_latest_only_with_trigger.py
[2025-02-07T08:13:50.860+0000] {logging_mixin.py:190} INFO - [2025-02-07T08:13:50.860+0000] {dag.py:3239} INFO - Sync 1 DAGs
[2025-02-07T08:13:50.873+0000] {logging_mixin.py:190} INFO - [2025-02-07T08:13:50.872+0000] {dag.py:4180} INFO - Setting next_dagrun for latest_only_with_trigger to 2025-02-07 04:00:00+00:00, run_after=2025-02-07 08:00:00+00:00
[2025-02-07T08:13:50.882+0000] {processor.py:208} INFO - Processing /home/airflow/.local/lib/python3.12/site-packages/airflow/example_dags/example_latest_only_with_trigger.py took 0.045 seconds
[2025-02-07T08:14:22.113+0000] {processor.py:186} INFO - Started process (PID=2414) to work on /home/airflow/.local/lib/python3.12/site-packages/airflow/example_dags/example_latest_only_with_trigger.py
[2025-02-07T08:14:22.113+0000] {processor.py:914} INFO - Processing file /home/airflow/.local/lib/python3.12/site-packages/airflow/example_dags/example_latest_only_with_trigger.py for tasks to queue
[2025-02-07T08:14:22.114+0000] {logging_mixin.py:190} INFO - [2025-02-07T08:14:22.114+0000] {dagbag.py:588} INFO - Filling up the DagBag from /home/airflow/.local/lib/python3.12/site-packages/airflow/example_dags/example_latest_only_with_trigger.py
[2025-02-07T08:14:22.119+0000] {processor.py:925} INFO - DAG(s) 'latest_only_with_trigger' retrieved from /home/airflow/.local/lib/python3.12/site-packages/airflow/example_dags/example_latest_only_with_trigger.py
[2025-02-07T08:14:22.138+0000] {logging_mixin.py:190} INFO - [2025-02-07T08:14:22.138+0000] {dag.py:3239} INFO - Sync 1 DAGs
[2025-02-07T08:14:22.154+0000] {logging_mixin.py:190} INFO - [2025-02-07T08:14:22.154+0000] {dag.py:4180} INFO - Setting next_dagrun for latest_only_with_trigger to 2025-02-07 04:00:00+00:00, run_after=2025-02-07 08:00:00+00:00
[2025-02-07T08:14:22.165+0000] {processor.py:208} INFO - Processing /home/airflow/.local/lib/python3.12/site-packages/airflow/example_dags/example_latest_only_with_trigger.py took 0.056 seconds
[2025-02-07T08:14:52.735+0000] {processor.py:186} INFO - Started process (PID=2499) to work on /home/airflow/.local/lib/python3.12/site-packages/airflow/example_dags/example_latest_only_with_trigger.py
[2025-02-07T08:14:52.736+0000] {processor.py:914} INFO - Processing file /home/airflow/.local/lib/python3.12/site-packages/airflow/example_dags/example_latest_only_with_trigger.py for tasks to queue
[2025-02-07T08:14:52.737+0000] {logging_mixin.py:190} INFO - [2025-02-07T08:14:52.737+0000] {dagbag.py:588} INFO - Filling up the DagBag from /home/airflow/.local/lib/python3.12/site-packages/airflow/example_dags/example_latest_only_with_trigger.py
[2025-02-07T08:14:52.742+0000] {processor.py:925} INFO - DAG(s) 'latest_only_with_trigger' retrieved from /home/airflow/.local/lib/python3.12/site-packages/airflow/example_dags/example_latest_only_with_trigger.py
[2025-02-07T08:14:52.753+0000] {logging_mixin.py:190} INFO - [2025-02-07T08:14:52.753+0000] {dag.py:3239} INFO - Sync 1 DAGs
[2025-02-07T08:14:52.766+0000] {logging_mixin.py:190} INFO - [2025-02-07T08:14:52.766+0000] {dag.py:4180} INFO - Setting next_dagrun for latest_only_with_trigger to 2025-02-07 04:00:00+00:00, run_after=2025-02-07 08:00:00+00:00
[2025-02-07T08:14:52.778+0000] {processor.py:208} INFO - Processing /home/airflow/.local/lib/python3.12/site-packages/airflow/example_dags/example_latest_only_with_trigger.py took 0.046 seconds
[2025-02-07T08:15:23.977+0000] {processor.py:186} INFO - Started process (PID=2584) to work on /home/airflow/.local/lib/python3.12/site-packages/airflow/example_dags/example_latest_only_with_trigger.py
[2025-02-07T08:15:23.978+0000] {processor.py:914} INFO - Processing file /home/airflow/.local/lib/python3.12/site-packages/airflow/example_dags/example_latest_only_with_trigger.py for tasks to queue
[2025-02-07T08:15:23.979+0000] {logging_mixin.py:190} INFO - [2025-02-07T08:15:23.979+0000] {dagbag.py:588} INFO - Filling up the DagBag from /home/airflow/.local/lib/python3.12/site-packages/airflow/example_dags/example_latest_only_with_trigger.py
[2025-02-07T08:15:23.983+0000] {processor.py:925} INFO - DAG(s) 'latest_only_with_trigger' retrieved from /home/airflow/.local/lib/python3.12/site-packages/airflow/example_dags/example_latest_only_with_trigger.py
[2025-02-07T08:15:23.998+0000] {logging_mixin.py:190} INFO - [2025-02-07T08:15:23.997+0000] {dag.py:3239} INFO - Sync 1 DAGs
[2025-02-07T08:15:24.015+0000] {logging_mixin.py:190} INFO - [2025-02-07T08:15:24.015+0000] {dag.py:4180} INFO - Setting next_dagrun for latest_only_with_trigger to 2025-02-07 04:00:00+00:00, run_after=2025-02-07 08:00:00+00:00
[2025-02-07T08:15:24.032+0000] {processor.py:208} INFO - Processing /home/airflow/.local/lib/python3.12/site-packages/airflow/example_dags/example_latest_only_with_trigger.py took 0.058 seconds
[2025-02-07T08:15:55.198+0000] {processor.py:186} INFO - Started process (PID=2669) to work on /home/airflow/.local/lib/python3.12/site-packages/airflow/example_dags/example_latest_only_with_trigger.py
[2025-02-07T08:15:55.199+0000] {processor.py:914} INFO - Processing file /home/airflow/.local/lib/python3.12/site-packages/airflow/example_dags/example_latest_only_with_trigger.py for tasks to queue
[2025-02-07T08:15:55.201+0000] {logging_mixin.py:190} INFO - [2025-02-07T08:15:55.200+0000] {dagbag.py:588} INFO - Filling up the DagBag from /home/airflow/.local/lib/python3.12/site-packages/airflow/example_dags/example_latest_only_with_trigger.py
[2025-02-07T08:15:55.205+0000] {processor.py:925} INFO - DAG(s) 'latest_only_with_trigger' retrieved from /home/airflow/.local/lib/python3.12/site-packages/airflow/example_dags/example_latest_only_with_trigger.py
[2025-02-07T08:15:55.222+0000] {logging_mixin.py:190} INFO - [2025-02-07T08:15:55.222+0000] {dag.py:3239} INFO - Sync 1 DAGs
[2025-02-07T08:15:55.245+0000] {logging_mixin.py:190} INFO - [2025-02-07T08:15:55.245+0000] {dag.py:4180} INFO - Setting next_dagrun for latest_only_with_trigger to 2025-02-07 04:00:00+00:00, run_after=2025-02-07 08:00:00+00:00
[2025-02-07T08:15:55.262+0000] {processor.py:208} INFO - Processing /home/airflow/.local/lib/python3.12/site-packages/airflow/example_dags/example_latest_only_with_trigger.py took 0.068 seconds
[2025-02-07T08:16:25.471+0000] {processor.py:186} INFO - Started process (PID=2754) to work on /home/airflow/.local/lib/python3.12/site-packages/airflow/example_dags/example_latest_only_with_trigger.py
[2025-02-07T08:16:25.472+0000] {processor.py:914} INFO - Processing file /home/airflow/.local/lib/python3.12/site-packages/airflow/example_dags/example_latest_only_with_trigger.py for tasks to queue
[2025-02-07T08:16:25.475+0000] {logging_mixin.py:190} INFO - [2025-02-07T08:16:25.474+0000] {dagbag.py:588} INFO - Filling up the DagBag from /home/airflow/.local/lib/python3.12/site-packages/airflow/example_dags/example_latest_only_with_trigger.py
[2025-02-07T08:16:25.482+0000] {processor.py:925} INFO - DAG(s) 'latest_only_with_trigger' retrieved from /home/airflow/.local/lib/python3.12/site-packages/airflow/example_dags/example_latest_only_with_trigger.py
[2025-02-07T08:16:25.506+0000] {logging_mixin.py:190} INFO - [2025-02-07T08:16:25.506+0000] {dag.py:3239} INFO - Sync 1 DAGs
[2025-02-07T08:16:25.532+0000] {logging_mixin.py:190} INFO - [2025-02-07T08:16:25.532+0000] {dag.py:4180} INFO - Setting next_dagrun for latest_only_with_trigger to 2025-02-07 04:00:00+00:00, run_after=2025-02-07 08:00:00+00:00
[2025-02-07T08:16:25.549+0000] {processor.py:208} INFO - Processing /home/airflow/.local/lib/python3.12/site-packages/airflow/example_dags/example_latest_only_with_trigger.py took 0.085 seconds
[2025-02-07T08:16:56.504+0000] {processor.py:186} INFO - Started process (PID=2839) to work on /home/airflow/.local/lib/python3.12/site-packages/airflow/example_dags/example_latest_only_with_trigger.py
[2025-02-07T08:16:56.505+0000] {processor.py:914} INFO - Processing file /home/airflow/.local/lib/python3.12/site-packages/airflow/example_dags/example_latest_only_with_trigger.py for tasks to queue
[2025-02-07T08:16:56.506+0000] {logging_mixin.py:190} INFO - [2025-02-07T08:16:56.506+0000] {dagbag.py:588} INFO - Filling up the DagBag from /home/airflow/.local/lib/python3.12/site-packages/airflow/example_dags/example_latest_only_with_trigger.py
[2025-02-07T08:16:56.510+0000] {processor.py:925} INFO - DAG(s) 'latest_only_with_trigger' retrieved from /home/airflow/.local/lib/python3.12/site-packages/airflow/example_dags/example_latest_only_with_trigger.py
[2025-02-07T08:16:56.522+0000] {logging_mixin.py:190} INFO - [2025-02-07T08:16:56.522+0000] {dag.py:3239} INFO - Sync 1 DAGs
[2025-02-07T08:16:56.536+0000] {logging_mixin.py:190} INFO - [2025-02-07T08:16:56.536+0000] {dag.py:4180} INFO - Setting next_dagrun for latest_only_with_trigger to 2025-02-07 04:00:00+00:00, run_after=2025-02-07 08:00:00+00:00
[2025-02-07T08:16:56.546+0000] {processor.py:208} INFO - Processing /home/airflow/.local/lib/python3.12/site-packages/airflow/example_dags/example_latest_only_with_trigger.py took 0.045 seconds
[2025-02-07T08:17:27.301+0000] {processor.py:186} INFO - Started process (PID=2924) to work on /home/airflow/.local/lib/python3.12/site-packages/airflow/example_dags/example_latest_only_with_trigger.py
[2025-02-07T08:17:27.302+0000] {processor.py:914} INFO - Processing file /home/airflow/.local/lib/python3.12/site-packages/airflow/example_dags/example_latest_only_with_trigger.py for tasks to queue
[2025-02-07T08:17:27.304+0000] {logging_mixin.py:190} INFO - [2025-02-07T08:17:27.304+0000] {dagbag.py:588} INFO - Filling up the DagBag from /home/airflow/.local/lib/python3.12/site-packages/airflow/example_dags/example_latest_only_with_trigger.py
[2025-02-07T08:17:27.311+0000] {processor.py:925} INFO - DAG(s) 'latest_only_with_trigger' retrieved from /home/airflow/.local/lib/python3.12/site-packages/airflow/example_dags/example_latest_only_with_trigger.py
[2025-02-07T08:17:27.326+0000] {logging_mixin.py:190} INFO - [2025-02-07T08:17:27.326+0000] {dag.py:3239} INFO - Sync 1 DAGs
[2025-02-07T08:17:27.350+0000] {logging_mixin.py:190} INFO - [2025-02-07T08:17:27.349+0000] {dag.py:4180} INFO - Setting next_dagrun for latest_only_with_trigger to 2025-02-07 04:00:00+00:00, run_after=2025-02-07 08:00:00+00:00
[2025-02-07T08:17:27.369+0000] {processor.py:208} INFO - Processing /home/airflow/.local/lib/python3.12/site-packages/airflow/example_dags/example_latest_only_with_trigger.py took 0.074 seconds
[2025-02-07T08:17:57.924+0000] {processor.py:186} INFO - Started process (PID=3009) to work on /home/airflow/.local/lib/python3.12/site-packages/airflow/example_dags/example_latest_only_with_trigger.py
[2025-02-07T08:17:57.924+0000] {processor.py:914} INFO - Processing file /home/airflow/.local/lib/python3.12/site-packages/airflow/example_dags/example_latest_only_with_trigger.py for tasks to queue
[2025-02-07T08:17:57.926+0000] {logging_mixin.py:190} INFO - [2025-02-07T08:17:57.925+0000] {dagbag.py:588} INFO - Filling up the DagBag from /home/airflow/.local/lib/python3.12/site-packages/airflow/example_dags/example_latest_only_with_trigger.py
[2025-02-07T08:17:57.930+0000] {processor.py:925} INFO - DAG(s) 'latest_only_with_trigger' retrieved from /home/airflow/.local/lib/python3.12/site-packages/airflow/example_dags/example_latest_only_with_trigger.py
[2025-02-07T08:17:57.944+0000] {logging_mixin.py:190} INFO - [2025-02-07T08:17:57.943+0000] {dag.py:3239} INFO - Sync 1 DAGs
[2025-02-07T08:17:57.958+0000] {logging_mixin.py:190} INFO - [2025-02-07T08:17:57.957+0000] {dag.py:4180} INFO - Setting next_dagrun for latest_only_with_trigger to 2025-02-07 04:00:00+00:00, run_after=2025-02-07 08:00:00+00:00
[2025-02-07T08:17:57.972+0000] {processor.py:208} INFO - Processing /home/airflow/.local/lib/python3.12/site-packages/airflow/example_dags/example_latest_only_with_trigger.py took 0.054 seconds
[2025-02-07T08:18:28.825+0000] {processor.py:186} INFO - Started process (PID=3094) to work on /home/airflow/.local/lib/python3.12/site-packages/airflow/example_dags/example_latest_only_with_trigger.py
[2025-02-07T08:18:28.826+0000] {processor.py:914} INFO - Processing file /home/airflow/.local/lib/python3.12/site-packages/airflow/example_dags/example_latest_only_with_trigger.py for tasks to queue
[2025-02-07T08:18:28.827+0000] {logging_mixin.py:190} INFO - [2025-02-07T08:18:28.827+0000] {dagbag.py:588} INFO - Filling up the DagBag from /home/airflow/.local/lib/python3.12/site-packages/airflow/example_dags/example_latest_only_with_trigger.py
[2025-02-07T08:18:28.832+0000] {processor.py:925} INFO - DAG(s) 'latest_only_with_trigger' retrieved from /home/airflow/.local/lib/python3.12/site-packages/airflow/example_dags/example_latest_only_with_trigger.py
[2025-02-07T08:18:28.847+0000] {logging_mixin.py:190} INFO - [2025-02-07T08:18:28.847+0000] {dag.py:3239} INFO - Sync 1 DAGs
[2025-02-07T08:18:28.865+0000] {logging_mixin.py:190} INFO - [2025-02-07T08:18:28.865+0000] {dag.py:4180} INFO - Setting next_dagrun for latest_only_with_trigger to 2025-02-07 04:00:00+00:00, run_after=2025-02-07 08:00:00+00:00
[2025-02-07T08:18:28.875+0000] {processor.py:208} INFO - Processing /home/airflow/.local/lib/python3.12/site-packages/airflow/example_dags/example_latest_only_with_trigger.py took 0.053 seconds
[2025-02-07T08:18:58.961+0000] {processor.py:186} INFO - Started process (PID=3179) to work on /home/airflow/.local/lib/python3.12/site-packages/airflow/example_dags/example_latest_only_with_trigger.py
[2025-02-07T08:18:58.962+0000] {processor.py:914} INFO - Processing file /home/airflow/.local/lib/python3.12/site-packages/airflow/example_dags/example_latest_only_with_trigger.py for tasks to queue
[2025-02-07T08:18:58.963+0000] {logging_mixin.py:190} INFO - [2025-02-07T08:18:58.963+0000] {dagbag.py:588} INFO - Filling up the DagBag from /home/airflow/.local/lib/python3.12/site-packages/airflow/example_dags/example_latest_only_with_trigger.py
[2025-02-07T08:18:58.968+0000] {processor.py:925} INFO - DAG(s) 'latest_only_with_trigger' retrieved from /home/airflow/.local/lib/python3.12/site-packages/airflow/example_dags/example_latest_only_with_trigger.py
[2025-02-07T08:18:58.980+0000] {logging_mixin.py:190} INFO - [2025-02-07T08:18:58.980+0000] {dag.py:3239} INFO - Sync 1 DAGs
[2025-02-07T08:18:58.992+0000] {logging_mixin.py:190} INFO - [2025-02-07T08:18:58.992+0000] {dag.py:4180} INFO - Setting next_dagrun for latest_only_with_trigger to 2025-02-07 04:00:00+00:00, run_after=2025-02-07 08:00:00+00:00
[2025-02-07T08:18:59.001+0000] {processor.py:208} INFO - Processing /home/airflow/.local/lib/python3.12/site-packages/airflow/example_dags/example_latest_only_with_trigger.py took 0.043 seconds
[2025-02-07T08:19:29.102+0000] {processor.py:186} INFO - Started process (PID=3263) to work on /home/airflow/.local/lib/python3.12/site-packages/airflow/example_dags/example_latest_only_with_trigger.py
[2025-02-07T08:19:29.103+0000] {processor.py:914} INFO - Processing file /home/airflow/.local/lib/python3.12/site-packages/airflow/example_dags/example_latest_only_with_trigger.py for tasks to queue
[2025-02-07T08:19:29.104+0000] {logging_mixin.py:190} INFO - [2025-02-07T08:19:29.104+0000] {dagbag.py:588} INFO - Filling up the DagBag from /home/airflow/.local/lib/python3.12/site-packages/airflow/example_dags/example_latest_only_with_trigger.py
[2025-02-07T08:19:29.108+0000] {processor.py:925} INFO - DAG(s) 'latest_only_with_trigger' retrieved from /home/airflow/.local/lib/python3.12/site-packages/airflow/example_dags/example_latest_only_with_trigger.py
[2025-02-07T08:19:29.128+0000] {logging_mixin.py:190} INFO - [2025-02-07T08:19:29.127+0000] {dag.py:3239} INFO - Sync 1 DAGs
[2025-02-07T08:19:29.156+0000] {logging_mixin.py:190} INFO - [2025-02-07T08:19:29.156+0000] {dag.py:4180} INFO - Setting next_dagrun for latest_only_with_trigger to 2025-02-07 04:00:00+00:00, run_after=2025-02-07 08:00:00+00:00
[2025-02-07T08:19:29.172+0000] {processor.py:208} INFO - Processing /home/airflow/.local/lib/python3.12/site-packages/airflow/example_dags/example_latest_only_with_trigger.py took 0.075 seconds
[2025-02-07T08:20:00.089+0000] {processor.py:186} INFO - Started process (PID=3355) to work on /home/airflow/.local/lib/python3.12/site-packages/airflow/example_dags/example_latest_only_with_trigger.py
[2025-02-07T08:20:00.090+0000] {processor.py:914} INFO - Processing file /home/airflow/.local/lib/python3.12/site-packages/airflow/example_dags/example_latest_only_with_trigger.py for tasks to queue
[2025-02-07T08:20:00.091+0000] {logging_mixin.py:190} INFO - [2025-02-07T08:20:00.091+0000] {dagbag.py:588} INFO - Filling up the DagBag from /home/airflow/.local/lib/python3.12/site-packages/airflow/example_dags/example_latest_only_with_trigger.py
[2025-02-07T08:20:00.096+0000] {processor.py:925} INFO - DAG(s) 'latest_only_with_trigger' retrieved from /home/airflow/.local/lib/python3.12/site-packages/airflow/example_dags/example_latest_only_with_trigger.py
[2025-02-07T08:20:00.108+0000] {logging_mixin.py:190} INFO - [2025-02-07T08:20:00.108+0000] {dag.py:3239} INFO - Sync 1 DAGs
[2025-02-07T08:20:00.121+0000] {logging_mixin.py:190} INFO - [2025-02-07T08:20:00.121+0000] {dag.py:4180} INFO - Setting next_dagrun for latest_only_with_trigger to 2025-02-07 04:00:00+00:00, run_after=2025-02-07 08:00:00+00:00
[2025-02-07T08:20:00.130+0000] {processor.py:208} INFO - Processing /home/airflow/.local/lib/python3.12/site-packages/airflow/example_dags/example_latest_only_with_trigger.py took 0.045 seconds
[2025-02-07T08:20:30.852+0000] {processor.py:186} INFO - Started process (PID=3440) to work on /home/airflow/.local/lib/python3.12/site-packages/airflow/example_dags/example_latest_only_with_trigger.py
[2025-02-07T08:20:30.853+0000] {processor.py:914} INFO - Processing file /home/airflow/.local/lib/python3.12/site-packages/airflow/example_dags/example_latest_only_with_trigger.py for tasks to queue
[2025-02-07T08:20:30.854+0000] {logging_mixin.py:190} INFO - [2025-02-07T08:20:30.854+0000] {dagbag.py:588} INFO - Filling up the DagBag from /home/airflow/.local/lib/python3.12/site-packages/airflow/example_dags/example_latest_only_with_trigger.py
[2025-02-07T08:20:30.860+0000] {processor.py:925} INFO - DAG(s) 'latest_only_with_trigger' retrieved from /home/airflow/.local/lib/python3.12/site-packages/airflow/example_dags/example_latest_only_with_trigger.py
[2025-02-07T08:20:30.882+0000] {logging_mixin.py:190} INFO - [2025-02-07T08:20:30.882+0000] {dag.py:3239} INFO - Sync 1 DAGs
[2025-02-07T08:20:30.895+0000] {logging_mixin.py:190} INFO - [2025-02-07T08:20:30.895+0000] {dag.py:4180} INFO - Setting next_dagrun for latest_only_with_trigger to 2025-02-07 04:00:00+00:00, run_after=2025-02-07 08:00:00+00:00
[2025-02-07T08:20:30.904+0000] {processor.py:208} INFO - Processing /home/airflow/.local/lib/python3.12/site-packages/airflow/example_dags/example_latest_only_with_trigger.py took 0.055 seconds
