[2025-02-07T08:00:26.862+0000] {processor.py:186} INFO - Started process (PID=114) to work on /home/airflow/.local/lib/python3.12/site-packages/airflow/example_dags/example_inlet_event_extra.py
[2025-02-07T08:00:26.863+0000] {processor.py:914} INFO - Processing file /home/airflow/.local/lib/python3.12/site-packages/airflow/example_dags/example_inlet_event_extra.py for tasks to queue
[2025-02-07T08:00:26.865+0000] {logging_mixin.py:190} INFO - [2025-02-07T08:00:26.865+0000] {dagbag.py:588} INFO - Filling up the DagBag from /home/airflow/.local/lib/python3.12/site-packages/airflow/example_dags/example_inlet_event_extra.py
[2025-02-07T08:00:27.775+0000] {processor.py:925} INFO - DAG(s) 'read_dataset_event', 'read_dataset_event_from_classic' retrieved from /home/airflow/.local/lib/python3.12/site-packages/airflow/example_dags/example_inlet_event_extra.py
[2025-02-07T08:00:27.846+0000] {logging_mixin.py:190} INFO - [2025-02-07T08:00:27.846+0000] {dag.py:3239} INFO - Sync 2 DAGs
[2025-02-07T08:00:27.880+0000] {logging_mixin.py:190} INFO - [2025-02-07T08:00:27.880+0000] {dag.py:4180} INFO - Setting next_dagrun for read_dataset_event to 2025-02-06 00:00:00+00:00, run_after=2025-02-07 00:00:00+00:00
[2025-02-07T08:00:27.898+0000] {logging_mixin.py:190} INFO - [2025-02-07T08:00:27.897+0000] {dag.py:4180} INFO - Setting next_dagrun for read_dataset_event_from_classic to 2025-02-06 00:00:00+00:00, run_after=2025-02-07 00:00:00+00:00
[2025-02-07T08:00:27.931+0000] {processor.py:208} INFO - Processing /home/airflow/.local/lib/python3.12/site-packages/airflow/example_dags/example_inlet_event_extra.py took 1.074 seconds
[2025-02-07T08:00:58.148+0000] {processor.py:186} INFO - Started process (PID=202) to work on /home/airflow/.local/lib/python3.12/site-packages/airflow/example_dags/example_inlet_event_extra.py
[2025-02-07T08:00:58.149+0000] {processor.py:914} INFO - Processing file /home/airflow/.local/lib/python3.12/site-packages/airflow/example_dags/example_inlet_event_extra.py for tasks to queue
[2025-02-07T08:00:58.151+0000] {logging_mixin.py:190} INFO - [2025-02-07T08:00:58.151+0000] {dagbag.py:588} INFO - Filling up the DagBag from /home/airflow/.local/lib/python3.12/site-packages/airflow/example_dags/example_inlet_event_extra.py
[2025-02-07T08:00:58.559+0000] {processor.py:925} INFO - DAG(s) 'read_dataset_event', 'read_dataset_event_from_classic' retrieved from /home/airflow/.local/lib/python3.12/site-packages/airflow/example_dags/example_inlet_event_extra.py
[2025-02-07T08:00:58.579+0000] {logging_mixin.py:190} INFO - [2025-02-07T08:00:58.578+0000] {dag.py:3239} INFO - Sync 2 DAGs
[2025-02-07T08:00:58.605+0000] {logging_mixin.py:190} INFO - [2025-02-07T08:00:58.605+0000] {dag.py:4180} INFO - Setting next_dagrun for read_dataset_event to 2025-02-06 00:00:00+00:00, run_after=2025-02-07 00:00:00+00:00
[2025-02-07T08:00:58.610+0000] {logging_mixin.py:190} INFO - [2025-02-07T08:00:58.610+0000] {dag.py:4180} INFO - Setting next_dagrun for read_dataset_event_from_classic to 2025-02-06 00:00:00+00:00, run_after=2025-02-07 00:00:00+00:00
[2025-02-07T08:00:58.624+0000] {processor.py:208} INFO - Processing /home/airflow/.local/lib/python3.12/site-packages/airflow/example_dags/example_inlet_event_extra.py took 0.481 seconds
[2025-02-07T08:01:29.121+0000] {processor.py:186} INFO - Started process (PID=287) to work on /home/airflow/.local/lib/python3.12/site-packages/airflow/example_dags/example_inlet_event_extra.py
[2025-02-07T08:01:29.123+0000] {processor.py:914} INFO - Processing file /home/airflow/.local/lib/python3.12/site-packages/airflow/example_dags/example_inlet_event_extra.py for tasks to queue
[2025-02-07T08:01:29.125+0000] {logging_mixin.py:190} INFO - [2025-02-07T08:01:29.125+0000] {dagbag.py:588} INFO - Filling up the DagBag from /home/airflow/.local/lib/python3.12/site-packages/airflow/example_dags/example_inlet_event_extra.py
[2025-02-07T08:01:29.469+0000] {processor.py:925} INFO - DAG(s) 'read_dataset_event_from_classic', 'read_dataset_event' retrieved from /home/airflow/.local/lib/python3.12/site-packages/airflow/example_dags/example_inlet_event_extra.py
[2025-02-07T08:01:29.486+0000] {logging_mixin.py:190} INFO - [2025-02-07T08:01:29.485+0000] {dag.py:3239} INFO - Sync 2 DAGs
[2025-02-07T08:01:29.511+0000] {logging_mixin.py:190} INFO - [2025-02-07T08:01:29.511+0000] {dag.py:4180} INFO - Setting next_dagrun for read_dataset_event to 2025-02-06 00:00:00+00:00, run_after=2025-02-07 00:00:00+00:00
[2025-02-07T08:01:29.516+0000] {logging_mixin.py:190} INFO - [2025-02-07T08:01:29.516+0000] {dag.py:4180} INFO - Setting next_dagrun for read_dataset_event_from_classic to 2025-02-06 00:00:00+00:00, run_after=2025-02-07 00:00:00+00:00
[2025-02-07T08:01:29.532+0000] {processor.py:208} INFO - Processing /home/airflow/.local/lib/python3.12/site-packages/airflow/example_dags/example_inlet_event_extra.py took 0.413 seconds
[2025-02-07T08:02:00.032+0000] {processor.py:186} INFO - Started process (PID=372) to work on /home/airflow/.local/lib/python3.12/site-packages/airflow/example_dags/example_inlet_event_extra.py
[2025-02-07T08:02:00.033+0000] {processor.py:914} INFO - Processing file /home/airflow/.local/lib/python3.12/site-packages/airflow/example_dags/example_inlet_event_extra.py for tasks to queue
[2025-02-07T08:02:00.034+0000] {logging_mixin.py:190} INFO - [2025-02-07T08:02:00.034+0000] {dagbag.py:588} INFO - Filling up the DagBag from /home/airflow/.local/lib/python3.12/site-packages/airflow/example_dags/example_inlet_event_extra.py
[2025-02-07T08:02:00.377+0000] {processor.py:925} INFO - DAG(s) 'read_dataset_event_from_classic', 'read_dataset_event' retrieved from /home/airflow/.local/lib/python3.12/site-packages/airflow/example_dags/example_inlet_event_extra.py
[2025-02-07T08:02:00.391+0000] {logging_mixin.py:190} INFO - [2025-02-07T08:02:00.391+0000] {dag.py:3239} INFO - Sync 2 DAGs
[2025-02-07T08:02:00.410+0000] {logging_mixin.py:190} INFO - [2025-02-07T08:02:00.410+0000] {dag.py:4180} INFO - Setting next_dagrun for read_dataset_event to 2025-02-06 00:00:00+00:00, run_after=2025-02-07 00:00:00+00:00
[2025-02-07T08:02:00.413+0000] {logging_mixin.py:190} INFO - [2025-02-07T08:02:00.413+0000] {dag.py:4180} INFO - Setting next_dagrun for read_dataset_event_from_classic to 2025-02-06 00:00:00+00:00, run_after=2025-02-07 00:00:00+00:00
[2025-02-07T08:02:00.423+0000] {processor.py:208} INFO - Processing /home/airflow/.local/lib/python3.12/site-packages/airflow/example_dags/example_inlet_event_extra.py took 0.398 seconds
[2025-02-07T08:02:31.119+0000] {processor.py:186} INFO - Started process (PID=457) to work on /home/airflow/.local/lib/python3.12/site-packages/airflow/example_dags/example_inlet_event_extra.py
[2025-02-07T08:02:31.119+0000] {processor.py:914} INFO - Processing file /home/airflow/.local/lib/python3.12/site-packages/airflow/example_dags/example_inlet_event_extra.py for tasks to queue
[2025-02-07T08:02:31.120+0000] {logging_mixin.py:190} INFO - [2025-02-07T08:02:31.120+0000] {dagbag.py:588} INFO - Filling up the DagBag from /home/airflow/.local/lib/python3.12/site-packages/airflow/example_dags/example_inlet_event_extra.py
[2025-02-07T08:02:31.472+0000] {processor.py:925} INFO - DAG(s) 'read_dataset_event_from_classic', 'read_dataset_event' retrieved from /home/airflow/.local/lib/python3.12/site-packages/airflow/example_dags/example_inlet_event_extra.py
[2025-02-07T08:02:31.488+0000] {logging_mixin.py:190} INFO - [2025-02-07T08:02:31.488+0000] {dag.py:3239} INFO - Sync 2 DAGs
[2025-02-07T08:02:31.504+0000] {logging_mixin.py:190} INFO - [2025-02-07T08:02:31.504+0000] {dag.py:4180} INFO - Setting next_dagrun for read_dataset_event to 2025-02-06 00:00:00+00:00, run_after=2025-02-07 00:00:00+00:00
[2025-02-07T08:02:31.508+0000] {logging_mixin.py:190} INFO - [2025-02-07T08:02:31.508+0000] {dag.py:4180} INFO - Setting next_dagrun for read_dataset_event_from_classic to 2025-02-06 00:00:00+00:00, run_after=2025-02-07 00:00:00+00:00
[2025-02-07T08:02:31.522+0000] {processor.py:208} INFO - Processing /home/airflow/.local/lib/python3.12/site-packages/airflow/example_dags/example_inlet_event_extra.py took 0.408 seconds
[2025-02-07T08:03:01.792+0000] {processor.py:186} INFO - Started process (PID=542) to work on /home/airflow/.local/lib/python3.12/site-packages/airflow/example_dags/example_inlet_event_extra.py
[2025-02-07T08:03:01.793+0000] {processor.py:914} INFO - Processing file /home/airflow/.local/lib/python3.12/site-packages/airflow/example_dags/example_inlet_event_extra.py for tasks to queue
[2025-02-07T08:03:01.794+0000] {logging_mixin.py:190} INFO - [2025-02-07T08:03:01.794+0000] {dagbag.py:588} INFO - Filling up the DagBag from /home/airflow/.local/lib/python3.12/site-packages/airflow/example_dags/example_inlet_event_extra.py
[2025-02-07T08:03:02.151+0000] {processor.py:925} INFO - DAG(s) 'read_dataset_event', 'read_dataset_event_from_classic' retrieved from /home/airflow/.local/lib/python3.12/site-packages/airflow/example_dags/example_inlet_event_extra.py
[2025-02-07T08:03:02.170+0000] {logging_mixin.py:190} INFO - [2025-02-07T08:03:02.170+0000] {dag.py:3239} INFO - Sync 2 DAGs
[2025-02-07T08:03:02.185+0000] {logging_mixin.py:190} INFO - [2025-02-07T08:03:02.185+0000] {dag.py:4180} INFO - Setting next_dagrun for read_dataset_event to 2025-02-06 00:00:00+00:00, run_after=2025-02-07 00:00:00+00:00
[2025-02-07T08:03:02.188+0000] {logging_mixin.py:190} INFO - [2025-02-07T08:03:02.188+0000] {dag.py:4180} INFO - Setting next_dagrun for read_dataset_event_from_classic to 2025-02-06 00:00:00+00:00, run_after=2025-02-07 00:00:00+00:00
[2025-02-07T08:03:02.202+0000] {processor.py:208} INFO - Processing /home/airflow/.local/lib/python3.12/site-packages/airflow/example_dags/example_inlet_event_extra.py took 0.413 seconds
[2025-02-07T08:03:32.851+0000] {processor.py:186} INFO - Started process (PID=627) to work on /home/airflow/.local/lib/python3.12/site-packages/airflow/example_dags/example_inlet_event_extra.py
[2025-02-07T08:03:32.851+0000] {processor.py:914} INFO - Processing file /home/airflow/.local/lib/python3.12/site-packages/airflow/example_dags/example_inlet_event_extra.py for tasks to queue
[2025-02-07T08:03:32.852+0000] {logging_mixin.py:190} INFO - [2025-02-07T08:03:32.852+0000] {dagbag.py:588} INFO - Filling up the DagBag from /home/airflow/.local/lib/python3.12/site-packages/airflow/example_dags/example_inlet_event_extra.py
[2025-02-07T08:03:33.200+0000] {processor.py:925} INFO - DAG(s) 'read_dataset_event', 'read_dataset_event_from_classic' retrieved from /home/airflow/.local/lib/python3.12/site-packages/airflow/example_dags/example_inlet_event_extra.py
[2025-02-07T08:03:33.217+0000] {logging_mixin.py:190} INFO - [2025-02-07T08:03:33.216+0000] {dag.py:3239} INFO - Sync 2 DAGs
[2025-02-07T08:03:33.238+0000] {logging_mixin.py:190} INFO - [2025-02-07T08:03:33.238+0000] {dag.py:4180} INFO - Setting next_dagrun for read_dataset_event to 2025-02-06 00:00:00+00:00, run_after=2025-02-07 00:00:00+00:00
[2025-02-07T08:03:33.243+0000] {logging_mixin.py:190} INFO - [2025-02-07T08:03:33.243+0000] {dag.py:4180} INFO - Setting next_dagrun for read_dataset_event_from_classic to 2025-02-06 00:00:00+00:00, run_after=2025-02-07 00:00:00+00:00
[2025-02-07T08:03:33.258+0000] {processor.py:208} INFO - Processing /home/airflow/.local/lib/python3.12/site-packages/airflow/example_dags/example_inlet_event_extra.py took 0.411 seconds
[2025-02-07T08:04:03.817+0000] {processor.py:186} INFO - Started process (PID=712) to work on /home/airflow/.local/lib/python3.12/site-packages/airflow/example_dags/example_inlet_event_extra.py
[2025-02-07T08:04:03.818+0000] {processor.py:914} INFO - Processing file /home/airflow/.local/lib/python3.12/site-packages/airflow/example_dags/example_inlet_event_extra.py for tasks to queue
[2025-02-07T08:04:03.820+0000] {logging_mixin.py:190} INFO - [2025-02-07T08:04:03.819+0000] {dagbag.py:588} INFO - Filling up the DagBag from /home/airflow/.local/lib/python3.12/site-packages/airflow/example_dags/example_inlet_event_extra.py
[2025-02-07T08:04:04.204+0000] {processor.py:925} INFO - DAG(s) 'read_dataset_event_from_classic', 'read_dataset_event' retrieved from /home/airflow/.local/lib/python3.12/site-packages/airflow/example_dags/example_inlet_event_extra.py
[2025-02-07T08:04:04.221+0000] {logging_mixin.py:190} INFO - [2025-02-07T08:04:04.221+0000] {dag.py:3239} INFO - Sync 2 DAGs
[2025-02-07T08:04:04.240+0000] {logging_mixin.py:190} INFO - [2025-02-07T08:04:04.240+0000] {dag.py:4180} INFO - Setting next_dagrun for read_dataset_event to 2025-02-06 00:00:00+00:00, run_after=2025-02-07 00:00:00+00:00
[2025-02-07T08:04:04.244+0000] {logging_mixin.py:190} INFO - [2025-02-07T08:04:04.244+0000] {dag.py:4180} INFO - Setting next_dagrun for read_dataset_event_from_classic to 2025-02-06 00:00:00+00:00, run_after=2025-02-07 00:00:00+00:00
[2025-02-07T08:04:04.257+0000] {processor.py:208} INFO - Processing /home/airflow/.local/lib/python3.12/site-packages/airflow/example_dags/example_inlet_event_extra.py took 0.448 seconds
[2025-02-07T08:04:34.933+0000] {processor.py:186} INFO - Started process (PID=797) to work on /home/airflow/.local/lib/python3.12/site-packages/airflow/example_dags/example_inlet_event_extra.py
[2025-02-07T08:04:34.934+0000] {processor.py:914} INFO - Processing file /home/airflow/.local/lib/python3.12/site-packages/airflow/example_dags/example_inlet_event_extra.py for tasks to queue
[2025-02-07T08:04:34.935+0000] {logging_mixin.py:190} INFO - [2025-02-07T08:04:34.935+0000] {dagbag.py:588} INFO - Filling up the DagBag from /home/airflow/.local/lib/python3.12/site-packages/airflow/example_dags/example_inlet_event_extra.py
[2025-02-07T08:04:35.293+0000] {processor.py:925} INFO - DAG(s) 'read_dataset_event', 'read_dataset_event_from_classic' retrieved from /home/airflow/.local/lib/python3.12/site-packages/airflow/example_dags/example_inlet_event_extra.py
[2025-02-07T08:04:35.306+0000] {logging_mixin.py:190} INFO - [2025-02-07T08:04:35.305+0000] {dag.py:3239} INFO - Sync 2 DAGs
[2025-02-07T08:04:35.319+0000] {logging_mixin.py:190} INFO - [2025-02-07T08:04:35.319+0000] {dag.py:4180} INFO - Setting next_dagrun for read_dataset_event to 2025-02-06 00:00:00+00:00, run_after=2025-02-07 00:00:00+00:00
[2025-02-07T08:04:35.322+0000] {logging_mixin.py:190} INFO - [2025-02-07T08:04:35.322+0000] {dag.py:4180} INFO - Setting next_dagrun for read_dataset_event_from_classic to 2025-02-06 00:00:00+00:00, run_after=2025-02-07 00:00:00+00:00
[2025-02-07T08:04:35.331+0000] {processor.py:208} INFO - Processing /home/airflow/.local/lib/python3.12/site-packages/airflow/example_dags/example_inlet_event_extra.py took 0.404 seconds
[2025-02-07T08:05:05.366+0000] {processor.py:186} INFO - Started process (PID=860) to work on /home/airflow/.local/lib/python3.12/site-packages/airflow/example_dags/example_inlet_event_extra.py
[2025-02-07T08:05:05.367+0000] {processor.py:914} INFO - Processing file /home/airflow/.local/lib/python3.12/site-packages/airflow/example_dags/example_inlet_event_extra.py for tasks to queue
[2025-02-07T08:05:05.368+0000] {logging_mixin.py:190} INFO - [2025-02-07T08:05:05.368+0000] {dagbag.py:588} INFO - Filling up the DagBag from /home/airflow/.local/lib/python3.12/site-packages/airflow/example_dags/example_inlet_event_extra.py
[2025-02-07T08:05:05.704+0000] {processor.py:925} INFO - DAG(s) 'read_dataset_event_from_classic', 'read_dataset_event' retrieved from /home/airflow/.local/lib/python3.12/site-packages/airflow/example_dags/example_inlet_event_extra.py
[2025-02-07T08:05:05.722+0000] {logging_mixin.py:190} INFO - [2025-02-07T08:05:05.722+0000] {dag.py:3239} INFO - Sync 2 DAGs
[2025-02-07T08:05:05.737+0000] {logging_mixin.py:190} INFO - [2025-02-07T08:05:05.737+0000] {dag.py:4180} INFO - Setting next_dagrun for read_dataset_event to 2025-02-06 00:00:00+00:00, run_after=2025-02-07 00:00:00+00:00
[2025-02-07T08:05:05.740+0000] {logging_mixin.py:190} INFO - [2025-02-07T08:05:05.740+0000] {dag.py:4180} INFO - Setting next_dagrun for read_dataset_event_from_classic to 2025-02-06 00:00:00+00:00, run_after=2025-02-07 00:00:00+00:00
[2025-02-07T08:05:05.751+0000] {processor.py:208} INFO - Processing /home/airflow/.local/lib/python3.12/site-packages/airflow/example_dags/example_inlet_event_extra.py took 0.389 seconds
[2025-02-07T08:05:37.090+0000] {processor.py:186} INFO - Started process (PID=948) to work on /home/airflow/.local/lib/python3.12/site-packages/airflow/example_dags/example_inlet_event_extra.py
[2025-02-07T08:05:37.090+0000] {processor.py:914} INFO - Processing file /home/airflow/.local/lib/python3.12/site-packages/airflow/example_dags/example_inlet_event_extra.py for tasks to queue
[2025-02-07T08:05:37.091+0000] {logging_mixin.py:190} INFO - [2025-02-07T08:05:37.091+0000] {dagbag.py:588} INFO - Filling up the DagBag from /home/airflow/.local/lib/python3.12/site-packages/airflow/example_dags/example_inlet_event_extra.py
[2025-02-07T08:05:37.442+0000] {processor.py:925} INFO - DAG(s) 'read_dataset_event_from_classic', 'read_dataset_event' retrieved from /home/airflow/.local/lib/python3.12/site-packages/airflow/example_dags/example_inlet_event_extra.py
[2025-02-07T08:05:37.461+0000] {logging_mixin.py:190} INFO - [2025-02-07T08:05:37.461+0000] {dag.py:3239} INFO - Sync 2 DAGs
[2025-02-07T08:05:37.478+0000] {logging_mixin.py:190} INFO - [2025-02-07T08:05:37.478+0000] {dag.py:4180} INFO - Setting next_dagrun for read_dataset_event to 2025-02-06 00:00:00+00:00, run_after=2025-02-07 00:00:00+00:00
[2025-02-07T08:05:37.482+0000] {logging_mixin.py:190} INFO - [2025-02-07T08:05:37.482+0000] {dag.py:4180} INFO - Setting next_dagrun for read_dataset_event_from_classic to 2025-02-06 00:00:00+00:00, run_after=2025-02-07 00:00:00+00:00
[2025-02-07T08:05:37.494+0000] {processor.py:208} INFO - Processing /home/airflow/.local/lib/python3.12/site-packages/airflow/example_dags/example_inlet_event_extra.py took 0.407 seconds
[2025-02-07T08:06:07.597+0000] {processor.py:186} INFO - Started process (PID=1031) to work on /home/airflow/.local/lib/python3.12/site-packages/airflow/example_dags/example_inlet_event_extra.py
[2025-02-07T08:06:07.598+0000] {processor.py:914} INFO - Processing file /home/airflow/.local/lib/python3.12/site-packages/airflow/example_dags/example_inlet_event_extra.py for tasks to queue
[2025-02-07T08:06:07.599+0000] {logging_mixin.py:190} INFO - [2025-02-07T08:06:07.599+0000] {dagbag.py:588} INFO - Filling up the DagBag from /home/airflow/.local/lib/python3.12/site-packages/airflow/example_dags/example_inlet_event_extra.py
[2025-02-07T08:06:07.931+0000] {processor.py:925} INFO - DAG(s) 'read_dataset_event_from_classic', 'read_dataset_event' retrieved from /home/airflow/.local/lib/python3.12/site-packages/airflow/example_dags/example_inlet_event_extra.py
[2025-02-07T08:06:07.945+0000] {logging_mixin.py:190} INFO - [2025-02-07T08:06:07.945+0000] {dag.py:3239} INFO - Sync 2 DAGs
[2025-02-07T08:06:07.958+0000] {logging_mixin.py:190} INFO - [2025-02-07T08:06:07.958+0000] {dag.py:4180} INFO - Setting next_dagrun for read_dataset_event to 2025-02-06 00:00:00+00:00, run_after=2025-02-07 00:00:00+00:00
[2025-02-07T08:06:07.961+0000] {logging_mixin.py:190} INFO - [2025-02-07T08:06:07.961+0000] {dag.py:4180} INFO - Setting next_dagrun for read_dataset_event_from_classic to 2025-02-06 00:00:00+00:00, run_after=2025-02-07 00:00:00+00:00
[2025-02-07T08:06:07.969+0000] {processor.py:208} INFO - Processing /home/airflow/.local/lib/python3.12/site-packages/airflow/example_dags/example_inlet_event_extra.py took 0.375 seconds
[2025-02-07T08:06:38.146+0000] {processor.py:186} INFO - Started process (PID=1115) to work on /home/airflow/.local/lib/python3.12/site-packages/airflow/example_dags/example_inlet_event_extra.py
[2025-02-07T08:06:38.147+0000] {processor.py:914} INFO - Processing file /home/airflow/.local/lib/python3.12/site-packages/airflow/example_dags/example_inlet_event_extra.py for tasks to queue
[2025-02-07T08:06:38.149+0000] {logging_mixin.py:190} INFO - [2025-02-07T08:06:38.148+0000] {dagbag.py:588} INFO - Filling up the DagBag from /home/airflow/.local/lib/python3.12/site-packages/airflow/example_dags/example_inlet_event_extra.py
[2025-02-07T08:06:38.504+0000] {processor.py:925} INFO - DAG(s) 'read_dataset_event_from_classic', 'read_dataset_event' retrieved from /home/airflow/.local/lib/python3.12/site-packages/airflow/example_dags/example_inlet_event_extra.py
[2025-02-07T08:06:38.517+0000] {logging_mixin.py:190} INFO - [2025-02-07T08:06:38.517+0000] {dag.py:3239} INFO - Sync 2 DAGs
[2025-02-07T08:06:38.531+0000] {logging_mixin.py:190} INFO - [2025-02-07T08:06:38.531+0000] {dag.py:4180} INFO - Setting next_dagrun for read_dataset_event to 2025-02-06 00:00:00+00:00, run_after=2025-02-07 00:00:00+00:00
[2025-02-07T08:06:38.534+0000] {logging_mixin.py:190} INFO - [2025-02-07T08:06:38.534+0000] {dag.py:4180} INFO - Setting next_dagrun for read_dataset_event_from_classic to 2025-02-06 00:00:00+00:00, run_after=2025-02-07 00:00:00+00:00
[2025-02-07T08:06:38.545+0000] {processor.py:208} INFO - Processing /home/airflow/.local/lib/python3.12/site-packages/airflow/example_dags/example_inlet_event_extra.py took 0.402 seconds
[2025-02-07T08:07:09.224+0000] {processor.py:186} INFO - Started process (PID=1200) to work on /home/airflow/.local/lib/python3.12/site-packages/airflow/example_dags/example_inlet_event_extra.py
[2025-02-07T08:07:09.225+0000] {processor.py:914} INFO - Processing file /home/airflow/.local/lib/python3.12/site-packages/airflow/example_dags/example_inlet_event_extra.py for tasks to queue
[2025-02-07T08:07:09.228+0000] {logging_mixin.py:190} INFO - [2025-02-07T08:07:09.228+0000] {dagbag.py:588} INFO - Filling up the DagBag from /home/airflow/.local/lib/python3.12/site-packages/airflow/example_dags/example_inlet_event_extra.py
[2025-02-07T08:07:09.574+0000] {processor.py:925} INFO - DAG(s) 'read_dataset_event_from_classic', 'read_dataset_event' retrieved from /home/airflow/.local/lib/python3.12/site-packages/airflow/example_dags/example_inlet_event_extra.py
[2025-02-07T08:07:09.585+0000] {logging_mixin.py:190} INFO - [2025-02-07T08:07:09.585+0000] {dag.py:3239} INFO - Sync 2 DAGs
[2025-02-07T08:07:09.598+0000] {logging_mixin.py:190} INFO - [2025-02-07T08:07:09.598+0000] {dag.py:4180} INFO - Setting next_dagrun for read_dataset_event to 2025-02-06 00:00:00+00:00, run_after=2025-02-07 00:00:00+00:00
[2025-02-07T08:07:09.600+0000] {logging_mixin.py:190} INFO - [2025-02-07T08:07:09.600+0000] {dag.py:4180} INFO - Setting next_dagrun for read_dataset_event_from_classic to 2025-02-06 00:00:00+00:00, run_after=2025-02-07 00:00:00+00:00
[2025-02-07T08:07:09.610+0000] {processor.py:208} INFO - Processing /home/airflow/.local/lib/python3.12/site-packages/airflow/example_dags/example_inlet_event_extra.py took 0.393 seconds
[2025-02-07T08:07:40.065+0000] {processor.py:186} INFO - Started process (PID=1285) to work on /home/airflow/.local/lib/python3.12/site-packages/airflow/example_dags/example_inlet_event_extra.py
[2025-02-07T08:07:40.066+0000] {processor.py:914} INFO - Processing file /home/airflow/.local/lib/python3.12/site-packages/airflow/example_dags/example_inlet_event_extra.py for tasks to queue
[2025-02-07T08:07:40.067+0000] {logging_mixin.py:190} INFO - [2025-02-07T08:07:40.067+0000] {dagbag.py:588} INFO - Filling up the DagBag from /home/airflow/.local/lib/python3.12/site-packages/airflow/example_dags/example_inlet_event_extra.py
[2025-02-07T08:07:40.407+0000] {processor.py:925} INFO - DAG(s) 'read_dataset_event', 'read_dataset_event_from_classic' retrieved from /home/airflow/.local/lib/python3.12/site-packages/airflow/example_dags/example_inlet_event_extra.py
[2025-02-07T08:07:40.426+0000] {logging_mixin.py:190} INFO - [2025-02-07T08:07:40.426+0000] {dag.py:3239} INFO - Sync 2 DAGs
[2025-02-07T08:07:40.440+0000] {logging_mixin.py:190} INFO - [2025-02-07T08:07:40.440+0000] {dag.py:4180} INFO - Setting next_dagrun for read_dataset_event to 2025-02-06 00:00:00+00:00, run_after=2025-02-07 00:00:00+00:00
[2025-02-07T08:07:40.443+0000] {logging_mixin.py:190} INFO - [2025-02-07T08:07:40.443+0000] {dag.py:4180} INFO - Setting next_dagrun for read_dataset_event_from_classic to 2025-02-06 00:00:00+00:00, run_after=2025-02-07 00:00:00+00:00
[2025-02-07T08:07:40.452+0000] {processor.py:208} INFO - Processing /home/airflow/.local/lib/python3.12/site-packages/airflow/example_dags/example_inlet_event_extra.py took 0.390 seconds
[2025-02-07T08:08:10.618+0000] {processor.py:186} INFO - Started process (PID=1370) to work on /home/airflow/.local/lib/python3.12/site-packages/airflow/example_dags/example_inlet_event_extra.py
[2025-02-07T08:08:10.619+0000] {processor.py:914} INFO - Processing file /home/airflow/.local/lib/python3.12/site-packages/airflow/example_dags/example_inlet_event_extra.py for tasks to queue
[2025-02-07T08:08:10.621+0000] {logging_mixin.py:190} INFO - [2025-02-07T08:08:10.620+0000] {dagbag.py:588} INFO - Filling up the DagBag from /home/airflow/.local/lib/python3.12/site-packages/airflow/example_dags/example_inlet_event_extra.py
[2025-02-07T08:08:10.967+0000] {processor.py:925} INFO - DAG(s) 'read_dataset_event_from_classic', 'read_dataset_event' retrieved from /home/airflow/.local/lib/python3.12/site-packages/airflow/example_dags/example_inlet_event_extra.py
[2025-02-07T08:08:10.985+0000] {logging_mixin.py:190} INFO - [2025-02-07T08:08:10.985+0000] {dag.py:3239} INFO - Sync 2 DAGs
[2025-02-07T08:08:11.004+0000] {logging_mixin.py:190} INFO - [2025-02-07T08:08:11.003+0000] {dag.py:4180} INFO - Setting next_dagrun for read_dataset_event to 2025-02-06 00:00:00+00:00, run_after=2025-02-07 00:00:00+00:00
[2025-02-07T08:08:11.006+0000] {logging_mixin.py:190} INFO - [2025-02-07T08:08:11.006+0000] {dag.py:4180} INFO - Setting next_dagrun for read_dataset_event_from_classic to 2025-02-06 00:00:00+00:00, run_after=2025-02-07 00:00:00+00:00
[2025-02-07T08:08:11.016+0000] {processor.py:208} INFO - Processing /home/airflow/.local/lib/python3.12/site-packages/airflow/example_dags/example_inlet_event_extra.py took 0.403 seconds
[2025-02-07T08:08:41.278+0000] {processor.py:186} INFO - Started process (PID=1455) to work on /home/airflow/.local/lib/python3.12/site-packages/airflow/example_dags/example_inlet_event_extra.py
[2025-02-07T08:08:41.278+0000] {processor.py:914} INFO - Processing file /home/airflow/.local/lib/python3.12/site-packages/airflow/example_dags/example_inlet_event_extra.py for tasks to queue
[2025-02-07T08:08:41.279+0000] {logging_mixin.py:190} INFO - [2025-02-07T08:08:41.279+0000] {dagbag.py:588} INFO - Filling up the DagBag from /home/airflow/.local/lib/python3.12/site-packages/airflow/example_dags/example_inlet_event_extra.py
[2025-02-07T08:08:41.666+0000] {processor.py:925} INFO - DAG(s) 'read_dataset_event_from_classic', 'read_dataset_event' retrieved from /home/airflow/.local/lib/python3.12/site-packages/airflow/example_dags/example_inlet_event_extra.py
[2025-02-07T08:08:41.685+0000] {logging_mixin.py:190} INFO - [2025-02-07T08:08:41.684+0000] {dag.py:3239} INFO - Sync 2 DAGs
[2025-02-07T08:08:41.701+0000] {logging_mixin.py:190} INFO - [2025-02-07T08:08:41.701+0000] {dag.py:4180} INFO - Setting next_dagrun for read_dataset_event to 2025-02-06 00:00:00+00:00, run_after=2025-02-07 00:00:00+00:00
[2025-02-07T08:08:41.705+0000] {logging_mixin.py:190} INFO - [2025-02-07T08:08:41.705+0000] {dag.py:4180} INFO - Setting next_dagrun for read_dataset_event_from_classic to 2025-02-06 00:00:00+00:00, run_after=2025-02-07 00:00:00+00:00
[2025-02-07T08:08:41.716+0000] {processor.py:208} INFO - Processing /home/airflow/.local/lib/python3.12/site-packages/airflow/example_dags/example_inlet_event_extra.py took 0.442 seconds
[2025-02-07T08:09:12.680+0000] {processor.py:186} INFO - Started process (PID=1540) to work on /home/airflow/.local/lib/python3.12/site-packages/airflow/example_dags/example_inlet_event_extra.py
[2025-02-07T08:09:12.681+0000] {processor.py:914} INFO - Processing file /home/airflow/.local/lib/python3.12/site-packages/airflow/example_dags/example_inlet_event_extra.py for tasks to queue
[2025-02-07T08:09:12.683+0000] {logging_mixin.py:190} INFO - [2025-02-07T08:09:12.682+0000] {dagbag.py:588} INFO - Filling up the DagBag from /home/airflow/.local/lib/python3.12/site-packages/airflow/example_dags/example_inlet_event_extra.py
[2025-02-07T08:09:13.029+0000] {processor.py:925} INFO - DAG(s) 'read_dataset_event', 'read_dataset_event_from_classic' retrieved from /home/airflow/.local/lib/python3.12/site-packages/airflow/example_dags/example_inlet_event_extra.py
[2025-02-07T08:09:13.040+0000] {logging_mixin.py:190} INFO - [2025-02-07T08:09:13.040+0000] {dag.py:3239} INFO - Sync 2 DAGs
[2025-02-07T08:09:13.054+0000] {logging_mixin.py:190} INFO - [2025-02-07T08:09:13.054+0000] {dag.py:4180} INFO - Setting next_dagrun for read_dataset_event to 2025-02-06 00:00:00+00:00, run_after=2025-02-07 00:00:00+00:00
[2025-02-07T08:09:13.057+0000] {logging_mixin.py:190} INFO - [2025-02-07T08:09:13.057+0000] {dag.py:4180} INFO - Setting next_dagrun for read_dataset_event_from_classic to 2025-02-06 00:00:00+00:00, run_after=2025-02-07 00:00:00+00:00
[2025-02-07T08:09:13.069+0000] {processor.py:208} INFO - Processing /home/airflow/.local/lib/python3.12/site-packages/airflow/example_dags/example_inlet_event_extra.py took 0.392 seconds
[2025-02-07T08:09:43.557+0000] {processor.py:186} INFO - Started process (PID=1625) to work on /home/airflow/.local/lib/python3.12/site-packages/airflow/example_dags/example_inlet_event_extra.py
[2025-02-07T08:09:43.558+0000] {processor.py:914} INFO - Processing file /home/airflow/.local/lib/python3.12/site-packages/airflow/example_dags/example_inlet_event_extra.py for tasks to queue
[2025-02-07T08:09:43.560+0000] {logging_mixin.py:190} INFO - [2025-02-07T08:09:43.560+0000] {dagbag.py:588} INFO - Filling up the DagBag from /home/airflow/.local/lib/python3.12/site-packages/airflow/example_dags/example_inlet_event_extra.py
[2025-02-07T08:09:43.902+0000] {processor.py:925} INFO - DAG(s) 'read_dataset_event', 'read_dataset_event_from_classic' retrieved from /home/airflow/.local/lib/python3.12/site-packages/airflow/example_dags/example_inlet_event_extra.py
[2025-02-07T08:09:43.919+0000] {logging_mixin.py:190} INFO - [2025-02-07T08:09:43.919+0000] {dag.py:3239} INFO - Sync 2 DAGs
[2025-02-07T08:09:43.941+0000] {logging_mixin.py:190} INFO - [2025-02-07T08:09:43.941+0000] {dag.py:4180} INFO - Setting next_dagrun for read_dataset_event to 2025-02-06 00:00:00+00:00, run_after=2025-02-07 00:00:00+00:00
[2025-02-07T08:09:43.946+0000] {logging_mixin.py:190} INFO - [2025-02-07T08:09:43.946+0000] {dag.py:4180} INFO - Setting next_dagrun for read_dataset_event_from_classic to 2025-02-06 00:00:00+00:00, run_after=2025-02-07 00:00:00+00:00
[2025-02-07T08:09:43.960+0000] {processor.py:208} INFO - Processing /home/airflow/.local/lib/python3.12/site-packages/airflow/example_dags/example_inlet_event_extra.py took 0.409 seconds
[2025-02-07T08:10:14.725+0000] {processor.py:186} INFO - Started process (PID=1710) to work on /home/airflow/.local/lib/python3.12/site-packages/airflow/example_dags/example_inlet_event_extra.py
[2025-02-07T08:10:14.726+0000] {processor.py:914} INFO - Processing file /home/airflow/.local/lib/python3.12/site-packages/airflow/example_dags/example_inlet_event_extra.py for tasks to queue
[2025-02-07T08:10:14.727+0000] {logging_mixin.py:190} INFO - [2025-02-07T08:10:14.727+0000] {dagbag.py:588} INFO - Filling up the DagBag from /home/airflow/.local/lib/python3.12/site-packages/airflow/example_dags/example_inlet_event_extra.py
[2025-02-07T08:10:15.066+0000] {processor.py:925} INFO - DAG(s) 'read_dataset_event_from_classic', 'read_dataset_event' retrieved from /home/airflow/.local/lib/python3.12/site-packages/airflow/example_dags/example_inlet_event_extra.py
[2025-02-07T08:10:15.078+0000] {logging_mixin.py:190} INFO - [2025-02-07T08:10:15.077+0000] {dag.py:3239} INFO - Sync 2 DAGs
[2025-02-07T08:10:15.091+0000] {logging_mixin.py:190} INFO - [2025-02-07T08:10:15.091+0000] {dag.py:4180} INFO - Setting next_dagrun for read_dataset_event to 2025-02-06 00:00:00+00:00, run_after=2025-02-07 00:00:00+00:00
[2025-02-07T08:10:15.094+0000] {logging_mixin.py:190} INFO - [2025-02-07T08:10:15.094+0000] {dag.py:4180} INFO - Setting next_dagrun for read_dataset_event_from_classic to 2025-02-06 00:00:00+00:00, run_after=2025-02-07 00:00:00+00:00
[2025-02-07T08:10:15.103+0000] {processor.py:208} INFO - Processing /home/airflow/.local/lib/python3.12/site-packages/airflow/example_dags/example_inlet_event_extra.py took 0.382 seconds
[2025-02-07T08:10:45.135+0000] {processor.py:186} INFO - Started process (PID=1794) to work on /home/airflow/.local/lib/python3.12/site-packages/airflow/example_dags/example_inlet_event_extra.py
[2025-02-07T08:10:45.137+0000] {processor.py:914} INFO - Processing file /home/airflow/.local/lib/python3.12/site-packages/airflow/example_dags/example_inlet_event_extra.py for tasks to queue
[2025-02-07T08:10:45.140+0000] {logging_mixin.py:190} INFO - [2025-02-07T08:10:45.139+0000] {dagbag.py:588} INFO - Filling up the DagBag from /home/airflow/.local/lib/python3.12/site-packages/airflow/example_dags/example_inlet_event_extra.py
[2025-02-07T08:10:45.471+0000] {processor.py:925} INFO - DAG(s) 'read_dataset_event', 'read_dataset_event_from_classic' retrieved from /home/airflow/.local/lib/python3.12/site-packages/airflow/example_dags/example_inlet_event_extra.py
[2025-02-07T08:10:45.484+0000] {logging_mixin.py:190} INFO - [2025-02-07T08:10:45.484+0000] {dag.py:3239} INFO - Sync 2 DAGs
[2025-02-07T08:10:45.499+0000] {logging_mixin.py:190} INFO - [2025-02-07T08:10:45.498+0000] {dag.py:4180} INFO - Setting next_dagrun for read_dataset_event to 2025-02-06 00:00:00+00:00, run_after=2025-02-07 00:00:00+00:00
[2025-02-07T08:10:45.501+0000] {logging_mixin.py:190} INFO - [2025-02-07T08:10:45.501+0000] {dag.py:4180} INFO - Setting next_dagrun for read_dataset_event_from_classic to 2025-02-06 00:00:00+00:00, run_after=2025-02-07 00:00:00+00:00
[2025-02-07T08:10:45.517+0000] {processor.py:208} INFO - Processing /home/airflow/.local/lib/python3.12/site-packages/airflow/example_dags/example_inlet_event_extra.py took 0.391 seconds
[2025-02-07T08:11:15.674+0000] {processor.py:186} INFO - Started process (PID=1879) to work on /home/airflow/.local/lib/python3.12/site-packages/airflow/example_dags/example_inlet_event_extra.py
[2025-02-07T08:11:15.677+0000] {processor.py:914} INFO - Processing file /home/airflow/.local/lib/python3.12/site-packages/airflow/example_dags/example_inlet_event_extra.py for tasks to queue
[2025-02-07T08:11:15.679+0000] {logging_mixin.py:190} INFO - [2025-02-07T08:11:15.678+0000] {dagbag.py:588} INFO - Filling up the DagBag from /home/airflow/.local/lib/python3.12/site-packages/airflow/example_dags/example_inlet_event_extra.py
[2025-02-07T08:11:16.032+0000] {processor.py:925} INFO - DAG(s) 'read_dataset_event_from_classic', 'read_dataset_event' retrieved from /home/airflow/.local/lib/python3.12/site-packages/airflow/example_dags/example_inlet_event_extra.py
[2025-02-07T08:11:16.048+0000] {logging_mixin.py:190} INFO - [2025-02-07T08:11:16.048+0000] {dag.py:3239} INFO - Sync 2 DAGs
[2025-02-07T08:11:16.066+0000] {logging_mixin.py:190} INFO - [2025-02-07T08:11:16.066+0000] {dag.py:4180} INFO - Setting next_dagrun for read_dataset_event to 2025-02-06 00:00:00+00:00, run_after=2025-02-07 00:00:00+00:00
[2025-02-07T08:11:16.069+0000] {logging_mixin.py:190} INFO - [2025-02-07T08:11:16.069+0000] {dag.py:4180} INFO - Setting next_dagrun for read_dataset_event_from_classic to 2025-02-06 00:00:00+00:00, run_after=2025-02-07 00:00:00+00:00
[2025-02-07T08:11:16.078+0000] {processor.py:208} INFO - Processing /home/airflow/.local/lib/python3.12/site-packages/airflow/example_dags/example_inlet_event_extra.py took 0.410 seconds
[2025-02-07T08:11:46.509+0000] {processor.py:186} INFO - Started process (PID=1965) to work on /home/airflow/.local/lib/python3.12/site-packages/airflow/example_dags/example_inlet_event_extra.py
[2025-02-07T08:11:46.509+0000] {processor.py:914} INFO - Processing file /home/airflow/.local/lib/python3.12/site-packages/airflow/example_dags/example_inlet_event_extra.py for tasks to queue
[2025-02-07T08:11:46.512+0000] {logging_mixin.py:190} INFO - [2025-02-07T08:11:46.511+0000] {dagbag.py:588} INFO - Filling up the DagBag from /home/airflow/.local/lib/python3.12/site-packages/airflow/example_dags/example_inlet_event_extra.py
[2025-02-07T08:11:46.888+0000] {processor.py:925} INFO - DAG(s) 'read_dataset_event', 'read_dataset_event_from_classic' retrieved from /home/airflow/.local/lib/python3.12/site-packages/airflow/example_dags/example_inlet_event_extra.py
[2025-02-07T08:11:46.905+0000] {logging_mixin.py:190} INFO - [2025-02-07T08:11:46.905+0000] {dag.py:3239} INFO - Sync 2 DAGs
[2025-02-07T08:11:46.920+0000] {logging_mixin.py:190} INFO - [2025-02-07T08:11:46.920+0000] {dag.py:4180} INFO - Setting next_dagrun for read_dataset_event to 2025-02-06 00:00:00+00:00, run_after=2025-02-07 00:00:00+00:00
[2025-02-07T08:11:46.922+0000] {logging_mixin.py:190} INFO - [2025-02-07T08:11:46.922+0000] {dag.py:4180} INFO - Setting next_dagrun for read_dataset_event_from_classic to 2025-02-06 00:00:00+00:00, run_after=2025-02-07 00:00:00+00:00
[2025-02-07T08:11:46.932+0000] {processor.py:208} INFO - Processing /home/airflow/.local/lib/python3.12/site-packages/airflow/example_dags/example_inlet_event_extra.py took 0.428 seconds
[2025-02-07T08:12:17.893+0000] {processor.py:186} INFO - Started process (PID=2050) to work on /home/airflow/.local/lib/python3.12/site-packages/airflow/example_dags/example_inlet_event_extra.py
[2025-02-07T08:12:17.894+0000] {processor.py:914} INFO - Processing file /home/airflow/.local/lib/python3.12/site-packages/airflow/example_dags/example_inlet_event_extra.py for tasks to queue
[2025-02-07T08:12:17.897+0000] {logging_mixin.py:190} INFO - [2025-02-07T08:12:17.896+0000] {dagbag.py:588} INFO - Filling up the DagBag from /home/airflow/.local/lib/python3.12/site-packages/airflow/example_dags/example_inlet_event_extra.py
[2025-02-07T08:12:18.239+0000] {processor.py:925} INFO - DAG(s) 'read_dataset_event_from_classic', 'read_dataset_event' retrieved from /home/airflow/.local/lib/python3.12/site-packages/airflow/example_dags/example_inlet_event_extra.py
[2025-02-07T08:12:18.257+0000] {logging_mixin.py:190} INFO - [2025-02-07T08:12:18.257+0000] {dag.py:3239} INFO - Sync 2 DAGs
[2025-02-07T08:12:18.276+0000] {logging_mixin.py:190} INFO - [2025-02-07T08:12:18.276+0000] {dag.py:4180} INFO - Setting next_dagrun for read_dataset_event to 2025-02-06 00:00:00+00:00, run_after=2025-02-07 00:00:00+00:00
[2025-02-07T08:12:18.279+0000] {logging_mixin.py:190} INFO - [2025-02-07T08:12:18.279+0000] {dag.py:4180} INFO - Setting next_dagrun for read_dataset_event_from_classic to 2025-02-06 00:00:00+00:00, run_after=2025-02-07 00:00:00+00:00
[2025-02-07T08:12:18.289+0000] {processor.py:208} INFO - Processing /home/airflow/.local/lib/python3.12/site-packages/airflow/example_dags/example_inlet_event_extra.py took 0.401 seconds
[2025-02-07T08:12:48.361+0000] {processor.py:186} INFO - Started process (PID=2135) to work on /home/airflow/.local/lib/python3.12/site-packages/airflow/example_dags/example_inlet_event_extra.py
[2025-02-07T08:12:48.362+0000] {processor.py:914} INFO - Processing file /home/airflow/.local/lib/python3.12/site-packages/airflow/example_dags/example_inlet_event_extra.py for tasks to queue
[2025-02-07T08:12:48.363+0000] {logging_mixin.py:190} INFO - [2025-02-07T08:12:48.363+0000] {dagbag.py:588} INFO - Filling up the DagBag from /home/airflow/.local/lib/python3.12/site-packages/airflow/example_dags/example_inlet_event_extra.py
[2025-02-07T08:12:48.702+0000] {processor.py:925} INFO - DAG(s) 'read_dataset_event', 'read_dataset_event_from_classic' retrieved from /home/airflow/.local/lib/python3.12/site-packages/airflow/example_dags/example_inlet_event_extra.py
[2025-02-07T08:12:48.714+0000] {logging_mixin.py:190} INFO - [2025-02-07T08:12:48.714+0000] {dag.py:3239} INFO - Sync 2 DAGs
[2025-02-07T08:12:48.728+0000] {logging_mixin.py:190} INFO - [2025-02-07T08:12:48.728+0000] {dag.py:4180} INFO - Setting next_dagrun for read_dataset_event to 2025-02-06 00:00:00+00:00, run_after=2025-02-07 00:00:00+00:00
[2025-02-07T08:12:48.732+0000] {logging_mixin.py:190} INFO - [2025-02-07T08:12:48.732+0000] {dag.py:4180} INFO - Setting next_dagrun for read_dataset_event_from_classic to 2025-02-06 00:00:00+00:00, run_after=2025-02-07 00:00:00+00:00
[2025-02-07T08:12:48.746+0000] {processor.py:208} INFO - Processing /home/airflow/.local/lib/python3.12/site-packages/airflow/example_dags/example_inlet_event_extra.py took 0.391 seconds
[2025-02-07T08:13:18.782+0000] {processor.py:186} INFO - Started process (PID=2219) to work on /home/airflow/.local/lib/python3.12/site-packages/airflow/example_dags/example_inlet_event_extra.py
[2025-02-07T08:13:18.783+0000] {processor.py:914} INFO - Processing file /home/airflow/.local/lib/python3.12/site-packages/airflow/example_dags/example_inlet_event_extra.py for tasks to queue
[2025-02-07T08:13:18.785+0000] {logging_mixin.py:190} INFO - [2025-02-07T08:13:18.785+0000] {dagbag.py:588} INFO - Filling up the DagBag from /home/airflow/.local/lib/python3.12/site-packages/airflow/example_dags/example_inlet_event_extra.py
[2025-02-07T08:13:19.101+0000] {processor.py:925} INFO - DAG(s) 'read_dataset_event', 'read_dataset_event_from_classic' retrieved from /home/airflow/.local/lib/python3.12/site-packages/airflow/example_dags/example_inlet_event_extra.py
[2025-02-07T08:13:19.117+0000] {logging_mixin.py:190} INFO - [2025-02-07T08:13:19.117+0000] {dag.py:3239} INFO - Sync 2 DAGs
[2025-02-07T08:13:19.137+0000] {logging_mixin.py:190} INFO - [2025-02-07T08:13:19.137+0000] {dag.py:4180} INFO - Setting next_dagrun for read_dataset_event to 2025-02-06 00:00:00+00:00, run_after=2025-02-07 00:00:00+00:00
[2025-02-07T08:13:19.141+0000] {logging_mixin.py:190} INFO - [2025-02-07T08:13:19.141+0000] {dag.py:4180} INFO - Setting next_dagrun for read_dataset_event_from_classic to 2025-02-06 00:00:00+00:00, run_after=2025-02-07 00:00:00+00:00
[2025-02-07T08:13:19.154+0000] {processor.py:208} INFO - Processing /home/airflow/.local/lib/python3.12/site-packages/airflow/example_dags/example_inlet_event_extra.py took 0.379 seconds
[2025-02-07T08:13:49.405+0000] {processor.py:186} INFO - Started process (PID=2304) to work on /home/airflow/.local/lib/python3.12/site-packages/airflow/example_dags/example_inlet_event_extra.py
[2025-02-07T08:13:49.408+0000] {processor.py:914} INFO - Processing file /home/airflow/.local/lib/python3.12/site-packages/airflow/example_dags/example_inlet_event_extra.py for tasks to queue
[2025-02-07T08:13:49.411+0000] {logging_mixin.py:190} INFO - [2025-02-07T08:13:49.411+0000] {dagbag.py:588} INFO - Filling up the DagBag from /home/airflow/.local/lib/python3.12/site-packages/airflow/example_dags/example_inlet_event_extra.py
[2025-02-07T08:13:49.766+0000] {processor.py:925} INFO - DAG(s) 'read_dataset_event_from_classic', 'read_dataset_event' retrieved from /home/airflow/.local/lib/python3.12/site-packages/airflow/example_dags/example_inlet_event_extra.py
[2025-02-07T08:13:49.778+0000] {logging_mixin.py:190} INFO - [2025-02-07T08:13:49.778+0000] {dag.py:3239} INFO - Sync 2 DAGs
[2025-02-07T08:13:49.792+0000] {logging_mixin.py:190} INFO - [2025-02-07T08:13:49.792+0000] {dag.py:4180} INFO - Setting next_dagrun for read_dataset_event to 2025-02-06 00:00:00+00:00, run_after=2025-02-07 00:00:00+00:00
[2025-02-07T08:13:49.795+0000] {logging_mixin.py:190} INFO - [2025-02-07T08:13:49.794+0000] {dag.py:4180} INFO - Setting next_dagrun for read_dataset_event_from_classic to 2025-02-06 00:00:00+00:00, run_after=2025-02-07 00:00:00+00:00
[2025-02-07T08:13:49.804+0000] {processor.py:208} INFO - Processing /home/airflow/.local/lib/python3.12/site-packages/airflow/example_dags/example_inlet_event_extra.py took 0.405 seconds
[2025-02-07T08:14:20.372+0000] {processor.py:186} INFO - Started process (PID=2390) to work on /home/airflow/.local/lib/python3.12/site-packages/airflow/example_dags/example_inlet_event_extra.py
[2025-02-07T08:14:20.373+0000] {processor.py:914} INFO - Processing file /home/airflow/.local/lib/python3.12/site-packages/airflow/example_dags/example_inlet_event_extra.py for tasks to queue
[2025-02-07T08:14:20.375+0000] {logging_mixin.py:190} INFO - [2025-02-07T08:14:20.375+0000] {dagbag.py:588} INFO - Filling up the DagBag from /home/airflow/.local/lib/python3.12/site-packages/airflow/example_dags/example_inlet_event_extra.py
[2025-02-07T08:14:20.712+0000] {processor.py:925} INFO - DAG(s) 'read_dataset_event_from_classic', 'read_dataset_event' retrieved from /home/airflow/.local/lib/python3.12/site-packages/airflow/example_dags/example_inlet_event_extra.py
[2025-02-07T08:14:20.730+0000] {logging_mixin.py:190} INFO - [2025-02-07T08:14:20.729+0000] {dag.py:3239} INFO - Sync 2 DAGs
[2025-02-07T08:14:20.752+0000] {logging_mixin.py:190} INFO - [2025-02-07T08:14:20.752+0000] {dag.py:4180} INFO - Setting next_dagrun for read_dataset_event to 2025-02-06 00:00:00+00:00, run_after=2025-02-07 00:00:00+00:00
[2025-02-07T08:14:20.757+0000] {logging_mixin.py:190} INFO - [2025-02-07T08:14:20.757+0000] {dag.py:4180} INFO - Setting next_dagrun for read_dataset_event_from_classic to 2025-02-06 00:00:00+00:00, run_after=2025-02-07 00:00:00+00:00
[2025-02-07T08:14:20.774+0000] {processor.py:208} INFO - Processing /home/airflow/.local/lib/python3.12/site-packages/airflow/example_dags/example_inlet_event_extra.py took 0.407 seconds
[2025-02-07T08:14:50.844+0000] {processor.py:186} INFO - Started process (PID=2475) to work on /home/airflow/.local/lib/python3.12/site-packages/airflow/example_dags/example_inlet_event_extra.py
[2025-02-07T08:14:50.845+0000] {processor.py:914} INFO - Processing file /home/airflow/.local/lib/python3.12/site-packages/airflow/example_dags/example_inlet_event_extra.py for tasks to queue
[2025-02-07T08:14:50.847+0000] {logging_mixin.py:190} INFO - [2025-02-07T08:14:50.847+0000] {dagbag.py:588} INFO - Filling up the DagBag from /home/airflow/.local/lib/python3.12/site-packages/airflow/example_dags/example_inlet_event_extra.py
[2025-02-07T08:14:51.194+0000] {processor.py:925} INFO - DAG(s) 'read_dataset_event', 'read_dataset_event_from_classic' retrieved from /home/airflow/.local/lib/python3.12/site-packages/airflow/example_dags/example_inlet_event_extra.py
[2025-02-07T08:14:51.212+0000] {logging_mixin.py:190} INFO - [2025-02-07T08:14:51.212+0000] {dag.py:3239} INFO - Sync 2 DAGs
[2025-02-07T08:14:51.238+0000] {logging_mixin.py:190} INFO - [2025-02-07T08:14:51.238+0000] {dag.py:4180} INFO - Setting next_dagrun for read_dataset_event to 2025-02-06 00:00:00+00:00, run_after=2025-02-07 00:00:00+00:00
[2025-02-07T08:14:51.242+0000] {logging_mixin.py:190} INFO - [2025-02-07T08:14:51.242+0000] {dag.py:4180} INFO - Setting next_dagrun for read_dataset_event_from_classic to 2025-02-06 00:00:00+00:00, run_after=2025-02-07 00:00:00+00:00
[2025-02-07T08:14:51.260+0000] {processor.py:208} INFO - Processing /home/airflow/.local/lib/python3.12/site-packages/airflow/example_dags/example_inlet_event_extra.py took 0.420 seconds
[2025-02-07T08:15:21.584+0000] {processor.py:186} INFO - Started process (PID=2560) to work on /home/airflow/.local/lib/python3.12/site-packages/airflow/example_dags/example_inlet_event_extra.py
[2025-02-07T08:15:21.585+0000] {processor.py:914} INFO - Processing file /home/airflow/.local/lib/python3.12/site-packages/airflow/example_dags/example_inlet_event_extra.py for tasks to queue
[2025-02-07T08:15:21.586+0000] {logging_mixin.py:190} INFO - [2025-02-07T08:15:21.586+0000] {dagbag.py:588} INFO - Filling up the DagBag from /home/airflow/.local/lib/python3.12/site-packages/airflow/example_dags/example_inlet_event_extra.py
[2025-02-07T08:15:21.920+0000] {processor.py:925} INFO - DAG(s) 'read_dataset_event_from_classic', 'read_dataset_event' retrieved from /home/airflow/.local/lib/python3.12/site-packages/airflow/example_dags/example_inlet_event_extra.py
[2025-02-07T08:15:21.938+0000] {logging_mixin.py:190} INFO - [2025-02-07T08:15:21.938+0000] {dag.py:3239} INFO - Sync 2 DAGs
[2025-02-07T08:15:21.962+0000] {logging_mixin.py:190} INFO - [2025-02-07T08:15:21.962+0000] {dag.py:4180} INFO - Setting next_dagrun for read_dataset_event to 2025-02-06 00:00:00+00:00, run_after=2025-02-07 00:00:00+00:00
[2025-02-07T08:15:21.967+0000] {logging_mixin.py:190} INFO - [2025-02-07T08:15:21.967+0000] {dag.py:4180} INFO - Setting next_dagrun for read_dataset_event_from_classic to 2025-02-06 00:00:00+00:00, run_after=2025-02-07 00:00:00+00:00
[2025-02-07T08:15:21.982+0000] {processor.py:208} INFO - Processing /home/airflow/.local/lib/python3.12/site-packages/airflow/example_dags/example_inlet_event_extra.py took 0.401 seconds
[2025-02-07T08:15:52.152+0000] {processor.py:186} INFO - Started process (PID=2645) to work on /home/airflow/.local/lib/python3.12/site-packages/airflow/example_dags/example_inlet_event_extra.py
[2025-02-07T08:15:52.153+0000] {processor.py:914} INFO - Processing file /home/airflow/.local/lib/python3.12/site-packages/airflow/example_dags/example_inlet_event_extra.py for tasks to queue
[2025-02-07T08:15:52.155+0000] {logging_mixin.py:190} INFO - [2025-02-07T08:15:52.155+0000] {dagbag.py:588} INFO - Filling up the DagBag from /home/airflow/.local/lib/python3.12/site-packages/airflow/example_dags/example_inlet_event_extra.py
[2025-02-07T08:15:52.490+0000] {processor.py:925} INFO - DAG(s) 'read_dataset_event_from_classic', 'read_dataset_event' retrieved from /home/airflow/.local/lib/python3.12/site-packages/airflow/example_dags/example_inlet_event_extra.py
[2025-02-07T08:15:52.506+0000] {logging_mixin.py:190} INFO - [2025-02-07T08:15:52.506+0000] {dag.py:3239} INFO - Sync 2 DAGs
[2025-02-07T08:15:52.526+0000] {logging_mixin.py:190} INFO - [2025-02-07T08:15:52.526+0000] {dag.py:4180} INFO - Setting next_dagrun for read_dataset_event to 2025-02-06 00:00:00+00:00, run_after=2025-02-07 00:00:00+00:00
[2025-02-07T08:15:52.528+0000] {logging_mixin.py:190} INFO - [2025-02-07T08:15:52.528+0000] {dag.py:4180} INFO - Setting next_dagrun for read_dataset_event_from_classic to 2025-02-06 00:00:00+00:00, run_after=2025-02-07 00:00:00+00:00
[2025-02-07T08:15:52.540+0000] {processor.py:208} INFO - Processing /home/airflow/.local/lib/python3.12/site-packages/airflow/example_dags/example_inlet_event_extra.py took 0.396 seconds
[2025-02-07T08:16:23.041+0000] {processor.py:186} INFO - Started process (PID=2730) to work on /home/airflow/.local/lib/python3.12/site-packages/airflow/example_dags/example_inlet_event_extra.py
[2025-02-07T08:16:23.042+0000] {processor.py:914} INFO - Processing file /home/airflow/.local/lib/python3.12/site-packages/airflow/example_dags/example_inlet_event_extra.py for tasks to queue
[2025-02-07T08:16:23.044+0000] {logging_mixin.py:190} INFO - [2025-02-07T08:16:23.044+0000] {dagbag.py:588} INFO - Filling up the DagBag from /home/airflow/.local/lib/python3.12/site-packages/airflow/example_dags/example_inlet_event_extra.py
[2025-02-07T08:16:23.265+0000] {processor.py:925} INFO - DAG(s) 'read_dataset_event', 'read_dataset_event_from_classic' retrieved from /home/airflow/.local/lib/python3.12/site-packages/airflow/example_dags/example_inlet_event_extra.py
[2025-02-07T08:16:23.282+0000] {logging_mixin.py:190} INFO - [2025-02-07T08:16:23.281+0000] {dag.py:3239} INFO - Sync 2 DAGs
[2025-02-07T08:16:23.297+0000] {logging_mixin.py:190} INFO - [2025-02-07T08:16:23.297+0000] {dag.py:4180} INFO - Setting next_dagrun for read_dataset_event to 2025-02-06 00:00:00+00:00, run_after=2025-02-07 00:00:00+00:00
[2025-02-07T08:16:23.300+0000] {logging_mixin.py:190} INFO - [2025-02-07T08:16:23.300+0000] {dag.py:4180} INFO - Setting next_dagrun for read_dataset_event_from_classic to 2025-02-06 00:00:00+00:00, run_after=2025-02-07 00:00:00+00:00
[2025-02-07T08:16:23.309+0000] {processor.py:208} INFO - Processing /home/airflow/.local/lib/python3.12/site-packages/airflow/example_dags/example_inlet_event_extra.py took 0.275 seconds
[2025-02-07T08:16:54.253+0000] {processor.py:186} INFO - Started process (PID=2815) to work on /home/airflow/.local/lib/python3.12/site-packages/airflow/example_dags/example_inlet_event_extra.py
[2025-02-07T08:16:54.254+0000] {processor.py:914} INFO - Processing file /home/airflow/.local/lib/python3.12/site-packages/airflow/example_dags/example_inlet_event_extra.py for tasks to queue
[2025-02-07T08:16:54.255+0000] {logging_mixin.py:190} INFO - [2025-02-07T08:16:54.255+0000] {dagbag.py:588} INFO - Filling up the DagBag from /home/airflow/.local/lib/python3.12/site-packages/airflow/example_dags/example_inlet_event_extra.py
[2025-02-07T08:16:54.476+0000] {processor.py:925} INFO - DAG(s) 'read_dataset_event', 'read_dataset_event_from_classic' retrieved from /home/airflow/.local/lib/python3.12/site-packages/airflow/example_dags/example_inlet_event_extra.py
[2025-02-07T08:16:54.489+0000] {logging_mixin.py:190} INFO - [2025-02-07T08:16:54.489+0000] {dag.py:3239} INFO - Sync 2 DAGs
[2025-02-07T08:16:54.504+0000] {logging_mixin.py:190} INFO - [2025-02-07T08:16:54.504+0000] {dag.py:4180} INFO - Setting next_dagrun for read_dataset_event to 2025-02-06 00:00:00+00:00, run_after=2025-02-07 00:00:00+00:00
[2025-02-07T08:16:54.507+0000] {logging_mixin.py:190} INFO - [2025-02-07T08:16:54.506+0000] {dag.py:4180} INFO - Setting next_dagrun for read_dataset_event_from_classic to 2025-02-06 00:00:00+00:00, run_after=2025-02-07 00:00:00+00:00
[2025-02-07T08:16:54.517+0000] {processor.py:208} INFO - Processing /home/airflow/.local/lib/python3.12/site-packages/airflow/example_dags/example_inlet_event_extra.py took 0.271 seconds
[2025-02-07T08:17:24.922+0000] {processor.py:186} INFO - Started process (PID=2900) to work on /home/airflow/.local/lib/python3.12/site-packages/airflow/example_dags/example_inlet_event_extra.py
[2025-02-07T08:17:24.924+0000] {processor.py:914} INFO - Processing file /home/airflow/.local/lib/python3.12/site-packages/airflow/example_dags/example_inlet_event_extra.py for tasks to queue
[2025-02-07T08:17:24.926+0000] {logging_mixin.py:190} INFO - [2025-02-07T08:17:24.925+0000] {dagbag.py:588} INFO - Filling up the DagBag from /home/airflow/.local/lib/python3.12/site-packages/airflow/example_dags/example_inlet_event_extra.py
[2025-02-07T08:17:25.168+0000] {processor.py:925} INFO - DAG(s) 'read_dataset_event_from_classic', 'read_dataset_event' retrieved from /home/airflow/.local/lib/python3.12/site-packages/airflow/example_dags/example_inlet_event_extra.py
[2025-02-07T08:17:25.191+0000] {logging_mixin.py:190} INFO - [2025-02-07T08:17:25.190+0000] {dag.py:3239} INFO - Sync 2 DAGs
[2025-02-07T08:17:25.216+0000] {logging_mixin.py:190} INFO - [2025-02-07T08:17:25.215+0000] {dag.py:4180} INFO - Setting next_dagrun for read_dataset_event to 2025-02-06 00:00:00+00:00, run_after=2025-02-07 00:00:00+00:00
[2025-02-07T08:17:25.221+0000] {logging_mixin.py:190} INFO - [2025-02-07T08:17:25.221+0000] {dag.py:4180} INFO - Setting next_dagrun for read_dataset_event_from_classic to 2025-02-06 00:00:00+00:00, run_after=2025-02-07 00:00:00+00:00
[2025-02-07T08:17:25.240+0000] {processor.py:208} INFO - Processing /home/airflow/.local/lib/python3.12/site-packages/airflow/example_dags/example_inlet_event_extra.py took 0.324 seconds
[2025-02-07T08:17:55.728+0000] {processor.py:186} INFO - Started process (PID=2985) to work on /home/airflow/.local/lib/python3.12/site-packages/airflow/example_dags/example_inlet_event_extra.py
[2025-02-07T08:17:55.729+0000] {processor.py:914} INFO - Processing file /home/airflow/.local/lib/python3.12/site-packages/airflow/example_dags/example_inlet_event_extra.py for tasks to queue
[2025-02-07T08:17:55.730+0000] {logging_mixin.py:190} INFO - [2025-02-07T08:17:55.730+0000] {dagbag.py:588} INFO - Filling up the DagBag from /home/airflow/.local/lib/python3.12/site-packages/airflow/example_dags/example_inlet_event_extra.py
[2025-02-07T08:17:55.952+0000] {processor.py:925} INFO - DAG(s) 'read_dataset_event_from_classic', 'read_dataset_event' retrieved from /home/airflow/.local/lib/python3.12/site-packages/airflow/example_dags/example_inlet_event_extra.py
[2025-02-07T08:17:55.971+0000] {logging_mixin.py:190} INFO - [2025-02-07T08:17:55.971+0000] {dag.py:3239} INFO - Sync 2 DAGs
[2025-02-07T08:17:55.987+0000] {logging_mixin.py:190} INFO - [2025-02-07T08:17:55.987+0000] {dag.py:4180} INFO - Setting next_dagrun for read_dataset_event to 2025-02-06 00:00:00+00:00, run_after=2025-02-07 00:00:00+00:00
[2025-02-07T08:17:55.990+0000] {logging_mixin.py:190} INFO - [2025-02-07T08:17:55.989+0000] {dag.py:4180} INFO - Setting next_dagrun for read_dataset_event_from_classic to 2025-02-06 00:00:00+00:00, run_after=2025-02-07 00:00:00+00:00
[2025-02-07T08:17:55.998+0000] {processor.py:208} INFO - Processing /home/airflow/.local/lib/python3.12/site-packages/airflow/example_dags/example_inlet_event_extra.py took 0.276 seconds
[2025-02-07T08:18:26.451+0000] {processor.py:186} INFO - Started process (PID=3070) to work on /home/airflow/.local/lib/python3.12/site-packages/airflow/example_dags/example_inlet_event_extra.py
[2025-02-07T08:18:26.452+0000] {processor.py:914} INFO - Processing file /home/airflow/.local/lib/python3.12/site-packages/airflow/example_dags/example_inlet_event_extra.py for tasks to queue
[2025-02-07T08:18:26.454+0000] {logging_mixin.py:190} INFO - [2025-02-07T08:18:26.454+0000] {dagbag.py:588} INFO - Filling up the DagBag from /home/airflow/.local/lib/python3.12/site-packages/airflow/example_dags/example_inlet_event_extra.py
[2025-02-07T08:18:26.676+0000] {processor.py:925} INFO - DAG(s) 'read_dataset_event', 'read_dataset_event_from_classic' retrieved from /home/airflow/.local/lib/python3.12/site-packages/airflow/example_dags/example_inlet_event_extra.py
[2025-02-07T08:18:26.696+0000] {logging_mixin.py:190} INFO - [2025-02-07T08:18:26.696+0000] {dag.py:3239} INFO - Sync 2 DAGs
[2025-02-07T08:18:26.717+0000] {logging_mixin.py:190} INFO - [2025-02-07T08:18:26.717+0000] {dag.py:4180} INFO - Setting next_dagrun for read_dataset_event to 2025-02-06 00:00:00+00:00, run_after=2025-02-07 00:00:00+00:00
[2025-02-07T08:18:26.721+0000] {logging_mixin.py:190} INFO - [2025-02-07T08:18:26.721+0000] {dag.py:4180} INFO - Setting next_dagrun for read_dataset_event_from_classic to 2025-02-06 00:00:00+00:00, run_after=2025-02-07 00:00:00+00:00
[2025-02-07T08:18:26.738+0000] {processor.py:208} INFO - Processing /home/airflow/.local/lib/python3.12/site-packages/airflow/example_dags/example_inlet_event_extra.py took 0.291 seconds
[2025-02-07T08:18:57.388+0000] {processor.py:186} INFO - Started process (PID=3155) to work on /home/airflow/.local/lib/python3.12/site-packages/airflow/example_dags/example_inlet_event_extra.py
[2025-02-07T08:18:57.389+0000] {processor.py:914} INFO - Processing file /home/airflow/.local/lib/python3.12/site-packages/airflow/example_dags/example_inlet_event_extra.py for tasks to queue
[2025-02-07T08:18:57.390+0000] {logging_mixin.py:190} INFO - [2025-02-07T08:18:57.390+0000] {dagbag.py:588} INFO - Filling up the DagBag from /home/airflow/.local/lib/python3.12/site-packages/airflow/example_dags/example_inlet_event_extra.py
[2025-02-07T08:18:57.608+0000] {processor.py:925} INFO - DAG(s) 'read_dataset_event', 'read_dataset_event_from_classic' retrieved from /home/airflow/.local/lib/python3.12/site-packages/airflow/example_dags/example_inlet_event_extra.py
[2025-02-07T08:18:57.629+0000] {logging_mixin.py:190} INFO - [2025-02-07T08:18:57.629+0000] {dag.py:3239} INFO - Sync 2 DAGs
[2025-02-07T08:18:57.652+0000] {logging_mixin.py:190} INFO - [2025-02-07T08:18:57.652+0000] {dag.py:4180} INFO - Setting next_dagrun for read_dataset_event to 2025-02-06 00:00:00+00:00, run_after=2025-02-07 00:00:00+00:00
[2025-02-07T08:18:57.657+0000] {logging_mixin.py:190} INFO - [2025-02-07T08:18:57.657+0000] {dag.py:4180} INFO - Setting next_dagrun for read_dataset_event_from_classic to 2025-02-06 00:00:00+00:00, run_after=2025-02-07 00:00:00+00:00
[2025-02-07T08:18:57.671+0000] {processor.py:208} INFO - Processing /home/airflow/.local/lib/python3.12/site-packages/airflow/example_dags/example_inlet_event_extra.py took 0.287 seconds
[2025-02-07T08:19:27.713+0000] {processor.py:186} INFO - Started process (PID=3239) to work on /home/airflow/.local/lib/python3.12/site-packages/airflow/example_dags/example_inlet_event_extra.py
[2025-02-07T08:19:27.715+0000] {processor.py:914} INFO - Processing file /home/airflow/.local/lib/python3.12/site-packages/airflow/example_dags/example_inlet_event_extra.py for tasks to queue
[2025-02-07T08:19:27.718+0000] {logging_mixin.py:190} INFO - [2025-02-07T08:19:27.717+0000] {dagbag.py:588} INFO - Filling up the DagBag from /home/airflow/.local/lib/python3.12/site-packages/airflow/example_dags/example_inlet_event_extra.py
[2025-02-07T08:19:27.941+0000] {processor.py:925} INFO - DAG(s) 'read_dataset_event_from_classic', 'read_dataset_event' retrieved from /home/airflow/.local/lib/python3.12/site-packages/airflow/example_dags/example_inlet_event_extra.py
[2025-02-07T08:19:27.961+0000] {logging_mixin.py:190} INFO - [2025-02-07T08:19:27.961+0000] {dag.py:3239} INFO - Sync 2 DAGs
[2025-02-07T08:19:27.981+0000] {logging_mixin.py:190} INFO - [2025-02-07T08:19:27.981+0000] {dag.py:4180} INFO - Setting next_dagrun for read_dataset_event to 2025-02-06 00:00:00+00:00, run_after=2025-02-07 00:00:00+00:00
[2025-02-07T08:19:27.985+0000] {logging_mixin.py:190} INFO - [2025-02-07T08:19:27.985+0000] {dag.py:4180} INFO - Setting next_dagrun for read_dataset_event_from_classic to 2025-02-06 00:00:00+00:00, run_after=2025-02-07 00:00:00+00:00
[2025-02-07T08:19:27.998+0000] {processor.py:208} INFO - Processing /home/airflow/.local/lib/python3.12/site-packages/airflow/example_dags/example_inlet_event_extra.py took 0.292 seconds
[2025-02-07T08:19:58.816+0000] {processor.py:186} INFO - Started process (PID=3325) to work on /home/airflow/.local/lib/python3.12/site-packages/airflow/example_dags/example_inlet_event_extra.py
[2025-02-07T08:19:58.817+0000] {processor.py:914} INFO - Processing file /home/airflow/.local/lib/python3.12/site-packages/airflow/example_dags/example_inlet_event_extra.py for tasks to queue
[2025-02-07T08:19:58.818+0000] {logging_mixin.py:190} INFO - [2025-02-07T08:19:58.818+0000] {dagbag.py:588} INFO - Filling up the DagBag from /home/airflow/.local/lib/python3.12/site-packages/airflow/example_dags/example_inlet_event_extra.py
[2025-02-07T08:19:59.045+0000] {processor.py:925} INFO - DAG(s) 'read_dataset_event_from_classic', 'read_dataset_event' retrieved from /home/airflow/.local/lib/python3.12/site-packages/airflow/example_dags/example_inlet_event_extra.py
[2025-02-07T08:19:59.066+0000] {logging_mixin.py:190} INFO - [2025-02-07T08:19:59.066+0000] {dag.py:3239} INFO - Sync 2 DAGs
[2025-02-07T08:19:59.086+0000] {logging_mixin.py:190} INFO - [2025-02-07T08:19:59.086+0000] {dag.py:4180} INFO - Setting next_dagrun for read_dataset_event to 2025-02-06 00:00:00+00:00, run_after=2025-02-07 00:00:00+00:00
[2025-02-07T08:19:59.091+0000] {logging_mixin.py:190} INFO - [2025-02-07T08:19:59.091+0000] {dag.py:4180} INFO - Setting next_dagrun for read_dataset_event_from_classic to 2025-02-06 00:00:00+00:00, run_after=2025-02-07 00:00:00+00:00
[2025-02-07T08:19:59.105+0000] {processor.py:208} INFO - Processing /home/airflow/.local/lib/python3.12/site-packages/airflow/example_dags/example_inlet_event_extra.py took 0.293 seconds
[2025-02-07T08:20:29.623+0000] {processor.py:186} INFO - Started process (PID=3416) to work on /home/airflow/.local/lib/python3.12/site-packages/airflow/example_dags/example_inlet_event_extra.py
[2025-02-07T08:20:29.624+0000] {processor.py:914} INFO - Processing file /home/airflow/.local/lib/python3.12/site-packages/airflow/example_dags/example_inlet_event_extra.py for tasks to queue
[2025-02-07T08:20:29.626+0000] {logging_mixin.py:190} INFO - [2025-02-07T08:20:29.625+0000] {dagbag.py:588} INFO - Filling up the DagBag from /home/airflow/.local/lib/python3.12/site-packages/airflow/example_dags/example_inlet_event_extra.py
[2025-02-07T08:20:29.846+0000] {processor.py:925} INFO - DAG(s) 'read_dataset_event_from_classic', 'read_dataset_event' retrieved from /home/airflow/.local/lib/python3.12/site-packages/airflow/example_dags/example_inlet_event_extra.py
[2025-02-07T08:20:29.859+0000] {logging_mixin.py:190} INFO - [2025-02-07T08:20:29.859+0000] {dag.py:3239} INFO - Sync 2 DAGs
[2025-02-07T08:20:29.873+0000] {logging_mixin.py:190} INFO - [2025-02-07T08:20:29.873+0000] {dag.py:4180} INFO - Setting next_dagrun for read_dataset_event to 2025-02-06 00:00:00+00:00, run_after=2025-02-07 00:00:00+00:00
[2025-02-07T08:20:29.876+0000] {logging_mixin.py:190} INFO - [2025-02-07T08:20:29.876+0000] {dag.py:4180} INFO - Setting next_dagrun for read_dataset_event_from_classic to 2025-02-06 00:00:00+00:00, run_after=2025-02-07 00:00:00+00:00
[2025-02-07T08:20:29.884+0000] {processor.py:208} INFO - Processing /home/airflow/.local/lib/python3.12/site-packages/airflow/example_dags/example_inlet_event_extra.py took 0.265 seconds
