[2025-02-07T08:00:29.255+0000] {processor.py:186} INFO - Started process (PID=132) to work on /home/airflow/.local/lib/python3.12/site-packages/airflow/example_dags/example_subdag_operator.py
[2025-02-07T08:00:29.256+0000] {processor.py:914} INFO - Processing file /home/airflow/.local/lib/python3.12/site-packages/airflow/example_dags/example_subdag_operator.py for tasks to queue
[2025-02-07T08:00:29.257+0000] {logging_mixin.py:190} INFO - [2025-02-07T08:00:29.257+0000] {dagbag.py:588} INFO - Filling up the DagBag from /home/airflow/.local/lib/python3.12/site-packages/airflow/example_dags/example_subdag_operator.py
[2025-02-07T08:00:29.277+0000] {processor.py:925} INFO - DAG(s) 'example_subdag_operator.section-1', 'example_subdag_operator.section-2', 'example_subdag_operator' retrieved from /home/airflow/.local/lib/python3.12/site-packages/airflow/example_dags/example_subdag_operator.py
[2025-02-07T08:00:29.289+0000] {logging_mixin.py:190} INFO - [2025-02-07T08:00:29.289+0000] {dag.py:3239} INFO - Sync 3 DAGs
[2025-02-07T08:00:29.307+0000] {logging_mixin.py:190} INFO - [2025-02-07T08:00:29.307+0000] {dag.py:4180} INFO - Setting next_dagrun for example_subdag_operator to 2022-01-01 00:00:00+00:00, run_after=2022-01-01 00:00:00+00:00
[2025-02-07T08:00:29.310+0000] {logging_mixin.py:190} INFO - [2025-02-07T08:00:29.310+0000] {dag.py:4180} INFO - Setting next_dagrun for example_subdag_operator.section-1 to None, run_after=None
[2025-02-07T08:00:29.311+0000] {logging_mixin.py:190} INFO - [2025-02-07T08:00:29.311+0000] {dag.py:4180} INFO - Setting next_dagrun for example_subdag_operator.section-2 to None, run_after=None
[2025-02-07T08:00:29.316+0000] {logging_mixin.py:190} INFO - [2025-02-07T08:00:29.316+0000] {dag.py:3239} INFO - Sync 2 DAGs
[2025-02-07T08:00:29.320+0000] {logging_mixin.py:190} INFO - [2025-02-07T08:00:29.320+0000] {dag.py:4180} INFO - Setting next_dagrun for example_subdag_operator.section-1 to None, run_after=None
[2025-02-07T08:00:29.321+0000] {logging_mixin.py:190} INFO - [2025-02-07T08:00:29.321+0000] {dag.py:4180} INFO - Setting next_dagrun for example_subdag_operator.section-2 to None, run_after=None
[2025-02-07T08:00:29.328+0000] {processor.py:208} INFO - Processing /home/airflow/.local/lib/python3.12/site-packages/airflow/example_dags/example_subdag_operator.py took 0.081 seconds
[2025-02-07T08:00:59.357+0000] {processor.py:186} INFO - Started process (PID=219) to work on /home/airflow/.local/lib/python3.12/site-packages/airflow/example_dags/example_subdag_operator.py
[2025-02-07T08:00:59.357+0000] {processor.py:914} INFO - Processing file /home/airflow/.local/lib/python3.12/site-packages/airflow/example_dags/example_subdag_operator.py for tasks to queue
[2025-02-07T08:00:59.358+0000] {logging_mixin.py:190} INFO - [2025-02-07T08:00:59.358+0000] {dagbag.py:588} INFO - Filling up the DagBag from /home/airflow/.local/lib/python3.12/site-packages/airflow/example_dags/example_subdag_operator.py
[2025-02-07T08:00:59.375+0000] {processor.py:925} INFO - DAG(s) 'example_subdag_operator.section-1', 'example_subdag_operator.section-2', 'example_subdag_operator' retrieved from /home/airflow/.local/lib/python3.12/site-packages/airflow/example_dags/example_subdag_operator.py
[2025-02-07T08:00:59.383+0000] {logging_mixin.py:190} INFO - [2025-02-07T08:00:59.383+0000] {dag.py:3239} INFO - Sync 3 DAGs
[2025-02-07T08:00:59.396+0000] {logging_mixin.py:190} INFO - [2025-02-07T08:00:59.395+0000] {dag.py:4180} INFO - Setting next_dagrun for example_subdag_operator to 2022-01-01 00:00:00+00:00, run_after=2022-01-01 00:00:00+00:00
[2025-02-07T08:00:59.397+0000] {logging_mixin.py:190} INFO - [2025-02-07T08:00:59.397+0000] {dag.py:4180} INFO - Setting next_dagrun for example_subdag_operator.section-1 to None, run_after=None
[2025-02-07T08:00:59.398+0000] {logging_mixin.py:190} INFO - [2025-02-07T08:00:59.398+0000] {dag.py:4180} INFO - Setting next_dagrun for example_subdag_operator.section-2 to None, run_after=None
[2025-02-07T08:00:59.401+0000] {logging_mixin.py:190} INFO - [2025-02-07T08:00:59.401+0000] {dag.py:3239} INFO - Sync 2 DAGs
[2025-02-07T08:00:59.404+0000] {logging_mixin.py:190} INFO - [2025-02-07T08:00:59.404+0000] {dag.py:4180} INFO - Setting next_dagrun for example_subdag_operator.section-1 to None, run_after=None
[2025-02-07T08:00:59.404+0000] {logging_mixin.py:190} INFO - [2025-02-07T08:00:59.404+0000] {dag.py:4180} INFO - Setting next_dagrun for example_subdag_operator.section-2 to None, run_after=None
[2025-02-07T08:00:59.410+0000] {processor.py:208} INFO - Processing /home/airflow/.local/lib/python3.12/site-packages/airflow/example_dags/example_subdag_operator.py took 0.057 seconds
[2025-02-07T08:01:30.198+0000] {processor.py:186} INFO - Started process (PID=304) to work on /home/airflow/.local/lib/python3.12/site-packages/airflow/example_dags/example_subdag_operator.py
[2025-02-07T08:01:30.199+0000] {processor.py:914} INFO - Processing file /home/airflow/.local/lib/python3.12/site-packages/airflow/example_dags/example_subdag_operator.py for tasks to queue
[2025-02-07T08:01:30.201+0000] {logging_mixin.py:190} INFO - [2025-02-07T08:01:30.201+0000] {dagbag.py:588} INFO - Filling up the DagBag from /home/airflow/.local/lib/python3.12/site-packages/airflow/example_dags/example_subdag_operator.py
[2025-02-07T08:01:30.215+0000] {processor.py:925} INFO - DAG(s) 'example_subdag_operator.section-1', 'example_subdag_operator.section-2', 'example_subdag_operator' retrieved from /home/airflow/.local/lib/python3.12/site-packages/airflow/example_dags/example_subdag_operator.py
[2025-02-07T08:01:30.223+0000] {logging_mixin.py:190} INFO - [2025-02-07T08:01:30.223+0000] {dag.py:3239} INFO - Sync 3 DAGs
[2025-02-07T08:01:30.236+0000] {logging_mixin.py:190} INFO - [2025-02-07T08:01:30.236+0000] {dag.py:4180} INFO - Setting next_dagrun for example_subdag_operator to 2022-01-01 00:00:00+00:00, run_after=2022-01-01 00:00:00+00:00
[2025-02-07T08:01:30.238+0000] {logging_mixin.py:190} INFO - [2025-02-07T08:01:30.238+0000] {dag.py:4180} INFO - Setting next_dagrun for example_subdag_operator.section-1 to None, run_after=None
[2025-02-07T08:01:30.239+0000] {logging_mixin.py:190} INFO - [2025-02-07T08:01:30.239+0000] {dag.py:4180} INFO - Setting next_dagrun for example_subdag_operator.section-2 to None, run_after=None
[2025-02-07T08:01:30.244+0000] {logging_mixin.py:190} INFO - [2025-02-07T08:01:30.244+0000] {dag.py:3239} INFO - Sync 2 DAGs
[2025-02-07T08:01:30.247+0000] {logging_mixin.py:190} INFO - [2025-02-07T08:01:30.247+0000] {dag.py:4180} INFO - Setting next_dagrun for example_subdag_operator.section-1 to None, run_after=None
[2025-02-07T08:01:30.248+0000] {logging_mixin.py:190} INFO - [2025-02-07T08:01:30.248+0000] {dag.py:4180} INFO - Setting next_dagrun for example_subdag_operator.section-2 to None, run_after=None
[2025-02-07T08:01:30.253+0000] {processor.py:208} INFO - Processing /home/airflow/.local/lib/python3.12/site-packages/airflow/example_dags/example_subdag_operator.py took 0.058 seconds
[2025-02-07T08:02:01.146+0000] {processor.py:186} INFO - Started process (PID=389) to work on /home/airflow/.local/lib/python3.12/site-packages/airflow/example_dags/example_subdag_operator.py
[2025-02-07T08:02:01.146+0000] {processor.py:914} INFO - Processing file /home/airflow/.local/lib/python3.12/site-packages/airflow/example_dags/example_subdag_operator.py for tasks to queue
[2025-02-07T08:02:01.148+0000] {logging_mixin.py:190} INFO - [2025-02-07T08:02:01.147+0000] {dagbag.py:588} INFO - Filling up the DagBag from /home/airflow/.local/lib/python3.12/site-packages/airflow/example_dags/example_subdag_operator.py
[2025-02-07T08:02:01.162+0000] {processor.py:925} INFO - DAG(s) 'example_subdag_operator.section-1', 'example_subdag_operator.section-2', 'example_subdag_operator' retrieved from /home/airflow/.local/lib/python3.12/site-packages/airflow/example_dags/example_subdag_operator.py
[2025-02-07T08:02:01.170+0000] {logging_mixin.py:190} INFO - [2025-02-07T08:02:01.169+0000] {dag.py:3239} INFO - Sync 3 DAGs
[2025-02-07T08:02:01.182+0000] {logging_mixin.py:190} INFO - [2025-02-07T08:02:01.182+0000] {dag.py:4180} INFO - Setting next_dagrun for example_subdag_operator to 2022-01-01 00:00:00+00:00, run_after=2022-01-01 00:00:00+00:00
[2025-02-07T08:02:01.184+0000] {logging_mixin.py:190} INFO - [2025-02-07T08:02:01.184+0000] {dag.py:4180} INFO - Setting next_dagrun for example_subdag_operator.section-1 to None, run_after=None
[2025-02-07T08:02:01.185+0000] {logging_mixin.py:190} INFO - [2025-02-07T08:02:01.185+0000] {dag.py:4180} INFO - Setting next_dagrun for example_subdag_operator.section-2 to None, run_after=None
[2025-02-07T08:02:01.188+0000] {logging_mixin.py:190} INFO - [2025-02-07T08:02:01.188+0000] {dag.py:3239} INFO - Sync 2 DAGs
[2025-02-07T08:02:01.191+0000] {logging_mixin.py:190} INFO - [2025-02-07T08:02:01.191+0000] {dag.py:4180} INFO - Setting next_dagrun for example_subdag_operator.section-1 to None, run_after=None
[2025-02-07T08:02:01.191+0000] {logging_mixin.py:190} INFO - [2025-02-07T08:02:01.191+0000] {dag.py:4180} INFO - Setting next_dagrun for example_subdag_operator.section-2 to None, run_after=None
[2025-02-07T08:02:01.196+0000] {processor.py:208} INFO - Processing /home/airflow/.local/lib/python3.12/site-packages/airflow/example_dags/example_subdag_operator.py took 0.056 seconds
[2025-02-07T08:02:32.149+0000] {processor.py:186} INFO - Started process (PID=474) to work on /home/airflow/.local/lib/python3.12/site-packages/airflow/example_dags/example_subdag_operator.py
[2025-02-07T08:02:32.149+0000] {processor.py:914} INFO - Processing file /home/airflow/.local/lib/python3.12/site-packages/airflow/example_dags/example_subdag_operator.py for tasks to queue
[2025-02-07T08:02:32.151+0000] {logging_mixin.py:190} INFO - [2025-02-07T08:02:32.151+0000] {dagbag.py:588} INFO - Filling up the DagBag from /home/airflow/.local/lib/python3.12/site-packages/airflow/example_dags/example_subdag_operator.py
[2025-02-07T08:02:32.174+0000] {processor.py:925} INFO - DAG(s) 'example_subdag_operator.section-1', 'example_subdag_operator.section-2', 'example_subdag_operator' retrieved from /home/airflow/.local/lib/python3.12/site-packages/airflow/example_dags/example_subdag_operator.py
[2025-02-07T08:02:32.185+0000] {logging_mixin.py:190} INFO - [2025-02-07T08:02:32.185+0000] {dag.py:3239} INFO - Sync 3 DAGs
[2025-02-07T08:02:32.200+0000] {logging_mixin.py:190} INFO - [2025-02-07T08:02:32.200+0000] {dag.py:4180} INFO - Setting next_dagrun for example_subdag_operator to 2022-01-01 00:00:00+00:00, run_after=2022-01-01 00:00:00+00:00
[2025-02-07T08:02:32.202+0000] {logging_mixin.py:190} INFO - [2025-02-07T08:02:32.202+0000] {dag.py:4180} INFO - Setting next_dagrun for example_subdag_operator.section-1 to None, run_after=None
[2025-02-07T08:02:32.203+0000] {logging_mixin.py:190} INFO - [2025-02-07T08:02:32.203+0000] {dag.py:4180} INFO - Setting next_dagrun for example_subdag_operator.section-2 to None, run_after=None
[2025-02-07T08:02:32.207+0000] {logging_mixin.py:190} INFO - [2025-02-07T08:02:32.206+0000] {dag.py:3239} INFO - Sync 2 DAGs
[2025-02-07T08:02:32.209+0000] {logging_mixin.py:190} INFO - [2025-02-07T08:02:32.209+0000] {dag.py:4180} INFO - Setting next_dagrun for example_subdag_operator.section-1 to None, run_after=None
[2025-02-07T08:02:32.210+0000] {logging_mixin.py:190} INFO - [2025-02-07T08:02:32.210+0000] {dag.py:4180} INFO - Setting next_dagrun for example_subdag_operator.section-2 to None, run_after=None
[2025-02-07T08:02:32.215+0000] {processor.py:208} INFO - Processing /home/airflow/.local/lib/python3.12/site-packages/airflow/example_dags/example_subdag_operator.py took 0.072 seconds
[2025-02-07T08:03:02.970+0000] {processor.py:186} INFO - Started process (PID=559) to work on /home/airflow/.local/lib/python3.12/site-packages/airflow/example_dags/example_subdag_operator.py
[2025-02-07T08:03:02.970+0000] {processor.py:914} INFO - Processing file /home/airflow/.local/lib/python3.12/site-packages/airflow/example_dags/example_subdag_operator.py for tasks to queue
[2025-02-07T08:03:02.971+0000] {logging_mixin.py:190} INFO - [2025-02-07T08:03:02.971+0000] {dagbag.py:588} INFO - Filling up the DagBag from /home/airflow/.local/lib/python3.12/site-packages/airflow/example_dags/example_subdag_operator.py
[2025-02-07T08:03:02.985+0000] {processor.py:925} INFO - DAG(s) 'example_subdag_operator.section-1', 'example_subdag_operator.section-2', 'example_subdag_operator' retrieved from /home/airflow/.local/lib/python3.12/site-packages/airflow/example_dags/example_subdag_operator.py
[2025-02-07T08:03:02.993+0000] {logging_mixin.py:190} INFO - [2025-02-07T08:03:02.993+0000] {dag.py:3239} INFO - Sync 3 DAGs
[2025-02-07T08:03:03.006+0000] {logging_mixin.py:190} INFO - [2025-02-07T08:03:03.005+0000] {dag.py:4180} INFO - Setting next_dagrun for example_subdag_operator to 2022-01-01 00:00:00+00:00, run_after=2022-01-01 00:00:00+00:00
[2025-02-07T08:03:03.007+0000] {logging_mixin.py:190} INFO - [2025-02-07T08:03:03.007+0000] {dag.py:4180} INFO - Setting next_dagrun for example_subdag_operator.section-1 to None, run_after=None
[2025-02-07T08:03:03.008+0000] {logging_mixin.py:190} INFO - [2025-02-07T08:03:03.008+0000] {dag.py:4180} INFO - Setting next_dagrun for example_subdag_operator.section-2 to None, run_after=None
[2025-02-07T08:03:03.012+0000] {logging_mixin.py:190} INFO - [2025-02-07T08:03:03.011+0000] {dag.py:3239} INFO - Sync 2 DAGs
[2025-02-07T08:03:03.014+0000] {logging_mixin.py:190} INFO - [2025-02-07T08:03:03.014+0000] {dag.py:4180} INFO - Setting next_dagrun for example_subdag_operator.section-1 to None, run_after=None
[2025-02-07T08:03:03.014+0000] {logging_mixin.py:190} INFO - [2025-02-07T08:03:03.014+0000] {dag.py:4180} INFO - Setting next_dagrun for example_subdag_operator.section-2 to None, run_after=None
[2025-02-07T08:03:03.020+0000] {processor.py:208} INFO - Processing /home/airflow/.local/lib/python3.12/site-packages/airflow/example_dags/example_subdag_operator.py took 0.055 seconds
[2025-02-07T08:03:33.868+0000] {processor.py:186} INFO - Started process (PID=644) to work on /home/airflow/.local/lib/python3.12/site-packages/airflow/example_dags/example_subdag_operator.py
[2025-02-07T08:03:33.868+0000] {processor.py:914} INFO - Processing file /home/airflow/.local/lib/python3.12/site-packages/airflow/example_dags/example_subdag_operator.py for tasks to queue
[2025-02-07T08:03:33.869+0000] {logging_mixin.py:190} INFO - [2025-02-07T08:03:33.869+0000] {dagbag.py:588} INFO - Filling up the DagBag from /home/airflow/.local/lib/python3.12/site-packages/airflow/example_dags/example_subdag_operator.py
[2025-02-07T08:03:33.887+0000] {processor.py:925} INFO - DAG(s) 'example_subdag_operator.section-1', 'example_subdag_operator.section-2', 'example_subdag_operator' retrieved from /home/airflow/.local/lib/python3.12/site-packages/airflow/example_dags/example_subdag_operator.py
[2025-02-07T08:03:33.895+0000] {logging_mixin.py:190} INFO - [2025-02-07T08:03:33.895+0000] {dag.py:3239} INFO - Sync 3 DAGs
[2025-02-07T08:03:33.910+0000] {logging_mixin.py:190} INFO - [2025-02-07T08:03:33.909+0000] {dag.py:4180} INFO - Setting next_dagrun for example_subdag_operator to 2022-01-01 00:00:00+00:00, run_after=2022-01-01 00:00:00+00:00
[2025-02-07T08:03:33.913+0000] {logging_mixin.py:190} INFO - [2025-02-07T08:03:33.912+0000] {dag.py:4180} INFO - Setting next_dagrun for example_subdag_operator.section-1 to None, run_after=None
[2025-02-07T08:03:33.914+0000] {logging_mixin.py:190} INFO - [2025-02-07T08:03:33.914+0000] {dag.py:4180} INFO - Setting next_dagrun for example_subdag_operator.section-2 to None, run_after=None
[2025-02-07T08:03:33.920+0000] {logging_mixin.py:190} INFO - [2025-02-07T08:03:33.920+0000] {dag.py:3239} INFO - Sync 2 DAGs
[2025-02-07T08:03:33.925+0000] {logging_mixin.py:190} INFO - [2025-02-07T08:03:33.925+0000] {dag.py:4180} INFO - Setting next_dagrun for example_subdag_operator.section-1 to None, run_after=None
[2025-02-07T08:03:33.925+0000] {logging_mixin.py:190} INFO - [2025-02-07T08:03:33.925+0000] {dag.py:4180} INFO - Setting next_dagrun for example_subdag_operator.section-2 to None, run_after=None
[2025-02-07T08:03:33.935+0000] {processor.py:208} INFO - Processing /home/airflow/.local/lib/python3.12/site-packages/airflow/example_dags/example_subdag_operator.py took 0.071 seconds
[2025-02-07T08:04:04.860+0000] {processor.py:186} INFO - Started process (PID=729) to work on /home/airflow/.local/lib/python3.12/site-packages/airflow/example_dags/example_subdag_operator.py
[2025-02-07T08:04:04.861+0000] {processor.py:914} INFO - Processing file /home/airflow/.local/lib/python3.12/site-packages/airflow/example_dags/example_subdag_operator.py for tasks to queue
[2025-02-07T08:04:04.862+0000] {logging_mixin.py:190} INFO - [2025-02-07T08:04:04.862+0000] {dagbag.py:588} INFO - Filling up the DagBag from /home/airflow/.local/lib/python3.12/site-packages/airflow/example_dags/example_subdag_operator.py
[2025-02-07T08:04:04.882+0000] {processor.py:925} INFO - DAG(s) 'example_subdag_operator.section-1', 'example_subdag_operator.section-2', 'example_subdag_operator' retrieved from /home/airflow/.local/lib/python3.12/site-packages/airflow/example_dags/example_subdag_operator.py
[2025-02-07T08:04:04.894+0000] {logging_mixin.py:190} INFO - [2025-02-07T08:04:04.894+0000] {dag.py:3239} INFO - Sync 3 DAGs
[2025-02-07T08:04:04.908+0000] {logging_mixin.py:190} INFO - [2025-02-07T08:04:04.907+0000] {dag.py:4180} INFO - Setting next_dagrun for example_subdag_operator to 2022-01-01 00:00:00+00:00, run_after=2022-01-01 00:00:00+00:00
[2025-02-07T08:04:04.910+0000] {logging_mixin.py:190} INFO - [2025-02-07T08:04:04.910+0000] {dag.py:4180} INFO - Setting next_dagrun for example_subdag_operator.section-1 to None, run_after=None
[2025-02-07T08:04:04.911+0000] {logging_mixin.py:190} INFO - [2025-02-07T08:04:04.911+0000] {dag.py:4180} INFO - Setting next_dagrun for example_subdag_operator.section-2 to None, run_after=None
[2025-02-07T08:04:04.915+0000] {logging_mixin.py:190} INFO - [2025-02-07T08:04:04.915+0000] {dag.py:3239} INFO - Sync 2 DAGs
[2025-02-07T08:04:04.918+0000] {logging_mixin.py:190} INFO - [2025-02-07T08:04:04.918+0000] {dag.py:4180} INFO - Setting next_dagrun for example_subdag_operator.section-1 to None, run_after=None
[2025-02-07T08:04:04.918+0000] {logging_mixin.py:190} INFO - [2025-02-07T08:04:04.918+0000] {dag.py:4180} INFO - Setting next_dagrun for example_subdag_operator.section-2 to None, run_after=None
[2025-02-07T08:04:04.923+0000] {processor.py:208} INFO - Processing /home/airflow/.local/lib/python3.12/site-packages/airflow/example_dags/example_subdag_operator.py took 0.068 seconds
[2025-02-07T08:04:35.971+0000] {processor.py:186} INFO - Started process (PID=814) to work on /home/airflow/.local/lib/python3.12/site-packages/airflow/example_dags/example_subdag_operator.py
[2025-02-07T08:04:35.971+0000] {processor.py:914} INFO - Processing file /home/airflow/.local/lib/python3.12/site-packages/airflow/example_dags/example_subdag_operator.py for tasks to queue
[2025-02-07T08:04:35.972+0000] {logging_mixin.py:190} INFO - [2025-02-07T08:04:35.972+0000] {dagbag.py:588} INFO - Filling up the DagBag from /home/airflow/.local/lib/python3.12/site-packages/airflow/example_dags/example_subdag_operator.py
[2025-02-07T08:04:35.987+0000] {processor.py:925} INFO - DAG(s) 'example_subdag_operator.section-1', 'example_subdag_operator.section-2', 'example_subdag_operator' retrieved from /home/airflow/.local/lib/python3.12/site-packages/airflow/example_dags/example_subdag_operator.py
[2025-02-07T08:04:35.996+0000] {logging_mixin.py:190} INFO - [2025-02-07T08:04:35.996+0000] {dag.py:3239} INFO - Sync 3 DAGs
[2025-02-07T08:04:36.009+0000] {logging_mixin.py:190} INFO - [2025-02-07T08:04:36.009+0000] {dag.py:4180} INFO - Setting next_dagrun for example_subdag_operator to 2022-01-01 00:00:00+00:00, run_after=2022-01-01 00:00:00+00:00
[2025-02-07T08:04:36.011+0000] {logging_mixin.py:190} INFO - [2025-02-07T08:04:36.011+0000] {dag.py:4180} INFO - Setting next_dagrun for example_subdag_operator.section-1 to None, run_after=None
[2025-02-07T08:04:36.012+0000] {logging_mixin.py:190} INFO - [2025-02-07T08:04:36.011+0000] {dag.py:4180} INFO - Setting next_dagrun for example_subdag_operator.section-2 to None, run_after=None
[2025-02-07T08:04:36.015+0000] {logging_mixin.py:190} INFO - [2025-02-07T08:04:36.015+0000] {dag.py:3239} INFO - Sync 2 DAGs
[2025-02-07T08:04:36.018+0000] {logging_mixin.py:190} INFO - [2025-02-07T08:04:36.018+0000] {dag.py:4180} INFO - Setting next_dagrun for example_subdag_operator.section-1 to None, run_after=None
[2025-02-07T08:04:36.018+0000] {logging_mixin.py:190} INFO - [2025-02-07T08:04:36.018+0000] {dag.py:4180} INFO - Setting next_dagrun for example_subdag_operator.section-2 to None, run_after=None
[2025-02-07T08:04:36.024+0000] {processor.py:208} INFO - Processing /home/airflow/.local/lib/python3.12/site-packages/airflow/example_dags/example_subdag_operator.py took 0.058 seconds
[2025-02-07T08:05:06.873+0000] {processor.py:186} INFO - Started process (PID=899) to work on /home/airflow/.local/lib/python3.12/site-packages/airflow/example_dags/example_subdag_operator.py
[2025-02-07T08:05:06.874+0000] {processor.py:914} INFO - Processing file /home/airflow/.local/lib/python3.12/site-packages/airflow/example_dags/example_subdag_operator.py for tasks to queue
[2025-02-07T08:05:06.876+0000] {logging_mixin.py:190} INFO - [2025-02-07T08:05:06.875+0000] {dagbag.py:588} INFO - Filling up the DagBag from /home/airflow/.local/lib/python3.12/site-packages/airflow/example_dags/example_subdag_operator.py
[2025-02-07T08:05:06.890+0000] {processor.py:925} INFO - DAG(s) 'example_subdag_operator.section-1', 'example_subdag_operator.section-2', 'example_subdag_operator' retrieved from /home/airflow/.local/lib/python3.12/site-packages/airflow/example_dags/example_subdag_operator.py
[2025-02-07T08:05:06.899+0000] {logging_mixin.py:190} INFO - [2025-02-07T08:05:06.899+0000] {dag.py:3239} INFO - Sync 3 DAGs
[2025-02-07T08:05:06.912+0000] {logging_mixin.py:190} INFO - [2025-02-07T08:05:06.912+0000] {dag.py:4180} INFO - Setting next_dagrun for example_subdag_operator to 2022-01-01 00:00:00+00:00, run_after=2022-01-01 00:00:00+00:00
[2025-02-07T08:05:06.914+0000] {logging_mixin.py:190} INFO - [2025-02-07T08:05:06.914+0000] {dag.py:4180} INFO - Setting next_dagrun for example_subdag_operator.section-1 to None, run_after=None
[2025-02-07T08:05:06.915+0000] {logging_mixin.py:190} INFO - [2025-02-07T08:05:06.915+0000] {dag.py:4180} INFO - Setting next_dagrun for example_subdag_operator.section-2 to None, run_after=None
[2025-02-07T08:05:06.918+0000] {logging_mixin.py:190} INFO - [2025-02-07T08:05:06.918+0000] {dag.py:3239} INFO - Sync 2 DAGs
[2025-02-07T08:05:06.921+0000] {logging_mixin.py:190} INFO - [2025-02-07T08:05:06.921+0000] {dag.py:4180} INFO - Setting next_dagrun for example_subdag_operator.section-1 to None, run_after=None
[2025-02-07T08:05:06.922+0000] {logging_mixin.py:190} INFO - [2025-02-07T08:05:06.922+0000] {dag.py:4180} INFO - Setting next_dagrun for example_subdag_operator.section-2 to None, run_after=None
[2025-02-07T08:05:06.930+0000] {processor.py:208} INFO - Processing /home/airflow/.local/lib/python3.12/site-packages/airflow/example_dags/example_subdag_operator.py took 0.063 seconds
[2025-02-07T08:05:38.171+0000] {processor.py:186} INFO - Started process (PID=985) to work on /home/airflow/.local/lib/python3.12/site-packages/airflow/example_dags/example_subdag_operator.py
[2025-02-07T08:05:38.171+0000] {processor.py:914} INFO - Processing file /home/airflow/.local/lib/python3.12/site-packages/airflow/example_dags/example_subdag_operator.py for tasks to queue
[2025-02-07T08:05:38.172+0000] {logging_mixin.py:190} INFO - [2025-02-07T08:05:38.172+0000] {dagbag.py:588} INFO - Filling up the DagBag from /home/airflow/.local/lib/python3.12/site-packages/airflow/example_dags/example_subdag_operator.py
[2025-02-07T08:05:38.191+0000] {processor.py:925} INFO - DAG(s) 'example_subdag_operator.section-1', 'example_subdag_operator.section-2', 'example_subdag_operator' retrieved from /home/airflow/.local/lib/python3.12/site-packages/airflow/example_dags/example_subdag_operator.py
[2025-02-07T08:05:38.203+0000] {logging_mixin.py:190} INFO - [2025-02-07T08:05:38.202+0000] {dag.py:3239} INFO - Sync 3 DAGs
[2025-02-07T08:05:38.217+0000] {logging_mixin.py:190} INFO - [2025-02-07T08:05:38.217+0000] {dag.py:4180} INFO - Setting next_dagrun for example_subdag_operator to 2022-01-01 00:00:00+00:00, run_after=2022-01-01 00:00:00+00:00
[2025-02-07T08:05:38.220+0000] {logging_mixin.py:190} INFO - [2025-02-07T08:05:38.219+0000] {dag.py:4180} INFO - Setting next_dagrun for example_subdag_operator.section-1 to None, run_after=None
[2025-02-07T08:05:38.220+0000] {logging_mixin.py:190} INFO - [2025-02-07T08:05:38.220+0000] {dag.py:4180} INFO - Setting next_dagrun for example_subdag_operator.section-2 to None, run_after=None
[2025-02-07T08:05:38.224+0000] {logging_mixin.py:190} INFO - [2025-02-07T08:05:38.224+0000] {dag.py:3239} INFO - Sync 2 DAGs
[2025-02-07T08:05:38.228+0000] {logging_mixin.py:190} INFO - [2025-02-07T08:05:38.228+0000] {dag.py:4180} INFO - Setting next_dagrun for example_subdag_operator.section-1 to None, run_after=None
[2025-02-07T08:05:38.228+0000] {logging_mixin.py:190} INFO - [2025-02-07T08:05:38.228+0000] {dag.py:4180} INFO - Setting next_dagrun for example_subdag_operator.section-2 to None, run_after=None
[2025-02-07T08:05:38.235+0000] {processor.py:208} INFO - Processing /home/airflow/.local/lib/python3.12/site-packages/airflow/example_dags/example_subdag_operator.py took 0.068 seconds
[2025-02-07T08:06:09.214+0000] {processor.py:186} INFO - Started process (PID=1070) to work on /home/airflow/.local/lib/python3.12/site-packages/airflow/example_dags/example_subdag_operator.py
[2025-02-07T08:06:09.215+0000] {processor.py:914} INFO - Processing file /home/airflow/.local/lib/python3.12/site-packages/airflow/example_dags/example_subdag_operator.py for tasks to queue
[2025-02-07T08:06:09.217+0000] {logging_mixin.py:190} INFO - [2025-02-07T08:06:09.217+0000] {dagbag.py:588} INFO - Filling up the DagBag from /home/airflow/.local/lib/python3.12/site-packages/airflow/example_dags/example_subdag_operator.py
[2025-02-07T08:06:09.238+0000] {processor.py:925} INFO - DAG(s) 'example_subdag_operator.section-1', 'example_subdag_operator.section-2', 'example_subdag_operator' retrieved from /home/airflow/.local/lib/python3.12/site-packages/airflow/example_dags/example_subdag_operator.py
[2025-02-07T08:06:09.246+0000] {logging_mixin.py:190} INFO - [2025-02-07T08:06:09.246+0000] {dag.py:3239} INFO - Sync 3 DAGs
[2025-02-07T08:06:09.260+0000] {logging_mixin.py:190} INFO - [2025-02-07T08:06:09.260+0000] {dag.py:4180} INFO - Setting next_dagrun for example_subdag_operator to 2022-01-01 00:00:00+00:00, run_after=2022-01-01 00:00:00+00:00
[2025-02-07T08:06:09.262+0000] {logging_mixin.py:190} INFO - [2025-02-07T08:06:09.262+0000] {dag.py:4180} INFO - Setting next_dagrun for example_subdag_operator.section-1 to None, run_after=None
[2025-02-07T08:06:09.262+0000] {logging_mixin.py:190} INFO - [2025-02-07T08:06:09.262+0000] {dag.py:4180} INFO - Setting next_dagrun for example_subdag_operator.section-2 to None, run_after=None
[2025-02-07T08:06:09.266+0000] {logging_mixin.py:190} INFO - [2025-02-07T08:06:09.266+0000] {dag.py:3239} INFO - Sync 2 DAGs
[2025-02-07T08:06:09.269+0000] {logging_mixin.py:190} INFO - [2025-02-07T08:06:09.269+0000] {dag.py:4180} INFO - Setting next_dagrun for example_subdag_operator.section-1 to None, run_after=None
[2025-02-07T08:06:09.269+0000] {logging_mixin.py:190} INFO - [2025-02-07T08:06:09.269+0000] {dag.py:4180} INFO - Setting next_dagrun for example_subdag_operator.section-2 to None, run_after=None
[2025-02-07T08:06:09.277+0000] {processor.py:208} INFO - Processing /home/airflow/.local/lib/python3.12/site-packages/airflow/example_dags/example_subdag_operator.py took 0.070 seconds
[2025-02-07T08:06:40.149+0000] {processor.py:186} INFO - Started process (PID=1155) to work on /home/airflow/.local/lib/python3.12/site-packages/airflow/example_dags/example_subdag_operator.py
[2025-02-07T08:06:40.150+0000] {processor.py:914} INFO - Processing file /home/airflow/.local/lib/python3.12/site-packages/airflow/example_dags/example_subdag_operator.py for tasks to queue
[2025-02-07T08:06:40.151+0000] {logging_mixin.py:190} INFO - [2025-02-07T08:06:40.151+0000] {dagbag.py:588} INFO - Filling up the DagBag from /home/airflow/.local/lib/python3.12/site-packages/airflow/example_dags/example_subdag_operator.py
[2025-02-07T08:06:40.173+0000] {processor.py:925} INFO - DAG(s) 'example_subdag_operator.section-1', 'example_subdag_operator.section-2', 'example_subdag_operator' retrieved from /home/airflow/.local/lib/python3.12/site-packages/airflow/example_dags/example_subdag_operator.py
[2025-02-07T08:06:40.185+0000] {logging_mixin.py:190} INFO - [2025-02-07T08:06:40.185+0000] {dag.py:3239} INFO - Sync 3 DAGs
[2025-02-07T08:06:40.201+0000] {logging_mixin.py:190} INFO - [2025-02-07T08:06:40.201+0000] {dag.py:4180} INFO - Setting next_dagrun for example_subdag_operator to 2022-01-01 00:00:00+00:00, run_after=2022-01-01 00:00:00+00:00
[2025-02-07T08:06:40.204+0000] {logging_mixin.py:190} INFO - [2025-02-07T08:06:40.204+0000] {dag.py:4180} INFO - Setting next_dagrun for example_subdag_operator.section-1 to None, run_after=None
[2025-02-07T08:06:40.204+0000] {logging_mixin.py:190} INFO - [2025-02-07T08:06:40.204+0000] {dag.py:4180} INFO - Setting next_dagrun for example_subdag_operator.section-2 to None, run_after=None
[2025-02-07T08:06:40.208+0000] {logging_mixin.py:190} INFO - [2025-02-07T08:06:40.208+0000] {dag.py:3239} INFO - Sync 2 DAGs
[2025-02-07T08:06:40.212+0000] {logging_mixin.py:190} INFO - [2025-02-07T08:06:40.212+0000] {dag.py:4180} INFO - Setting next_dagrun for example_subdag_operator.section-1 to None, run_after=None
[2025-02-07T08:06:40.212+0000] {logging_mixin.py:190} INFO - [2025-02-07T08:06:40.212+0000] {dag.py:4180} INFO - Setting next_dagrun for example_subdag_operator.section-2 to None, run_after=None
[2025-02-07T08:06:40.218+0000] {processor.py:208} INFO - Processing /home/airflow/.local/lib/python3.12/site-packages/airflow/example_dags/example_subdag_operator.py took 0.072 seconds
[2025-02-07T08:07:11.143+0000] {processor.py:186} INFO - Started process (PID=1240) to work on /home/airflow/.local/lib/python3.12/site-packages/airflow/example_dags/example_subdag_operator.py
[2025-02-07T08:07:11.144+0000] {processor.py:914} INFO - Processing file /home/airflow/.local/lib/python3.12/site-packages/airflow/example_dags/example_subdag_operator.py for tasks to queue
[2025-02-07T08:07:11.145+0000] {logging_mixin.py:190} INFO - [2025-02-07T08:07:11.145+0000] {dagbag.py:588} INFO - Filling up the DagBag from /home/airflow/.local/lib/python3.12/site-packages/airflow/example_dags/example_subdag_operator.py
[2025-02-07T08:07:11.160+0000] {processor.py:925} INFO - DAG(s) 'example_subdag_operator.section-1', 'example_subdag_operator.section-2', 'example_subdag_operator' retrieved from /home/airflow/.local/lib/python3.12/site-packages/airflow/example_dags/example_subdag_operator.py
[2025-02-07T08:07:11.168+0000] {logging_mixin.py:190} INFO - [2025-02-07T08:07:11.168+0000] {dag.py:3239} INFO - Sync 3 DAGs
[2025-02-07T08:07:11.182+0000] {logging_mixin.py:190} INFO - [2025-02-07T08:07:11.182+0000] {dag.py:4180} INFO - Setting next_dagrun for example_subdag_operator to 2022-01-01 00:00:00+00:00, run_after=2022-01-01 00:00:00+00:00
[2025-02-07T08:07:11.184+0000] {logging_mixin.py:190} INFO - [2025-02-07T08:07:11.184+0000] {dag.py:4180} INFO - Setting next_dagrun for example_subdag_operator.section-1 to None, run_after=None
[2025-02-07T08:07:11.185+0000] {logging_mixin.py:190} INFO - [2025-02-07T08:07:11.185+0000] {dag.py:4180} INFO - Setting next_dagrun for example_subdag_operator.section-2 to None, run_after=None
[2025-02-07T08:07:11.189+0000] {logging_mixin.py:190} INFO - [2025-02-07T08:07:11.189+0000] {dag.py:3239} INFO - Sync 2 DAGs
[2025-02-07T08:07:11.192+0000] {logging_mixin.py:190} INFO - [2025-02-07T08:07:11.192+0000] {dag.py:4180} INFO - Setting next_dagrun for example_subdag_operator.section-1 to None, run_after=None
[2025-02-07T08:07:11.193+0000] {logging_mixin.py:190} INFO - [2025-02-07T08:07:11.193+0000] {dag.py:4180} INFO - Setting next_dagrun for example_subdag_operator.section-2 to None, run_after=None
[2025-02-07T08:07:11.199+0000] {processor.py:208} INFO - Processing /home/airflow/.local/lib/python3.12/site-packages/airflow/example_dags/example_subdag_operator.py took 0.059 seconds
[2025-02-07T08:07:41.628+0000] {processor.py:186} INFO - Started process (PID=1325) to work on /home/airflow/.local/lib/python3.12/site-packages/airflow/example_dags/example_subdag_operator.py
[2025-02-07T08:07:41.628+0000] {processor.py:914} INFO - Processing file /home/airflow/.local/lib/python3.12/site-packages/airflow/example_dags/example_subdag_operator.py for tasks to queue
[2025-02-07T08:07:41.630+0000] {logging_mixin.py:190} INFO - [2025-02-07T08:07:41.629+0000] {dagbag.py:588} INFO - Filling up the DagBag from /home/airflow/.local/lib/python3.12/site-packages/airflow/example_dags/example_subdag_operator.py
[2025-02-07T08:07:41.646+0000] {processor.py:925} INFO - DAG(s) 'example_subdag_operator.section-1', 'example_subdag_operator.section-2', 'example_subdag_operator' retrieved from /home/airflow/.local/lib/python3.12/site-packages/airflow/example_dags/example_subdag_operator.py
[2025-02-07T08:07:41.654+0000] {logging_mixin.py:190} INFO - [2025-02-07T08:07:41.654+0000] {dag.py:3239} INFO - Sync 3 DAGs
[2025-02-07T08:07:41.669+0000] {logging_mixin.py:190} INFO - [2025-02-07T08:07:41.669+0000] {dag.py:4180} INFO - Setting next_dagrun for example_subdag_operator to 2022-01-01 00:00:00+00:00, run_after=2022-01-01 00:00:00+00:00
[2025-02-07T08:07:41.671+0000] {logging_mixin.py:190} INFO - [2025-02-07T08:07:41.671+0000] {dag.py:4180} INFO - Setting next_dagrun for example_subdag_operator.section-1 to None, run_after=None
[2025-02-07T08:07:41.672+0000] {logging_mixin.py:190} INFO - [2025-02-07T08:07:41.672+0000] {dag.py:4180} INFO - Setting next_dagrun for example_subdag_operator.section-2 to None, run_after=None
[2025-02-07T08:07:41.676+0000] {logging_mixin.py:190} INFO - [2025-02-07T08:07:41.676+0000] {dag.py:3239} INFO - Sync 2 DAGs
[2025-02-07T08:07:41.680+0000] {logging_mixin.py:190} INFO - [2025-02-07T08:07:41.680+0000] {dag.py:4180} INFO - Setting next_dagrun for example_subdag_operator.section-1 to None, run_after=None
[2025-02-07T08:07:41.680+0000] {logging_mixin.py:190} INFO - [2025-02-07T08:07:41.680+0000] {dag.py:4180} INFO - Setting next_dagrun for example_subdag_operator.section-2 to None, run_after=None
[2025-02-07T08:07:41.686+0000] {processor.py:208} INFO - Processing /home/airflow/.local/lib/python3.12/site-packages/airflow/example_dags/example_subdag_operator.py took 0.062 seconds
[2025-02-07T08:08:11.863+0000] {processor.py:186} INFO - Started process (PID=1390) to work on /home/airflow/.local/lib/python3.12/site-packages/airflow/example_dags/example_subdag_operator.py
[2025-02-07T08:08:11.864+0000] {processor.py:914} INFO - Processing file /home/airflow/.local/lib/python3.12/site-packages/airflow/example_dags/example_subdag_operator.py for tasks to queue
[2025-02-07T08:08:11.865+0000] {logging_mixin.py:190} INFO - [2025-02-07T08:08:11.865+0000] {dagbag.py:588} INFO - Filling up the DagBag from /home/airflow/.local/lib/python3.12/site-packages/airflow/example_dags/example_subdag_operator.py
[2025-02-07T08:08:11.882+0000] {processor.py:925} INFO - DAG(s) 'example_subdag_operator.section-1', 'example_subdag_operator.section-2', 'example_subdag_operator' retrieved from /home/airflow/.local/lib/python3.12/site-packages/airflow/example_dags/example_subdag_operator.py
[2025-02-07T08:08:11.891+0000] {logging_mixin.py:190} INFO - [2025-02-07T08:08:11.891+0000] {dag.py:3239} INFO - Sync 3 DAGs
[2025-02-07T08:08:11.904+0000] {logging_mixin.py:190} INFO - [2025-02-07T08:08:11.904+0000] {dag.py:4180} INFO - Setting next_dagrun for example_subdag_operator to 2022-01-01 00:00:00+00:00, run_after=2022-01-01 00:00:00+00:00
[2025-02-07T08:08:11.906+0000] {logging_mixin.py:190} INFO - [2025-02-07T08:08:11.906+0000] {dag.py:4180} INFO - Setting next_dagrun for example_subdag_operator.section-1 to None, run_after=None
[2025-02-07T08:08:11.906+0000] {logging_mixin.py:190} INFO - [2025-02-07T08:08:11.906+0000] {dag.py:4180} INFO - Setting next_dagrun for example_subdag_operator.section-2 to None, run_after=None
[2025-02-07T08:08:11.910+0000] {logging_mixin.py:190} INFO - [2025-02-07T08:08:11.910+0000] {dag.py:3239} INFO - Sync 2 DAGs
[2025-02-07T08:08:11.914+0000] {logging_mixin.py:190} INFO - [2025-02-07T08:08:11.913+0000] {dag.py:4180} INFO - Setting next_dagrun for example_subdag_operator.section-1 to None, run_after=None
[2025-02-07T08:08:11.914+0000] {logging_mixin.py:190} INFO - [2025-02-07T08:08:11.914+0000] {dag.py:4180} INFO - Setting next_dagrun for example_subdag_operator.section-2 to None, run_after=None
[2025-02-07T08:08:11.920+0000] {processor.py:208} INFO - Processing /home/airflow/.local/lib/python3.12/site-packages/airflow/example_dags/example_subdag_operator.py took 0.060 seconds
[2025-02-07T08:08:42.633+0000] {processor.py:186} INFO - Started process (PID=1472) to work on /home/airflow/.local/lib/python3.12/site-packages/airflow/example_dags/example_subdag_operator.py
[2025-02-07T08:08:42.633+0000] {processor.py:914} INFO - Processing file /home/airflow/.local/lib/python3.12/site-packages/airflow/example_dags/example_subdag_operator.py for tasks to queue
[2025-02-07T08:08:42.635+0000] {logging_mixin.py:190} INFO - [2025-02-07T08:08:42.635+0000] {dagbag.py:588} INFO - Filling up the DagBag from /home/airflow/.local/lib/python3.12/site-packages/airflow/example_dags/example_subdag_operator.py
[2025-02-07T08:08:42.658+0000] {processor.py:925} INFO - DAG(s) 'example_subdag_operator.section-1', 'example_subdag_operator.section-2', 'example_subdag_operator' retrieved from /home/airflow/.local/lib/python3.12/site-packages/airflow/example_dags/example_subdag_operator.py
[2025-02-07T08:08:42.667+0000] {logging_mixin.py:190} INFO - [2025-02-07T08:08:42.667+0000] {dag.py:3239} INFO - Sync 3 DAGs
[2025-02-07T08:08:42.685+0000] {logging_mixin.py:190} INFO - [2025-02-07T08:08:42.685+0000] {dag.py:4180} INFO - Setting next_dagrun for example_subdag_operator to 2022-01-01 00:00:00+00:00, run_after=2022-01-01 00:00:00+00:00
[2025-02-07T08:08:42.688+0000] {logging_mixin.py:190} INFO - [2025-02-07T08:08:42.688+0000] {dag.py:4180} INFO - Setting next_dagrun for example_subdag_operator.section-1 to None, run_after=None
[2025-02-07T08:08:42.689+0000] {logging_mixin.py:190} INFO - [2025-02-07T08:08:42.689+0000] {dag.py:4180} INFO - Setting next_dagrun for example_subdag_operator.section-2 to None, run_after=None
[2025-02-07T08:08:42.693+0000] {logging_mixin.py:190} INFO - [2025-02-07T08:08:42.693+0000] {dag.py:3239} INFO - Sync 2 DAGs
[2025-02-07T08:08:42.696+0000] {logging_mixin.py:190} INFO - [2025-02-07T08:08:42.696+0000] {dag.py:4180} INFO - Setting next_dagrun for example_subdag_operator.section-1 to None, run_after=None
[2025-02-07T08:08:42.696+0000] {logging_mixin.py:190} INFO - [2025-02-07T08:08:42.696+0000] {dag.py:4180} INFO - Setting next_dagrun for example_subdag_operator.section-2 to None, run_after=None
[2025-02-07T08:08:42.706+0000] {processor.py:208} INFO - Processing /home/airflow/.local/lib/python3.12/site-packages/airflow/example_dags/example_subdag_operator.py took 0.078 seconds
[2025-02-07T08:09:13.821+0000] {processor.py:186} INFO - Started process (PID=1558) to work on /home/airflow/.local/lib/python3.12/site-packages/airflow/example_dags/example_subdag_operator.py
[2025-02-07T08:09:13.821+0000] {processor.py:914} INFO - Processing file /home/airflow/.local/lib/python3.12/site-packages/airflow/example_dags/example_subdag_operator.py for tasks to queue
[2025-02-07T08:09:13.822+0000] {logging_mixin.py:190} INFO - [2025-02-07T08:09:13.822+0000] {dagbag.py:588} INFO - Filling up the DagBag from /home/airflow/.local/lib/python3.12/site-packages/airflow/example_dags/example_subdag_operator.py
[2025-02-07T08:09:13.836+0000] {processor.py:925} INFO - DAG(s) 'example_subdag_operator.section-1', 'example_subdag_operator.section-2', 'example_subdag_operator' retrieved from /home/airflow/.local/lib/python3.12/site-packages/airflow/example_dags/example_subdag_operator.py
[2025-02-07T08:09:13.844+0000] {logging_mixin.py:190} INFO - [2025-02-07T08:09:13.843+0000] {dag.py:3239} INFO - Sync 3 DAGs
[2025-02-07T08:09:13.856+0000] {logging_mixin.py:190} INFO - [2025-02-07T08:09:13.856+0000] {dag.py:4180} INFO - Setting next_dagrun for example_subdag_operator to 2022-01-01 00:00:00+00:00, run_after=2022-01-01 00:00:00+00:00
[2025-02-07T08:09:13.858+0000] {logging_mixin.py:190} INFO - [2025-02-07T08:09:13.858+0000] {dag.py:4180} INFO - Setting next_dagrun for example_subdag_operator.section-1 to None, run_after=None
[2025-02-07T08:09:13.859+0000] {logging_mixin.py:190} INFO - [2025-02-07T08:09:13.859+0000] {dag.py:4180} INFO - Setting next_dagrun for example_subdag_operator.section-2 to None, run_after=None
[2025-02-07T08:09:13.862+0000] {logging_mixin.py:190} INFO - [2025-02-07T08:09:13.862+0000] {dag.py:3239} INFO - Sync 2 DAGs
[2025-02-07T08:09:13.865+0000] {logging_mixin.py:190} INFO - [2025-02-07T08:09:13.865+0000] {dag.py:4180} INFO - Setting next_dagrun for example_subdag_operator.section-1 to None, run_after=None
[2025-02-07T08:09:13.866+0000] {logging_mixin.py:190} INFO - [2025-02-07T08:09:13.866+0000] {dag.py:4180} INFO - Setting next_dagrun for example_subdag_operator.section-2 to None, run_after=None
[2025-02-07T08:09:13.871+0000] {processor.py:208} INFO - Processing /home/airflow/.local/lib/python3.12/site-packages/airflow/example_dags/example_subdag_operator.py took 0.054 seconds
[2025-02-07T08:09:44.678+0000] {processor.py:186} INFO - Started process (PID=1642) to work on /home/airflow/.local/lib/python3.12/site-packages/airflow/example_dags/example_subdag_operator.py
[2025-02-07T08:09:44.679+0000] {processor.py:914} INFO - Processing file /home/airflow/.local/lib/python3.12/site-packages/airflow/example_dags/example_subdag_operator.py for tasks to queue
[2025-02-07T08:09:44.681+0000] {logging_mixin.py:190} INFO - [2025-02-07T08:09:44.680+0000] {dagbag.py:588} INFO - Filling up the DagBag from /home/airflow/.local/lib/python3.12/site-packages/airflow/example_dags/example_subdag_operator.py
[2025-02-07T08:09:44.701+0000] {processor.py:925} INFO - DAG(s) 'example_subdag_operator.section-1', 'example_subdag_operator.section-2', 'example_subdag_operator' retrieved from /home/airflow/.local/lib/python3.12/site-packages/airflow/example_dags/example_subdag_operator.py
[2025-02-07T08:09:44.714+0000] {logging_mixin.py:190} INFO - [2025-02-07T08:09:44.713+0000] {dag.py:3239} INFO - Sync 3 DAGs
[2025-02-07T08:09:44.728+0000] {logging_mixin.py:190} INFO - [2025-02-07T08:09:44.728+0000] {dag.py:4180} INFO - Setting next_dagrun for example_subdag_operator to 2022-01-01 00:00:00+00:00, run_after=2022-01-01 00:00:00+00:00
[2025-02-07T08:09:44.731+0000] {logging_mixin.py:190} INFO - [2025-02-07T08:09:44.730+0000] {dag.py:4180} INFO - Setting next_dagrun for example_subdag_operator.section-1 to None, run_after=None
[2025-02-07T08:09:44.731+0000] {logging_mixin.py:190} INFO - [2025-02-07T08:09:44.731+0000] {dag.py:4180} INFO - Setting next_dagrun for example_subdag_operator.section-2 to None, run_after=None
[2025-02-07T08:09:44.735+0000] {logging_mixin.py:190} INFO - [2025-02-07T08:09:44.735+0000] {dag.py:3239} INFO - Sync 2 DAGs
[2025-02-07T08:09:44.738+0000] {logging_mixin.py:190} INFO - [2025-02-07T08:09:44.738+0000] {dag.py:4180} INFO - Setting next_dagrun for example_subdag_operator.section-1 to None, run_after=None
[2025-02-07T08:09:44.739+0000] {logging_mixin.py:190} INFO - [2025-02-07T08:09:44.739+0000] {dag.py:4180} INFO - Setting next_dagrun for example_subdag_operator.section-2 to None, run_after=None
[2025-02-07T08:09:44.748+0000] {processor.py:208} INFO - Processing /home/airflow/.local/lib/python3.12/site-packages/airflow/example_dags/example_subdag_operator.py took 0.077 seconds
[2025-02-07T08:10:15.729+0000] {processor.py:186} INFO - Started process (PID=1728) to work on /home/airflow/.local/lib/python3.12/site-packages/airflow/example_dags/example_subdag_operator.py
[2025-02-07T08:10:15.729+0000] {processor.py:914} INFO - Processing file /home/airflow/.local/lib/python3.12/site-packages/airflow/example_dags/example_subdag_operator.py for tasks to queue
[2025-02-07T08:10:15.731+0000] {logging_mixin.py:190} INFO - [2025-02-07T08:10:15.730+0000] {dagbag.py:588} INFO - Filling up the DagBag from /home/airflow/.local/lib/python3.12/site-packages/airflow/example_dags/example_subdag_operator.py
[2025-02-07T08:10:15.750+0000] {processor.py:925} INFO - DAG(s) 'example_subdag_operator.section-1', 'example_subdag_operator.section-2', 'example_subdag_operator' retrieved from /home/airflow/.local/lib/python3.12/site-packages/airflow/example_dags/example_subdag_operator.py
[2025-02-07T08:10:15.763+0000] {logging_mixin.py:190} INFO - [2025-02-07T08:10:15.763+0000] {dag.py:3239} INFO - Sync 3 DAGs
[2025-02-07T08:10:15.779+0000] {logging_mixin.py:190} INFO - [2025-02-07T08:10:15.779+0000] {dag.py:4180} INFO - Setting next_dagrun for example_subdag_operator to 2022-01-01 00:00:00+00:00, run_after=2022-01-01 00:00:00+00:00
[2025-02-07T08:10:15.783+0000] {logging_mixin.py:190} INFO - [2025-02-07T08:10:15.783+0000] {dag.py:4180} INFO - Setting next_dagrun for example_subdag_operator.section-1 to None, run_after=None
[2025-02-07T08:10:15.784+0000] {logging_mixin.py:190} INFO - [2025-02-07T08:10:15.784+0000] {dag.py:4180} INFO - Setting next_dagrun for example_subdag_operator.section-2 to None, run_after=None
[2025-02-07T08:10:15.790+0000] {logging_mixin.py:190} INFO - [2025-02-07T08:10:15.790+0000] {dag.py:3239} INFO - Sync 2 DAGs
[2025-02-07T08:10:15.795+0000] {logging_mixin.py:190} INFO - [2025-02-07T08:10:15.795+0000] {dag.py:4180} INFO - Setting next_dagrun for example_subdag_operator.section-1 to None, run_after=None
[2025-02-07T08:10:15.796+0000] {logging_mixin.py:190} INFO - [2025-02-07T08:10:15.795+0000] {dag.py:4180} INFO - Setting next_dagrun for example_subdag_operator.section-2 to None, run_after=None
[2025-02-07T08:10:15.805+0000] {processor.py:208} INFO - Processing /home/airflow/.local/lib/python3.12/site-packages/airflow/example_dags/example_subdag_operator.py took 0.080 seconds
[2025-02-07T08:10:46.541+0000] {processor.py:186} INFO - Started process (PID=1813) to work on /home/airflow/.local/lib/python3.12/site-packages/airflow/example_dags/example_subdag_operator.py
[2025-02-07T08:10:46.542+0000] {processor.py:914} INFO - Processing file /home/airflow/.local/lib/python3.12/site-packages/airflow/example_dags/example_subdag_operator.py for tasks to queue
[2025-02-07T08:10:46.543+0000] {logging_mixin.py:190} INFO - [2025-02-07T08:10:46.543+0000] {dagbag.py:588} INFO - Filling up the DagBag from /home/airflow/.local/lib/python3.12/site-packages/airflow/example_dags/example_subdag_operator.py
[2025-02-07T08:10:46.562+0000] {processor.py:925} INFO - DAG(s) 'example_subdag_operator.section-1', 'example_subdag_operator.section-2', 'example_subdag_operator' retrieved from /home/airflow/.local/lib/python3.12/site-packages/airflow/example_dags/example_subdag_operator.py
[2025-02-07T08:10:46.576+0000] {logging_mixin.py:190} INFO - [2025-02-07T08:10:46.576+0000] {dag.py:3239} INFO - Sync 3 DAGs
[2025-02-07T08:10:46.595+0000] {logging_mixin.py:190} INFO - [2025-02-07T08:10:46.595+0000] {dag.py:4180} INFO - Setting next_dagrun for example_subdag_operator to 2022-01-01 00:00:00+00:00, run_after=2022-01-01 00:00:00+00:00
[2025-02-07T08:10:46.598+0000] {logging_mixin.py:190} INFO - [2025-02-07T08:10:46.598+0000] {dag.py:4180} INFO - Setting next_dagrun for example_subdag_operator.section-1 to None, run_after=None
[2025-02-07T08:10:46.599+0000] {logging_mixin.py:190} INFO - [2025-02-07T08:10:46.599+0000] {dag.py:4180} INFO - Setting next_dagrun for example_subdag_operator.section-2 to None, run_after=None
[2025-02-07T08:10:46.606+0000] {logging_mixin.py:190} INFO - [2025-02-07T08:10:46.606+0000] {dag.py:3239} INFO - Sync 2 DAGs
[2025-02-07T08:10:46.612+0000] {logging_mixin.py:190} INFO - [2025-02-07T08:10:46.612+0000] {dag.py:4180} INFO - Setting next_dagrun for example_subdag_operator.section-1 to None, run_after=None
[2025-02-07T08:10:46.612+0000] {logging_mixin.py:190} INFO - [2025-02-07T08:10:46.612+0000] {dag.py:4180} INFO - Setting next_dagrun for example_subdag_operator.section-2 to None, run_after=None
[2025-02-07T08:10:46.622+0000] {processor.py:208} INFO - Processing /home/airflow/.local/lib/python3.12/site-packages/airflow/example_dags/example_subdag_operator.py took 0.084 seconds
[2025-02-07T08:11:16.667+0000] {processor.py:186} INFO - Started process (PID=1897) to work on /home/airflow/.local/lib/python3.12/site-packages/airflow/example_dags/example_subdag_operator.py
[2025-02-07T08:11:16.668+0000] {processor.py:914} INFO - Processing file /home/airflow/.local/lib/python3.12/site-packages/airflow/example_dags/example_subdag_operator.py for tasks to queue
[2025-02-07T08:11:16.669+0000] {logging_mixin.py:190} INFO - [2025-02-07T08:11:16.669+0000] {dagbag.py:588} INFO - Filling up the DagBag from /home/airflow/.local/lib/python3.12/site-packages/airflow/example_dags/example_subdag_operator.py
[2025-02-07T08:11:16.687+0000] {processor.py:925} INFO - DAG(s) 'example_subdag_operator.section-1', 'example_subdag_operator.section-2', 'example_subdag_operator' retrieved from /home/airflow/.local/lib/python3.12/site-packages/airflow/example_dags/example_subdag_operator.py
[2025-02-07T08:11:16.695+0000] {logging_mixin.py:190} INFO - [2025-02-07T08:11:16.695+0000] {dag.py:3239} INFO - Sync 3 DAGs
[2025-02-07T08:11:16.708+0000] {logging_mixin.py:190} INFO - [2025-02-07T08:11:16.708+0000] {dag.py:4180} INFO - Setting next_dagrun for example_subdag_operator to 2022-01-01 00:00:00+00:00, run_after=2022-01-01 00:00:00+00:00
[2025-02-07T08:11:16.710+0000] {logging_mixin.py:190} INFO - [2025-02-07T08:11:16.710+0000] {dag.py:4180} INFO - Setting next_dagrun for example_subdag_operator.section-1 to None, run_after=None
[2025-02-07T08:11:16.710+0000] {logging_mixin.py:190} INFO - [2025-02-07T08:11:16.710+0000] {dag.py:4180} INFO - Setting next_dagrun for example_subdag_operator.section-2 to None, run_after=None
[2025-02-07T08:11:16.714+0000] {logging_mixin.py:190} INFO - [2025-02-07T08:11:16.714+0000] {dag.py:3239} INFO - Sync 2 DAGs
[2025-02-07T08:11:16.717+0000] {logging_mixin.py:190} INFO - [2025-02-07T08:11:16.717+0000] {dag.py:4180} INFO - Setting next_dagrun for example_subdag_operator.section-1 to None, run_after=None
[2025-02-07T08:11:16.717+0000] {logging_mixin.py:190} INFO - [2025-02-07T08:11:16.717+0000] {dag.py:4180} INFO - Setting next_dagrun for example_subdag_operator.section-2 to None, run_after=None
[2025-02-07T08:11:16.722+0000] {processor.py:208} INFO - Processing /home/airflow/.local/lib/python3.12/site-packages/airflow/example_dags/example_subdag_operator.py took 0.058 seconds
[2025-02-07T08:11:47.901+0000] {processor.py:186} INFO - Started process (PID=1983) to work on /home/airflow/.local/lib/python3.12/site-packages/airflow/example_dags/example_subdag_operator.py
[2025-02-07T08:11:47.901+0000] {processor.py:914} INFO - Processing file /home/airflow/.local/lib/python3.12/site-packages/airflow/example_dags/example_subdag_operator.py for tasks to queue
[2025-02-07T08:11:47.903+0000] {logging_mixin.py:190} INFO - [2025-02-07T08:11:47.902+0000] {dagbag.py:588} INFO - Filling up the DagBag from /home/airflow/.local/lib/python3.12/site-packages/airflow/example_dags/example_subdag_operator.py
[2025-02-07T08:11:47.918+0000] {processor.py:925} INFO - DAG(s) 'example_subdag_operator.section-1', 'example_subdag_operator.section-2', 'example_subdag_operator' retrieved from /home/airflow/.local/lib/python3.12/site-packages/airflow/example_dags/example_subdag_operator.py
[2025-02-07T08:11:47.928+0000] {logging_mixin.py:190} INFO - [2025-02-07T08:11:47.927+0000] {dag.py:3239} INFO - Sync 3 DAGs
[2025-02-07T08:11:47.942+0000] {logging_mixin.py:190} INFO - [2025-02-07T08:11:47.942+0000] {dag.py:4180} INFO - Setting next_dagrun for example_subdag_operator to 2022-01-01 00:00:00+00:00, run_after=2022-01-01 00:00:00+00:00
[2025-02-07T08:11:47.945+0000] {logging_mixin.py:190} INFO - [2025-02-07T08:11:47.945+0000] {dag.py:4180} INFO - Setting next_dagrun for example_subdag_operator.section-1 to None, run_after=None
[2025-02-07T08:11:47.946+0000] {logging_mixin.py:190} INFO - [2025-02-07T08:11:47.946+0000] {dag.py:4180} INFO - Setting next_dagrun for example_subdag_operator.section-2 to None, run_after=None
[2025-02-07T08:11:47.950+0000] {logging_mixin.py:190} INFO - [2025-02-07T08:11:47.950+0000] {dag.py:3239} INFO - Sync 2 DAGs
[2025-02-07T08:11:47.953+0000] {logging_mixin.py:190} INFO - [2025-02-07T08:11:47.953+0000] {dag.py:4180} INFO - Setting next_dagrun for example_subdag_operator.section-1 to None, run_after=None
[2025-02-07T08:11:47.954+0000] {logging_mixin.py:190} INFO - [2025-02-07T08:11:47.953+0000] {dag.py:4180} INFO - Setting next_dagrun for example_subdag_operator.section-2 to None, run_after=None
[2025-02-07T08:11:47.960+0000] {processor.py:208} INFO - Processing /home/airflow/.local/lib/python3.12/site-packages/airflow/example_dags/example_subdag_operator.py took 0.063 seconds
[2025-02-07T08:12:19.119+0000] {processor.py:186} INFO - Started process (PID=2068) to work on /home/airflow/.local/lib/python3.12/site-packages/airflow/example_dags/example_subdag_operator.py
[2025-02-07T08:12:19.120+0000] {processor.py:914} INFO - Processing file /home/airflow/.local/lib/python3.12/site-packages/airflow/example_dags/example_subdag_operator.py for tasks to queue
[2025-02-07T08:12:19.121+0000] {logging_mixin.py:190} INFO - [2025-02-07T08:12:19.121+0000] {dagbag.py:588} INFO - Filling up the DagBag from /home/airflow/.local/lib/python3.12/site-packages/airflow/example_dags/example_subdag_operator.py
[2025-02-07T08:12:19.137+0000] {processor.py:925} INFO - DAG(s) 'example_subdag_operator.section-1', 'example_subdag_operator.section-2', 'example_subdag_operator' retrieved from /home/airflow/.local/lib/python3.12/site-packages/airflow/example_dags/example_subdag_operator.py
[2025-02-07T08:12:19.146+0000] {logging_mixin.py:190} INFO - [2025-02-07T08:12:19.146+0000] {dag.py:3239} INFO - Sync 3 DAGs
[2025-02-07T08:12:19.162+0000] {logging_mixin.py:190} INFO - [2025-02-07T08:12:19.162+0000] {dag.py:4180} INFO - Setting next_dagrun for example_subdag_operator to 2022-01-01 00:00:00+00:00, run_after=2022-01-01 00:00:00+00:00
[2025-02-07T08:12:19.164+0000] {logging_mixin.py:190} INFO - [2025-02-07T08:12:19.164+0000] {dag.py:4180} INFO - Setting next_dagrun for example_subdag_operator.section-1 to None, run_after=None
[2025-02-07T08:12:19.165+0000] {logging_mixin.py:190} INFO - [2025-02-07T08:12:19.165+0000] {dag.py:4180} INFO - Setting next_dagrun for example_subdag_operator.section-2 to None, run_after=None
[2025-02-07T08:12:19.169+0000] {logging_mixin.py:190} INFO - [2025-02-07T08:12:19.169+0000] {dag.py:3239} INFO - Sync 2 DAGs
[2025-02-07T08:12:19.172+0000] {logging_mixin.py:190} INFO - [2025-02-07T08:12:19.172+0000] {dag.py:4180} INFO - Setting next_dagrun for example_subdag_operator.section-1 to None, run_after=None
[2025-02-07T08:12:19.172+0000] {logging_mixin.py:190} INFO - [2025-02-07T08:12:19.172+0000] {dag.py:4180} INFO - Setting next_dagrun for example_subdag_operator.section-2 to None, run_after=None
[2025-02-07T08:12:19.178+0000] {processor.py:208} INFO - Processing /home/airflow/.local/lib/python3.12/site-packages/airflow/example_dags/example_subdag_operator.py took 0.063 seconds
[2025-02-07T08:12:49.304+0000] {processor.py:186} INFO - Started process (PID=2152) to work on /home/airflow/.local/lib/python3.12/site-packages/airflow/example_dags/example_subdag_operator.py
[2025-02-07T08:12:49.305+0000] {processor.py:914} INFO - Processing file /home/airflow/.local/lib/python3.12/site-packages/airflow/example_dags/example_subdag_operator.py for tasks to queue
[2025-02-07T08:12:49.306+0000] {logging_mixin.py:190} INFO - [2025-02-07T08:12:49.306+0000] {dagbag.py:588} INFO - Filling up the DagBag from /home/airflow/.local/lib/python3.12/site-packages/airflow/example_dags/example_subdag_operator.py
[2025-02-07T08:12:49.321+0000] {processor.py:925} INFO - DAG(s) 'example_subdag_operator.section-1', 'example_subdag_operator.section-2', 'example_subdag_operator' retrieved from /home/airflow/.local/lib/python3.12/site-packages/airflow/example_dags/example_subdag_operator.py
[2025-02-07T08:12:49.330+0000] {logging_mixin.py:190} INFO - [2025-02-07T08:12:49.329+0000] {dag.py:3239} INFO - Sync 3 DAGs
[2025-02-07T08:12:49.342+0000] {logging_mixin.py:190} INFO - [2025-02-07T08:12:49.342+0000] {dag.py:4180} INFO - Setting next_dagrun for example_subdag_operator to 2022-01-01 00:00:00+00:00, run_after=2022-01-01 00:00:00+00:00
[2025-02-07T08:12:49.345+0000] {logging_mixin.py:190} INFO - [2025-02-07T08:12:49.344+0000] {dag.py:4180} INFO - Setting next_dagrun for example_subdag_operator.section-1 to None, run_after=None
[2025-02-07T08:12:49.345+0000] {logging_mixin.py:190} INFO - [2025-02-07T08:12:49.345+0000] {dag.py:4180} INFO - Setting next_dagrun for example_subdag_operator.section-2 to None, run_after=None
[2025-02-07T08:12:49.349+0000] {logging_mixin.py:190} INFO - [2025-02-07T08:12:49.349+0000] {dag.py:3239} INFO - Sync 2 DAGs
[2025-02-07T08:12:49.352+0000] {logging_mixin.py:190} INFO - [2025-02-07T08:12:49.352+0000] {dag.py:4180} INFO - Setting next_dagrun for example_subdag_operator.section-1 to None, run_after=None
[2025-02-07T08:12:49.352+0000] {logging_mixin.py:190} INFO - [2025-02-07T08:12:49.352+0000] {dag.py:4180} INFO - Setting next_dagrun for example_subdag_operator.section-2 to None, run_after=None
[2025-02-07T08:12:49.358+0000] {processor.py:208} INFO - Processing /home/airflow/.local/lib/python3.12/site-packages/airflow/example_dags/example_subdag_operator.py took 0.057 seconds
[2025-02-07T08:13:19.896+0000] {processor.py:186} INFO - Started process (PID=2237) to work on /home/airflow/.local/lib/python3.12/site-packages/airflow/example_dags/example_subdag_operator.py
[2025-02-07T08:13:19.896+0000] {processor.py:914} INFO - Processing file /home/airflow/.local/lib/python3.12/site-packages/airflow/example_dags/example_subdag_operator.py for tasks to queue
[2025-02-07T08:13:19.897+0000] {logging_mixin.py:190} INFO - [2025-02-07T08:13:19.897+0000] {dagbag.py:588} INFO - Filling up the DagBag from /home/airflow/.local/lib/python3.12/site-packages/airflow/example_dags/example_subdag_operator.py
[2025-02-07T08:13:19.916+0000] {processor.py:925} INFO - DAG(s) 'example_subdag_operator.section-1', 'example_subdag_operator.section-2', 'example_subdag_operator' retrieved from /home/airflow/.local/lib/python3.12/site-packages/airflow/example_dags/example_subdag_operator.py
[2025-02-07T08:13:19.929+0000] {logging_mixin.py:190} INFO - [2025-02-07T08:13:19.929+0000] {dag.py:3239} INFO - Sync 3 DAGs
[2025-02-07T08:13:19.950+0000] {logging_mixin.py:190} INFO - [2025-02-07T08:13:19.950+0000] {dag.py:4180} INFO - Setting next_dagrun for example_subdag_operator to 2022-01-01 00:00:00+00:00, run_after=2022-01-01 00:00:00+00:00
[2025-02-07T08:13:19.953+0000] {logging_mixin.py:190} INFO - [2025-02-07T08:13:19.953+0000] {dag.py:4180} INFO - Setting next_dagrun for example_subdag_operator.section-1 to None, run_after=None
[2025-02-07T08:13:19.954+0000] {logging_mixin.py:190} INFO - [2025-02-07T08:13:19.953+0000] {dag.py:4180} INFO - Setting next_dagrun for example_subdag_operator.section-2 to None, run_after=None
[2025-02-07T08:13:19.957+0000] {logging_mixin.py:190} INFO - [2025-02-07T08:13:19.957+0000] {dag.py:3239} INFO - Sync 2 DAGs
[2025-02-07T08:13:19.961+0000] {logging_mixin.py:190} INFO - [2025-02-07T08:13:19.961+0000] {dag.py:4180} INFO - Setting next_dagrun for example_subdag_operator.section-1 to None, run_after=None
[2025-02-07T08:13:19.961+0000] {logging_mixin.py:190} INFO - [2025-02-07T08:13:19.961+0000] {dag.py:4180} INFO - Setting next_dagrun for example_subdag_operator.section-2 to None, run_after=None
[2025-02-07T08:13:19.967+0000] {processor.py:208} INFO - Processing /home/airflow/.local/lib/python3.12/site-packages/airflow/example_dags/example_subdag_operator.py took 0.076 seconds
[2025-02-07T08:13:50.489+0000] {processor.py:186} INFO - Started process (PID=2322) to work on /home/airflow/.local/lib/python3.12/site-packages/airflow/example_dags/example_subdag_operator.py
[2025-02-07T08:13:50.490+0000] {processor.py:914} INFO - Processing file /home/airflow/.local/lib/python3.12/site-packages/airflow/example_dags/example_subdag_operator.py for tasks to queue
[2025-02-07T08:13:50.492+0000] {logging_mixin.py:190} INFO - [2025-02-07T08:13:50.492+0000] {dagbag.py:588} INFO - Filling up the DagBag from /home/airflow/.local/lib/python3.12/site-packages/airflow/example_dags/example_subdag_operator.py
[2025-02-07T08:13:50.513+0000] {processor.py:925} INFO - DAG(s) 'example_subdag_operator.section-1', 'example_subdag_operator.section-2', 'example_subdag_operator' retrieved from /home/airflow/.local/lib/python3.12/site-packages/airflow/example_dags/example_subdag_operator.py
[2025-02-07T08:13:50.526+0000] {logging_mixin.py:190} INFO - [2025-02-07T08:13:50.526+0000] {dag.py:3239} INFO - Sync 3 DAGs
[2025-02-07T08:13:50.547+0000] {logging_mixin.py:190} INFO - [2025-02-07T08:13:50.547+0000] {dag.py:4180} INFO - Setting next_dagrun for example_subdag_operator to 2022-01-01 00:00:00+00:00, run_after=2022-01-01 00:00:00+00:00
[2025-02-07T08:13:50.550+0000] {logging_mixin.py:190} INFO - [2025-02-07T08:13:50.550+0000] {dag.py:4180} INFO - Setting next_dagrun for example_subdag_operator.section-1 to None, run_after=None
[2025-02-07T08:13:50.551+0000] {logging_mixin.py:190} INFO - [2025-02-07T08:13:50.550+0000] {dag.py:4180} INFO - Setting next_dagrun for example_subdag_operator.section-2 to None, run_after=None
[2025-02-07T08:13:50.555+0000] {logging_mixin.py:190} INFO - [2025-02-07T08:13:50.555+0000] {dag.py:3239} INFO - Sync 2 DAGs
[2025-02-07T08:13:50.559+0000] {logging_mixin.py:190} INFO - [2025-02-07T08:13:50.558+0000] {dag.py:4180} INFO - Setting next_dagrun for example_subdag_operator.section-1 to None, run_after=None
[2025-02-07T08:13:50.559+0000] {logging_mixin.py:190} INFO - [2025-02-07T08:13:50.559+0000] {dag.py:4180} INFO - Setting next_dagrun for example_subdag_operator.section-2 to None, run_after=None
[2025-02-07T08:13:50.566+0000] {processor.py:208} INFO - Processing /home/airflow/.local/lib/python3.12/site-packages/airflow/example_dags/example_subdag_operator.py took 0.082 seconds
[2025-02-07T08:14:21.774+0000] {processor.py:186} INFO - Started process (PID=2408) to work on /home/airflow/.local/lib/python3.12/site-packages/airflow/example_dags/example_subdag_operator.py
[2025-02-07T08:14:21.774+0000] {processor.py:914} INFO - Processing file /home/airflow/.local/lib/python3.12/site-packages/airflow/example_dags/example_subdag_operator.py for tasks to queue
[2025-02-07T08:14:21.776+0000] {logging_mixin.py:190} INFO - [2025-02-07T08:14:21.776+0000] {dagbag.py:588} INFO - Filling up the DagBag from /home/airflow/.local/lib/python3.12/site-packages/airflow/example_dags/example_subdag_operator.py
[2025-02-07T08:14:21.793+0000] {processor.py:925} INFO - DAG(s) 'example_subdag_operator.section-1', 'example_subdag_operator.section-2', 'example_subdag_operator' retrieved from /home/airflow/.local/lib/python3.12/site-packages/airflow/example_dags/example_subdag_operator.py
[2025-02-07T08:14:21.801+0000] {logging_mixin.py:190} INFO - [2025-02-07T08:14:21.800+0000] {dag.py:3239} INFO - Sync 3 DAGs
[2025-02-07T08:14:21.813+0000] {logging_mixin.py:190} INFO - [2025-02-07T08:14:21.813+0000] {dag.py:4180} INFO - Setting next_dagrun for example_subdag_operator to 2022-01-01 00:00:00+00:00, run_after=2022-01-01 00:00:00+00:00
[2025-02-07T08:14:21.815+0000] {logging_mixin.py:190} INFO - [2025-02-07T08:14:21.815+0000] {dag.py:4180} INFO - Setting next_dagrun for example_subdag_operator.section-1 to None, run_after=None
[2025-02-07T08:14:21.816+0000] {logging_mixin.py:190} INFO - [2025-02-07T08:14:21.816+0000] {dag.py:4180} INFO - Setting next_dagrun for example_subdag_operator.section-2 to None, run_after=None
[2025-02-07T08:14:21.819+0000] {logging_mixin.py:190} INFO - [2025-02-07T08:14:21.819+0000] {dag.py:3239} INFO - Sync 2 DAGs
[2025-02-07T08:14:21.823+0000] {logging_mixin.py:190} INFO - [2025-02-07T08:14:21.823+0000] {dag.py:4180} INFO - Setting next_dagrun for example_subdag_operator.section-1 to None, run_after=None
[2025-02-07T08:14:21.823+0000] {logging_mixin.py:190} INFO - [2025-02-07T08:14:21.823+0000] {dag.py:4180} INFO - Setting next_dagrun for example_subdag_operator.section-2 to None, run_after=None
[2025-02-07T08:14:21.828+0000] {processor.py:208} INFO - Processing /home/airflow/.local/lib/python3.12/site-packages/airflow/example_dags/example_subdag_operator.py took 0.058 seconds
[2025-02-07T08:14:52.389+0000] {processor.py:186} INFO - Started process (PID=2493) to work on /home/airflow/.local/lib/python3.12/site-packages/airflow/example_dags/example_subdag_operator.py
[2025-02-07T08:14:52.389+0000] {processor.py:914} INFO - Processing file /home/airflow/.local/lib/python3.12/site-packages/airflow/example_dags/example_subdag_operator.py for tasks to queue
[2025-02-07T08:14:52.391+0000] {logging_mixin.py:190} INFO - [2025-02-07T08:14:52.390+0000] {dagbag.py:588} INFO - Filling up the DagBag from /home/airflow/.local/lib/python3.12/site-packages/airflow/example_dags/example_subdag_operator.py
[2025-02-07T08:14:52.413+0000] {processor.py:925} INFO - DAG(s) 'example_subdag_operator.section-1', 'example_subdag_operator.section-2', 'example_subdag_operator' retrieved from /home/airflow/.local/lib/python3.12/site-packages/airflow/example_dags/example_subdag_operator.py
[2025-02-07T08:14:52.424+0000] {logging_mixin.py:190} INFO - [2025-02-07T08:14:52.424+0000] {dag.py:3239} INFO - Sync 3 DAGs
[2025-02-07T08:14:52.440+0000] {logging_mixin.py:190} INFO - [2025-02-07T08:14:52.440+0000] {dag.py:4180} INFO - Setting next_dagrun for example_subdag_operator to 2022-01-01 00:00:00+00:00, run_after=2022-01-01 00:00:00+00:00
[2025-02-07T08:14:52.443+0000] {logging_mixin.py:190} INFO - [2025-02-07T08:14:52.442+0000] {dag.py:4180} INFO - Setting next_dagrun for example_subdag_operator.section-1 to None, run_after=None
[2025-02-07T08:14:52.443+0000] {logging_mixin.py:190} INFO - [2025-02-07T08:14:52.443+0000] {dag.py:4180} INFO - Setting next_dagrun for example_subdag_operator.section-2 to None, run_after=None
[2025-02-07T08:14:52.448+0000] {logging_mixin.py:190} INFO - [2025-02-07T08:14:52.448+0000] {dag.py:3239} INFO - Sync 2 DAGs
[2025-02-07T08:14:52.451+0000] {logging_mixin.py:190} INFO - [2025-02-07T08:14:52.451+0000] {dag.py:4180} INFO - Setting next_dagrun for example_subdag_operator.section-1 to None, run_after=None
[2025-02-07T08:14:52.452+0000] {logging_mixin.py:190} INFO - [2025-02-07T08:14:52.452+0000] {dag.py:4180} INFO - Setting next_dagrun for example_subdag_operator.section-2 to None, run_after=None
[2025-02-07T08:14:52.458+0000] {processor.py:208} INFO - Processing /home/airflow/.local/lib/python3.12/site-packages/airflow/example_dags/example_subdag_operator.py took 0.073 seconds
[2025-02-07T08:15:23.631+0000] {processor.py:186} INFO - Started process (PID=2578) to work on /home/airflow/.local/lib/python3.12/site-packages/airflow/example_dags/example_subdag_operator.py
[2025-02-07T08:15:23.632+0000] {processor.py:914} INFO - Processing file /home/airflow/.local/lib/python3.12/site-packages/airflow/example_dags/example_subdag_operator.py for tasks to queue
[2025-02-07T08:15:23.633+0000] {logging_mixin.py:190} INFO - [2025-02-07T08:15:23.633+0000] {dagbag.py:588} INFO - Filling up the DagBag from /home/airflow/.local/lib/python3.12/site-packages/airflow/example_dags/example_subdag_operator.py
[2025-02-07T08:15:23.653+0000] {processor.py:925} INFO - DAG(s) 'example_subdag_operator.section-1', 'example_subdag_operator.section-2', 'example_subdag_operator' retrieved from /home/airflow/.local/lib/python3.12/site-packages/airflow/example_dags/example_subdag_operator.py
[2025-02-07T08:15:23.668+0000] {logging_mixin.py:190} INFO - [2025-02-07T08:15:23.668+0000] {dag.py:3239} INFO - Sync 3 DAGs
[2025-02-07T08:15:23.693+0000] {logging_mixin.py:190} INFO - [2025-02-07T08:15:23.692+0000] {dag.py:4180} INFO - Setting next_dagrun for example_subdag_operator to 2022-01-01 00:00:00+00:00, run_after=2022-01-01 00:00:00+00:00
[2025-02-07T08:15:23.696+0000] {logging_mixin.py:190} INFO - [2025-02-07T08:15:23.696+0000] {dag.py:4180} INFO - Setting next_dagrun for example_subdag_operator.section-1 to None, run_after=None
[2025-02-07T08:15:23.697+0000] {logging_mixin.py:190} INFO - [2025-02-07T08:15:23.697+0000] {dag.py:4180} INFO - Setting next_dagrun for example_subdag_operator.section-2 to None, run_after=None
[2025-02-07T08:15:23.703+0000] {logging_mixin.py:190} INFO - [2025-02-07T08:15:23.703+0000] {dag.py:3239} INFO - Sync 2 DAGs
[2025-02-07T08:15:23.708+0000] {logging_mixin.py:190} INFO - [2025-02-07T08:15:23.708+0000] {dag.py:4180} INFO - Setting next_dagrun for example_subdag_operator.section-1 to None, run_after=None
[2025-02-07T08:15:23.709+0000] {logging_mixin.py:190} INFO - [2025-02-07T08:15:23.709+0000] {dag.py:4180} INFO - Setting next_dagrun for example_subdag_operator.section-2 to None, run_after=None
[2025-02-07T08:15:23.718+0000] {processor.py:208} INFO - Processing /home/airflow/.local/lib/python3.12/site-packages/airflow/example_dags/example_subdag_operator.py took 0.091 seconds
[2025-02-07T08:15:54.463+0000] {processor.py:186} INFO - Started process (PID=2663) to work on /home/airflow/.local/lib/python3.12/site-packages/airflow/example_dags/example_subdag_operator.py
[2025-02-07T08:15:54.464+0000] {processor.py:914} INFO - Processing file /home/airflow/.local/lib/python3.12/site-packages/airflow/example_dags/example_subdag_operator.py for tasks to queue
[2025-02-07T08:15:54.465+0000] {logging_mixin.py:190} INFO - [2025-02-07T08:15:54.465+0000] {dagbag.py:588} INFO - Filling up the DagBag from /home/airflow/.local/lib/python3.12/site-packages/airflow/example_dags/example_subdag_operator.py
[2025-02-07T08:15:54.603+0000] {processor.py:925} INFO - DAG(s) 'example_subdag_operator.section-1', 'example_subdag_operator.section-2', 'example_subdag_operator' retrieved from /home/airflow/.local/lib/python3.12/site-packages/airflow/example_dags/example_subdag_operator.py
[2025-02-07T08:15:54.615+0000] {logging_mixin.py:190} INFO - [2025-02-07T08:15:54.615+0000] {dag.py:3239} INFO - Sync 3 DAGs
[2025-02-07T08:15:54.630+0000] {logging_mixin.py:190} INFO - [2025-02-07T08:15:54.630+0000] {dag.py:4180} INFO - Setting next_dagrun for example_subdag_operator to 2022-01-01 00:00:00+00:00, run_after=2022-01-01 00:00:00+00:00
[2025-02-07T08:15:54.632+0000] {logging_mixin.py:190} INFO - [2025-02-07T08:15:54.632+0000] {dag.py:4180} INFO - Setting next_dagrun for example_subdag_operator.section-1 to None, run_after=None
[2025-02-07T08:15:54.633+0000] {logging_mixin.py:190} INFO - [2025-02-07T08:15:54.633+0000] {dag.py:4180} INFO - Setting next_dagrun for example_subdag_operator.section-2 to None, run_after=None
[2025-02-07T08:15:54.637+0000] {logging_mixin.py:190} INFO - [2025-02-07T08:15:54.637+0000] {dag.py:3239} INFO - Sync 2 DAGs
[2025-02-07T08:15:54.641+0000] {logging_mixin.py:190} INFO - [2025-02-07T08:15:54.641+0000] {dag.py:4180} INFO - Setting next_dagrun for example_subdag_operator.section-1 to None, run_after=None
[2025-02-07T08:15:54.641+0000] {logging_mixin.py:190} INFO - [2025-02-07T08:15:54.641+0000] {dag.py:4180} INFO - Setting next_dagrun for example_subdag_operator.section-2 to None, run_after=None
[2025-02-07T08:15:54.648+0000] {processor.py:208} INFO - Processing /home/airflow/.local/lib/python3.12/site-packages/airflow/example_dags/example_subdag_operator.py took 0.190 seconds
[2025-02-07T08:16:25.270+0000] {processor.py:186} INFO - Started process (PID=2748) to work on /home/airflow/.local/lib/python3.12/site-packages/airflow/example_dags/example_subdag_operator.py
[2025-02-07T08:16:25.271+0000] {processor.py:914} INFO - Processing file /home/airflow/.local/lib/python3.12/site-packages/airflow/example_dags/example_subdag_operator.py for tasks to queue
[2025-02-07T08:16:25.273+0000] {logging_mixin.py:190} INFO - [2025-02-07T08:16:25.273+0000] {dagbag.py:588} INFO - Filling up the DagBag from /home/airflow/.local/lib/python3.12/site-packages/airflow/example_dags/example_subdag_operator.py
[2025-02-07T08:16:25.291+0000] {processor.py:925} INFO - DAG(s) 'example_subdag_operator.section-1', 'example_subdag_operator.section-2', 'example_subdag_operator' retrieved from /home/airflow/.local/lib/python3.12/site-packages/airflow/example_dags/example_subdag_operator.py
[2025-02-07T08:16:25.300+0000] {logging_mixin.py:190} INFO - [2025-02-07T08:16:25.300+0000] {dag.py:3239} INFO - Sync 3 DAGs
[2025-02-07T08:16:25.312+0000] {logging_mixin.py:190} INFO - [2025-02-07T08:16:25.312+0000] {dag.py:4180} INFO - Setting next_dagrun for example_subdag_operator to 2022-01-01 00:00:00+00:00, run_after=2022-01-01 00:00:00+00:00
[2025-02-07T08:16:25.314+0000] {logging_mixin.py:190} INFO - [2025-02-07T08:16:25.314+0000] {dag.py:4180} INFO - Setting next_dagrun for example_subdag_operator.section-1 to None, run_after=None
[2025-02-07T08:16:25.314+0000] {logging_mixin.py:190} INFO - [2025-02-07T08:16:25.314+0000] {dag.py:4180} INFO - Setting next_dagrun for example_subdag_operator.section-2 to None, run_after=None
[2025-02-07T08:16:25.318+0000] {logging_mixin.py:190} INFO - [2025-02-07T08:16:25.318+0000] {dag.py:3239} INFO - Sync 2 DAGs
[2025-02-07T08:16:25.321+0000] {logging_mixin.py:190} INFO - [2025-02-07T08:16:25.321+0000] {dag.py:4180} INFO - Setting next_dagrun for example_subdag_operator.section-1 to None, run_after=None
[2025-02-07T08:16:25.321+0000] {logging_mixin.py:190} INFO - [2025-02-07T08:16:25.321+0000] {dag.py:4180} INFO - Setting next_dagrun for example_subdag_operator.section-2 to None, run_after=None
[2025-02-07T08:16:25.326+0000] {processor.py:208} INFO - Processing /home/airflow/.local/lib/python3.12/site-packages/airflow/example_dags/example_subdag_operator.py took 0.062 seconds
[2025-02-07T08:16:56.199+0000] {processor.py:186} INFO - Started process (PID=2833) to work on /home/airflow/.local/lib/python3.12/site-packages/airflow/example_dags/example_subdag_operator.py
[2025-02-07T08:16:56.199+0000] {processor.py:914} INFO - Processing file /home/airflow/.local/lib/python3.12/site-packages/airflow/example_dags/example_subdag_operator.py for tasks to queue
[2025-02-07T08:16:56.200+0000] {logging_mixin.py:190} INFO - [2025-02-07T08:16:56.200+0000] {dagbag.py:588} INFO - Filling up the DagBag from /home/airflow/.local/lib/python3.12/site-packages/airflow/example_dags/example_subdag_operator.py
[2025-02-07T08:16:56.219+0000] {processor.py:925} INFO - DAG(s) 'example_subdag_operator.section-1', 'example_subdag_operator.section-2', 'example_subdag_operator' retrieved from /home/airflow/.local/lib/python3.12/site-packages/airflow/example_dags/example_subdag_operator.py
[2025-02-07T08:16:56.229+0000] {logging_mixin.py:190} INFO - [2025-02-07T08:16:56.229+0000] {dag.py:3239} INFO - Sync 3 DAGs
[2025-02-07T08:16:56.242+0000] {logging_mixin.py:190} INFO - [2025-02-07T08:16:56.242+0000] {dag.py:4180} INFO - Setting next_dagrun for example_subdag_operator to 2022-01-01 00:00:00+00:00, run_after=2022-01-01 00:00:00+00:00
[2025-02-07T08:16:56.244+0000] {logging_mixin.py:190} INFO - [2025-02-07T08:16:56.244+0000] {dag.py:4180} INFO - Setting next_dagrun for example_subdag_operator.section-1 to None, run_after=None
[2025-02-07T08:16:56.245+0000] {logging_mixin.py:190} INFO - [2025-02-07T08:16:56.245+0000] {dag.py:4180} INFO - Setting next_dagrun for example_subdag_operator.section-2 to None, run_after=None
[2025-02-07T08:16:56.248+0000] {logging_mixin.py:190} INFO - [2025-02-07T08:16:56.248+0000] {dag.py:3239} INFO - Sync 2 DAGs
[2025-02-07T08:16:56.252+0000] {logging_mixin.py:190} INFO - [2025-02-07T08:16:56.251+0000] {dag.py:4180} INFO - Setting next_dagrun for example_subdag_operator.section-1 to None, run_after=None
[2025-02-07T08:16:56.252+0000] {logging_mixin.py:190} INFO - [2025-02-07T08:16:56.252+0000] {dag.py:4180} INFO - Setting next_dagrun for example_subdag_operator.section-2 to None, run_after=None
[2025-02-07T08:16:56.257+0000] {processor.py:208} INFO - Processing /home/airflow/.local/lib/python3.12/site-packages/airflow/example_dags/example_subdag_operator.py took 0.062 seconds
[2025-02-07T08:17:26.950+0000] {processor.py:186} INFO - Started process (PID=2918) to work on /home/airflow/.local/lib/python3.12/site-packages/airflow/example_dags/example_subdag_operator.py
[2025-02-07T08:17:26.951+0000] {processor.py:914} INFO - Processing file /home/airflow/.local/lib/python3.12/site-packages/airflow/example_dags/example_subdag_operator.py for tasks to queue
[2025-02-07T08:17:26.952+0000] {logging_mixin.py:190} INFO - [2025-02-07T08:17:26.952+0000] {dagbag.py:588} INFO - Filling up the DagBag from /home/airflow/.local/lib/python3.12/site-packages/airflow/example_dags/example_subdag_operator.py
[2025-02-07T08:17:26.972+0000] {processor.py:925} INFO - DAG(s) 'example_subdag_operator.section-1', 'example_subdag_operator.section-2', 'example_subdag_operator' retrieved from /home/airflow/.local/lib/python3.12/site-packages/airflow/example_dags/example_subdag_operator.py
[2025-02-07T08:17:26.983+0000] {logging_mixin.py:190} INFO - [2025-02-07T08:17:26.983+0000] {dag.py:3239} INFO - Sync 3 DAGs
[2025-02-07T08:17:26.999+0000] {logging_mixin.py:190} INFO - [2025-02-07T08:17:26.998+0000] {dag.py:4180} INFO - Setting next_dagrun for example_subdag_operator to 2022-01-01 00:00:00+00:00, run_after=2022-01-01 00:00:00+00:00
[2025-02-07T08:17:27.001+0000] {logging_mixin.py:190} INFO - [2025-02-07T08:17:27.000+0000] {dag.py:4180} INFO - Setting next_dagrun for example_subdag_operator.section-1 to None, run_after=None
[2025-02-07T08:17:27.001+0000] {logging_mixin.py:190} INFO - [2025-02-07T08:17:27.001+0000] {dag.py:4180} INFO - Setting next_dagrun for example_subdag_operator.section-2 to None, run_after=None
[2025-02-07T08:17:27.005+0000] {logging_mixin.py:190} INFO - [2025-02-07T08:17:27.005+0000] {dag.py:3239} INFO - Sync 2 DAGs
[2025-02-07T08:17:27.009+0000] {logging_mixin.py:190} INFO - [2025-02-07T08:17:27.009+0000] {dag.py:4180} INFO - Setting next_dagrun for example_subdag_operator.section-1 to None, run_after=None
[2025-02-07T08:17:27.010+0000] {logging_mixin.py:190} INFO - [2025-02-07T08:17:27.010+0000] {dag.py:4180} INFO - Setting next_dagrun for example_subdag_operator.section-2 to None, run_after=None
[2025-02-07T08:17:27.015+0000] {processor.py:208} INFO - Processing /home/airflow/.local/lib/python3.12/site-packages/airflow/example_dags/example_subdag_operator.py took 0.070 seconds
[2025-02-07T08:17:57.590+0000] {processor.py:186} INFO - Started process (PID=3003) to work on /home/airflow/.local/lib/python3.12/site-packages/airflow/example_dags/example_subdag_operator.py
[2025-02-07T08:17:57.591+0000] {processor.py:914} INFO - Processing file /home/airflow/.local/lib/python3.12/site-packages/airflow/example_dags/example_subdag_operator.py for tasks to queue
[2025-02-07T08:17:57.592+0000] {logging_mixin.py:190} INFO - [2025-02-07T08:17:57.592+0000] {dagbag.py:588} INFO - Filling up the DagBag from /home/airflow/.local/lib/python3.12/site-packages/airflow/example_dags/example_subdag_operator.py
[2025-02-07T08:17:57.606+0000] {processor.py:925} INFO - DAG(s) 'example_subdag_operator.section-1', 'example_subdag_operator.section-2', 'example_subdag_operator' retrieved from /home/airflow/.local/lib/python3.12/site-packages/airflow/example_dags/example_subdag_operator.py
[2025-02-07T08:17:57.615+0000] {logging_mixin.py:190} INFO - [2025-02-07T08:17:57.615+0000] {dag.py:3239} INFO - Sync 3 DAGs
[2025-02-07T08:17:57.629+0000] {logging_mixin.py:190} INFO - [2025-02-07T08:17:57.629+0000] {dag.py:4180} INFO - Setting next_dagrun for example_subdag_operator to 2022-01-01 00:00:00+00:00, run_after=2022-01-01 00:00:00+00:00
[2025-02-07T08:17:57.631+0000] {logging_mixin.py:190} INFO - [2025-02-07T08:17:57.631+0000] {dag.py:4180} INFO - Setting next_dagrun for example_subdag_operator.section-1 to None, run_after=None
[2025-02-07T08:17:57.632+0000] {logging_mixin.py:190} INFO - [2025-02-07T08:17:57.632+0000] {dag.py:4180} INFO - Setting next_dagrun for example_subdag_operator.section-2 to None, run_after=None
[2025-02-07T08:17:57.636+0000] {logging_mixin.py:190} INFO - [2025-02-07T08:17:57.636+0000] {dag.py:3239} INFO - Sync 2 DAGs
[2025-02-07T08:17:57.640+0000] {logging_mixin.py:190} INFO - [2025-02-07T08:17:57.639+0000] {dag.py:4180} INFO - Setting next_dagrun for example_subdag_operator.section-1 to None, run_after=None
[2025-02-07T08:17:57.640+0000] {logging_mixin.py:190} INFO - [2025-02-07T08:17:57.640+0000] {dag.py:4180} INFO - Setting next_dagrun for example_subdag_operator.section-2 to None, run_after=None
[2025-02-07T08:17:57.645+0000] {processor.py:208} INFO - Processing /home/airflow/.local/lib/python3.12/site-packages/airflow/example_dags/example_subdag_operator.py took 0.061 seconds
[2025-02-07T08:18:28.455+0000] {processor.py:186} INFO - Started process (PID=3088) to work on /home/airflow/.local/lib/python3.12/site-packages/airflow/example_dags/example_subdag_operator.py
[2025-02-07T08:18:28.456+0000] {processor.py:914} INFO - Processing file /home/airflow/.local/lib/python3.12/site-packages/airflow/example_dags/example_subdag_operator.py for tasks to queue
[2025-02-07T08:18:28.458+0000] {logging_mixin.py:190} INFO - [2025-02-07T08:18:28.458+0000] {dagbag.py:588} INFO - Filling up the DagBag from /home/airflow/.local/lib/python3.12/site-packages/airflow/example_dags/example_subdag_operator.py
[2025-02-07T08:18:28.479+0000] {processor.py:925} INFO - DAG(s) 'example_subdag_operator.section-1', 'example_subdag_operator.section-2', 'example_subdag_operator' retrieved from /home/airflow/.local/lib/python3.12/site-packages/airflow/example_dags/example_subdag_operator.py
[2025-02-07T08:18:28.489+0000] {logging_mixin.py:190} INFO - [2025-02-07T08:18:28.489+0000] {dag.py:3239} INFO - Sync 3 DAGs
[2025-02-07T08:18:28.504+0000] {logging_mixin.py:190} INFO - [2025-02-07T08:18:28.503+0000] {dag.py:4180} INFO - Setting next_dagrun for example_subdag_operator to 2022-01-01 00:00:00+00:00, run_after=2022-01-01 00:00:00+00:00
[2025-02-07T08:18:28.507+0000] {logging_mixin.py:190} INFO - [2025-02-07T08:18:28.506+0000] {dag.py:4180} INFO - Setting next_dagrun for example_subdag_operator.section-1 to None, run_after=None
[2025-02-07T08:18:28.508+0000] {logging_mixin.py:190} INFO - [2025-02-07T08:18:28.508+0000] {dag.py:4180} INFO - Setting next_dagrun for example_subdag_operator.section-2 to None, run_after=None
[2025-02-07T08:18:28.515+0000] {logging_mixin.py:190} INFO - [2025-02-07T08:18:28.514+0000] {dag.py:3239} INFO - Sync 2 DAGs
[2025-02-07T08:18:28.521+0000] {logging_mixin.py:190} INFO - [2025-02-07T08:18:28.521+0000] {dag.py:4180} INFO - Setting next_dagrun for example_subdag_operator.section-1 to None, run_after=None
[2025-02-07T08:18:28.521+0000] {logging_mixin.py:190} INFO - [2025-02-07T08:18:28.521+0000] {dag.py:4180} INFO - Setting next_dagrun for example_subdag_operator.section-2 to None, run_after=None
[2025-02-07T08:18:28.530+0000] {processor.py:208} INFO - Processing /home/airflow/.local/lib/python3.12/site-packages/airflow/example_dags/example_subdag_operator.py took 0.081 seconds
[2025-02-07T08:18:58.574+0000] {processor.py:186} INFO - Started process (PID=3172) to work on /home/airflow/.local/lib/python3.12/site-packages/airflow/example_dags/example_subdag_operator.py
[2025-02-07T08:18:58.575+0000] {processor.py:914} INFO - Processing file /home/airflow/.local/lib/python3.12/site-packages/airflow/example_dags/example_subdag_operator.py for tasks to queue
[2025-02-07T08:18:58.576+0000] {logging_mixin.py:190} INFO - [2025-02-07T08:18:58.576+0000] {dagbag.py:588} INFO - Filling up the DagBag from /home/airflow/.local/lib/python3.12/site-packages/airflow/example_dags/example_subdag_operator.py
[2025-02-07T08:18:58.598+0000] {processor.py:925} INFO - DAG(s) 'example_subdag_operator.section-1', 'example_subdag_operator.section-2', 'example_subdag_operator' retrieved from /home/airflow/.local/lib/python3.12/site-packages/airflow/example_dags/example_subdag_operator.py
[2025-02-07T08:18:58.607+0000] {logging_mixin.py:190} INFO - [2025-02-07T08:18:58.606+0000] {dag.py:3239} INFO - Sync 3 DAGs
[2025-02-07T08:18:58.619+0000] {logging_mixin.py:190} INFO - [2025-02-07T08:18:58.619+0000] {dag.py:4180} INFO - Setting next_dagrun for example_subdag_operator to 2022-01-01 00:00:00+00:00, run_after=2022-01-01 00:00:00+00:00
[2025-02-07T08:18:58.622+0000] {logging_mixin.py:190} INFO - [2025-02-07T08:18:58.622+0000] {dag.py:4180} INFO - Setting next_dagrun for example_subdag_operator.section-1 to None, run_after=None
[2025-02-07T08:18:58.623+0000] {logging_mixin.py:190} INFO - [2025-02-07T08:18:58.622+0000] {dag.py:4180} INFO - Setting next_dagrun for example_subdag_operator.section-2 to None, run_after=None
[2025-02-07T08:18:58.627+0000] {logging_mixin.py:190} INFO - [2025-02-07T08:18:58.627+0000] {dag.py:3239} INFO - Sync 2 DAGs
[2025-02-07T08:18:58.631+0000] {logging_mixin.py:190} INFO - [2025-02-07T08:18:58.631+0000] {dag.py:4180} INFO - Setting next_dagrun for example_subdag_operator.section-1 to None, run_after=None
[2025-02-07T08:18:58.631+0000] {logging_mixin.py:190} INFO - [2025-02-07T08:18:58.631+0000] {dag.py:4180} INFO - Setting next_dagrun for example_subdag_operator.section-2 to None, run_after=None
[2025-02-07T08:18:58.638+0000] {processor.py:208} INFO - Processing /home/airflow/.local/lib/python3.12/site-packages/airflow/example_dags/example_subdag_operator.py took 0.068 seconds
[2025-02-07T08:19:28.777+0000] {processor.py:186} INFO - Started process (PID=3257) to work on /home/airflow/.local/lib/python3.12/site-packages/airflow/example_dags/example_subdag_operator.py
[2025-02-07T08:19:28.778+0000] {processor.py:914} INFO - Processing file /home/airflow/.local/lib/python3.12/site-packages/airflow/example_dags/example_subdag_operator.py for tasks to queue
[2025-02-07T08:19:28.780+0000] {logging_mixin.py:190} INFO - [2025-02-07T08:19:28.780+0000] {dagbag.py:588} INFO - Filling up the DagBag from /home/airflow/.local/lib/python3.12/site-packages/airflow/example_dags/example_subdag_operator.py
[2025-02-07T08:19:28.797+0000] {processor.py:925} INFO - DAG(s) 'example_subdag_operator.section-1', 'example_subdag_operator.section-2', 'example_subdag_operator' retrieved from /home/airflow/.local/lib/python3.12/site-packages/airflow/example_dags/example_subdag_operator.py
[2025-02-07T08:19:28.805+0000] {logging_mixin.py:190} INFO - [2025-02-07T08:19:28.805+0000] {dag.py:3239} INFO - Sync 3 DAGs
[2025-02-07T08:19:28.817+0000] {logging_mixin.py:190} INFO - [2025-02-07T08:19:28.817+0000] {dag.py:4180} INFO - Setting next_dagrun for example_subdag_operator to 2022-01-01 00:00:00+00:00, run_after=2022-01-01 00:00:00+00:00
[2025-02-07T08:19:28.820+0000] {logging_mixin.py:190} INFO - [2025-02-07T08:19:28.820+0000] {dag.py:4180} INFO - Setting next_dagrun for example_subdag_operator.section-1 to None, run_after=None
[2025-02-07T08:19:28.821+0000] {logging_mixin.py:190} INFO - [2025-02-07T08:19:28.821+0000] {dag.py:4180} INFO - Setting next_dagrun for example_subdag_operator.section-2 to None, run_after=None
[2025-02-07T08:19:28.824+0000] {logging_mixin.py:190} INFO - [2025-02-07T08:19:28.824+0000] {dag.py:3239} INFO - Sync 2 DAGs
[2025-02-07T08:19:28.828+0000] {logging_mixin.py:190} INFO - [2025-02-07T08:19:28.828+0000] {dag.py:4180} INFO - Setting next_dagrun for example_subdag_operator.section-1 to None, run_after=None
[2025-02-07T08:19:28.828+0000] {logging_mixin.py:190} INFO - [2025-02-07T08:19:28.828+0000] {dag.py:4180} INFO - Setting next_dagrun for example_subdag_operator.section-2 to None, run_after=None
[2025-02-07T08:19:28.835+0000] {processor.py:208} INFO - Processing /home/airflow/.local/lib/python3.12/site-packages/airflow/example_dags/example_subdag_operator.py took 0.064 seconds
[2025-02-07T08:19:59.779+0000] {processor.py:186} INFO - Started process (PID=3349) to work on /home/airflow/.local/lib/python3.12/site-packages/airflow/example_dags/example_subdag_operator.py
[2025-02-07T08:19:59.780+0000] {processor.py:914} INFO - Processing file /home/airflow/.local/lib/python3.12/site-packages/airflow/example_dags/example_subdag_operator.py for tasks to queue
[2025-02-07T08:19:59.781+0000] {logging_mixin.py:190} INFO - [2025-02-07T08:19:59.781+0000] {dagbag.py:588} INFO - Filling up the DagBag from /home/airflow/.local/lib/python3.12/site-packages/airflow/example_dags/example_subdag_operator.py
[2025-02-07T08:19:59.794+0000] {processor.py:925} INFO - DAG(s) 'example_subdag_operator.section-1', 'example_subdag_operator.section-2', 'example_subdag_operator' retrieved from /home/airflow/.local/lib/python3.12/site-packages/airflow/example_dags/example_subdag_operator.py
[2025-02-07T08:19:59.802+0000] {logging_mixin.py:190} INFO - [2025-02-07T08:19:59.802+0000] {dag.py:3239} INFO - Sync 3 DAGs
[2025-02-07T08:19:59.815+0000] {logging_mixin.py:190} INFO - [2025-02-07T08:19:59.814+0000] {dag.py:4180} INFO - Setting next_dagrun for example_subdag_operator to 2022-01-01 00:00:00+00:00, run_after=2022-01-01 00:00:00+00:00
[2025-02-07T08:19:59.817+0000] {logging_mixin.py:190} INFO - [2025-02-07T08:19:59.816+0000] {dag.py:4180} INFO - Setting next_dagrun for example_subdag_operator.section-1 to None, run_after=None
[2025-02-07T08:19:59.817+0000] {logging_mixin.py:190} INFO - [2025-02-07T08:19:59.817+0000] {dag.py:4180} INFO - Setting next_dagrun for example_subdag_operator.section-2 to None, run_after=None
[2025-02-07T08:19:59.821+0000] {logging_mixin.py:190} INFO - [2025-02-07T08:19:59.821+0000] {dag.py:3239} INFO - Sync 2 DAGs
[2025-02-07T08:19:59.824+0000] {logging_mixin.py:190} INFO - [2025-02-07T08:19:59.824+0000] {dag.py:4180} INFO - Setting next_dagrun for example_subdag_operator.section-1 to None, run_after=None
[2025-02-07T08:19:59.825+0000] {logging_mixin.py:190} INFO - [2025-02-07T08:19:59.825+0000] {dag.py:4180} INFO - Setting next_dagrun for example_subdag_operator.section-2 to None, run_after=None
[2025-02-07T08:19:59.830+0000] {processor.py:208} INFO - Processing /home/airflow/.local/lib/python3.12/site-packages/airflow/example_dags/example_subdag_operator.py took 0.055 seconds
[2025-02-07T08:20:30.603+0000] {processor.py:186} INFO - Started process (PID=3434) to work on /home/airflow/.local/lib/python3.12/site-packages/airflow/example_dags/example_subdag_operator.py
[2025-02-07T08:20:30.603+0000] {processor.py:914} INFO - Processing file /home/airflow/.local/lib/python3.12/site-packages/airflow/example_dags/example_subdag_operator.py for tasks to queue
[2025-02-07T08:20:30.605+0000] {logging_mixin.py:190} INFO - [2025-02-07T08:20:30.604+0000] {dagbag.py:588} INFO - Filling up the DagBag from /home/airflow/.local/lib/python3.12/site-packages/airflow/example_dags/example_subdag_operator.py
[2025-02-07T08:20:30.619+0000] {processor.py:925} INFO - DAG(s) 'example_subdag_operator.section-1', 'example_subdag_operator.section-2', 'example_subdag_operator' retrieved from /home/airflow/.local/lib/python3.12/site-packages/airflow/example_dags/example_subdag_operator.py
[2025-02-07T08:20:30.627+0000] {logging_mixin.py:190} INFO - [2025-02-07T08:20:30.627+0000] {dag.py:3239} INFO - Sync 3 DAGs
[2025-02-07T08:20:30.639+0000] {logging_mixin.py:190} INFO - [2025-02-07T08:20:30.639+0000] {dag.py:4180} INFO - Setting next_dagrun for example_subdag_operator to 2022-01-01 00:00:00+00:00, run_after=2022-01-01 00:00:00+00:00
[2025-02-07T08:20:30.641+0000] {logging_mixin.py:190} INFO - [2025-02-07T08:20:30.641+0000] {dag.py:4180} INFO - Setting next_dagrun for example_subdag_operator.section-1 to None, run_after=None
[2025-02-07T08:20:30.642+0000] {logging_mixin.py:190} INFO - [2025-02-07T08:20:30.642+0000] {dag.py:4180} INFO - Setting next_dagrun for example_subdag_operator.section-2 to None, run_after=None
[2025-02-07T08:20:30.645+0000] {logging_mixin.py:190} INFO - [2025-02-07T08:20:30.645+0000] {dag.py:3239} INFO - Sync 2 DAGs
[2025-02-07T08:20:30.649+0000] {logging_mixin.py:190} INFO - [2025-02-07T08:20:30.648+0000] {dag.py:4180} INFO - Setting next_dagrun for example_subdag_operator.section-1 to None, run_after=None
[2025-02-07T08:20:30.649+0000] {logging_mixin.py:190} INFO - [2025-02-07T08:20:30.649+0000] {dag.py:4180} INFO - Setting next_dagrun for example_subdag_operator.section-2 to None, run_after=None
[2025-02-07T08:20:30.653+0000] {processor.py:208} INFO - Processing /home/airflow/.local/lib/python3.12/site-packages/airflow/example_dags/example_subdag_operator.py took 0.055 seconds
