[2025-02-07T08:00:30.059+0000] {processor.py:186} INFO - Started process (PID=142) to work on /home/airflow/.local/lib/python3.12/site-packages/airflow/example_dags/example_latest_only.py
[2025-02-07T08:00:30.060+0000] {processor.py:914} INFO - Processing file /home/airflow/.local/lib/python3.12/site-packages/airflow/example_dags/example_latest_only.py for tasks to queue
[2025-02-07T08:00:30.061+0000] {logging_mixin.py:190} INFO - [2025-02-07T08:00:30.061+0000] {dagbag.py:588} INFO - Filling up the DagBag from /home/airflow/.local/lib/python3.12/site-packages/airflow/example_dags/example_latest_only.py
[2025-02-07T08:00:30.067+0000] {processor.py:925} INFO - DAG(s) 'latest_only' retrieved from /home/airflow/.local/lib/python3.12/site-packages/airflow/example_dags/example_latest_only.py
[2025-02-07T08:00:30.103+0000] {logging_mixin.py:190} INFO - [2025-02-07T08:00:30.101+0000] {dag.py:3239} INFO - Sync 1 DAGs
[2025-02-07T08:00:30.128+0000] {logging_mixin.py:190} INFO - [2025-02-07T08:00:30.128+0000] {dag.py:4180} INFO - Setting next_dagrun for latest_only to 2025-02-07 04:00:00+00:00, run_after=2025-02-07 08:00:00+00:00
[2025-02-07T08:00:30.144+0000] {processor.py:208} INFO - Processing /home/airflow/.local/lib/python3.12/site-packages/airflow/example_dags/example_latest_only.py took 0.089 seconds
[2025-02-07T08:01:00.850+0000] {processor.py:186} INFO - Started process (PID=229) to work on /home/airflow/.local/lib/python3.12/site-packages/airflow/example_dags/example_latest_only.py
[2025-02-07T08:01:00.850+0000] {processor.py:914} INFO - Processing file /home/airflow/.local/lib/python3.12/site-packages/airflow/example_dags/example_latest_only.py for tasks to queue
[2025-02-07T08:01:00.852+0000] {logging_mixin.py:190} INFO - [2025-02-07T08:01:00.851+0000] {dagbag.py:588} INFO - Filling up the DagBag from /home/airflow/.local/lib/python3.12/site-packages/airflow/example_dags/example_latest_only.py
[2025-02-07T08:01:00.856+0000] {processor.py:925} INFO - DAG(s) 'latest_only' retrieved from /home/airflow/.local/lib/python3.12/site-packages/airflow/example_dags/example_latest_only.py
[2025-02-07T08:01:00.870+0000] {logging_mixin.py:190} INFO - [2025-02-07T08:01:00.870+0000] {dag.py:3239} INFO - Sync 1 DAGs
[2025-02-07T08:01:00.882+0000] {logging_mixin.py:190} INFO - [2025-02-07T08:01:00.882+0000] {dag.py:4180} INFO - Setting next_dagrun for latest_only to 2025-02-07 04:00:00+00:00, run_after=2025-02-07 08:00:00+00:00
[2025-02-07T08:01:00.891+0000] {processor.py:208} INFO - Processing /home/airflow/.local/lib/python3.12/site-packages/airflow/example_dags/example_latest_only.py took 0.045 seconds
[2025-02-07T08:01:31.668+0000] {processor.py:186} INFO - Started process (PID=314) to work on /home/airflow/.local/lib/python3.12/site-packages/airflow/example_dags/example_latest_only.py
[2025-02-07T08:01:31.669+0000] {processor.py:914} INFO - Processing file /home/airflow/.local/lib/python3.12/site-packages/airflow/example_dags/example_latest_only.py for tasks to queue
[2025-02-07T08:01:31.670+0000] {logging_mixin.py:190} INFO - [2025-02-07T08:01:31.670+0000] {dagbag.py:588} INFO - Filling up the DagBag from /home/airflow/.local/lib/python3.12/site-packages/airflow/example_dags/example_latest_only.py
[2025-02-07T08:01:31.675+0000] {processor.py:925} INFO - DAG(s) 'latest_only' retrieved from /home/airflow/.local/lib/python3.12/site-packages/airflow/example_dags/example_latest_only.py
[2025-02-07T08:01:31.688+0000] {logging_mixin.py:190} INFO - [2025-02-07T08:01:31.688+0000] {dag.py:3239} INFO - Sync 1 DAGs
[2025-02-07T08:01:31.702+0000] {logging_mixin.py:190} INFO - [2025-02-07T08:01:31.702+0000] {dag.py:4180} INFO - Setting next_dagrun for latest_only to 2025-02-07 04:00:00+00:00, run_after=2025-02-07 08:00:00+00:00
[2025-02-07T08:01:31.712+0000] {processor.py:208} INFO - Processing /home/airflow/.local/lib/python3.12/site-packages/airflow/example_dags/example_latest_only.py took 0.049 seconds
[2025-02-07T08:02:02.706+0000] {processor.py:186} INFO - Started process (PID=400) to work on /home/airflow/.local/lib/python3.12/site-packages/airflow/example_dags/example_latest_only.py
[2025-02-07T08:02:02.706+0000] {processor.py:914} INFO - Processing file /home/airflow/.local/lib/python3.12/site-packages/airflow/example_dags/example_latest_only.py for tasks to queue
[2025-02-07T08:02:02.708+0000] {logging_mixin.py:190} INFO - [2025-02-07T08:02:02.708+0000] {dagbag.py:588} INFO - Filling up the DagBag from /home/airflow/.local/lib/python3.12/site-packages/airflow/example_dags/example_latest_only.py
[2025-02-07T08:02:02.712+0000] {processor.py:925} INFO - DAG(s) 'latest_only' retrieved from /home/airflow/.local/lib/python3.12/site-packages/airflow/example_dags/example_latest_only.py
[2025-02-07T08:02:02.729+0000] {logging_mixin.py:190} INFO - [2025-02-07T08:02:02.728+0000] {dag.py:3239} INFO - Sync 1 DAGs
[2025-02-07T08:02:02.751+0000] {logging_mixin.py:190} INFO - [2025-02-07T08:02:02.751+0000] {dag.py:4180} INFO - Setting next_dagrun for latest_only to 2025-02-07 04:00:00+00:00, run_after=2025-02-07 08:00:00+00:00
[2025-02-07T08:02:02.765+0000] {processor.py:208} INFO - Processing /home/airflow/.local/lib/python3.12/site-packages/airflow/example_dags/example_latest_only.py took 0.063 seconds
[2025-02-07T08:02:34.091+0000] {processor.py:186} INFO - Started process (PID=485) to work on /home/airflow/.local/lib/python3.12/site-packages/airflow/example_dags/example_latest_only.py
[2025-02-07T08:02:34.091+0000] {processor.py:914} INFO - Processing file /home/airflow/.local/lib/python3.12/site-packages/airflow/example_dags/example_latest_only.py for tasks to queue
[2025-02-07T08:02:34.093+0000] {logging_mixin.py:190} INFO - [2025-02-07T08:02:34.092+0000] {dagbag.py:588} INFO - Filling up the DagBag from /home/airflow/.local/lib/python3.12/site-packages/airflow/example_dags/example_latest_only.py
[2025-02-07T08:02:34.097+0000] {processor.py:925} INFO - DAG(s) 'latest_only' retrieved from /home/airflow/.local/lib/python3.12/site-packages/airflow/example_dags/example_latest_only.py
[2025-02-07T08:02:34.111+0000] {logging_mixin.py:190} INFO - [2025-02-07T08:02:34.111+0000] {dag.py:3239} INFO - Sync 1 DAGs
[2025-02-07T08:02:34.124+0000] {logging_mixin.py:190} INFO - [2025-02-07T08:02:34.124+0000] {dag.py:4180} INFO - Setting next_dagrun for latest_only to 2025-02-07 04:00:00+00:00, run_after=2025-02-07 08:00:00+00:00
[2025-02-07T08:02:34.134+0000] {processor.py:208} INFO - Processing /home/airflow/.local/lib/python3.12/site-packages/airflow/example_dags/example_latest_only.py took 0.048 seconds
[2025-02-07T08:03:04.567+0000] {processor.py:186} INFO - Started process (PID=570) to work on /home/airflow/.local/lib/python3.12/site-packages/airflow/example_dags/example_latest_only.py
[2025-02-07T08:03:04.567+0000] {processor.py:914} INFO - Processing file /home/airflow/.local/lib/python3.12/site-packages/airflow/example_dags/example_latest_only.py for tasks to queue
[2025-02-07T08:03:04.568+0000] {logging_mixin.py:190} INFO - [2025-02-07T08:03:04.568+0000] {dagbag.py:588} INFO - Filling up the DagBag from /home/airflow/.local/lib/python3.12/site-packages/airflow/example_dags/example_latest_only.py
[2025-02-07T08:03:04.573+0000] {processor.py:925} INFO - DAG(s) 'latest_only' retrieved from /home/airflow/.local/lib/python3.12/site-packages/airflow/example_dags/example_latest_only.py
[2025-02-07T08:03:04.587+0000] {logging_mixin.py:190} INFO - [2025-02-07T08:03:04.587+0000] {dag.py:3239} INFO - Sync 1 DAGs
[2025-02-07T08:03:04.609+0000] {logging_mixin.py:190} INFO - [2025-02-07T08:03:04.608+0000] {dag.py:4180} INFO - Setting next_dagrun for latest_only to 2025-02-07 04:00:00+00:00, run_after=2025-02-07 08:00:00+00:00
[2025-02-07T08:03:04.622+0000] {processor.py:208} INFO - Processing /home/airflow/.local/lib/python3.12/site-packages/airflow/example_dags/example_latest_only.py took 0.059 seconds
[2025-02-07T08:03:35.378+0000] {processor.py:186} INFO - Started process (PID=654) to work on /home/airflow/.local/lib/python3.12/site-packages/airflow/example_dags/example_latest_only.py
[2025-02-07T08:03:35.378+0000] {processor.py:914} INFO - Processing file /home/airflow/.local/lib/python3.12/site-packages/airflow/example_dags/example_latest_only.py for tasks to queue
[2025-02-07T08:03:35.380+0000] {logging_mixin.py:190} INFO - [2025-02-07T08:03:35.379+0000] {dagbag.py:588} INFO - Filling up the DagBag from /home/airflow/.local/lib/python3.12/site-packages/airflow/example_dags/example_latest_only.py
[2025-02-07T08:03:35.383+0000] {processor.py:925} INFO - DAG(s) 'latest_only' retrieved from /home/airflow/.local/lib/python3.12/site-packages/airflow/example_dags/example_latest_only.py
[2025-02-07T08:03:35.396+0000] {logging_mixin.py:190} INFO - [2025-02-07T08:03:35.396+0000] {dag.py:3239} INFO - Sync 1 DAGs
[2025-02-07T08:03:35.408+0000] {logging_mixin.py:190} INFO - [2025-02-07T08:03:35.408+0000] {dag.py:4180} INFO - Setting next_dagrun for latest_only to 2025-02-07 04:00:00+00:00, run_after=2025-02-07 08:00:00+00:00
[2025-02-07T08:03:35.417+0000] {processor.py:208} INFO - Processing /home/airflow/.local/lib/python3.12/site-packages/airflow/example_dags/example_latest_only.py took 0.043 seconds
[2025-02-07T08:04:06.384+0000] {processor.py:186} INFO - Started process (PID=739) to work on /home/airflow/.local/lib/python3.12/site-packages/airflow/example_dags/example_latest_only.py
[2025-02-07T08:04:06.385+0000] {processor.py:914} INFO - Processing file /home/airflow/.local/lib/python3.12/site-packages/airflow/example_dags/example_latest_only.py for tasks to queue
[2025-02-07T08:04:06.387+0000] {logging_mixin.py:190} INFO - [2025-02-07T08:04:06.386+0000] {dagbag.py:588} INFO - Filling up the DagBag from /home/airflow/.local/lib/python3.12/site-packages/airflow/example_dags/example_latest_only.py
[2025-02-07T08:04:06.394+0000] {processor.py:925} INFO - DAG(s) 'latest_only' retrieved from /home/airflow/.local/lib/python3.12/site-packages/airflow/example_dags/example_latest_only.py
[2025-02-07T08:04:06.413+0000] {logging_mixin.py:190} INFO - [2025-02-07T08:04:06.413+0000] {dag.py:3239} INFO - Sync 1 DAGs
[2025-02-07T08:04:06.431+0000] {logging_mixin.py:190} INFO - [2025-02-07T08:04:06.431+0000] {dag.py:4180} INFO - Setting next_dagrun for latest_only to 2025-02-07 04:00:00+00:00, run_after=2025-02-07 08:00:00+00:00
[2025-02-07T08:04:06.447+0000] {processor.py:208} INFO - Processing /home/airflow/.local/lib/python3.12/site-packages/airflow/example_dags/example_latest_only.py took 0.068 seconds
[2025-02-07T08:04:36.543+0000] {processor.py:186} INFO - Started process (PID=824) to work on /home/airflow/.local/lib/python3.12/site-packages/airflow/example_dags/example_latest_only.py
[2025-02-07T08:04:36.543+0000] {processor.py:914} INFO - Processing file /home/airflow/.local/lib/python3.12/site-packages/airflow/example_dags/example_latest_only.py for tasks to queue
[2025-02-07T08:04:36.545+0000] {logging_mixin.py:190} INFO - [2025-02-07T08:04:36.545+0000] {dagbag.py:588} INFO - Filling up the DagBag from /home/airflow/.local/lib/python3.12/site-packages/airflow/example_dags/example_latest_only.py
[2025-02-07T08:04:36.550+0000] {processor.py:925} INFO - DAG(s) 'latest_only' retrieved from /home/airflow/.local/lib/python3.12/site-packages/airflow/example_dags/example_latest_only.py
[2025-02-07T08:04:36.564+0000] {logging_mixin.py:190} INFO - [2025-02-07T08:04:36.564+0000] {dag.py:3239} INFO - Sync 1 DAGs
[2025-02-07T08:04:36.578+0000] {logging_mixin.py:190} INFO - [2025-02-07T08:04:36.578+0000] {dag.py:4180} INFO - Setting next_dagrun for latest_only to 2025-02-07 04:00:00+00:00, run_after=2025-02-07 08:00:00+00:00
[2025-02-07T08:04:36.591+0000] {processor.py:208} INFO - Processing /home/airflow/.local/lib/python3.12/site-packages/airflow/example_dags/example_latest_only.py took 0.053 seconds
[2025-02-07T08:05:07.415+0000] {processor.py:186} INFO - Started process (PID=909) to work on /home/airflow/.local/lib/python3.12/site-packages/airflow/example_dags/example_latest_only.py
[2025-02-07T08:05:07.416+0000] {processor.py:914} INFO - Processing file /home/airflow/.local/lib/python3.12/site-packages/airflow/example_dags/example_latest_only.py for tasks to queue
[2025-02-07T08:05:07.417+0000] {logging_mixin.py:190} INFO - [2025-02-07T08:05:07.417+0000] {dagbag.py:588} INFO - Filling up the DagBag from /home/airflow/.local/lib/python3.12/site-packages/airflow/example_dags/example_latest_only.py
[2025-02-07T08:05:07.423+0000] {processor.py:925} INFO - DAG(s) 'latest_only' retrieved from /home/airflow/.local/lib/python3.12/site-packages/airflow/example_dags/example_latest_only.py
[2025-02-07T08:05:07.438+0000] {logging_mixin.py:190} INFO - [2025-02-07T08:05:07.438+0000] {dag.py:3239} INFO - Sync 1 DAGs
[2025-02-07T08:05:07.455+0000] {logging_mixin.py:190} INFO - [2025-02-07T08:05:07.455+0000] {dag.py:4180} INFO - Setting next_dagrun for latest_only to 2025-02-07 04:00:00+00:00, run_after=2025-02-07 08:00:00+00:00
[2025-02-07T08:05:07.471+0000] {processor.py:208} INFO - Processing /home/airflow/.local/lib/python3.12/site-packages/airflow/example_dags/example_latest_only.py took 0.061 seconds
[2025-02-07T08:05:38.712+0000] {processor.py:186} INFO - Started process (PID=994) to work on /home/airflow/.local/lib/python3.12/site-packages/airflow/example_dags/example_latest_only.py
[2025-02-07T08:05:38.713+0000] {processor.py:914} INFO - Processing file /home/airflow/.local/lib/python3.12/site-packages/airflow/example_dags/example_latest_only.py for tasks to queue
[2025-02-07T08:05:38.714+0000] {logging_mixin.py:190} INFO - [2025-02-07T08:05:38.714+0000] {dagbag.py:588} INFO - Filling up the DagBag from /home/airflow/.local/lib/python3.12/site-packages/airflow/example_dags/example_latest_only.py
[2025-02-07T08:05:38.719+0000] {processor.py:925} INFO - DAG(s) 'latest_only' retrieved from /home/airflow/.local/lib/python3.12/site-packages/airflow/example_dags/example_latest_only.py
[2025-02-07T08:05:38.734+0000] {logging_mixin.py:190} INFO - [2025-02-07T08:05:38.733+0000] {dag.py:3239} INFO - Sync 1 DAGs
[2025-02-07T08:05:38.754+0000] {logging_mixin.py:190} INFO - [2025-02-07T08:05:38.754+0000] {dag.py:4180} INFO - Setting next_dagrun for latest_only to 2025-02-07 04:00:00+00:00, run_after=2025-02-07 08:00:00+00:00
[2025-02-07T08:05:38.771+0000] {processor.py:208} INFO - Processing /home/airflow/.local/lib/python3.12/site-packages/airflow/example_dags/example_latest_only.py took 0.065 seconds
[2025-02-07T08:06:09.616+0000] {processor.py:186} INFO - Started process (PID=1079) to work on /home/airflow/.local/lib/python3.12/site-packages/airflow/example_dags/example_latest_only.py
[2025-02-07T08:06:09.616+0000] {processor.py:914} INFO - Processing file /home/airflow/.local/lib/python3.12/site-packages/airflow/example_dags/example_latest_only.py for tasks to queue
[2025-02-07T08:06:09.617+0000] {logging_mixin.py:190} INFO - [2025-02-07T08:06:09.617+0000] {dagbag.py:588} INFO - Filling up the DagBag from /home/airflow/.local/lib/python3.12/site-packages/airflow/example_dags/example_latest_only.py
[2025-02-07T08:06:09.621+0000] {processor.py:925} INFO - DAG(s) 'latest_only' retrieved from /home/airflow/.local/lib/python3.12/site-packages/airflow/example_dags/example_latest_only.py
[2025-02-07T08:06:09.636+0000] {logging_mixin.py:190} INFO - [2025-02-07T08:06:09.636+0000] {dag.py:3239} INFO - Sync 1 DAGs
[2025-02-07T08:06:09.658+0000] {logging_mixin.py:190} INFO - [2025-02-07T08:06:09.658+0000] {dag.py:4180} INFO - Setting next_dagrun for latest_only to 2025-02-07 04:00:00+00:00, run_after=2025-02-07 08:00:00+00:00
[2025-02-07T08:06:09.677+0000] {processor.py:208} INFO - Processing /home/airflow/.local/lib/python3.12/site-packages/airflow/example_dags/example_latest_only.py took 0.065 seconds
[2025-02-07T08:06:40.604+0000] {processor.py:186} INFO - Started process (PID=1164) to work on /home/airflow/.local/lib/python3.12/site-packages/airflow/example_dags/example_latest_only.py
[2025-02-07T08:06:40.604+0000] {processor.py:914} INFO - Processing file /home/airflow/.local/lib/python3.12/site-packages/airflow/example_dags/example_latest_only.py for tasks to queue
[2025-02-07T08:06:40.606+0000] {logging_mixin.py:190} INFO - [2025-02-07T08:06:40.605+0000] {dagbag.py:588} INFO - Filling up the DagBag from /home/airflow/.local/lib/python3.12/site-packages/airflow/example_dags/example_latest_only.py
[2025-02-07T08:06:40.610+0000] {processor.py:925} INFO - DAG(s) 'latest_only' retrieved from /home/airflow/.local/lib/python3.12/site-packages/airflow/example_dags/example_latest_only.py
[2025-02-07T08:06:40.624+0000] {logging_mixin.py:190} INFO - [2025-02-07T08:06:40.624+0000] {dag.py:3239} INFO - Sync 1 DAGs
[2025-02-07T08:06:40.637+0000] {logging_mixin.py:190} INFO - [2025-02-07T08:06:40.637+0000] {dag.py:4180} INFO - Setting next_dagrun for latest_only to 2025-02-07 04:00:00+00:00, run_after=2025-02-07 08:00:00+00:00
[2025-02-07T08:06:40.647+0000] {processor.py:208} INFO - Processing /home/airflow/.local/lib/python3.12/site-packages/airflow/example_dags/example_latest_only.py took 0.047 seconds
[2025-02-07T08:07:11.562+0000] {processor.py:186} INFO - Started process (PID=1249) to work on /home/airflow/.local/lib/python3.12/site-packages/airflow/example_dags/example_latest_only.py
[2025-02-07T08:07:11.563+0000] {processor.py:914} INFO - Processing file /home/airflow/.local/lib/python3.12/site-packages/airflow/example_dags/example_latest_only.py for tasks to queue
[2025-02-07T08:07:11.564+0000] {logging_mixin.py:190} INFO - [2025-02-07T08:07:11.564+0000] {dagbag.py:588} INFO - Filling up the DagBag from /home/airflow/.local/lib/python3.12/site-packages/airflow/example_dags/example_latest_only.py
[2025-02-07T08:07:11.568+0000] {processor.py:925} INFO - DAG(s) 'latest_only' retrieved from /home/airflow/.local/lib/python3.12/site-packages/airflow/example_dags/example_latest_only.py
[2025-02-07T08:07:11.581+0000] {logging_mixin.py:190} INFO - [2025-02-07T08:07:11.581+0000] {dag.py:3239} INFO - Sync 1 DAGs
[2025-02-07T08:07:11.594+0000] {logging_mixin.py:190} INFO - [2025-02-07T08:07:11.593+0000] {dag.py:4180} INFO - Setting next_dagrun for latest_only to 2025-02-07 04:00:00+00:00, run_after=2025-02-07 08:00:00+00:00
[2025-02-07T08:07:11.603+0000] {processor.py:208} INFO - Processing /home/airflow/.local/lib/python3.12/site-packages/airflow/example_dags/example_latest_only.py took 0.046 seconds
[2025-02-07T08:07:42.065+0000] {processor.py:186} INFO - Started process (PID=1334) to work on /home/airflow/.local/lib/python3.12/site-packages/airflow/example_dags/example_latest_only.py
[2025-02-07T08:07:42.066+0000] {processor.py:914} INFO - Processing file /home/airflow/.local/lib/python3.12/site-packages/airflow/example_dags/example_latest_only.py for tasks to queue
[2025-02-07T08:07:42.067+0000] {logging_mixin.py:190} INFO - [2025-02-07T08:07:42.067+0000] {dagbag.py:588} INFO - Filling up the DagBag from /home/airflow/.local/lib/python3.12/site-packages/airflow/example_dags/example_latest_only.py
[2025-02-07T08:07:42.071+0000] {processor.py:925} INFO - DAG(s) 'latest_only' retrieved from /home/airflow/.local/lib/python3.12/site-packages/airflow/example_dags/example_latest_only.py
[2025-02-07T08:07:42.086+0000] {logging_mixin.py:190} INFO - [2025-02-07T08:07:42.086+0000] {dag.py:3239} INFO - Sync 1 DAGs
[2025-02-07T08:07:42.112+0000] {logging_mixin.py:190} INFO - [2025-02-07T08:07:42.112+0000] {dag.py:4180} INFO - Setting next_dagrun for latest_only to 2025-02-07 04:00:00+00:00, run_after=2025-02-07 08:00:00+00:00
[2025-02-07T08:07:42.128+0000] {processor.py:208} INFO - Processing /home/airflow/.local/lib/python3.12/site-packages/airflow/example_dags/example_latest_only.py took 0.066 seconds
[2025-02-07T08:08:12.632+0000] {processor.py:186} INFO - Started process (PID=1419) to work on /home/airflow/.local/lib/python3.12/site-packages/airflow/example_dags/example_latest_only.py
[2025-02-07T08:08:12.633+0000] {processor.py:914} INFO - Processing file /home/airflow/.local/lib/python3.12/site-packages/airflow/example_dags/example_latest_only.py for tasks to queue
[2025-02-07T08:08:12.634+0000] {logging_mixin.py:190} INFO - [2025-02-07T08:08:12.634+0000] {dagbag.py:588} INFO - Filling up the DagBag from /home/airflow/.local/lib/python3.12/site-packages/airflow/example_dags/example_latest_only.py
[2025-02-07T08:08:12.638+0000] {processor.py:925} INFO - DAG(s) 'latest_only' retrieved from /home/airflow/.local/lib/python3.12/site-packages/airflow/example_dags/example_latest_only.py
[2025-02-07T08:08:12.658+0000] {logging_mixin.py:190} INFO - [2025-02-07T08:08:12.658+0000] {dag.py:3239} INFO - Sync 1 DAGs
[2025-02-07T08:08:12.678+0000] {logging_mixin.py:190} INFO - [2025-02-07T08:08:12.678+0000] {dag.py:4180} INFO - Setting next_dagrun for latest_only to 2025-02-07 04:00:00+00:00, run_after=2025-02-07 08:00:00+00:00
[2025-02-07T08:08:12.691+0000] {processor.py:208} INFO - Processing /home/airflow/.local/lib/python3.12/site-packages/airflow/example_dags/example_latest_only.py took 0.064 seconds
[2025-02-07T08:08:43.982+0000] {processor.py:186} INFO - Started process (PID=1504) to work on /home/airflow/.local/lib/python3.12/site-packages/airflow/example_dags/example_latest_only.py
[2025-02-07T08:08:43.983+0000] {processor.py:914} INFO - Processing file /home/airflow/.local/lib/python3.12/site-packages/airflow/example_dags/example_latest_only.py for tasks to queue
[2025-02-07T08:08:43.984+0000] {logging_mixin.py:190} INFO - [2025-02-07T08:08:43.984+0000] {dagbag.py:588} INFO - Filling up the DagBag from /home/airflow/.local/lib/python3.12/site-packages/airflow/example_dags/example_latest_only.py
[2025-02-07T08:08:43.988+0000] {processor.py:925} INFO - DAG(s) 'latest_only' retrieved from /home/airflow/.local/lib/python3.12/site-packages/airflow/example_dags/example_latest_only.py
[2025-02-07T08:08:44.000+0000] {logging_mixin.py:190} INFO - [2025-02-07T08:08:44.000+0000] {dag.py:3239} INFO - Sync 1 DAGs
[2025-02-07T08:08:44.017+0000] {logging_mixin.py:190} INFO - [2025-02-07T08:08:44.017+0000] {dag.py:4180} INFO - Setting next_dagrun for latest_only to 2025-02-07 04:00:00+00:00, run_after=2025-02-07 08:00:00+00:00
[2025-02-07T08:08:44.027+0000] {processor.py:208} INFO - Processing /home/airflow/.local/lib/python3.12/site-packages/airflow/example_dags/example_latest_only.py took 0.050 seconds
[2025-02-07T08:09:14.748+0000] {processor.py:186} INFO - Started process (PID=1589) to work on /home/airflow/.local/lib/python3.12/site-packages/airflow/example_dags/example_latest_only.py
[2025-02-07T08:09:14.748+0000] {processor.py:914} INFO - Processing file /home/airflow/.local/lib/python3.12/site-packages/airflow/example_dags/example_latest_only.py for tasks to queue
[2025-02-07T08:09:14.750+0000] {logging_mixin.py:190} INFO - [2025-02-07T08:09:14.749+0000] {dagbag.py:588} INFO - Filling up the DagBag from /home/airflow/.local/lib/python3.12/site-packages/airflow/example_dags/example_latest_only.py
[2025-02-07T08:09:14.754+0000] {processor.py:925} INFO - DAG(s) 'latest_only' retrieved from /home/airflow/.local/lib/python3.12/site-packages/airflow/example_dags/example_latest_only.py
[2025-02-07T08:09:14.769+0000] {logging_mixin.py:190} INFO - [2025-02-07T08:09:14.769+0000] {dag.py:3239} INFO - Sync 1 DAGs
[2025-02-07T08:09:14.792+0000] {logging_mixin.py:190} INFO - [2025-02-07T08:09:14.791+0000] {dag.py:4180} INFO - Setting next_dagrun for latest_only to 2025-02-07 04:00:00+00:00, run_after=2025-02-07 08:00:00+00:00
[2025-02-07T08:09:14.807+0000] {processor.py:208} INFO - Processing /home/airflow/.local/lib/python3.12/site-packages/airflow/example_dags/example_latest_only.py took 0.063 seconds
[2025-02-07T08:09:45.727+0000] {processor.py:186} INFO - Started process (PID=1674) to work on /home/airflow/.local/lib/python3.12/site-packages/airflow/example_dags/example_latest_only.py
[2025-02-07T08:09:45.727+0000] {processor.py:914} INFO - Processing file /home/airflow/.local/lib/python3.12/site-packages/airflow/example_dags/example_latest_only.py for tasks to queue
[2025-02-07T08:09:45.728+0000] {logging_mixin.py:190} INFO - [2025-02-07T08:09:45.728+0000] {dagbag.py:588} INFO - Filling up the DagBag from /home/airflow/.local/lib/python3.12/site-packages/airflow/example_dags/example_latest_only.py
[2025-02-07T08:09:45.733+0000] {processor.py:925} INFO - DAG(s) 'latest_only' retrieved from /home/airflow/.local/lib/python3.12/site-packages/airflow/example_dags/example_latest_only.py
[2025-02-07T08:09:45.748+0000] {logging_mixin.py:190} INFO - [2025-02-07T08:09:45.748+0000] {dag.py:3239} INFO - Sync 1 DAGs
[2025-02-07T08:09:45.762+0000] {logging_mixin.py:190} INFO - [2025-02-07T08:09:45.762+0000] {dag.py:4180} INFO - Setting next_dagrun for latest_only to 2025-02-07 04:00:00+00:00, run_after=2025-02-07 08:00:00+00:00
[2025-02-07T08:09:45.772+0000] {processor.py:208} INFO - Processing /home/airflow/.local/lib/python3.12/site-packages/airflow/example_dags/example_latest_only.py took 0.048 seconds
[2025-02-07T08:10:16.418+0000] {processor.py:186} INFO - Started process (PID=1738) to work on /home/airflow/.local/lib/python3.12/site-packages/airflow/example_dags/example_latest_only.py
[2025-02-07T08:10:16.419+0000] {processor.py:914} INFO - Processing file /home/airflow/.local/lib/python3.12/site-packages/airflow/example_dags/example_latest_only.py for tasks to queue
[2025-02-07T08:10:16.420+0000] {logging_mixin.py:190} INFO - [2025-02-07T08:10:16.420+0000] {dagbag.py:588} INFO - Filling up the DagBag from /home/airflow/.local/lib/python3.12/site-packages/airflow/example_dags/example_latest_only.py
[2025-02-07T08:10:16.425+0000] {processor.py:925} INFO - DAG(s) 'latest_only' retrieved from /home/airflow/.local/lib/python3.12/site-packages/airflow/example_dags/example_latest_only.py
[2025-02-07T08:10:16.439+0000] {logging_mixin.py:190} INFO - [2025-02-07T08:10:16.439+0000] {dag.py:3239} INFO - Sync 1 DAGs
[2025-02-07T08:10:16.460+0000] {logging_mixin.py:190} INFO - [2025-02-07T08:10:16.460+0000] {dag.py:4180} INFO - Setting next_dagrun for latest_only to 2025-02-07 04:00:00+00:00, run_after=2025-02-07 08:00:00+00:00
[2025-02-07T08:10:16.477+0000] {processor.py:208} INFO - Processing /home/airflow/.local/lib/python3.12/site-packages/airflow/example_dags/example_latest_only.py took 0.061 seconds
[2025-02-07T08:10:47.033+0000] {processor.py:186} INFO - Started process (PID=1822) to work on /home/airflow/.local/lib/python3.12/site-packages/airflow/example_dags/example_latest_only.py
[2025-02-07T08:10:47.033+0000] {processor.py:914} INFO - Processing file /home/airflow/.local/lib/python3.12/site-packages/airflow/example_dags/example_latest_only.py for tasks to queue
[2025-02-07T08:10:47.035+0000] {logging_mixin.py:190} INFO - [2025-02-07T08:10:47.035+0000] {dagbag.py:588} INFO - Filling up the DagBag from /home/airflow/.local/lib/python3.12/site-packages/airflow/example_dags/example_latest_only.py
[2025-02-07T08:10:47.040+0000] {processor.py:925} INFO - DAG(s) 'latest_only' retrieved from /home/airflow/.local/lib/python3.12/site-packages/airflow/example_dags/example_latest_only.py
[2025-02-07T08:10:47.053+0000] {logging_mixin.py:190} INFO - [2025-02-07T08:10:47.053+0000] {dag.py:3239} INFO - Sync 1 DAGs
[2025-02-07T08:10:47.067+0000] {logging_mixin.py:190} INFO - [2025-02-07T08:10:47.067+0000] {dag.py:4180} INFO - Setting next_dagrun for latest_only to 2025-02-07 04:00:00+00:00, run_after=2025-02-07 08:00:00+00:00
[2025-02-07T08:10:47.077+0000] {processor.py:208} INFO - Processing /home/airflow/.local/lib/python3.12/site-packages/airflow/example_dags/example_latest_only.py took 0.049 seconds
[2025-02-07T08:11:17.221+0000] {processor.py:186} INFO - Started process (PID=1907) to work on /home/airflow/.local/lib/python3.12/site-packages/airflow/example_dags/example_latest_only.py
[2025-02-07T08:11:17.221+0000] {processor.py:914} INFO - Processing file /home/airflow/.local/lib/python3.12/site-packages/airflow/example_dags/example_latest_only.py for tasks to queue
[2025-02-07T08:11:17.223+0000] {logging_mixin.py:190} INFO - [2025-02-07T08:11:17.222+0000] {dagbag.py:588} INFO - Filling up the DagBag from /home/airflow/.local/lib/python3.12/site-packages/airflow/example_dags/example_latest_only.py
[2025-02-07T08:11:17.226+0000] {processor.py:925} INFO - DAG(s) 'latest_only' retrieved from /home/airflow/.local/lib/python3.12/site-packages/airflow/example_dags/example_latest_only.py
[2025-02-07T08:11:17.239+0000] {logging_mixin.py:190} INFO - [2025-02-07T08:11:17.238+0000] {dag.py:3239} INFO - Sync 1 DAGs
[2025-02-07T08:11:17.252+0000] {logging_mixin.py:190} INFO - [2025-02-07T08:11:17.252+0000] {dag.py:4180} INFO - Setting next_dagrun for latest_only to 2025-02-07 04:00:00+00:00, run_after=2025-02-07 08:00:00+00:00
[2025-02-07T08:11:17.264+0000] {processor.py:208} INFO - Processing /home/airflow/.local/lib/python3.12/site-packages/airflow/example_dags/example_latest_only.py took 0.047 seconds
[2025-02-07T08:11:48.431+0000] {processor.py:186} INFO - Started process (PID=1992) to work on /home/airflow/.local/lib/python3.12/site-packages/airflow/example_dags/example_latest_only.py
[2025-02-07T08:11:48.431+0000] {processor.py:914} INFO - Processing file /home/airflow/.local/lib/python3.12/site-packages/airflow/example_dags/example_latest_only.py for tasks to queue
[2025-02-07T08:11:48.433+0000] {logging_mixin.py:190} INFO - [2025-02-07T08:11:48.433+0000] {dagbag.py:588} INFO - Filling up the DagBag from /home/airflow/.local/lib/python3.12/site-packages/airflow/example_dags/example_latest_only.py
[2025-02-07T08:11:48.438+0000] {processor.py:925} INFO - DAG(s) 'latest_only' retrieved from /home/airflow/.local/lib/python3.12/site-packages/airflow/example_dags/example_latest_only.py
[2025-02-07T08:11:48.452+0000] {logging_mixin.py:190} INFO - [2025-02-07T08:11:48.452+0000] {dag.py:3239} INFO - Sync 1 DAGs
[2025-02-07T08:11:48.474+0000] {logging_mixin.py:190} INFO - [2025-02-07T08:11:48.474+0000] {dag.py:4180} INFO - Setting next_dagrun for latest_only to 2025-02-07 04:00:00+00:00, run_after=2025-02-07 08:00:00+00:00
[2025-02-07T08:11:48.488+0000] {processor.py:208} INFO - Processing /home/airflow/.local/lib/python3.12/site-packages/airflow/example_dags/example_latest_only.py took 0.063 seconds
[2025-02-07T08:12:19.531+0000] {processor.py:186} INFO - Started process (PID=2077) to work on /home/airflow/.local/lib/python3.12/site-packages/airflow/example_dags/example_latest_only.py
[2025-02-07T08:12:19.531+0000] {processor.py:914} INFO - Processing file /home/airflow/.local/lib/python3.12/site-packages/airflow/example_dags/example_latest_only.py for tasks to queue
[2025-02-07T08:12:19.533+0000] {logging_mixin.py:190} INFO - [2025-02-07T08:12:19.532+0000] {dagbag.py:588} INFO - Filling up the DagBag from /home/airflow/.local/lib/python3.12/site-packages/airflow/example_dags/example_latest_only.py
[2025-02-07T08:12:19.537+0000] {processor.py:925} INFO - DAG(s) 'latest_only' retrieved from /home/airflow/.local/lib/python3.12/site-packages/airflow/example_dags/example_latest_only.py
[2025-02-07T08:12:19.548+0000] {logging_mixin.py:190} INFO - [2025-02-07T08:12:19.548+0000] {dag.py:3239} INFO - Sync 1 DAGs
[2025-02-07T08:12:19.561+0000] {logging_mixin.py:190} INFO - [2025-02-07T08:12:19.561+0000] {dag.py:4180} INFO - Setting next_dagrun for latest_only to 2025-02-07 04:00:00+00:00, run_after=2025-02-07 08:00:00+00:00
[2025-02-07T08:12:19.571+0000] {processor.py:208} INFO - Processing /home/airflow/.local/lib/python3.12/site-packages/airflow/example_dags/example_latest_only.py took 0.044 seconds
[2025-02-07T08:12:49.833+0000] {processor.py:186} INFO - Started process (PID=2162) to work on /home/airflow/.local/lib/python3.12/site-packages/airflow/example_dags/example_latest_only.py
[2025-02-07T08:12:49.834+0000] {processor.py:914} INFO - Processing file /home/airflow/.local/lib/python3.12/site-packages/airflow/example_dags/example_latest_only.py for tasks to queue
[2025-02-07T08:12:49.835+0000] {logging_mixin.py:190} INFO - [2025-02-07T08:12:49.835+0000] {dagbag.py:588} INFO - Filling up the DagBag from /home/airflow/.local/lib/python3.12/site-packages/airflow/example_dags/example_latest_only.py
[2025-02-07T08:12:49.839+0000] {processor.py:925} INFO - DAG(s) 'latest_only' retrieved from /home/airflow/.local/lib/python3.12/site-packages/airflow/example_dags/example_latest_only.py
[2025-02-07T08:12:49.852+0000] {logging_mixin.py:190} INFO - [2025-02-07T08:12:49.851+0000] {dag.py:3239} INFO - Sync 1 DAGs
[2025-02-07T08:12:49.867+0000] {logging_mixin.py:190} INFO - [2025-02-07T08:12:49.867+0000] {dag.py:4180} INFO - Setting next_dagrun for latest_only to 2025-02-07 04:00:00+00:00, run_after=2025-02-07 08:00:00+00:00
[2025-02-07T08:12:49.878+0000] {processor.py:208} INFO - Processing /home/airflow/.local/lib/python3.12/site-packages/airflow/example_dags/example_latest_only.py took 0.048 seconds
[2025-02-07T08:13:20.304+0000] {processor.py:186} INFO - Started process (PID=2247) to work on /home/airflow/.local/lib/python3.12/site-packages/airflow/example_dags/example_latest_only.py
[2025-02-07T08:13:20.304+0000] {processor.py:914} INFO - Processing file /home/airflow/.local/lib/python3.12/site-packages/airflow/example_dags/example_latest_only.py for tasks to queue
[2025-02-07T08:13:20.305+0000] {logging_mixin.py:190} INFO - [2025-02-07T08:13:20.305+0000] {dagbag.py:588} INFO - Filling up the DagBag from /home/airflow/.local/lib/python3.12/site-packages/airflow/example_dags/example_latest_only.py
[2025-02-07T08:13:20.309+0000] {processor.py:925} INFO - DAG(s) 'latest_only' retrieved from /home/airflow/.local/lib/python3.12/site-packages/airflow/example_dags/example_latest_only.py
[2025-02-07T08:13:20.320+0000] {logging_mixin.py:190} INFO - [2025-02-07T08:13:20.320+0000] {dag.py:3239} INFO - Sync 1 DAGs
[2025-02-07T08:13:20.332+0000] {logging_mixin.py:190} INFO - [2025-02-07T08:13:20.332+0000] {dag.py:4180} INFO - Setting next_dagrun for latest_only to 2025-02-07 04:00:00+00:00, run_after=2025-02-07 08:00:00+00:00
[2025-02-07T08:13:20.343+0000] {processor.py:208} INFO - Processing /home/airflow/.local/lib/python3.12/site-packages/airflow/example_dags/example_latest_only.py took 0.042 seconds
[2025-02-07T08:13:51.010+0000] {processor.py:186} INFO - Started process (PID=2332) to work on /home/airflow/.local/lib/python3.12/site-packages/airflow/example_dags/example_latest_only.py
[2025-02-07T08:13:51.010+0000] {processor.py:914} INFO - Processing file /home/airflow/.local/lib/python3.12/site-packages/airflow/example_dags/example_latest_only.py for tasks to queue
[2025-02-07T08:13:51.012+0000] {logging_mixin.py:190} INFO - [2025-02-07T08:13:51.012+0000] {dagbag.py:588} INFO - Filling up the DagBag from /home/airflow/.local/lib/python3.12/site-packages/airflow/example_dags/example_latest_only.py
[2025-02-07T08:13:51.016+0000] {processor.py:925} INFO - DAG(s) 'latest_only' retrieved from /home/airflow/.local/lib/python3.12/site-packages/airflow/example_dags/example_latest_only.py
[2025-02-07T08:13:51.031+0000] {logging_mixin.py:190} INFO - [2025-02-07T08:13:51.031+0000] {dag.py:3239} INFO - Sync 1 DAGs
[2025-02-07T08:13:51.047+0000] {logging_mixin.py:190} INFO - [2025-02-07T08:13:51.047+0000] {dag.py:4180} INFO - Setting next_dagrun for latest_only to 2025-02-07 04:00:00+00:00, run_after=2025-02-07 08:00:00+00:00
[2025-02-07T08:13:51.062+0000] {processor.py:208} INFO - Processing /home/airflow/.local/lib/python3.12/site-packages/airflow/example_dags/example_latest_only.py took 0.056 seconds
[2025-02-07T08:14:22.217+0000] {processor.py:186} INFO - Started process (PID=2417) to work on /home/airflow/.local/lib/python3.12/site-packages/airflow/example_dags/example_latest_only.py
[2025-02-07T08:14:22.218+0000] {processor.py:914} INFO - Processing file /home/airflow/.local/lib/python3.12/site-packages/airflow/example_dags/example_latest_only.py for tasks to queue
[2025-02-07T08:14:22.221+0000] {logging_mixin.py:190} INFO - [2025-02-07T08:14:22.220+0000] {dagbag.py:588} INFO - Filling up the DagBag from /home/airflow/.local/lib/python3.12/site-packages/airflow/example_dags/example_latest_only.py
[2025-02-07T08:14:22.228+0000] {processor.py:925} INFO - DAG(s) 'latest_only' retrieved from /home/airflow/.local/lib/python3.12/site-packages/airflow/example_dags/example_latest_only.py
[2025-02-07T08:14:22.241+0000] {logging_mixin.py:190} INFO - [2025-02-07T08:14:22.241+0000] {dag.py:3239} INFO - Sync 1 DAGs
[2025-02-07T08:14:22.255+0000] {logging_mixin.py:190} INFO - [2025-02-07T08:14:22.255+0000] {dag.py:4180} INFO - Setting next_dagrun for latest_only to 2025-02-07 04:00:00+00:00, run_after=2025-02-07 08:00:00+00:00
[2025-02-07T08:14:22.266+0000] {processor.py:208} INFO - Processing /home/airflow/.local/lib/python3.12/site-packages/airflow/example_dags/example_latest_only.py took 0.055 seconds
[2025-02-07T08:14:52.822+0000] {processor.py:186} INFO - Started process (PID=2502) to work on /home/airflow/.local/lib/python3.12/site-packages/airflow/example_dags/example_latest_only.py
[2025-02-07T08:14:52.822+0000] {processor.py:914} INFO - Processing file /home/airflow/.local/lib/python3.12/site-packages/airflow/example_dags/example_latest_only.py for tasks to queue
[2025-02-07T08:14:52.823+0000] {logging_mixin.py:190} INFO - [2025-02-07T08:14:52.823+0000] {dagbag.py:588} INFO - Filling up the DagBag from /home/airflow/.local/lib/python3.12/site-packages/airflow/example_dags/example_latest_only.py
[2025-02-07T08:14:52.828+0000] {processor.py:925} INFO - DAG(s) 'latest_only' retrieved from /home/airflow/.local/lib/python3.12/site-packages/airflow/example_dags/example_latest_only.py
[2025-02-07T08:14:52.844+0000] {logging_mixin.py:190} INFO - [2025-02-07T08:14:52.844+0000] {dag.py:3239} INFO - Sync 1 DAGs
[2025-02-07T08:14:52.866+0000] {logging_mixin.py:190} INFO - [2025-02-07T08:14:52.866+0000] {dag.py:4180} INFO - Setting next_dagrun for latest_only to 2025-02-07 04:00:00+00:00, run_after=2025-02-07 08:00:00+00:00
[2025-02-07T08:14:52.883+0000] {processor.py:208} INFO - Processing /home/airflow/.local/lib/python3.12/site-packages/airflow/example_dags/example_latest_only.py took 0.065 seconds
[2025-02-07T08:15:24.101+0000] {processor.py:186} INFO - Started process (PID=2587) to work on /home/airflow/.local/lib/python3.12/site-packages/airflow/example_dags/example_latest_only.py
[2025-02-07T08:15:24.102+0000] {processor.py:914} INFO - Processing file /home/airflow/.local/lib/python3.12/site-packages/airflow/example_dags/example_latest_only.py for tasks to queue
[2025-02-07T08:15:24.103+0000] {logging_mixin.py:190} INFO - [2025-02-07T08:15:24.103+0000] {dagbag.py:588} INFO - Filling up the DagBag from /home/airflow/.local/lib/python3.12/site-packages/airflow/example_dags/example_latest_only.py
[2025-02-07T08:15:24.107+0000] {processor.py:925} INFO - DAG(s) 'latest_only' retrieved from /home/airflow/.local/lib/python3.12/site-packages/airflow/example_dags/example_latest_only.py
[2025-02-07T08:15:24.121+0000] {logging_mixin.py:190} INFO - [2025-02-07T08:15:24.121+0000] {dag.py:3239} INFO - Sync 1 DAGs
[2025-02-07T08:15:24.138+0000] {logging_mixin.py:190} INFO - [2025-02-07T08:15:24.138+0000] {dag.py:4180} INFO - Setting next_dagrun for latest_only to 2025-02-07 04:00:00+00:00, run_after=2025-02-07 08:00:00+00:00
[2025-02-07T08:15:24.151+0000] {processor.py:208} INFO - Processing /home/airflow/.local/lib/python3.12/site-packages/airflow/example_dags/example_latest_only.py took 0.053 seconds
[2025-02-07T08:15:55.319+0000] {processor.py:186} INFO - Started process (PID=2672) to work on /home/airflow/.local/lib/python3.12/site-packages/airflow/example_dags/example_latest_only.py
[2025-02-07T08:15:55.321+0000] {processor.py:914} INFO - Processing file /home/airflow/.local/lib/python3.12/site-packages/airflow/example_dags/example_latest_only.py for tasks to queue
[2025-02-07T08:15:55.324+0000] {logging_mixin.py:190} INFO - [2025-02-07T08:15:55.323+0000] {dagbag.py:588} INFO - Filling up the DagBag from /home/airflow/.local/lib/python3.12/site-packages/airflow/example_dags/example_latest_only.py
[2025-02-07T08:15:55.329+0000] {processor.py:925} INFO - DAG(s) 'latest_only' retrieved from /home/airflow/.local/lib/python3.12/site-packages/airflow/example_dags/example_latest_only.py
[2025-02-07T08:15:55.351+0000] {logging_mixin.py:190} INFO - [2025-02-07T08:15:55.350+0000] {dag.py:3239} INFO - Sync 1 DAGs
[2025-02-07T08:15:55.371+0000] {logging_mixin.py:190} INFO - [2025-02-07T08:15:55.371+0000] {dag.py:4180} INFO - Setting next_dagrun for latest_only to 2025-02-07 04:00:00+00:00, run_after=2025-02-07 08:00:00+00:00
[2025-02-07T08:15:55.387+0000] {processor.py:208} INFO - Processing /home/airflow/.local/lib/python3.12/site-packages/airflow/example_dags/example_latest_only.py took 0.074 seconds
[2025-02-07T08:16:25.652+0000] {processor.py:186} INFO - Started process (PID=2757) to work on /home/airflow/.local/lib/python3.12/site-packages/airflow/example_dags/example_latest_only.py
[2025-02-07T08:16:25.653+0000] {processor.py:914} INFO - Processing file /home/airflow/.local/lib/python3.12/site-packages/airflow/example_dags/example_latest_only.py for tasks to queue
[2025-02-07T08:16:25.654+0000] {logging_mixin.py:190} INFO - [2025-02-07T08:16:25.654+0000] {dagbag.py:588} INFO - Filling up the DagBag from /home/airflow/.local/lib/python3.12/site-packages/airflow/example_dags/example_latest_only.py
[2025-02-07T08:16:25.658+0000] {processor.py:925} INFO - DAG(s) 'latest_only' retrieved from /home/airflow/.local/lib/python3.12/site-packages/airflow/example_dags/example_latest_only.py
[2025-02-07T08:16:25.677+0000] {logging_mixin.py:190} INFO - [2025-02-07T08:16:25.676+0000] {dag.py:3239} INFO - Sync 1 DAGs
[2025-02-07T08:16:25.707+0000] {logging_mixin.py:190} INFO - [2025-02-07T08:16:25.707+0000] {dag.py:4180} INFO - Setting next_dagrun for latest_only to 2025-02-07 04:00:00+00:00, run_after=2025-02-07 08:00:00+00:00
[2025-02-07T08:16:25.718+0000] {processor.py:208} INFO - Processing /home/airflow/.local/lib/python3.12/site-packages/airflow/example_dags/example_latest_only.py took 0.072 seconds
[2025-02-07T08:16:56.612+0000] {processor.py:186} INFO - Started process (PID=2842) to work on /home/airflow/.local/lib/python3.12/site-packages/airflow/example_dags/example_latest_only.py
[2025-02-07T08:16:56.613+0000] {processor.py:914} INFO - Processing file /home/airflow/.local/lib/python3.12/site-packages/airflow/example_dags/example_latest_only.py for tasks to queue
[2025-02-07T08:16:56.614+0000] {logging_mixin.py:190} INFO - [2025-02-07T08:16:56.614+0000] {dagbag.py:588} INFO - Filling up the DagBag from /home/airflow/.local/lib/python3.12/site-packages/airflow/example_dags/example_latest_only.py
[2025-02-07T08:16:56.619+0000] {processor.py:925} INFO - DAG(s) 'latest_only' retrieved from /home/airflow/.local/lib/python3.12/site-packages/airflow/example_dags/example_latest_only.py
[2025-02-07T08:16:56.633+0000] {logging_mixin.py:190} INFO - [2025-02-07T08:16:56.633+0000] {dag.py:3239} INFO - Sync 1 DAGs
[2025-02-07T08:16:56.646+0000] {logging_mixin.py:190} INFO - [2025-02-07T08:16:56.646+0000] {dag.py:4180} INFO - Setting next_dagrun for latest_only to 2025-02-07 04:00:00+00:00, run_after=2025-02-07 08:00:00+00:00
[2025-02-07T08:16:56.656+0000] {processor.py:208} INFO - Processing /home/airflow/.local/lib/python3.12/site-packages/airflow/example_dags/example_latest_only.py took 0.047 seconds
[2025-02-07T08:17:27.416+0000] {processor.py:186} INFO - Started process (PID=2927) to work on /home/airflow/.local/lib/python3.12/site-packages/airflow/example_dags/example_latest_only.py
[2025-02-07T08:17:27.416+0000] {processor.py:914} INFO - Processing file /home/airflow/.local/lib/python3.12/site-packages/airflow/example_dags/example_latest_only.py for tasks to queue
[2025-02-07T08:17:27.418+0000] {logging_mixin.py:190} INFO - [2025-02-07T08:17:27.417+0000] {dagbag.py:588} INFO - Filling up the DagBag from /home/airflow/.local/lib/python3.12/site-packages/airflow/example_dags/example_latest_only.py
[2025-02-07T08:17:27.422+0000] {processor.py:925} INFO - DAG(s) 'latest_only' retrieved from /home/airflow/.local/lib/python3.12/site-packages/airflow/example_dags/example_latest_only.py
[2025-02-07T08:17:27.432+0000] {logging_mixin.py:190} INFO - [2025-02-07T08:17:27.432+0000] {dag.py:3239} INFO - Sync 1 DAGs
[2025-02-07T08:17:27.445+0000] {logging_mixin.py:190} INFO - [2025-02-07T08:17:27.445+0000] {dag.py:4180} INFO - Setting next_dagrun for latest_only to 2025-02-07 04:00:00+00:00, run_after=2025-02-07 08:00:00+00:00
[2025-02-07T08:17:27.458+0000] {processor.py:208} INFO - Processing /home/airflow/.local/lib/python3.12/site-packages/airflow/example_dags/example_latest_only.py took 0.046 seconds
[2025-02-07T08:17:58.037+0000] {processor.py:186} INFO - Started process (PID=3012) to work on /home/airflow/.local/lib/python3.12/site-packages/airflow/example_dags/example_latest_only.py
[2025-02-07T08:17:58.038+0000] {processor.py:914} INFO - Processing file /home/airflow/.local/lib/python3.12/site-packages/airflow/example_dags/example_latest_only.py for tasks to queue
[2025-02-07T08:17:58.039+0000] {logging_mixin.py:190} INFO - [2025-02-07T08:17:58.039+0000] {dagbag.py:588} INFO - Filling up the DagBag from /home/airflow/.local/lib/python3.12/site-packages/airflow/example_dags/example_latest_only.py
[2025-02-07T08:17:58.044+0000] {processor.py:925} INFO - DAG(s) 'latest_only' retrieved from /home/airflow/.local/lib/python3.12/site-packages/airflow/example_dags/example_latest_only.py
[2025-02-07T08:17:58.061+0000] {logging_mixin.py:190} INFO - [2025-02-07T08:17:58.061+0000] {dag.py:3239} INFO - Sync 1 DAGs
[2025-02-07T08:17:58.078+0000] {logging_mixin.py:190} INFO - [2025-02-07T08:17:58.078+0000] {dag.py:4180} INFO - Setting next_dagrun for latest_only to 2025-02-07 04:00:00+00:00, run_after=2025-02-07 08:00:00+00:00
[2025-02-07T08:17:58.091+0000] {processor.py:208} INFO - Processing /home/airflow/.local/lib/python3.12/site-packages/airflow/example_dags/example_latest_only.py took 0.057 seconds
[2025-02-07T08:18:28.905+0000] {processor.py:186} INFO - Started process (PID=3097) to work on /home/airflow/.local/lib/python3.12/site-packages/airflow/example_dags/example_latest_only.py
[2025-02-07T08:18:28.906+0000] {processor.py:914} INFO - Processing file /home/airflow/.local/lib/python3.12/site-packages/airflow/example_dags/example_latest_only.py for tasks to queue
[2025-02-07T08:18:28.907+0000] {logging_mixin.py:190} INFO - [2025-02-07T08:18:28.907+0000] {dagbag.py:588} INFO - Filling up the DagBag from /home/airflow/.local/lib/python3.12/site-packages/airflow/example_dags/example_latest_only.py
[2025-02-07T08:18:28.911+0000] {processor.py:925} INFO - DAG(s) 'latest_only' retrieved from /home/airflow/.local/lib/python3.12/site-packages/airflow/example_dags/example_latest_only.py
[2025-02-07T08:18:28.927+0000] {logging_mixin.py:190} INFO - [2025-02-07T08:18:28.927+0000] {dag.py:3239} INFO - Sync 1 DAGs
[2025-02-07T08:18:28.943+0000] {logging_mixin.py:190} INFO - [2025-02-07T08:18:28.943+0000] {dag.py:4180} INFO - Setting next_dagrun for latest_only to 2025-02-07 04:00:00+00:00, run_after=2025-02-07 08:00:00+00:00
[2025-02-07T08:18:28.955+0000] {processor.py:208} INFO - Processing /home/airflow/.local/lib/python3.12/site-packages/airflow/example_dags/example_latest_only.py took 0.054 seconds
[2025-02-07T08:18:59.121+0000] {processor.py:186} INFO - Started process (PID=3188) to work on /home/airflow/.local/lib/python3.12/site-packages/airflow/example_dags/example_latest_only.py
[2025-02-07T08:18:59.122+0000] {processor.py:914} INFO - Processing file /home/airflow/.local/lib/python3.12/site-packages/airflow/example_dags/example_latest_only.py for tasks to queue
[2025-02-07T08:18:59.123+0000] {logging_mixin.py:190} INFO - [2025-02-07T08:18:59.123+0000] {dagbag.py:588} INFO - Filling up the DagBag from /home/airflow/.local/lib/python3.12/site-packages/airflow/example_dags/example_latest_only.py
[2025-02-07T08:18:59.127+0000] {processor.py:925} INFO - DAG(s) 'latest_only' retrieved from /home/airflow/.local/lib/python3.12/site-packages/airflow/example_dags/example_latest_only.py
[2025-02-07T08:18:59.140+0000] {logging_mixin.py:190} INFO - [2025-02-07T08:18:59.140+0000] {dag.py:3239} INFO - Sync 1 DAGs
[2025-02-07T08:18:59.155+0000] {logging_mixin.py:190} INFO - [2025-02-07T08:18:59.155+0000] {dag.py:4180} INFO - Setting next_dagrun for latest_only to 2025-02-07 04:00:00+00:00, run_after=2025-02-07 08:00:00+00:00
[2025-02-07T08:18:59.172+0000] {processor.py:208} INFO - Processing /home/airflow/.local/lib/python3.12/site-packages/airflow/example_dags/example_latest_only.py took 0.054 seconds
[2025-02-07T08:19:29.259+0000] {processor.py:186} INFO - Started process (PID=3273) to work on /home/airflow/.local/lib/python3.12/site-packages/airflow/example_dags/example_latest_only.py
[2025-02-07T08:19:29.259+0000] {processor.py:914} INFO - Processing file /home/airflow/.local/lib/python3.12/site-packages/airflow/example_dags/example_latest_only.py for tasks to queue
[2025-02-07T08:19:29.261+0000] {logging_mixin.py:190} INFO - [2025-02-07T08:19:29.261+0000] {dagbag.py:588} INFO - Filling up the DagBag from /home/airflow/.local/lib/python3.12/site-packages/airflow/example_dags/example_latest_only.py
[2025-02-07T08:19:29.265+0000] {processor.py:925} INFO - DAG(s) 'latest_only' retrieved from /home/airflow/.local/lib/python3.12/site-packages/airflow/example_dags/example_latest_only.py
[2025-02-07T08:19:29.281+0000] {logging_mixin.py:190} INFO - [2025-02-07T08:19:29.281+0000] {dag.py:3239} INFO - Sync 1 DAGs
[2025-02-07T08:19:29.296+0000] {logging_mixin.py:190} INFO - [2025-02-07T08:19:29.296+0000] {dag.py:4180} INFO - Setting next_dagrun for latest_only to 2025-02-07 04:00:00+00:00, run_after=2025-02-07 08:00:00+00:00
[2025-02-07T08:19:29.306+0000] {processor.py:208} INFO - Processing /home/airflow/.local/lib/python3.12/site-packages/airflow/example_dags/example_latest_only.py took 0.053 seconds
[2025-02-07T08:20:00.173+0000] {processor.py:186} INFO - Started process (PID=3358) to work on /home/airflow/.local/lib/python3.12/site-packages/airflow/example_dags/example_latest_only.py
[2025-02-07T08:20:00.174+0000] {processor.py:914} INFO - Processing file /home/airflow/.local/lib/python3.12/site-packages/airflow/example_dags/example_latest_only.py for tasks to queue
[2025-02-07T08:20:00.175+0000] {logging_mixin.py:190} INFO - [2025-02-07T08:20:00.174+0000] {dagbag.py:588} INFO - Filling up the DagBag from /home/airflow/.local/lib/python3.12/site-packages/airflow/example_dags/example_latest_only.py
[2025-02-07T08:20:00.179+0000] {processor.py:925} INFO - DAG(s) 'latest_only' retrieved from /home/airflow/.local/lib/python3.12/site-packages/airflow/example_dags/example_latest_only.py
[2025-02-07T08:20:00.193+0000] {logging_mixin.py:190} INFO - [2025-02-07T08:20:00.193+0000] {dag.py:3239} INFO - Sync 1 DAGs
[2025-02-07T08:20:00.212+0000] {logging_mixin.py:190} INFO - [2025-02-07T08:20:00.212+0000] {dag.py:4180} INFO - Setting next_dagrun for latest_only to 2025-02-07 04:00:00+00:00, run_after=2025-02-07 08:00:00+00:00
[2025-02-07T08:20:00.221+0000] {processor.py:208} INFO - Processing /home/airflow/.local/lib/python3.12/site-packages/airflow/example_dags/example_latest_only.py took 0.052 seconds
[2025-02-07T08:20:30.948+0000] {processor.py:186} INFO - Started process (PID=3443) to work on /home/airflow/.local/lib/python3.12/site-packages/airflow/example_dags/example_latest_only.py
[2025-02-07T08:20:30.948+0000] {processor.py:914} INFO - Processing file /home/airflow/.local/lib/python3.12/site-packages/airflow/example_dags/example_latest_only.py for tasks to queue
[2025-02-07T08:20:30.949+0000] {logging_mixin.py:190} INFO - [2025-02-07T08:20:30.949+0000] {dagbag.py:588} INFO - Filling up the DagBag from /home/airflow/.local/lib/python3.12/site-packages/airflow/example_dags/example_latest_only.py
[2025-02-07T08:20:30.953+0000] {processor.py:925} INFO - DAG(s) 'latest_only' retrieved from /home/airflow/.local/lib/python3.12/site-packages/airflow/example_dags/example_latest_only.py
[2025-02-07T08:20:30.964+0000] {logging_mixin.py:190} INFO - [2025-02-07T08:20:30.964+0000] {dag.py:3239} INFO - Sync 1 DAGs
[2025-02-07T08:20:30.977+0000] {logging_mixin.py:190} INFO - [2025-02-07T08:20:30.977+0000] {dag.py:4180} INFO - Setting next_dagrun for latest_only to 2025-02-07 04:00:00+00:00, run_after=2025-02-07 08:00:00+00:00
[2025-02-07T08:20:30.991+0000] {processor.py:208} INFO - Processing /home/airflow/.local/lib/python3.12/site-packages/airflow/example_dags/example_latest_only.py took 0.047 seconds
