[2025-02-07T08:00:24.489+0000] {processor.py:186} INFO - Started process (PID=94) to work on /home/airflow/.local/lib/python3.12/site-packages/airflow/example_dags/example_python_operator.py
[2025-02-07T08:00:24.490+0000] {processor.py:914} INFO - Processing file /home/airflow/.local/lib/python3.12/site-packages/airflow/example_dags/example_python_operator.py for tasks to queue
[2025-02-07T08:00:24.492+0000] {logging_mixin.py:190} INFO - [2025-02-07T08:00:24.491+0000] {dagbag.py:588} INFO - Filling up the DagBag from /home/airflow/.local/lib/python3.12/site-packages/airflow/example_dags/example_python_operator.py
[2025-02-07T08:00:24.502+0000] {processor.py:925} INFO - DAG(s) 'example_python_operator' retrieved from /home/airflow/.local/lib/python3.12/site-packages/airflow/example_dags/example_python_operator.py
[2025-02-07T08:00:24.661+0000] {logging_mixin.py:190} INFO - [2025-02-07T08:00:24.660+0000] {dag.py:3239} INFO - Sync 1 DAGs
[2025-02-07T08:00:24.670+0000] {logging_mixin.py:190} INFO - [2025-02-07T08:00:24.670+0000] {dag.py:4180} INFO - Setting next_dagrun for example_python_operator to None, run_after=None
[2025-02-07T08:00:24.728+0000] {processor.py:208} INFO - Processing /home/airflow/.local/lib/python3.12/site-packages/airflow/example_dags/example_python_operator.py took 0.258 seconds
[2025-02-07T08:00:55.189+0000] {processor.py:186} INFO - Started process (PID=160) to work on /home/airflow/.local/lib/python3.12/site-packages/airflow/example_dags/example_python_operator.py
[2025-02-07T08:00:55.190+0000] {processor.py:914} INFO - Processing file /home/airflow/.local/lib/python3.12/site-packages/airflow/example_dags/example_python_operator.py for tasks to queue
[2025-02-07T08:00:55.191+0000] {logging_mixin.py:190} INFO - [2025-02-07T08:00:55.191+0000] {dagbag.py:588} INFO - Filling up the DagBag from /home/airflow/.local/lib/python3.12/site-packages/airflow/example_dags/example_python_operator.py
[2025-02-07T08:00:55.199+0000] {processor.py:925} INFO - DAG(s) 'example_python_operator' retrieved from /home/airflow/.local/lib/python3.12/site-packages/airflow/example_dags/example_python_operator.py
[2025-02-07T08:00:55.214+0000] {logging_mixin.py:190} INFO - [2025-02-07T08:00:55.214+0000] {dag.py:3239} INFO - Sync 1 DAGs
[2025-02-07T08:00:55.224+0000] {logging_mixin.py:190} INFO - [2025-02-07T08:00:55.224+0000] {dag.py:4180} INFO - Setting next_dagrun for example_python_operator to None, run_after=None
[2025-02-07T08:00:55.239+0000] {processor.py:208} INFO - Processing /home/airflow/.local/lib/python3.12/site-packages/airflow/example_dags/example_python_operator.py took 0.054 seconds
[2025-02-07T08:01:25.939+0000] {processor.py:186} INFO - Started process (PID=244) to work on /home/airflow/.local/lib/python3.12/site-packages/airflow/example_dags/example_python_operator.py
[2025-02-07T08:01:25.940+0000] {processor.py:914} INFO - Processing file /home/airflow/.local/lib/python3.12/site-packages/airflow/example_dags/example_python_operator.py for tasks to queue
[2025-02-07T08:01:25.941+0000] {logging_mixin.py:190} INFO - [2025-02-07T08:01:25.941+0000] {dagbag.py:588} INFO - Filling up the DagBag from /home/airflow/.local/lib/python3.12/site-packages/airflow/example_dags/example_python_operator.py
[2025-02-07T08:01:25.949+0000] {processor.py:925} INFO - DAG(s) 'example_python_operator' retrieved from /home/airflow/.local/lib/python3.12/site-packages/airflow/example_dags/example_python_operator.py
[2025-02-07T08:01:25.964+0000] {logging_mixin.py:190} INFO - [2025-02-07T08:01:25.964+0000] {dag.py:3239} INFO - Sync 1 DAGs
[2025-02-07T08:01:25.972+0000] {logging_mixin.py:190} INFO - [2025-02-07T08:01:25.972+0000] {dag.py:4180} INFO - Setting next_dagrun for example_python_operator to None, run_after=None
[2025-02-07T08:01:25.982+0000] {processor.py:208} INFO - Processing /home/airflow/.local/lib/python3.12/site-packages/airflow/example_dags/example_python_operator.py took 0.048 seconds
[2025-02-07T08:01:56.662+0000] {processor.py:186} INFO - Started process (PID=329) to work on /home/airflow/.local/lib/python3.12/site-packages/airflow/example_dags/example_python_operator.py
[2025-02-07T08:01:56.663+0000] {processor.py:914} INFO - Processing file /home/airflow/.local/lib/python3.12/site-packages/airflow/example_dags/example_python_operator.py for tasks to queue
[2025-02-07T08:01:56.665+0000] {logging_mixin.py:190} INFO - [2025-02-07T08:01:56.665+0000] {dagbag.py:588} INFO - Filling up the DagBag from /home/airflow/.local/lib/python3.12/site-packages/airflow/example_dags/example_python_operator.py
[2025-02-07T08:01:56.676+0000] {processor.py:925} INFO - DAG(s) 'example_python_operator' retrieved from /home/airflow/.local/lib/python3.12/site-packages/airflow/example_dags/example_python_operator.py
[2025-02-07T08:01:56.689+0000] {logging_mixin.py:190} INFO - [2025-02-07T08:01:56.688+0000] {dag.py:3239} INFO - Sync 1 DAGs
[2025-02-07T08:01:56.696+0000] {logging_mixin.py:190} INFO - [2025-02-07T08:01:56.696+0000] {dag.py:4180} INFO - Setting next_dagrun for example_python_operator to None, run_after=None
[2025-02-07T08:01:56.707+0000] {processor.py:208} INFO - Processing /home/airflow/.local/lib/python3.12/site-packages/airflow/example_dags/example_python_operator.py took 0.050 seconds
[2025-02-07T08:02:27.677+0000] {processor.py:186} INFO - Started process (PID=420) to work on /home/airflow/.local/lib/python3.12/site-packages/airflow/example_dags/example_python_operator.py
[2025-02-07T08:02:27.678+0000] {processor.py:914} INFO - Processing file /home/airflow/.local/lib/python3.12/site-packages/airflow/example_dags/example_python_operator.py for tasks to queue
[2025-02-07T08:02:27.679+0000] {logging_mixin.py:190} INFO - [2025-02-07T08:02:27.679+0000] {dagbag.py:588} INFO - Filling up the DagBag from /home/airflow/.local/lib/python3.12/site-packages/airflow/example_dags/example_python_operator.py
[2025-02-07T08:02:27.686+0000] {processor.py:925} INFO - DAG(s) 'example_python_operator' retrieved from /home/airflow/.local/lib/python3.12/site-packages/airflow/example_dags/example_python_operator.py
[2025-02-07T08:02:27.701+0000] {logging_mixin.py:190} INFO - [2025-02-07T08:02:27.701+0000] {dag.py:3239} INFO - Sync 1 DAGs
[2025-02-07T08:02:27.713+0000] {logging_mixin.py:190} INFO - [2025-02-07T08:02:27.712+0000] {dag.py:4180} INFO - Setting next_dagrun for example_python_operator to None, run_after=None
[2025-02-07T08:02:27.731+0000] {processor.py:208} INFO - Processing /home/airflow/.local/lib/python3.12/site-packages/airflow/example_dags/example_python_operator.py took 0.057 seconds
[2025-02-07T08:02:58.127+0000] {processor.py:186} INFO - Started process (PID=505) to work on /home/airflow/.local/lib/python3.12/site-packages/airflow/example_dags/example_python_operator.py
[2025-02-07T08:02:58.128+0000] {processor.py:914} INFO - Processing file /home/airflow/.local/lib/python3.12/site-packages/airflow/example_dags/example_python_operator.py for tasks to queue
[2025-02-07T08:02:58.131+0000] {logging_mixin.py:190} INFO - [2025-02-07T08:02:58.130+0000] {dagbag.py:588} INFO - Filling up the DagBag from /home/airflow/.local/lib/python3.12/site-packages/airflow/example_dags/example_python_operator.py
[2025-02-07T08:02:58.140+0000] {processor.py:925} INFO - DAG(s) 'example_python_operator' retrieved from /home/airflow/.local/lib/python3.12/site-packages/airflow/example_dags/example_python_operator.py
[2025-02-07T08:02:58.158+0000] {logging_mixin.py:190} INFO - [2025-02-07T08:02:58.158+0000] {dag.py:3239} INFO - Sync 1 DAGs
[2025-02-07T08:02:58.167+0000] {logging_mixin.py:190} INFO - [2025-02-07T08:02:58.167+0000] {dag.py:4180} INFO - Setting next_dagrun for example_python_operator to None, run_after=None
[2025-02-07T08:02:58.179+0000] {processor.py:208} INFO - Processing /home/airflow/.local/lib/python3.12/site-packages/airflow/example_dags/example_python_operator.py took 0.058 seconds
[2025-02-07T08:03:28.406+0000] {processor.py:186} INFO - Started process (PID=590) to work on /home/airflow/.local/lib/python3.12/site-packages/airflow/example_dags/example_python_operator.py
[2025-02-07T08:03:28.407+0000] {processor.py:914} INFO - Processing file /home/airflow/.local/lib/python3.12/site-packages/airflow/example_dags/example_python_operator.py for tasks to queue
[2025-02-07T08:03:28.409+0000] {logging_mixin.py:190} INFO - [2025-02-07T08:03:28.409+0000] {dagbag.py:588} INFO - Filling up the DagBag from /home/airflow/.local/lib/python3.12/site-packages/airflow/example_dags/example_python_operator.py
[2025-02-07T08:03:28.418+0000] {processor.py:925} INFO - DAG(s) 'example_python_operator' retrieved from /home/airflow/.local/lib/python3.12/site-packages/airflow/example_dags/example_python_operator.py
[2025-02-07T08:03:28.436+0000] {logging_mixin.py:190} INFO - [2025-02-07T08:03:28.436+0000] {dag.py:3239} INFO - Sync 1 DAGs
[2025-02-07T08:03:28.452+0000] {logging_mixin.py:190} INFO - [2025-02-07T08:03:28.452+0000] {dag.py:4180} INFO - Setting next_dagrun for example_python_operator to None, run_after=None
[2025-02-07T08:03:28.480+0000] {processor.py:208} INFO - Processing /home/airflow/.local/lib/python3.12/site-packages/airflow/example_dags/example_python_operator.py took 0.079 seconds
[2025-02-07T08:03:59.371+0000] {processor.py:186} INFO - Started process (PID=675) to work on /home/airflow/.local/lib/python3.12/site-packages/airflow/example_dags/example_python_operator.py
[2025-02-07T08:03:59.372+0000] {processor.py:914} INFO - Processing file /home/airflow/.local/lib/python3.12/site-packages/airflow/example_dags/example_python_operator.py for tasks to queue
[2025-02-07T08:03:59.373+0000] {logging_mixin.py:190} INFO - [2025-02-07T08:03:59.373+0000] {dagbag.py:588} INFO - Filling up the DagBag from /home/airflow/.local/lib/python3.12/site-packages/airflow/example_dags/example_python_operator.py
[2025-02-07T08:03:59.384+0000] {processor.py:925} INFO - DAG(s) 'example_python_operator' retrieved from /home/airflow/.local/lib/python3.12/site-packages/airflow/example_dags/example_python_operator.py
[2025-02-07T08:03:59.402+0000] {logging_mixin.py:190} INFO - [2025-02-07T08:03:59.401+0000] {dag.py:3239} INFO - Sync 1 DAGs
[2025-02-07T08:03:59.410+0000] {logging_mixin.py:190} INFO - [2025-02-07T08:03:59.409+0000] {dag.py:4180} INFO - Setting next_dagrun for example_python_operator to None, run_after=None
[2025-02-07T08:03:59.422+0000] {processor.py:208} INFO - Processing /home/airflow/.local/lib/python3.12/site-packages/airflow/example_dags/example_python_operator.py took 0.058 seconds
[2025-02-07T08:04:29.531+0000] {processor.py:186} INFO - Started process (PID=760) to work on /home/airflow/.local/lib/python3.12/site-packages/airflow/example_dags/example_python_operator.py
[2025-02-07T08:04:29.532+0000] {processor.py:914} INFO - Processing file /home/airflow/.local/lib/python3.12/site-packages/airflow/example_dags/example_python_operator.py for tasks to queue
[2025-02-07T08:04:29.534+0000] {logging_mixin.py:190} INFO - [2025-02-07T08:04:29.534+0000] {dagbag.py:588} INFO - Filling up the DagBag from /home/airflow/.local/lib/python3.12/site-packages/airflow/example_dags/example_python_operator.py
[2025-02-07T08:04:29.545+0000] {processor.py:925} INFO - DAG(s) 'example_python_operator' retrieved from /home/airflow/.local/lib/python3.12/site-packages/airflow/example_dags/example_python_operator.py
[2025-02-07T08:04:29.561+0000] {logging_mixin.py:190} INFO - [2025-02-07T08:04:29.561+0000] {dag.py:3239} INFO - Sync 1 DAGs
[2025-02-07T08:04:29.569+0000] {logging_mixin.py:190} INFO - [2025-02-07T08:04:29.569+0000] {dag.py:4180} INFO - Setting next_dagrun for example_python_operator to None, run_after=None
[2025-02-07T08:04:29.584+0000] {processor.py:208} INFO - Processing /home/airflow/.local/lib/python3.12/site-packages/airflow/example_dags/example_python_operator.py took 0.058 seconds
[2025-02-07T08:04:59.701+0000] {processor.py:186} INFO - Started process (PID=845) to work on /home/airflow/.local/lib/python3.12/site-packages/airflow/example_dags/example_python_operator.py
[2025-02-07T08:04:59.701+0000] {processor.py:914} INFO - Processing file /home/airflow/.local/lib/python3.12/site-packages/airflow/example_dags/example_python_operator.py for tasks to queue
[2025-02-07T08:04:59.702+0000] {logging_mixin.py:190} INFO - [2025-02-07T08:04:59.702+0000] {dagbag.py:588} INFO - Filling up the DagBag from /home/airflow/.local/lib/python3.12/site-packages/airflow/example_dags/example_python_operator.py
[2025-02-07T08:04:59.709+0000] {processor.py:925} INFO - DAG(s) 'example_python_operator' retrieved from /home/airflow/.local/lib/python3.12/site-packages/airflow/example_dags/example_python_operator.py
[2025-02-07T08:04:59.723+0000] {logging_mixin.py:190} INFO - [2025-02-07T08:04:59.723+0000] {dag.py:3239} INFO - Sync 1 DAGs
[2025-02-07T08:04:59.730+0000] {logging_mixin.py:190} INFO - [2025-02-07T08:04:59.730+0000] {dag.py:4180} INFO - Setting next_dagrun for example_python_operator to None, run_after=None
[2025-02-07T08:04:59.740+0000] {processor.py:208} INFO - Processing /home/airflow/.local/lib/python3.12/site-packages/airflow/example_dags/example_python_operator.py took 0.043 seconds
[2025-02-07T08:05:30.029+0000] {processor.py:186} INFO - Started process (PID=930) to work on /home/airflow/.local/lib/python3.12/site-packages/airflow/example_dags/example_python_operator.py
[2025-02-07T08:05:30.029+0000] {processor.py:914} INFO - Processing file /home/airflow/.local/lib/python3.12/site-packages/airflow/example_dags/example_python_operator.py for tasks to queue
[2025-02-07T08:05:30.031+0000] {logging_mixin.py:190} INFO - [2025-02-07T08:05:30.030+0000] {dagbag.py:588} INFO - Filling up the DagBag from /home/airflow/.local/lib/python3.12/site-packages/airflow/example_dags/example_python_operator.py
[2025-02-07T08:05:30.038+0000] {processor.py:925} INFO - DAG(s) 'example_python_operator' retrieved from /home/airflow/.local/lib/python3.12/site-packages/airflow/example_dags/example_python_operator.py
[2025-02-07T08:05:30.050+0000] {logging_mixin.py:190} INFO - [2025-02-07T08:05:30.050+0000] {dag.py:3239} INFO - Sync 1 DAGs
[2025-02-07T08:05:30.057+0000] {logging_mixin.py:190} INFO - [2025-02-07T08:05:30.057+0000] {dag.py:4180} INFO - Setting next_dagrun for example_python_operator to None, run_after=None
[2025-02-07T08:05:30.067+0000] {processor.py:208} INFO - Processing /home/airflow/.local/lib/python3.12/site-packages/airflow/example_dags/example_python_operator.py took 0.041 seconds
[2025-02-07T08:06:00.674+0000] {processor.py:186} INFO - Started process (PID=1015) to work on /home/airflow/.local/lib/python3.12/site-packages/airflow/example_dags/example_python_operator.py
[2025-02-07T08:06:00.674+0000] {processor.py:914} INFO - Processing file /home/airflow/.local/lib/python3.12/site-packages/airflow/example_dags/example_python_operator.py for tasks to queue
[2025-02-07T08:06:00.675+0000] {logging_mixin.py:190} INFO - [2025-02-07T08:06:00.675+0000] {dagbag.py:588} INFO - Filling up the DagBag from /home/airflow/.local/lib/python3.12/site-packages/airflow/example_dags/example_python_operator.py
[2025-02-07T08:06:00.682+0000] {processor.py:925} INFO - DAG(s) 'example_python_operator' retrieved from /home/airflow/.local/lib/python3.12/site-packages/airflow/example_dags/example_python_operator.py
[2025-02-07T08:06:00.697+0000] {logging_mixin.py:190} INFO - [2025-02-07T08:06:00.697+0000] {dag.py:3239} INFO - Sync 1 DAGs
[2025-02-07T08:06:00.708+0000] {logging_mixin.py:190} INFO - [2025-02-07T08:06:00.707+0000] {dag.py:4180} INFO - Setting next_dagrun for example_python_operator to None, run_after=None
[2025-02-07T08:06:00.721+0000] {processor.py:208} INFO - Processing /home/airflow/.local/lib/python3.12/site-packages/airflow/example_dags/example_python_operator.py took 0.051 seconds
[2025-02-07T08:06:31.518+0000] {processor.py:186} INFO - Started process (PID=1100) to work on /home/airflow/.local/lib/python3.12/site-packages/airflow/example_dags/example_python_operator.py
[2025-02-07T08:06:31.519+0000] {processor.py:914} INFO - Processing file /home/airflow/.local/lib/python3.12/site-packages/airflow/example_dags/example_python_operator.py for tasks to queue
[2025-02-07T08:06:31.520+0000] {logging_mixin.py:190} INFO - [2025-02-07T08:06:31.520+0000] {dagbag.py:588} INFO - Filling up the DagBag from /home/airflow/.local/lib/python3.12/site-packages/airflow/example_dags/example_python_operator.py
[2025-02-07T08:06:31.528+0000] {processor.py:925} INFO - DAG(s) 'example_python_operator' retrieved from /home/airflow/.local/lib/python3.12/site-packages/airflow/example_dags/example_python_operator.py
[2025-02-07T08:06:31.540+0000] {logging_mixin.py:190} INFO - [2025-02-07T08:06:31.540+0000] {dag.py:3239} INFO - Sync 1 DAGs
[2025-02-07T08:06:31.549+0000] {logging_mixin.py:190} INFO - [2025-02-07T08:06:31.549+0000] {dag.py:4180} INFO - Setting next_dagrun for example_python_operator to None, run_after=None
[2025-02-07T08:06:31.561+0000] {processor.py:208} INFO - Processing /home/airflow/.local/lib/python3.12/site-packages/airflow/example_dags/example_python_operator.py took 0.047 seconds
[2025-02-07T08:07:02.613+0000] {processor.py:186} INFO - Started process (PID=1185) to work on /home/airflow/.local/lib/python3.12/site-packages/airflow/example_dags/example_python_operator.py
[2025-02-07T08:07:02.613+0000] {processor.py:914} INFO - Processing file /home/airflow/.local/lib/python3.12/site-packages/airflow/example_dags/example_python_operator.py for tasks to queue
[2025-02-07T08:07:02.614+0000] {logging_mixin.py:190} INFO - [2025-02-07T08:07:02.614+0000] {dagbag.py:588} INFO - Filling up the DagBag from /home/airflow/.local/lib/python3.12/site-packages/airflow/example_dags/example_python_operator.py
[2025-02-07T08:07:02.621+0000] {processor.py:925} INFO - DAG(s) 'example_python_operator' retrieved from /home/airflow/.local/lib/python3.12/site-packages/airflow/example_dags/example_python_operator.py
[2025-02-07T08:07:02.633+0000] {logging_mixin.py:190} INFO - [2025-02-07T08:07:02.633+0000] {dag.py:3239} INFO - Sync 1 DAGs
[2025-02-07T08:07:02.641+0000] {logging_mixin.py:190} INFO - [2025-02-07T08:07:02.641+0000] {dag.py:4180} INFO - Setting next_dagrun for example_python_operator to None, run_after=None
[2025-02-07T08:07:02.651+0000] {processor.py:208} INFO - Processing /home/airflow/.local/lib/python3.12/site-packages/airflow/example_dags/example_python_operator.py took 0.042 seconds
[2025-02-07T08:07:33.559+0000] {processor.py:186} INFO - Started process (PID=1270) to work on /home/airflow/.local/lib/python3.12/site-packages/airflow/example_dags/example_python_operator.py
[2025-02-07T08:07:33.560+0000] {processor.py:914} INFO - Processing file /home/airflow/.local/lib/python3.12/site-packages/airflow/example_dags/example_python_operator.py for tasks to queue
[2025-02-07T08:07:33.561+0000] {logging_mixin.py:190} INFO - [2025-02-07T08:07:33.561+0000] {dagbag.py:588} INFO - Filling up the DagBag from /home/airflow/.local/lib/python3.12/site-packages/airflow/example_dags/example_python_operator.py
[2025-02-07T08:07:33.571+0000] {processor.py:925} INFO - DAG(s) 'example_python_operator' retrieved from /home/airflow/.local/lib/python3.12/site-packages/airflow/example_dags/example_python_operator.py
[2025-02-07T08:07:33.593+0000] {logging_mixin.py:190} INFO - [2025-02-07T08:07:33.593+0000] {dag.py:3239} INFO - Sync 1 DAGs
[2025-02-07T08:07:33.604+0000] {logging_mixin.py:190} INFO - [2025-02-07T08:07:33.604+0000] {dag.py:4180} INFO - Setting next_dagrun for example_python_operator to None, run_after=None
[2025-02-07T08:07:33.620+0000] {processor.py:208} INFO - Processing /home/airflow/.local/lib/python3.12/site-packages/airflow/example_dags/example_python_operator.py took 0.064 seconds
[2025-02-07T08:08:04.093+0000] {processor.py:186} INFO - Started process (PID=1355) to work on /home/airflow/.local/lib/python3.12/site-packages/airflow/example_dags/example_python_operator.py
[2025-02-07T08:08:04.093+0000] {processor.py:914} INFO - Processing file /home/airflow/.local/lib/python3.12/site-packages/airflow/example_dags/example_python_operator.py for tasks to queue
[2025-02-07T08:08:04.095+0000] {logging_mixin.py:190} INFO - [2025-02-07T08:08:04.094+0000] {dagbag.py:588} INFO - Filling up the DagBag from /home/airflow/.local/lib/python3.12/site-packages/airflow/example_dags/example_python_operator.py
[2025-02-07T08:08:04.102+0000] {processor.py:925} INFO - DAG(s) 'example_python_operator' retrieved from /home/airflow/.local/lib/python3.12/site-packages/airflow/example_dags/example_python_operator.py
[2025-02-07T08:08:04.117+0000] {logging_mixin.py:190} INFO - [2025-02-07T08:08:04.117+0000] {dag.py:3239} INFO - Sync 1 DAGs
[2025-02-07T08:08:04.126+0000] {logging_mixin.py:190} INFO - [2025-02-07T08:08:04.126+0000] {dag.py:4180} INFO - Setting next_dagrun for example_python_operator to None, run_after=None
[2025-02-07T08:08:04.137+0000] {processor.py:208} INFO - Processing /home/airflow/.local/lib/python3.12/site-packages/airflow/example_dags/example_python_operator.py took 0.047 seconds
[2025-02-07T08:08:34.754+0000] {processor.py:186} INFO - Started process (PID=1440) to work on /home/airflow/.local/lib/python3.12/site-packages/airflow/example_dags/example_python_operator.py
[2025-02-07T08:08:34.755+0000] {processor.py:914} INFO - Processing file /home/airflow/.local/lib/python3.12/site-packages/airflow/example_dags/example_python_operator.py for tasks to queue
[2025-02-07T08:08:34.756+0000] {logging_mixin.py:190} INFO - [2025-02-07T08:08:34.756+0000] {dagbag.py:588} INFO - Filling up the DagBag from /home/airflow/.local/lib/python3.12/site-packages/airflow/example_dags/example_python_operator.py
[2025-02-07T08:08:34.764+0000] {processor.py:925} INFO - DAG(s) 'example_python_operator' retrieved from /home/airflow/.local/lib/python3.12/site-packages/airflow/example_dags/example_python_operator.py
[2025-02-07T08:08:34.778+0000] {logging_mixin.py:190} INFO - [2025-02-07T08:08:34.778+0000] {dag.py:3239} INFO - Sync 1 DAGs
[2025-02-07T08:08:34.786+0000] {logging_mixin.py:190} INFO - [2025-02-07T08:08:34.786+0000] {dag.py:4180} INFO - Setting next_dagrun for example_python_operator to None, run_after=None
[2025-02-07T08:08:34.797+0000] {processor.py:208} INFO - Processing /home/airflow/.local/lib/python3.12/site-packages/airflow/example_dags/example_python_operator.py took 0.046 seconds
[2025-02-07T08:09:05.018+0000] {processor.py:186} INFO - Started process (PID=1525) to work on /home/airflow/.local/lib/python3.12/site-packages/airflow/example_dags/example_python_operator.py
[2025-02-07T08:09:05.019+0000] {processor.py:914} INFO - Processing file /home/airflow/.local/lib/python3.12/site-packages/airflow/example_dags/example_python_operator.py for tasks to queue
[2025-02-07T08:09:05.020+0000] {logging_mixin.py:190} INFO - [2025-02-07T08:09:05.020+0000] {dagbag.py:588} INFO - Filling up the DagBag from /home/airflow/.local/lib/python3.12/site-packages/airflow/example_dags/example_python_operator.py
[2025-02-07T08:09:05.027+0000] {processor.py:925} INFO - DAG(s) 'example_python_operator' retrieved from /home/airflow/.local/lib/python3.12/site-packages/airflow/example_dags/example_python_operator.py
[2025-02-07T08:09:05.050+0000] {logging_mixin.py:190} INFO - [2025-02-07T08:09:05.050+0000] {dag.py:3239} INFO - Sync 1 DAGs
[2025-02-07T08:09:05.063+0000] {logging_mixin.py:190} INFO - [2025-02-07T08:09:05.063+0000] {dag.py:4180} INFO - Setting next_dagrun for example_python_operator to None, run_after=None
[2025-02-07T08:09:05.082+0000] {processor.py:208} INFO - Processing /home/airflow/.local/lib/python3.12/site-packages/airflow/example_dags/example_python_operator.py took 0.068 seconds
[2025-02-07T08:09:35.868+0000] {processor.py:186} INFO - Started process (PID=1610) to work on /home/airflow/.local/lib/python3.12/site-packages/airflow/example_dags/example_python_operator.py
[2025-02-07T08:09:35.869+0000] {processor.py:914} INFO - Processing file /home/airflow/.local/lib/python3.12/site-packages/airflow/example_dags/example_python_operator.py for tasks to queue
[2025-02-07T08:09:35.870+0000] {logging_mixin.py:190} INFO - [2025-02-07T08:09:35.870+0000] {dagbag.py:588} INFO - Filling up the DagBag from /home/airflow/.local/lib/python3.12/site-packages/airflow/example_dags/example_python_operator.py
[2025-02-07T08:09:35.877+0000] {processor.py:925} INFO - DAG(s) 'example_python_operator' retrieved from /home/airflow/.local/lib/python3.12/site-packages/airflow/example_dags/example_python_operator.py
[2025-02-07T08:09:35.891+0000] {logging_mixin.py:190} INFO - [2025-02-07T08:09:35.891+0000] {dag.py:3239} INFO - Sync 1 DAGs
[2025-02-07T08:09:35.898+0000] {logging_mixin.py:190} INFO - [2025-02-07T08:09:35.898+0000] {dag.py:4180} INFO - Setting next_dagrun for example_python_operator to None, run_after=None
[2025-02-07T08:09:35.909+0000] {processor.py:208} INFO - Processing /home/airflow/.local/lib/python3.12/site-packages/airflow/example_dags/example_python_operator.py took 0.045 seconds
[2025-02-07T08:10:06.856+0000] {processor.py:186} INFO - Started process (PID=1695) to work on /home/airflow/.local/lib/python3.12/site-packages/airflow/example_dags/example_python_operator.py
[2025-02-07T08:10:06.856+0000] {processor.py:914} INFO - Processing file /home/airflow/.local/lib/python3.12/site-packages/airflow/example_dags/example_python_operator.py for tasks to queue
[2025-02-07T08:10:06.857+0000] {logging_mixin.py:190} INFO - [2025-02-07T08:10:06.857+0000] {dagbag.py:588} INFO - Filling up the DagBag from /home/airflow/.local/lib/python3.12/site-packages/airflow/example_dags/example_python_operator.py
[2025-02-07T08:10:06.864+0000] {processor.py:925} INFO - DAG(s) 'example_python_operator' retrieved from /home/airflow/.local/lib/python3.12/site-packages/airflow/example_dags/example_python_operator.py
[2025-02-07T08:10:06.881+0000] {logging_mixin.py:190} INFO - [2025-02-07T08:10:06.881+0000] {dag.py:3239} INFO - Sync 1 DAGs
[2025-02-07T08:10:06.892+0000] {logging_mixin.py:190} INFO - [2025-02-07T08:10:06.892+0000] {dag.py:4180} INFO - Setting next_dagrun for example_python_operator to None, run_after=None
[2025-02-07T08:10:06.913+0000] {processor.py:208} INFO - Processing /home/airflow/.local/lib/python3.12/site-packages/airflow/example_dags/example_python_operator.py took 0.061 seconds
[2025-02-07T08:10:37.583+0000] {processor.py:186} INFO - Started process (PID=1780) to work on /home/airflow/.local/lib/python3.12/site-packages/airflow/example_dags/example_python_operator.py
[2025-02-07T08:10:37.583+0000] {processor.py:914} INFO - Processing file /home/airflow/.local/lib/python3.12/site-packages/airflow/example_dags/example_python_operator.py for tasks to queue
[2025-02-07T08:10:37.585+0000] {logging_mixin.py:190} INFO - [2025-02-07T08:10:37.585+0000] {dagbag.py:588} INFO - Filling up the DagBag from /home/airflow/.local/lib/python3.12/site-packages/airflow/example_dags/example_python_operator.py
[2025-02-07T08:10:37.593+0000] {processor.py:925} INFO - DAG(s) 'example_python_operator' retrieved from /home/airflow/.local/lib/python3.12/site-packages/airflow/example_dags/example_python_operator.py
[2025-02-07T08:10:37.614+0000] {logging_mixin.py:190} INFO - [2025-02-07T08:10:37.613+0000] {dag.py:3239} INFO - Sync 1 DAGs
[2025-02-07T08:10:37.630+0000] {logging_mixin.py:190} INFO - [2025-02-07T08:10:37.630+0000] {dag.py:4180} INFO - Setting next_dagrun for example_python_operator to None, run_after=None
[2025-02-07T08:10:37.640+0000] {processor.py:208} INFO - Processing /home/airflow/.local/lib/python3.12/site-packages/airflow/example_dags/example_python_operator.py took 0.063 seconds
[2025-02-07T08:11:08.121+0000] {processor.py:186} INFO - Started process (PID=1865) to work on /home/airflow/.local/lib/python3.12/site-packages/airflow/example_dags/example_python_operator.py
[2025-02-07T08:11:08.122+0000] {processor.py:914} INFO - Processing file /home/airflow/.local/lib/python3.12/site-packages/airflow/example_dags/example_python_operator.py for tasks to queue
[2025-02-07T08:11:08.124+0000] {logging_mixin.py:190} INFO - [2025-02-07T08:11:08.124+0000] {dagbag.py:588} INFO - Filling up the DagBag from /home/airflow/.local/lib/python3.12/site-packages/airflow/example_dags/example_python_operator.py
[2025-02-07T08:11:08.131+0000] {processor.py:925} INFO - DAG(s) 'example_python_operator' retrieved from /home/airflow/.local/lib/python3.12/site-packages/airflow/example_dags/example_python_operator.py
[2025-02-07T08:11:08.143+0000] {logging_mixin.py:190} INFO - [2025-02-07T08:11:08.143+0000] {dag.py:3239} INFO - Sync 1 DAGs
[2025-02-07T08:11:08.151+0000] {logging_mixin.py:190} INFO - [2025-02-07T08:11:08.151+0000] {dag.py:4180} INFO - Setting next_dagrun for example_python_operator to None, run_after=None
[2025-02-07T08:11:08.162+0000] {processor.py:208} INFO - Processing /home/airflow/.local/lib/python3.12/site-packages/airflow/example_dags/example_python_operator.py took 0.045 seconds
[2025-02-07T08:11:38.883+0000] {processor.py:186} INFO - Started process (PID=1950) to work on /home/airflow/.local/lib/python3.12/site-packages/airflow/example_dags/example_python_operator.py
[2025-02-07T08:11:38.884+0000] {processor.py:914} INFO - Processing file /home/airflow/.local/lib/python3.12/site-packages/airflow/example_dags/example_python_operator.py for tasks to queue
[2025-02-07T08:11:38.885+0000] {logging_mixin.py:190} INFO - [2025-02-07T08:11:38.885+0000] {dagbag.py:588} INFO - Filling up the DagBag from /home/airflow/.local/lib/python3.12/site-packages/airflow/example_dags/example_python_operator.py
[2025-02-07T08:11:38.891+0000] {processor.py:925} INFO - DAG(s) 'example_python_operator' retrieved from /home/airflow/.local/lib/python3.12/site-packages/airflow/example_dags/example_python_operator.py
[2025-02-07T08:11:38.908+0000] {logging_mixin.py:190} INFO - [2025-02-07T08:11:38.908+0000] {dag.py:3239} INFO - Sync 1 DAGs
[2025-02-07T08:11:38.918+0000] {logging_mixin.py:190} INFO - [2025-02-07T08:11:38.918+0000] {dag.py:4180} INFO - Setting next_dagrun for example_python_operator to None, run_after=None
[2025-02-07T08:11:38.930+0000] {processor.py:208} INFO - Processing /home/airflow/.local/lib/python3.12/site-packages/airflow/example_dags/example_python_operator.py took 0.050 seconds
[2025-02-07T08:12:09.234+0000] {processor.py:186} INFO - Started process (PID=2035) to work on /home/airflow/.local/lib/python3.12/site-packages/airflow/example_dags/example_python_operator.py
[2025-02-07T08:12:09.234+0000] {processor.py:914} INFO - Processing file /home/airflow/.local/lib/python3.12/site-packages/airflow/example_dags/example_python_operator.py for tasks to queue
[2025-02-07T08:12:09.236+0000] {logging_mixin.py:190} INFO - [2025-02-07T08:12:09.235+0000] {dagbag.py:588} INFO - Filling up the DagBag from /home/airflow/.local/lib/python3.12/site-packages/airflow/example_dags/example_python_operator.py
[2025-02-07T08:12:09.243+0000] {processor.py:925} INFO - DAG(s) 'example_python_operator' retrieved from /home/airflow/.local/lib/python3.12/site-packages/airflow/example_dags/example_python_operator.py
[2025-02-07T08:12:09.256+0000] {logging_mixin.py:190} INFO - [2025-02-07T08:12:09.256+0000] {dag.py:3239} INFO - Sync 1 DAGs
[2025-02-07T08:12:09.265+0000] {logging_mixin.py:190} INFO - [2025-02-07T08:12:09.265+0000] {dag.py:4180} INFO - Setting next_dagrun for example_python_operator to None, run_after=None
[2025-02-07T08:12:09.276+0000] {processor.py:208} INFO - Processing /home/airflow/.local/lib/python3.12/site-packages/airflow/example_dags/example_python_operator.py took 0.046 seconds
[2025-02-07T08:12:39.563+0000] {processor.py:186} INFO - Started process (PID=2120) to work on /home/airflow/.local/lib/python3.12/site-packages/airflow/example_dags/example_python_operator.py
[2025-02-07T08:12:39.563+0000] {processor.py:914} INFO - Processing file /home/airflow/.local/lib/python3.12/site-packages/airflow/example_dags/example_python_operator.py for tasks to queue
[2025-02-07T08:12:39.564+0000] {logging_mixin.py:190} INFO - [2025-02-07T08:12:39.564+0000] {dagbag.py:588} INFO - Filling up the DagBag from /home/airflow/.local/lib/python3.12/site-packages/airflow/example_dags/example_python_operator.py
[2025-02-07T08:12:39.571+0000] {processor.py:925} INFO - DAG(s) 'example_python_operator' retrieved from /home/airflow/.local/lib/python3.12/site-packages/airflow/example_dags/example_python_operator.py
[2025-02-07T08:12:39.588+0000] {logging_mixin.py:190} INFO - [2025-02-07T08:12:39.588+0000] {dag.py:3239} INFO - Sync 1 DAGs
[2025-02-07T08:12:39.600+0000] {logging_mixin.py:190} INFO - [2025-02-07T08:12:39.600+0000] {dag.py:4180} INFO - Setting next_dagrun for example_python_operator to None, run_after=None
[2025-02-07T08:12:39.617+0000] {processor.py:208} INFO - Processing /home/airflow/.local/lib/python3.12/site-packages/airflow/example_dags/example_python_operator.py took 0.057 seconds
[2025-02-07T08:13:09.834+0000] {processor.py:186} INFO - Started process (PID=2205) to work on /home/airflow/.local/lib/python3.12/site-packages/airflow/example_dags/example_python_operator.py
[2025-02-07T08:13:09.834+0000] {processor.py:914} INFO - Processing file /home/airflow/.local/lib/python3.12/site-packages/airflow/example_dags/example_python_operator.py for tasks to queue
[2025-02-07T08:13:09.835+0000] {logging_mixin.py:190} INFO - [2025-02-07T08:13:09.835+0000] {dagbag.py:588} INFO - Filling up the DagBag from /home/airflow/.local/lib/python3.12/site-packages/airflow/example_dags/example_python_operator.py
[2025-02-07T08:13:09.842+0000] {processor.py:925} INFO - DAG(s) 'example_python_operator' retrieved from /home/airflow/.local/lib/python3.12/site-packages/airflow/example_dags/example_python_operator.py
[2025-02-07T08:13:09.854+0000] {logging_mixin.py:190} INFO - [2025-02-07T08:13:09.854+0000] {dag.py:3239} INFO - Sync 1 DAGs
[2025-02-07T08:13:09.862+0000] {logging_mixin.py:190} INFO - [2025-02-07T08:13:09.862+0000] {dag.py:4180} INFO - Setting next_dagrun for example_python_operator to None, run_after=None
[2025-02-07T08:13:09.871+0000] {processor.py:208} INFO - Processing /home/airflow/.local/lib/python3.12/site-packages/airflow/example_dags/example_python_operator.py took 0.041 seconds
[2025-02-07T08:13:40.177+0000] {processor.py:186} INFO - Started process (PID=2290) to work on /home/airflow/.local/lib/python3.12/site-packages/airflow/example_dags/example_python_operator.py
[2025-02-07T08:13:40.178+0000] {processor.py:914} INFO - Processing file /home/airflow/.local/lib/python3.12/site-packages/airflow/example_dags/example_python_operator.py for tasks to queue
[2025-02-07T08:13:40.180+0000] {logging_mixin.py:190} INFO - [2025-02-07T08:13:40.180+0000] {dagbag.py:588} INFO - Filling up the DagBag from /home/airflow/.local/lib/python3.12/site-packages/airflow/example_dags/example_python_operator.py
[2025-02-07T08:13:40.187+0000] {processor.py:925} INFO - DAG(s) 'example_python_operator' retrieved from /home/airflow/.local/lib/python3.12/site-packages/airflow/example_dags/example_python_operator.py
[2025-02-07T08:13:40.202+0000] {logging_mixin.py:190} INFO - [2025-02-07T08:13:40.201+0000] {dag.py:3239} INFO - Sync 1 DAGs
[2025-02-07T08:13:40.217+0000] {logging_mixin.py:190} INFO - [2025-02-07T08:13:40.217+0000] {dag.py:4180} INFO - Setting next_dagrun for example_python_operator to None, run_after=None
[2025-02-07T08:13:40.233+0000] {processor.py:208} INFO - Processing /home/airflow/.local/lib/python3.12/site-packages/airflow/example_dags/example_python_operator.py took 0.059 seconds
[2025-02-07T08:14:11.029+0000] {processor.py:186} INFO - Started process (PID=2375) to work on /home/airflow/.local/lib/python3.12/site-packages/airflow/example_dags/example_python_operator.py
[2025-02-07T08:14:11.029+0000] {processor.py:914} INFO - Processing file /home/airflow/.local/lib/python3.12/site-packages/airflow/example_dags/example_python_operator.py for tasks to queue
[2025-02-07T08:14:11.030+0000] {logging_mixin.py:190} INFO - [2025-02-07T08:14:11.030+0000] {dagbag.py:588} INFO - Filling up the DagBag from /home/airflow/.local/lib/python3.12/site-packages/airflow/example_dags/example_python_operator.py
[2025-02-07T08:14:11.038+0000] {processor.py:925} INFO - DAG(s) 'example_python_operator' retrieved from /home/airflow/.local/lib/python3.12/site-packages/airflow/example_dags/example_python_operator.py
[2025-02-07T08:14:11.054+0000] {logging_mixin.py:190} INFO - [2025-02-07T08:14:11.054+0000] {dag.py:3239} INFO - Sync 1 DAGs
[2025-02-07T08:14:11.070+0000] {logging_mixin.py:190} INFO - [2025-02-07T08:14:11.070+0000] {dag.py:4180} INFO - Setting next_dagrun for example_python_operator to None, run_after=None
[2025-02-07T08:14:11.087+0000] {processor.py:208} INFO - Processing /home/airflow/.local/lib/python3.12/site-packages/airflow/example_dags/example_python_operator.py took 0.062 seconds
[2025-02-07T08:14:41.307+0000] {processor.py:186} INFO - Started process (PID=2460) to work on /home/airflow/.local/lib/python3.12/site-packages/airflow/example_dags/example_python_operator.py
[2025-02-07T08:14:41.308+0000] {processor.py:914} INFO - Processing file /home/airflow/.local/lib/python3.12/site-packages/airflow/example_dags/example_python_operator.py for tasks to queue
[2025-02-07T08:14:41.310+0000] {logging_mixin.py:190} INFO - [2025-02-07T08:14:41.310+0000] {dagbag.py:588} INFO - Filling up the DagBag from /home/airflow/.local/lib/python3.12/site-packages/airflow/example_dags/example_python_operator.py
[2025-02-07T08:14:41.319+0000] {processor.py:925} INFO - DAG(s) 'example_python_operator' retrieved from /home/airflow/.local/lib/python3.12/site-packages/airflow/example_dags/example_python_operator.py
[2025-02-07T08:14:41.345+0000] {logging_mixin.py:190} INFO - [2025-02-07T08:14:41.345+0000] {dag.py:3239} INFO - Sync 1 DAGs
[2025-02-07T08:14:41.363+0000] {logging_mixin.py:190} INFO - [2025-02-07T08:14:41.363+0000] {dag.py:4180} INFO - Setting next_dagrun for example_python_operator to None, run_after=None
[2025-02-07T08:14:41.510+0000] {processor.py:208} INFO - Processing /home/airflow/.local/lib/python3.12/site-packages/airflow/example_dags/example_python_operator.py took 0.208 seconds
[2025-02-07T08:15:12.147+0000] {processor.py:186} INFO - Started process (PID=2545) to work on /home/airflow/.local/lib/python3.12/site-packages/airflow/example_dags/example_python_operator.py
[2025-02-07T08:15:12.148+0000] {processor.py:914} INFO - Processing file /home/airflow/.local/lib/python3.12/site-packages/airflow/example_dags/example_python_operator.py for tasks to queue
[2025-02-07T08:15:12.150+0000] {logging_mixin.py:190} INFO - [2025-02-07T08:15:12.150+0000] {dagbag.py:588} INFO - Filling up the DagBag from /home/airflow/.local/lib/python3.12/site-packages/airflow/example_dags/example_python_operator.py
[2025-02-07T08:15:12.158+0000] {processor.py:925} INFO - DAG(s) 'example_python_operator' retrieved from /home/airflow/.local/lib/python3.12/site-packages/airflow/example_dags/example_python_operator.py
[2025-02-07T08:15:12.173+0000] {logging_mixin.py:190} INFO - [2025-02-07T08:15:12.172+0000] {dag.py:3239} INFO - Sync 1 DAGs
[2025-02-07T08:15:12.182+0000] {logging_mixin.py:190} INFO - [2025-02-07T08:15:12.182+0000] {dag.py:4180} INFO - Setting next_dagrun for example_python_operator to None, run_after=None
[2025-02-07T08:15:12.312+0000] {processor.py:208} INFO - Processing /home/airflow/.local/lib/python3.12/site-packages/airflow/example_dags/example_python_operator.py took 0.171 seconds
[2025-02-07T08:15:43.359+0000] {processor.py:186} INFO - Started process (PID=2630) to work on /home/airflow/.local/lib/python3.12/site-packages/airflow/example_dags/example_python_operator.py
[2025-02-07T08:15:43.360+0000] {processor.py:914} INFO - Processing file /home/airflow/.local/lib/python3.12/site-packages/airflow/example_dags/example_python_operator.py for tasks to queue
[2025-02-07T08:15:43.361+0000] {logging_mixin.py:190} INFO - [2025-02-07T08:15:43.361+0000] {dagbag.py:588} INFO - Filling up the DagBag from /home/airflow/.local/lib/python3.12/site-packages/airflow/example_dags/example_python_operator.py
[2025-02-07T08:15:43.369+0000] {processor.py:925} INFO - DAG(s) 'example_python_operator' retrieved from /home/airflow/.local/lib/python3.12/site-packages/airflow/example_dags/example_python_operator.py
[2025-02-07T08:15:43.394+0000] {logging_mixin.py:190} INFO - [2025-02-07T08:15:43.394+0000] {dag.py:3239} INFO - Sync 1 DAGs
[2025-02-07T08:15:43.530+0000] {logging_mixin.py:190} INFO - [2025-02-07T08:15:43.530+0000] {dag.py:4180} INFO - Setting next_dagrun for example_python_operator to None, run_after=None
[2025-02-07T08:15:43.542+0000] {processor.py:208} INFO - Processing /home/airflow/.local/lib/python3.12/site-packages/airflow/example_dags/example_python_operator.py took 0.188 seconds
[2025-02-07T08:16:14.489+0000] {processor.py:186} INFO - Started process (PID=2715) to work on /home/airflow/.local/lib/python3.12/site-packages/airflow/example_dags/example_python_operator.py
[2025-02-07T08:16:14.489+0000] {processor.py:914} INFO - Processing file /home/airflow/.local/lib/python3.12/site-packages/airflow/example_dags/example_python_operator.py for tasks to queue
[2025-02-07T08:16:14.491+0000] {logging_mixin.py:190} INFO - [2025-02-07T08:16:14.491+0000] {dagbag.py:588} INFO - Filling up the DagBag from /home/airflow/.local/lib/python3.12/site-packages/airflow/example_dags/example_python_operator.py
[2025-02-07T08:16:14.502+0000] {processor.py:925} INFO - DAG(s) 'example_python_operator' retrieved from /home/airflow/.local/lib/python3.12/site-packages/airflow/example_dags/example_python_operator.py
[2025-02-07T08:16:14.514+0000] {logging_mixin.py:190} INFO - [2025-02-07T08:16:14.514+0000] {dag.py:3239} INFO - Sync 1 DAGs
[2025-02-07T08:16:14.522+0000] {logging_mixin.py:190} INFO - [2025-02-07T08:16:14.522+0000] {dag.py:4180} INFO - Setting next_dagrun for example_python_operator to None, run_after=None
[2025-02-07T08:16:14.533+0000] {processor.py:208} INFO - Processing /home/airflow/.local/lib/python3.12/site-packages/airflow/example_dags/example_python_operator.py took 0.048 seconds
[2025-02-07T08:16:45.491+0000] {processor.py:186} INFO - Started process (PID=2800) to work on /home/airflow/.local/lib/python3.12/site-packages/airflow/example_dags/example_python_operator.py
[2025-02-07T08:16:45.491+0000] {processor.py:914} INFO - Processing file /home/airflow/.local/lib/python3.12/site-packages/airflow/example_dags/example_python_operator.py for tasks to queue
[2025-02-07T08:16:45.492+0000] {logging_mixin.py:190} INFO - [2025-02-07T08:16:45.492+0000] {dagbag.py:588} INFO - Filling up the DagBag from /home/airflow/.local/lib/python3.12/site-packages/airflow/example_dags/example_python_operator.py
[2025-02-07T08:16:45.505+0000] {processor.py:925} INFO - DAG(s) 'example_python_operator' retrieved from /home/airflow/.local/lib/python3.12/site-packages/airflow/example_dags/example_python_operator.py
[2025-02-07T08:16:45.532+0000] {logging_mixin.py:190} INFO - [2025-02-07T08:16:45.532+0000] {dag.py:3239} INFO - Sync 1 DAGs
[2025-02-07T08:16:45.544+0000] {logging_mixin.py:190} INFO - [2025-02-07T08:16:45.544+0000] {dag.py:4180} INFO - Setting next_dagrun for example_python_operator to None, run_after=None
[2025-02-07T08:16:45.556+0000] {processor.py:208} INFO - Processing /home/airflow/.local/lib/python3.12/site-packages/airflow/example_dags/example_python_operator.py took 0.071 seconds
[2025-02-07T08:17:16.323+0000] {processor.py:186} INFO - Started process (PID=2885) to work on /home/airflow/.local/lib/python3.12/site-packages/airflow/example_dags/example_python_operator.py
[2025-02-07T08:17:16.324+0000] {processor.py:914} INFO - Processing file /home/airflow/.local/lib/python3.12/site-packages/airflow/example_dags/example_python_operator.py for tasks to queue
[2025-02-07T08:17:16.326+0000] {logging_mixin.py:190} INFO - [2025-02-07T08:17:16.326+0000] {dagbag.py:588} INFO - Filling up the DagBag from /home/airflow/.local/lib/python3.12/site-packages/airflow/example_dags/example_python_operator.py
[2025-02-07T08:17:16.334+0000] {processor.py:925} INFO - DAG(s) 'example_python_operator' retrieved from /home/airflow/.local/lib/python3.12/site-packages/airflow/example_dags/example_python_operator.py
[2025-02-07T08:17:16.355+0000] {logging_mixin.py:190} INFO - [2025-02-07T08:17:16.354+0000] {dag.py:3239} INFO - Sync 1 DAGs
[2025-02-07T08:17:16.365+0000] {logging_mixin.py:190} INFO - [2025-02-07T08:17:16.364+0000] {dag.py:4180} INFO - Setting next_dagrun for example_python_operator to None, run_after=None
[2025-02-07T08:17:16.379+0000] {processor.py:208} INFO - Processing /home/airflow/.local/lib/python3.12/site-packages/airflow/example_dags/example_python_operator.py took 0.063 seconds
[2025-02-07T08:17:47.130+0000] {processor.py:186} INFO - Started process (PID=2970) to work on /home/airflow/.local/lib/python3.12/site-packages/airflow/example_dags/example_python_operator.py
[2025-02-07T08:17:47.131+0000] {processor.py:914} INFO - Processing file /home/airflow/.local/lib/python3.12/site-packages/airflow/example_dags/example_python_operator.py for tasks to queue
[2025-02-07T08:17:47.133+0000] {logging_mixin.py:190} INFO - [2025-02-07T08:17:47.133+0000] {dagbag.py:588} INFO - Filling up the DagBag from /home/airflow/.local/lib/python3.12/site-packages/airflow/example_dags/example_python_operator.py
[2025-02-07T08:17:47.144+0000] {processor.py:925} INFO - DAG(s) 'example_python_operator' retrieved from /home/airflow/.local/lib/python3.12/site-packages/airflow/example_dags/example_python_operator.py
[2025-02-07T08:17:47.164+0000] {logging_mixin.py:190} INFO - [2025-02-07T08:17:47.164+0000] {dag.py:3239} INFO - Sync 1 DAGs
[2025-02-07T08:17:47.174+0000] {logging_mixin.py:190} INFO - [2025-02-07T08:17:47.173+0000] {dag.py:4180} INFO - Setting next_dagrun for example_python_operator to None, run_after=None
[2025-02-07T08:17:47.189+0000] {processor.py:208} INFO - Processing /home/airflow/.local/lib/python3.12/site-packages/airflow/example_dags/example_python_operator.py took 0.066 seconds
[2025-02-07T08:18:17.740+0000] {processor.py:186} INFO - Started process (PID=3055) to work on /home/airflow/.local/lib/python3.12/site-packages/airflow/example_dags/example_python_operator.py
[2025-02-07T08:18:17.741+0000] {processor.py:914} INFO - Processing file /home/airflow/.local/lib/python3.12/site-packages/airflow/example_dags/example_python_operator.py for tasks to queue
[2025-02-07T08:18:17.742+0000] {logging_mixin.py:190} INFO - [2025-02-07T08:18:17.742+0000] {dagbag.py:588} INFO - Filling up the DagBag from /home/airflow/.local/lib/python3.12/site-packages/airflow/example_dags/example_python_operator.py
[2025-02-07T08:18:17.750+0000] {processor.py:925} INFO - DAG(s) 'example_python_operator' retrieved from /home/airflow/.local/lib/python3.12/site-packages/airflow/example_dags/example_python_operator.py
[2025-02-07T08:18:17.762+0000] {logging_mixin.py:190} INFO - [2025-02-07T08:18:17.762+0000] {dag.py:3239} INFO - Sync 1 DAGs
[2025-02-07T08:18:17.770+0000] {logging_mixin.py:190} INFO - [2025-02-07T08:18:17.770+0000] {dag.py:4180} INFO - Setting next_dagrun for example_python_operator to None, run_after=None
[2025-02-07T08:18:17.780+0000] {processor.py:208} INFO - Processing /home/airflow/.local/lib/python3.12/site-packages/airflow/example_dags/example_python_operator.py took 0.046 seconds
[2025-02-07T08:18:48.661+0000] {processor.py:186} INFO - Started process (PID=3140) to work on /home/airflow/.local/lib/python3.12/site-packages/airflow/example_dags/example_python_operator.py
[2025-02-07T08:18:48.662+0000] {processor.py:914} INFO - Processing file /home/airflow/.local/lib/python3.12/site-packages/airflow/example_dags/example_python_operator.py for tasks to queue
[2025-02-07T08:18:48.663+0000] {logging_mixin.py:190} INFO - [2025-02-07T08:18:48.663+0000] {dagbag.py:588} INFO - Filling up the DagBag from /home/airflow/.local/lib/python3.12/site-packages/airflow/example_dags/example_python_operator.py
[2025-02-07T08:18:48.671+0000] {processor.py:925} INFO - DAG(s) 'example_python_operator' retrieved from /home/airflow/.local/lib/python3.12/site-packages/airflow/example_dags/example_python_operator.py
[2025-02-07T08:18:48.684+0000] {logging_mixin.py:190} INFO - [2025-02-07T08:18:48.684+0000] {dag.py:3239} INFO - Sync 1 DAGs
[2025-02-07T08:18:48.692+0000] {logging_mixin.py:190} INFO - [2025-02-07T08:18:48.692+0000] {dag.py:4180} INFO - Setting next_dagrun for example_python_operator to None, run_after=None
[2025-02-07T08:18:48.702+0000] {processor.py:208} INFO - Processing /home/airflow/.local/lib/python3.12/site-packages/airflow/example_dags/example_python_operator.py took 0.045 seconds
[2025-02-07T08:19:18.828+0000] {processor.py:186} INFO - Started process (PID=3225) to work on /home/airflow/.local/lib/python3.12/site-packages/airflow/example_dags/example_python_operator.py
[2025-02-07T08:19:18.828+0000] {processor.py:914} INFO - Processing file /home/airflow/.local/lib/python3.12/site-packages/airflow/example_dags/example_python_operator.py for tasks to queue
[2025-02-07T08:19:18.830+0000] {logging_mixin.py:190} INFO - [2025-02-07T08:19:18.829+0000] {dagbag.py:588} INFO - Filling up the DagBag from /home/airflow/.local/lib/python3.12/site-packages/airflow/example_dags/example_python_operator.py
[2025-02-07T08:19:18.837+0000] {processor.py:925} INFO - DAG(s) 'example_python_operator' retrieved from /home/airflow/.local/lib/python3.12/site-packages/airflow/example_dags/example_python_operator.py
[2025-02-07T08:19:18.851+0000] {logging_mixin.py:190} INFO - [2025-02-07T08:19:18.850+0000] {dag.py:3239} INFO - Sync 1 DAGs
[2025-02-07T08:19:18.860+0000] {logging_mixin.py:190} INFO - [2025-02-07T08:19:18.859+0000] {dag.py:4180} INFO - Setting next_dagrun for example_python_operator to None, run_after=None
[2025-02-07T08:19:18.870+0000] {processor.py:208} INFO - Processing /home/airflow/.local/lib/python3.12/site-packages/airflow/example_dags/example_python_operator.py took 0.049 seconds
[2025-02-07T08:19:49.098+0000] {processor.py:186} INFO - Started process (PID=3310) to work on /home/airflow/.local/lib/python3.12/site-packages/airflow/example_dags/example_python_operator.py
[2025-02-07T08:19:49.099+0000] {processor.py:914} INFO - Processing file /home/airflow/.local/lib/python3.12/site-packages/airflow/example_dags/example_python_operator.py for tasks to queue
[2025-02-07T08:19:49.100+0000] {logging_mixin.py:190} INFO - [2025-02-07T08:19:49.100+0000] {dagbag.py:588} INFO - Filling up the DagBag from /home/airflow/.local/lib/python3.12/site-packages/airflow/example_dags/example_python_operator.py
[2025-02-07T08:19:49.107+0000] {processor.py:925} INFO - DAG(s) 'example_python_operator' retrieved from /home/airflow/.local/lib/python3.12/site-packages/airflow/example_dags/example_python_operator.py
[2025-02-07T08:19:49.119+0000] {logging_mixin.py:190} INFO - [2025-02-07T08:19:49.119+0000] {dag.py:3239} INFO - Sync 1 DAGs
[2025-02-07T08:19:49.128+0000] {logging_mixin.py:190} INFO - [2025-02-07T08:19:49.128+0000] {dag.py:4180} INFO - Setting next_dagrun for example_python_operator to None, run_after=None
[2025-02-07T08:19:49.139+0000] {processor.py:208} INFO - Processing /home/airflow/.local/lib/python3.12/site-packages/airflow/example_dags/example_python_operator.py took 0.047 seconds
[2025-02-07T08:20:19.904+0000] {processor.py:186} INFO - Started process (PID=3395) to work on /home/airflow/.local/lib/python3.12/site-packages/airflow/example_dags/example_python_operator.py
[2025-02-07T08:20:19.904+0000] {processor.py:914} INFO - Processing file /home/airflow/.local/lib/python3.12/site-packages/airflow/example_dags/example_python_operator.py for tasks to queue
[2025-02-07T08:20:19.906+0000] {logging_mixin.py:190} INFO - [2025-02-07T08:20:19.906+0000] {dagbag.py:588} INFO - Filling up the DagBag from /home/airflow/.local/lib/python3.12/site-packages/airflow/example_dags/example_python_operator.py
[2025-02-07T08:20:19.916+0000] {processor.py:925} INFO - DAG(s) 'example_python_operator' retrieved from /home/airflow/.local/lib/python3.12/site-packages/airflow/example_dags/example_python_operator.py
[2025-02-07T08:20:19.941+0000] {logging_mixin.py:190} INFO - [2025-02-07T08:20:19.941+0000] {dag.py:3239} INFO - Sync 1 DAGs
[2025-02-07T08:20:19.956+0000] {logging_mixin.py:190} INFO - [2025-02-07T08:20:19.956+0000] {dag.py:4180} INFO - Setting next_dagrun for example_python_operator to None, run_after=None
[2025-02-07T08:20:19.970+0000] {processor.py:208} INFO - Processing /home/airflow/.local/lib/python3.12/site-packages/airflow/example_dags/example_python_operator.py took 0.072 seconds
