[2025-02-07T08:00:26.221+0000] {processor.py:186} INFO - Started process (PID=105) to work on /home/airflow/.local/lib/python3.12/site-packages/airflow/example_dags/example_short_circuit_operator.py
[2025-02-07T08:00:26.222+0000] {processor.py:914} INFO - Processing file /home/airflow/.local/lib/python3.12/site-packages/airflow/example_dags/example_short_circuit_operator.py for tasks to queue
[2025-02-07T08:00:26.224+0000] {logging_mixin.py:190} INFO - [2025-02-07T08:00:26.223+0000] {dagbag.py:588} INFO - Filling up the DagBag from /home/airflow/.local/lib/python3.12/site-packages/airflow/example_dags/example_short_circuit_operator.py
[2025-02-07T08:00:26.233+0000] {processor.py:925} INFO - DAG(s) 'example_short_circuit_operator' retrieved from /home/airflow/.local/lib/python3.12/site-packages/airflow/example_dags/example_short_circuit_operator.py
[2025-02-07T08:00:26.270+0000] {logging_mixin.py:190} INFO - [2025-02-07T08:00:26.270+0000] {dag.py:3239} INFO - Sync 1 DAGs
[2025-02-07T08:00:26.281+0000] {logging_mixin.py:190} INFO - [2025-02-07T08:00:26.281+0000] {dag.py:4180} INFO - Setting next_dagrun for example_short_circuit_operator to None, run_after=None
[2025-02-07T08:00:26.297+0000] {processor.py:208} INFO - Processing /home/airflow/.local/lib/python3.12/site-packages/airflow/example_dags/example_short_circuit_operator.py took 0.085 seconds
[2025-02-07T08:00:56.950+0000] {processor.py:186} INFO - Started process (PID=198) to work on /home/airflow/.local/lib/python3.12/site-packages/airflow/example_dags/example_short_circuit_operator.py
[2025-02-07T08:00:56.951+0000] {processor.py:914} INFO - Processing file /home/airflow/.local/lib/python3.12/site-packages/airflow/example_dags/example_short_circuit_operator.py for tasks to queue
[2025-02-07T08:00:56.952+0000] {logging_mixin.py:190} INFO - [2025-02-07T08:00:56.952+0000] {dagbag.py:588} INFO - Filling up the DagBag from /home/airflow/.local/lib/python3.12/site-packages/airflow/example_dags/example_short_circuit_operator.py
[2025-02-07T08:00:56.960+0000] {processor.py:925} INFO - DAG(s) 'example_short_circuit_operator' retrieved from /home/airflow/.local/lib/python3.12/site-packages/airflow/example_dags/example_short_circuit_operator.py
[2025-02-07T08:00:56.980+0000] {logging_mixin.py:190} INFO - [2025-02-07T08:00:56.979+0000] {dag.py:3239} INFO - Sync 1 DAGs
[2025-02-07T08:00:56.995+0000] {logging_mixin.py:190} INFO - [2025-02-07T08:00:56.995+0000] {dag.py:4180} INFO - Setting next_dagrun for example_short_circuit_operator to None, run_after=None
[2025-02-07T08:00:57.007+0000] {processor.py:208} INFO - Processing /home/airflow/.local/lib/python3.12/site-packages/airflow/example_dags/example_short_circuit_operator.py took 0.060 seconds
[2025-02-07T08:01:27.299+0000] {processor.py:186} INFO - Started process (PID=262) to work on /home/airflow/.local/lib/python3.12/site-packages/airflow/example_dags/example_short_circuit_operator.py
[2025-02-07T08:01:27.300+0000] {processor.py:914} INFO - Processing file /home/airflow/.local/lib/python3.12/site-packages/airflow/example_dags/example_short_circuit_operator.py for tasks to queue
[2025-02-07T08:01:27.301+0000] {logging_mixin.py:190} INFO - [2025-02-07T08:01:27.301+0000] {dagbag.py:588} INFO - Filling up the DagBag from /home/airflow/.local/lib/python3.12/site-packages/airflow/example_dags/example_short_circuit_operator.py
[2025-02-07T08:01:27.306+0000] {processor.py:925} INFO - DAG(s) 'example_short_circuit_operator' retrieved from /home/airflow/.local/lib/python3.12/site-packages/airflow/example_dags/example_short_circuit_operator.py
[2025-02-07T08:01:27.324+0000] {logging_mixin.py:190} INFO - [2025-02-07T08:01:27.324+0000] {dag.py:3239} INFO - Sync 1 DAGs
[2025-02-07T08:01:27.332+0000] {logging_mixin.py:190} INFO - [2025-02-07T08:01:27.332+0000] {dag.py:4180} INFO - Setting next_dagrun for example_short_circuit_operator to None, run_after=None
[2025-02-07T08:01:27.343+0000] {processor.py:208} INFO - Processing /home/airflow/.local/lib/python3.12/site-packages/airflow/example_dags/example_short_circuit_operator.py took 0.047 seconds
[2025-02-07T08:01:58.100+0000] {processor.py:186} INFO - Started process (PID=346) to work on /home/airflow/.local/lib/python3.12/site-packages/airflow/example_dags/example_short_circuit_operator.py
[2025-02-07T08:01:58.100+0000] {processor.py:914} INFO - Processing file /home/airflow/.local/lib/python3.12/site-packages/airflow/example_dags/example_short_circuit_operator.py for tasks to queue
[2025-02-07T08:01:58.102+0000] {logging_mixin.py:190} INFO - [2025-02-07T08:01:58.101+0000] {dagbag.py:588} INFO - Filling up the DagBag from /home/airflow/.local/lib/python3.12/site-packages/airflow/example_dags/example_short_circuit_operator.py
[2025-02-07T08:01:58.107+0000] {processor.py:925} INFO - DAG(s) 'example_short_circuit_operator' retrieved from /home/airflow/.local/lib/python3.12/site-packages/airflow/example_dags/example_short_circuit_operator.py
[2025-02-07T08:01:58.123+0000] {logging_mixin.py:190} INFO - [2025-02-07T08:01:58.123+0000] {dag.py:3239} INFO - Sync 1 DAGs
[2025-02-07T08:01:58.138+0000] {logging_mixin.py:190} INFO - [2025-02-07T08:01:58.138+0000] {dag.py:4180} INFO - Setting next_dagrun for example_short_circuit_operator to None, run_after=None
[2025-02-07T08:01:58.150+0000] {processor.py:208} INFO - Processing /home/airflow/.local/lib/python3.12/site-packages/airflow/example_dags/example_short_circuit_operator.py took 0.055 seconds
[2025-02-07T08:02:29.102+0000] {processor.py:186} INFO - Started process (PID=431) to work on /home/airflow/.local/lib/python3.12/site-packages/airflow/example_dags/example_short_circuit_operator.py
[2025-02-07T08:02:29.103+0000] {processor.py:914} INFO - Processing file /home/airflow/.local/lib/python3.12/site-packages/airflow/example_dags/example_short_circuit_operator.py for tasks to queue
[2025-02-07T08:02:29.104+0000] {logging_mixin.py:190} INFO - [2025-02-07T08:02:29.104+0000] {dagbag.py:588} INFO - Filling up the DagBag from /home/airflow/.local/lib/python3.12/site-packages/airflow/example_dags/example_short_circuit_operator.py
[2025-02-07T08:02:29.110+0000] {processor.py:925} INFO - DAG(s) 'example_short_circuit_operator' retrieved from /home/airflow/.local/lib/python3.12/site-packages/airflow/example_dags/example_short_circuit_operator.py
[2025-02-07T08:02:29.122+0000] {logging_mixin.py:190} INFO - [2025-02-07T08:02:29.122+0000] {dag.py:3239} INFO - Sync 1 DAGs
[2025-02-07T08:02:29.130+0000] {logging_mixin.py:190} INFO - [2025-02-07T08:02:29.130+0000] {dag.py:4180} INFO - Setting next_dagrun for example_short_circuit_operator to None, run_after=None
[2025-02-07T08:02:29.139+0000] {processor.py:208} INFO - Processing /home/airflow/.local/lib/python3.12/site-packages/airflow/example_dags/example_short_circuit_operator.py took 0.040 seconds
[2025-02-07T08:02:59.603+0000] {processor.py:186} INFO - Started process (PID=516) to work on /home/airflow/.local/lib/python3.12/site-packages/airflow/example_dags/example_short_circuit_operator.py
[2025-02-07T08:02:59.603+0000] {processor.py:914} INFO - Processing file /home/airflow/.local/lib/python3.12/site-packages/airflow/example_dags/example_short_circuit_operator.py for tasks to queue
[2025-02-07T08:02:59.605+0000] {logging_mixin.py:190} INFO - [2025-02-07T08:02:59.605+0000] {dagbag.py:588} INFO - Filling up the DagBag from /home/airflow/.local/lib/python3.12/site-packages/airflow/example_dags/example_short_circuit_operator.py
[2025-02-07T08:02:59.613+0000] {processor.py:925} INFO - DAG(s) 'example_short_circuit_operator' retrieved from /home/airflow/.local/lib/python3.12/site-packages/airflow/example_dags/example_short_circuit_operator.py
[2025-02-07T08:02:59.638+0000] {logging_mixin.py:190} INFO - [2025-02-07T08:02:59.638+0000] {dag.py:3239} INFO - Sync 1 DAGs
[2025-02-07T08:02:59.655+0000] {logging_mixin.py:190} INFO - [2025-02-07T08:02:59.654+0000] {dag.py:4180} INFO - Setting next_dagrun for example_short_circuit_operator to None, run_after=None
[2025-02-07T08:02:59.671+0000] {processor.py:208} INFO - Processing /home/airflow/.local/lib/python3.12/site-packages/airflow/example_dags/example_short_circuit_operator.py took 0.074 seconds
[2025-02-07T08:03:29.935+0000] {processor.py:186} INFO - Started process (PID=601) to work on /home/airflow/.local/lib/python3.12/site-packages/airflow/example_dags/example_short_circuit_operator.py
[2025-02-07T08:03:29.935+0000] {processor.py:914} INFO - Processing file /home/airflow/.local/lib/python3.12/site-packages/airflow/example_dags/example_short_circuit_operator.py for tasks to queue
[2025-02-07T08:03:29.937+0000] {logging_mixin.py:190} INFO - [2025-02-07T08:03:29.937+0000] {dagbag.py:588} INFO - Filling up the DagBag from /home/airflow/.local/lib/python3.12/site-packages/airflow/example_dags/example_short_circuit_operator.py
[2025-02-07T08:03:29.943+0000] {processor.py:925} INFO - DAG(s) 'example_short_circuit_operator' retrieved from /home/airflow/.local/lib/python3.12/site-packages/airflow/example_dags/example_short_circuit_operator.py
[2025-02-07T08:03:29.964+0000] {logging_mixin.py:190} INFO - [2025-02-07T08:03:29.964+0000] {dag.py:3239} INFO - Sync 1 DAGs
[2025-02-07T08:03:29.974+0000] {logging_mixin.py:190} INFO - [2025-02-07T08:03:29.974+0000] {dag.py:4180} INFO - Setting next_dagrun for example_short_circuit_operator to None, run_after=None
[2025-02-07T08:03:29.985+0000] {processor.py:208} INFO - Processing /home/airflow/.local/lib/python3.12/site-packages/airflow/example_dags/example_short_circuit_operator.py took 0.057 seconds
[2025-02-07T08:04:00.817+0000] {processor.py:186} INFO - Started process (PID=686) to work on /home/airflow/.local/lib/python3.12/site-packages/airflow/example_dags/example_short_circuit_operator.py
[2025-02-07T08:04:00.818+0000] {processor.py:914} INFO - Processing file /home/airflow/.local/lib/python3.12/site-packages/airflow/example_dags/example_short_circuit_operator.py for tasks to queue
[2025-02-07T08:04:00.819+0000] {logging_mixin.py:190} INFO - [2025-02-07T08:04:00.819+0000] {dagbag.py:588} INFO - Filling up the DagBag from /home/airflow/.local/lib/python3.12/site-packages/airflow/example_dags/example_short_circuit_operator.py
[2025-02-07T08:04:00.824+0000] {processor.py:925} INFO - DAG(s) 'example_short_circuit_operator' retrieved from /home/airflow/.local/lib/python3.12/site-packages/airflow/example_dags/example_short_circuit_operator.py
[2025-02-07T08:04:00.837+0000] {logging_mixin.py:190} INFO - [2025-02-07T08:04:00.837+0000] {dag.py:3239} INFO - Sync 1 DAGs
[2025-02-07T08:04:00.846+0000] {logging_mixin.py:190} INFO - [2025-02-07T08:04:00.846+0000] {dag.py:4180} INFO - Setting next_dagrun for example_short_circuit_operator to None, run_after=None
[2025-02-07T08:04:00.857+0000] {processor.py:208} INFO - Processing /home/airflow/.local/lib/python3.12/site-packages/airflow/example_dags/example_short_circuit_operator.py took 0.044 seconds
[2025-02-07T08:04:30.912+0000] {processor.py:186} INFO - Started process (PID=771) to work on /home/airflow/.local/lib/python3.12/site-packages/airflow/example_dags/example_short_circuit_operator.py
[2025-02-07T08:04:30.913+0000] {processor.py:914} INFO - Processing file /home/airflow/.local/lib/python3.12/site-packages/airflow/example_dags/example_short_circuit_operator.py for tasks to queue
[2025-02-07T08:04:30.914+0000] {logging_mixin.py:190} INFO - [2025-02-07T08:04:30.914+0000] {dagbag.py:588} INFO - Filling up the DagBag from /home/airflow/.local/lib/python3.12/site-packages/airflow/example_dags/example_short_circuit_operator.py
[2025-02-07T08:04:30.919+0000] {processor.py:925} INFO - DAG(s) 'example_short_circuit_operator' retrieved from /home/airflow/.local/lib/python3.12/site-packages/airflow/example_dags/example_short_circuit_operator.py
[2025-02-07T08:04:30.935+0000] {logging_mixin.py:190} INFO - [2025-02-07T08:04:30.935+0000] {dag.py:3239} INFO - Sync 1 DAGs
[2025-02-07T08:04:30.943+0000] {logging_mixin.py:190} INFO - [2025-02-07T08:04:30.943+0000] {dag.py:4180} INFO - Setting next_dagrun for example_short_circuit_operator to None, run_after=None
[2025-02-07T08:04:30.961+0000] {processor.py:208} INFO - Processing /home/airflow/.local/lib/python3.12/site-packages/airflow/example_dags/example_short_circuit_operator.py took 0.055 seconds
[2025-02-07T08:05:01.220+0000] {processor.py:186} INFO - Started process (PID=856) to work on /home/airflow/.local/lib/python3.12/site-packages/airflow/example_dags/example_short_circuit_operator.py
[2025-02-07T08:05:01.221+0000] {processor.py:914} INFO - Processing file /home/airflow/.local/lib/python3.12/site-packages/airflow/example_dags/example_short_circuit_operator.py for tasks to queue
[2025-02-07T08:05:01.224+0000] {logging_mixin.py:190} INFO - [2025-02-07T08:05:01.223+0000] {dagbag.py:588} INFO - Filling up the DagBag from /home/airflow/.local/lib/python3.12/site-packages/airflow/example_dags/example_short_circuit_operator.py
[2025-02-07T08:05:01.232+0000] {processor.py:925} INFO - DAG(s) 'example_short_circuit_operator' retrieved from /home/airflow/.local/lib/python3.12/site-packages/airflow/example_dags/example_short_circuit_operator.py
[2025-02-07T08:05:01.257+0000] {logging_mixin.py:190} INFO - [2025-02-07T08:05:01.257+0000] {dag.py:3239} INFO - Sync 1 DAGs
[2025-02-07T08:05:01.274+0000] {logging_mixin.py:190} INFO - [2025-02-07T08:05:01.274+0000] {dag.py:4180} INFO - Setting next_dagrun for example_short_circuit_operator to None, run_after=None
[2025-02-07T08:05:01.285+0000] {processor.py:208} INFO - Processing /home/airflow/.local/lib/python3.12/site-packages/airflow/example_dags/example_short_circuit_operator.py took 0.071 seconds
[2025-02-07T08:05:31.478+0000] {processor.py:186} INFO - Started process (PID=941) to work on /home/airflow/.local/lib/python3.12/site-packages/airflow/example_dags/example_short_circuit_operator.py
[2025-02-07T08:05:31.479+0000] {processor.py:914} INFO - Processing file /home/airflow/.local/lib/python3.12/site-packages/airflow/example_dags/example_short_circuit_operator.py for tasks to queue
[2025-02-07T08:05:31.481+0000] {logging_mixin.py:190} INFO - [2025-02-07T08:05:31.480+0000] {dagbag.py:588} INFO - Filling up the DagBag from /home/airflow/.local/lib/python3.12/site-packages/airflow/example_dags/example_short_circuit_operator.py
[2025-02-07T08:05:31.490+0000] {processor.py:925} INFO - DAG(s) 'example_short_circuit_operator' retrieved from /home/airflow/.local/lib/python3.12/site-packages/airflow/example_dags/example_short_circuit_operator.py
[2025-02-07T08:05:31.514+0000] {logging_mixin.py:190} INFO - [2025-02-07T08:05:31.513+0000] {dag.py:3239} INFO - Sync 1 DAGs
[2025-02-07T08:05:31.524+0000] {logging_mixin.py:190} INFO - [2025-02-07T08:05:31.524+0000] {dag.py:4180} INFO - Setting next_dagrun for example_short_circuit_operator to None, run_after=None
[2025-02-07T08:05:31.533+0000] {processor.py:208} INFO - Processing /home/airflow/.local/lib/python3.12/site-packages/airflow/example_dags/example_short_circuit_operator.py took 0.060 seconds
[2025-02-07T08:06:02.068+0000] {processor.py:186} INFO - Started process (PID=1026) to work on /home/airflow/.local/lib/python3.12/site-packages/airflow/example_dags/example_short_circuit_operator.py
[2025-02-07T08:06:02.069+0000] {processor.py:914} INFO - Processing file /home/airflow/.local/lib/python3.12/site-packages/airflow/example_dags/example_short_circuit_operator.py for tasks to queue
[2025-02-07T08:06:02.070+0000] {logging_mixin.py:190} INFO - [2025-02-07T08:06:02.070+0000] {dagbag.py:588} INFO - Filling up the DagBag from /home/airflow/.local/lib/python3.12/site-packages/airflow/example_dags/example_short_circuit_operator.py
[2025-02-07T08:06:02.075+0000] {processor.py:925} INFO - DAG(s) 'example_short_circuit_operator' retrieved from /home/airflow/.local/lib/python3.12/site-packages/airflow/example_dags/example_short_circuit_operator.py
[2025-02-07T08:06:02.088+0000] {logging_mixin.py:190} INFO - [2025-02-07T08:06:02.088+0000] {dag.py:3239} INFO - Sync 1 DAGs
[2025-02-07T08:06:02.096+0000] {logging_mixin.py:190} INFO - [2025-02-07T08:06:02.096+0000] {dag.py:4180} INFO - Setting next_dagrun for example_short_circuit_operator to None, run_after=None
[2025-02-07T08:06:02.108+0000] {processor.py:208} INFO - Processing /home/airflow/.local/lib/python3.12/site-packages/airflow/example_dags/example_short_circuit_operator.py took 0.043 seconds
[2025-02-07T08:06:33.005+0000] {processor.py:186} INFO - Started process (PID=1111) to work on /home/airflow/.local/lib/python3.12/site-packages/airflow/example_dags/example_short_circuit_operator.py
[2025-02-07T08:06:33.006+0000] {processor.py:914} INFO - Processing file /home/airflow/.local/lib/python3.12/site-packages/airflow/example_dags/example_short_circuit_operator.py for tasks to queue
[2025-02-07T08:06:33.008+0000] {logging_mixin.py:190} INFO - [2025-02-07T08:06:33.007+0000] {dagbag.py:588} INFO - Filling up the DagBag from /home/airflow/.local/lib/python3.12/site-packages/airflow/example_dags/example_short_circuit_operator.py
[2025-02-07T08:06:33.015+0000] {processor.py:925} INFO - DAG(s) 'example_short_circuit_operator' retrieved from /home/airflow/.local/lib/python3.12/site-packages/airflow/example_dags/example_short_circuit_operator.py
[2025-02-07T08:06:33.032+0000] {logging_mixin.py:190} INFO - [2025-02-07T08:06:33.032+0000] {dag.py:3239} INFO - Sync 1 DAGs
[2025-02-07T08:06:33.040+0000] {logging_mixin.py:190} INFO - [2025-02-07T08:06:33.040+0000] {dag.py:4180} INFO - Setting next_dagrun for example_short_circuit_operator to None, run_after=None
[2025-02-07T08:06:33.050+0000] {processor.py:208} INFO - Processing /home/airflow/.local/lib/python3.12/site-packages/airflow/example_dags/example_short_circuit_operator.py took 0.051 seconds
[2025-02-07T08:07:03.090+0000] {processor.py:186} INFO - Started process (PID=1196) to work on /home/airflow/.local/lib/python3.12/site-packages/airflow/example_dags/example_short_circuit_operator.py
[2025-02-07T08:07:03.090+0000] {processor.py:914} INFO - Processing file /home/airflow/.local/lib/python3.12/site-packages/airflow/example_dags/example_short_circuit_operator.py for tasks to queue
[2025-02-07T08:07:03.092+0000] {logging_mixin.py:190} INFO - [2025-02-07T08:07:03.091+0000] {dagbag.py:588} INFO - Filling up the DagBag from /home/airflow/.local/lib/python3.12/site-packages/airflow/example_dags/example_short_circuit_operator.py
[2025-02-07T08:07:03.098+0000] {processor.py:925} INFO - DAG(s) 'example_short_circuit_operator' retrieved from /home/airflow/.local/lib/python3.12/site-packages/airflow/example_dags/example_short_circuit_operator.py
[2025-02-07T08:07:03.120+0000] {logging_mixin.py:190} INFO - [2025-02-07T08:07:03.120+0000] {dag.py:3239} INFO - Sync 1 DAGs
[2025-02-07T08:07:03.130+0000] {logging_mixin.py:190} INFO - [2025-02-07T08:07:03.130+0000] {dag.py:4180} INFO - Setting next_dagrun for example_short_circuit_operator to None, run_after=None
[2025-02-07T08:07:03.143+0000] {processor.py:208} INFO - Processing /home/airflow/.local/lib/python3.12/site-packages/airflow/example_dags/example_short_circuit_operator.py took 0.056 seconds
[2025-02-07T08:07:33.919+0000] {processor.py:186} INFO - Started process (PID=1281) to work on /home/airflow/.local/lib/python3.12/site-packages/airflow/example_dags/example_short_circuit_operator.py
[2025-02-07T08:07:33.920+0000] {processor.py:914} INFO - Processing file /home/airflow/.local/lib/python3.12/site-packages/airflow/example_dags/example_short_circuit_operator.py for tasks to queue
[2025-02-07T08:07:33.921+0000] {logging_mixin.py:190} INFO - [2025-02-07T08:07:33.921+0000] {dagbag.py:588} INFO - Filling up the DagBag from /home/airflow/.local/lib/python3.12/site-packages/airflow/example_dags/example_short_circuit_operator.py
[2025-02-07T08:07:33.927+0000] {processor.py:925} INFO - DAG(s) 'example_short_circuit_operator' retrieved from /home/airflow/.local/lib/python3.12/site-packages/airflow/example_dags/example_short_circuit_operator.py
[2025-02-07T08:07:33.946+0000] {logging_mixin.py:190} INFO - [2025-02-07T08:07:33.946+0000] {dag.py:3239} INFO - Sync 1 DAGs
[2025-02-07T08:07:33.954+0000] {logging_mixin.py:190} INFO - [2025-02-07T08:07:33.954+0000] {dag.py:4180} INFO - Setting next_dagrun for example_short_circuit_operator to None, run_after=None
[2025-02-07T08:07:33.965+0000] {processor.py:208} INFO - Processing /home/airflow/.local/lib/python3.12/site-packages/airflow/example_dags/example_short_circuit_operator.py took 0.050 seconds
[2025-02-07T08:08:04.467+0000] {processor.py:186} INFO - Started process (PID=1366) to work on /home/airflow/.local/lib/python3.12/site-packages/airflow/example_dags/example_short_circuit_operator.py
[2025-02-07T08:08:04.468+0000] {processor.py:914} INFO - Processing file /home/airflow/.local/lib/python3.12/site-packages/airflow/example_dags/example_short_circuit_operator.py for tasks to queue
[2025-02-07T08:08:04.469+0000] {logging_mixin.py:190} INFO - [2025-02-07T08:08:04.469+0000] {dagbag.py:588} INFO - Filling up the DagBag from /home/airflow/.local/lib/python3.12/site-packages/airflow/example_dags/example_short_circuit_operator.py
[2025-02-07T08:08:04.476+0000] {processor.py:925} INFO - DAG(s) 'example_short_circuit_operator' retrieved from /home/airflow/.local/lib/python3.12/site-packages/airflow/example_dags/example_short_circuit_operator.py
[2025-02-07T08:08:04.488+0000] {logging_mixin.py:190} INFO - [2025-02-07T08:08:04.488+0000] {dag.py:3239} INFO - Sync 1 DAGs
[2025-02-07T08:08:04.496+0000] {logging_mixin.py:190} INFO - [2025-02-07T08:08:04.496+0000] {dag.py:4180} INFO - Setting next_dagrun for example_short_circuit_operator to None, run_after=None
[2025-02-07T08:08:04.506+0000] {processor.py:208} INFO - Processing /home/airflow/.local/lib/python3.12/site-packages/airflow/example_dags/example_short_circuit_operator.py took 0.044 seconds
[2025-02-07T08:08:35.139+0000] {processor.py:186} INFO - Started process (PID=1451) to work on /home/airflow/.local/lib/python3.12/site-packages/airflow/example_dags/example_short_circuit_operator.py
[2025-02-07T08:08:35.139+0000] {processor.py:914} INFO - Processing file /home/airflow/.local/lib/python3.12/site-packages/airflow/example_dags/example_short_circuit_operator.py for tasks to queue
[2025-02-07T08:08:35.141+0000] {logging_mixin.py:190} INFO - [2025-02-07T08:08:35.140+0000] {dagbag.py:588} INFO - Filling up the DagBag from /home/airflow/.local/lib/python3.12/site-packages/airflow/example_dags/example_short_circuit_operator.py
[2025-02-07T08:08:35.145+0000] {processor.py:925} INFO - DAG(s) 'example_short_circuit_operator' retrieved from /home/airflow/.local/lib/python3.12/site-packages/airflow/example_dags/example_short_circuit_operator.py
[2025-02-07T08:08:35.162+0000] {logging_mixin.py:190} INFO - [2025-02-07T08:08:35.162+0000] {dag.py:3239} INFO - Sync 1 DAGs
[2025-02-07T08:08:35.172+0000] {logging_mixin.py:190} INFO - [2025-02-07T08:08:35.172+0000] {dag.py:4180} INFO - Setting next_dagrun for example_short_circuit_operator to None, run_after=None
[2025-02-07T08:08:35.192+0000] {processor.py:208} INFO - Processing /home/airflow/.local/lib/python3.12/site-packages/airflow/example_dags/example_short_circuit_operator.py took 0.056 seconds
[2025-02-07T08:09:05.500+0000] {processor.py:186} INFO - Started process (PID=1536) to work on /home/airflow/.local/lib/python3.12/site-packages/airflow/example_dags/example_short_circuit_operator.py
[2025-02-07T08:09:05.501+0000] {processor.py:914} INFO - Processing file /home/airflow/.local/lib/python3.12/site-packages/airflow/example_dags/example_short_circuit_operator.py for tasks to queue
[2025-02-07T08:09:05.503+0000] {logging_mixin.py:190} INFO - [2025-02-07T08:09:05.503+0000] {dagbag.py:588} INFO - Filling up the DagBag from /home/airflow/.local/lib/python3.12/site-packages/airflow/example_dags/example_short_circuit_operator.py
[2025-02-07T08:09:05.511+0000] {processor.py:925} INFO - DAG(s) 'example_short_circuit_operator' retrieved from /home/airflow/.local/lib/python3.12/site-packages/airflow/example_dags/example_short_circuit_operator.py
[2025-02-07T08:09:05.528+0000] {logging_mixin.py:190} INFO - [2025-02-07T08:09:05.528+0000] {dag.py:3239} INFO - Sync 1 DAGs
[2025-02-07T08:09:05.545+0000] {logging_mixin.py:190} INFO - [2025-02-07T08:09:05.544+0000] {dag.py:4180} INFO - Setting next_dagrun for example_short_circuit_operator to None, run_after=None
[2025-02-07T08:09:05.563+0000] {processor.py:208} INFO - Processing /home/airflow/.local/lib/python3.12/site-packages/airflow/example_dags/example_short_circuit_operator.py took 0.068 seconds
[2025-02-07T08:09:36.375+0000] {processor.py:186} INFO - Started process (PID=1621) to work on /home/airflow/.local/lib/python3.12/site-packages/airflow/example_dags/example_short_circuit_operator.py
[2025-02-07T08:09:36.376+0000] {processor.py:914} INFO - Processing file /home/airflow/.local/lib/python3.12/site-packages/airflow/example_dags/example_short_circuit_operator.py for tasks to queue
[2025-02-07T08:09:36.377+0000] {logging_mixin.py:190} INFO - [2025-02-07T08:09:36.377+0000] {dagbag.py:588} INFO - Filling up the DagBag from /home/airflow/.local/lib/python3.12/site-packages/airflow/example_dags/example_short_circuit_operator.py
[2025-02-07T08:09:36.385+0000] {processor.py:925} INFO - DAG(s) 'example_short_circuit_operator' retrieved from /home/airflow/.local/lib/python3.12/site-packages/airflow/example_dags/example_short_circuit_operator.py
[2025-02-07T08:09:36.414+0000] {logging_mixin.py:190} INFO - [2025-02-07T08:09:36.413+0000] {dag.py:3239} INFO - Sync 1 DAGs
[2025-02-07T08:09:36.431+0000] {logging_mixin.py:190} INFO - [2025-02-07T08:09:36.431+0000] {dag.py:4180} INFO - Setting next_dagrun for example_short_circuit_operator to None, run_after=None
[2025-02-07T08:09:36.448+0000] {processor.py:208} INFO - Processing /home/airflow/.local/lib/python3.12/site-packages/airflow/example_dags/example_short_circuit_operator.py took 0.079 seconds
[2025-02-07T08:10:07.579+0000] {processor.py:186} INFO - Started process (PID=1706) to work on /home/airflow/.local/lib/python3.12/site-packages/airflow/example_dags/example_short_circuit_operator.py
[2025-02-07T08:10:07.581+0000] {processor.py:914} INFO - Processing file /home/airflow/.local/lib/python3.12/site-packages/airflow/example_dags/example_short_circuit_operator.py for tasks to queue
[2025-02-07T08:10:07.584+0000] {logging_mixin.py:190} INFO - [2025-02-07T08:10:07.584+0000] {dagbag.py:588} INFO - Filling up the DagBag from /home/airflow/.local/lib/python3.12/site-packages/airflow/example_dags/example_short_circuit_operator.py
[2025-02-07T08:10:07.591+0000] {processor.py:925} INFO - DAG(s) 'example_short_circuit_operator' retrieved from /home/airflow/.local/lib/python3.12/site-packages/airflow/example_dags/example_short_circuit_operator.py
[2025-02-07T08:10:07.613+0000] {logging_mixin.py:190} INFO - [2025-02-07T08:10:07.613+0000] {dag.py:3239} INFO - Sync 1 DAGs
[2025-02-07T08:10:07.626+0000] {logging_mixin.py:190} INFO - [2025-02-07T08:10:07.626+0000] {dag.py:4180} INFO - Setting next_dagrun for example_short_circuit_operator to None, run_after=None
[2025-02-07T08:10:07.637+0000] {processor.py:208} INFO - Processing /home/airflow/.local/lib/python3.12/site-packages/airflow/example_dags/example_short_circuit_operator.py took 0.064 seconds
[2025-02-07T08:10:37.981+0000] {processor.py:186} INFO - Started process (PID=1791) to work on /home/airflow/.local/lib/python3.12/site-packages/airflow/example_dags/example_short_circuit_operator.py
[2025-02-07T08:10:37.981+0000] {processor.py:914} INFO - Processing file /home/airflow/.local/lib/python3.12/site-packages/airflow/example_dags/example_short_circuit_operator.py for tasks to queue
[2025-02-07T08:10:37.982+0000] {logging_mixin.py:190} INFO - [2025-02-07T08:10:37.982+0000] {dagbag.py:588} INFO - Filling up the DagBag from /home/airflow/.local/lib/python3.12/site-packages/airflow/example_dags/example_short_circuit_operator.py
[2025-02-07T08:10:37.987+0000] {processor.py:925} INFO - DAG(s) 'example_short_circuit_operator' retrieved from /home/airflow/.local/lib/python3.12/site-packages/airflow/example_dags/example_short_circuit_operator.py
[2025-02-07T08:10:38.002+0000] {logging_mixin.py:190} INFO - [2025-02-07T08:10:38.002+0000] {dag.py:3239} INFO - Sync 1 DAGs
[2025-02-07T08:10:38.011+0000] {logging_mixin.py:190} INFO - [2025-02-07T08:10:38.011+0000] {dag.py:4180} INFO - Setting next_dagrun for example_short_circuit_operator to None, run_after=None
[2025-02-07T08:10:38.020+0000] {processor.py:208} INFO - Processing /home/airflow/.local/lib/python3.12/site-packages/airflow/example_dags/example_short_circuit_operator.py took 0.043 seconds
[2025-02-07T08:11:08.480+0000] {processor.py:186} INFO - Started process (PID=1876) to work on /home/airflow/.local/lib/python3.12/site-packages/airflow/example_dags/example_short_circuit_operator.py
[2025-02-07T08:11:08.481+0000] {processor.py:914} INFO - Processing file /home/airflow/.local/lib/python3.12/site-packages/airflow/example_dags/example_short_circuit_operator.py for tasks to queue
[2025-02-07T08:11:08.483+0000] {logging_mixin.py:190} INFO - [2025-02-07T08:11:08.482+0000] {dagbag.py:588} INFO - Filling up the DagBag from /home/airflow/.local/lib/python3.12/site-packages/airflow/example_dags/example_short_circuit_operator.py
[2025-02-07T08:11:08.491+0000] {processor.py:925} INFO - DAG(s) 'example_short_circuit_operator' retrieved from /home/airflow/.local/lib/python3.12/site-packages/airflow/example_dags/example_short_circuit_operator.py
[2025-02-07T08:11:08.512+0000] {logging_mixin.py:190} INFO - [2025-02-07T08:11:08.512+0000] {dag.py:3239} INFO - Sync 1 DAGs
[2025-02-07T08:11:08.521+0000] {logging_mixin.py:190} INFO - [2025-02-07T08:11:08.520+0000] {dag.py:4180} INFO - Setting next_dagrun for example_short_circuit_operator to None, run_after=None
[2025-02-07T08:11:08.534+0000] {processor.py:208} INFO - Processing /home/airflow/.local/lib/python3.12/site-packages/airflow/example_dags/example_short_circuit_operator.py took 0.059 seconds
[2025-02-07T08:11:39.326+0000] {processor.py:186} INFO - Started process (PID=1961) to work on /home/airflow/.local/lib/python3.12/site-packages/airflow/example_dags/example_short_circuit_operator.py
[2025-02-07T08:11:39.327+0000] {processor.py:914} INFO - Processing file /home/airflow/.local/lib/python3.12/site-packages/airflow/example_dags/example_short_circuit_operator.py for tasks to queue
[2025-02-07T08:11:39.328+0000] {logging_mixin.py:190} INFO - [2025-02-07T08:11:39.328+0000] {dagbag.py:588} INFO - Filling up the DagBag from /home/airflow/.local/lib/python3.12/site-packages/airflow/example_dags/example_short_circuit_operator.py
[2025-02-07T08:11:39.333+0000] {processor.py:925} INFO - DAG(s) 'example_short_circuit_operator' retrieved from /home/airflow/.local/lib/python3.12/site-packages/airflow/example_dags/example_short_circuit_operator.py
[2025-02-07T08:11:39.358+0000] {logging_mixin.py:190} INFO - [2025-02-07T08:11:39.358+0000] {dag.py:3239} INFO - Sync 1 DAGs
[2025-02-07T08:11:39.372+0000] {logging_mixin.py:190} INFO - [2025-02-07T08:11:39.372+0000] {dag.py:4180} INFO - Setting next_dagrun for example_short_circuit_operator to None, run_after=None
[2025-02-07T08:11:39.383+0000] {processor.py:208} INFO - Processing /home/airflow/.local/lib/python3.12/site-packages/airflow/example_dags/example_short_circuit_operator.py took 0.060 seconds
[2025-02-07T08:12:09.646+0000] {processor.py:186} INFO - Started process (PID=2046) to work on /home/airflow/.local/lib/python3.12/site-packages/airflow/example_dags/example_short_circuit_operator.py
[2025-02-07T08:12:09.647+0000] {processor.py:914} INFO - Processing file /home/airflow/.local/lib/python3.12/site-packages/airflow/example_dags/example_short_circuit_operator.py for tasks to queue
[2025-02-07T08:12:09.648+0000] {logging_mixin.py:190} INFO - [2025-02-07T08:12:09.648+0000] {dagbag.py:588} INFO - Filling up the DagBag from /home/airflow/.local/lib/python3.12/site-packages/airflow/example_dags/example_short_circuit_operator.py
[2025-02-07T08:12:09.657+0000] {processor.py:925} INFO - DAG(s) 'example_short_circuit_operator' retrieved from /home/airflow/.local/lib/python3.12/site-packages/airflow/example_dags/example_short_circuit_operator.py
[2025-02-07T08:12:09.682+0000] {logging_mixin.py:190} INFO - [2025-02-07T08:12:09.681+0000] {dag.py:3239} INFO - Sync 1 DAGs
[2025-02-07T08:12:09.698+0000] {logging_mixin.py:190} INFO - [2025-02-07T08:12:09.697+0000] {dag.py:4180} INFO - Setting next_dagrun for example_short_circuit_operator to None, run_after=None
[2025-02-07T08:12:09.717+0000] {processor.py:208} INFO - Processing /home/airflow/.local/lib/python3.12/site-packages/airflow/example_dags/example_short_circuit_operator.py took 0.075 seconds
[2025-02-07T08:12:40.149+0000] {processor.py:186} INFO - Started process (PID=2131) to work on /home/airflow/.local/lib/python3.12/site-packages/airflow/example_dags/example_short_circuit_operator.py
[2025-02-07T08:12:40.150+0000] {processor.py:914} INFO - Processing file /home/airflow/.local/lib/python3.12/site-packages/airflow/example_dags/example_short_circuit_operator.py for tasks to queue
[2025-02-07T08:12:40.152+0000] {logging_mixin.py:190} INFO - [2025-02-07T08:12:40.152+0000] {dagbag.py:588} INFO - Filling up the DagBag from /home/airflow/.local/lib/python3.12/site-packages/airflow/example_dags/example_short_circuit_operator.py
[2025-02-07T08:12:40.163+0000] {processor.py:925} INFO - DAG(s) 'example_short_circuit_operator' retrieved from /home/airflow/.local/lib/python3.12/site-packages/airflow/example_dags/example_short_circuit_operator.py
[2025-02-07T08:12:40.185+0000] {logging_mixin.py:190} INFO - [2025-02-07T08:12:40.184+0000] {dag.py:3239} INFO - Sync 1 DAGs
[2025-02-07T08:12:40.192+0000] {logging_mixin.py:190} INFO - [2025-02-07T08:12:40.192+0000] {dag.py:4180} INFO - Setting next_dagrun for example_short_circuit_operator to None, run_after=None
[2025-02-07T08:12:40.205+0000] {processor.py:208} INFO - Processing /home/airflow/.local/lib/python3.12/site-packages/airflow/example_dags/example_short_circuit_operator.py took 0.061 seconds
[2025-02-07T08:13:10.488+0000] {processor.py:186} INFO - Started process (PID=2216) to work on /home/airflow/.local/lib/python3.12/site-packages/airflow/example_dags/example_short_circuit_operator.py
[2025-02-07T08:13:10.489+0000] {processor.py:914} INFO - Processing file /home/airflow/.local/lib/python3.12/site-packages/airflow/example_dags/example_short_circuit_operator.py for tasks to queue
[2025-02-07T08:13:10.490+0000] {logging_mixin.py:190} INFO - [2025-02-07T08:13:10.490+0000] {dagbag.py:588} INFO - Filling up the DagBag from /home/airflow/.local/lib/python3.12/site-packages/airflow/example_dags/example_short_circuit_operator.py
[2025-02-07T08:13:10.495+0000] {processor.py:925} INFO - DAG(s) 'example_short_circuit_operator' retrieved from /home/airflow/.local/lib/python3.12/site-packages/airflow/example_dags/example_short_circuit_operator.py
[2025-02-07T08:13:10.511+0000] {logging_mixin.py:190} INFO - [2025-02-07T08:13:10.511+0000] {dag.py:3239} INFO - Sync 1 DAGs
[2025-02-07T08:13:10.523+0000] {logging_mixin.py:190} INFO - [2025-02-07T08:13:10.523+0000] {dag.py:4180} INFO - Setting next_dagrun for example_short_circuit_operator to None, run_after=None
[2025-02-07T08:13:10.537+0000] {processor.py:208} INFO - Processing /home/airflow/.local/lib/python3.12/site-packages/airflow/example_dags/example_short_circuit_operator.py took 0.053 seconds
[2025-02-07T08:13:41.107+0000] {processor.py:186} INFO - Started process (PID=2301) to work on /home/airflow/.local/lib/python3.12/site-packages/airflow/example_dags/example_short_circuit_operator.py
[2025-02-07T08:13:41.108+0000] {processor.py:914} INFO - Processing file /home/airflow/.local/lib/python3.12/site-packages/airflow/example_dags/example_short_circuit_operator.py for tasks to queue
[2025-02-07T08:13:41.109+0000] {logging_mixin.py:190} INFO - [2025-02-07T08:13:41.109+0000] {dagbag.py:588} INFO - Filling up the DagBag from /home/airflow/.local/lib/python3.12/site-packages/airflow/example_dags/example_short_circuit_operator.py
[2025-02-07T08:13:41.114+0000] {processor.py:925} INFO - DAG(s) 'example_short_circuit_operator' retrieved from /home/airflow/.local/lib/python3.12/site-packages/airflow/example_dags/example_short_circuit_operator.py
[2025-02-07T08:13:41.131+0000] {logging_mixin.py:190} INFO - [2025-02-07T08:13:41.131+0000] {dag.py:3239} INFO - Sync 1 DAGs
[2025-02-07T08:13:41.144+0000] {logging_mixin.py:190} INFO - [2025-02-07T08:13:41.143+0000] {dag.py:4180} INFO - Setting next_dagrun for example_short_circuit_operator to None, run_after=None
[2025-02-07T08:13:41.299+0000] {processor.py:208} INFO - Processing /home/airflow/.local/lib/python3.12/site-packages/airflow/example_dags/example_short_circuit_operator.py took 0.197 seconds
[2025-02-07T08:14:11.966+0000] {processor.py:186} INFO - Started process (PID=2386) to work on /home/airflow/.local/lib/python3.12/site-packages/airflow/example_dags/example_short_circuit_operator.py
[2025-02-07T08:14:11.968+0000] {processor.py:914} INFO - Processing file /home/airflow/.local/lib/python3.12/site-packages/airflow/example_dags/example_short_circuit_operator.py for tasks to queue
[2025-02-07T08:14:11.969+0000] {logging_mixin.py:190} INFO - [2025-02-07T08:14:11.969+0000] {dagbag.py:588} INFO - Filling up the DagBag from /home/airflow/.local/lib/python3.12/site-packages/airflow/example_dags/example_short_circuit_operator.py
[2025-02-07T08:14:11.974+0000] {processor.py:925} INFO - DAG(s) 'example_short_circuit_operator' retrieved from /home/airflow/.local/lib/python3.12/site-packages/airflow/example_dags/example_short_circuit_operator.py
[2025-02-07T08:14:11.989+0000] {logging_mixin.py:190} INFO - [2025-02-07T08:14:11.989+0000] {dag.py:3239} INFO - Sync 1 DAGs
[2025-02-07T08:14:11.998+0000] {logging_mixin.py:190} INFO - [2025-02-07T08:14:11.998+0000] {dag.py:4180} INFO - Setting next_dagrun for example_short_circuit_operator to None, run_after=None
[2025-02-07T08:14:12.141+0000] {processor.py:208} INFO - Processing /home/airflow/.local/lib/python3.12/site-packages/airflow/example_dags/example_short_circuit_operator.py took 0.178 seconds
[2025-02-07T08:14:42.385+0000] {processor.py:186} INFO - Started process (PID=2471) to work on /home/airflow/.local/lib/python3.12/site-packages/airflow/example_dags/example_short_circuit_operator.py
[2025-02-07T08:14:42.386+0000] {processor.py:914} INFO - Processing file /home/airflow/.local/lib/python3.12/site-packages/airflow/example_dags/example_short_circuit_operator.py for tasks to queue
[2025-02-07T08:14:42.389+0000] {logging_mixin.py:190} INFO - [2025-02-07T08:14:42.389+0000] {dagbag.py:588} INFO - Filling up the DagBag from /home/airflow/.local/lib/python3.12/site-packages/airflow/example_dags/example_short_circuit_operator.py
[2025-02-07T08:14:42.399+0000] {processor.py:925} INFO - DAG(s) 'example_short_circuit_operator' retrieved from /home/airflow/.local/lib/python3.12/site-packages/airflow/example_dags/example_short_circuit_operator.py
[2025-02-07T08:14:42.416+0000] {logging_mixin.py:190} INFO - [2025-02-07T08:14:42.416+0000] {dag.py:3239} INFO - Sync 1 DAGs
[2025-02-07T08:14:42.550+0000] {logging_mixin.py:190} INFO - [2025-02-07T08:14:42.550+0000] {dag.py:4180} INFO - Setting next_dagrun for example_short_circuit_operator to None, run_after=None
[2025-02-07T08:14:42.565+0000] {processor.py:208} INFO - Processing /home/airflow/.local/lib/python3.12/site-packages/airflow/example_dags/example_short_circuit_operator.py took 0.185 seconds
[2025-02-07T08:15:13.288+0000] {processor.py:186} INFO - Started process (PID=2556) to work on /home/airflow/.local/lib/python3.12/site-packages/airflow/example_dags/example_short_circuit_operator.py
[2025-02-07T08:15:13.289+0000] {processor.py:914} INFO - Processing file /home/airflow/.local/lib/python3.12/site-packages/airflow/example_dags/example_short_circuit_operator.py for tasks to queue
[2025-02-07T08:15:13.291+0000] {logging_mixin.py:190} INFO - [2025-02-07T08:15:13.291+0000] {dagbag.py:588} INFO - Filling up the DagBag from /home/airflow/.local/lib/python3.12/site-packages/airflow/example_dags/example_short_circuit_operator.py
[2025-02-07T08:15:13.296+0000] {processor.py:925} INFO - DAG(s) 'example_short_circuit_operator' retrieved from /home/airflow/.local/lib/python3.12/site-packages/airflow/example_dags/example_short_circuit_operator.py
[2025-02-07T08:15:13.318+0000] {logging_mixin.py:190} INFO - [2025-02-07T08:15:13.318+0000] {dag.py:3239} INFO - Sync 1 DAGs
[2025-02-07T08:15:13.464+0000] {logging_mixin.py:190} INFO - [2025-02-07T08:15:13.464+0000] {dag.py:4180} INFO - Setting next_dagrun for example_short_circuit_operator to None, run_after=None
[2025-02-07T08:15:13.482+0000] {processor.py:208} INFO - Processing /home/airflow/.local/lib/python3.12/site-packages/airflow/example_dags/example_short_circuit_operator.py took 0.197 seconds
[2025-02-07T08:15:44.722+0000] {processor.py:186} INFO - Started process (PID=2641) to work on /home/airflow/.local/lib/python3.12/site-packages/airflow/example_dags/example_short_circuit_operator.py
[2025-02-07T08:15:44.722+0000] {processor.py:914} INFO - Processing file /home/airflow/.local/lib/python3.12/site-packages/airflow/example_dags/example_short_circuit_operator.py for tasks to queue
[2025-02-07T08:15:44.723+0000] {logging_mixin.py:190} INFO - [2025-02-07T08:15:44.723+0000] {dagbag.py:588} INFO - Filling up the DagBag from /home/airflow/.local/lib/python3.12/site-packages/airflow/example_dags/example_short_circuit_operator.py
[2025-02-07T08:15:44.728+0000] {processor.py:925} INFO - DAG(s) 'example_short_circuit_operator' retrieved from /home/airflow/.local/lib/python3.12/site-packages/airflow/example_dags/example_short_circuit_operator.py
[2025-02-07T08:15:44.748+0000] {logging_mixin.py:190} INFO - [2025-02-07T08:15:44.748+0000] {dag.py:3239} INFO - Sync 1 DAGs
[2025-02-07T08:15:44.892+0000] {logging_mixin.py:190} INFO - [2025-02-07T08:15:44.892+0000] {dag.py:4180} INFO - Setting next_dagrun for example_short_circuit_operator to None, run_after=None
[2025-02-07T08:15:44.908+0000] {processor.py:208} INFO - Processing /home/airflow/.local/lib/python3.12/site-packages/airflow/example_dags/example_short_circuit_operator.py took 0.190 seconds
[2025-02-07T08:16:15.901+0000] {processor.py:186} INFO - Started process (PID=2726) to work on /home/airflow/.local/lib/python3.12/site-packages/airflow/example_dags/example_short_circuit_operator.py
[2025-02-07T08:16:15.904+0000] {processor.py:914} INFO - Processing file /home/airflow/.local/lib/python3.12/site-packages/airflow/example_dags/example_short_circuit_operator.py for tasks to queue
[2025-02-07T08:16:15.906+0000] {logging_mixin.py:190} INFO - [2025-02-07T08:16:15.905+0000] {dagbag.py:588} INFO - Filling up the DagBag from /home/airflow/.local/lib/python3.12/site-packages/airflow/example_dags/example_short_circuit_operator.py
[2025-02-07T08:16:15.910+0000] {processor.py:925} INFO - DAG(s) 'example_short_circuit_operator' retrieved from /home/airflow/.local/lib/python3.12/site-packages/airflow/example_dags/example_short_circuit_operator.py
[2025-02-07T08:16:15.923+0000] {logging_mixin.py:190} INFO - [2025-02-07T08:16:15.923+0000] {dag.py:3239} INFO - Sync 1 DAGs
[2025-02-07T08:16:15.931+0000] {logging_mixin.py:190} INFO - [2025-02-07T08:16:15.931+0000] {dag.py:4180} INFO - Setting next_dagrun for example_short_circuit_operator to None, run_after=None
[2025-02-07T08:16:15.941+0000] {processor.py:208} INFO - Processing /home/airflow/.local/lib/python3.12/site-packages/airflow/example_dags/example_short_circuit_operator.py took 0.046 seconds
[2025-02-07T08:16:46.054+0000] {processor.py:186} INFO - Started process (PID=2811) to work on /home/airflow/.local/lib/python3.12/site-packages/airflow/example_dags/example_short_circuit_operator.py
[2025-02-07T08:16:46.055+0000] {processor.py:914} INFO - Processing file /home/airflow/.local/lib/python3.12/site-packages/airflow/example_dags/example_short_circuit_operator.py for tasks to queue
[2025-02-07T08:16:46.056+0000] {logging_mixin.py:190} INFO - [2025-02-07T08:16:46.056+0000] {dagbag.py:588} INFO - Filling up the DagBag from /home/airflow/.local/lib/python3.12/site-packages/airflow/example_dags/example_short_circuit_operator.py
[2025-02-07T08:16:46.062+0000] {processor.py:925} INFO - DAG(s) 'example_short_circuit_operator' retrieved from /home/airflow/.local/lib/python3.12/site-packages/airflow/example_dags/example_short_circuit_operator.py
[2025-02-07T08:16:46.076+0000] {logging_mixin.py:190} INFO - [2025-02-07T08:16:46.076+0000] {dag.py:3239} INFO - Sync 1 DAGs
[2025-02-07T08:16:46.085+0000] {logging_mixin.py:190} INFO - [2025-02-07T08:16:46.085+0000] {dag.py:4180} INFO - Setting next_dagrun for example_short_circuit_operator to None, run_after=None
[2025-02-07T08:16:46.097+0000] {processor.py:208} INFO - Processing /home/airflow/.local/lib/python3.12/site-packages/airflow/example_dags/example_short_circuit_operator.py took 0.047 seconds
[2025-02-07T08:17:16.758+0000] {processor.py:186} INFO - Started process (PID=2896) to work on /home/airflow/.local/lib/python3.12/site-packages/airflow/example_dags/example_short_circuit_operator.py
[2025-02-07T08:17:16.758+0000] {processor.py:914} INFO - Processing file /home/airflow/.local/lib/python3.12/site-packages/airflow/example_dags/example_short_circuit_operator.py for tasks to queue
[2025-02-07T08:17:16.760+0000] {logging_mixin.py:190} INFO - [2025-02-07T08:17:16.759+0000] {dagbag.py:588} INFO - Filling up the DagBag from /home/airflow/.local/lib/python3.12/site-packages/airflow/example_dags/example_short_circuit_operator.py
[2025-02-07T08:17:16.765+0000] {processor.py:925} INFO - DAG(s) 'example_short_circuit_operator' retrieved from /home/airflow/.local/lib/python3.12/site-packages/airflow/example_dags/example_short_circuit_operator.py
[2025-02-07T08:17:16.780+0000] {logging_mixin.py:190} INFO - [2025-02-07T08:17:16.780+0000] {dag.py:3239} INFO - Sync 1 DAGs
[2025-02-07T08:17:16.791+0000] {logging_mixin.py:190} INFO - [2025-02-07T08:17:16.791+0000] {dag.py:4180} INFO - Setting next_dagrun for example_short_circuit_operator to None, run_after=None
[2025-02-07T08:17:16.802+0000] {processor.py:208} INFO - Processing /home/airflow/.local/lib/python3.12/site-packages/airflow/example_dags/example_short_circuit_operator.py took 0.051 seconds
[2025-02-07T08:17:47.567+0000] {processor.py:186} INFO - Started process (PID=2981) to work on /home/airflow/.local/lib/python3.12/site-packages/airflow/example_dags/example_short_circuit_operator.py
[2025-02-07T08:17:47.567+0000] {processor.py:914} INFO - Processing file /home/airflow/.local/lib/python3.12/site-packages/airflow/example_dags/example_short_circuit_operator.py for tasks to queue
[2025-02-07T08:17:47.569+0000] {logging_mixin.py:190} INFO - [2025-02-07T08:17:47.568+0000] {dagbag.py:588} INFO - Filling up the DagBag from /home/airflow/.local/lib/python3.12/site-packages/airflow/example_dags/example_short_circuit_operator.py
[2025-02-07T08:17:47.574+0000] {processor.py:925} INFO - DAG(s) 'example_short_circuit_operator' retrieved from /home/airflow/.local/lib/python3.12/site-packages/airflow/example_dags/example_short_circuit_operator.py
[2025-02-07T08:17:47.595+0000] {logging_mixin.py:190} INFO - [2025-02-07T08:17:47.595+0000] {dag.py:3239} INFO - Sync 1 DAGs
[2025-02-07T08:17:47.603+0000] {logging_mixin.py:190} INFO - [2025-02-07T08:17:47.603+0000] {dag.py:4180} INFO - Setting next_dagrun for example_short_circuit_operator to None, run_after=None
[2025-02-07T08:17:47.614+0000] {processor.py:208} INFO - Processing /home/airflow/.local/lib/python3.12/site-packages/airflow/example_dags/example_short_circuit_operator.py took 0.051 seconds
[2025-02-07T08:18:18.304+0000] {processor.py:186} INFO - Started process (PID=3066) to work on /home/airflow/.local/lib/python3.12/site-packages/airflow/example_dags/example_short_circuit_operator.py
[2025-02-07T08:18:18.305+0000] {processor.py:914} INFO - Processing file /home/airflow/.local/lib/python3.12/site-packages/airflow/example_dags/example_short_circuit_operator.py for tasks to queue
[2025-02-07T08:18:18.306+0000] {logging_mixin.py:190} INFO - [2025-02-07T08:18:18.306+0000] {dagbag.py:588} INFO - Filling up the DagBag from /home/airflow/.local/lib/python3.12/site-packages/airflow/example_dags/example_short_circuit_operator.py
[2025-02-07T08:18:18.311+0000] {processor.py:925} INFO - DAG(s) 'example_short_circuit_operator' retrieved from /home/airflow/.local/lib/python3.12/site-packages/airflow/example_dags/example_short_circuit_operator.py
[2025-02-07T08:18:18.329+0000] {logging_mixin.py:190} INFO - [2025-02-07T08:18:18.329+0000] {dag.py:3239} INFO - Sync 1 DAGs
[2025-02-07T08:18:18.338+0000] {logging_mixin.py:190} INFO - [2025-02-07T08:18:18.338+0000] {dag.py:4180} INFO - Setting next_dagrun for example_short_circuit_operator to None, run_after=None
[2025-02-07T08:18:18.348+0000] {processor.py:208} INFO - Processing /home/airflow/.local/lib/python3.12/site-packages/airflow/example_dags/example_short_circuit_operator.py took 0.049 seconds
[2025-02-07T08:18:49.227+0000] {processor.py:186} INFO - Started process (PID=3151) to work on /home/airflow/.local/lib/python3.12/site-packages/airflow/example_dags/example_short_circuit_operator.py
[2025-02-07T08:18:49.228+0000] {processor.py:914} INFO - Processing file /home/airflow/.local/lib/python3.12/site-packages/airflow/example_dags/example_short_circuit_operator.py for tasks to queue
[2025-02-07T08:18:49.229+0000] {logging_mixin.py:190} INFO - [2025-02-07T08:18:49.229+0000] {dagbag.py:588} INFO - Filling up the DagBag from /home/airflow/.local/lib/python3.12/site-packages/airflow/example_dags/example_short_circuit_operator.py
[2025-02-07T08:18:49.237+0000] {processor.py:925} INFO - DAG(s) 'example_short_circuit_operator' retrieved from /home/airflow/.local/lib/python3.12/site-packages/airflow/example_dags/example_short_circuit_operator.py
[2025-02-07T08:18:49.260+0000] {logging_mixin.py:190} INFO - [2025-02-07T08:18:49.260+0000] {dag.py:3239} INFO - Sync 1 DAGs
[2025-02-07T08:18:49.277+0000] {logging_mixin.py:190} INFO - [2025-02-07T08:18:49.277+0000] {dag.py:4180} INFO - Setting next_dagrun for example_short_circuit_operator to None, run_after=None
[2025-02-07T08:18:49.288+0000] {processor.py:208} INFO - Processing /home/airflow/.local/lib/python3.12/site-packages/airflow/example_dags/example_short_circuit_operator.py took 0.068 seconds
[2025-02-07T08:19:19.546+0000] {processor.py:186} INFO - Started process (PID=3236) to work on /home/airflow/.local/lib/python3.12/site-packages/airflow/example_dags/example_short_circuit_operator.py
[2025-02-07T08:19:19.547+0000] {processor.py:914} INFO - Processing file /home/airflow/.local/lib/python3.12/site-packages/airflow/example_dags/example_short_circuit_operator.py for tasks to queue
[2025-02-07T08:19:19.549+0000] {logging_mixin.py:190} INFO - [2025-02-07T08:19:19.548+0000] {dagbag.py:588} INFO - Filling up the DagBag from /home/airflow/.local/lib/python3.12/site-packages/airflow/example_dags/example_short_circuit_operator.py
[2025-02-07T08:19:19.561+0000] {processor.py:925} INFO - DAG(s) 'example_short_circuit_operator' retrieved from /home/airflow/.local/lib/python3.12/site-packages/airflow/example_dags/example_short_circuit_operator.py
[2025-02-07T08:19:19.587+0000] {logging_mixin.py:190} INFO - [2025-02-07T08:19:19.587+0000] {dag.py:3239} INFO - Sync 1 DAGs
[2025-02-07T08:19:19.601+0000] {logging_mixin.py:190} INFO - [2025-02-07T08:19:19.601+0000] {dag.py:4180} INFO - Setting next_dagrun for example_short_circuit_operator to None, run_after=None
[2025-02-07T08:19:19.617+0000] {processor.py:208} INFO - Processing /home/airflow/.local/lib/python3.12/site-packages/airflow/example_dags/example_short_circuit_operator.py took 0.078 seconds
[2025-02-07T08:19:49.649+0000] {processor.py:186} INFO - Started process (PID=3321) to work on /home/airflow/.local/lib/python3.12/site-packages/airflow/example_dags/example_short_circuit_operator.py
[2025-02-07T08:19:49.650+0000] {processor.py:914} INFO - Processing file /home/airflow/.local/lib/python3.12/site-packages/airflow/example_dags/example_short_circuit_operator.py for tasks to queue
[2025-02-07T08:19:49.652+0000] {logging_mixin.py:190} INFO - [2025-02-07T08:19:49.652+0000] {dagbag.py:588} INFO - Filling up the DagBag from /home/airflow/.local/lib/python3.12/site-packages/airflow/example_dags/example_short_circuit_operator.py
[2025-02-07T08:19:49.661+0000] {processor.py:925} INFO - DAG(s) 'example_short_circuit_operator' retrieved from /home/airflow/.local/lib/python3.12/site-packages/airflow/example_dags/example_short_circuit_operator.py
[2025-02-07T08:19:49.679+0000] {logging_mixin.py:190} INFO - [2025-02-07T08:19:49.679+0000] {dag.py:3239} INFO - Sync 1 DAGs
[2025-02-07T08:19:49.687+0000] {logging_mixin.py:190} INFO - [2025-02-07T08:19:49.687+0000] {dag.py:4180} INFO - Setting next_dagrun for example_short_circuit_operator to None, run_after=None
[2025-02-07T08:19:49.697+0000] {processor.py:208} INFO - Processing /home/airflow/.local/lib/python3.12/site-packages/airflow/example_dags/example_short_circuit_operator.py took 0.054 seconds
[2025-02-07T08:20:20.413+0000] {processor.py:186} INFO - Started process (PID=3406) to work on /home/airflow/.local/lib/python3.12/site-packages/airflow/example_dags/example_short_circuit_operator.py
[2025-02-07T08:20:20.414+0000] {processor.py:914} INFO - Processing file /home/airflow/.local/lib/python3.12/site-packages/airflow/example_dags/example_short_circuit_operator.py for tasks to queue
[2025-02-07T08:20:20.416+0000] {logging_mixin.py:190} INFO - [2025-02-07T08:20:20.415+0000] {dagbag.py:588} INFO - Filling up the DagBag from /home/airflow/.local/lib/python3.12/site-packages/airflow/example_dags/example_short_circuit_operator.py
[2025-02-07T08:20:20.421+0000] {processor.py:925} INFO - DAG(s) 'example_short_circuit_operator' retrieved from /home/airflow/.local/lib/python3.12/site-packages/airflow/example_dags/example_short_circuit_operator.py
[2025-02-07T08:20:20.434+0000] {logging_mixin.py:190} INFO - [2025-02-07T08:20:20.434+0000] {dag.py:3239} INFO - Sync 1 DAGs
[2025-02-07T08:20:20.442+0000] {logging_mixin.py:190} INFO - [2025-02-07T08:20:20.442+0000] {dag.py:4180} INFO - Setting next_dagrun for example_short_circuit_operator to None, run_after=None
[2025-02-07T08:20:20.453+0000] {processor.py:208} INFO - Processing /home/airflow/.local/lib/python3.12/site-packages/airflow/example_dags/example_short_circuit_operator.py took 0.045 seconds
