[2025-02-07T08:00:26.054+0000] {processor.py:186} INFO - Started process (PID=103) to work on /home/airflow/.local/lib/python3.12/site-packages/airflow/example_dags/example_xcomargs.py
[2025-02-07T08:00:26.055+0000] {processor.py:914} INFO - Processing file /home/airflow/.local/lib/python3.12/site-packages/airflow/example_dags/example_xcomargs.py for tasks to queue
[2025-02-07T08:00:26.057+0000] {logging_mixin.py:190} INFO - [2025-02-07T08:00:26.056+0000] {dagbag.py:588} INFO - Filling up the DagBag from /home/airflow/.local/lib/python3.12/site-packages/airflow/example_dags/example_xcomargs.py
[2025-02-07T08:00:26.065+0000] {processor.py:925} INFO - DAG(s) 'example_xcom_args', 'example_xcom_args_with_operators' retrieved from /home/airflow/.local/lib/python3.12/site-packages/airflow/example_dags/example_xcomargs.py
[2025-02-07T08:00:26.094+0000] {logging_mixin.py:190} INFO - [2025-02-07T08:00:26.094+0000] {dag.py:3239} INFO - Sync 2 DAGs
[2025-02-07T08:00:26.106+0000] {logging_mixin.py:190} INFO - [2025-02-07T08:00:26.106+0000] {dag.py:4180} INFO - Setting next_dagrun for example_xcom_args to None, run_after=None
[2025-02-07T08:00:26.109+0000] {logging_mixin.py:190} INFO - [2025-02-07T08:00:26.109+0000] {dag.py:4180} INFO - Setting next_dagrun for example_xcom_args_with_operators to None, run_after=None
[2025-02-07T08:00:26.156+0000] {processor.py:208} INFO - Processing /home/airflow/.local/lib/python3.12/site-packages/airflow/example_dags/example_xcomargs.py took 0.106 seconds
[2025-02-07T08:00:56.813+0000] {processor.py:186} INFO - Started process (PID=196) to work on /home/airflow/.local/lib/python3.12/site-packages/airflow/example_dags/example_xcomargs.py
[2025-02-07T08:00:56.814+0000] {processor.py:914} INFO - Processing file /home/airflow/.local/lib/python3.12/site-packages/airflow/example_dags/example_xcomargs.py for tasks to queue
[2025-02-07T08:00:56.816+0000] {logging_mixin.py:190} INFO - [2025-02-07T08:00:56.816+0000] {dagbag.py:588} INFO - Filling up the DagBag from /home/airflow/.local/lib/python3.12/site-packages/airflow/example_dags/example_xcomargs.py
[2025-02-07T08:00:56.824+0000] {processor.py:925} INFO - DAG(s) 'example_xcom_args_with_operators', 'example_xcom_args' retrieved from /home/airflow/.local/lib/python3.12/site-packages/airflow/example_dags/example_xcomargs.py
[2025-02-07T08:00:56.844+0000] {logging_mixin.py:190} INFO - [2025-02-07T08:00:56.844+0000] {dag.py:3239} INFO - Sync 2 DAGs
[2025-02-07T08:00:56.856+0000] {logging_mixin.py:190} INFO - [2025-02-07T08:00:56.856+0000] {dag.py:4180} INFO - Setting next_dagrun for example_xcom_args to None, run_after=None
[2025-02-07T08:00:56.859+0000] {logging_mixin.py:190} INFO - [2025-02-07T08:00:56.859+0000] {dag.py:4180} INFO - Setting next_dagrun for example_xcom_args_with_operators to None, run_after=None
[2025-02-07T08:00:56.870+0000] {processor.py:208} INFO - Processing /home/airflow/.local/lib/python3.12/site-packages/airflow/example_dags/example_xcomargs.py took 0.064 seconds
[2025-02-07T08:01:27.217+0000] {processor.py:186} INFO - Started process (PID=259) to work on /home/airflow/.local/lib/python3.12/site-packages/airflow/example_dags/example_xcomargs.py
[2025-02-07T08:01:27.219+0000] {processor.py:914} INFO - Processing file /home/airflow/.local/lib/python3.12/site-packages/airflow/example_dags/example_xcomargs.py for tasks to queue
[2025-02-07T08:01:27.220+0000] {logging_mixin.py:190} INFO - [2025-02-07T08:01:27.220+0000] {dagbag.py:588} INFO - Filling up the DagBag from /home/airflow/.local/lib/python3.12/site-packages/airflow/example_dags/example_xcomargs.py
[2025-02-07T08:01:27.226+0000] {processor.py:925} INFO - DAG(s) 'example_xcom_args_with_operators', 'example_xcom_args' retrieved from /home/airflow/.local/lib/python3.12/site-packages/airflow/example_dags/example_xcomargs.py
[2025-02-07T08:01:27.248+0000] {logging_mixin.py:190} INFO - [2025-02-07T08:01:27.247+0000] {dag.py:3239} INFO - Sync 2 DAGs
[2025-02-07T08:01:27.260+0000] {logging_mixin.py:190} INFO - [2025-02-07T08:01:27.260+0000] {dag.py:4180} INFO - Setting next_dagrun for example_xcom_args to None, run_after=None
[2025-02-07T08:01:27.264+0000] {logging_mixin.py:190} INFO - [2025-02-07T08:01:27.264+0000] {dag.py:4180} INFO - Setting next_dagrun for example_xcom_args_with_operators to None, run_after=None
[2025-02-07T08:01:27.279+0000] {processor.py:208} INFO - Processing /home/airflow/.local/lib/python3.12/site-packages/airflow/example_dags/example_xcomargs.py took 0.066 seconds
[2025-02-07T08:01:58.037+0000] {processor.py:186} INFO - Started process (PID=344) to work on /home/airflow/.local/lib/python3.12/site-packages/airflow/example_dags/example_xcomargs.py
[2025-02-07T08:01:58.038+0000] {processor.py:914} INFO - Processing file /home/airflow/.local/lib/python3.12/site-packages/airflow/example_dags/example_xcomargs.py for tasks to queue
[2025-02-07T08:01:58.039+0000] {logging_mixin.py:190} INFO - [2025-02-07T08:01:58.039+0000] {dagbag.py:588} INFO - Filling up the DagBag from /home/airflow/.local/lib/python3.12/site-packages/airflow/example_dags/example_xcomargs.py
[2025-02-07T08:01:58.046+0000] {processor.py:925} INFO - DAG(s) 'example_xcom_args', 'example_xcom_args_with_operators' retrieved from /home/airflow/.local/lib/python3.12/site-packages/airflow/example_dags/example_xcomargs.py
[2025-02-07T08:01:58.061+0000] {logging_mixin.py:190} INFO - [2025-02-07T08:01:58.061+0000] {dag.py:3239} INFO - Sync 2 DAGs
[2025-02-07T08:01:58.070+0000] {logging_mixin.py:190} INFO - [2025-02-07T08:01:58.070+0000] {dag.py:4180} INFO - Setting next_dagrun for example_xcom_args to None, run_after=None
[2025-02-07T08:01:58.072+0000] {logging_mixin.py:190} INFO - [2025-02-07T08:01:58.072+0000] {dag.py:4180} INFO - Setting next_dagrun for example_xcom_args_with_operators to None, run_after=None
[2025-02-07T08:01:58.080+0000] {processor.py:208} INFO - Processing /home/airflow/.local/lib/python3.12/site-packages/airflow/example_dags/example_xcomargs.py took 0.047 seconds
[2025-02-07T08:02:29.031+0000] {processor.py:186} INFO - Started process (PID=429) to work on /home/airflow/.local/lib/python3.12/site-packages/airflow/example_dags/example_xcomargs.py
[2025-02-07T08:02:29.032+0000] {processor.py:914} INFO - Processing file /home/airflow/.local/lib/python3.12/site-packages/airflow/example_dags/example_xcomargs.py for tasks to queue
[2025-02-07T08:02:29.033+0000] {logging_mixin.py:190} INFO - [2025-02-07T08:02:29.033+0000] {dagbag.py:588} INFO - Filling up the DagBag from /home/airflow/.local/lib/python3.12/site-packages/airflow/example_dags/example_xcomargs.py
[2025-02-07T08:02:29.039+0000] {processor.py:925} INFO - DAG(s) 'example_xcom_args', 'example_xcom_args_with_operators' retrieved from /home/airflow/.local/lib/python3.12/site-packages/airflow/example_dags/example_xcomargs.py
[2025-02-07T08:02:29.057+0000] {logging_mixin.py:190} INFO - [2025-02-07T08:02:29.056+0000] {dag.py:3239} INFO - Sync 2 DAGs
[2025-02-07T08:02:29.068+0000] {logging_mixin.py:190} INFO - [2025-02-07T08:02:29.068+0000] {dag.py:4180} INFO - Setting next_dagrun for example_xcom_args to None, run_after=None
[2025-02-07T08:02:29.072+0000] {logging_mixin.py:190} INFO - [2025-02-07T08:02:29.071+0000] {dag.py:4180} INFO - Setting next_dagrun for example_xcom_args_with_operators to None, run_after=None
[2025-02-07T08:02:29.084+0000] {processor.py:208} INFO - Processing /home/airflow/.local/lib/python3.12/site-packages/airflow/example_dags/example_xcomargs.py took 0.056 seconds
[2025-02-07T08:02:59.531+0000] {processor.py:186} INFO - Started process (PID=514) to work on /home/airflow/.local/lib/python3.12/site-packages/airflow/example_dags/example_xcomargs.py
[2025-02-07T08:02:59.531+0000] {processor.py:914} INFO - Processing file /home/airflow/.local/lib/python3.12/site-packages/airflow/example_dags/example_xcomargs.py for tasks to queue
[2025-02-07T08:02:59.533+0000] {logging_mixin.py:190} INFO - [2025-02-07T08:02:59.532+0000] {dagbag.py:588} INFO - Filling up the DagBag from /home/airflow/.local/lib/python3.12/site-packages/airflow/example_dags/example_xcomargs.py
[2025-02-07T08:02:59.539+0000] {processor.py:925} INFO - DAG(s) 'example_xcom_args_with_operators', 'example_xcom_args' retrieved from /home/airflow/.local/lib/python3.12/site-packages/airflow/example_dags/example_xcomargs.py
[2025-02-07T08:02:59.563+0000] {logging_mixin.py:190} INFO - [2025-02-07T08:02:59.562+0000] {dag.py:3239} INFO - Sync 2 DAGs
[2025-02-07T08:02:59.572+0000] {logging_mixin.py:190} INFO - [2025-02-07T08:02:59.572+0000] {dag.py:4180} INFO - Setting next_dagrun for example_xcom_args to None, run_after=None
[2025-02-07T08:02:59.574+0000] {logging_mixin.py:190} INFO - [2025-02-07T08:02:59.574+0000] {dag.py:4180} INFO - Setting next_dagrun for example_xcom_args_with_operators to None, run_after=None
[2025-02-07T08:02:59.584+0000] {processor.py:208} INFO - Processing /home/airflow/.local/lib/python3.12/site-packages/airflow/example_dags/example_xcomargs.py took 0.056 seconds
[2025-02-07T08:03:29.777+0000] {processor.py:186} INFO - Started process (PID=599) to work on /home/airflow/.local/lib/python3.12/site-packages/airflow/example_dags/example_xcomargs.py
[2025-02-07T08:03:29.777+0000] {processor.py:914} INFO - Processing file /home/airflow/.local/lib/python3.12/site-packages/airflow/example_dags/example_xcomargs.py for tasks to queue
[2025-02-07T08:03:29.779+0000] {logging_mixin.py:190} INFO - [2025-02-07T08:03:29.778+0000] {dagbag.py:588} INFO - Filling up the DagBag from /home/airflow/.local/lib/python3.12/site-packages/airflow/example_dags/example_xcomargs.py
[2025-02-07T08:03:29.785+0000] {processor.py:925} INFO - DAG(s) 'example_xcom_args_with_operators', 'example_xcom_args' retrieved from /home/airflow/.local/lib/python3.12/site-packages/airflow/example_dags/example_xcomargs.py
[2025-02-07T08:03:29.807+0000] {logging_mixin.py:190} INFO - [2025-02-07T08:03:29.806+0000] {dag.py:3239} INFO - Sync 2 DAGs
[2025-02-07T08:03:29.820+0000] {logging_mixin.py:190} INFO - [2025-02-07T08:03:29.820+0000] {dag.py:4180} INFO - Setting next_dagrun for example_xcom_args to None, run_after=None
[2025-02-07T08:03:29.823+0000] {logging_mixin.py:190} INFO - [2025-02-07T08:03:29.823+0000] {dag.py:4180} INFO - Setting next_dagrun for example_xcom_args_with_operators to None, run_after=None
[2025-02-07T08:03:29.837+0000] {processor.py:208} INFO - Processing /home/airflow/.local/lib/python3.12/site-packages/airflow/example_dags/example_xcomargs.py took 0.064 seconds
[2025-02-07T08:04:00.732+0000] {processor.py:186} INFO - Started process (PID=684) to work on /home/airflow/.local/lib/python3.12/site-packages/airflow/example_dags/example_xcomargs.py
[2025-02-07T08:04:00.733+0000] {processor.py:914} INFO - Processing file /home/airflow/.local/lib/python3.12/site-packages/airflow/example_dags/example_xcomargs.py for tasks to queue
[2025-02-07T08:04:00.735+0000] {logging_mixin.py:190} INFO - [2025-02-07T08:04:00.735+0000] {dagbag.py:588} INFO - Filling up the DagBag from /home/airflow/.local/lib/python3.12/site-packages/airflow/example_dags/example_xcomargs.py
[2025-02-07T08:04:00.743+0000] {processor.py:925} INFO - DAG(s) 'example_xcom_args_with_operators', 'example_xcom_args' retrieved from /home/airflow/.local/lib/python3.12/site-packages/airflow/example_dags/example_xcomargs.py
[2025-02-07T08:04:00.761+0000] {logging_mixin.py:190} INFO - [2025-02-07T08:04:00.761+0000] {dag.py:3239} INFO - Sync 2 DAGs
[2025-02-07T08:04:00.775+0000] {logging_mixin.py:190} INFO - [2025-02-07T08:04:00.775+0000] {dag.py:4180} INFO - Setting next_dagrun for example_xcom_args to None, run_after=None
[2025-02-07T08:04:00.778+0000] {logging_mixin.py:190} INFO - [2025-02-07T08:04:00.778+0000] {dag.py:4180} INFO - Setting next_dagrun for example_xcom_args_with_operators to None, run_after=None
[2025-02-07T08:04:00.796+0000] {processor.py:208} INFO - Processing /home/airflow/.local/lib/python3.12/site-packages/airflow/example_dags/example_xcomargs.py took 0.069 seconds
[2025-02-07T08:04:30.851+0000] {processor.py:186} INFO - Started process (PID=769) to work on /home/airflow/.local/lib/python3.12/site-packages/airflow/example_dags/example_xcomargs.py
[2025-02-07T08:04:30.851+0000] {processor.py:914} INFO - Processing file /home/airflow/.local/lib/python3.12/site-packages/airflow/example_dags/example_xcomargs.py for tasks to queue
[2025-02-07T08:04:30.853+0000] {logging_mixin.py:190} INFO - [2025-02-07T08:04:30.852+0000] {dagbag.py:588} INFO - Filling up the DagBag from /home/airflow/.local/lib/python3.12/site-packages/airflow/example_dags/example_xcomargs.py
[2025-02-07T08:04:30.858+0000] {processor.py:925} INFO - DAG(s) 'example_xcom_args_with_operators', 'example_xcom_args' retrieved from /home/airflow/.local/lib/python3.12/site-packages/airflow/example_dags/example_xcomargs.py
[2025-02-07T08:04:30.872+0000] {logging_mixin.py:190} INFO - [2025-02-07T08:04:30.872+0000] {dag.py:3239} INFO - Sync 2 DAGs
[2025-02-07T08:04:30.880+0000] {logging_mixin.py:190} INFO - [2025-02-07T08:04:30.879+0000] {dag.py:4180} INFO - Setting next_dagrun for example_xcom_args to None, run_after=None
[2025-02-07T08:04:30.882+0000] {logging_mixin.py:190} INFO - [2025-02-07T08:04:30.881+0000] {dag.py:4180} INFO - Setting next_dagrun for example_xcom_args_with_operators to None, run_after=None
[2025-02-07T08:04:30.893+0000] {processor.py:208} INFO - Processing /home/airflow/.local/lib/python3.12/site-packages/airflow/example_dags/example_xcomargs.py took 0.045 seconds
[2025-02-07T08:05:01.084+0000] {processor.py:186} INFO - Started process (PID=854) to work on /home/airflow/.local/lib/python3.12/site-packages/airflow/example_dags/example_xcomargs.py
[2025-02-07T08:05:01.085+0000] {processor.py:914} INFO - Processing file /home/airflow/.local/lib/python3.12/site-packages/airflow/example_dags/example_xcomargs.py for tasks to queue
[2025-02-07T08:05:01.086+0000] {logging_mixin.py:190} INFO - [2025-02-07T08:05:01.086+0000] {dagbag.py:588} INFO - Filling up the DagBag from /home/airflow/.local/lib/python3.12/site-packages/airflow/example_dags/example_xcomargs.py
[2025-02-07T08:05:01.092+0000] {processor.py:925} INFO - DAG(s) 'example_xcom_args', 'example_xcom_args_with_operators' retrieved from /home/airflow/.local/lib/python3.12/site-packages/airflow/example_dags/example_xcomargs.py
[2025-02-07T08:05:01.110+0000] {logging_mixin.py:190} INFO - [2025-02-07T08:05:01.110+0000] {dag.py:3239} INFO - Sync 2 DAGs
[2025-02-07T08:05:01.126+0000] {logging_mixin.py:190} INFO - [2025-02-07T08:05:01.125+0000] {dag.py:4180} INFO - Setting next_dagrun for example_xcom_args to None, run_after=None
[2025-02-07T08:05:01.129+0000] {logging_mixin.py:190} INFO - [2025-02-07T08:05:01.129+0000] {dag.py:4180} INFO - Setting next_dagrun for example_xcom_args_with_operators to None, run_after=None
[2025-02-07T08:05:01.138+0000] {processor.py:208} INFO - Processing /home/airflow/.local/lib/python3.12/site-packages/airflow/example_dags/example_xcomargs.py took 0.058 seconds
[2025-02-07T08:05:31.394+0000] {processor.py:186} INFO - Started process (PID=939) to work on /home/airflow/.local/lib/python3.12/site-packages/airflow/example_dags/example_xcomargs.py
[2025-02-07T08:05:31.395+0000] {processor.py:914} INFO - Processing file /home/airflow/.local/lib/python3.12/site-packages/airflow/example_dags/example_xcomargs.py for tasks to queue
[2025-02-07T08:05:31.397+0000] {logging_mixin.py:190} INFO - [2025-02-07T08:05:31.397+0000] {dagbag.py:588} INFO - Filling up the DagBag from /home/airflow/.local/lib/python3.12/site-packages/airflow/example_dags/example_xcomargs.py
[2025-02-07T08:05:31.405+0000] {processor.py:925} INFO - DAG(s) 'example_xcom_args_with_operators', 'example_xcom_args' retrieved from /home/airflow/.local/lib/python3.12/site-packages/airflow/example_dags/example_xcomargs.py
[2025-02-07T08:05:31.431+0000] {logging_mixin.py:190} INFO - [2025-02-07T08:05:31.430+0000] {dag.py:3239} INFO - Sync 2 DAGs
[2025-02-07T08:05:31.444+0000] {logging_mixin.py:190} INFO - [2025-02-07T08:05:31.444+0000] {dag.py:4180} INFO - Setting next_dagrun for example_xcom_args to None, run_after=None
[2025-02-07T08:05:31.446+0000] {logging_mixin.py:190} INFO - [2025-02-07T08:05:31.446+0000] {dag.py:4180} INFO - Setting next_dagrun for example_xcom_args_with_operators to None, run_after=None
[2025-02-07T08:05:31.459+0000] {processor.py:208} INFO - Processing /home/airflow/.local/lib/python3.12/site-packages/airflow/example_dags/example_xcomargs.py took 0.069 seconds
[2025-02-07T08:06:02.013+0000] {processor.py:186} INFO - Started process (PID=1024) to work on /home/airflow/.local/lib/python3.12/site-packages/airflow/example_dags/example_xcomargs.py
[2025-02-07T08:06:02.013+0000] {processor.py:914} INFO - Processing file /home/airflow/.local/lib/python3.12/site-packages/airflow/example_dags/example_xcomargs.py for tasks to queue
[2025-02-07T08:06:02.014+0000] {logging_mixin.py:190} INFO - [2025-02-07T08:06:02.014+0000] {dagbag.py:588} INFO - Filling up the DagBag from /home/airflow/.local/lib/python3.12/site-packages/airflow/example_dags/example_xcomargs.py
[2025-02-07T08:06:02.020+0000] {processor.py:925} INFO - DAG(s) 'example_xcom_args', 'example_xcom_args_with_operators' retrieved from /home/airflow/.local/lib/python3.12/site-packages/airflow/example_dags/example_xcomargs.py
[2025-02-07T08:06:02.034+0000] {logging_mixin.py:190} INFO - [2025-02-07T08:06:02.034+0000] {dag.py:3239} INFO - Sync 2 DAGs
[2025-02-07T08:06:02.042+0000] {logging_mixin.py:190} INFO - [2025-02-07T08:06:02.041+0000] {dag.py:4180} INFO - Setting next_dagrun for example_xcom_args to None, run_after=None
[2025-02-07T08:06:02.044+0000] {logging_mixin.py:190} INFO - [2025-02-07T08:06:02.043+0000] {dag.py:4180} INFO - Setting next_dagrun for example_xcom_args_with_operators to None, run_after=None
[2025-02-07T08:06:02.053+0000] {processor.py:208} INFO - Processing /home/airflow/.local/lib/python3.12/site-packages/airflow/example_dags/example_xcomargs.py took 0.043 seconds
[2025-02-07T08:06:32.914+0000] {processor.py:186} INFO - Started process (PID=1109) to work on /home/airflow/.local/lib/python3.12/site-packages/airflow/example_dags/example_xcomargs.py
[2025-02-07T08:06:32.915+0000] {processor.py:914} INFO - Processing file /home/airflow/.local/lib/python3.12/site-packages/airflow/example_dags/example_xcomargs.py for tasks to queue
[2025-02-07T08:06:32.917+0000] {logging_mixin.py:190} INFO - [2025-02-07T08:06:32.916+0000] {dagbag.py:588} INFO - Filling up the DagBag from /home/airflow/.local/lib/python3.12/site-packages/airflow/example_dags/example_xcomargs.py
[2025-02-07T08:06:32.928+0000] {processor.py:925} INFO - DAG(s) 'example_xcom_args_with_operators', 'example_xcom_args' retrieved from /home/airflow/.local/lib/python3.12/site-packages/airflow/example_dags/example_xcomargs.py
[2025-02-07T08:06:32.957+0000] {logging_mixin.py:190} INFO - [2025-02-07T08:06:32.956+0000] {dag.py:3239} INFO - Sync 2 DAGs
[2025-02-07T08:06:32.968+0000] {logging_mixin.py:190} INFO - [2025-02-07T08:06:32.968+0000] {dag.py:4180} INFO - Setting next_dagrun for example_xcom_args to None, run_after=None
[2025-02-07T08:06:32.972+0000] {logging_mixin.py:190} INFO - [2025-02-07T08:06:32.972+0000] {dag.py:4180} INFO - Setting next_dagrun for example_xcom_args_with_operators to None, run_after=None
[2025-02-07T08:06:32.991+0000] {processor.py:208} INFO - Processing /home/airflow/.local/lib/python3.12/site-packages/airflow/example_dags/example_xcomargs.py took 0.080 seconds
[2025-02-07T08:07:03.088+0000] {processor.py:186} INFO - Started process (PID=1195) to work on /home/airflow/.local/lib/python3.12/site-packages/airflow/example_dags/example_xcomargs.py
[2025-02-07T08:07:03.089+0000] {processor.py:914} INFO - Processing file /home/airflow/.local/lib/python3.12/site-packages/airflow/example_dags/example_xcomargs.py for tasks to queue
[2025-02-07T08:07:03.090+0000] {logging_mixin.py:190} INFO - [2025-02-07T08:07:03.090+0000] {dagbag.py:588} INFO - Filling up the DagBag from /home/airflow/.local/lib/python3.12/site-packages/airflow/example_dags/example_xcomargs.py
[2025-02-07T08:07:03.098+0000] {processor.py:925} INFO - DAG(s) 'example_xcom_args', 'example_xcom_args_with_operators' retrieved from /home/airflow/.local/lib/python3.12/site-packages/airflow/example_dags/example_xcomargs.py
[2025-02-07T08:07:03.117+0000] {logging_mixin.py:190} INFO - [2025-02-07T08:07:03.117+0000] {dag.py:3239} INFO - Sync 2 DAGs
[2025-02-07T08:07:03.125+0000] {logging_mixin.py:190} INFO - [2025-02-07T08:07:03.125+0000] {dag.py:4180} INFO - Setting next_dagrun for example_xcom_args to None, run_after=None
[2025-02-07T08:07:03.127+0000] {logging_mixin.py:190} INFO - [2025-02-07T08:07:03.127+0000] {dag.py:4180} INFO - Setting next_dagrun for example_xcom_args_with_operators to None, run_after=None
[2025-02-07T08:07:03.136+0000] {processor.py:208} INFO - Processing /home/airflow/.local/lib/python3.12/site-packages/airflow/example_dags/example_xcomargs.py took 0.052 seconds
[2025-02-07T08:07:33.863+0000] {processor.py:186} INFO - Started process (PID=1279) to work on /home/airflow/.local/lib/python3.12/site-packages/airflow/example_dags/example_xcomargs.py
[2025-02-07T08:07:33.864+0000] {processor.py:914} INFO - Processing file /home/airflow/.local/lib/python3.12/site-packages/airflow/example_dags/example_xcomargs.py for tasks to queue
[2025-02-07T08:07:33.865+0000] {logging_mixin.py:190} INFO - [2025-02-07T08:07:33.865+0000] {dagbag.py:588} INFO - Filling up the DagBag from /home/airflow/.local/lib/python3.12/site-packages/airflow/example_dags/example_xcomargs.py
[2025-02-07T08:07:33.871+0000] {processor.py:925} INFO - DAG(s) 'example_xcom_args_with_operators', 'example_xcom_args' retrieved from /home/airflow/.local/lib/python3.12/site-packages/airflow/example_dags/example_xcomargs.py
[2025-02-07T08:07:33.884+0000] {logging_mixin.py:190} INFO - [2025-02-07T08:07:33.884+0000] {dag.py:3239} INFO - Sync 2 DAGs
[2025-02-07T08:07:33.892+0000] {logging_mixin.py:190} INFO - [2025-02-07T08:07:33.892+0000] {dag.py:4180} INFO - Setting next_dagrun for example_xcom_args to None, run_after=None
[2025-02-07T08:07:33.895+0000] {logging_mixin.py:190} INFO - [2025-02-07T08:07:33.894+0000] {dag.py:4180} INFO - Setting next_dagrun for example_xcom_args_with_operators to None, run_after=None
[2025-02-07T08:07:33.902+0000] {processor.py:208} INFO - Processing /home/airflow/.local/lib/python3.12/site-packages/airflow/example_dags/example_xcomargs.py took 0.043 seconds
[2025-02-07T08:08:04.403+0000] {processor.py:186} INFO - Started process (PID=1364) to work on /home/airflow/.local/lib/python3.12/site-packages/airflow/example_dags/example_xcomargs.py
[2025-02-07T08:08:04.404+0000] {processor.py:914} INFO - Processing file /home/airflow/.local/lib/python3.12/site-packages/airflow/example_dags/example_xcomargs.py for tasks to queue
[2025-02-07T08:08:04.405+0000] {logging_mixin.py:190} INFO - [2025-02-07T08:08:04.405+0000] {dagbag.py:588} INFO - Filling up the DagBag from /home/airflow/.local/lib/python3.12/site-packages/airflow/example_dags/example_xcomargs.py
[2025-02-07T08:08:04.413+0000] {processor.py:925} INFO - DAG(s) 'example_xcom_args', 'example_xcom_args_with_operators' retrieved from /home/airflow/.local/lib/python3.12/site-packages/airflow/example_dags/example_xcomargs.py
[2025-02-07T08:08:04.429+0000] {logging_mixin.py:190} INFO - [2025-02-07T08:08:04.429+0000] {dag.py:3239} INFO - Sync 2 DAGs
[2025-02-07T08:08:04.437+0000] {logging_mixin.py:190} INFO - [2025-02-07T08:08:04.437+0000] {dag.py:4180} INFO - Setting next_dagrun for example_xcom_args to None, run_after=None
[2025-02-07T08:08:04.439+0000] {logging_mixin.py:190} INFO - [2025-02-07T08:08:04.439+0000] {dag.py:4180} INFO - Setting next_dagrun for example_xcom_args_with_operators to None, run_after=None
[2025-02-07T08:08:04.448+0000] {processor.py:208} INFO - Processing /home/airflow/.local/lib/python3.12/site-packages/airflow/example_dags/example_xcomargs.py took 0.048 seconds
[2025-02-07T08:08:35.070+0000] {processor.py:186} INFO - Started process (PID=1449) to work on /home/airflow/.local/lib/python3.12/site-packages/airflow/example_dags/example_xcomargs.py
[2025-02-07T08:08:35.071+0000] {processor.py:914} INFO - Processing file /home/airflow/.local/lib/python3.12/site-packages/airflow/example_dags/example_xcomargs.py for tasks to queue
[2025-02-07T08:08:35.073+0000] {logging_mixin.py:190} INFO - [2025-02-07T08:08:35.072+0000] {dagbag.py:588} INFO - Filling up the DagBag from /home/airflow/.local/lib/python3.12/site-packages/airflow/example_dags/example_xcomargs.py
[2025-02-07T08:08:35.083+0000] {processor.py:925} INFO - DAG(s) 'example_xcom_args_with_operators', 'example_xcom_args' retrieved from /home/airflow/.local/lib/python3.12/site-packages/airflow/example_dags/example_xcomargs.py
[2025-02-07T08:08:35.102+0000] {logging_mixin.py:190} INFO - [2025-02-07T08:08:35.102+0000] {dag.py:3239} INFO - Sync 2 DAGs
[2025-02-07T08:08:35.113+0000] {logging_mixin.py:190} INFO - [2025-02-07T08:08:35.113+0000] {dag.py:4180} INFO - Setting next_dagrun for example_xcom_args to None, run_after=None
[2025-02-07T08:08:35.115+0000] {logging_mixin.py:190} INFO - [2025-02-07T08:08:35.115+0000] {dag.py:4180} INFO - Setting next_dagrun for example_xcom_args_with_operators to None, run_after=None
[2025-02-07T08:08:35.123+0000] {processor.py:208} INFO - Processing /home/airflow/.local/lib/python3.12/site-packages/airflow/example_dags/example_xcomargs.py took 0.059 seconds
[2025-02-07T08:09:05.419+0000] {processor.py:186} INFO - Started process (PID=1534) to work on /home/airflow/.local/lib/python3.12/site-packages/airflow/example_dags/example_xcomargs.py
[2025-02-07T08:09:05.420+0000] {processor.py:914} INFO - Processing file /home/airflow/.local/lib/python3.12/site-packages/airflow/example_dags/example_xcomargs.py for tasks to queue
[2025-02-07T08:09:05.421+0000] {logging_mixin.py:190} INFO - [2025-02-07T08:09:05.421+0000] {dagbag.py:588} INFO - Filling up the DagBag from /home/airflow/.local/lib/python3.12/site-packages/airflow/example_dags/example_xcomargs.py
[2025-02-07T08:09:05.427+0000] {processor.py:925} INFO - DAG(s) 'example_xcom_args', 'example_xcom_args_with_operators' retrieved from /home/airflow/.local/lib/python3.12/site-packages/airflow/example_dags/example_xcomargs.py
[2025-02-07T08:09:05.448+0000] {logging_mixin.py:190} INFO - [2025-02-07T08:09:05.448+0000] {dag.py:3239} INFO - Sync 2 DAGs
[2025-02-07T08:09:05.462+0000] {logging_mixin.py:190} INFO - [2025-02-07T08:09:05.462+0000] {dag.py:4180} INFO - Setting next_dagrun for example_xcom_args to None, run_after=None
[2025-02-07T08:09:05.466+0000] {logging_mixin.py:190} INFO - [2025-02-07T08:09:05.466+0000] {dag.py:4180} INFO - Setting next_dagrun for example_xcom_args_with_operators to None, run_after=None
[2025-02-07T08:09:05.481+0000] {processor.py:208} INFO - Processing /home/airflow/.local/lib/python3.12/site-packages/airflow/example_dags/example_xcomargs.py took 0.067 seconds
[2025-02-07T08:09:36.233+0000] {processor.py:186} INFO - Started process (PID=1619) to work on /home/airflow/.local/lib/python3.12/site-packages/airflow/example_dags/example_xcomargs.py
[2025-02-07T08:09:36.234+0000] {processor.py:914} INFO - Processing file /home/airflow/.local/lib/python3.12/site-packages/airflow/example_dags/example_xcomargs.py for tasks to queue
[2025-02-07T08:09:36.235+0000] {logging_mixin.py:190} INFO - [2025-02-07T08:09:36.235+0000] {dagbag.py:588} INFO - Filling up the DagBag from /home/airflow/.local/lib/python3.12/site-packages/airflow/example_dags/example_xcomargs.py
[2025-02-07T08:09:36.243+0000] {processor.py:925} INFO - DAG(s) 'example_xcom_args_with_operators', 'example_xcom_args' retrieved from /home/airflow/.local/lib/python3.12/site-packages/airflow/example_dags/example_xcomargs.py
[2025-02-07T08:09:36.261+0000] {logging_mixin.py:190} INFO - [2025-02-07T08:09:36.261+0000] {dag.py:3239} INFO - Sync 2 DAGs
[2025-02-07T08:09:36.269+0000] {logging_mixin.py:190} INFO - [2025-02-07T08:09:36.268+0000] {dag.py:4180} INFO - Setting next_dagrun for example_xcom_args to None, run_after=None
[2025-02-07T08:09:36.271+0000] {logging_mixin.py:190} INFO - [2025-02-07T08:09:36.270+0000] {dag.py:4180} INFO - Setting next_dagrun for example_xcom_args_with_operators to None, run_after=None
[2025-02-07T08:09:36.280+0000] {processor.py:208} INFO - Processing /home/airflow/.local/lib/python3.12/site-packages/airflow/example_dags/example_xcomargs.py took 0.053 seconds
[2025-02-07T08:10:07.400+0000] {processor.py:186} INFO - Started process (PID=1704) to work on /home/airflow/.local/lib/python3.12/site-packages/airflow/example_dags/example_xcomargs.py
[2025-02-07T08:10:07.401+0000] {processor.py:914} INFO - Processing file /home/airflow/.local/lib/python3.12/site-packages/airflow/example_dags/example_xcomargs.py for tasks to queue
[2025-02-07T08:10:07.402+0000] {logging_mixin.py:190} INFO - [2025-02-07T08:10:07.402+0000] {dagbag.py:588} INFO - Filling up the DagBag from /home/airflow/.local/lib/python3.12/site-packages/airflow/example_dags/example_xcomargs.py
[2025-02-07T08:10:07.407+0000] {processor.py:925} INFO - DAG(s) 'example_xcom_args_with_operators', 'example_xcom_args' retrieved from /home/airflow/.local/lib/python3.12/site-packages/airflow/example_dags/example_xcomargs.py
[2025-02-07T08:10:07.430+0000] {logging_mixin.py:190} INFO - [2025-02-07T08:10:07.430+0000] {dag.py:3239} INFO - Sync 2 DAGs
[2025-02-07T08:10:07.443+0000] {logging_mixin.py:190} INFO - [2025-02-07T08:10:07.443+0000] {dag.py:4180} INFO - Setting next_dagrun for example_xcom_args to None, run_after=None
[2025-02-07T08:10:07.446+0000] {logging_mixin.py:190} INFO - [2025-02-07T08:10:07.446+0000] {dag.py:4180} INFO - Setting next_dagrun for example_xcom_args_with_operators to None, run_after=None
[2025-02-07T08:10:07.462+0000] {processor.py:208} INFO - Processing /home/airflow/.local/lib/python3.12/site-packages/airflow/example_dags/example_xcomargs.py took 0.066 seconds
[2025-02-07T08:10:37.898+0000] {processor.py:186} INFO - Started process (PID=1789) to work on /home/airflow/.local/lib/python3.12/site-packages/airflow/example_dags/example_xcomargs.py
[2025-02-07T08:10:37.899+0000] {processor.py:914} INFO - Processing file /home/airflow/.local/lib/python3.12/site-packages/airflow/example_dags/example_xcomargs.py for tasks to queue
[2025-02-07T08:10:37.900+0000] {logging_mixin.py:190} INFO - [2025-02-07T08:10:37.900+0000] {dagbag.py:588} INFO - Filling up the DagBag from /home/airflow/.local/lib/python3.12/site-packages/airflow/example_dags/example_xcomargs.py
[2025-02-07T08:10:37.906+0000] {processor.py:925} INFO - DAG(s) 'example_xcom_args_with_operators', 'example_xcom_args' retrieved from /home/airflow/.local/lib/python3.12/site-packages/airflow/example_dags/example_xcomargs.py
[2025-02-07T08:10:37.929+0000] {logging_mixin.py:190} INFO - [2025-02-07T08:10:37.928+0000] {dag.py:3239} INFO - Sync 2 DAGs
[2025-02-07T08:10:37.944+0000] {logging_mixin.py:190} INFO - [2025-02-07T08:10:37.944+0000] {dag.py:4180} INFO - Setting next_dagrun for example_xcom_args to None, run_after=None
[2025-02-07T08:10:37.947+0000] {logging_mixin.py:190} INFO - [2025-02-07T08:10:37.947+0000] {dag.py:4180} INFO - Setting next_dagrun for example_xcom_args_with_operators to None, run_after=None
[2025-02-07T08:10:37.964+0000] {processor.py:208} INFO - Processing /home/airflow/.local/lib/python3.12/site-packages/airflow/example_dags/example_xcomargs.py took 0.069 seconds
[2025-02-07T08:11:08.420+0000] {processor.py:186} INFO - Started process (PID=1874) to work on /home/airflow/.local/lib/python3.12/site-packages/airflow/example_dags/example_xcomargs.py
[2025-02-07T08:11:08.421+0000] {processor.py:914} INFO - Processing file /home/airflow/.local/lib/python3.12/site-packages/airflow/example_dags/example_xcomargs.py for tasks to queue
[2025-02-07T08:11:08.422+0000] {logging_mixin.py:190} INFO - [2025-02-07T08:11:08.422+0000] {dagbag.py:588} INFO - Filling up the DagBag from /home/airflow/.local/lib/python3.12/site-packages/airflow/example_dags/example_xcomargs.py
[2025-02-07T08:11:08.428+0000] {processor.py:925} INFO - DAG(s) 'example_xcom_args', 'example_xcom_args_with_operators' retrieved from /home/airflow/.local/lib/python3.12/site-packages/airflow/example_dags/example_xcomargs.py
[2025-02-07T08:11:08.442+0000] {logging_mixin.py:190} INFO - [2025-02-07T08:11:08.441+0000] {dag.py:3239} INFO - Sync 2 DAGs
[2025-02-07T08:11:08.450+0000] {logging_mixin.py:190} INFO - [2025-02-07T08:11:08.449+0000] {dag.py:4180} INFO - Setting next_dagrun for example_xcom_args to None, run_after=None
[2025-02-07T08:11:08.452+0000] {logging_mixin.py:190} INFO - [2025-02-07T08:11:08.452+0000] {dag.py:4180} INFO - Setting next_dagrun for example_xcom_args_with_operators to None, run_after=None
[2025-02-07T08:11:08.461+0000] {processor.py:208} INFO - Processing /home/airflow/.local/lib/python3.12/site-packages/airflow/example_dags/example_xcomargs.py took 0.047 seconds
[2025-02-07T08:11:39.262+0000] {processor.py:186} INFO - Started process (PID=1959) to work on /home/airflow/.local/lib/python3.12/site-packages/airflow/example_dags/example_xcomargs.py
[2025-02-07T08:11:39.262+0000] {processor.py:914} INFO - Processing file /home/airflow/.local/lib/python3.12/site-packages/airflow/example_dags/example_xcomargs.py for tasks to queue
[2025-02-07T08:11:39.264+0000] {logging_mixin.py:190} INFO - [2025-02-07T08:11:39.264+0000] {dagbag.py:588} INFO - Filling up the DagBag from /home/airflow/.local/lib/python3.12/site-packages/airflow/example_dags/example_xcomargs.py
[2025-02-07T08:11:39.270+0000] {processor.py:925} INFO - DAG(s) 'example_xcom_args_with_operators', 'example_xcom_args' retrieved from /home/airflow/.local/lib/python3.12/site-packages/airflow/example_dags/example_xcomargs.py
[2025-02-07T08:11:39.284+0000] {logging_mixin.py:190} INFO - [2025-02-07T08:11:39.284+0000] {dag.py:3239} INFO - Sync 2 DAGs
[2025-02-07T08:11:39.293+0000] {logging_mixin.py:190} INFO - [2025-02-07T08:11:39.293+0000] {dag.py:4180} INFO - Setting next_dagrun for example_xcom_args to None, run_after=None
[2025-02-07T08:11:39.295+0000] {logging_mixin.py:190} INFO - [2025-02-07T08:11:39.295+0000] {dag.py:4180} INFO - Setting next_dagrun for example_xcom_args_with_operators to None, run_after=None
[2025-02-07T08:11:39.306+0000] {processor.py:208} INFO - Processing /home/airflow/.local/lib/python3.12/site-packages/airflow/example_dags/example_xcomargs.py took 0.048 seconds
[2025-02-07T08:12:09.551+0000] {processor.py:186} INFO - Started process (PID=2044) to work on /home/airflow/.local/lib/python3.12/site-packages/airflow/example_dags/example_xcomargs.py
[2025-02-07T08:12:09.552+0000] {processor.py:914} INFO - Processing file /home/airflow/.local/lib/python3.12/site-packages/airflow/example_dags/example_xcomargs.py for tasks to queue
[2025-02-07T08:12:09.554+0000] {logging_mixin.py:190} INFO - [2025-02-07T08:12:09.554+0000] {dagbag.py:588} INFO - Filling up the DagBag from /home/airflow/.local/lib/python3.12/site-packages/airflow/example_dags/example_xcomargs.py
[2025-02-07T08:12:09.564+0000] {processor.py:925} INFO - DAG(s) 'example_xcom_args_with_operators', 'example_xcom_args' retrieved from /home/airflow/.local/lib/python3.12/site-packages/airflow/example_dags/example_xcomargs.py
[2025-02-07T08:12:09.593+0000] {logging_mixin.py:190} INFO - [2025-02-07T08:12:09.593+0000] {dag.py:3239} INFO - Sync 2 DAGs
[2025-02-07T08:12:09.609+0000] {logging_mixin.py:190} INFO - [2025-02-07T08:12:09.609+0000] {dag.py:4180} INFO - Setting next_dagrun for example_xcom_args to None, run_after=None
[2025-02-07T08:12:09.614+0000] {logging_mixin.py:190} INFO - [2025-02-07T08:12:09.614+0000] {dag.py:4180} INFO - Setting next_dagrun for example_xcom_args_with_operators to None, run_after=None
[2025-02-07T08:12:09.628+0000] {processor.py:208} INFO - Processing /home/airflow/.local/lib/python3.12/site-packages/airflow/example_dags/example_xcomargs.py took 0.083 seconds
[2025-02-07T08:12:40.018+0000] {processor.py:186} INFO - Started process (PID=2129) to work on /home/airflow/.local/lib/python3.12/site-packages/airflow/example_dags/example_xcomargs.py
[2025-02-07T08:12:40.019+0000] {processor.py:914} INFO - Processing file /home/airflow/.local/lib/python3.12/site-packages/airflow/example_dags/example_xcomargs.py for tasks to queue
[2025-02-07T08:12:40.020+0000] {logging_mixin.py:190} INFO - [2025-02-07T08:12:40.020+0000] {dagbag.py:588} INFO - Filling up the DagBag from /home/airflow/.local/lib/python3.12/site-packages/airflow/example_dags/example_xcomargs.py
[2025-02-07T08:12:40.026+0000] {processor.py:925} INFO - DAG(s) 'example_xcom_args_with_operators', 'example_xcom_args' retrieved from /home/airflow/.local/lib/python3.12/site-packages/airflow/example_dags/example_xcomargs.py
[2025-02-07T08:12:40.045+0000] {logging_mixin.py:190} INFO - [2025-02-07T08:12:40.045+0000] {dag.py:3239} INFO - Sync 2 DAGs
[2025-02-07T08:12:40.059+0000] {logging_mixin.py:190} INFO - [2025-02-07T08:12:40.059+0000] {dag.py:4180} INFO - Setting next_dagrun for example_xcom_args to None, run_after=None
[2025-02-07T08:12:40.061+0000] {logging_mixin.py:190} INFO - [2025-02-07T08:12:40.061+0000] {dag.py:4180} INFO - Setting next_dagrun for example_xcom_args_with_operators to None, run_after=None
[2025-02-07T08:12:40.073+0000] {processor.py:208} INFO - Processing /home/airflow/.local/lib/python3.12/site-packages/airflow/example_dags/example_xcomargs.py took 0.060 seconds
[2025-02-07T08:13:10.341+0000] {processor.py:186} INFO - Started process (PID=2214) to work on /home/airflow/.local/lib/python3.12/site-packages/airflow/example_dags/example_xcomargs.py
[2025-02-07T08:13:10.344+0000] {processor.py:914} INFO - Processing file /home/airflow/.local/lib/python3.12/site-packages/airflow/example_dags/example_xcomargs.py for tasks to queue
[2025-02-07T08:13:10.345+0000] {logging_mixin.py:190} INFO - [2025-02-07T08:13:10.345+0000] {dagbag.py:588} INFO - Filling up the DagBag from /home/airflow/.local/lib/python3.12/site-packages/airflow/example_dags/example_xcomargs.py
[2025-02-07T08:13:10.351+0000] {processor.py:925} INFO - DAG(s) 'example_xcom_args', 'example_xcom_args_with_operators' retrieved from /home/airflow/.local/lib/python3.12/site-packages/airflow/example_dags/example_xcomargs.py
[2025-02-07T08:13:10.373+0000] {logging_mixin.py:190} INFO - [2025-02-07T08:13:10.373+0000] {dag.py:3239} INFO - Sync 2 DAGs
[2025-02-07T08:13:10.385+0000] {logging_mixin.py:190} INFO - [2025-02-07T08:13:10.384+0000] {dag.py:4180} INFO - Setting next_dagrun for example_xcom_args to None, run_after=None
[2025-02-07T08:13:10.388+0000] {logging_mixin.py:190} INFO - [2025-02-07T08:13:10.388+0000] {dag.py:4180} INFO - Setting next_dagrun for example_xcom_args_with_operators to None, run_after=None
[2025-02-07T08:13:10.515+0000] {processor.py:208} INFO - Processing /home/airflow/.local/lib/python3.12/site-packages/airflow/example_dags/example_xcomargs.py took 0.177 seconds
[2025-02-07T08:13:40.896+0000] {processor.py:186} INFO - Started process (PID=2299) to work on /home/airflow/.local/lib/python3.12/site-packages/airflow/example_dags/example_xcomargs.py
[2025-02-07T08:13:40.897+0000] {processor.py:914} INFO - Processing file /home/airflow/.local/lib/python3.12/site-packages/airflow/example_dags/example_xcomargs.py for tasks to queue
[2025-02-07T08:13:40.898+0000] {logging_mixin.py:190} INFO - [2025-02-07T08:13:40.898+0000] {dagbag.py:588} INFO - Filling up the DagBag from /home/airflow/.local/lib/python3.12/site-packages/airflow/example_dags/example_xcomargs.py
[2025-02-07T08:13:40.904+0000] {processor.py:925} INFO - DAG(s) 'example_xcom_args_with_operators', 'example_xcom_args' retrieved from /home/airflow/.local/lib/python3.12/site-packages/airflow/example_dags/example_xcomargs.py
[2025-02-07T08:13:40.924+0000] {logging_mixin.py:190} INFO - [2025-02-07T08:13:40.924+0000] {dag.py:3239} INFO - Sync 2 DAGs
[2025-02-07T08:13:40.938+0000] {logging_mixin.py:190} INFO - [2025-02-07T08:13:40.938+0000] {dag.py:4180} INFO - Setting next_dagrun for example_xcom_args to None, run_after=None
[2025-02-07T08:13:40.940+0000] {logging_mixin.py:190} INFO - [2025-02-07T08:13:40.940+0000] {dag.py:4180} INFO - Setting next_dagrun for example_xcom_args_with_operators to None, run_after=None
[2025-02-07T08:13:41.081+0000] {processor.py:208} INFO - Processing /home/airflow/.local/lib/python3.12/site-packages/airflow/example_dags/example_xcomargs.py took 0.188 seconds
[2025-02-07T08:14:11.769+0000] {processor.py:186} INFO - Started process (PID=2384) to work on /home/airflow/.local/lib/python3.12/site-packages/airflow/example_dags/example_xcomargs.py
[2025-02-07T08:14:11.770+0000] {processor.py:914} INFO - Processing file /home/airflow/.local/lib/python3.12/site-packages/airflow/example_dags/example_xcomargs.py for tasks to queue
[2025-02-07T08:14:11.772+0000] {logging_mixin.py:190} INFO - [2025-02-07T08:14:11.772+0000] {dagbag.py:588} INFO - Filling up the DagBag from /home/airflow/.local/lib/python3.12/site-packages/airflow/example_dags/example_xcomargs.py
[2025-02-07T08:14:11.781+0000] {processor.py:925} INFO - DAG(s) 'example_xcom_args_with_operators', 'example_xcom_args' retrieved from /home/airflow/.local/lib/python3.12/site-packages/airflow/example_dags/example_xcomargs.py
[2025-02-07T08:14:11.800+0000] {logging_mixin.py:190} INFO - [2025-02-07T08:14:11.800+0000] {dag.py:3239} INFO - Sync 2 DAGs
[2025-02-07T08:14:11.813+0000] {logging_mixin.py:190} INFO - [2025-02-07T08:14:11.813+0000] {dag.py:4180} INFO - Setting next_dagrun for example_xcom_args to None, run_after=None
[2025-02-07T08:14:11.816+0000] {logging_mixin.py:190} INFO - [2025-02-07T08:14:11.816+0000] {dag.py:4180} INFO - Setting next_dagrun for example_xcom_args_with_operators to None, run_after=None
[2025-02-07T08:14:11.948+0000] {processor.py:208} INFO - Processing /home/airflow/.local/lib/python3.12/site-packages/airflow/example_dags/example_xcomargs.py took 0.184 seconds
[2025-02-07T08:14:42.159+0000] {processor.py:186} INFO - Started process (PID=2469) to work on /home/airflow/.local/lib/python3.12/site-packages/airflow/example_dags/example_xcomargs.py
[2025-02-07T08:14:42.160+0000] {processor.py:914} INFO - Processing file /home/airflow/.local/lib/python3.12/site-packages/airflow/example_dags/example_xcomargs.py for tasks to queue
[2025-02-07T08:14:42.162+0000] {logging_mixin.py:190} INFO - [2025-02-07T08:14:42.162+0000] {dagbag.py:588} INFO - Filling up the DagBag from /home/airflow/.local/lib/python3.12/site-packages/airflow/example_dags/example_xcomargs.py
[2025-02-07T08:14:42.170+0000] {processor.py:925} INFO - DAG(s) 'example_xcom_args', 'example_xcom_args_with_operators' retrieved from /home/airflow/.local/lib/python3.12/site-packages/airflow/example_dags/example_xcomargs.py
[2025-02-07T08:14:42.201+0000] {logging_mixin.py:190} INFO - [2025-02-07T08:14:42.200+0000] {dag.py:3239} INFO - Sync 2 DAGs
[2025-02-07T08:14:42.336+0000] {logging_mixin.py:190} INFO - [2025-02-07T08:14:42.335+0000] {dag.py:4180} INFO - Setting next_dagrun for example_xcom_args to None, run_after=None
[2025-02-07T08:14:42.338+0000] {logging_mixin.py:190} INFO - [2025-02-07T08:14:42.338+0000] {dag.py:4180} INFO - Setting next_dagrun for example_xcom_args_with_operators to None, run_after=None
[2025-02-07T08:14:42.350+0000] {processor.py:208} INFO - Processing /home/airflow/.local/lib/python3.12/site-packages/airflow/example_dags/example_xcomargs.py took 0.198 seconds
[2025-02-07T08:15:13.100+0000] {processor.py:186} INFO - Started process (PID=2554) to work on /home/airflow/.local/lib/python3.12/site-packages/airflow/example_dags/example_xcomargs.py
[2025-02-07T08:15:13.101+0000] {processor.py:914} INFO - Processing file /home/airflow/.local/lib/python3.12/site-packages/airflow/example_dags/example_xcomargs.py for tasks to queue
[2025-02-07T08:15:13.103+0000] {logging_mixin.py:190} INFO - [2025-02-07T08:15:13.102+0000] {dagbag.py:588} INFO - Filling up the DagBag from /home/airflow/.local/lib/python3.12/site-packages/airflow/example_dags/example_xcomargs.py
[2025-02-07T08:15:13.109+0000] {processor.py:925} INFO - DAG(s) 'example_xcom_args', 'example_xcom_args_with_operators' retrieved from /home/airflow/.local/lib/python3.12/site-packages/airflow/example_dags/example_xcomargs.py
[2025-02-07T08:15:13.124+0000] {logging_mixin.py:190} INFO - [2025-02-07T08:15:13.124+0000] {dag.py:3239} INFO - Sync 2 DAGs
[2025-02-07T08:15:13.252+0000] {logging_mixin.py:190} INFO - [2025-02-07T08:15:13.252+0000] {dag.py:4180} INFO - Setting next_dagrun for example_xcom_args to None, run_after=None
[2025-02-07T08:15:13.255+0000] {logging_mixin.py:190} INFO - [2025-02-07T08:15:13.255+0000] {dag.py:4180} INFO - Setting next_dagrun for example_xcom_args_with_operators to None, run_after=None
[2025-02-07T08:15:13.269+0000] {processor.py:208} INFO - Processing /home/airflow/.local/lib/python3.12/site-packages/airflow/example_dags/example_xcomargs.py took 0.172 seconds
[2025-02-07T08:15:44.535+0000] {processor.py:186} INFO - Started process (PID=2639) to work on /home/airflow/.local/lib/python3.12/site-packages/airflow/example_dags/example_xcomargs.py
[2025-02-07T08:15:44.536+0000] {processor.py:914} INFO - Processing file /home/airflow/.local/lib/python3.12/site-packages/airflow/example_dags/example_xcomargs.py for tasks to queue
[2025-02-07T08:15:44.538+0000] {logging_mixin.py:190} INFO - [2025-02-07T08:15:44.538+0000] {dagbag.py:588} INFO - Filling up the DagBag from /home/airflow/.local/lib/python3.12/site-packages/airflow/example_dags/example_xcomargs.py
[2025-02-07T08:15:44.546+0000] {processor.py:925} INFO - DAG(s) 'example_xcom_args_with_operators', 'example_xcom_args' retrieved from /home/airflow/.local/lib/python3.12/site-packages/airflow/example_dags/example_xcomargs.py
[2025-02-07T08:15:44.559+0000] {logging_mixin.py:190} INFO - [2025-02-07T08:15:44.558+0000] {dag.py:3239} INFO - Sync 2 DAGs
[2025-02-07T08:15:44.686+0000] {logging_mixin.py:190} INFO - [2025-02-07T08:15:44.686+0000] {dag.py:4180} INFO - Setting next_dagrun for example_xcom_args to None, run_after=None
[2025-02-07T08:15:44.689+0000] {logging_mixin.py:190} INFO - [2025-02-07T08:15:44.689+0000] {dag.py:4180} INFO - Setting next_dagrun for example_xcom_args_with_operators to None, run_after=None
[2025-02-07T08:15:44.701+0000] {processor.py:208} INFO - Processing /home/airflow/.local/lib/python3.12/site-packages/airflow/example_dags/example_xcomargs.py took 0.172 seconds
[2025-02-07T08:16:14.802+0000] {processor.py:186} INFO - Started process (PID=2724) to work on /home/airflow/.local/lib/python3.12/site-packages/airflow/example_dags/example_xcomargs.py
[2025-02-07T08:16:14.802+0000] {processor.py:914} INFO - Processing file /home/airflow/.local/lib/python3.12/site-packages/airflow/example_dags/example_xcomargs.py for tasks to queue
[2025-02-07T08:16:14.804+0000] {logging_mixin.py:190} INFO - [2025-02-07T08:16:14.803+0000] {dagbag.py:588} INFO - Filling up the DagBag from /home/airflow/.local/lib/python3.12/site-packages/airflow/example_dags/example_xcomargs.py
[2025-02-07T08:16:14.810+0000] {processor.py:925} INFO - DAG(s) 'example_xcom_args', 'example_xcom_args_with_operators' retrieved from /home/airflow/.local/lib/python3.12/site-packages/airflow/example_dags/example_xcomargs.py
[2025-02-07T08:16:14.831+0000] {logging_mixin.py:190} INFO - [2025-02-07T08:16:14.831+0000] {dag.py:3239} INFO - Sync 2 DAGs
[2025-02-07T08:16:14.846+0000] {logging_mixin.py:190} INFO - [2025-02-07T08:16:14.846+0000] {dag.py:4180} INFO - Setting next_dagrun for example_xcom_args to None, run_after=None
[2025-02-07T08:16:14.848+0000] {logging_mixin.py:190} INFO - [2025-02-07T08:16:14.848+0000] {dag.py:4180} INFO - Setting next_dagrun for example_xcom_args_with_operators to None, run_after=None
[2025-02-07T08:16:14.865+0000] {processor.py:208} INFO - Processing /home/airflow/.local/lib/python3.12/site-packages/airflow/example_dags/example_xcomargs.py took 0.066 seconds
[2025-02-07T08:16:45.984+0000] {processor.py:186} INFO - Started process (PID=2809) to work on /home/airflow/.local/lib/python3.12/site-packages/airflow/example_dags/example_xcomargs.py
[2025-02-07T08:16:45.985+0000] {processor.py:914} INFO - Processing file /home/airflow/.local/lib/python3.12/site-packages/airflow/example_dags/example_xcomargs.py for tasks to queue
[2025-02-07T08:16:45.987+0000] {logging_mixin.py:190} INFO - [2025-02-07T08:16:45.987+0000] {dagbag.py:588} INFO - Filling up the DagBag from /home/airflow/.local/lib/python3.12/site-packages/airflow/example_dags/example_xcomargs.py
[2025-02-07T08:16:45.996+0000] {processor.py:925} INFO - DAG(s) 'example_xcom_args_with_operators', 'example_xcom_args' retrieved from /home/airflow/.local/lib/python3.12/site-packages/airflow/example_dags/example_xcomargs.py
[2025-02-07T08:16:46.010+0000] {logging_mixin.py:190} INFO - [2025-02-07T08:16:46.010+0000] {dag.py:3239} INFO - Sync 2 DAGs
[2025-02-07T08:16:46.019+0000] {logging_mixin.py:190} INFO - [2025-02-07T08:16:46.019+0000] {dag.py:4180} INFO - Setting next_dagrun for example_xcom_args to None, run_after=None
[2025-02-07T08:16:46.021+0000] {logging_mixin.py:190} INFO - [2025-02-07T08:16:46.021+0000] {dag.py:4180} INFO - Setting next_dagrun for example_xcom_args_with_operators to None, run_after=None
[2025-02-07T08:16:46.029+0000] {processor.py:208} INFO - Processing /home/airflow/.local/lib/python3.12/site-packages/airflow/example_dags/example_xcomargs.py took 0.052 seconds
[2025-02-07T08:17:16.686+0000] {processor.py:186} INFO - Started process (PID=2894) to work on /home/airflow/.local/lib/python3.12/site-packages/airflow/example_dags/example_xcomargs.py
[2025-02-07T08:17:16.686+0000] {processor.py:914} INFO - Processing file /home/airflow/.local/lib/python3.12/site-packages/airflow/example_dags/example_xcomargs.py for tasks to queue
[2025-02-07T08:17:16.688+0000] {logging_mixin.py:190} INFO - [2025-02-07T08:17:16.688+0000] {dagbag.py:588} INFO - Filling up the DagBag from /home/airflow/.local/lib/python3.12/site-packages/airflow/example_dags/example_xcomargs.py
[2025-02-07T08:17:16.694+0000] {processor.py:925} INFO - DAG(s) 'example_xcom_args_with_operators', 'example_xcom_args' retrieved from /home/airflow/.local/lib/python3.12/site-packages/airflow/example_dags/example_xcomargs.py
[2025-02-07T08:17:16.711+0000] {logging_mixin.py:190} INFO - [2025-02-07T08:17:16.711+0000] {dag.py:3239} INFO - Sync 2 DAGs
[2025-02-07T08:17:16.721+0000] {logging_mixin.py:190} INFO - [2025-02-07T08:17:16.721+0000] {dag.py:4180} INFO - Setting next_dagrun for example_xcom_args to None, run_after=None
[2025-02-07T08:17:16.723+0000] {logging_mixin.py:190} INFO - [2025-02-07T08:17:16.723+0000] {dag.py:4180} INFO - Setting next_dagrun for example_xcom_args_with_operators to None, run_after=None
[2025-02-07T08:17:16.733+0000] {processor.py:208} INFO - Processing /home/airflow/.local/lib/python3.12/site-packages/airflow/example_dags/example_xcomargs.py took 0.051 seconds
[2025-02-07T08:17:47.484+0000] {processor.py:186} INFO - Started process (PID=2979) to work on /home/airflow/.local/lib/python3.12/site-packages/airflow/example_dags/example_xcomargs.py
[2025-02-07T08:17:47.484+0000] {processor.py:914} INFO - Processing file /home/airflow/.local/lib/python3.12/site-packages/airflow/example_dags/example_xcomargs.py for tasks to queue
[2025-02-07T08:17:47.485+0000] {logging_mixin.py:190} INFO - [2025-02-07T08:17:47.485+0000] {dagbag.py:588} INFO - Filling up the DagBag from /home/airflow/.local/lib/python3.12/site-packages/airflow/example_dags/example_xcomargs.py
[2025-02-07T08:17:47.492+0000] {processor.py:925} INFO - DAG(s) 'example_xcom_args', 'example_xcom_args_with_operators' retrieved from /home/airflow/.local/lib/python3.12/site-packages/airflow/example_dags/example_xcomargs.py
[2025-02-07T08:17:47.511+0000] {logging_mixin.py:190} INFO - [2025-02-07T08:17:47.510+0000] {dag.py:3239} INFO - Sync 2 DAGs
[2025-02-07T08:17:47.524+0000] {logging_mixin.py:190} INFO - [2025-02-07T08:17:47.524+0000] {dag.py:4180} INFO - Setting next_dagrun for example_xcom_args to None, run_after=None
[2025-02-07T08:17:47.528+0000] {logging_mixin.py:190} INFO - [2025-02-07T08:17:47.528+0000] {dag.py:4180} INFO - Setting next_dagrun for example_xcom_args_with_operators to None, run_after=None
[2025-02-07T08:17:47.547+0000] {processor.py:208} INFO - Processing /home/airflow/.local/lib/python3.12/site-packages/airflow/example_dags/example_xcomargs.py took 0.067 seconds
[2025-02-07T08:18:18.171+0000] {processor.py:186} INFO - Started process (PID=3064) to work on /home/airflow/.local/lib/python3.12/site-packages/airflow/example_dags/example_xcomargs.py
[2025-02-07T08:18:18.171+0000] {processor.py:914} INFO - Processing file /home/airflow/.local/lib/python3.12/site-packages/airflow/example_dags/example_xcomargs.py for tasks to queue
[2025-02-07T08:18:18.173+0000] {logging_mixin.py:190} INFO - [2025-02-07T08:18:18.172+0000] {dagbag.py:588} INFO - Filling up the DagBag from /home/airflow/.local/lib/python3.12/site-packages/airflow/example_dags/example_xcomargs.py
[2025-02-07T08:18:18.178+0000] {processor.py:925} INFO - DAG(s) 'example_xcom_args_with_operators', 'example_xcom_args' retrieved from /home/airflow/.local/lib/python3.12/site-packages/airflow/example_dags/example_xcomargs.py
[2025-02-07T08:18:18.199+0000] {logging_mixin.py:190} INFO - [2025-02-07T08:18:18.199+0000] {dag.py:3239} INFO - Sync 2 DAGs
[2025-02-07T08:18:18.209+0000] {logging_mixin.py:190} INFO - [2025-02-07T08:18:18.209+0000] {dag.py:4180} INFO - Setting next_dagrun for example_xcom_args to None, run_after=None
[2025-02-07T08:18:18.212+0000] {logging_mixin.py:190} INFO - [2025-02-07T08:18:18.211+0000] {dag.py:4180} INFO - Setting next_dagrun for example_xcom_args_with_operators to None, run_after=None
[2025-02-07T08:18:18.219+0000] {processor.py:208} INFO - Processing /home/airflow/.local/lib/python3.12/site-packages/airflow/example_dags/example_xcomargs.py took 0.052 seconds
[2025-02-07T08:18:49.075+0000] {processor.py:186} INFO - Started process (PID=3149) to work on /home/airflow/.local/lib/python3.12/site-packages/airflow/example_dags/example_xcomargs.py
[2025-02-07T08:18:49.076+0000] {processor.py:914} INFO - Processing file /home/airflow/.local/lib/python3.12/site-packages/airflow/example_dags/example_xcomargs.py for tasks to queue
[2025-02-07T08:18:49.077+0000] {logging_mixin.py:190} INFO - [2025-02-07T08:18:49.077+0000] {dagbag.py:588} INFO - Filling up the DagBag from /home/airflow/.local/lib/python3.12/site-packages/airflow/example_dags/example_xcomargs.py
[2025-02-07T08:18:49.083+0000] {processor.py:925} INFO - DAG(s) 'example_xcom_args_with_operators', 'example_xcom_args' retrieved from /home/airflow/.local/lib/python3.12/site-packages/airflow/example_dags/example_xcomargs.py
[2025-02-07T08:18:49.107+0000] {logging_mixin.py:190} INFO - [2025-02-07T08:18:49.107+0000] {dag.py:3239} INFO - Sync 2 DAGs
[2025-02-07T08:18:49.122+0000] {logging_mixin.py:190} INFO - [2025-02-07T08:18:49.122+0000] {dag.py:4180} INFO - Setting next_dagrun for example_xcom_args to None, run_after=None
[2025-02-07T08:18:49.125+0000] {logging_mixin.py:190} INFO - [2025-02-07T08:18:49.124+0000] {dag.py:4180} INFO - Setting next_dagrun for example_xcom_args_with_operators to None, run_after=None
[2025-02-07T08:18:49.135+0000] {processor.py:208} INFO - Processing /home/airflow/.local/lib/python3.12/site-packages/airflow/example_dags/example_xcomargs.py took 0.063 seconds
[2025-02-07T08:19:19.345+0000] {processor.py:186} INFO - Started process (PID=3234) to work on /home/airflow/.local/lib/python3.12/site-packages/airflow/example_dags/example_xcomargs.py
[2025-02-07T08:19:19.345+0000] {processor.py:914} INFO - Processing file /home/airflow/.local/lib/python3.12/site-packages/airflow/example_dags/example_xcomargs.py for tasks to queue
[2025-02-07T08:19:19.347+0000] {logging_mixin.py:190} INFO - [2025-02-07T08:19:19.347+0000] {dagbag.py:588} INFO - Filling up the DagBag from /home/airflow/.local/lib/python3.12/site-packages/airflow/example_dags/example_xcomargs.py
[2025-02-07T08:19:19.353+0000] {processor.py:925} INFO - DAG(s) 'example_xcom_args', 'example_xcom_args_with_operators' retrieved from /home/airflow/.local/lib/python3.12/site-packages/airflow/example_dags/example_xcomargs.py
[2025-02-07T08:19:19.379+0000] {logging_mixin.py:190} INFO - [2025-02-07T08:19:19.378+0000] {dag.py:3239} INFO - Sync 2 DAGs
[2025-02-07T08:19:19.395+0000] {logging_mixin.py:190} INFO - [2025-02-07T08:19:19.394+0000] {dag.py:4180} INFO - Setting next_dagrun for example_xcom_args to None, run_after=None
[2025-02-07T08:19:19.401+0000] {logging_mixin.py:190} INFO - [2025-02-07T08:19:19.401+0000] {dag.py:4180} INFO - Setting next_dagrun for example_xcom_args_with_operators to None, run_after=None
[2025-02-07T08:19:19.422+0000] {processor.py:208} INFO - Processing /home/airflow/.local/lib/python3.12/site-packages/airflow/example_dags/example_xcomargs.py took 0.083 seconds
[2025-02-07T08:19:49.510+0000] {processor.py:186} INFO - Started process (PID=3319) to work on /home/airflow/.local/lib/python3.12/site-packages/airflow/example_dags/example_xcomargs.py
[2025-02-07T08:19:49.511+0000] {processor.py:914} INFO - Processing file /home/airflow/.local/lib/python3.12/site-packages/airflow/example_dags/example_xcomargs.py for tasks to queue
[2025-02-07T08:19:49.513+0000] {logging_mixin.py:190} INFO - [2025-02-07T08:19:49.513+0000] {dagbag.py:588} INFO - Filling up the DagBag from /home/airflow/.local/lib/python3.12/site-packages/airflow/example_dags/example_xcomargs.py
[2025-02-07T08:19:49.524+0000] {processor.py:925} INFO - DAG(s) 'example_xcom_args_with_operators', 'example_xcom_args' retrieved from /home/airflow/.local/lib/python3.12/site-packages/airflow/example_dags/example_xcomargs.py
[2025-02-07T08:19:49.543+0000] {logging_mixin.py:190} INFO - [2025-02-07T08:19:49.543+0000] {dag.py:3239} INFO - Sync 2 DAGs
[2025-02-07T08:19:49.551+0000] {logging_mixin.py:190} INFO - [2025-02-07T08:19:49.551+0000] {dag.py:4180} INFO - Setting next_dagrun for example_xcom_args to None, run_after=None
[2025-02-07T08:19:49.553+0000] {logging_mixin.py:190} INFO - [2025-02-07T08:19:49.552+0000] {dag.py:4180} INFO - Setting next_dagrun for example_xcom_args_with_operators to None, run_after=None
[2025-02-07T08:19:49.561+0000] {processor.py:208} INFO - Processing /home/airflow/.local/lib/python3.12/site-packages/airflow/example_dags/example_xcomargs.py took 0.055 seconds
[2025-02-07T08:20:20.349+0000] {processor.py:186} INFO - Started process (PID=3404) to work on /home/airflow/.local/lib/python3.12/site-packages/airflow/example_dags/example_xcomargs.py
[2025-02-07T08:20:20.350+0000] {processor.py:914} INFO - Processing file /home/airflow/.local/lib/python3.12/site-packages/airflow/example_dags/example_xcomargs.py for tasks to queue
[2025-02-07T08:20:20.351+0000] {logging_mixin.py:190} INFO - [2025-02-07T08:20:20.351+0000] {dagbag.py:588} INFO - Filling up the DagBag from /home/airflow/.local/lib/python3.12/site-packages/airflow/example_dags/example_xcomargs.py
[2025-02-07T08:20:20.357+0000] {processor.py:925} INFO - DAG(s) 'example_xcom_args', 'example_xcom_args_with_operators' retrieved from /home/airflow/.local/lib/python3.12/site-packages/airflow/example_dags/example_xcomargs.py
[2025-02-07T08:20:20.369+0000] {logging_mixin.py:190} INFO - [2025-02-07T08:20:20.369+0000] {dag.py:3239} INFO - Sync 2 DAGs
[2025-02-07T08:20:20.377+0000] {logging_mixin.py:190} INFO - [2025-02-07T08:20:20.377+0000] {dag.py:4180} INFO - Setting next_dagrun for example_xcom_args to None, run_after=None
[2025-02-07T08:20:20.379+0000] {logging_mixin.py:190} INFO - [2025-02-07T08:20:20.379+0000] {dag.py:4180} INFO - Setting next_dagrun for example_xcom_args_with_operators to None, run_after=None
[2025-02-07T08:20:20.390+0000] {processor.py:208} INFO - Processing /home/airflow/.local/lib/python3.12/site-packages/airflow/example_dags/example_xcomargs.py took 0.045 seconds
