[2025-02-07T08:00:23.704+0000] {processor.py:186} INFO - Started process (PID=70) to work on /home/airflow/.local/lib/python3.12/site-packages/airflow/example_dags/example_branch_operator_decorator.py
[2025-02-07T08:00:23.705+0000] {processor.py:914} INFO - Processing file /home/airflow/.local/lib/python3.12/site-packages/airflow/example_dags/example_branch_operator_decorator.py for tasks to queue
[2025-02-07T08:00:23.706+0000] {logging_mixin.py:190} INFO - [2025-02-07T08:00:23.706+0000] {dagbag.py:588} INFO - Filling up the DagBag from /home/airflow/.local/lib/python3.12/site-packages/airflow/example_dags/example_branch_operator_decorator.py
[2025-02-07T08:00:23.724+0000] {processor.py:925} INFO - DAG(s) 'example_branch_python_operator_decorator' retrieved from /home/airflow/.local/lib/python3.12/site-packages/airflow/example_dags/example_branch_operator_decorator.py
[2025-02-07T08:00:23.825+0000] {logging_mixin.py:190} INFO - [2025-02-07T08:00:23.824+0000] {dag.py:3239} INFO - Sync 1 DAGs
[2025-02-07T08:00:23.842+0000] {logging_mixin.py:190} INFO - [2025-02-07T08:00:23.841+0000] {dag.py:4180} INFO - Setting next_dagrun for example_branch_python_operator_decorator to 2025-02-06 00:00:00+00:00, run_after=2025-02-07 00:00:00+00:00
[2025-02-07T08:00:23.859+0000] {processor.py:208} INFO - Processing /home/airflow/.local/lib/python3.12/site-packages/airflow/example_dags/example_branch_operator_decorator.py took 0.159 seconds
[2025-02-07T08:00:53.950+0000] {processor.py:186} INFO - Started process (PID=155) to work on /home/airflow/.local/lib/python3.12/site-packages/airflow/example_dags/example_branch_operator_decorator.py
[2025-02-07T08:00:53.951+0000] {processor.py:914} INFO - Processing file /home/airflow/.local/lib/python3.12/site-packages/airflow/example_dags/example_branch_operator_decorator.py for tasks to queue
[2025-02-07T08:00:53.954+0000] {logging_mixin.py:190} INFO - [2025-02-07T08:00:53.953+0000] {dagbag.py:588} INFO - Filling up the DagBag from /home/airflow/.local/lib/python3.12/site-packages/airflow/example_dags/example_branch_operator_decorator.py
[2025-02-07T08:00:53.975+0000] {processor.py:925} INFO - DAG(s) 'example_branch_python_operator_decorator' retrieved from /home/airflow/.local/lib/python3.12/site-packages/airflow/example_dags/example_branch_operator_decorator.py
[2025-02-07T08:00:53.997+0000] {logging_mixin.py:190} INFO - [2025-02-07T08:00:53.996+0000] {dag.py:3239} INFO - Sync 1 DAGs
[2025-02-07T08:00:54.012+0000] {logging_mixin.py:190} INFO - [2025-02-07T08:00:54.012+0000] {dag.py:4180} INFO - Setting next_dagrun for example_branch_python_operator_decorator to 2025-02-06 00:00:00+00:00, run_after=2025-02-07 00:00:00+00:00
[2025-02-07T08:00:54.026+0000] {processor.py:208} INFO - Processing /home/airflow/.local/lib/python3.12/site-packages/airflow/example_dags/example_branch_operator_decorator.py took 0.083 seconds
[2025-02-07T08:01:24.651+0000] {processor.py:186} INFO - Started process (PID=239) to work on /home/airflow/.local/lib/python3.12/site-packages/airflow/example_dags/example_branch_operator_decorator.py
[2025-02-07T08:01:24.652+0000] {processor.py:914} INFO - Processing file /home/airflow/.local/lib/python3.12/site-packages/airflow/example_dags/example_branch_operator_decorator.py for tasks to queue
[2025-02-07T08:01:24.653+0000] {logging_mixin.py:190} INFO - [2025-02-07T08:01:24.653+0000] {dagbag.py:588} INFO - Filling up the DagBag from /home/airflow/.local/lib/python3.12/site-packages/airflow/example_dags/example_branch_operator_decorator.py
[2025-02-07T08:01:24.665+0000] {processor.py:925} INFO - DAG(s) 'example_branch_python_operator_decorator' retrieved from /home/airflow/.local/lib/python3.12/site-packages/airflow/example_dags/example_branch_operator_decorator.py
[2025-02-07T08:01:24.681+0000] {logging_mixin.py:190} INFO - [2025-02-07T08:01:24.681+0000] {dag.py:3239} INFO - Sync 1 DAGs
[2025-02-07T08:01:24.694+0000] {logging_mixin.py:190} INFO - [2025-02-07T08:01:24.694+0000] {dag.py:4180} INFO - Setting next_dagrun for example_branch_python_operator_decorator to 2025-02-06 00:00:00+00:00, run_after=2025-02-07 00:00:00+00:00
[2025-02-07T08:01:24.706+0000] {processor.py:208} INFO - Processing /home/airflow/.local/lib/python3.12/site-packages/airflow/example_dags/example_branch_operator_decorator.py took 0.059 seconds
[2025-02-07T08:01:55.475+0000] {processor.py:186} INFO - Started process (PID=324) to work on /home/airflow/.local/lib/python3.12/site-packages/airflow/example_dags/example_branch_operator_decorator.py
[2025-02-07T08:01:55.475+0000] {processor.py:914} INFO - Processing file /home/airflow/.local/lib/python3.12/site-packages/airflow/example_dags/example_branch_operator_decorator.py for tasks to queue
[2025-02-07T08:01:55.477+0000] {logging_mixin.py:190} INFO - [2025-02-07T08:01:55.477+0000] {dagbag.py:588} INFO - Filling up the DagBag from /home/airflow/.local/lib/python3.12/site-packages/airflow/example_dags/example_branch_operator_decorator.py
[2025-02-07T08:01:55.488+0000] {processor.py:925} INFO - DAG(s) 'example_branch_python_operator_decorator' retrieved from /home/airflow/.local/lib/python3.12/site-packages/airflow/example_dags/example_branch_operator_decorator.py
[2025-02-07T08:01:55.507+0000] {logging_mixin.py:190} INFO - [2025-02-07T08:01:55.507+0000] {dag.py:3239} INFO - Sync 1 DAGs
[2025-02-07T08:01:55.525+0000] {logging_mixin.py:190} INFO - [2025-02-07T08:01:55.525+0000] {dag.py:4180} INFO - Setting next_dagrun for example_branch_python_operator_decorator to 2025-02-06 00:00:00+00:00, run_after=2025-02-07 00:00:00+00:00
[2025-02-07T08:01:55.539+0000] {processor.py:208} INFO - Processing /home/airflow/.local/lib/python3.12/site-packages/airflow/example_dags/example_branch_operator_decorator.py took 0.069 seconds
[2025-02-07T08:02:26.447+0000] {processor.py:186} INFO - Started process (PID=409) to work on /home/airflow/.local/lib/python3.12/site-packages/airflow/example_dags/example_branch_operator_decorator.py
[2025-02-07T08:02:26.448+0000] {processor.py:914} INFO - Processing file /home/airflow/.local/lib/python3.12/site-packages/airflow/example_dags/example_branch_operator_decorator.py for tasks to queue
[2025-02-07T08:02:26.449+0000] {logging_mixin.py:190} INFO - [2025-02-07T08:02:26.449+0000] {dagbag.py:588} INFO - Filling up the DagBag from /home/airflow/.local/lib/python3.12/site-packages/airflow/example_dags/example_branch_operator_decorator.py
[2025-02-07T08:02:26.461+0000] {processor.py:925} INFO - DAG(s) 'example_branch_python_operator_decorator' retrieved from /home/airflow/.local/lib/python3.12/site-packages/airflow/example_dags/example_branch_operator_decorator.py
[2025-02-07T08:02:26.478+0000] {logging_mixin.py:190} INFO - [2025-02-07T08:02:26.477+0000] {dag.py:3239} INFO - Sync 1 DAGs
[2025-02-07T08:02:26.491+0000] {logging_mixin.py:190} INFO - [2025-02-07T08:02:26.491+0000] {dag.py:4180} INFO - Setting next_dagrun for example_branch_python_operator_decorator to 2025-02-06 00:00:00+00:00, run_after=2025-02-07 00:00:00+00:00
[2025-02-07T08:02:26.501+0000] {processor.py:208} INFO - Processing /home/airflow/.local/lib/python3.12/site-packages/airflow/example_dags/example_branch_operator_decorator.py took 0.058 seconds
[2025-02-07T08:02:56.827+0000] {processor.py:186} INFO - Started process (PID=494) to work on /home/airflow/.local/lib/python3.12/site-packages/airflow/example_dags/example_branch_operator_decorator.py
[2025-02-07T08:02:56.828+0000] {processor.py:914} INFO - Processing file /home/airflow/.local/lib/python3.12/site-packages/airflow/example_dags/example_branch_operator_decorator.py for tasks to queue
[2025-02-07T08:02:56.830+0000] {logging_mixin.py:190} INFO - [2025-02-07T08:02:56.830+0000] {dagbag.py:588} INFO - Filling up the DagBag from /home/airflow/.local/lib/python3.12/site-packages/airflow/example_dags/example_branch_operator_decorator.py
[2025-02-07T08:02:56.852+0000] {processor.py:925} INFO - DAG(s) 'example_branch_python_operator_decorator' retrieved from /home/airflow/.local/lib/python3.12/site-packages/airflow/example_dags/example_branch_operator_decorator.py
[2025-02-07T08:02:56.872+0000] {logging_mixin.py:190} INFO - [2025-02-07T08:02:56.872+0000] {dag.py:3239} INFO - Sync 1 DAGs
[2025-02-07T08:02:56.893+0000] {logging_mixin.py:190} INFO - [2025-02-07T08:02:56.892+0000] {dag.py:4180} INFO - Setting next_dagrun for example_branch_python_operator_decorator to 2025-02-06 00:00:00+00:00, run_after=2025-02-07 00:00:00+00:00
[2025-02-07T08:02:56.907+0000] {processor.py:208} INFO - Processing /home/airflow/.local/lib/python3.12/site-packages/airflow/example_dags/example_branch_operator_decorator.py took 0.086 seconds
[2025-02-07T08:03:27.138+0000] {processor.py:186} INFO - Started process (PID=585) to work on /home/airflow/.local/lib/python3.12/site-packages/airflow/example_dags/example_branch_operator_decorator.py
[2025-02-07T08:03:27.139+0000] {processor.py:914} INFO - Processing file /home/airflow/.local/lib/python3.12/site-packages/airflow/example_dags/example_branch_operator_decorator.py for tasks to queue
[2025-02-07T08:03:27.140+0000] {logging_mixin.py:190} INFO - [2025-02-07T08:03:27.140+0000] {dagbag.py:588} INFO - Filling up the DagBag from /home/airflow/.local/lib/python3.12/site-packages/airflow/example_dags/example_branch_operator_decorator.py
[2025-02-07T08:03:27.154+0000] {processor.py:925} INFO - DAG(s) 'example_branch_python_operator_decorator' retrieved from /home/airflow/.local/lib/python3.12/site-packages/airflow/example_dags/example_branch_operator_decorator.py
[2025-02-07T08:03:27.173+0000] {logging_mixin.py:190} INFO - [2025-02-07T08:03:27.173+0000] {dag.py:3239} INFO - Sync 1 DAGs
[2025-02-07T08:03:27.187+0000] {logging_mixin.py:190} INFO - [2025-02-07T08:03:27.187+0000] {dag.py:4180} INFO - Setting next_dagrun for example_branch_python_operator_decorator to 2025-02-06 00:00:00+00:00, run_after=2025-02-07 00:00:00+00:00
[2025-02-07T08:03:27.199+0000] {processor.py:208} INFO - Processing /home/airflow/.local/lib/python3.12/site-packages/airflow/example_dags/example_branch_operator_decorator.py took 0.064 seconds
[2025-02-07T08:03:58.178+0000] {processor.py:186} INFO - Started process (PID=670) to work on /home/airflow/.local/lib/python3.12/site-packages/airflow/example_dags/example_branch_operator_decorator.py
[2025-02-07T08:03:58.179+0000] {processor.py:914} INFO - Processing file /home/airflow/.local/lib/python3.12/site-packages/airflow/example_dags/example_branch_operator_decorator.py for tasks to queue
[2025-02-07T08:03:58.180+0000] {logging_mixin.py:190} INFO - [2025-02-07T08:03:58.180+0000] {dagbag.py:588} INFO - Filling up the DagBag from /home/airflow/.local/lib/python3.12/site-packages/airflow/example_dags/example_branch_operator_decorator.py
[2025-02-07T08:03:58.193+0000] {processor.py:925} INFO - DAG(s) 'example_branch_python_operator_decorator' retrieved from /home/airflow/.local/lib/python3.12/site-packages/airflow/example_dags/example_branch_operator_decorator.py
[2025-02-07T08:03:58.211+0000] {logging_mixin.py:190} INFO - [2025-02-07T08:03:58.211+0000] {dag.py:3239} INFO - Sync 1 DAGs
[2025-02-07T08:03:58.226+0000] {logging_mixin.py:190} INFO - [2025-02-07T08:03:58.226+0000] {dag.py:4180} INFO - Setting next_dagrun for example_branch_python_operator_decorator to 2025-02-06 00:00:00+00:00, run_after=2025-02-07 00:00:00+00:00
[2025-02-07T08:03:58.237+0000] {processor.py:208} INFO - Processing /home/airflow/.local/lib/python3.12/site-packages/airflow/example_dags/example_branch_operator_decorator.py took 0.062 seconds
[2025-02-07T08:04:29.239+0000] {processor.py:186} INFO - Started process (PID=755) to work on /home/airflow/.local/lib/python3.12/site-packages/airflow/example_dags/example_branch_operator_decorator.py
[2025-02-07T08:04:29.240+0000] {processor.py:914} INFO - Processing file /home/airflow/.local/lib/python3.12/site-packages/airflow/example_dags/example_branch_operator_decorator.py for tasks to queue
[2025-02-07T08:04:29.242+0000] {logging_mixin.py:190} INFO - [2025-02-07T08:04:29.242+0000] {dagbag.py:588} INFO - Filling up the DagBag from /home/airflow/.local/lib/python3.12/site-packages/airflow/example_dags/example_branch_operator_decorator.py
[2025-02-07T08:04:29.263+0000] {processor.py:925} INFO - DAG(s) 'example_branch_python_operator_decorator' retrieved from /home/airflow/.local/lib/python3.12/site-packages/airflow/example_dags/example_branch_operator_decorator.py
[2025-02-07T08:04:29.283+0000] {logging_mixin.py:190} INFO - [2025-02-07T08:04:29.283+0000] {dag.py:3239} INFO - Sync 1 DAGs
[2025-02-07T08:04:29.296+0000] {logging_mixin.py:190} INFO - [2025-02-07T08:04:29.296+0000] {dag.py:4180} INFO - Setting next_dagrun for example_branch_python_operator_decorator to 2025-02-06 00:00:00+00:00, run_after=2025-02-07 00:00:00+00:00
[2025-02-07T08:04:29.308+0000] {processor.py:208} INFO - Processing /home/airflow/.local/lib/python3.12/site-packages/airflow/example_dags/example_branch_operator_decorator.py took 0.074 seconds
[2025-02-07T08:04:59.463+0000] {processor.py:186} INFO - Started process (PID=840) to work on /home/airflow/.local/lib/python3.12/site-packages/airflow/example_dags/example_branch_operator_decorator.py
[2025-02-07T08:04:59.463+0000] {processor.py:914} INFO - Processing file /home/airflow/.local/lib/python3.12/site-packages/airflow/example_dags/example_branch_operator_decorator.py for tasks to queue
[2025-02-07T08:04:59.464+0000] {logging_mixin.py:190} INFO - [2025-02-07T08:04:59.464+0000] {dagbag.py:588} INFO - Filling up the DagBag from /home/airflow/.local/lib/python3.12/site-packages/airflow/example_dags/example_branch_operator_decorator.py
[2025-02-07T08:04:59.476+0000] {processor.py:925} INFO - DAG(s) 'example_branch_python_operator_decorator' retrieved from /home/airflow/.local/lib/python3.12/site-packages/airflow/example_dags/example_branch_operator_decorator.py
[2025-02-07T08:04:59.495+0000] {logging_mixin.py:190} INFO - [2025-02-07T08:04:59.495+0000] {dag.py:3239} INFO - Sync 1 DAGs
[2025-02-07T08:04:59.511+0000] {logging_mixin.py:190} INFO - [2025-02-07T08:04:59.511+0000] {dag.py:4180} INFO - Setting next_dagrun for example_branch_python_operator_decorator to 2025-02-06 00:00:00+00:00, run_after=2025-02-07 00:00:00+00:00
[2025-02-07T08:04:59.521+0000] {processor.py:208} INFO - Processing /home/airflow/.local/lib/python3.12/site-packages/airflow/example_dags/example_branch_operator_decorator.py took 0.061 seconds
[2025-02-07T08:05:29.830+0000] {processor.py:186} INFO - Started process (PID=925) to work on /home/airflow/.local/lib/python3.12/site-packages/airflow/example_dags/example_branch_operator_decorator.py
[2025-02-07T08:05:29.831+0000] {processor.py:914} INFO - Processing file /home/airflow/.local/lib/python3.12/site-packages/airflow/example_dags/example_branch_operator_decorator.py for tasks to queue
[2025-02-07T08:05:29.833+0000] {logging_mixin.py:190} INFO - [2025-02-07T08:05:29.833+0000] {dagbag.py:588} INFO - Filling up the DagBag from /home/airflow/.local/lib/python3.12/site-packages/airflow/example_dags/example_branch_operator_decorator.py
[2025-02-07T08:05:29.849+0000] {processor.py:925} INFO - DAG(s) 'example_branch_python_operator_decorator' retrieved from /home/airflow/.local/lib/python3.12/site-packages/airflow/example_dags/example_branch_operator_decorator.py
[2025-02-07T08:05:29.872+0000] {logging_mixin.py:190} INFO - [2025-02-07T08:05:29.872+0000] {dag.py:3239} INFO - Sync 1 DAGs
[2025-02-07T08:05:29.889+0000] {logging_mixin.py:190} INFO - [2025-02-07T08:05:29.889+0000] {dag.py:4180} INFO - Setting next_dagrun for example_branch_python_operator_decorator to 2025-02-06 00:00:00+00:00, run_after=2025-02-07 00:00:00+00:00
[2025-02-07T08:05:29.899+0000] {processor.py:208} INFO - Processing /home/airflow/.local/lib/python3.12/site-packages/airflow/example_dags/example_branch_operator_decorator.py took 0.075 seconds
[2025-02-07T08:06:00.442+0000] {processor.py:186} INFO - Started process (PID=1010) to work on /home/airflow/.local/lib/python3.12/site-packages/airflow/example_dags/example_branch_operator_decorator.py
[2025-02-07T08:06:00.443+0000] {processor.py:914} INFO - Processing file /home/airflow/.local/lib/python3.12/site-packages/airflow/example_dags/example_branch_operator_decorator.py for tasks to queue
[2025-02-07T08:06:00.445+0000] {logging_mixin.py:190} INFO - [2025-02-07T08:06:00.445+0000] {dagbag.py:588} INFO - Filling up the DagBag from /home/airflow/.local/lib/python3.12/site-packages/airflow/example_dags/example_branch_operator_decorator.py
[2025-02-07T08:06:00.457+0000] {processor.py:925} INFO - DAG(s) 'example_branch_python_operator_decorator' retrieved from /home/airflow/.local/lib/python3.12/site-packages/airflow/example_dags/example_branch_operator_decorator.py
[2025-02-07T08:06:00.478+0000] {logging_mixin.py:190} INFO - [2025-02-07T08:06:00.478+0000] {dag.py:3239} INFO - Sync 1 DAGs
[2025-02-07T08:06:00.493+0000] {logging_mixin.py:190} INFO - [2025-02-07T08:06:00.493+0000] {dag.py:4180} INFO - Setting next_dagrun for example_branch_python_operator_decorator to 2025-02-06 00:00:00+00:00, run_after=2025-02-07 00:00:00+00:00
[2025-02-07T08:06:00.506+0000] {processor.py:208} INFO - Processing /home/airflow/.local/lib/python3.12/site-packages/airflow/example_dags/example_branch_operator_decorator.py took 0.068 seconds
[2025-02-07T08:06:31.307+0000] {processor.py:186} INFO - Started process (PID=1095) to work on /home/airflow/.local/lib/python3.12/site-packages/airflow/example_dags/example_branch_operator_decorator.py
[2025-02-07T08:06:31.308+0000] {processor.py:914} INFO - Processing file /home/airflow/.local/lib/python3.12/site-packages/airflow/example_dags/example_branch_operator_decorator.py for tasks to queue
[2025-02-07T08:06:31.310+0000] {logging_mixin.py:190} INFO - [2025-02-07T08:06:31.309+0000] {dagbag.py:588} INFO - Filling up the DagBag from /home/airflow/.local/lib/python3.12/site-packages/airflow/example_dags/example_branch_operator_decorator.py
[2025-02-07T08:06:31.323+0000] {processor.py:925} INFO - DAG(s) 'example_branch_python_operator_decorator' retrieved from /home/airflow/.local/lib/python3.12/site-packages/airflow/example_dags/example_branch_operator_decorator.py
[2025-02-07T08:06:31.342+0000] {logging_mixin.py:190} INFO - [2025-02-07T08:06:31.342+0000] {dag.py:3239} INFO - Sync 1 DAGs
[2025-02-07T08:06:31.358+0000] {logging_mixin.py:190} INFO - [2025-02-07T08:06:31.358+0000] {dag.py:4180} INFO - Setting next_dagrun for example_branch_python_operator_decorator to 2025-02-06 00:00:00+00:00, run_after=2025-02-07 00:00:00+00:00
[2025-02-07T08:06:31.369+0000] {processor.py:208} INFO - Processing /home/airflow/.local/lib/python3.12/site-packages/airflow/example_dags/example_branch_operator_decorator.py took 0.065 seconds
[2025-02-07T08:07:02.373+0000] {processor.py:186} INFO - Started process (PID=1180) to work on /home/airflow/.local/lib/python3.12/site-packages/airflow/example_dags/example_branch_operator_decorator.py
[2025-02-07T08:07:02.374+0000] {processor.py:914} INFO - Processing file /home/airflow/.local/lib/python3.12/site-packages/airflow/example_dags/example_branch_operator_decorator.py for tasks to queue
[2025-02-07T08:07:02.375+0000] {logging_mixin.py:190} INFO - [2025-02-07T08:07:02.375+0000] {dagbag.py:588} INFO - Filling up the DagBag from /home/airflow/.local/lib/python3.12/site-packages/airflow/example_dags/example_branch_operator_decorator.py
[2025-02-07T08:07:02.388+0000] {processor.py:925} INFO - DAG(s) 'example_branch_python_operator_decorator' retrieved from /home/airflow/.local/lib/python3.12/site-packages/airflow/example_dags/example_branch_operator_decorator.py
[2025-02-07T08:07:02.406+0000] {logging_mixin.py:190} INFO - [2025-02-07T08:07:02.406+0000] {dag.py:3239} INFO - Sync 1 DAGs
[2025-02-07T08:07:02.421+0000] {logging_mixin.py:190} INFO - [2025-02-07T08:07:02.421+0000] {dag.py:4180} INFO - Setting next_dagrun for example_branch_python_operator_decorator to 2025-02-06 00:00:00+00:00, run_after=2025-02-07 00:00:00+00:00
[2025-02-07T08:07:02.431+0000] {processor.py:208} INFO - Processing /home/airflow/.local/lib/python3.12/site-packages/airflow/example_dags/example_branch_operator_decorator.py took 0.061 seconds
[2025-02-07T08:07:33.317+0000] {processor.py:186} INFO - Started process (PID=1265) to work on /home/airflow/.local/lib/python3.12/site-packages/airflow/example_dags/example_branch_operator_decorator.py
[2025-02-07T08:07:33.318+0000] {processor.py:914} INFO - Processing file /home/airflow/.local/lib/python3.12/site-packages/airflow/example_dags/example_branch_operator_decorator.py for tasks to queue
[2025-02-07T08:07:33.320+0000] {logging_mixin.py:190} INFO - [2025-02-07T08:07:33.320+0000] {dagbag.py:588} INFO - Filling up the DagBag from /home/airflow/.local/lib/python3.12/site-packages/airflow/example_dags/example_branch_operator_decorator.py
[2025-02-07T08:07:33.337+0000] {processor.py:925} INFO - DAG(s) 'example_branch_python_operator_decorator' retrieved from /home/airflow/.local/lib/python3.12/site-packages/airflow/example_dags/example_branch_operator_decorator.py
[2025-02-07T08:07:33.361+0000] {logging_mixin.py:190} INFO - [2025-02-07T08:07:33.361+0000] {dag.py:3239} INFO - Sync 1 DAGs
[2025-02-07T08:07:33.384+0000] {logging_mixin.py:190} INFO - [2025-02-07T08:07:33.384+0000] {dag.py:4180} INFO - Setting next_dagrun for example_branch_python_operator_decorator to 2025-02-06 00:00:00+00:00, run_after=2025-02-07 00:00:00+00:00
[2025-02-07T08:07:33.400+0000] {processor.py:208} INFO - Processing /home/airflow/.local/lib/python3.12/site-packages/airflow/example_dags/example_branch_operator_decorator.py took 0.087 seconds
[2025-02-07T08:08:03.839+0000] {processor.py:186} INFO - Started process (PID=1350) to work on /home/airflow/.local/lib/python3.12/site-packages/airflow/example_dags/example_branch_operator_decorator.py
[2025-02-07T08:08:03.840+0000] {processor.py:914} INFO - Processing file /home/airflow/.local/lib/python3.12/site-packages/airflow/example_dags/example_branch_operator_decorator.py for tasks to queue
[2025-02-07T08:08:03.843+0000] {logging_mixin.py:190} INFO - [2025-02-07T08:08:03.842+0000] {dagbag.py:588} INFO - Filling up the DagBag from /home/airflow/.local/lib/python3.12/site-packages/airflow/example_dags/example_branch_operator_decorator.py
[2025-02-07T08:08:03.857+0000] {processor.py:925} INFO - DAG(s) 'example_branch_python_operator_decorator' retrieved from /home/airflow/.local/lib/python3.12/site-packages/airflow/example_dags/example_branch_operator_decorator.py
[2025-02-07T08:08:03.877+0000] {logging_mixin.py:190} INFO - [2025-02-07T08:08:03.877+0000] {dag.py:3239} INFO - Sync 1 DAGs
[2025-02-07T08:08:03.895+0000] {logging_mixin.py:190} INFO - [2025-02-07T08:08:03.895+0000] {dag.py:4180} INFO - Setting next_dagrun for example_branch_python_operator_decorator to 2025-02-06 00:00:00+00:00, run_after=2025-02-07 00:00:00+00:00
[2025-02-07T08:08:03.911+0000] {processor.py:208} INFO - Processing /home/airflow/.local/lib/python3.12/site-packages/airflow/example_dags/example_branch_operator_decorator.py took 0.079 seconds
[2025-02-07T08:08:34.494+0000] {processor.py:186} INFO - Started process (PID=1435) to work on /home/airflow/.local/lib/python3.12/site-packages/airflow/example_dags/example_branch_operator_decorator.py
[2025-02-07T08:08:34.494+0000] {processor.py:914} INFO - Processing file /home/airflow/.local/lib/python3.12/site-packages/airflow/example_dags/example_branch_operator_decorator.py for tasks to queue
[2025-02-07T08:08:34.496+0000] {logging_mixin.py:190} INFO - [2025-02-07T08:08:34.495+0000] {dagbag.py:588} INFO - Filling up the DagBag from /home/airflow/.local/lib/python3.12/site-packages/airflow/example_dags/example_branch_operator_decorator.py
[2025-02-07T08:08:34.506+0000] {processor.py:925} INFO - DAG(s) 'example_branch_python_operator_decorator' retrieved from /home/airflow/.local/lib/python3.12/site-packages/airflow/example_dags/example_branch_operator_decorator.py
[2025-02-07T08:08:34.529+0000] {logging_mixin.py:190} INFO - [2025-02-07T08:08:34.529+0000] {dag.py:3239} INFO - Sync 1 DAGs
[2025-02-07T08:08:34.550+0000] {logging_mixin.py:190} INFO - [2025-02-07T08:08:34.550+0000] {dag.py:4180} INFO - Setting next_dagrun for example_branch_python_operator_decorator to 2025-02-06 00:00:00+00:00, run_after=2025-02-07 00:00:00+00:00
[2025-02-07T08:08:34.564+0000] {processor.py:208} INFO - Processing /home/airflow/.local/lib/python3.12/site-packages/airflow/example_dags/example_branch_operator_decorator.py took 0.074 seconds
[2025-02-07T08:09:04.747+0000] {processor.py:186} INFO - Started process (PID=1520) to work on /home/airflow/.local/lib/python3.12/site-packages/airflow/example_dags/example_branch_operator_decorator.py
[2025-02-07T08:09:04.747+0000] {processor.py:914} INFO - Processing file /home/airflow/.local/lib/python3.12/site-packages/airflow/example_dags/example_branch_operator_decorator.py for tasks to queue
[2025-02-07T08:09:04.749+0000] {logging_mixin.py:190} INFO - [2025-02-07T08:09:04.748+0000] {dagbag.py:588} INFO - Filling up the DagBag from /home/airflow/.local/lib/python3.12/site-packages/airflow/example_dags/example_branch_operator_decorator.py
[2025-02-07T08:09:04.763+0000] {processor.py:925} INFO - DAG(s) 'example_branch_python_operator_decorator' retrieved from /home/airflow/.local/lib/python3.12/site-packages/airflow/example_dags/example_branch_operator_decorator.py
[2025-02-07T08:09:04.786+0000] {logging_mixin.py:190} INFO - [2025-02-07T08:09:04.786+0000] {dag.py:3239} INFO - Sync 1 DAGs
[2025-02-07T08:09:04.805+0000] {logging_mixin.py:190} INFO - [2025-02-07T08:09:04.805+0000] {dag.py:4180} INFO - Setting next_dagrun for example_branch_python_operator_decorator to 2025-02-06 00:00:00+00:00, run_after=2025-02-07 00:00:00+00:00
[2025-02-07T08:09:04.820+0000] {processor.py:208} INFO - Processing /home/airflow/.local/lib/python3.12/site-packages/airflow/example_dags/example_branch_operator_decorator.py took 0.077 seconds
[2025-02-07T08:09:35.558+0000] {processor.py:186} INFO - Started process (PID=1605) to work on /home/airflow/.local/lib/python3.12/site-packages/airflow/example_dags/example_branch_operator_decorator.py
[2025-02-07T08:09:35.559+0000] {processor.py:914} INFO - Processing file /home/airflow/.local/lib/python3.12/site-packages/airflow/example_dags/example_branch_operator_decorator.py for tasks to queue
[2025-02-07T08:09:35.561+0000] {logging_mixin.py:190} INFO - [2025-02-07T08:09:35.561+0000] {dagbag.py:588} INFO - Filling up the DagBag from /home/airflow/.local/lib/python3.12/site-packages/airflow/example_dags/example_branch_operator_decorator.py
[2025-02-07T08:09:35.578+0000] {processor.py:925} INFO - DAG(s) 'example_branch_python_operator_decorator' retrieved from /home/airflow/.local/lib/python3.12/site-packages/airflow/example_dags/example_branch_operator_decorator.py
[2025-02-07T08:09:35.595+0000] {logging_mixin.py:190} INFO - [2025-02-07T08:09:35.594+0000] {dag.py:3239} INFO - Sync 1 DAGs
[2025-02-07T08:09:35.608+0000] {logging_mixin.py:190} INFO - [2025-02-07T08:09:35.608+0000] {dag.py:4180} INFO - Setting next_dagrun for example_branch_python_operator_decorator to 2025-02-06 00:00:00+00:00, run_after=2025-02-07 00:00:00+00:00
[2025-02-07T08:09:35.622+0000] {processor.py:208} INFO - Processing /home/airflow/.local/lib/python3.12/site-packages/airflow/example_dags/example_branch_operator_decorator.py took 0.070 seconds
[2025-02-07T08:10:06.608+0000] {processor.py:186} INFO - Started process (PID=1690) to work on /home/airflow/.local/lib/python3.12/site-packages/airflow/example_dags/example_branch_operator_decorator.py
[2025-02-07T08:10:06.609+0000] {processor.py:914} INFO - Processing file /home/airflow/.local/lib/python3.12/site-packages/airflow/example_dags/example_branch_operator_decorator.py for tasks to queue
[2025-02-07T08:10:06.611+0000] {logging_mixin.py:190} INFO - [2025-02-07T08:10:06.610+0000] {dagbag.py:588} INFO - Filling up the DagBag from /home/airflow/.local/lib/python3.12/site-packages/airflow/example_dags/example_branch_operator_decorator.py
[2025-02-07T08:10:06.624+0000] {processor.py:925} INFO - DAG(s) 'example_branch_python_operator_decorator' retrieved from /home/airflow/.local/lib/python3.12/site-packages/airflow/example_dags/example_branch_operator_decorator.py
[2025-02-07T08:10:06.642+0000] {logging_mixin.py:190} INFO - [2025-02-07T08:10:06.642+0000] {dag.py:3239} INFO - Sync 1 DAGs
[2025-02-07T08:10:06.657+0000] {logging_mixin.py:190} INFO - [2025-02-07T08:10:06.657+0000] {dag.py:4180} INFO - Setting next_dagrun for example_branch_python_operator_decorator to 2025-02-06 00:00:00+00:00, run_after=2025-02-07 00:00:00+00:00
[2025-02-07T08:10:06.669+0000] {processor.py:208} INFO - Processing /home/airflow/.local/lib/python3.12/site-packages/airflow/example_dags/example_branch_operator_decorator.py took 0.069 seconds
[2025-02-07T08:10:37.321+0000] {processor.py:186} INFO - Started process (PID=1775) to work on /home/airflow/.local/lib/python3.12/site-packages/airflow/example_dags/example_branch_operator_decorator.py
[2025-02-07T08:10:37.322+0000] {processor.py:914} INFO - Processing file /home/airflow/.local/lib/python3.12/site-packages/airflow/example_dags/example_branch_operator_decorator.py for tasks to queue
[2025-02-07T08:10:37.324+0000] {logging_mixin.py:190} INFO - [2025-02-07T08:10:37.324+0000] {dagbag.py:588} INFO - Filling up the DagBag from /home/airflow/.local/lib/python3.12/site-packages/airflow/example_dags/example_branch_operator_decorator.py
[2025-02-07T08:10:37.336+0000] {processor.py:925} INFO - DAG(s) 'example_branch_python_operator_decorator' retrieved from /home/airflow/.local/lib/python3.12/site-packages/airflow/example_dags/example_branch_operator_decorator.py
[2025-02-07T08:10:37.368+0000] {logging_mixin.py:190} INFO - [2025-02-07T08:10:37.368+0000] {dag.py:3239} INFO - Sync 1 DAGs
[2025-02-07T08:10:37.389+0000] {logging_mixin.py:190} INFO - [2025-02-07T08:10:37.388+0000] {dag.py:4180} INFO - Setting next_dagrun for example_branch_python_operator_decorator to 2025-02-06 00:00:00+00:00, run_after=2025-02-07 00:00:00+00:00
[2025-02-07T08:10:37.402+0000] {processor.py:208} INFO - Processing /home/airflow/.local/lib/python3.12/site-packages/airflow/example_dags/example_branch_operator_decorator.py took 0.085 seconds
[2025-02-07T08:11:07.872+0000] {processor.py:186} INFO - Started process (PID=1860) to work on /home/airflow/.local/lib/python3.12/site-packages/airflow/example_dags/example_branch_operator_decorator.py
[2025-02-07T08:11:07.873+0000] {processor.py:914} INFO - Processing file /home/airflow/.local/lib/python3.12/site-packages/airflow/example_dags/example_branch_operator_decorator.py for tasks to queue
[2025-02-07T08:11:07.874+0000] {logging_mixin.py:190} INFO - [2025-02-07T08:11:07.874+0000] {dagbag.py:588} INFO - Filling up the DagBag from /home/airflow/.local/lib/python3.12/site-packages/airflow/example_dags/example_branch_operator_decorator.py
[2025-02-07T08:11:07.890+0000] {processor.py:925} INFO - DAG(s) 'example_branch_python_operator_decorator' retrieved from /home/airflow/.local/lib/python3.12/site-packages/airflow/example_dags/example_branch_operator_decorator.py
[2025-02-07T08:11:07.906+0000] {logging_mixin.py:190} INFO - [2025-02-07T08:11:07.906+0000] {dag.py:3239} INFO - Sync 1 DAGs
[2025-02-07T08:11:07.919+0000] {logging_mixin.py:190} INFO - [2025-02-07T08:11:07.919+0000] {dag.py:4180} INFO - Setting next_dagrun for example_branch_python_operator_decorator to 2025-02-06 00:00:00+00:00, run_after=2025-02-07 00:00:00+00:00
[2025-02-07T08:11:07.929+0000] {processor.py:208} INFO - Processing /home/airflow/.local/lib/python3.12/site-packages/airflow/example_dags/example_branch_operator_decorator.py took 0.061 seconds
[2025-02-07T08:11:38.661+0000] {processor.py:186} INFO - Started process (PID=1945) to work on /home/airflow/.local/lib/python3.12/site-packages/airflow/example_dags/example_branch_operator_decorator.py
[2025-02-07T08:11:38.661+0000] {processor.py:914} INFO - Processing file /home/airflow/.local/lib/python3.12/site-packages/airflow/example_dags/example_branch_operator_decorator.py for tasks to queue
[2025-02-07T08:11:38.663+0000] {logging_mixin.py:190} INFO - [2025-02-07T08:11:38.663+0000] {dagbag.py:588} INFO - Filling up the DagBag from /home/airflow/.local/lib/python3.12/site-packages/airflow/example_dags/example_branch_operator_decorator.py
[2025-02-07T08:11:38.675+0000] {processor.py:925} INFO - DAG(s) 'example_branch_python_operator_decorator' retrieved from /home/airflow/.local/lib/python3.12/site-packages/airflow/example_dags/example_branch_operator_decorator.py
[2025-02-07T08:11:38.696+0000] {logging_mixin.py:190} INFO - [2025-02-07T08:11:38.696+0000] {dag.py:3239} INFO - Sync 1 DAGs
[2025-02-07T08:11:38.716+0000] {logging_mixin.py:190} INFO - [2025-02-07T08:11:38.715+0000] {dag.py:4180} INFO - Setting next_dagrun for example_branch_python_operator_decorator to 2025-02-06 00:00:00+00:00, run_after=2025-02-07 00:00:00+00:00
[2025-02-07T08:11:38.729+0000] {processor.py:208} INFO - Processing /home/airflow/.local/lib/python3.12/site-packages/airflow/example_dags/example_branch_operator_decorator.py took 0.073 seconds
[2025-02-07T08:12:09.058+0000] {processor.py:186} INFO - Started process (PID=2030) to work on /home/airflow/.local/lib/python3.12/site-packages/airflow/example_dags/example_branch_operator_decorator.py
[2025-02-07T08:12:09.058+0000] {processor.py:914} INFO - Processing file /home/airflow/.local/lib/python3.12/site-packages/airflow/example_dags/example_branch_operator_decorator.py for tasks to queue
[2025-02-07T08:12:09.060+0000] {logging_mixin.py:190} INFO - [2025-02-07T08:12:09.059+0000] {dagbag.py:588} INFO - Filling up the DagBag from /home/airflow/.local/lib/python3.12/site-packages/airflow/example_dags/example_branch_operator_decorator.py
[2025-02-07T08:12:09.072+0000] {processor.py:925} INFO - DAG(s) 'example_branch_python_operator_decorator' retrieved from /home/airflow/.local/lib/python3.12/site-packages/airflow/example_dags/example_branch_operator_decorator.py
[2025-02-07T08:12:09.088+0000] {logging_mixin.py:190} INFO - [2025-02-07T08:12:09.088+0000] {dag.py:3239} INFO - Sync 1 DAGs
[2025-02-07T08:12:09.101+0000] {logging_mixin.py:190} INFO - [2025-02-07T08:12:09.101+0000] {dag.py:4180} INFO - Setting next_dagrun for example_branch_python_operator_decorator to 2025-02-06 00:00:00+00:00, run_after=2025-02-07 00:00:00+00:00
[2025-02-07T08:12:09.111+0000] {processor.py:208} INFO - Processing /home/airflow/.local/lib/python3.12/site-packages/airflow/example_dags/example_branch_operator_decorator.py took 0.056 seconds
[2025-02-07T08:12:39.241+0000] {processor.py:186} INFO - Started process (PID=2115) to work on /home/airflow/.local/lib/python3.12/site-packages/airflow/example_dags/example_branch_operator_decorator.py
[2025-02-07T08:12:39.241+0000] {processor.py:914} INFO - Processing file /home/airflow/.local/lib/python3.12/site-packages/airflow/example_dags/example_branch_operator_decorator.py for tasks to queue
[2025-02-07T08:12:39.243+0000] {logging_mixin.py:190} INFO - [2025-02-07T08:12:39.243+0000] {dagbag.py:588} INFO - Filling up the DagBag from /home/airflow/.local/lib/python3.12/site-packages/airflow/example_dags/example_branch_operator_decorator.py
[2025-02-07T08:12:39.255+0000] {processor.py:925} INFO - DAG(s) 'example_branch_python_operator_decorator' retrieved from /home/airflow/.local/lib/python3.12/site-packages/airflow/example_dags/example_branch_operator_decorator.py
[2025-02-07T08:12:39.271+0000] {logging_mixin.py:190} INFO - [2025-02-07T08:12:39.271+0000] {dag.py:3239} INFO - Sync 1 DAGs
[2025-02-07T08:12:39.287+0000] {logging_mixin.py:190} INFO - [2025-02-07T08:12:39.286+0000] {dag.py:4180} INFO - Setting next_dagrun for example_branch_python_operator_decorator to 2025-02-06 00:00:00+00:00, run_after=2025-02-07 00:00:00+00:00
[2025-02-07T08:12:39.299+0000] {processor.py:208} INFO - Processing /home/airflow/.local/lib/python3.12/site-packages/airflow/example_dags/example_branch_operator_decorator.py took 0.061 seconds
[2025-02-07T08:13:09.484+0000] {processor.py:186} INFO - Started process (PID=2199) to work on /home/airflow/.local/lib/python3.12/site-packages/airflow/example_dags/example_branch_operator_decorator.py
[2025-02-07T08:13:09.486+0000] {processor.py:914} INFO - Processing file /home/airflow/.local/lib/python3.12/site-packages/airflow/example_dags/example_branch_operator_decorator.py for tasks to queue
[2025-02-07T08:13:09.488+0000] {logging_mixin.py:190} INFO - [2025-02-07T08:13:09.488+0000] {dagbag.py:588} INFO - Filling up the DagBag from /home/airflow/.local/lib/python3.12/site-packages/airflow/example_dags/example_branch_operator_decorator.py
[2025-02-07T08:13:09.500+0000] {processor.py:925} INFO - DAG(s) 'example_branch_python_operator_decorator' retrieved from /home/airflow/.local/lib/python3.12/site-packages/airflow/example_dags/example_branch_operator_decorator.py
[2025-02-07T08:13:09.518+0000] {logging_mixin.py:190} INFO - [2025-02-07T08:13:09.518+0000] {dag.py:3239} INFO - Sync 1 DAGs
[2025-02-07T08:13:09.532+0000] {logging_mixin.py:190} INFO - [2025-02-07T08:13:09.532+0000] {dag.py:4180} INFO - Setting next_dagrun for example_branch_python_operator_decorator to 2025-02-06 00:00:00+00:00, run_after=2025-02-07 00:00:00+00:00
[2025-02-07T08:13:09.659+0000] {processor.py:208} INFO - Processing /home/airflow/.local/lib/python3.12/site-packages/airflow/example_dags/example_branch_operator_decorator.py took 0.182 seconds
[2025-02-07T08:13:39.725+0000] {processor.py:186} INFO - Started process (PID=2286) to work on /home/airflow/.local/lib/python3.12/site-packages/airflow/example_dags/example_branch_operator_decorator.py
[2025-02-07T08:13:39.725+0000] {processor.py:914} INFO - Processing file /home/airflow/.local/lib/python3.12/site-packages/airflow/example_dags/example_branch_operator_decorator.py for tasks to queue
[2025-02-07T08:13:39.727+0000] {logging_mixin.py:190} INFO - [2025-02-07T08:13:39.726+0000] {dagbag.py:588} INFO - Filling up the DagBag from /home/airflow/.local/lib/python3.12/site-packages/airflow/example_dags/example_branch_operator_decorator.py
[2025-02-07T08:13:39.740+0000] {processor.py:925} INFO - DAG(s) 'example_branch_python_operator_decorator' retrieved from /home/airflow/.local/lib/python3.12/site-packages/airflow/example_dags/example_branch_operator_decorator.py
[2025-02-07T08:13:39.759+0000] {logging_mixin.py:190} INFO - [2025-02-07T08:13:39.759+0000] {dag.py:3239} INFO - Sync 1 DAGs
[2025-02-07T08:13:39.885+0000] {logging_mixin.py:190} INFO - [2025-02-07T08:13:39.885+0000] {dag.py:4180} INFO - Setting next_dagrun for example_branch_python_operator_decorator to 2025-02-06 00:00:00+00:00, run_after=2025-02-07 00:00:00+00:00
[2025-02-07T08:13:39.901+0000] {processor.py:208} INFO - Processing /home/airflow/.local/lib/python3.12/site-packages/airflow/example_dags/example_branch_operator_decorator.py took 0.180 seconds
[2025-02-07T08:14:10.677+0000] {processor.py:186} INFO - Started process (PID=2371) to work on /home/airflow/.local/lib/python3.12/site-packages/airflow/example_dags/example_branch_operator_decorator.py
[2025-02-07T08:14:10.678+0000] {processor.py:914} INFO - Processing file /home/airflow/.local/lib/python3.12/site-packages/airflow/example_dags/example_branch_operator_decorator.py for tasks to queue
[2025-02-07T08:14:10.679+0000] {logging_mixin.py:190} INFO - [2025-02-07T08:14:10.679+0000] {dagbag.py:588} INFO - Filling up the DagBag from /home/airflow/.local/lib/python3.12/site-packages/airflow/example_dags/example_branch_operator_decorator.py
[2025-02-07T08:14:10.691+0000] {processor.py:925} INFO - DAG(s) 'example_branch_python_operator_decorator' retrieved from /home/airflow/.local/lib/python3.12/site-packages/airflow/example_dags/example_branch_operator_decorator.py
[2025-02-07T08:14:10.708+0000] {logging_mixin.py:190} INFO - [2025-02-07T08:14:10.707+0000] {dag.py:3239} INFO - Sync 1 DAGs
[2025-02-07T08:14:10.846+0000] {logging_mixin.py:190} INFO - [2025-02-07T08:14:10.846+0000] {dag.py:4180} INFO - Setting next_dagrun for example_branch_python_operator_decorator to 2025-02-06 00:00:00+00:00, run_after=2025-02-07 00:00:00+00:00
[2025-02-07T08:14:10.858+0000] {processor.py:208} INFO - Processing /home/airflow/.local/lib/python3.12/site-packages/airflow/example_dags/example_branch_operator_decorator.py took 0.188 seconds
[2025-02-07T08:14:40.902+0000] {processor.py:186} INFO - Started process (PID=2455) to work on /home/airflow/.local/lib/python3.12/site-packages/airflow/example_dags/example_branch_operator_decorator.py
[2025-02-07T08:14:40.905+0000] {processor.py:914} INFO - Processing file /home/airflow/.local/lib/python3.12/site-packages/airflow/example_dags/example_branch_operator_decorator.py for tasks to queue
[2025-02-07T08:14:40.906+0000] {logging_mixin.py:190} INFO - [2025-02-07T08:14:40.906+0000] {dagbag.py:588} INFO - Filling up the DagBag from /home/airflow/.local/lib/python3.12/site-packages/airflow/example_dags/example_branch_operator_decorator.py
[2025-02-07T08:14:40.919+0000] {processor.py:925} INFO - DAG(s) 'example_branch_python_operator_decorator' retrieved from /home/airflow/.local/lib/python3.12/site-packages/airflow/example_dags/example_branch_operator_decorator.py
[2025-02-07T08:14:40.938+0000] {logging_mixin.py:190} INFO - [2025-02-07T08:14:40.938+0000] {dag.py:3239} INFO - Sync 1 DAGs
[2025-02-07T08:14:41.072+0000] {logging_mixin.py:190} INFO - [2025-02-07T08:14:41.072+0000] {dag.py:4180} INFO - Setting next_dagrun for example_branch_python_operator_decorator to 2025-02-06 00:00:00+00:00, run_after=2025-02-07 00:00:00+00:00
[2025-02-07T08:14:41.087+0000] {processor.py:208} INFO - Processing /home/airflow/.local/lib/python3.12/site-packages/airflow/example_dags/example_branch_operator_decorator.py took 0.190 seconds
[2025-02-07T08:15:11.667+0000] {processor.py:186} INFO - Started process (PID=2541) to work on /home/airflow/.local/lib/python3.12/site-packages/airflow/example_dags/example_branch_operator_decorator.py
[2025-02-07T08:15:11.668+0000] {processor.py:914} INFO - Processing file /home/airflow/.local/lib/python3.12/site-packages/airflow/example_dags/example_branch_operator_decorator.py for tasks to queue
[2025-02-07T08:15:11.670+0000] {logging_mixin.py:190} INFO - [2025-02-07T08:15:11.670+0000] {dagbag.py:588} INFO - Filling up the DagBag from /home/airflow/.local/lib/python3.12/site-packages/airflow/example_dags/example_branch_operator_decorator.py
[2025-02-07T08:15:11.683+0000] {processor.py:925} INFO - DAG(s) 'example_branch_python_operator_decorator' retrieved from /home/airflow/.local/lib/python3.12/site-packages/airflow/example_dags/example_branch_operator_decorator.py
[2025-02-07T08:15:11.712+0000] {logging_mixin.py:190} INFO - [2025-02-07T08:15:11.712+0000] {dag.py:3239} INFO - Sync 1 DAGs
[2025-02-07T08:15:11.857+0000] {logging_mixin.py:190} INFO - [2025-02-07T08:15:11.857+0000] {dag.py:4180} INFO - Setting next_dagrun for example_branch_python_operator_decorator to 2025-02-06 00:00:00+00:00, run_after=2025-02-07 00:00:00+00:00
[2025-02-07T08:15:11.874+0000] {processor.py:208} INFO - Processing /home/airflow/.local/lib/python3.12/site-packages/airflow/example_dags/example_branch_operator_decorator.py took 0.213 seconds
[2025-02-07T08:15:42.911+0000] {processor.py:186} INFO - Started process (PID=2626) to work on /home/airflow/.local/lib/python3.12/site-packages/airflow/example_dags/example_branch_operator_decorator.py
[2025-02-07T08:15:42.912+0000] {processor.py:914} INFO - Processing file /home/airflow/.local/lib/python3.12/site-packages/airflow/example_dags/example_branch_operator_decorator.py for tasks to queue
[2025-02-07T08:15:42.914+0000] {logging_mixin.py:190} INFO - [2025-02-07T08:15:42.914+0000] {dagbag.py:588} INFO - Filling up the DagBag from /home/airflow/.local/lib/python3.12/site-packages/airflow/example_dags/example_branch_operator_decorator.py
[2025-02-07T08:15:42.927+0000] {processor.py:925} INFO - DAG(s) 'example_branch_python_operator_decorator' retrieved from /home/airflow/.local/lib/python3.12/site-packages/airflow/example_dags/example_branch_operator_decorator.py
[2025-02-07T08:15:42.962+0000] {logging_mixin.py:190} INFO - [2025-02-07T08:15:42.961+0000] {dag.py:3239} INFO - Sync 1 DAGs
[2025-02-07T08:15:43.106+0000] {logging_mixin.py:190} INFO - [2025-02-07T08:15:43.105+0000] {dag.py:4180} INFO - Setting next_dagrun for example_branch_python_operator_decorator to 2025-02-06 00:00:00+00:00, run_after=2025-02-07 00:00:00+00:00
[2025-02-07T08:15:43.119+0000] {processor.py:208} INFO - Processing /home/airflow/.local/lib/python3.12/site-packages/airflow/example_dags/example_branch_operator_decorator.py took 0.214 seconds
[2025-02-07T08:16:13.147+0000] {processor.py:186} INFO - Started process (PID=2710) to work on /home/airflow/.local/lib/python3.12/site-packages/airflow/example_dags/example_branch_operator_decorator.py
[2025-02-07T08:16:13.149+0000] {processor.py:914} INFO - Processing file /home/airflow/.local/lib/python3.12/site-packages/airflow/example_dags/example_branch_operator_decorator.py for tasks to queue
[2025-02-07T08:16:13.152+0000] {logging_mixin.py:190} INFO - [2025-02-07T08:16:13.151+0000] {dagbag.py:588} INFO - Filling up the DagBag from /home/airflow/.local/lib/python3.12/site-packages/airflow/example_dags/example_branch_operator_decorator.py
[2025-02-07T08:16:13.172+0000] {processor.py:925} INFO - DAG(s) 'example_branch_python_operator_decorator' retrieved from /home/airflow/.local/lib/python3.12/site-packages/airflow/example_dags/example_branch_operator_decorator.py
[2025-02-07T08:16:13.203+0000] {logging_mixin.py:190} INFO - [2025-02-07T08:16:13.203+0000] {dag.py:3239} INFO - Sync 1 DAGs
[2025-02-07T08:16:13.218+0000] {logging_mixin.py:190} INFO - [2025-02-07T08:16:13.218+0000] {dag.py:4180} INFO - Setting next_dagrun for example_branch_python_operator_decorator to 2025-02-06 00:00:00+00:00, run_after=2025-02-07 00:00:00+00:00
[2025-02-07T08:16:13.232+0000] {processor.py:208} INFO - Processing /home/airflow/.local/lib/python3.12/site-packages/airflow/example_dags/example_branch_operator_decorator.py took 0.092 seconds
[2025-02-07T08:16:43.298+0000] {processor.py:186} INFO - Started process (PID=2795) to work on /home/airflow/.local/lib/python3.12/site-packages/airflow/example_dags/example_branch_operator_decorator.py
[2025-02-07T08:16:43.301+0000] {processor.py:914} INFO - Processing file /home/airflow/.local/lib/python3.12/site-packages/airflow/example_dags/example_branch_operator_decorator.py for tasks to queue
[2025-02-07T08:16:43.304+0000] {logging_mixin.py:190} INFO - [2025-02-07T08:16:43.304+0000] {dagbag.py:588} INFO - Filling up the DagBag from /home/airflow/.local/lib/python3.12/site-packages/airflow/example_dags/example_branch_operator_decorator.py
[2025-02-07T08:16:43.321+0000] {processor.py:925} INFO - DAG(s) 'example_branch_python_operator_decorator' retrieved from /home/airflow/.local/lib/python3.12/site-packages/airflow/example_dags/example_branch_operator_decorator.py
[2025-02-07T08:16:43.337+0000] {logging_mixin.py:190} INFO - [2025-02-07T08:16:43.337+0000] {dag.py:3239} INFO - Sync 1 DAGs
[2025-02-07T08:16:43.351+0000] {logging_mixin.py:190} INFO - [2025-02-07T08:16:43.351+0000] {dag.py:4180} INFO - Setting next_dagrun for example_branch_python_operator_decorator to 2025-02-06 00:00:00+00:00, run_after=2025-02-07 00:00:00+00:00
[2025-02-07T08:16:43.361+0000] {processor.py:208} INFO - Processing /home/airflow/.local/lib/python3.12/site-packages/airflow/example_dags/example_branch_operator_decorator.py took 0.071 seconds
[2025-02-07T08:17:14.082+0000] {processor.py:186} INFO - Started process (PID=2880) to work on /home/airflow/.local/lib/python3.12/site-packages/airflow/example_dags/example_branch_operator_decorator.py
[2025-02-07T08:17:14.084+0000] {processor.py:914} INFO - Processing file /home/airflow/.local/lib/python3.12/site-packages/airflow/example_dags/example_branch_operator_decorator.py for tasks to queue
[2025-02-07T08:17:14.086+0000] {logging_mixin.py:190} INFO - [2025-02-07T08:17:14.086+0000] {dagbag.py:588} INFO - Filling up the DagBag from /home/airflow/.local/lib/python3.12/site-packages/airflow/example_dags/example_branch_operator_decorator.py
[2025-02-07T08:17:14.109+0000] {processor.py:925} INFO - DAG(s) 'example_branch_python_operator_decorator' retrieved from /home/airflow/.local/lib/python3.12/site-packages/airflow/example_dags/example_branch_operator_decorator.py
[2025-02-07T08:17:14.137+0000] {logging_mixin.py:190} INFO - [2025-02-07T08:17:14.137+0000] {dag.py:3239} INFO - Sync 1 DAGs
[2025-02-07T08:17:14.151+0000] {logging_mixin.py:190} INFO - [2025-02-07T08:17:14.150+0000] {dag.py:4180} INFO - Setting next_dagrun for example_branch_python_operator_decorator to 2025-02-06 00:00:00+00:00, run_after=2025-02-07 00:00:00+00:00
[2025-02-07T08:17:14.163+0000] {processor.py:208} INFO - Processing /home/airflow/.local/lib/python3.12/site-packages/airflow/example_dags/example_branch_operator_decorator.py took 0.088 seconds
[2025-02-07T08:17:44.897+0000] {processor.py:186} INFO - Started process (PID=2965) to work on /home/airflow/.local/lib/python3.12/site-packages/airflow/example_dags/example_branch_operator_decorator.py
[2025-02-07T08:17:44.923+0000] {processor.py:914} INFO - Processing file /home/airflow/.local/lib/python3.12/site-packages/airflow/example_dags/example_branch_operator_decorator.py for tasks to queue
[2025-02-07T08:17:44.927+0000] {logging_mixin.py:190} INFO - [2025-02-07T08:17:44.927+0000] {dagbag.py:588} INFO - Filling up the DagBag from /home/airflow/.local/lib/python3.12/site-packages/airflow/example_dags/example_branch_operator_decorator.py
[2025-02-07T08:17:44.941+0000] {processor.py:925} INFO - DAG(s) 'example_branch_python_operator_decorator' retrieved from /home/airflow/.local/lib/python3.12/site-packages/airflow/example_dags/example_branch_operator_decorator.py
[2025-02-07T08:17:44.962+0000] {logging_mixin.py:190} INFO - [2025-02-07T08:17:44.962+0000] {dag.py:3239} INFO - Sync 1 DAGs
[2025-02-07T08:17:44.975+0000] {logging_mixin.py:190} INFO - [2025-02-07T08:17:44.975+0000] {dag.py:4180} INFO - Setting next_dagrun for example_branch_python_operator_decorator to 2025-02-06 00:00:00+00:00, run_after=2025-02-07 00:00:00+00:00
[2025-02-07T08:17:44.985+0000] {processor.py:208} INFO - Processing /home/airflow/.local/lib/python3.12/site-packages/airflow/example_dags/example_branch_operator_decorator.py took 0.093 seconds
[2025-02-07T08:18:15.533+0000] {processor.py:186} INFO - Started process (PID=3050) to work on /home/airflow/.local/lib/python3.12/site-packages/airflow/example_dags/example_branch_operator_decorator.py
[2025-02-07T08:18:15.536+0000] {processor.py:914} INFO - Processing file /home/airflow/.local/lib/python3.12/site-packages/airflow/example_dags/example_branch_operator_decorator.py for tasks to queue
[2025-02-07T08:18:15.538+0000] {logging_mixin.py:190} INFO - [2025-02-07T08:18:15.538+0000] {dagbag.py:588} INFO - Filling up the DagBag from /home/airflow/.local/lib/python3.12/site-packages/airflow/example_dags/example_branch_operator_decorator.py
[2025-02-07T08:18:15.554+0000] {processor.py:925} INFO - DAG(s) 'example_branch_python_operator_decorator' retrieved from /home/airflow/.local/lib/python3.12/site-packages/airflow/example_dags/example_branch_operator_decorator.py
[2025-02-07T08:18:15.582+0000] {logging_mixin.py:190} INFO - [2025-02-07T08:18:15.582+0000] {dag.py:3239} INFO - Sync 1 DAGs
[2025-02-07T08:18:15.609+0000] {logging_mixin.py:190} INFO - [2025-02-07T08:18:15.609+0000] {dag.py:4180} INFO - Setting next_dagrun for example_branch_python_operator_decorator to 2025-02-06 00:00:00+00:00, run_after=2025-02-07 00:00:00+00:00
[2025-02-07T08:18:15.628+0000] {processor.py:208} INFO - Processing /home/airflow/.local/lib/python3.12/site-packages/airflow/example_dags/example_branch_operator_decorator.py took 0.101 seconds
[2025-02-07T08:18:46.437+0000] {processor.py:186} INFO - Started process (PID=3135) to work on /home/airflow/.local/lib/python3.12/site-packages/airflow/example_dags/example_branch_operator_decorator.py
[2025-02-07T08:18:46.440+0000] {processor.py:914} INFO - Processing file /home/airflow/.local/lib/python3.12/site-packages/airflow/example_dags/example_branch_operator_decorator.py for tasks to queue
[2025-02-07T08:18:46.443+0000] {logging_mixin.py:190} INFO - [2025-02-07T08:18:46.442+0000] {dagbag.py:588} INFO - Filling up the DagBag from /home/airflow/.local/lib/python3.12/site-packages/airflow/example_dags/example_branch_operator_decorator.py
[2025-02-07T08:18:46.459+0000] {processor.py:925} INFO - DAG(s) 'example_branch_python_operator_decorator' retrieved from /home/airflow/.local/lib/python3.12/site-packages/airflow/example_dags/example_branch_operator_decorator.py
[2025-02-07T08:18:46.484+0000] {logging_mixin.py:190} INFO - [2025-02-07T08:18:46.484+0000] {dag.py:3239} INFO - Sync 1 DAGs
[2025-02-07T08:18:46.511+0000] {logging_mixin.py:190} INFO - [2025-02-07T08:18:46.510+0000] {dag.py:4180} INFO - Setting next_dagrun for example_branch_python_operator_decorator to 2025-02-06 00:00:00+00:00, run_after=2025-02-07 00:00:00+00:00
[2025-02-07T08:18:46.528+0000] {processor.py:208} INFO - Processing /home/airflow/.local/lib/python3.12/site-packages/airflow/example_dags/example_branch_operator_decorator.py took 0.097 seconds
[2025-02-07T08:19:16.603+0000] {processor.py:186} INFO - Started process (PID=3220) to work on /home/airflow/.local/lib/python3.12/site-packages/airflow/example_dags/example_branch_operator_decorator.py
[2025-02-07T08:19:16.604+0000] {processor.py:914} INFO - Processing file /home/airflow/.local/lib/python3.12/site-packages/airflow/example_dags/example_branch_operator_decorator.py for tasks to queue
[2025-02-07T08:19:16.607+0000] {logging_mixin.py:190} INFO - [2025-02-07T08:19:16.606+0000] {dagbag.py:588} INFO - Filling up the DagBag from /home/airflow/.local/lib/python3.12/site-packages/airflow/example_dags/example_branch_operator_decorator.py
[2025-02-07T08:19:16.624+0000] {processor.py:925} INFO - DAG(s) 'example_branch_python_operator_decorator' retrieved from /home/airflow/.local/lib/python3.12/site-packages/airflow/example_dags/example_branch_operator_decorator.py
[2025-02-07T08:19:16.641+0000] {logging_mixin.py:190} INFO - [2025-02-07T08:19:16.640+0000] {dag.py:3239} INFO - Sync 1 DAGs
[2025-02-07T08:19:16.656+0000] {logging_mixin.py:190} INFO - [2025-02-07T08:19:16.655+0000] {dag.py:4180} INFO - Setting next_dagrun for example_branch_python_operator_decorator to 2025-02-06 00:00:00+00:00, run_after=2025-02-07 00:00:00+00:00
[2025-02-07T08:19:16.668+0000] {processor.py:208} INFO - Processing /home/airflow/.local/lib/python3.12/site-packages/airflow/example_dags/example_branch_operator_decorator.py took 0.071 seconds
[2025-02-07T08:19:46.824+0000] {processor.py:186} INFO - Started process (PID=3305) to work on /home/airflow/.local/lib/python3.12/site-packages/airflow/example_dags/example_branch_operator_decorator.py
[2025-02-07T08:19:46.826+0000] {processor.py:914} INFO - Processing file /home/airflow/.local/lib/python3.12/site-packages/airflow/example_dags/example_branch_operator_decorator.py for tasks to queue
[2025-02-07T08:19:46.828+0000] {logging_mixin.py:190} INFO - [2025-02-07T08:19:46.828+0000] {dagbag.py:588} INFO - Filling up the DagBag from /home/airflow/.local/lib/python3.12/site-packages/airflow/example_dags/example_branch_operator_decorator.py
[2025-02-07T08:19:46.841+0000] {processor.py:925} INFO - DAG(s) 'example_branch_python_operator_decorator' retrieved from /home/airflow/.local/lib/python3.12/site-packages/airflow/example_dags/example_branch_operator_decorator.py
[2025-02-07T08:19:46.859+0000] {logging_mixin.py:190} INFO - [2025-02-07T08:19:46.858+0000] {dag.py:3239} INFO - Sync 1 DAGs
[2025-02-07T08:19:46.874+0000] {logging_mixin.py:190} INFO - [2025-02-07T08:19:46.874+0000] {dag.py:4180} INFO - Setting next_dagrun for example_branch_python_operator_decorator to 2025-02-06 00:00:00+00:00, run_after=2025-02-07 00:00:00+00:00
[2025-02-07T08:19:46.886+0000] {processor.py:208} INFO - Processing /home/airflow/.local/lib/python3.12/site-packages/airflow/example_dags/example_branch_operator_decorator.py took 0.068 seconds
[2025-02-07T08:20:17.660+0000] {processor.py:186} INFO - Started process (PID=3390) to work on /home/airflow/.local/lib/python3.12/site-packages/airflow/example_dags/example_branch_operator_decorator.py
[2025-02-07T08:20:17.662+0000] {processor.py:914} INFO - Processing file /home/airflow/.local/lib/python3.12/site-packages/airflow/example_dags/example_branch_operator_decorator.py for tasks to queue
[2025-02-07T08:20:17.665+0000] {logging_mixin.py:190} INFO - [2025-02-07T08:20:17.665+0000] {dagbag.py:588} INFO - Filling up the DagBag from /home/airflow/.local/lib/python3.12/site-packages/airflow/example_dags/example_branch_operator_decorator.py
[2025-02-07T08:20:17.681+0000] {processor.py:925} INFO - DAG(s) 'example_branch_python_operator_decorator' retrieved from /home/airflow/.local/lib/python3.12/site-packages/airflow/example_dags/example_branch_operator_decorator.py
[2025-02-07T08:20:17.700+0000] {logging_mixin.py:190} INFO - [2025-02-07T08:20:17.700+0000] {dag.py:3239} INFO - Sync 1 DAGs
[2025-02-07T08:20:17.714+0000] {logging_mixin.py:190} INFO - [2025-02-07T08:20:17.714+0000] {dag.py:4180} INFO - Setting next_dagrun for example_branch_python_operator_decorator to 2025-02-06 00:00:00+00:00, run_after=2025-02-07 00:00:00+00:00
[2025-02-07T08:20:17.725+0000] {processor.py:208} INFO - Processing /home/airflow/.local/lib/python3.12/site-packages/airflow/example_dags/example_branch_operator_decorator.py took 0.071 seconds
