[2025-02-07T08:00:29.744+0000] {processor.py:186} INFO - Started process (PID=137) to work on /home/airflow/.local/lib/python3.12/site-packages/airflow/example_dags/example_python_decorator.py
[2025-02-07T08:00:29.744+0000] {processor.py:914} INFO - Processing file /home/airflow/.local/lib/python3.12/site-packages/airflow/example_dags/example_python_decorator.py for tasks to queue
[2025-02-07T08:00:29.746+0000] {logging_mixin.py:190} INFO - [2025-02-07T08:00:29.746+0000] {dagbag.py:588} INFO - Filling up the DagBag from /home/airflow/.local/lib/python3.12/site-packages/airflow/example_dags/example_python_decorator.py
[2025-02-07T08:00:29.758+0000] {processor.py:925} INFO - DAG(s) 'example_python_decorator' retrieved from /home/airflow/.local/lib/python3.12/site-packages/airflow/example_dags/example_python_decorator.py
[2025-02-07T08:00:29.848+0000] {logging_mixin.py:190} INFO - [2025-02-07T08:00:29.848+0000] {dag.py:3239} INFO - Sync 1 DAGs
[2025-02-07T08:00:29.857+0000] {logging_mixin.py:190} INFO - [2025-02-07T08:00:29.857+0000] {dag.py:4180} INFO - Setting next_dagrun for example_python_decorator to None, run_after=None
[2025-02-07T08:00:29.874+0000] {processor.py:208} INFO - Processing /home/airflow/.local/lib/python3.12/site-packages/airflow/example_dags/example_python_decorator.py took 0.134 seconds
[2025-02-07T08:01:00.666+0000] {processor.py:186} INFO - Started process (PID=225) to work on /home/airflow/.local/lib/python3.12/site-packages/airflow/example_dags/example_python_decorator.py
[2025-02-07T08:01:00.667+0000] {processor.py:914} INFO - Processing file /home/airflow/.local/lib/python3.12/site-packages/airflow/example_dags/example_python_decorator.py for tasks to queue
[2025-02-07T08:01:00.668+0000] {logging_mixin.py:190} INFO - [2025-02-07T08:01:00.668+0000] {dagbag.py:588} INFO - Filling up the DagBag from /home/airflow/.local/lib/python3.12/site-packages/airflow/example_dags/example_python_decorator.py
[2025-02-07T08:01:00.676+0000] {processor.py:925} INFO - DAG(s) 'example_python_decorator' retrieved from /home/airflow/.local/lib/python3.12/site-packages/airflow/example_dags/example_python_decorator.py
[2025-02-07T08:01:00.690+0000] {logging_mixin.py:190} INFO - [2025-02-07T08:01:00.690+0000] {dag.py:3239} INFO - Sync 1 DAGs
[2025-02-07T08:01:00.698+0000] {logging_mixin.py:190} INFO - [2025-02-07T08:01:00.698+0000] {dag.py:4180} INFO - Setting next_dagrun for example_python_decorator to None, run_after=None
[2025-02-07T08:01:00.709+0000] {processor.py:208} INFO - Processing /home/airflow/.local/lib/python3.12/site-packages/airflow/example_dags/example_python_decorator.py took 0.045 seconds
[2025-02-07T08:01:31.464+0000] {processor.py:186} INFO - Started process (PID=310) to work on /home/airflow/.local/lib/python3.12/site-packages/airflow/example_dags/example_python_decorator.py
[2025-02-07T08:01:31.464+0000] {processor.py:914} INFO - Processing file /home/airflow/.local/lib/python3.12/site-packages/airflow/example_dags/example_python_decorator.py for tasks to queue
[2025-02-07T08:01:31.466+0000] {logging_mixin.py:190} INFO - [2025-02-07T08:01:31.465+0000] {dagbag.py:588} INFO - Filling up the DagBag from /home/airflow/.local/lib/python3.12/site-packages/airflow/example_dags/example_python_decorator.py
[2025-02-07T08:01:31.474+0000] {processor.py:925} INFO - DAG(s) 'example_python_decorator' retrieved from /home/airflow/.local/lib/python3.12/site-packages/airflow/example_dags/example_python_decorator.py
[2025-02-07T08:01:31.488+0000] {logging_mixin.py:190} INFO - [2025-02-07T08:01:31.488+0000] {dag.py:3239} INFO - Sync 1 DAGs
[2025-02-07T08:01:31.496+0000] {logging_mixin.py:190} INFO - [2025-02-07T08:01:31.496+0000] {dag.py:4180} INFO - Setting next_dagrun for example_python_decorator to None, run_after=None
[2025-02-07T08:01:31.506+0000] {processor.py:208} INFO - Processing /home/airflow/.local/lib/python3.12/site-packages/airflow/example_dags/example_python_decorator.py took 0.046 seconds
[2025-02-07T08:02:02.460+0000] {processor.py:186} INFO - Started process (PID=395) to work on /home/airflow/.local/lib/python3.12/site-packages/airflow/example_dags/example_python_decorator.py
[2025-02-07T08:02:02.460+0000] {processor.py:914} INFO - Processing file /home/airflow/.local/lib/python3.12/site-packages/airflow/example_dags/example_python_decorator.py for tasks to queue
[2025-02-07T08:02:02.461+0000] {logging_mixin.py:190} INFO - [2025-02-07T08:02:02.461+0000] {dagbag.py:588} INFO - Filling up the DagBag from /home/airflow/.local/lib/python3.12/site-packages/airflow/example_dags/example_python_decorator.py
[2025-02-07T08:02:02.469+0000] {processor.py:925} INFO - DAG(s) 'example_python_decorator' retrieved from /home/airflow/.local/lib/python3.12/site-packages/airflow/example_dags/example_python_decorator.py
[2025-02-07T08:02:02.486+0000] {logging_mixin.py:190} INFO - [2025-02-07T08:02:02.486+0000] {dag.py:3239} INFO - Sync 1 DAGs
[2025-02-07T08:02:02.496+0000] {logging_mixin.py:190} INFO - [2025-02-07T08:02:02.496+0000] {dag.py:4180} INFO - Setting next_dagrun for example_python_decorator to None, run_after=None
[2025-02-07T08:02:02.506+0000] {processor.py:208} INFO - Processing /home/airflow/.local/lib/python3.12/site-packages/airflow/example_dags/example_python_decorator.py took 0.051 seconds
[2025-02-07T08:02:33.452+0000] {processor.py:186} INFO - Started process (PID=480) to work on /home/airflow/.local/lib/python3.12/site-packages/airflow/example_dags/example_python_decorator.py
[2025-02-07T08:02:33.453+0000] {processor.py:914} INFO - Processing file /home/airflow/.local/lib/python3.12/site-packages/airflow/example_dags/example_python_decorator.py for tasks to queue
[2025-02-07T08:02:33.454+0000] {logging_mixin.py:190} INFO - [2025-02-07T08:02:33.454+0000] {dagbag.py:588} INFO - Filling up the DagBag from /home/airflow/.local/lib/python3.12/site-packages/airflow/example_dags/example_python_decorator.py
[2025-02-07T08:02:33.462+0000] {processor.py:925} INFO - DAG(s) 'example_python_decorator' retrieved from /home/airflow/.local/lib/python3.12/site-packages/airflow/example_dags/example_python_decorator.py
[2025-02-07T08:02:33.479+0000] {logging_mixin.py:190} INFO - [2025-02-07T08:02:33.479+0000] {dag.py:3239} INFO - Sync 1 DAGs
[2025-02-07T08:02:33.493+0000] {logging_mixin.py:190} INFO - [2025-02-07T08:02:33.493+0000] {dag.py:4180} INFO - Setting next_dagrun for example_python_decorator to None, run_after=None
[2025-02-07T08:02:33.506+0000] {processor.py:208} INFO - Processing /home/airflow/.local/lib/python3.12/site-packages/airflow/example_dags/example_python_decorator.py took 0.059 seconds
[2025-02-07T08:03:04.305+0000] {processor.py:186} INFO - Started process (PID=565) to work on /home/airflow/.local/lib/python3.12/site-packages/airflow/example_dags/example_python_decorator.py
[2025-02-07T08:03:04.306+0000] {processor.py:914} INFO - Processing file /home/airflow/.local/lib/python3.12/site-packages/airflow/example_dags/example_python_decorator.py for tasks to queue
[2025-02-07T08:03:04.307+0000] {logging_mixin.py:190} INFO - [2025-02-07T08:03:04.307+0000] {dagbag.py:588} INFO - Filling up the DagBag from /home/airflow/.local/lib/python3.12/site-packages/airflow/example_dags/example_python_decorator.py
[2025-02-07T08:03:04.315+0000] {processor.py:925} INFO - DAG(s) 'example_python_decorator' retrieved from /home/airflow/.local/lib/python3.12/site-packages/airflow/example_dags/example_python_decorator.py
[2025-02-07T08:03:04.332+0000] {logging_mixin.py:190} INFO - [2025-02-07T08:03:04.332+0000] {dag.py:3239} INFO - Sync 1 DAGs
[2025-02-07T08:03:04.342+0000] {logging_mixin.py:190} INFO - [2025-02-07T08:03:04.342+0000] {dag.py:4180} INFO - Setting next_dagrun for example_python_decorator to None, run_after=None
[2025-02-07T08:03:04.357+0000] {processor.py:208} INFO - Processing /home/airflow/.local/lib/python3.12/site-packages/airflow/example_dags/example_python_decorator.py took 0.056 seconds
[2025-02-07T08:03:35.186+0000] {processor.py:186} INFO - Started process (PID=650) to work on /home/airflow/.local/lib/python3.12/site-packages/airflow/example_dags/example_python_decorator.py
[2025-02-07T08:03:35.186+0000] {processor.py:914} INFO - Processing file /home/airflow/.local/lib/python3.12/site-packages/airflow/example_dags/example_python_decorator.py for tasks to queue
[2025-02-07T08:03:35.188+0000] {logging_mixin.py:190} INFO - [2025-02-07T08:03:35.188+0000] {dagbag.py:588} INFO - Filling up the DagBag from /home/airflow/.local/lib/python3.12/site-packages/airflow/example_dags/example_python_decorator.py
[2025-02-07T08:03:35.197+0000] {processor.py:925} INFO - DAG(s) 'example_python_decorator' retrieved from /home/airflow/.local/lib/python3.12/site-packages/airflow/example_dags/example_python_decorator.py
[2025-02-07T08:03:35.213+0000] {logging_mixin.py:190} INFO - [2025-02-07T08:03:35.213+0000] {dag.py:3239} INFO - Sync 1 DAGs
[2025-02-07T08:03:35.223+0000] {logging_mixin.py:190} INFO - [2025-02-07T08:03:35.223+0000] {dag.py:4180} INFO - Setting next_dagrun for example_python_decorator to None, run_after=None
[2025-02-07T08:03:35.235+0000] {processor.py:208} INFO - Processing /home/airflow/.local/lib/python3.12/site-packages/airflow/example_dags/example_python_decorator.py took 0.053 seconds
[2025-02-07T08:04:06.163+0000] {processor.py:186} INFO - Started process (PID=735) to work on /home/airflow/.local/lib/python3.12/site-packages/airflow/example_dags/example_python_decorator.py
[2025-02-07T08:04:06.163+0000] {processor.py:914} INFO - Processing file /home/airflow/.local/lib/python3.12/site-packages/airflow/example_dags/example_python_decorator.py for tasks to queue
[2025-02-07T08:04:06.165+0000] {logging_mixin.py:190} INFO - [2025-02-07T08:04:06.165+0000] {dagbag.py:588} INFO - Filling up the DagBag from /home/airflow/.local/lib/python3.12/site-packages/airflow/example_dags/example_python_decorator.py
[2025-02-07T08:04:06.173+0000] {processor.py:925} INFO - DAG(s) 'example_python_decorator' retrieved from /home/airflow/.local/lib/python3.12/site-packages/airflow/example_dags/example_python_decorator.py
[2025-02-07T08:04:06.189+0000] {logging_mixin.py:190} INFO - [2025-02-07T08:04:06.188+0000] {dag.py:3239} INFO - Sync 1 DAGs
[2025-02-07T08:04:06.198+0000] {logging_mixin.py:190} INFO - [2025-02-07T08:04:06.198+0000] {dag.py:4180} INFO - Setting next_dagrun for example_python_decorator to None, run_after=None
[2025-02-07T08:04:06.211+0000] {processor.py:208} INFO - Processing /home/airflow/.local/lib/python3.12/site-packages/airflow/example_dags/example_python_decorator.py took 0.052 seconds
[2025-02-07T08:04:36.262+0000] {processor.py:186} INFO - Started process (PID=819) to work on /home/airflow/.local/lib/python3.12/site-packages/airflow/example_dags/example_python_decorator.py
[2025-02-07T08:04:36.262+0000] {processor.py:914} INFO - Processing file /home/airflow/.local/lib/python3.12/site-packages/airflow/example_dags/example_python_decorator.py for tasks to queue
[2025-02-07T08:04:36.264+0000] {logging_mixin.py:190} INFO - [2025-02-07T08:04:36.263+0000] {dagbag.py:588} INFO - Filling up the DagBag from /home/airflow/.local/lib/python3.12/site-packages/airflow/example_dags/example_python_decorator.py
[2025-02-07T08:04:36.272+0000] {processor.py:925} INFO - DAG(s) 'example_python_decorator' retrieved from /home/airflow/.local/lib/python3.12/site-packages/airflow/example_dags/example_python_decorator.py
[2025-02-07T08:04:36.284+0000] {logging_mixin.py:190} INFO - [2025-02-07T08:04:36.284+0000] {dag.py:3239} INFO - Sync 1 DAGs
[2025-02-07T08:04:36.291+0000] {logging_mixin.py:190} INFO - [2025-02-07T08:04:36.291+0000] {dag.py:4180} INFO - Setting next_dagrun for example_python_decorator to None, run_after=None
[2025-02-07T08:04:36.301+0000] {processor.py:208} INFO - Processing /home/airflow/.local/lib/python3.12/site-packages/airflow/example_dags/example_python_decorator.py took 0.044 seconds
[2025-02-07T08:05:07.148+0000] {processor.py:186} INFO - Started process (PID=905) to work on /home/airflow/.local/lib/python3.12/site-packages/airflow/example_dags/example_python_decorator.py
[2025-02-07T08:05:07.148+0000] {processor.py:914} INFO - Processing file /home/airflow/.local/lib/python3.12/site-packages/airflow/example_dags/example_python_decorator.py for tasks to queue
[2025-02-07T08:05:07.149+0000] {logging_mixin.py:190} INFO - [2025-02-07T08:05:07.149+0000] {dagbag.py:588} INFO - Filling up the DagBag from /home/airflow/.local/lib/python3.12/site-packages/airflow/example_dags/example_python_decorator.py
[2025-02-07T08:05:07.157+0000] {processor.py:925} INFO - DAG(s) 'example_python_decorator' retrieved from /home/airflow/.local/lib/python3.12/site-packages/airflow/example_dags/example_python_decorator.py
[2025-02-07T08:05:07.175+0000] {logging_mixin.py:190} INFO - [2025-02-07T08:05:07.175+0000] {dag.py:3239} INFO - Sync 1 DAGs
[2025-02-07T08:05:07.185+0000] {logging_mixin.py:190} INFO - [2025-02-07T08:05:07.185+0000] {dag.py:4180} INFO - Setting next_dagrun for example_python_decorator to None, run_after=None
[2025-02-07T08:05:07.199+0000] {processor.py:208} INFO - Processing /home/airflow/.local/lib/python3.12/site-packages/airflow/example_dags/example_python_decorator.py took 0.054 seconds
[2025-02-07T08:05:38.504+0000] {processor.py:186} INFO - Started process (PID=990) to work on /home/airflow/.local/lib/python3.12/site-packages/airflow/example_dags/example_python_decorator.py
[2025-02-07T08:05:38.505+0000] {processor.py:914} INFO - Processing file /home/airflow/.local/lib/python3.12/site-packages/airflow/example_dags/example_python_decorator.py for tasks to queue
[2025-02-07T08:05:38.506+0000] {logging_mixin.py:190} INFO - [2025-02-07T08:05:38.506+0000] {dagbag.py:588} INFO - Filling up the DagBag from /home/airflow/.local/lib/python3.12/site-packages/airflow/example_dags/example_python_decorator.py
[2025-02-07T08:05:38.516+0000] {processor.py:925} INFO - DAG(s) 'example_python_decorator' retrieved from /home/airflow/.local/lib/python3.12/site-packages/airflow/example_dags/example_python_decorator.py
[2025-02-07T08:05:38.536+0000] {logging_mixin.py:190} INFO - [2025-02-07T08:05:38.536+0000] {dag.py:3239} INFO - Sync 1 DAGs
[2025-02-07T08:05:38.544+0000] {logging_mixin.py:190} INFO - [2025-02-07T08:05:38.544+0000] {dag.py:4180} INFO - Setting next_dagrun for example_python_decorator to None, run_after=None
[2025-02-07T08:05:38.559+0000] {processor.py:208} INFO - Processing /home/airflow/.local/lib/python3.12/site-packages/airflow/example_dags/example_python_decorator.py took 0.060 seconds
[2025-02-07T08:06:09.425+0000] {processor.py:186} INFO - Started process (PID=1075) to work on /home/airflow/.local/lib/python3.12/site-packages/airflow/example_dags/example_python_decorator.py
[2025-02-07T08:06:09.426+0000] {processor.py:914} INFO - Processing file /home/airflow/.local/lib/python3.12/site-packages/airflow/example_dags/example_python_decorator.py for tasks to queue
[2025-02-07T08:06:09.427+0000] {logging_mixin.py:190} INFO - [2025-02-07T08:06:09.427+0000] {dagbag.py:588} INFO - Filling up the DagBag from /home/airflow/.local/lib/python3.12/site-packages/airflow/example_dags/example_python_decorator.py
[2025-02-07T08:06:09.435+0000] {processor.py:925} INFO - DAG(s) 'example_python_decorator' retrieved from /home/airflow/.local/lib/python3.12/site-packages/airflow/example_dags/example_python_decorator.py
[2025-02-07T08:06:09.448+0000] {logging_mixin.py:190} INFO - [2025-02-07T08:06:09.448+0000] {dag.py:3239} INFO - Sync 1 DAGs
[2025-02-07T08:06:09.456+0000] {logging_mixin.py:190} INFO - [2025-02-07T08:06:09.456+0000] {dag.py:4180} INFO - Setting next_dagrun for example_python_decorator to None, run_after=None
[2025-02-07T08:06:09.466+0000] {processor.py:208} INFO - Processing /home/airflow/.local/lib/python3.12/site-packages/airflow/example_dags/example_python_decorator.py took 0.045 seconds
[2025-02-07T08:06:40.476+0000] {processor.py:186} INFO - Started process (PID=1160) to work on /home/airflow/.local/lib/python3.12/site-packages/airflow/example_dags/example_python_decorator.py
[2025-02-07T08:06:40.477+0000] {processor.py:914} INFO - Processing file /home/airflow/.local/lib/python3.12/site-packages/airflow/example_dags/example_python_decorator.py for tasks to queue
[2025-02-07T08:06:40.478+0000] {logging_mixin.py:190} INFO - [2025-02-07T08:06:40.478+0000] {dagbag.py:588} INFO - Filling up the DagBag from /home/airflow/.local/lib/python3.12/site-packages/airflow/example_dags/example_python_decorator.py
[2025-02-07T08:06:40.487+0000] {processor.py:925} INFO - DAG(s) 'example_python_decorator' retrieved from /home/airflow/.local/lib/python3.12/site-packages/airflow/example_dags/example_python_decorator.py
[2025-02-07T08:06:40.502+0000] {logging_mixin.py:190} INFO - [2025-02-07T08:06:40.502+0000] {dag.py:3239} INFO - Sync 1 DAGs
[2025-02-07T08:06:40.514+0000] {logging_mixin.py:190} INFO - [2025-02-07T08:06:40.514+0000] {dag.py:4180} INFO - Setting next_dagrun for example_python_decorator to None, run_after=None
[2025-02-07T08:06:40.527+0000] {processor.py:208} INFO - Processing /home/airflow/.local/lib/python3.12/site-packages/airflow/example_dags/example_python_decorator.py took 0.055 seconds
[2025-02-07T08:07:11.437+0000] {processor.py:186} INFO - Started process (PID=1245) to work on /home/airflow/.local/lib/python3.12/site-packages/airflow/example_dags/example_python_decorator.py
[2025-02-07T08:07:11.438+0000] {processor.py:914} INFO - Processing file /home/airflow/.local/lib/python3.12/site-packages/airflow/example_dags/example_python_decorator.py for tasks to queue
[2025-02-07T08:07:11.439+0000] {logging_mixin.py:190} INFO - [2025-02-07T08:07:11.439+0000] {dagbag.py:588} INFO - Filling up the DagBag from /home/airflow/.local/lib/python3.12/site-packages/airflow/example_dags/example_python_decorator.py
[2025-02-07T08:07:11.447+0000] {processor.py:925} INFO - DAG(s) 'example_python_decorator' retrieved from /home/airflow/.local/lib/python3.12/site-packages/airflow/example_dags/example_python_decorator.py
[2025-02-07T08:07:11.464+0000] {logging_mixin.py:190} INFO - [2025-02-07T08:07:11.463+0000] {dag.py:3239} INFO - Sync 1 DAGs
[2025-02-07T08:07:11.474+0000] {logging_mixin.py:190} INFO - [2025-02-07T08:07:11.474+0000] {dag.py:4180} INFO - Setting next_dagrun for example_python_decorator to None, run_after=None
[2025-02-07T08:07:11.489+0000] {processor.py:208} INFO - Processing /home/airflow/.local/lib/python3.12/site-packages/airflow/example_dags/example_python_decorator.py took 0.055 seconds
[2025-02-07T08:07:41.932+0000] {processor.py:186} INFO - Started process (PID=1330) to work on /home/airflow/.local/lib/python3.12/site-packages/airflow/example_dags/example_python_decorator.py
[2025-02-07T08:07:41.934+0000] {processor.py:914} INFO - Processing file /home/airflow/.local/lib/python3.12/site-packages/airflow/example_dags/example_python_decorator.py for tasks to queue
[2025-02-07T08:07:41.937+0000] {logging_mixin.py:190} INFO - [2025-02-07T08:07:41.936+0000] {dagbag.py:588} INFO - Filling up the DagBag from /home/airflow/.local/lib/python3.12/site-packages/airflow/example_dags/example_python_decorator.py
[2025-02-07T08:07:41.951+0000] {processor.py:925} INFO - DAG(s) 'example_python_decorator' retrieved from /home/airflow/.local/lib/python3.12/site-packages/airflow/example_dags/example_python_decorator.py
[2025-02-07T08:07:41.975+0000] {logging_mixin.py:190} INFO - [2025-02-07T08:07:41.975+0000] {dag.py:3239} INFO - Sync 1 DAGs
[2025-02-07T08:07:41.988+0000] {logging_mixin.py:190} INFO - [2025-02-07T08:07:41.988+0000] {dag.py:4180} INFO - Setting next_dagrun for example_python_decorator to None, run_after=None
[2025-02-07T08:07:41.998+0000] {processor.py:208} INFO - Processing /home/airflow/.local/lib/python3.12/site-packages/airflow/example_dags/example_python_decorator.py took 0.075 seconds
[2025-02-07T08:08:12.481+0000] {processor.py:186} INFO - Started process (PID=1415) to work on /home/airflow/.local/lib/python3.12/site-packages/airflow/example_dags/example_python_decorator.py
[2025-02-07T08:08:12.482+0000] {processor.py:914} INFO - Processing file /home/airflow/.local/lib/python3.12/site-packages/airflow/example_dags/example_python_decorator.py for tasks to queue
[2025-02-07T08:08:12.484+0000] {logging_mixin.py:190} INFO - [2025-02-07T08:08:12.484+0000] {dagbag.py:588} INFO - Filling up the DagBag from /home/airflow/.local/lib/python3.12/site-packages/airflow/example_dags/example_python_decorator.py
[2025-02-07T08:08:12.494+0000] {processor.py:925} INFO - DAG(s) 'example_python_decorator' retrieved from /home/airflow/.local/lib/python3.12/site-packages/airflow/example_dags/example_python_decorator.py
[2025-02-07T08:08:12.506+0000] {logging_mixin.py:190} INFO - [2025-02-07T08:08:12.506+0000] {dag.py:3239} INFO - Sync 1 DAGs
[2025-02-07T08:08:12.514+0000] {logging_mixin.py:190} INFO - [2025-02-07T08:08:12.513+0000] {dag.py:4180} INFO - Setting next_dagrun for example_python_decorator to None, run_after=None
[2025-02-07T08:08:12.525+0000] {processor.py:208} INFO - Processing /home/airflow/.local/lib/python3.12/site-packages/airflow/example_dags/example_python_decorator.py took 0.047 seconds
[2025-02-07T08:08:43.742+0000] {processor.py:186} INFO - Started process (PID=1500) to work on /home/airflow/.local/lib/python3.12/site-packages/airflow/example_dags/example_python_decorator.py
[2025-02-07T08:08:43.743+0000] {processor.py:914} INFO - Processing file /home/airflow/.local/lib/python3.12/site-packages/airflow/example_dags/example_python_decorator.py for tasks to queue
[2025-02-07T08:08:43.744+0000] {logging_mixin.py:190} INFO - [2025-02-07T08:08:43.744+0000] {dagbag.py:588} INFO - Filling up the DagBag from /home/airflow/.local/lib/python3.12/site-packages/airflow/example_dags/example_python_decorator.py
[2025-02-07T08:08:43.754+0000] {processor.py:925} INFO - DAG(s) 'example_python_decorator' retrieved from /home/airflow/.local/lib/python3.12/site-packages/airflow/example_dags/example_python_decorator.py
[2025-02-07T08:08:43.775+0000] {logging_mixin.py:190} INFO - [2025-02-07T08:08:43.774+0000] {dag.py:3239} INFO - Sync 1 DAGs
[2025-02-07T08:08:43.786+0000] {logging_mixin.py:190} INFO - [2025-02-07T08:08:43.786+0000] {dag.py:4180} INFO - Setting next_dagrun for example_python_decorator to None, run_after=None
[2025-02-07T08:08:43.803+0000] {processor.py:208} INFO - Processing /home/airflow/.local/lib/python3.12/site-packages/airflow/example_dags/example_python_decorator.py took 0.065 seconds
[2025-02-07T08:09:14.582+0000] {processor.py:186} INFO - Started process (PID=1585) to work on /home/airflow/.local/lib/python3.12/site-packages/airflow/example_dags/example_python_decorator.py
[2025-02-07T08:09:14.583+0000] {processor.py:914} INFO - Processing file /home/airflow/.local/lib/python3.12/site-packages/airflow/example_dags/example_python_decorator.py for tasks to queue
[2025-02-07T08:09:14.584+0000] {logging_mixin.py:190} INFO - [2025-02-07T08:09:14.583+0000] {dagbag.py:588} INFO - Filling up the DagBag from /home/airflow/.local/lib/python3.12/site-packages/airflow/example_dags/example_python_decorator.py
[2025-02-07T08:09:14.591+0000] {processor.py:925} INFO - DAG(s) 'example_python_decorator' retrieved from /home/airflow/.local/lib/python3.12/site-packages/airflow/example_dags/example_python_decorator.py
[2025-02-07T08:09:14.608+0000] {logging_mixin.py:190} INFO - [2025-02-07T08:09:14.607+0000] {dag.py:3239} INFO - Sync 1 DAGs
[2025-02-07T08:09:14.616+0000] {logging_mixin.py:190} INFO - [2025-02-07T08:09:14.615+0000] {dag.py:4180} INFO - Setting next_dagrun for example_python_decorator to None, run_after=None
[2025-02-07T08:09:14.625+0000] {processor.py:208} INFO - Processing /home/airflow/.local/lib/python3.12/site-packages/airflow/example_dags/example_python_decorator.py took 0.046 seconds
[2025-02-07T08:09:45.459+0000] {processor.py:186} INFO - Started process (PID=1651) to work on /home/airflow/.local/lib/python3.12/site-packages/airflow/example_dags/example_python_decorator.py
[2025-02-07T08:09:45.460+0000] {processor.py:914} INFO - Processing file /home/airflow/.local/lib/python3.12/site-packages/airflow/example_dags/example_python_decorator.py for tasks to queue
[2025-02-07T08:09:45.461+0000] {logging_mixin.py:190} INFO - [2025-02-07T08:09:45.461+0000] {dagbag.py:588} INFO - Filling up the DagBag from /home/airflow/.local/lib/python3.12/site-packages/airflow/example_dags/example_python_decorator.py
[2025-02-07T08:09:45.470+0000] {processor.py:925} INFO - DAG(s) 'example_python_decorator' retrieved from /home/airflow/.local/lib/python3.12/site-packages/airflow/example_dags/example_python_decorator.py
[2025-02-07T08:09:45.488+0000] {logging_mixin.py:190} INFO - [2025-02-07T08:09:45.488+0000] {dag.py:3239} INFO - Sync 1 DAGs
[2025-02-07T08:09:45.501+0000] {logging_mixin.py:190} INFO - [2025-02-07T08:09:45.501+0000] {dag.py:4180} INFO - Setting next_dagrun for example_python_decorator to None, run_after=None
[2025-02-07T08:09:45.514+0000] {processor.py:208} INFO - Processing /home/airflow/.local/lib/python3.12/site-packages/airflow/example_dags/example_python_decorator.py took 0.058 seconds
[2025-02-07T08:10:16.092+0000] {processor.py:186} INFO - Started process (PID=1733) to work on /home/airflow/.local/lib/python3.12/site-packages/airflow/example_dags/example_python_decorator.py
[2025-02-07T08:10:16.093+0000] {processor.py:914} INFO - Processing file /home/airflow/.local/lib/python3.12/site-packages/airflow/example_dags/example_python_decorator.py for tasks to queue
[2025-02-07T08:10:16.095+0000] {logging_mixin.py:190} INFO - [2025-02-07T08:10:16.095+0000] {dagbag.py:588} INFO - Filling up the DagBag from /home/airflow/.local/lib/python3.12/site-packages/airflow/example_dags/example_python_decorator.py
[2025-02-07T08:10:16.107+0000] {processor.py:925} INFO - DAG(s) 'example_python_decorator' retrieved from /home/airflow/.local/lib/python3.12/site-packages/airflow/example_dags/example_python_decorator.py
[2025-02-07T08:10:16.122+0000] {logging_mixin.py:190} INFO - [2025-02-07T08:10:16.122+0000] {dag.py:3239} INFO - Sync 1 DAGs
[2025-02-07T08:10:16.130+0000] {logging_mixin.py:190} INFO - [2025-02-07T08:10:16.130+0000] {dag.py:4180} INFO - Setting next_dagrun for example_python_decorator to None, run_after=None
[2025-02-07T08:10:16.140+0000] {processor.py:208} INFO - Processing /home/airflow/.local/lib/python3.12/site-packages/airflow/example_dags/example_python_decorator.py took 0.053 seconds
[2025-02-07T08:10:46.883+0000] {processor.py:186} INFO - Started process (PID=1818) to work on /home/airflow/.local/lib/python3.12/site-packages/airflow/example_dags/example_python_decorator.py
[2025-02-07T08:10:46.884+0000] {processor.py:914} INFO - Processing file /home/airflow/.local/lib/python3.12/site-packages/airflow/example_dags/example_python_decorator.py for tasks to queue
[2025-02-07T08:10:46.886+0000] {logging_mixin.py:190} INFO - [2025-02-07T08:10:46.885+0000] {dagbag.py:588} INFO - Filling up the DagBag from /home/airflow/.local/lib/python3.12/site-packages/airflow/example_dags/example_python_decorator.py
[2025-02-07T08:10:46.895+0000] {processor.py:925} INFO - DAG(s) 'example_python_decorator' retrieved from /home/airflow/.local/lib/python3.12/site-packages/airflow/example_dags/example_python_decorator.py
[2025-02-07T08:10:46.913+0000] {logging_mixin.py:190} INFO - [2025-02-07T08:10:46.912+0000] {dag.py:3239} INFO - Sync 1 DAGs
[2025-02-07T08:10:46.923+0000] {logging_mixin.py:190} INFO - [2025-02-07T08:10:46.923+0000] {dag.py:4180} INFO - Setting next_dagrun for example_python_decorator to None, run_after=None
[2025-02-07T08:10:46.938+0000] {processor.py:208} INFO - Processing /home/airflow/.local/lib/python3.12/site-packages/airflow/example_dags/example_python_decorator.py took 0.060 seconds
[2025-02-07T08:11:16.979+0000] {processor.py:186} INFO - Started process (PID=1903) to work on /home/airflow/.local/lib/python3.12/site-packages/airflow/example_dags/example_python_decorator.py
[2025-02-07T08:11:16.980+0000] {processor.py:914} INFO - Processing file /home/airflow/.local/lib/python3.12/site-packages/airflow/example_dags/example_python_decorator.py for tasks to queue
[2025-02-07T08:11:16.981+0000] {logging_mixin.py:190} INFO - [2025-02-07T08:11:16.981+0000] {dagbag.py:588} INFO - Filling up the DagBag from /home/airflow/.local/lib/python3.12/site-packages/airflow/example_dags/example_python_decorator.py
[2025-02-07T08:11:16.989+0000] {processor.py:925} INFO - DAG(s) 'example_python_decorator' retrieved from /home/airflow/.local/lib/python3.12/site-packages/airflow/example_dags/example_python_decorator.py
[2025-02-07T08:11:17.002+0000] {logging_mixin.py:190} INFO - [2025-02-07T08:11:17.002+0000] {dag.py:3239} INFO - Sync 1 DAGs
[2025-02-07T08:11:17.010+0000] {logging_mixin.py:190} INFO - [2025-02-07T08:11:17.010+0000] {dag.py:4180} INFO - Setting next_dagrun for example_python_decorator to None, run_after=None
[2025-02-07T08:11:17.024+0000] {processor.py:208} INFO - Processing /home/airflow/.local/lib/python3.12/site-packages/airflow/example_dags/example_python_decorator.py took 0.049 seconds
[2025-02-07T08:11:48.203+0000] {processor.py:186} INFO - Started process (PID=1988) to work on /home/airflow/.local/lib/python3.12/site-packages/airflow/example_dags/example_python_decorator.py
[2025-02-07T08:11:48.203+0000] {processor.py:914} INFO - Processing file /home/airflow/.local/lib/python3.12/site-packages/airflow/example_dags/example_python_decorator.py for tasks to queue
[2025-02-07T08:11:48.204+0000] {logging_mixin.py:190} INFO - [2025-02-07T08:11:48.204+0000] {dagbag.py:588} INFO - Filling up the DagBag from /home/airflow/.local/lib/python3.12/site-packages/airflow/example_dags/example_python_decorator.py
[2025-02-07T08:11:48.212+0000] {processor.py:925} INFO - DAG(s) 'example_python_decorator' retrieved from /home/airflow/.local/lib/python3.12/site-packages/airflow/example_dags/example_python_decorator.py
[2025-02-07T08:11:48.230+0000] {logging_mixin.py:190} INFO - [2025-02-07T08:11:48.230+0000] {dag.py:3239} INFO - Sync 1 DAGs
[2025-02-07T08:11:48.247+0000] {logging_mixin.py:190} INFO - [2025-02-07T08:11:48.247+0000] {dag.py:4180} INFO - Setting next_dagrun for example_python_decorator to None, run_after=None
[2025-02-07T08:11:48.271+0000] {processor.py:208} INFO - Processing /home/airflow/.local/lib/python3.12/site-packages/airflow/example_dags/example_python_decorator.py took 0.071 seconds
[2025-02-07T08:12:19.406+0000] {processor.py:186} INFO - Started process (PID=2073) to work on /home/airflow/.local/lib/python3.12/site-packages/airflow/example_dags/example_python_decorator.py
[2025-02-07T08:12:19.406+0000] {processor.py:914} INFO - Processing file /home/airflow/.local/lib/python3.12/site-packages/airflow/example_dags/example_python_decorator.py for tasks to queue
[2025-02-07T08:12:19.407+0000] {logging_mixin.py:190} INFO - [2025-02-07T08:12:19.407+0000] {dagbag.py:588} INFO - Filling up the DagBag from /home/airflow/.local/lib/python3.12/site-packages/airflow/example_dags/example_python_decorator.py
[2025-02-07T08:12:19.415+0000] {processor.py:925} INFO - DAG(s) 'example_python_decorator' retrieved from /home/airflow/.local/lib/python3.12/site-packages/airflow/example_dags/example_python_decorator.py
[2025-02-07T08:12:19.430+0000] {logging_mixin.py:190} INFO - [2025-02-07T08:12:19.430+0000] {dag.py:3239} INFO - Sync 1 DAGs
[2025-02-07T08:12:19.440+0000] {logging_mixin.py:190} INFO - [2025-02-07T08:12:19.440+0000] {dag.py:4180} INFO - Setting next_dagrun for example_python_decorator to None, run_after=None
[2025-02-07T08:12:19.450+0000] {processor.py:208} INFO - Processing /home/airflow/.local/lib/python3.12/site-packages/airflow/example_dags/example_python_decorator.py took 0.047 seconds
[2025-02-07T08:12:49.577+0000] {processor.py:186} INFO - Started process (PID=2158) to work on /home/airflow/.local/lib/python3.12/site-packages/airflow/example_dags/example_python_decorator.py
[2025-02-07T08:12:49.577+0000] {processor.py:914} INFO - Processing file /home/airflow/.local/lib/python3.12/site-packages/airflow/example_dags/example_python_decorator.py for tasks to queue
[2025-02-07T08:12:49.578+0000] {logging_mixin.py:190} INFO - [2025-02-07T08:12:49.578+0000] {dagbag.py:588} INFO - Filling up the DagBag from /home/airflow/.local/lib/python3.12/site-packages/airflow/example_dags/example_python_decorator.py
[2025-02-07T08:12:49.587+0000] {processor.py:925} INFO - DAG(s) 'example_python_decorator' retrieved from /home/airflow/.local/lib/python3.12/site-packages/airflow/example_dags/example_python_decorator.py
[2025-02-07T08:12:49.607+0000] {logging_mixin.py:190} INFO - [2025-02-07T08:12:49.606+0000] {dag.py:3239} INFO - Sync 1 DAGs
[2025-02-07T08:12:49.616+0000] {logging_mixin.py:190} INFO - [2025-02-07T08:12:49.616+0000] {dag.py:4180} INFO - Setting next_dagrun for example_python_decorator to None, run_after=None
[2025-02-07T08:12:49.627+0000] {processor.py:208} INFO - Processing /home/airflow/.local/lib/python3.12/site-packages/airflow/example_dags/example_python_decorator.py took 0.053 seconds
[2025-02-07T08:13:20.070+0000] {processor.py:186} INFO - Started process (PID=2242) to work on /home/airflow/.local/lib/python3.12/site-packages/airflow/example_dags/example_python_decorator.py
[2025-02-07T08:13:20.071+0000] {processor.py:914} INFO - Processing file /home/airflow/.local/lib/python3.12/site-packages/airflow/example_dags/example_python_decorator.py for tasks to queue
[2025-02-07T08:13:20.072+0000] {logging_mixin.py:190} INFO - [2025-02-07T08:13:20.072+0000] {dagbag.py:588} INFO - Filling up the DagBag from /home/airflow/.local/lib/python3.12/site-packages/airflow/example_dags/example_python_decorator.py
[2025-02-07T08:13:20.079+0000] {processor.py:925} INFO - DAG(s) 'example_python_decorator' retrieved from /home/airflow/.local/lib/python3.12/site-packages/airflow/example_dags/example_python_decorator.py
[2025-02-07T08:13:20.100+0000] {logging_mixin.py:190} INFO - [2025-02-07T08:13:20.100+0000] {dag.py:3239} INFO - Sync 1 DAGs
[2025-02-07T08:13:20.114+0000] {logging_mixin.py:190} INFO - [2025-02-07T08:13:20.114+0000] {dag.py:4180} INFO - Setting next_dagrun for example_python_decorator to None, run_after=None
[2025-02-07T08:13:20.137+0000] {processor.py:208} INFO - Processing /home/airflow/.local/lib/python3.12/site-packages/airflow/example_dags/example_python_decorator.py took 0.071 seconds
[2025-02-07T08:13:50.780+0000] {processor.py:186} INFO - Started process (PID=2328) to work on /home/airflow/.local/lib/python3.12/site-packages/airflow/example_dags/example_python_decorator.py
[2025-02-07T08:13:50.780+0000] {processor.py:914} INFO - Processing file /home/airflow/.local/lib/python3.12/site-packages/airflow/example_dags/example_python_decorator.py for tasks to queue
[2025-02-07T08:13:50.781+0000] {logging_mixin.py:190} INFO - [2025-02-07T08:13:50.781+0000] {dagbag.py:588} INFO - Filling up the DagBag from /home/airflow/.local/lib/python3.12/site-packages/airflow/example_dags/example_python_decorator.py
[2025-02-07T08:13:50.789+0000] {processor.py:925} INFO - DAG(s) 'example_python_decorator' retrieved from /home/airflow/.local/lib/python3.12/site-packages/airflow/example_dags/example_python_decorator.py
[2025-02-07T08:13:50.804+0000] {logging_mixin.py:190} INFO - [2025-02-07T08:13:50.804+0000] {dag.py:3239} INFO - Sync 1 DAGs
[2025-02-07T08:13:50.813+0000] {logging_mixin.py:190} INFO - [2025-02-07T08:13:50.813+0000] {dag.py:4180} INFO - Setting next_dagrun for example_python_decorator to None, run_after=None
[2025-02-07T08:13:50.824+0000] {processor.py:208} INFO - Processing /home/airflow/.local/lib/python3.12/site-packages/airflow/example_dags/example_python_decorator.py took 0.050 seconds
[2025-02-07T08:14:22.076+0000] {processor.py:186} INFO - Started process (PID=2413) to work on /home/airflow/.local/lib/python3.12/site-packages/airflow/example_dags/example_python_decorator.py
[2025-02-07T08:14:22.077+0000] {processor.py:914} INFO - Processing file /home/airflow/.local/lib/python3.12/site-packages/airflow/example_dags/example_python_decorator.py for tasks to queue
[2025-02-07T08:14:22.078+0000] {logging_mixin.py:190} INFO - [2025-02-07T08:14:22.078+0000] {dagbag.py:588} INFO - Filling up the DagBag from /home/airflow/.local/lib/python3.12/site-packages/airflow/example_dags/example_python_decorator.py
[2025-02-07T08:14:22.088+0000] {processor.py:925} INFO - DAG(s) 'example_python_decorator' retrieved from /home/airflow/.local/lib/python3.12/site-packages/airflow/example_dags/example_python_decorator.py
[2025-02-07T08:14:22.104+0000] {logging_mixin.py:190} INFO - [2025-02-07T08:14:22.104+0000] {dag.py:3239} INFO - Sync 1 DAGs
[2025-02-07T08:14:22.114+0000] {logging_mixin.py:190} INFO - [2025-02-07T08:14:22.114+0000] {dag.py:4180} INFO - Setting next_dagrun for example_python_decorator to None, run_after=None
[2025-02-07T08:14:22.129+0000] {processor.py:208} INFO - Processing /home/airflow/.local/lib/python3.12/site-packages/airflow/example_dags/example_python_decorator.py took 0.058 seconds
[2025-02-07T08:14:52.711+0000] {processor.py:186} INFO - Started process (PID=2498) to work on /home/airflow/.local/lib/python3.12/site-packages/airflow/example_dags/example_python_decorator.py
[2025-02-07T08:14:52.711+0000] {processor.py:914} INFO - Processing file /home/airflow/.local/lib/python3.12/site-packages/airflow/example_dags/example_python_decorator.py for tasks to queue
[2025-02-07T08:14:52.712+0000] {logging_mixin.py:190} INFO - [2025-02-07T08:14:52.712+0000] {dagbag.py:588} INFO - Filling up the DagBag from /home/airflow/.local/lib/python3.12/site-packages/airflow/example_dags/example_python_decorator.py
[2025-02-07T08:14:52.720+0000] {processor.py:925} INFO - DAG(s) 'example_python_decorator' retrieved from /home/airflow/.local/lib/python3.12/site-packages/airflow/example_dags/example_python_decorator.py
[2025-02-07T08:14:52.734+0000] {logging_mixin.py:190} INFO - [2025-02-07T08:14:52.733+0000] {dag.py:3239} INFO - Sync 1 DAGs
[2025-02-07T08:14:52.742+0000] {logging_mixin.py:190} INFO - [2025-02-07T08:14:52.742+0000] {dag.py:4180} INFO - Setting next_dagrun for example_python_decorator to None, run_after=None
[2025-02-07T08:14:52.755+0000] {processor.py:208} INFO - Processing /home/airflow/.local/lib/python3.12/site-packages/airflow/example_dags/example_python_decorator.py took 0.048 seconds
[2025-02-07T08:15:23.969+0000] {processor.py:186} INFO - Started process (PID=2583) to work on /home/airflow/.local/lib/python3.12/site-packages/airflow/example_dags/example_python_decorator.py
[2025-02-07T08:15:23.970+0000] {processor.py:914} INFO - Processing file /home/airflow/.local/lib/python3.12/site-packages/airflow/example_dags/example_python_decorator.py for tasks to queue
[2025-02-07T08:15:23.971+0000] {logging_mixin.py:190} INFO - [2025-02-07T08:15:23.971+0000] {dagbag.py:588} INFO - Filling up the DagBag from /home/airflow/.local/lib/python3.12/site-packages/airflow/example_dags/example_python_decorator.py
[2025-02-07T08:15:23.979+0000] {processor.py:925} INFO - DAG(s) 'example_python_decorator' retrieved from /home/airflow/.local/lib/python3.12/site-packages/airflow/example_dags/example_python_decorator.py
[2025-02-07T08:15:23.991+0000] {logging_mixin.py:190} INFO - [2025-02-07T08:15:23.991+0000] {dag.py:3239} INFO - Sync 1 DAGs
[2025-02-07T08:15:23.998+0000] {logging_mixin.py:190} INFO - [2025-02-07T08:15:23.998+0000] {dag.py:4180} INFO - Setting next_dagrun for example_python_decorator to None, run_after=None
[2025-02-07T08:15:24.011+0000] {processor.py:208} INFO - Processing /home/airflow/.local/lib/python3.12/site-packages/airflow/example_dags/example_python_decorator.py took 0.046 seconds
[2025-02-07T08:15:55.167+0000] {processor.py:186} INFO - Started process (PID=2668) to work on /home/airflow/.local/lib/python3.12/site-packages/airflow/example_dags/example_python_decorator.py
[2025-02-07T08:15:55.170+0000] {processor.py:914} INFO - Processing file /home/airflow/.local/lib/python3.12/site-packages/airflow/example_dags/example_python_decorator.py for tasks to queue
[2025-02-07T08:15:55.171+0000] {logging_mixin.py:190} INFO - [2025-02-07T08:15:55.171+0000] {dagbag.py:588} INFO - Filling up the DagBag from /home/airflow/.local/lib/python3.12/site-packages/airflow/example_dags/example_python_decorator.py
[2025-02-07T08:15:55.179+0000] {processor.py:925} INFO - DAG(s) 'example_python_decorator' retrieved from /home/airflow/.local/lib/python3.12/site-packages/airflow/example_dags/example_python_decorator.py
[2025-02-07T08:15:55.196+0000] {logging_mixin.py:190} INFO - [2025-02-07T08:15:55.196+0000] {dag.py:3239} INFO - Sync 1 DAGs
[2025-02-07T08:15:55.208+0000] {logging_mixin.py:190} INFO - [2025-02-07T08:15:55.208+0000] {dag.py:4180} INFO - Setting next_dagrun for example_python_decorator to None, run_after=None
[2025-02-07T08:15:55.221+0000] {processor.py:208} INFO - Processing /home/airflow/.local/lib/python3.12/site-packages/airflow/example_dags/example_python_decorator.py took 0.058 seconds
[2025-02-07T08:16:25.398+0000] {processor.py:186} INFO - Started process (PID=2753) to work on /home/airflow/.local/lib/python3.12/site-packages/airflow/example_dags/example_python_decorator.py
[2025-02-07T08:16:25.398+0000] {processor.py:914} INFO - Processing file /home/airflow/.local/lib/python3.12/site-packages/airflow/example_dags/example_python_decorator.py for tasks to queue
[2025-02-07T08:16:25.400+0000] {logging_mixin.py:190} INFO - [2025-02-07T08:16:25.399+0000] {dagbag.py:588} INFO - Filling up the DagBag from /home/airflow/.local/lib/python3.12/site-packages/airflow/example_dags/example_python_decorator.py
[2025-02-07T08:16:25.407+0000] {processor.py:925} INFO - DAG(s) 'example_python_decorator' retrieved from /home/airflow/.local/lib/python3.12/site-packages/airflow/example_dags/example_python_decorator.py
[2025-02-07T08:16:25.428+0000] {logging_mixin.py:190} INFO - [2025-02-07T08:16:25.428+0000] {dag.py:3239} INFO - Sync 1 DAGs
[2025-02-07T08:16:25.438+0000] {logging_mixin.py:190} INFO - [2025-02-07T08:16:25.437+0000] {dag.py:4180} INFO - Setting next_dagrun for example_python_decorator to None, run_after=None
[2025-02-07T08:16:25.452+0000] {processor.py:208} INFO - Processing /home/airflow/.local/lib/python3.12/site-packages/airflow/example_dags/example_python_decorator.py took 0.057 seconds
[2025-02-07T08:16:56.496+0000] {processor.py:186} INFO - Started process (PID=2838) to work on /home/airflow/.local/lib/python3.12/site-packages/airflow/example_dags/example_python_decorator.py
[2025-02-07T08:16:56.497+0000] {processor.py:914} INFO - Processing file /home/airflow/.local/lib/python3.12/site-packages/airflow/example_dags/example_python_decorator.py for tasks to queue
[2025-02-07T08:16:56.498+0000] {logging_mixin.py:190} INFO - [2025-02-07T08:16:56.498+0000] {dagbag.py:588} INFO - Filling up the DagBag from /home/airflow/.local/lib/python3.12/site-packages/airflow/example_dags/example_python_decorator.py
[2025-02-07T08:16:56.507+0000] {processor.py:925} INFO - DAG(s) 'example_python_decorator' retrieved from /home/airflow/.local/lib/python3.12/site-packages/airflow/example_dags/example_python_decorator.py
[2025-02-07T08:16:56.520+0000] {logging_mixin.py:190} INFO - [2025-02-07T08:16:56.520+0000] {dag.py:3239} INFO - Sync 1 DAGs
[2025-02-07T08:16:56.529+0000] {logging_mixin.py:190} INFO - [2025-02-07T08:16:56.529+0000] {dag.py:4180} INFO - Setting next_dagrun for example_python_decorator to None, run_after=None
[2025-02-07T08:16:56.540+0000] {processor.py:208} INFO - Processing /home/airflow/.local/lib/python3.12/site-packages/airflow/example_dags/example_python_decorator.py took 0.049 seconds
[2025-02-07T08:17:27.262+0000] {processor.py:186} INFO - Started process (PID=2923) to work on /home/airflow/.local/lib/python3.12/site-packages/airflow/example_dags/example_python_decorator.py
[2025-02-07T08:17:27.262+0000] {processor.py:914} INFO - Processing file /home/airflow/.local/lib/python3.12/site-packages/airflow/example_dags/example_python_decorator.py for tasks to queue
[2025-02-07T08:17:27.263+0000] {logging_mixin.py:190} INFO - [2025-02-07T08:17:27.263+0000] {dagbag.py:588} INFO - Filling up the DagBag from /home/airflow/.local/lib/python3.12/site-packages/airflow/example_dags/example_python_decorator.py
[2025-02-07T08:17:27.275+0000] {processor.py:925} INFO - DAG(s) 'example_python_decorator' retrieved from /home/airflow/.local/lib/python3.12/site-packages/airflow/example_dags/example_python_decorator.py
[2025-02-07T08:17:27.296+0000] {logging_mixin.py:190} INFO - [2025-02-07T08:17:27.296+0000] {dag.py:3239} INFO - Sync 1 DAGs
[2025-02-07T08:17:27.309+0000] {logging_mixin.py:190} INFO - [2025-02-07T08:17:27.309+0000] {dag.py:4180} INFO - Setting next_dagrun for example_python_decorator to None, run_after=None
[2025-02-07T08:17:27.324+0000] {processor.py:208} INFO - Processing /home/airflow/.local/lib/python3.12/site-packages/airflow/example_dags/example_python_decorator.py took 0.066 seconds
[2025-02-07T08:17:57.905+0000] {processor.py:186} INFO - Started process (PID=3008) to work on /home/airflow/.local/lib/python3.12/site-packages/airflow/example_dags/example_python_decorator.py
[2025-02-07T08:17:57.906+0000] {processor.py:914} INFO - Processing file /home/airflow/.local/lib/python3.12/site-packages/airflow/example_dags/example_python_decorator.py for tasks to queue
[2025-02-07T08:17:57.907+0000] {logging_mixin.py:190} INFO - [2025-02-07T08:17:57.907+0000] {dagbag.py:588} INFO - Filling up the DagBag from /home/airflow/.local/lib/python3.12/site-packages/airflow/example_dags/example_python_decorator.py
[2025-02-07T08:17:57.916+0000] {processor.py:925} INFO - DAG(s) 'example_python_decorator' retrieved from /home/airflow/.local/lib/python3.12/site-packages/airflow/example_dags/example_python_decorator.py
[2025-02-07T08:17:57.932+0000] {logging_mixin.py:190} INFO - [2025-02-07T08:17:57.932+0000] {dag.py:3239} INFO - Sync 1 DAGs
[2025-02-07T08:17:57.940+0000] {logging_mixin.py:190} INFO - [2025-02-07T08:17:57.940+0000] {dag.py:4180} INFO - Setting next_dagrun for example_python_decorator to None, run_after=None
[2025-02-07T08:17:57.952+0000] {processor.py:208} INFO - Processing /home/airflow/.local/lib/python3.12/site-packages/airflow/example_dags/example_python_decorator.py took 0.052 seconds
[2025-02-07T08:18:28.763+0000] {processor.py:186} INFO - Started process (PID=3093) to work on /home/airflow/.local/lib/python3.12/site-packages/airflow/example_dags/example_python_decorator.py
[2025-02-07T08:18:28.764+0000] {processor.py:914} INFO - Processing file /home/airflow/.local/lib/python3.12/site-packages/airflow/example_dags/example_python_decorator.py for tasks to queue
[2025-02-07T08:18:28.765+0000] {logging_mixin.py:190} INFO - [2025-02-07T08:18:28.765+0000] {dagbag.py:588} INFO - Filling up the DagBag from /home/airflow/.local/lib/python3.12/site-packages/airflow/example_dags/example_python_decorator.py
[2025-02-07T08:18:28.773+0000] {processor.py:925} INFO - DAG(s) 'example_python_decorator' retrieved from /home/airflow/.local/lib/python3.12/site-packages/airflow/example_dags/example_python_decorator.py
[2025-02-07T08:18:28.793+0000] {logging_mixin.py:190} INFO - [2025-02-07T08:18:28.793+0000] {dag.py:3239} INFO - Sync 1 DAGs
[2025-02-07T08:18:28.804+0000] {logging_mixin.py:190} INFO - [2025-02-07T08:18:28.803+0000] {dag.py:4180} INFO - Setting next_dagrun for example_python_decorator to None, run_after=None
[2025-02-07T08:18:28.821+0000] {processor.py:208} INFO - Processing /home/airflow/.local/lib/python3.12/site-packages/airflow/example_dags/example_python_decorator.py took 0.061 seconds
[2025-02-07T08:18:58.902+0000] {processor.py:186} INFO - Started process (PID=3178) to work on /home/airflow/.local/lib/python3.12/site-packages/airflow/example_dags/example_python_decorator.py
[2025-02-07T08:18:58.903+0000] {processor.py:914} INFO - Processing file /home/airflow/.local/lib/python3.12/site-packages/airflow/example_dags/example_python_decorator.py for tasks to queue
[2025-02-07T08:18:58.904+0000] {logging_mixin.py:190} INFO - [2025-02-07T08:18:58.904+0000] {dagbag.py:588} INFO - Filling up the DagBag from /home/airflow/.local/lib/python3.12/site-packages/airflow/example_dags/example_python_decorator.py
[2025-02-07T08:18:58.912+0000] {processor.py:925} INFO - DAG(s) 'example_python_decorator' retrieved from /home/airflow/.local/lib/python3.12/site-packages/airflow/example_dags/example_python_decorator.py
[2025-02-07T08:18:58.926+0000] {logging_mixin.py:190} INFO - [2025-02-07T08:18:58.926+0000] {dag.py:3239} INFO - Sync 1 DAGs
[2025-02-07T08:18:58.934+0000] {logging_mixin.py:190} INFO - [2025-02-07T08:18:58.934+0000] {dag.py:4180} INFO - Setting next_dagrun for example_python_decorator to None, run_after=None
[2025-02-07T08:18:58.946+0000] {processor.py:208} INFO - Processing /home/airflow/.local/lib/python3.12/site-packages/airflow/example_dags/example_python_decorator.py took 0.047 seconds
[2025-02-07T08:19:29.046+0000] {processor.py:186} INFO - Started process (PID=3262) to work on /home/airflow/.local/lib/python3.12/site-packages/airflow/example_dags/example_python_decorator.py
[2025-02-07T08:19:29.047+0000] {processor.py:914} INFO - Processing file /home/airflow/.local/lib/python3.12/site-packages/airflow/example_dags/example_python_decorator.py for tasks to queue
[2025-02-07T08:19:29.049+0000] {logging_mixin.py:190} INFO - [2025-02-07T08:19:29.049+0000] {dagbag.py:588} INFO - Filling up the DagBag from /home/airflow/.local/lib/python3.12/site-packages/airflow/example_dags/example_python_decorator.py
[2025-02-07T08:19:29.057+0000] {processor.py:925} INFO - DAG(s) 'example_python_decorator' retrieved from /home/airflow/.local/lib/python3.12/site-packages/airflow/example_dags/example_python_decorator.py
[2025-02-07T08:19:29.069+0000] {logging_mixin.py:190} INFO - [2025-02-07T08:19:29.069+0000] {dag.py:3239} INFO - Sync 1 DAGs
[2025-02-07T08:19:29.077+0000] {logging_mixin.py:190} INFO - [2025-02-07T08:19:29.077+0000] {dag.py:4180} INFO - Setting next_dagrun for example_python_decorator to None, run_after=None
[2025-02-07T08:19:29.093+0000] {processor.py:208} INFO - Processing /home/airflow/.local/lib/python3.12/site-packages/airflow/example_dags/example_python_decorator.py took 0.053 seconds
[2025-02-07T08:20:00.060+0000] {processor.py:186} INFO - Started process (PID=3354) to work on /home/airflow/.local/lib/python3.12/site-packages/airflow/example_dags/example_python_decorator.py
[2025-02-07T08:20:00.061+0000] {processor.py:914} INFO - Processing file /home/airflow/.local/lib/python3.12/site-packages/airflow/example_dags/example_python_decorator.py for tasks to queue
[2025-02-07T08:20:00.063+0000] {logging_mixin.py:190} INFO - [2025-02-07T08:20:00.063+0000] {dagbag.py:588} INFO - Filling up the DagBag from /home/airflow/.local/lib/python3.12/site-packages/airflow/example_dags/example_python_decorator.py
[2025-02-07T08:20:00.071+0000] {processor.py:925} INFO - DAG(s) 'example_python_decorator' retrieved from /home/airflow/.local/lib/python3.12/site-packages/airflow/example_dags/example_python_decorator.py
[2025-02-07T08:20:00.085+0000] {logging_mixin.py:190} INFO - [2025-02-07T08:20:00.085+0000] {dag.py:3239} INFO - Sync 1 DAGs
[2025-02-07T08:20:00.093+0000] {logging_mixin.py:190} INFO - [2025-02-07T08:20:00.093+0000] {dag.py:4180} INFO - Setting next_dagrun for example_python_decorator to None, run_after=None
[2025-02-07T08:20:00.106+0000] {processor.py:208} INFO - Processing /home/airflow/.local/lib/python3.12/site-packages/airflow/example_dags/example_python_decorator.py took 0.051 seconds
[2025-02-07T08:20:30.820+0000] {processor.py:186} INFO - Started process (PID=3439) to work on /home/airflow/.local/lib/python3.12/site-packages/airflow/example_dags/example_python_decorator.py
[2025-02-07T08:20:30.821+0000] {processor.py:914} INFO - Processing file /home/airflow/.local/lib/python3.12/site-packages/airflow/example_dags/example_python_decorator.py for tasks to queue
[2025-02-07T08:20:30.822+0000] {logging_mixin.py:190} INFO - [2025-02-07T08:20:30.822+0000] {dagbag.py:588} INFO - Filling up the DagBag from /home/airflow/.local/lib/python3.12/site-packages/airflow/example_dags/example_python_decorator.py
[2025-02-07T08:20:30.830+0000] {processor.py:925} INFO - DAG(s) 'example_python_decorator' retrieved from /home/airflow/.local/lib/python3.12/site-packages/airflow/example_dags/example_python_decorator.py
[2025-02-07T08:20:30.846+0000] {logging_mixin.py:190} INFO - [2025-02-07T08:20:30.846+0000] {dag.py:3239} INFO - Sync 1 DAGs
[2025-02-07T08:20:30.858+0000] {logging_mixin.py:190} INFO - [2025-02-07T08:20:30.857+0000] {dag.py:4180} INFO - Setting next_dagrun for example_python_decorator to None, run_after=None
[2025-02-07T08:20:30.879+0000] {processor.py:208} INFO - Processing /home/airflow/.local/lib/python3.12/site-packages/airflow/example_dags/example_python_decorator.py took 0.062 seconds
