[2025-02-07T08:00:27.916+0000] {processor.py:186} INFO - Started process (PID=115) to work on /home/airflow/.local/lib/python3.12/site-packages/airflow/example_dags/example_complex.py
[2025-02-07T08:00:27.916+0000] {processor.py:914} INFO - Processing file /home/airflow/.local/lib/python3.12/site-packages/airflow/example_dags/example_complex.py for tasks to queue
[2025-02-07T08:00:27.918+0000] {logging_mixin.py:190} INFO - [2025-02-07T08:00:27.918+0000] {dagbag.py:588} INFO - Filling up the DagBag from /home/airflow/.local/lib/python3.12/site-packages/airflow/example_dags/example_complex.py
[2025-02-07T08:00:27.930+0000] {processor.py:925} INFO - DAG(s) 'example_complex' retrieved from /home/airflow/.local/lib/python3.12/site-packages/airflow/example_dags/example_complex.py
[2025-02-07T08:00:27.988+0000] {logging_mixin.py:190} INFO - [2025-02-07T08:00:27.986+0000] {dag.py:3239} INFO - Sync 1 DAGs
[2025-02-07T08:00:28.025+0000] {logging_mixin.py:190} INFO - [2025-02-07T08:00:28.025+0000] {dag.py:4180} INFO - Setting next_dagrun for example_complex to None, run_after=None
[2025-02-07T08:00:28.041+0000] {processor.py:208} INFO - Processing /home/airflow/.local/lib/python3.12/site-packages/airflow/example_dags/example_complex.py took 0.130 seconds
[2025-02-07T08:00:58.646+0000] {processor.py:186} INFO - Started process (PID=203) to work on /home/airflow/.local/lib/python3.12/site-packages/airflow/example_dags/example_complex.py
[2025-02-07T08:00:58.646+0000] {processor.py:914} INFO - Processing file /home/airflow/.local/lib/python3.12/site-packages/airflow/example_dags/example_complex.py for tasks to queue
[2025-02-07T08:00:58.648+0000] {logging_mixin.py:190} INFO - [2025-02-07T08:00:58.647+0000] {dagbag.py:588} INFO - Filling up the DagBag from /home/airflow/.local/lib/python3.12/site-packages/airflow/example_dags/example_complex.py
[2025-02-07T08:00:58.656+0000] {processor.py:925} INFO - DAG(s) 'example_complex' retrieved from /home/airflow/.local/lib/python3.12/site-packages/airflow/example_dags/example_complex.py
[2025-02-07T08:00:58.676+0000] {logging_mixin.py:190} INFO - [2025-02-07T08:00:58.676+0000] {dag.py:3239} INFO - Sync 1 DAGs
[2025-02-07T08:00:58.686+0000] {logging_mixin.py:190} INFO - [2025-02-07T08:00:58.685+0000] {dag.py:4180} INFO - Setting next_dagrun for example_complex to None, run_after=None
[2025-02-07T08:00:58.697+0000] {processor.py:208} INFO - Processing /home/airflow/.local/lib/python3.12/site-packages/airflow/example_dags/example_complex.py took 0.056 seconds
[2025-02-07T08:01:29.550+0000] {processor.py:186} INFO - Started process (PID=288) to work on /home/airflow/.local/lib/python3.12/site-packages/airflow/example_dags/example_complex.py
[2025-02-07T08:01:29.551+0000] {processor.py:914} INFO - Processing file /home/airflow/.local/lib/python3.12/site-packages/airflow/example_dags/example_complex.py for tasks to queue
[2025-02-07T08:01:29.552+0000] {logging_mixin.py:190} INFO - [2025-02-07T08:01:29.552+0000] {dagbag.py:588} INFO - Filling up the DagBag from /home/airflow/.local/lib/python3.12/site-packages/airflow/example_dags/example_complex.py
[2025-02-07T08:01:29.558+0000] {processor.py:925} INFO - DAG(s) 'example_complex' retrieved from /home/airflow/.local/lib/python3.12/site-packages/airflow/example_dags/example_complex.py
[2025-02-07T08:01:29.581+0000] {logging_mixin.py:190} INFO - [2025-02-07T08:01:29.581+0000] {dag.py:3239} INFO - Sync 1 DAGs
[2025-02-07T08:01:29.590+0000] {logging_mixin.py:190} INFO - [2025-02-07T08:01:29.589+0000] {dag.py:4180} INFO - Setting next_dagrun for example_complex to None, run_after=None
[2025-02-07T08:01:29.600+0000] {processor.py:208} INFO - Processing /home/airflow/.local/lib/python3.12/site-packages/airflow/example_dags/example_complex.py took 0.053 seconds
[2025-02-07T08:02:00.440+0000] {processor.py:186} INFO - Started process (PID=373) to work on /home/airflow/.local/lib/python3.12/site-packages/airflow/example_dags/example_complex.py
[2025-02-07T08:02:00.440+0000] {processor.py:914} INFO - Processing file /home/airflow/.local/lib/python3.12/site-packages/airflow/example_dags/example_complex.py for tasks to queue
[2025-02-07T08:02:00.441+0000] {logging_mixin.py:190} INFO - [2025-02-07T08:02:00.441+0000] {dagbag.py:588} INFO - Filling up the DagBag from /home/airflow/.local/lib/python3.12/site-packages/airflow/example_dags/example_complex.py
[2025-02-07T08:02:00.448+0000] {processor.py:925} INFO - DAG(s) 'example_complex' retrieved from /home/airflow/.local/lib/python3.12/site-packages/airflow/example_dags/example_complex.py
[2025-02-07T08:02:00.469+0000] {logging_mixin.py:190} INFO - [2025-02-07T08:02:00.469+0000] {dag.py:3239} INFO - Sync 1 DAGs
[2025-02-07T08:02:00.481+0000] {logging_mixin.py:190} INFO - [2025-02-07T08:02:00.481+0000] {dag.py:4180} INFO - Setting next_dagrun for example_complex to None, run_after=None
[2025-02-07T08:02:00.491+0000] {processor.py:208} INFO - Processing /home/airflow/.local/lib/python3.12/site-packages/airflow/example_dags/example_complex.py took 0.054 seconds
[2025-02-07T08:02:31.546+0000] {processor.py:186} INFO - Started process (PID=458) to work on /home/airflow/.local/lib/python3.12/site-packages/airflow/example_dags/example_complex.py
[2025-02-07T08:02:31.547+0000] {processor.py:914} INFO - Processing file /home/airflow/.local/lib/python3.12/site-packages/airflow/example_dags/example_complex.py for tasks to queue
[2025-02-07T08:02:31.549+0000] {logging_mixin.py:190} INFO - [2025-02-07T08:02:31.548+0000] {dagbag.py:588} INFO - Filling up the DagBag from /home/airflow/.local/lib/python3.12/site-packages/airflow/example_dags/example_complex.py
[2025-02-07T08:02:31.559+0000] {processor.py:925} INFO - DAG(s) 'example_complex' retrieved from /home/airflow/.local/lib/python3.12/site-packages/airflow/example_dags/example_complex.py
[2025-02-07T08:02:31.583+0000] {logging_mixin.py:190} INFO - [2025-02-07T08:02:31.583+0000] {dag.py:3239} INFO - Sync 1 DAGs
[2025-02-07T08:02:31.596+0000] {logging_mixin.py:190} INFO - [2025-02-07T08:02:31.595+0000] {dag.py:4180} INFO - Setting next_dagrun for example_complex to None, run_after=None
[2025-02-07T08:02:31.606+0000] {processor.py:208} INFO - Processing /home/airflow/.local/lib/python3.12/site-packages/airflow/example_dags/example_complex.py took 0.064 seconds
[2025-02-07T08:03:02.230+0000] {processor.py:186} INFO - Started process (PID=543) to work on /home/airflow/.local/lib/python3.12/site-packages/airflow/example_dags/example_complex.py
[2025-02-07T08:03:02.232+0000] {processor.py:914} INFO - Processing file /home/airflow/.local/lib/python3.12/site-packages/airflow/example_dags/example_complex.py for tasks to queue
[2025-02-07T08:03:02.234+0000] {logging_mixin.py:190} INFO - [2025-02-07T08:03:02.234+0000] {dagbag.py:588} INFO - Filling up the DagBag from /home/airflow/.local/lib/python3.12/site-packages/airflow/example_dags/example_complex.py
[2025-02-07T08:03:02.244+0000] {processor.py:925} INFO - DAG(s) 'example_complex' retrieved from /home/airflow/.local/lib/python3.12/site-packages/airflow/example_dags/example_complex.py
[2025-02-07T08:03:02.270+0000] {logging_mixin.py:190} INFO - [2025-02-07T08:03:02.269+0000] {dag.py:3239} INFO - Sync 1 DAGs
[2025-02-07T08:03:02.286+0000] {logging_mixin.py:190} INFO - [2025-02-07T08:03:02.285+0000] {dag.py:4180} INFO - Setting next_dagrun for example_complex to None, run_after=None
[2025-02-07T08:03:02.304+0000] {processor.py:208} INFO - Processing /home/airflow/.local/lib/python3.12/site-packages/airflow/example_dags/example_complex.py took 0.080 seconds
[2025-02-07T08:03:33.282+0000] {processor.py:186} INFO - Started process (PID=628) to work on /home/airflow/.local/lib/python3.12/site-packages/airflow/example_dags/example_complex.py
[2025-02-07T08:03:33.282+0000] {processor.py:914} INFO - Processing file /home/airflow/.local/lib/python3.12/site-packages/airflow/example_dags/example_complex.py for tasks to queue
[2025-02-07T08:03:33.284+0000] {logging_mixin.py:190} INFO - [2025-02-07T08:03:33.283+0000] {dagbag.py:588} INFO - Filling up the DagBag from /home/airflow/.local/lib/python3.12/site-packages/airflow/example_dags/example_complex.py
[2025-02-07T08:03:33.290+0000] {processor.py:925} INFO - DAG(s) 'example_complex' retrieved from /home/airflow/.local/lib/python3.12/site-packages/airflow/example_dags/example_complex.py
[2025-02-07T08:03:33.307+0000] {logging_mixin.py:190} INFO - [2025-02-07T08:03:33.307+0000] {dag.py:3239} INFO - Sync 1 DAGs
[2025-02-07T08:03:33.315+0000] {logging_mixin.py:190} INFO - [2025-02-07T08:03:33.315+0000] {dag.py:4180} INFO - Setting next_dagrun for example_complex to None, run_after=None
[2025-02-07T08:03:33.324+0000] {processor.py:208} INFO - Processing /home/airflow/.local/lib/python3.12/site-packages/airflow/example_dags/example_complex.py took 0.046 seconds
[2025-02-07T08:04:04.279+0000] {processor.py:186} INFO - Started process (PID=713) to work on /home/airflow/.local/lib/python3.12/site-packages/airflow/example_dags/example_complex.py
[2025-02-07T08:04:04.280+0000] {processor.py:914} INFO - Processing file /home/airflow/.local/lib/python3.12/site-packages/airflow/example_dags/example_complex.py for tasks to queue
[2025-02-07T08:04:04.281+0000] {logging_mixin.py:190} INFO - [2025-02-07T08:04:04.281+0000] {dagbag.py:588} INFO - Filling up the DagBag from /home/airflow/.local/lib/python3.12/site-packages/airflow/example_dags/example_complex.py
[2025-02-07T08:04:04.290+0000] {processor.py:925} INFO - DAG(s) 'example_complex' retrieved from /home/airflow/.local/lib/python3.12/site-packages/airflow/example_dags/example_complex.py
[2025-02-07T08:04:04.307+0000] {logging_mixin.py:190} INFO - [2025-02-07T08:04:04.307+0000] {dag.py:3239} INFO - Sync 1 DAGs
[2025-02-07T08:04:04.316+0000] {logging_mixin.py:190} INFO - [2025-02-07T08:04:04.316+0000] {dag.py:4180} INFO - Setting next_dagrun for example_complex to None, run_after=None
[2025-02-07T08:04:04.326+0000] {processor.py:208} INFO - Processing /home/airflow/.local/lib/python3.12/site-packages/airflow/example_dags/example_complex.py took 0.050 seconds
[2025-02-07T08:04:35.350+0000] {processor.py:186} INFO - Started process (PID=798) to work on /home/airflow/.local/lib/python3.12/site-packages/airflow/example_dags/example_complex.py
[2025-02-07T08:04:35.350+0000] {processor.py:914} INFO - Processing file /home/airflow/.local/lib/python3.12/site-packages/airflow/example_dags/example_complex.py for tasks to queue
[2025-02-07T08:04:35.351+0000] {logging_mixin.py:190} INFO - [2025-02-07T08:04:35.351+0000] {dagbag.py:588} INFO - Filling up the DagBag from /home/airflow/.local/lib/python3.12/site-packages/airflow/example_dags/example_complex.py
[2025-02-07T08:04:35.358+0000] {processor.py:925} INFO - DAG(s) 'example_complex' retrieved from /home/airflow/.local/lib/python3.12/site-packages/airflow/example_dags/example_complex.py
[2025-02-07T08:04:35.375+0000] {logging_mixin.py:190} INFO - [2025-02-07T08:04:35.375+0000] {dag.py:3239} INFO - Sync 1 DAGs
[2025-02-07T08:04:35.383+0000] {logging_mixin.py:190} INFO - [2025-02-07T08:04:35.383+0000] {dag.py:4180} INFO - Setting next_dagrun for example_complex to None, run_after=None
[2025-02-07T08:04:35.391+0000] {processor.py:208} INFO - Processing /home/airflow/.local/lib/python3.12/site-packages/airflow/example_dags/example_complex.py took 0.045 seconds
[2025-02-07T08:05:06.190+0000] {processor.py:186} INFO - Started process (PID=883) to work on /home/airflow/.local/lib/python3.12/site-packages/airflow/example_dags/example_complex.py
[2025-02-07T08:05:06.190+0000] {processor.py:914} INFO - Processing file /home/airflow/.local/lib/python3.12/site-packages/airflow/example_dags/example_complex.py for tasks to queue
[2025-02-07T08:05:06.191+0000] {logging_mixin.py:190} INFO - [2025-02-07T08:05:06.191+0000] {dagbag.py:588} INFO - Filling up the DagBag from /home/airflow/.local/lib/python3.12/site-packages/airflow/example_dags/example_complex.py
[2025-02-07T08:05:06.198+0000] {processor.py:925} INFO - DAG(s) 'example_complex' retrieved from /home/airflow/.local/lib/python3.12/site-packages/airflow/example_dags/example_complex.py
[2025-02-07T08:05:06.215+0000] {logging_mixin.py:190} INFO - [2025-02-07T08:05:06.215+0000] {dag.py:3239} INFO - Sync 1 DAGs
[2025-02-07T08:05:06.225+0000] {logging_mixin.py:190} INFO - [2025-02-07T08:05:06.224+0000] {dag.py:4180} INFO - Setting next_dagrun for example_complex to None, run_after=None
[2025-02-07T08:05:06.236+0000] {processor.py:208} INFO - Processing /home/airflow/.local/lib/python3.12/site-packages/airflow/example_dags/example_complex.py took 0.050 seconds
[2025-02-07T08:05:37.515+0000] {processor.py:186} INFO - Started process (PID=968) to work on /home/airflow/.local/lib/python3.12/site-packages/airflow/example_dags/example_complex.py
[2025-02-07T08:05:37.516+0000] {processor.py:914} INFO - Processing file /home/airflow/.local/lib/python3.12/site-packages/airflow/example_dags/example_complex.py for tasks to queue
[2025-02-07T08:05:37.518+0000] {logging_mixin.py:190} INFO - [2025-02-07T08:05:37.517+0000] {dagbag.py:588} INFO - Filling up the DagBag from /home/airflow/.local/lib/python3.12/site-packages/airflow/example_dags/example_complex.py
[2025-02-07T08:05:37.526+0000] {processor.py:925} INFO - DAG(s) 'example_complex' retrieved from /home/airflow/.local/lib/python3.12/site-packages/airflow/example_dags/example_complex.py
[2025-02-07T08:05:37.545+0000] {logging_mixin.py:190} INFO - [2025-02-07T08:05:37.545+0000] {dag.py:3239} INFO - Sync 1 DAGs
[2025-02-07T08:05:37.554+0000] {logging_mixin.py:190} INFO - [2025-02-07T08:05:37.554+0000] {dag.py:4180} INFO - Setting next_dagrun for example_complex to None, run_after=None
[2025-02-07T08:05:37.568+0000] {processor.py:208} INFO - Processing /home/airflow/.local/lib/python3.12/site-packages/airflow/example_dags/example_complex.py took 0.058 seconds
[2025-02-07T08:06:07.987+0000] {processor.py:186} INFO - Started process (PID=1034) to work on /home/airflow/.local/lib/python3.12/site-packages/airflow/example_dags/example_complex.py
[2025-02-07T08:06:07.988+0000] {processor.py:914} INFO - Processing file /home/airflow/.local/lib/python3.12/site-packages/airflow/example_dags/example_complex.py for tasks to queue
[2025-02-07T08:06:07.989+0000] {logging_mixin.py:190} INFO - [2025-02-07T08:06:07.989+0000] {dagbag.py:588} INFO - Filling up the DagBag from /home/airflow/.local/lib/python3.12/site-packages/airflow/example_dags/example_complex.py
[2025-02-07T08:06:07.995+0000] {processor.py:925} INFO - DAG(s) 'example_complex' retrieved from /home/airflow/.local/lib/python3.12/site-packages/airflow/example_dags/example_complex.py
[2025-02-07T08:06:08.012+0000] {logging_mixin.py:190} INFO - [2025-02-07T08:06:08.012+0000] {dag.py:3239} INFO - Sync 1 DAGs
[2025-02-07T08:06:08.020+0000] {logging_mixin.py:190} INFO - [2025-02-07T08:06:08.020+0000] {dag.py:4180} INFO - Setting next_dagrun for example_complex to None, run_after=None
[2025-02-07T08:06:08.030+0000] {processor.py:208} INFO - Processing /home/airflow/.local/lib/python3.12/site-packages/airflow/example_dags/example_complex.py took 0.046 seconds
[2025-02-07T08:06:38.564+0000] {processor.py:186} INFO - Started process (PID=1116) to work on /home/airflow/.local/lib/python3.12/site-packages/airflow/example_dags/example_complex.py
[2025-02-07T08:06:38.565+0000] {processor.py:914} INFO - Processing file /home/airflow/.local/lib/python3.12/site-packages/airflow/example_dags/example_complex.py for tasks to queue
[2025-02-07T08:06:38.566+0000] {logging_mixin.py:190} INFO - [2025-02-07T08:06:38.566+0000] {dagbag.py:588} INFO - Filling up the DagBag from /home/airflow/.local/lib/python3.12/site-packages/airflow/example_dags/example_complex.py
[2025-02-07T08:06:38.573+0000] {processor.py:925} INFO - DAG(s) 'example_complex' retrieved from /home/airflow/.local/lib/python3.12/site-packages/airflow/example_dags/example_complex.py
[2025-02-07T08:06:38.600+0000] {logging_mixin.py:190} INFO - [2025-02-07T08:06:38.600+0000] {dag.py:3239} INFO - Sync 1 DAGs
[2025-02-07T08:06:38.611+0000] {logging_mixin.py:190} INFO - [2025-02-07T08:06:38.611+0000] {dag.py:4180} INFO - Setting next_dagrun for example_complex to None, run_after=None
[2025-02-07T08:06:38.622+0000] {processor.py:208} INFO - Processing /home/airflow/.local/lib/python3.12/site-packages/airflow/example_dags/example_complex.py took 0.061 seconds
[2025-02-07T08:07:09.627+0000] {processor.py:186} INFO - Started process (PID=1201) to work on /home/airflow/.local/lib/python3.12/site-packages/airflow/example_dags/example_complex.py
[2025-02-07T08:07:09.628+0000] {processor.py:914} INFO - Processing file /home/airflow/.local/lib/python3.12/site-packages/airflow/example_dags/example_complex.py for tasks to queue
[2025-02-07T08:07:09.629+0000] {logging_mixin.py:190} INFO - [2025-02-07T08:07:09.629+0000] {dagbag.py:588} INFO - Filling up the DagBag from /home/airflow/.local/lib/python3.12/site-packages/airflow/example_dags/example_complex.py
[2025-02-07T08:07:09.635+0000] {processor.py:925} INFO - DAG(s) 'example_complex' retrieved from /home/airflow/.local/lib/python3.12/site-packages/airflow/example_dags/example_complex.py
[2025-02-07T08:07:09.655+0000] {logging_mixin.py:190} INFO - [2025-02-07T08:07:09.655+0000] {dag.py:3239} INFO - Sync 1 DAGs
[2025-02-07T08:07:09.663+0000] {logging_mixin.py:190} INFO - [2025-02-07T08:07:09.663+0000] {dag.py:4180} INFO - Setting next_dagrun for example_complex to None, run_after=None
[2025-02-07T08:07:09.675+0000] {processor.py:208} INFO - Processing /home/airflow/.local/lib/python3.12/site-packages/airflow/example_dags/example_complex.py took 0.050 seconds
[2025-02-07T08:07:40.471+0000] {processor.py:186} INFO - Started process (PID=1286) to work on /home/airflow/.local/lib/python3.12/site-packages/airflow/example_dags/example_complex.py
[2025-02-07T08:07:40.471+0000] {processor.py:914} INFO - Processing file /home/airflow/.local/lib/python3.12/site-packages/airflow/example_dags/example_complex.py for tasks to queue
[2025-02-07T08:07:40.472+0000] {logging_mixin.py:190} INFO - [2025-02-07T08:07:40.472+0000] {dagbag.py:588} INFO - Filling up the DagBag from /home/airflow/.local/lib/python3.12/site-packages/airflow/example_dags/example_complex.py
[2025-02-07T08:07:40.479+0000] {processor.py:925} INFO - DAG(s) 'example_complex' retrieved from /home/airflow/.local/lib/python3.12/site-packages/airflow/example_dags/example_complex.py
[2025-02-07T08:07:40.508+0000] {logging_mixin.py:190} INFO - [2025-02-07T08:07:40.508+0000] {dag.py:3239} INFO - Sync 1 DAGs
[2025-02-07T08:07:40.517+0000] {logging_mixin.py:190} INFO - [2025-02-07T08:07:40.516+0000] {dag.py:4180} INFO - Setting next_dagrun for example_complex to None, run_after=None
[2025-02-07T08:07:40.529+0000] {processor.py:208} INFO - Processing /home/airflow/.local/lib/python3.12/site-packages/airflow/example_dags/example_complex.py took 0.062 seconds
[2025-02-07T08:08:11.037+0000] {processor.py:186} INFO - Started process (PID=1371) to work on /home/airflow/.local/lib/python3.12/site-packages/airflow/example_dags/example_complex.py
[2025-02-07T08:08:11.037+0000] {processor.py:914} INFO - Processing file /home/airflow/.local/lib/python3.12/site-packages/airflow/example_dags/example_complex.py for tasks to queue
[2025-02-07T08:08:11.038+0000] {logging_mixin.py:190} INFO - [2025-02-07T08:08:11.038+0000] {dagbag.py:588} INFO - Filling up the DagBag from /home/airflow/.local/lib/python3.12/site-packages/airflow/example_dags/example_complex.py
[2025-02-07T08:08:11.045+0000] {processor.py:925} INFO - DAG(s) 'example_complex' retrieved from /home/airflow/.local/lib/python3.12/site-packages/airflow/example_dags/example_complex.py
[2025-02-07T08:08:11.071+0000] {logging_mixin.py:190} INFO - [2025-02-07T08:08:11.071+0000] {dag.py:3239} INFO - Sync 1 DAGs
[2025-02-07T08:08:11.079+0000] {logging_mixin.py:190} INFO - [2025-02-07T08:08:11.079+0000] {dag.py:4180} INFO - Setting next_dagrun for example_complex to None, run_after=None
[2025-02-07T08:08:11.089+0000] {processor.py:208} INFO - Processing /home/airflow/.local/lib/python3.12/site-packages/airflow/example_dags/example_complex.py took 0.056 seconds
[2025-02-07T08:08:41.741+0000] {processor.py:186} INFO - Started process (PID=1456) to work on /home/airflow/.local/lib/python3.12/site-packages/airflow/example_dags/example_complex.py
[2025-02-07T08:08:41.742+0000] {processor.py:914} INFO - Processing file /home/airflow/.local/lib/python3.12/site-packages/airflow/example_dags/example_complex.py for tasks to queue
[2025-02-07T08:08:41.743+0000] {logging_mixin.py:190} INFO - [2025-02-07T08:08:41.743+0000] {dagbag.py:588} INFO - Filling up the DagBag from /home/airflow/.local/lib/python3.12/site-packages/airflow/example_dags/example_complex.py
[2025-02-07T08:08:41.750+0000] {processor.py:925} INFO - DAG(s) 'example_complex' retrieved from /home/airflow/.local/lib/python3.12/site-packages/airflow/example_dags/example_complex.py
[2025-02-07T08:08:41.781+0000] {logging_mixin.py:190} INFO - [2025-02-07T08:08:41.781+0000] {dag.py:3239} INFO - Sync 1 DAGs
[2025-02-07T08:08:41.796+0000] {logging_mixin.py:190} INFO - [2025-02-07T08:08:41.796+0000] {dag.py:4180} INFO - Setting next_dagrun for example_complex to None, run_after=None
[2025-02-07T08:08:41.812+0000] {processor.py:208} INFO - Processing /home/airflow/.local/lib/python3.12/site-packages/airflow/example_dags/example_complex.py took 0.078 seconds
[2025-02-07T08:09:13.093+0000] {processor.py:186} INFO - Started process (PID=1541) to work on /home/airflow/.local/lib/python3.12/site-packages/airflow/example_dags/example_complex.py
[2025-02-07T08:09:13.094+0000] {processor.py:914} INFO - Processing file /home/airflow/.local/lib/python3.12/site-packages/airflow/example_dags/example_complex.py for tasks to queue
[2025-02-07T08:09:13.095+0000] {logging_mixin.py:190} INFO - [2025-02-07T08:09:13.095+0000] {dagbag.py:588} INFO - Filling up the DagBag from /home/airflow/.local/lib/python3.12/site-packages/airflow/example_dags/example_complex.py
[2025-02-07T08:09:13.103+0000] {processor.py:925} INFO - DAG(s) 'example_complex' retrieved from /home/airflow/.local/lib/python3.12/site-packages/airflow/example_dags/example_complex.py
[2025-02-07T08:09:13.122+0000] {logging_mixin.py:190} INFO - [2025-02-07T08:09:13.121+0000] {dag.py:3239} INFO - Sync 1 DAGs
[2025-02-07T08:09:13.130+0000] {logging_mixin.py:190} INFO - [2025-02-07T08:09:13.129+0000] {dag.py:4180} INFO - Setting next_dagrun for example_complex to None, run_after=None
[2025-02-07T08:09:13.140+0000] {processor.py:208} INFO - Processing /home/airflow/.local/lib/python3.12/site-packages/airflow/example_dags/example_complex.py took 0.052 seconds
[2025-02-07T08:09:43.980+0000] {processor.py:186} INFO - Started process (PID=1626) to work on /home/airflow/.local/lib/python3.12/site-packages/airflow/example_dags/example_complex.py
[2025-02-07T08:09:43.980+0000] {processor.py:914} INFO - Processing file /home/airflow/.local/lib/python3.12/site-packages/airflow/example_dags/example_complex.py for tasks to queue
[2025-02-07T08:09:43.982+0000] {logging_mixin.py:190} INFO - [2025-02-07T08:09:43.982+0000] {dagbag.py:588} INFO - Filling up the DagBag from /home/airflow/.local/lib/python3.12/site-packages/airflow/example_dags/example_complex.py
[2025-02-07T08:09:43.989+0000] {processor.py:925} INFO - DAG(s) 'example_complex' retrieved from /home/airflow/.local/lib/python3.12/site-packages/airflow/example_dags/example_complex.py
[2025-02-07T08:09:44.011+0000] {logging_mixin.py:190} INFO - [2025-02-07T08:09:44.011+0000] {dag.py:3239} INFO - Sync 1 DAGs
[2025-02-07T08:09:44.020+0000] {logging_mixin.py:190} INFO - [2025-02-07T08:09:44.020+0000] {dag.py:4180} INFO - Setting next_dagrun for example_complex to None, run_after=None
[2025-02-07T08:09:44.031+0000] {processor.py:208} INFO - Processing /home/airflow/.local/lib/python3.12/site-packages/airflow/example_dags/example_complex.py took 0.055 seconds
[2025-02-07T08:10:15.121+0000] {processor.py:186} INFO - Started process (PID=1711) to work on /home/airflow/.local/lib/python3.12/site-packages/airflow/example_dags/example_complex.py
[2025-02-07T08:10:15.122+0000] {processor.py:914} INFO - Processing file /home/airflow/.local/lib/python3.12/site-packages/airflow/example_dags/example_complex.py for tasks to queue
[2025-02-07T08:10:15.123+0000] {logging_mixin.py:190} INFO - [2025-02-07T08:10:15.123+0000] {dagbag.py:588} INFO - Filling up the DagBag from /home/airflow/.local/lib/python3.12/site-packages/airflow/example_dags/example_complex.py
[2025-02-07T08:10:15.129+0000] {processor.py:925} INFO - DAG(s) 'example_complex' retrieved from /home/airflow/.local/lib/python3.12/site-packages/airflow/example_dags/example_complex.py
[2025-02-07T08:10:15.148+0000] {logging_mixin.py:190} INFO - [2025-02-07T08:10:15.148+0000] {dag.py:3239} INFO - Sync 1 DAGs
[2025-02-07T08:10:15.156+0000] {logging_mixin.py:190} INFO - [2025-02-07T08:10:15.156+0000] {dag.py:4180} INFO - Setting next_dagrun for example_complex to None, run_after=None
[2025-02-07T08:10:15.166+0000] {processor.py:208} INFO - Processing /home/airflow/.local/lib/python3.12/site-packages/airflow/example_dags/example_complex.py took 0.049 seconds
[2025-02-07T08:10:45.555+0000] {processor.py:186} INFO - Started process (PID=1796) to work on /home/airflow/.local/lib/python3.12/site-packages/airflow/example_dags/example_complex.py
[2025-02-07T08:10:45.555+0000] {processor.py:914} INFO - Processing file /home/airflow/.local/lib/python3.12/site-packages/airflow/example_dags/example_complex.py for tasks to queue
[2025-02-07T08:10:45.557+0000] {logging_mixin.py:190} INFO - [2025-02-07T08:10:45.556+0000] {dagbag.py:588} INFO - Filling up the DagBag from /home/airflow/.local/lib/python3.12/site-packages/airflow/example_dags/example_complex.py
[2025-02-07T08:10:45.563+0000] {processor.py:925} INFO - DAG(s) 'example_complex' retrieved from /home/airflow/.local/lib/python3.12/site-packages/airflow/example_dags/example_complex.py
[2025-02-07T08:10:45.584+0000] {logging_mixin.py:190} INFO - [2025-02-07T08:10:45.584+0000] {dag.py:3239} INFO - Sync 1 DAGs
[2025-02-07T08:10:45.593+0000] {logging_mixin.py:190} INFO - [2025-02-07T08:10:45.593+0000] {dag.py:4180} INFO - Setting next_dagrun for example_complex to None, run_after=None
[2025-02-07T08:10:45.608+0000] {processor.py:208} INFO - Processing /home/airflow/.local/lib/python3.12/site-packages/airflow/example_dags/example_complex.py took 0.058 seconds
[2025-02-07T08:11:15.679+0000] {processor.py:186} INFO - Started process (PID=1880) to work on /home/airflow/.local/lib/python3.12/site-packages/airflow/example_dags/example_complex.py
[2025-02-07T08:11:15.679+0000] {processor.py:914} INFO - Processing file /home/airflow/.local/lib/python3.12/site-packages/airflow/example_dags/example_complex.py for tasks to queue
[2025-02-07T08:11:15.681+0000] {logging_mixin.py:190} INFO - [2025-02-07T08:11:15.680+0000] {dagbag.py:588} INFO - Filling up the DagBag from /home/airflow/.local/lib/python3.12/site-packages/airflow/example_dags/example_complex.py
[2025-02-07T08:11:15.687+0000] {processor.py:925} INFO - DAG(s) 'example_complex' retrieved from /home/airflow/.local/lib/python3.12/site-packages/airflow/example_dags/example_complex.py
[2025-02-07T08:11:15.709+0000] {logging_mixin.py:190} INFO - [2025-02-07T08:11:15.709+0000] {dag.py:3239} INFO - Sync 1 DAGs
[2025-02-07T08:11:15.722+0000] {logging_mixin.py:190} INFO - [2025-02-07T08:11:15.722+0000] {dag.py:4180} INFO - Setting next_dagrun for example_complex to None, run_after=None
[2025-02-07T08:11:15.734+0000] {processor.py:208} INFO - Processing /home/airflow/.local/lib/python3.12/site-packages/airflow/example_dags/example_complex.py took 0.059 seconds
[2025-02-07T08:11:46.953+0000] {processor.py:186} INFO - Started process (PID=1966) to work on /home/airflow/.local/lib/python3.12/site-packages/airflow/example_dags/example_complex.py
[2025-02-07T08:11:46.954+0000] {processor.py:914} INFO - Processing file /home/airflow/.local/lib/python3.12/site-packages/airflow/example_dags/example_complex.py for tasks to queue
[2025-02-07T08:11:46.956+0000] {logging_mixin.py:190} INFO - [2025-02-07T08:11:46.955+0000] {dagbag.py:588} INFO - Filling up the DagBag from /home/airflow/.local/lib/python3.12/site-packages/airflow/example_dags/example_complex.py
[2025-02-07T08:11:46.965+0000] {processor.py:925} INFO - DAG(s) 'example_complex' retrieved from /home/airflow/.local/lib/python3.12/site-packages/airflow/example_dags/example_complex.py
[2025-02-07T08:11:46.987+0000] {logging_mixin.py:190} INFO - [2025-02-07T08:11:46.987+0000] {dag.py:3239} INFO - Sync 1 DAGs
[2025-02-07T08:11:46.999+0000] {logging_mixin.py:190} INFO - [2025-02-07T08:11:46.999+0000] {dag.py:4180} INFO - Setting next_dagrun for example_complex to None, run_after=None
[2025-02-07T08:11:47.012+0000] {processor.py:208} INFO - Processing /home/airflow/.local/lib/python3.12/site-packages/airflow/example_dags/example_complex.py took 0.063 seconds
[2025-02-07T08:12:18.309+0000] {processor.py:186} INFO - Started process (PID=2051) to work on /home/airflow/.local/lib/python3.12/site-packages/airflow/example_dags/example_complex.py
[2025-02-07T08:12:18.310+0000] {processor.py:914} INFO - Processing file /home/airflow/.local/lib/python3.12/site-packages/airflow/example_dags/example_complex.py for tasks to queue
[2025-02-07T08:12:18.311+0000] {logging_mixin.py:190} INFO - [2025-02-07T08:12:18.311+0000] {dagbag.py:588} INFO - Filling up the DagBag from /home/airflow/.local/lib/python3.12/site-packages/airflow/example_dags/example_complex.py
[2025-02-07T08:12:18.320+0000] {processor.py:925} INFO - DAG(s) 'example_complex' retrieved from /home/airflow/.local/lib/python3.12/site-packages/airflow/example_dags/example_complex.py
[2025-02-07T08:12:18.343+0000] {logging_mixin.py:190} INFO - [2025-02-07T08:12:18.343+0000] {dag.py:3239} INFO - Sync 1 DAGs
[2025-02-07T08:12:18.351+0000] {logging_mixin.py:190} INFO - [2025-02-07T08:12:18.351+0000] {dag.py:4180} INFO - Setting next_dagrun for example_complex to None, run_after=None
[2025-02-07T08:12:18.361+0000] {processor.py:208} INFO - Processing /home/airflow/.local/lib/python3.12/site-packages/airflow/example_dags/example_complex.py took 0.055 seconds
[2025-02-07T08:12:48.767+0000] {processor.py:186} INFO - Started process (PID=2136) to work on /home/airflow/.local/lib/python3.12/site-packages/airflow/example_dags/example_complex.py
[2025-02-07T08:12:48.767+0000] {processor.py:914} INFO - Processing file /home/airflow/.local/lib/python3.12/site-packages/airflow/example_dags/example_complex.py for tasks to queue
[2025-02-07T08:12:48.769+0000] {logging_mixin.py:190} INFO - [2025-02-07T08:12:48.768+0000] {dagbag.py:588} INFO - Filling up the DagBag from /home/airflow/.local/lib/python3.12/site-packages/airflow/example_dags/example_complex.py
[2025-02-07T08:12:48.775+0000] {processor.py:925} INFO - DAG(s) 'example_complex' retrieved from /home/airflow/.local/lib/python3.12/site-packages/airflow/example_dags/example_complex.py
[2025-02-07T08:12:48.795+0000] {logging_mixin.py:190} INFO - [2025-02-07T08:12:48.795+0000] {dag.py:3239} INFO - Sync 1 DAGs
[2025-02-07T08:12:48.803+0000] {logging_mixin.py:190} INFO - [2025-02-07T08:12:48.803+0000] {dag.py:4180} INFO - Setting next_dagrun for example_complex to None, run_after=None
[2025-02-07T08:12:48.816+0000] {processor.py:208} INFO - Processing /home/airflow/.local/lib/python3.12/site-packages/airflow/example_dags/example_complex.py took 0.053 seconds
[2025-02-07T08:13:19.183+0000] {processor.py:186} INFO - Started process (PID=2221) to work on /home/airflow/.local/lib/python3.12/site-packages/airflow/example_dags/example_complex.py
[2025-02-07T08:13:19.183+0000] {processor.py:914} INFO - Processing file /home/airflow/.local/lib/python3.12/site-packages/airflow/example_dags/example_complex.py for tasks to queue
[2025-02-07T08:13:19.185+0000] {logging_mixin.py:190} INFO - [2025-02-07T08:13:19.185+0000] {dagbag.py:588} INFO - Filling up the DagBag from /home/airflow/.local/lib/python3.12/site-packages/airflow/example_dags/example_complex.py
[2025-02-07T08:13:19.192+0000] {processor.py:925} INFO - DAG(s) 'example_complex' retrieved from /home/airflow/.local/lib/python3.12/site-packages/airflow/example_dags/example_complex.py
[2025-02-07T08:13:19.213+0000] {logging_mixin.py:190} INFO - [2025-02-07T08:13:19.213+0000] {dag.py:3239} INFO - Sync 1 DAGs
[2025-02-07T08:13:19.227+0000] {logging_mixin.py:190} INFO - [2025-02-07T08:13:19.227+0000] {dag.py:4180} INFO - Setting next_dagrun for example_complex to None, run_after=None
[2025-02-07T08:13:19.242+0000] {processor.py:208} INFO - Processing /home/airflow/.local/lib/python3.12/site-packages/airflow/example_dags/example_complex.py took 0.065 seconds
[2025-02-07T08:13:49.412+0000] {processor.py:186} INFO - Started process (PID=2305) to work on /home/airflow/.local/lib/python3.12/site-packages/airflow/example_dags/example_complex.py
[2025-02-07T08:13:49.413+0000] {processor.py:914} INFO - Processing file /home/airflow/.local/lib/python3.12/site-packages/airflow/example_dags/example_complex.py for tasks to queue
[2025-02-07T08:13:49.415+0000] {logging_mixin.py:190} INFO - [2025-02-07T08:13:49.414+0000] {dagbag.py:588} INFO - Filling up the DagBag from /home/airflow/.local/lib/python3.12/site-packages/airflow/example_dags/example_complex.py
[2025-02-07T08:13:49.422+0000] {processor.py:925} INFO - DAG(s) 'example_complex' retrieved from /home/airflow/.local/lib/python3.12/site-packages/airflow/example_dags/example_complex.py
[2025-02-07T08:13:49.443+0000] {logging_mixin.py:190} INFO - [2025-02-07T08:13:49.443+0000] {dag.py:3239} INFO - Sync 1 DAGs
[2025-02-07T08:13:49.452+0000] {logging_mixin.py:190} INFO - [2025-02-07T08:13:49.452+0000] {dag.py:4180} INFO - Setting next_dagrun for example_complex to None, run_after=None
[2025-02-07T08:13:49.462+0000] {processor.py:208} INFO - Processing /home/airflow/.local/lib/python3.12/site-packages/airflow/example_dags/example_complex.py took 0.057 seconds
[2025-02-07T08:14:20.793+0000] {processor.py:186} INFO - Started process (PID=2391) to work on /home/airflow/.local/lib/python3.12/site-packages/airflow/example_dags/example_complex.py
[2025-02-07T08:14:20.793+0000] {processor.py:914} INFO - Processing file /home/airflow/.local/lib/python3.12/site-packages/airflow/example_dags/example_complex.py for tasks to queue
[2025-02-07T08:14:20.794+0000] {logging_mixin.py:190} INFO - [2025-02-07T08:14:20.794+0000] {dagbag.py:588} INFO - Filling up the DagBag from /home/airflow/.local/lib/python3.12/site-packages/airflow/example_dags/example_complex.py
[2025-02-07T08:14:20.803+0000] {processor.py:925} INFO - DAG(s) 'example_complex' retrieved from /home/airflow/.local/lib/python3.12/site-packages/airflow/example_dags/example_complex.py
[2025-02-07T08:14:20.821+0000] {logging_mixin.py:190} INFO - [2025-02-07T08:14:20.821+0000] {dag.py:3239} INFO - Sync 1 DAGs
[2025-02-07T08:14:20.950+0000] {logging_mixin.py:190} INFO - [2025-02-07T08:14:20.950+0000] {dag.py:4180} INFO - Setting next_dagrun for example_complex to None, run_after=None
[2025-02-07T08:14:20.967+0000] {processor.py:208} INFO - Processing /home/airflow/.local/lib/python3.12/site-packages/airflow/example_dags/example_complex.py took 0.178 seconds
[2025-02-07T08:14:51.283+0000] {processor.py:186} INFO - Started process (PID=2476) to work on /home/airflow/.local/lib/python3.12/site-packages/airflow/example_dags/example_complex.py
[2025-02-07T08:14:51.284+0000] {processor.py:914} INFO - Processing file /home/airflow/.local/lib/python3.12/site-packages/airflow/example_dags/example_complex.py for tasks to queue
[2025-02-07T08:14:51.286+0000] {logging_mixin.py:190} INFO - [2025-02-07T08:14:51.286+0000] {dagbag.py:588} INFO - Filling up the DagBag from /home/airflow/.local/lib/python3.12/site-packages/airflow/example_dags/example_complex.py
[2025-02-07T08:14:51.293+0000] {processor.py:925} INFO - DAG(s) 'example_complex' retrieved from /home/airflow/.local/lib/python3.12/site-packages/airflow/example_dags/example_complex.py
[2025-02-07T08:14:51.432+0000] {logging_mixin.py:190} INFO - [2025-02-07T08:14:51.432+0000] {dag.py:3239} INFO - Sync 1 DAGs
[2025-02-07T08:14:51.440+0000] {logging_mixin.py:190} INFO - [2025-02-07T08:14:51.440+0000] {dag.py:4180} INFO - Setting next_dagrun for example_complex to None, run_after=None
[2025-02-07T08:14:51.452+0000] {processor.py:208} INFO - Processing /home/airflow/.local/lib/python3.12/site-packages/airflow/example_dags/example_complex.py took 0.173 seconds
[2025-02-07T08:15:22.003+0000] {processor.py:186} INFO - Started process (PID=2561) to work on /home/airflow/.local/lib/python3.12/site-packages/airflow/example_dags/example_complex.py
[2025-02-07T08:15:22.004+0000] {processor.py:914} INFO - Processing file /home/airflow/.local/lib/python3.12/site-packages/airflow/example_dags/example_complex.py for tasks to queue
[2025-02-07T08:15:22.005+0000] {logging_mixin.py:190} INFO - [2025-02-07T08:15:22.005+0000] {dagbag.py:588} INFO - Filling up the DagBag from /home/airflow/.local/lib/python3.12/site-packages/airflow/example_dags/example_complex.py
[2025-02-07T08:15:22.013+0000] {processor.py:925} INFO - DAG(s) 'example_complex' retrieved from /home/airflow/.local/lib/python3.12/site-packages/airflow/example_dags/example_complex.py
[2025-02-07T08:15:22.163+0000] {logging_mixin.py:190} INFO - [2025-02-07T08:15:22.163+0000] {dag.py:3239} INFO - Sync 1 DAGs
[2025-02-07T08:15:22.173+0000] {logging_mixin.py:190} INFO - [2025-02-07T08:15:22.173+0000] {dag.py:4180} INFO - Setting next_dagrun for example_complex to None, run_after=None
[2025-02-07T08:15:22.193+0000] {processor.py:208} INFO - Processing /home/airflow/.local/lib/python3.12/site-packages/airflow/example_dags/example_complex.py took 0.193 seconds
[2025-02-07T08:15:52.561+0000] {processor.py:186} INFO - Started process (PID=2646) to work on /home/airflow/.local/lib/python3.12/site-packages/airflow/example_dags/example_complex.py
[2025-02-07T08:15:52.562+0000] {processor.py:914} INFO - Processing file /home/airflow/.local/lib/python3.12/site-packages/airflow/example_dags/example_complex.py for tasks to queue
[2025-02-07T08:15:52.564+0000] {logging_mixin.py:190} INFO - [2025-02-07T08:15:52.564+0000] {dagbag.py:588} INFO - Filling up the DagBag from /home/airflow/.local/lib/python3.12/site-packages/airflow/example_dags/example_complex.py
[2025-02-07T08:15:52.574+0000] {processor.py:925} INFO - DAG(s) 'example_complex' retrieved from /home/airflow/.local/lib/python3.12/site-packages/airflow/example_dags/example_complex.py
[2025-02-07T08:15:52.720+0000] {logging_mixin.py:190} INFO - [2025-02-07T08:15:52.719+0000] {dag.py:3239} INFO - Sync 1 DAGs
[2025-02-07T08:15:52.727+0000] {logging_mixin.py:190} INFO - [2025-02-07T08:15:52.727+0000] {dag.py:4180} INFO - Setting next_dagrun for example_complex to None, run_after=None
[2025-02-07T08:15:52.740+0000] {processor.py:208} INFO - Processing /home/airflow/.local/lib/python3.12/site-packages/airflow/example_dags/example_complex.py took 0.184 seconds
[2025-02-07T08:16:23.328+0000] {processor.py:186} INFO - Started process (PID=2731) to work on /home/airflow/.local/lib/python3.12/site-packages/airflow/example_dags/example_complex.py
[2025-02-07T08:16:23.328+0000] {processor.py:914} INFO - Processing file /home/airflow/.local/lib/python3.12/site-packages/airflow/example_dags/example_complex.py for tasks to queue
[2025-02-07T08:16:23.330+0000] {logging_mixin.py:190} INFO - [2025-02-07T08:16:23.329+0000] {dagbag.py:588} INFO - Filling up the DagBag from /home/airflow/.local/lib/python3.12/site-packages/airflow/example_dags/example_complex.py
[2025-02-07T08:16:23.336+0000] {processor.py:925} INFO - DAG(s) 'example_complex' retrieved from /home/airflow/.local/lib/python3.12/site-packages/airflow/example_dags/example_complex.py
[2025-02-07T08:16:23.355+0000] {logging_mixin.py:190} INFO - [2025-02-07T08:16:23.355+0000] {dag.py:3239} INFO - Sync 1 DAGs
[2025-02-07T08:16:23.363+0000] {logging_mixin.py:190} INFO - [2025-02-07T08:16:23.363+0000] {dag.py:4180} INFO - Setting next_dagrun for example_complex to None, run_after=None
[2025-02-07T08:16:23.373+0000] {processor.py:208} INFO - Processing /home/airflow/.local/lib/python3.12/site-packages/airflow/example_dags/example_complex.py took 0.050 seconds
[2025-02-07T08:16:54.535+0000] {processor.py:186} INFO - Started process (PID=2816) to work on /home/airflow/.local/lib/python3.12/site-packages/airflow/example_dags/example_complex.py
[2025-02-07T08:16:54.536+0000] {processor.py:914} INFO - Processing file /home/airflow/.local/lib/python3.12/site-packages/airflow/example_dags/example_complex.py for tasks to queue
[2025-02-07T08:16:54.538+0000] {logging_mixin.py:190} INFO - [2025-02-07T08:16:54.537+0000] {dagbag.py:588} INFO - Filling up the DagBag from /home/airflow/.local/lib/python3.12/site-packages/airflow/example_dags/example_complex.py
[2025-02-07T08:16:54.547+0000] {processor.py:925} INFO - DAG(s) 'example_complex' retrieved from /home/airflow/.local/lib/python3.12/site-packages/airflow/example_dags/example_complex.py
[2025-02-07T08:16:54.568+0000] {logging_mixin.py:190} INFO - [2025-02-07T08:16:54.567+0000] {dag.py:3239} INFO - Sync 1 DAGs
[2025-02-07T08:16:54.575+0000] {logging_mixin.py:190} INFO - [2025-02-07T08:16:54.575+0000] {dag.py:4180} INFO - Setting next_dagrun for example_complex to None, run_after=None
[2025-02-07T08:16:54.589+0000] {processor.py:208} INFO - Processing /home/airflow/.local/lib/python3.12/site-packages/airflow/example_dags/example_complex.py took 0.059 seconds
[2025-02-07T08:17:25.262+0000] {processor.py:186} INFO - Started process (PID=2901) to work on /home/airflow/.local/lib/python3.12/site-packages/airflow/example_dags/example_complex.py
[2025-02-07T08:17:25.264+0000] {processor.py:914} INFO - Processing file /home/airflow/.local/lib/python3.12/site-packages/airflow/example_dags/example_complex.py for tasks to queue
[2025-02-07T08:17:25.265+0000] {logging_mixin.py:190} INFO - [2025-02-07T08:17:25.265+0000] {dagbag.py:588} INFO - Filling up the DagBag from /home/airflow/.local/lib/python3.12/site-packages/airflow/example_dags/example_complex.py
[2025-02-07T08:17:25.273+0000] {processor.py:925} INFO - DAG(s) 'example_complex' retrieved from /home/airflow/.local/lib/python3.12/site-packages/airflow/example_dags/example_complex.py
[2025-02-07T08:17:25.297+0000] {logging_mixin.py:190} INFO - [2025-02-07T08:17:25.297+0000] {dag.py:3239} INFO - Sync 1 DAGs
[2025-02-07T08:17:25.308+0000] {logging_mixin.py:190} INFO - [2025-02-07T08:17:25.308+0000] {dag.py:4180} INFO - Setting next_dagrun for example_complex to None, run_after=None
[2025-02-07T08:17:25.319+0000] {processor.py:208} INFO - Processing /home/airflow/.local/lib/python3.12/site-packages/airflow/example_dags/example_complex.py took 0.062 seconds
[2025-02-07T08:17:56.017+0000] {processor.py:186} INFO - Started process (PID=2986) to work on /home/airflow/.local/lib/python3.12/site-packages/airflow/example_dags/example_complex.py
[2025-02-07T08:17:56.018+0000] {processor.py:914} INFO - Processing file /home/airflow/.local/lib/python3.12/site-packages/airflow/example_dags/example_complex.py for tasks to queue
[2025-02-07T08:17:56.019+0000] {logging_mixin.py:190} INFO - [2025-02-07T08:17:56.019+0000] {dagbag.py:588} INFO - Filling up the DagBag from /home/airflow/.local/lib/python3.12/site-packages/airflow/example_dags/example_complex.py
[2025-02-07T08:17:56.026+0000] {processor.py:925} INFO - DAG(s) 'example_complex' retrieved from /home/airflow/.local/lib/python3.12/site-packages/airflow/example_dags/example_complex.py
[2025-02-07T08:17:56.043+0000] {logging_mixin.py:190} INFO - [2025-02-07T08:17:56.043+0000] {dag.py:3239} INFO - Sync 1 DAGs
[2025-02-07T08:17:56.051+0000] {logging_mixin.py:190} INFO - [2025-02-07T08:17:56.050+0000] {dag.py:4180} INFO - Setting next_dagrun for example_complex to None, run_after=None
[2025-02-07T08:17:56.060+0000] {processor.py:208} INFO - Processing /home/airflow/.local/lib/python3.12/site-packages/airflow/example_dags/example_complex.py took 0.046 seconds
[2025-02-07T08:18:26.764+0000] {processor.py:186} INFO - Started process (PID=3071) to work on /home/airflow/.local/lib/python3.12/site-packages/airflow/example_dags/example_complex.py
[2025-02-07T08:18:26.765+0000] {processor.py:914} INFO - Processing file /home/airflow/.local/lib/python3.12/site-packages/airflow/example_dags/example_complex.py for tasks to queue
[2025-02-07T08:18:26.766+0000] {logging_mixin.py:190} INFO - [2025-02-07T08:18:26.766+0000] {dagbag.py:588} INFO - Filling up the DagBag from /home/airflow/.local/lib/python3.12/site-packages/airflow/example_dags/example_complex.py
[2025-02-07T08:18:26.775+0000] {processor.py:925} INFO - DAG(s) 'example_complex' retrieved from /home/airflow/.local/lib/python3.12/site-packages/airflow/example_dags/example_complex.py
[2025-02-07T08:18:26.797+0000] {logging_mixin.py:190} INFO - [2025-02-07T08:18:26.797+0000] {dag.py:3239} INFO - Sync 1 DAGs
[2025-02-07T08:18:26.805+0000] {logging_mixin.py:190} INFO - [2025-02-07T08:18:26.805+0000] {dag.py:4180} INFO - Setting next_dagrun for example_complex to None, run_after=None
[2025-02-07T08:18:26.821+0000] {processor.py:208} INFO - Processing /home/airflow/.local/lib/python3.12/site-packages/airflow/example_dags/example_complex.py took 0.061 seconds
[2025-02-07T08:18:57.697+0000] {processor.py:186} INFO - Started process (PID=3156) to work on /home/airflow/.local/lib/python3.12/site-packages/airflow/example_dags/example_complex.py
[2025-02-07T08:18:57.698+0000] {processor.py:914} INFO - Processing file /home/airflow/.local/lib/python3.12/site-packages/airflow/example_dags/example_complex.py for tasks to queue
[2025-02-07T08:18:57.699+0000] {logging_mixin.py:190} INFO - [2025-02-07T08:18:57.699+0000] {dagbag.py:588} INFO - Filling up the DagBag from /home/airflow/.local/lib/python3.12/site-packages/airflow/example_dags/example_complex.py
[2025-02-07T08:18:57.706+0000] {processor.py:925} INFO - DAG(s) 'example_complex' retrieved from /home/airflow/.local/lib/python3.12/site-packages/airflow/example_dags/example_complex.py
[2025-02-07T08:18:57.729+0000] {logging_mixin.py:190} INFO - [2025-02-07T08:18:57.729+0000] {dag.py:3239} INFO - Sync 1 DAGs
[2025-02-07T08:18:57.738+0000] {logging_mixin.py:190} INFO - [2025-02-07T08:18:57.738+0000] {dag.py:4180} INFO - Setting next_dagrun for example_complex to None, run_after=None
[2025-02-07T08:18:57.748+0000] {processor.py:208} INFO - Processing /home/airflow/.local/lib/python3.12/site-packages/airflow/example_dags/example_complex.py took 0.058 seconds
[2025-02-07T08:19:28.020+0000] {processor.py:186} INFO - Started process (PID=3241) to work on /home/airflow/.local/lib/python3.12/site-packages/airflow/example_dags/example_complex.py
[2025-02-07T08:19:28.020+0000] {processor.py:914} INFO - Processing file /home/airflow/.local/lib/python3.12/site-packages/airflow/example_dags/example_complex.py for tasks to queue
[2025-02-07T08:19:28.022+0000] {logging_mixin.py:190} INFO - [2025-02-07T08:19:28.021+0000] {dagbag.py:588} INFO - Filling up the DagBag from /home/airflow/.local/lib/python3.12/site-packages/airflow/example_dags/example_complex.py
[2025-02-07T08:19:28.028+0000] {processor.py:925} INFO - DAG(s) 'example_complex' retrieved from /home/airflow/.local/lib/python3.12/site-packages/airflow/example_dags/example_complex.py
[2025-02-07T08:19:28.047+0000] {logging_mixin.py:190} INFO - [2025-02-07T08:19:28.047+0000] {dag.py:3239} INFO - Sync 1 DAGs
[2025-02-07T08:19:28.055+0000] {logging_mixin.py:190} INFO - [2025-02-07T08:19:28.055+0000] {dag.py:4180} INFO - Setting next_dagrun for example_complex to None, run_after=None
[2025-02-07T08:19:28.065+0000] {processor.py:208} INFO - Processing /home/airflow/.local/lib/python3.12/site-packages/airflow/example_dags/example_complex.py took 0.049 seconds
[2025-02-07T08:19:59.126+0000] {processor.py:186} INFO - Started process (PID=3326) to work on /home/airflow/.local/lib/python3.12/site-packages/airflow/example_dags/example_complex.py
[2025-02-07T08:19:59.127+0000] {processor.py:914} INFO - Processing file /home/airflow/.local/lib/python3.12/site-packages/airflow/example_dags/example_complex.py for tasks to queue
[2025-02-07T08:19:59.129+0000] {logging_mixin.py:190} INFO - [2025-02-07T08:19:59.129+0000] {dagbag.py:588} INFO - Filling up the DagBag from /home/airflow/.local/lib/python3.12/site-packages/airflow/example_dags/example_complex.py
[2025-02-07T08:19:59.141+0000] {processor.py:925} INFO - DAG(s) 'example_complex' retrieved from /home/airflow/.local/lib/python3.12/site-packages/airflow/example_dags/example_complex.py
[2025-02-07T08:19:59.163+0000] {logging_mixin.py:190} INFO - [2025-02-07T08:19:59.163+0000] {dag.py:3239} INFO - Sync 1 DAGs
[2025-02-07T08:19:59.176+0000] {logging_mixin.py:190} INFO - [2025-02-07T08:19:59.176+0000] {dag.py:4180} INFO - Setting next_dagrun for example_complex to None, run_after=None
[2025-02-07T08:19:59.189+0000] {processor.py:208} INFO - Processing /home/airflow/.local/lib/python3.12/site-packages/airflow/example_dags/example_complex.py took 0.068 seconds
[2025-02-07T08:20:29.902+0000] {processor.py:186} INFO - Started process (PID=3417) to work on /home/airflow/.local/lib/python3.12/site-packages/airflow/example_dags/example_complex.py
[2025-02-07T08:20:29.902+0000] {processor.py:914} INFO - Processing file /home/airflow/.local/lib/python3.12/site-packages/airflow/example_dags/example_complex.py for tasks to queue
[2025-02-07T08:20:29.904+0000] {logging_mixin.py:190} INFO - [2025-02-07T08:20:29.903+0000] {dagbag.py:588} INFO - Filling up the DagBag from /home/airflow/.local/lib/python3.12/site-packages/airflow/example_dags/example_complex.py
[2025-02-07T08:20:29.911+0000] {processor.py:925} INFO - DAG(s) 'example_complex' retrieved from /home/airflow/.local/lib/python3.12/site-packages/airflow/example_dags/example_complex.py
[2025-02-07T08:20:29.928+0000] {logging_mixin.py:190} INFO - [2025-02-07T08:20:29.928+0000] {dag.py:3239} INFO - Sync 1 DAGs
[2025-02-07T08:20:29.936+0000] {logging_mixin.py:190} INFO - [2025-02-07T08:20:29.935+0000] {dag.py:4180} INFO - Setting next_dagrun for example_complex to None, run_after=None
[2025-02-07T08:20:29.945+0000] {processor.py:208} INFO - Processing /home/airflow/.local/lib/python3.12/site-packages/airflow/example_dags/example_complex.py took 0.047 seconds
