[2025-02-07T08:00:28.332+0000] {processor.py:186} INFO - Started process (PID=120) to work on /home/airflow/.local/lib/python3.12/site-packages/airflow/example_dags/example_bash_operator.py
[2025-02-07T08:00:28.332+0000] {processor.py:914} INFO - Processing file /home/airflow/.local/lib/python3.12/site-packages/airflow/example_dags/example_bash_operator.py for tasks to queue
[2025-02-07T08:00:28.334+0000] {logging_mixin.py:190} INFO - [2025-02-07T08:00:28.334+0000] {dagbag.py:588} INFO - Filling up the DagBag from /home/airflow/.local/lib/python3.12/site-packages/airflow/example_dags/example_bash_operator.py
[2025-02-07T08:00:28.344+0000] {processor.py:925} INFO - DAG(s) 'example_bash_operator' retrieved from /home/airflow/.local/lib/python3.12/site-packages/airflow/example_dags/example_bash_operator.py
[2025-02-07T08:00:28.372+0000] {logging_mixin.py:190} INFO - [2025-02-07T08:00:28.372+0000] {dag.py:3239} INFO - Sync 1 DAGs
[2025-02-07T08:00:28.403+0000] {logging_mixin.py:190} INFO - [2025-02-07T08:00:28.402+0000] {dag.py:4180} INFO - Setting next_dagrun for example_bash_operator to 2025-02-06 00:00:00+00:00, run_after=2025-02-07 00:00:00+00:00
[2025-02-07T08:00:28.477+0000] {processor.py:208} INFO - Processing /home/airflow/.local/lib/python3.12/site-packages/airflow/example_dags/example_bash_operator.py took 0.150 seconds
[2025-02-07T08:00:58.944+0000] {processor.py:186} INFO - Started process (PID=208) to work on /home/airflow/.local/lib/python3.12/site-packages/airflow/example_dags/example_bash_operator.py
[2025-02-07T08:00:58.945+0000] {processor.py:914} INFO - Processing file /home/airflow/.local/lib/python3.12/site-packages/airflow/example_dags/example_bash_operator.py for tasks to queue
[2025-02-07T08:00:58.946+0000] {logging_mixin.py:190} INFO - [2025-02-07T08:00:58.946+0000] {dagbag.py:588} INFO - Filling up the DagBag from /home/airflow/.local/lib/python3.12/site-packages/airflow/example_dags/example_bash_operator.py
[2025-02-07T08:00:58.955+0000] {processor.py:925} INFO - DAG(s) 'example_bash_operator' retrieved from /home/airflow/.local/lib/python3.12/site-packages/airflow/example_dags/example_bash_operator.py
[2025-02-07T08:00:58.975+0000] {logging_mixin.py:190} INFO - [2025-02-07T08:00:58.974+0000] {dag.py:3239} INFO - Sync 1 DAGs
[2025-02-07T08:00:58.989+0000] {logging_mixin.py:190} INFO - [2025-02-07T08:00:58.989+0000] {dag.py:4180} INFO - Setting next_dagrun for example_bash_operator to 2025-02-06 00:00:00+00:00, run_after=2025-02-07 00:00:00+00:00
[2025-02-07T08:00:59.002+0000] {processor.py:208} INFO - Processing /home/airflow/.local/lib/python3.12/site-packages/airflow/example_dags/example_bash_operator.py took 0.061 seconds
[2025-02-07T08:01:29.756+0000] {processor.py:186} INFO - Started process (PID=293) to work on /home/airflow/.local/lib/python3.12/site-packages/airflow/example_dags/example_bash_operator.py
[2025-02-07T08:01:29.757+0000] {processor.py:914} INFO - Processing file /home/airflow/.local/lib/python3.12/site-packages/airflow/example_dags/example_bash_operator.py for tasks to queue
[2025-02-07T08:01:29.758+0000] {logging_mixin.py:190} INFO - [2025-02-07T08:01:29.758+0000] {dagbag.py:588} INFO - Filling up the DagBag from /home/airflow/.local/lib/python3.12/site-packages/airflow/example_dags/example_bash_operator.py
[2025-02-07T08:01:29.766+0000] {processor.py:925} INFO - DAG(s) 'example_bash_operator' retrieved from /home/airflow/.local/lib/python3.12/site-packages/airflow/example_dags/example_bash_operator.py
[2025-02-07T08:01:29.792+0000] {logging_mixin.py:190} INFO - [2025-02-07T08:01:29.792+0000] {dag.py:3239} INFO - Sync 1 DAGs
[2025-02-07T08:01:29.807+0000] {logging_mixin.py:190} INFO - [2025-02-07T08:01:29.807+0000] {dag.py:4180} INFO - Setting next_dagrun for example_bash_operator to 2025-02-06 00:00:00+00:00, run_after=2025-02-07 00:00:00+00:00
[2025-02-07T08:01:29.815+0000] {processor.py:208} INFO - Processing /home/airflow/.local/lib/python3.12/site-packages/airflow/example_dags/example_bash_operator.py took 0.064 seconds
[2025-02-07T08:02:00.643+0000] {processor.py:186} INFO - Started process (PID=378) to work on /home/airflow/.local/lib/python3.12/site-packages/airflow/example_dags/example_bash_operator.py
[2025-02-07T08:02:00.644+0000] {processor.py:914} INFO - Processing file /home/airflow/.local/lib/python3.12/site-packages/airflow/example_dags/example_bash_operator.py for tasks to queue
[2025-02-07T08:02:00.645+0000] {logging_mixin.py:190} INFO - [2025-02-07T08:02:00.645+0000] {dagbag.py:588} INFO - Filling up the DagBag from /home/airflow/.local/lib/python3.12/site-packages/airflow/example_dags/example_bash_operator.py
[2025-02-07T08:02:00.653+0000] {processor.py:925} INFO - DAG(s) 'example_bash_operator' retrieved from /home/airflow/.local/lib/python3.12/site-packages/airflow/example_dags/example_bash_operator.py
[2025-02-07T08:02:00.676+0000] {logging_mixin.py:190} INFO - [2025-02-07T08:02:00.676+0000] {dag.py:3239} INFO - Sync 1 DAGs
[2025-02-07T08:02:00.701+0000] {logging_mixin.py:190} INFO - [2025-02-07T08:02:00.701+0000] {dag.py:4180} INFO - Setting next_dagrun for example_bash_operator to 2025-02-06 00:00:00+00:00, run_after=2025-02-07 00:00:00+00:00
[2025-02-07T08:02:00.719+0000] {processor.py:208} INFO - Processing /home/airflow/.local/lib/python3.12/site-packages/airflow/example_dags/example_bash_operator.py took 0.079 seconds
[2025-02-07T08:02:31.705+0000] {processor.py:186} INFO - Started process (PID=463) to work on /home/airflow/.local/lib/python3.12/site-packages/airflow/example_dags/example_bash_operator.py
[2025-02-07T08:02:31.706+0000] {processor.py:914} INFO - Processing file /home/airflow/.local/lib/python3.12/site-packages/airflow/example_dags/example_bash_operator.py for tasks to queue
[2025-02-07T08:02:31.708+0000] {logging_mixin.py:190} INFO - [2025-02-07T08:02:31.707+0000] {dagbag.py:588} INFO - Filling up the DagBag from /home/airflow/.local/lib/python3.12/site-packages/airflow/example_dags/example_bash_operator.py
[2025-02-07T08:02:31.718+0000] {processor.py:925} INFO - DAG(s) 'example_bash_operator' retrieved from /home/airflow/.local/lib/python3.12/site-packages/airflow/example_dags/example_bash_operator.py
[2025-02-07T08:02:31.749+0000] {logging_mixin.py:190} INFO - [2025-02-07T08:02:31.749+0000] {dag.py:3239} INFO - Sync 1 DAGs
[2025-02-07T08:02:31.772+0000] {logging_mixin.py:190} INFO - [2025-02-07T08:02:31.772+0000] {dag.py:4180} INFO - Setting next_dagrun for example_bash_operator to 2025-02-06 00:00:00+00:00, run_after=2025-02-07 00:00:00+00:00
[2025-02-07T08:02:31.785+0000] {processor.py:208} INFO - Processing /home/airflow/.local/lib/python3.12/site-packages/airflow/example_dags/example_bash_operator.py took 0.085 seconds
[2025-02-07T08:03:02.576+0000] {processor.py:186} INFO - Started process (PID=548) to work on /home/airflow/.local/lib/python3.12/site-packages/airflow/example_dags/example_bash_operator.py
[2025-02-07T08:03:02.577+0000] {processor.py:914} INFO - Processing file /home/airflow/.local/lib/python3.12/site-packages/airflow/example_dags/example_bash_operator.py for tasks to queue
[2025-02-07T08:03:02.580+0000] {logging_mixin.py:190} INFO - [2025-02-07T08:03:02.579+0000] {dagbag.py:588} INFO - Filling up the DagBag from /home/airflow/.local/lib/python3.12/site-packages/airflow/example_dags/example_bash_operator.py
[2025-02-07T08:03:02.593+0000] {processor.py:925} INFO - DAG(s) 'example_bash_operator' retrieved from /home/airflow/.local/lib/python3.12/site-packages/airflow/example_dags/example_bash_operator.py
[2025-02-07T08:03:02.615+0000] {logging_mixin.py:190} INFO - [2025-02-07T08:03:02.615+0000] {dag.py:3239} INFO - Sync 1 DAGs
[2025-02-07T08:03:02.628+0000] {logging_mixin.py:190} INFO - [2025-02-07T08:03:02.628+0000] {dag.py:4180} INFO - Setting next_dagrun for example_bash_operator to 2025-02-06 00:00:00+00:00, run_after=2025-02-07 00:00:00+00:00
[2025-02-07T08:03:02.638+0000] {processor.py:208} INFO - Processing /home/airflow/.local/lib/python3.12/site-packages/airflow/example_dags/example_bash_operator.py took 0.068 seconds
[2025-02-07T08:03:33.429+0000] {processor.py:186} INFO - Started process (PID=633) to work on /home/airflow/.local/lib/python3.12/site-packages/airflow/example_dags/example_bash_operator.py
[2025-02-07T08:03:33.430+0000] {processor.py:914} INFO - Processing file /home/airflow/.local/lib/python3.12/site-packages/airflow/example_dags/example_bash_operator.py for tasks to queue
[2025-02-07T08:03:33.432+0000] {logging_mixin.py:190} INFO - [2025-02-07T08:03:33.431+0000] {dagbag.py:588} INFO - Filling up the DagBag from /home/airflow/.local/lib/python3.12/site-packages/airflow/example_dags/example_bash_operator.py
[2025-02-07T08:03:33.441+0000] {processor.py:925} INFO - DAG(s) 'example_bash_operator' retrieved from /home/airflow/.local/lib/python3.12/site-packages/airflow/example_dags/example_bash_operator.py
[2025-02-07T08:03:33.464+0000] {logging_mixin.py:190} INFO - [2025-02-07T08:03:33.463+0000] {dag.py:3239} INFO - Sync 1 DAGs
[2025-02-07T08:03:33.481+0000] {logging_mixin.py:190} INFO - [2025-02-07T08:03:33.481+0000] {dag.py:4180} INFO - Setting next_dagrun for example_bash_operator to 2025-02-06 00:00:00+00:00, run_after=2025-02-07 00:00:00+00:00
[2025-02-07T08:03:33.496+0000] {processor.py:208} INFO - Processing /home/airflow/.local/lib/python3.12/site-packages/airflow/example_dags/example_bash_operator.py took 0.072 seconds
[2025-02-07T08:04:04.423+0000] {processor.py:186} INFO - Started process (PID=718) to work on /home/airflow/.local/lib/python3.12/site-packages/airflow/example_dags/example_bash_operator.py
[2025-02-07T08:04:04.424+0000] {processor.py:914} INFO - Processing file /home/airflow/.local/lib/python3.12/site-packages/airflow/example_dags/example_bash_operator.py for tasks to queue
[2025-02-07T08:04:04.426+0000] {logging_mixin.py:190} INFO - [2025-02-07T08:04:04.426+0000] {dagbag.py:588} INFO - Filling up the DagBag from /home/airflow/.local/lib/python3.12/site-packages/airflow/example_dags/example_bash_operator.py
[2025-02-07T08:04:04.435+0000] {processor.py:925} INFO - DAG(s) 'example_bash_operator' retrieved from /home/airflow/.local/lib/python3.12/site-packages/airflow/example_dags/example_bash_operator.py
[2025-02-07T08:04:04.463+0000] {logging_mixin.py:190} INFO - [2025-02-07T08:04:04.463+0000] {dag.py:3239} INFO - Sync 1 DAGs
[2025-02-07T08:04:04.485+0000] {logging_mixin.py:190} INFO - [2025-02-07T08:04:04.484+0000] {dag.py:4180} INFO - Setting next_dagrun for example_bash_operator to 2025-02-06 00:00:00+00:00, run_after=2025-02-07 00:00:00+00:00
[2025-02-07T08:04:04.496+0000] {processor.py:208} INFO - Processing /home/airflow/.local/lib/python3.12/site-packages/airflow/example_dags/example_bash_operator.py took 0.077 seconds
[2025-02-07T08:04:35.474+0000] {processor.py:186} INFO - Started process (PID=803) to work on /home/airflow/.local/lib/python3.12/site-packages/airflow/example_dags/example_bash_operator.py
[2025-02-07T08:04:35.474+0000] {processor.py:914} INFO - Processing file /home/airflow/.local/lib/python3.12/site-packages/airflow/example_dags/example_bash_operator.py for tasks to queue
[2025-02-07T08:04:35.475+0000] {logging_mixin.py:190} INFO - [2025-02-07T08:04:35.475+0000] {dagbag.py:588} INFO - Filling up the DagBag from /home/airflow/.local/lib/python3.12/site-packages/airflow/example_dags/example_bash_operator.py
[2025-02-07T08:04:35.483+0000] {processor.py:925} INFO - DAG(s) 'example_bash_operator' retrieved from /home/airflow/.local/lib/python3.12/site-packages/airflow/example_dags/example_bash_operator.py
[2025-02-07T08:04:35.500+0000] {logging_mixin.py:190} INFO - [2025-02-07T08:04:35.500+0000] {dag.py:3239} INFO - Sync 1 DAGs
[2025-02-07T08:04:35.513+0000] {logging_mixin.py:190} INFO - [2025-02-07T08:04:35.513+0000] {dag.py:4180} INFO - Setting next_dagrun for example_bash_operator to 2025-02-06 00:00:00+00:00, run_after=2025-02-07 00:00:00+00:00
[2025-02-07T08:04:35.522+0000] {processor.py:208} INFO - Processing /home/airflow/.local/lib/python3.12/site-packages/airflow/example_dags/example_bash_operator.py took 0.052 seconds
[2025-02-07T08:05:06.340+0000] {processor.py:186} INFO - Started process (PID=888) to work on /home/airflow/.local/lib/python3.12/site-packages/airflow/example_dags/example_bash_operator.py
[2025-02-07T08:05:06.341+0000] {processor.py:914} INFO - Processing file /home/airflow/.local/lib/python3.12/site-packages/airflow/example_dags/example_bash_operator.py for tasks to queue
[2025-02-07T08:05:06.342+0000] {logging_mixin.py:190} INFO - [2025-02-07T08:05:06.342+0000] {dagbag.py:588} INFO - Filling up the DagBag from /home/airflow/.local/lib/python3.12/site-packages/airflow/example_dags/example_bash_operator.py
[2025-02-07T08:05:06.349+0000] {processor.py:925} INFO - DAG(s) 'example_bash_operator' retrieved from /home/airflow/.local/lib/python3.12/site-packages/airflow/example_dags/example_bash_operator.py
[2025-02-07T08:05:06.364+0000] {logging_mixin.py:190} INFO - [2025-02-07T08:05:06.364+0000] {dag.py:3239} INFO - Sync 1 DAGs
[2025-02-07T08:05:06.378+0000] {logging_mixin.py:190} INFO - [2025-02-07T08:05:06.378+0000] {dag.py:4180} INFO - Setting next_dagrun for example_bash_operator to 2025-02-06 00:00:00+00:00, run_after=2025-02-07 00:00:00+00:00
[2025-02-07T08:05:06.390+0000] {processor.py:208} INFO - Processing /home/airflow/.local/lib/python3.12/site-packages/airflow/example_dags/example_bash_operator.py took 0.053 seconds
[2025-02-07T08:05:37.724+0000] {processor.py:186} INFO - Started process (PID=973) to work on /home/airflow/.local/lib/python3.12/site-packages/airflow/example_dags/example_bash_operator.py
[2025-02-07T08:05:37.725+0000] {processor.py:914} INFO - Processing file /home/airflow/.local/lib/python3.12/site-packages/airflow/example_dags/example_bash_operator.py for tasks to queue
[2025-02-07T08:05:37.726+0000] {logging_mixin.py:190} INFO - [2025-02-07T08:05:37.726+0000] {dagbag.py:588} INFO - Filling up the DagBag from /home/airflow/.local/lib/python3.12/site-packages/airflow/example_dags/example_bash_operator.py
[2025-02-07T08:05:37.733+0000] {processor.py:925} INFO - DAG(s) 'example_bash_operator' retrieved from /home/airflow/.local/lib/python3.12/site-packages/airflow/example_dags/example_bash_operator.py
[2025-02-07T08:05:37.748+0000] {logging_mixin.py:190} INFO - [2025-02-07T08:05:37.748+0000] {dag.py:3239} INFO - Sync 1 DAGs
[2025-02-07T08:05:37.762+0000] {logging_mixin.py:190} INFO - [2025-02-07T08:05:37.762+0000] {dag.py:4180} INFO - Setting next_dagrun for example_bash_operator to 2025-02-06 00:00:00+00:00, run_after=2025-02-07 00:00:00+00:00
[2025-02-07T08:05:37.772+0000] {processor.py:208} INFO - Processing /home/airflow/.local/lib/python3.12/site-packages/airflow/example_dags/example_bash_operator.py took 0.051 seconds
[2025-02-07T08:06:08.311+0000] {processor.py:186} INFO - Started process (PID=1058) to work on /home/airflow/.local/lib/python3.12/site-packages/airflow/example_dags/example_bash_operator.py
[2025-02-07T08:06:08.312+0000] {processor.py:914} INFO - Processing file /home/airflow/.local/lib/python3.12/site-packages/airflow/example_dags/example_bash_operator.py for tasks to queue
[2025-02-07T08:06:08.313+0000] {logging_mixin.py:190} INFO - [2025-02-07T08:06:08.313+0000] {dagbag.py:588} INFO - Filling up the DagBag from /home/airflow/.local/lib/python3.12/site-packages/airflow/example_dags/example_bash_operator.py
[2025-02-07T08:06:08.320+0000] {processor.py:925} INFO - DAG(s) 'example_bash_operator' retrieved from /home/airflow/.local/lib/python3.12/site-packages/airflow/example_dags/example_bash_operator.py
[2025-02-07T08:06:08.335+0000] {logging_mixin.py:190} INFO - [2025-02-07T08:06:08.335+0000] {dag.py:3239} INFO - Sync 1 DAGs
[2025-02-07T08:06:08.349+0000] {logging_mixin.py:190} INFO - [2025-02-07T08:06:08.349+0000] {dag.py:4180} INFO - Setting next_dagrun for example_bash_operator to 2025-02-06 00:00:00+00:00, run_after=2025-02-07 00:00:00+00:00
[2025-02-07T08:06:08.359+0000] {processor.py:208} INFO - Processing /home/airflow/.local/lib/python3.12/site-packages/airflow/example_dags/example_bash_operator.py took 0.053 seconds
[2025-02-07T08:06:39.529+0000] {processor.py:186} INFO - Started process (PID=1143) to work on /home/airflow/.local/lib/python3.12/site-packages/airflow/example_dags/example_bash_operator.py
[2025-02-07T08:06:39.529+0000] {processor.py:914} INFO - Processing file /home/airflow/.local/lib/python3.12/site-packages/airflow/example_dags/example_bash_operator.py for tasks to queue
[2025-02-07T08:06:39.530+0000] {logging_mixin.py:190} INFO - [2025-02-07T08:06:39.530+0000] {dagbag.py:588} INFO - Filling up the DagBag from /home/airflow/.local/lib/python3.12/site-packages/airflow/example_dags/example_bash_operator.py
[2025-02-07T08:06:39.538+0000] {processor.py:925} INFO - DAG(s) 'example_bash_operator' retrieved from /home/airflow/.local/lib/python3.12/site-packages/airflow/example_dags/example_bash_operator.py
[2025-02-07T08:06:39.557+0000] {logging_mixin.py:190} INFO - [2025-02-07T08:06:39.556+0000] {dag.py:3239} INFO - Sync 1 DAGs
[2025-02-07T08:06:39.573+0000] {logging_mixin.py:190} INFO - [2025-02-07T08:06:39.572+0000] {dag.py:4180} INFO - Setting next_dagrun for example_bash_operator to 2025-02-06 00:00:00+00:00, run_after=2025-02-07 00:00:00+00:00
[2025-02-07T08:06:39.587+0000] {processor.py:208} INFO - Processing /home/airflow/.local/lib/python3.12/site-packages/airflow/example_dags/example_bash_operator.py took 0.062 seconds
[2025-02-07T08:07:10.672+0000] {processor.py:186} INFO - Started process (PID=1228) to work on /home/airflow/.local/lib/python3.12/site-packages/airflow/example_dags/example_bash_operator.py
[2025-02-07T08:07:10.672+0000] {processor.py:914} INFO - Processing file /home/airflow/.local/lib/python3.12/site-packages/airflow/example_dags/example_bash_operator.py for tasks to queue
[2025-02-07T08:07:10.673+0000] {logging_mixin.py:190} INFO - [2025-02-07T08:07:10.673+0000] {dagbag.py:588} INFO - Filling up the DagBag from /home/airflow/.local/lib/python3.12/site-packages/airflow/example_dags/example_bash_operator.py
[2025-02-07T08:07:10.681+0000] {processor.py:925} INFO - DAG(s) 'example_bash_operator' retrieved from /home/airflow/.local/lib/python3.12/site-packages/airflow/example_dags/example_bash_operator.py
[2025-02-07T08:07:10.703+0000] {logging_mixin.py:190} INFO - [2025-02-07T08:07:10.703+0000] {dag.py:3239} INFO - Sync 1 DAGs
[2025-02-07T08:07:10.720+0000] {logging_mixin.py:190} INFO - [2025-02-07T08:07:10.720+0000] {dag.py:4180} INFO - Setting next_dagrun for example_bash_operator to 2025-02-06 00:00:00+00:00, run_after=2025-02-07 00:00:00+00:00
[2025-02-07T08:07:10.734+0000] {processor.py:208} INFO - Processing /home/airflow/.local/lib/python3.12/site-packages/airflow/example_dags/example_bash_operator.py took 0.065 seconds
[2025-02-07T08:07:40.879+0000] {processor.py:186} INFO - Started process (PID=1292) to work on /home/airflow/.local/lib/python3.12/site-packages/airflow/example_dags/example_bash_operator.py
[2025-02-07T08:07:40.880+0000] {processor.py:914} INFO - Processing file /home/airflow/.local/lib/python3.12/site-packages/airflow/example_dags/example_bash_operator.py for tasks to queue
[2025-02-07T08:07:40.881+0000] {logging_mixin.py:190} INFO - [2025-02-07T08:07:40.880+0000] {dagbag.py:588} INFO - Filling up the DagBag from /home/airflow/.local/lib/python3.12/site-packages/airflow/example_dags/example_bash_operator.py
[2025-02-07T08:07:40.888+0000] {processor.py:925} INFO - DAG(s) 'example_bash_operator' retrieved from /home/airflow/.local/lib/python3.12/site-packages/airflow/example_dags/example_bash_operator.py
[2025-02-07T08:07:40.911+0000] {logging_mixin.py:190} INFO - [2025-02-07T08:07:40.911+0000] {dag.py:3239} INFO - Sync 1 DAGs
[2025-02-07T08:07:40.926+0000] {logging_mixin.py:190} INFO - [2025-02-07T08:07:40.926+0000] {dag.py:4180} INFO - Setting next_dagrun for example_bash_operator to 2025-02-06 00:00:00+00:00, run_after=2025-02-07 00:00:00+00:00
[2025-02-07T08:07:40.935+0000] {processor.py:208} INFO - Processing /home/airflow/.local/lib/python3.12/site-packages/airflow/example_dags/example_bash_operator.py took 0.059 seconds
[2025-02-07T08:08:11.254+0000] {processor.py:186} INFO - Started process (PID=1376) to work on /home/airflow/.local/lib/python3.12/site-packages/airflow/example_dags/example_bash_operator.py
[2025-02-07T08:08:11.255+0000] {processor.py:914} INFO - Processing file /home/airflow/.local/lib/python3.12/site-packages/airflow/example_dags/example_bash_operator.py for tasks to queue
[2025-02-07T08:08:11.256+0000] {logging_mixin.py:190} INFO - [2025-02-07T08:08:11.256+0000] {dagbag.py:588} INFO - Filling up the DagBag from /home/airflow/.local/lib/python3.12/site-packages/airflow/example_dags/example_bash_operator.py
[2025-02-07T08:08:11.267+0000] {processor.py:925} INFO - DAG(s) 'example_bash_operator' retrieved from /home/airflow/.local/lib/python3.12/site-packages/airflow/example_dags/example_bash_operator.py
[2025-02-07T08:08:11.293+0000] {logging_mixin.py:190} INFO - [2025-02-07T08:08:11.293+0000] {dag.py:3239} INFO - Sync 1 DAGs
[2025-02-07T08:08:11.312+0000] {logging_mixin.py:190} INFO - [2025-02-07T08:08:11.312+0000] {dag.py:4180} INFO - Setting next_dagrun for example_bash_operator to 2025-02-06 00:00:00+00:00, run_after=2025-02-07 00:00:00+00:00
[2025-02-07T08:08:11.322+0000] {processor.py:208} INFO - Processing /home/airflow/.local/lib/python3.12/site-packages/airflow/example_dags/example_bash_operator.py took 0.072 seconds
[2025-02-07T08:08:42.010+0000] {processor.py:186} INFO - Started process (PID=1461) to work on /home/airflow/.local/lib/python3.12/site-packages/airflow/example_dags/example_bash_operator.py
[2025-02-07T08:08:42.010+0000] {processor.py:914} INFO - Processing file /home/airflow/.local/lib/python3.12/site-packages/airflow/example_dags/example_bash_operator.py for tasks to queue
[2025-02-07T08:08:42.012+0000] {logging_mixin.py:190} INFO - [2025-02-07T08:08:42.011+0000] {dagbag.py:588} INFO - Filling up the DagBag from /home/airflow/.local/lib/python3.12/site-packages/airflow/example_dags/example_bash_operator.py
[2025-02-07T08:08:42.021+0000] {processor.py:925} INFO - DAG(s) 'example_bash_operator' retrieved from /home/airflow/.local/lib/python3.12/site-packages/airflow/example_dags/example_bash_operator.py
[2025-02-07T08:08:42.047+0000] {logging_mixin.py:190} INFO - [2025-02-07T08:08:42.046+0000] {dag.py:3239} INFO - Sync 1 DAGs
[2025-02-07T08:08:42.092+0000] {logging_mixin.py:190} INFO - [2025-02-07T08:08:42.092+0000] {dag.py:4180} INFO - Setting next_dagrun for example_bash_operator to 2025-02-06 00:00:00+00:00, run_after=2025-02-07 00:00:00+00:00
[2025-02-07T08:08:42.109+0000] {processor.py:208} INFO - Processing /home/airflow/.local/lib/python3.12/site-packages/airflow/example_dags/example_bash_operator.py took 0.105 seconds
[2025-02-07T08:09:13.254+0000] {processor.py:186} INFO - Started process (PID=1546) to work on /home/airflow/.local/lib/python3.12/site-packages/airflow/example_dags/example_bash_operator.py
[2025-02-07T08:09:13.255+0000] {processor.py:914} INFO - Processing file /home/airflow/.local/lib/python3.12/site-packages/airflow/example_dags/example_bash_operator.py for tasks to queue
[2025-02-07T08:09:13.257+0000] {logging_mixin.py:190} INFO - [2025-02-07T08:09:13.256+0000] {dagbag.py:588} INFO - Filling up the DagBag from /home/airflow/.local/lib/python3.12/site-packages/airflow/example_dags/example_bash_operator.py
[2025-02-07T08:09:13.267+0000] {processor.py:925} INFO - DAG(s) 'example_bash_operator' retrieved from /home/airflow/.local/lib/python3.12/site-packages/airflow/example_dags/example_bash_operator.py
[2025-02-07T08:09:13.282+0000] {logging_mixin.py:190} INFO - [2025-02-07T08:09:13.282+0000] {dag.py:3239} INFO - Sync 1 DAGs
[2025-02-07T08:09:13.297+0000] {logging_mixin.py:190} INFO - [2025-02-07T08:09:13.297+0000] {dag.py:4180} INFO - Setting next_dagrun for example_bash_operator to 2025-02-06 00:00:00+00:00, run_after=2025-02-07 00:00:00+00:00
[2025-02-07T08:09:13.308+0000] {processor.py:208} INFO - Processing /home/airflow/.local/lib/python3.12/site-packages/airflow/example_dags/example_bash_operator.py took 0.058 seconds
[2025-02-07T08:09:44.128+0000] {processor.py:186} INFO - Started process (PID=1631) to work on /home/airflow/.local/lib/python3.12/site-packages/airflow/example_dags/example_bash_operator.py
[2025-02-07T08:09:44.129+0000] {processor.py:914} INFO - Processing file /home/airflow/.local/lib/python3.12/site-packages/airflow/example_dags/example_bash_operator.py for tasks to queue
[2025-02-07T08:09:44.130+0000] {logging_mixin.py:190} INFO - [2025-02-07T08:09:44.130+0000] {dagbag.py:588} INFO - Filling up the DagBag from /home/airflow/.local/lib/python3.12/site-packages/airflow/example_dags/example_bash_operator.py
[2025-02-07T08:09:44.141+0000] {processor.py:925} INFO - DAG(s) 'example_bash_operator' retrieved from /home/airflow/.local/lib/python3.12/site-packages/airflow/example_dags/example_bash_operator.py
[2025-02-07T08:09:44.168+0000] {logging_mixin.py:190} INFO - [2025-02-07T08:09:44.168+0000] {dag.py:3239} INFO - Sync 1 DAGs
[2025-02-07T08:09:44.184+0000] {logging_mixin.py:190} INFO - [2025-02-07T08:09:44.184+0000] {dag.py:4180} INFO - Setting next_dagrun for example_bash_operator to 2025-02-06 00:00:00+00:00, run_after=2025-02-07 00:00:00+00:00
[2025-02-07T08:09:44.198+0000] {processor.py:208} INFO - Processing /home/airflow/.local/lib/python3.12/site-packages/airflow/example_dags/example_bash_operator.py took 0.075 seconds
[2025-02-07T08:10:15.257+0000] {processor.py:186} INFO - Started process (PID=1716) to work on /home/airflow/.local/lib/python3.12/site-packages/airflow/example_dags/example_bash_operator.py
[2025-02-07T08:10:15.257+0000] {processor.py:914} INFO - Processing file /home/airflow/.local/lib/python3.12/site-packages/airflow/example_dags/example_bash_operator.py for tasks to queue
[2025-02-07T08:10:15.258+0000] {logging_mixin.py:190} INFO - [2025-02-07T08:10:15.258+0000] {dagbag.py:588} INFO - Filling up the DagBag from /home/airflow/.local/lib/python3.12/site-packages/airflow/example_dags/example_bash_operator.py
[2025-02-07T08:10:15.266+0000] {processor.py:925} INFO - DAG(s) 'example_bash_operator' retrieved from /home/airflow/.local/lib/python3.12/site-packages/airflow/example_dags/example_bash_operator.py
[2025-02-07T08:10:15.286+0000] {logging_mixin.py:190} INFO - [2025-02-07T08:10:15.286+0000] {dag.py:3239} INFO - Sync 1 DAGs
[2025-02-07T08:10:15.305+0000] {logging_mixin.py:190} INFO - [2025-02-07T08:10:15.305+0000] {dag.py:4180} INFO - Setting next_dagrun for example_bash_operator to 2025-02-06 00:00:00+00:00, run_after=2025-02-07 00:00:00+00:00
[2025-02-07T08:10:15.319+0000] {processor.py:208} INFO - Processing /home/airflow/.local/lib/python3.12/site-packages/airflow/example_dags/example_bash_operator.py took 0.066 seconds
[2025-02-07T08:10:45.900+0000] {processor.py:186} INFO - Started process (PID=1801) to work on /home/airflow/.local/lib/python3.12/site-packages/airflow/example_dags/example_bash_operator.py
[2025-02-07T08:10:45.901+0000] {processor.py:914} INFO - Processing file /home/airflow/.local/lib/python3.12/site-packages/airflow/example_dags/example_bash_operator.py for tasks to queue
[2025-02-07T08:10:45.903+0000] {logging_mixin.py:190} INFO - [2025-02-07T08:10:45.903+0000] {dagbag.py:588} INFO - Filling up the DagBag from /home/airflow/.local/lib/python3.12/site-packages/airflow/example_dags/example_bash_operator.py
[2025-02-07T08:10:45.912+0000] {processor.py:925} INFO - DAG(s) 'example_bash_operator' retrieved from /home/airflow/.local/lib/python3.12/site-packages/airflow/example_dags/example_bash_operator.py
[2025-02-07T08:10:45.930+0000] {logging_mixin.py:190} INFO - [2025-02-07T08:10:45.930+0000] {dag.py:3239} INFO - Sync 1 DAGs
[2025-02-07T08:10:45.944+0000] {logging_mixin.py:190} INFO - [2025-02-07T08:10:45.944+0000] {dag.py:4180} INFO - Setting next_dagrun for example_bash_operator to 2025-02-06 00:00:00+00:00, run_after=2025-02-07 00:00:00+00:00
[2025-02-07T08:10:45.958+0000] {processor.py:208} INFO - Processing /home/airflow/.local/lib/python3.12/site-packages/airflow/example_dags/example_bash_operator.py took 0.063 seconds
[2025-02-07T08:11:16.097+0000] {processor.py:186} INFO - Started process (PID=1886) to work on /home/airflow/.local/lib/python3.12/site-packages/airflow/example_dags/example_bash_operator.py
[2025-02-07T08:11:16.097+0000] {processor.py:914} INFO - Processing file /home/airflow/.local/lib/python3.12/site-packages/airflow/example_dags/example_bash_operator.py for tasks to queue
[2025-02-07T08:11:16.099+0000] {logging_mixin.py:190} INFO - [2025-02-07T08:11:16.098+0000] {dagbag.py:588} INFO - Filling up the DagBag from /home/airflow/.local/lib/python3.12/site-packages/airflow/example_dags/example_bash_operator.py
[2025-02-07T08:11:16.106+0000] {processor.py:925} INFO - DAG(s) 'example_bash_operator' retrieved from /home/airflow/.local/lib/python3.12/site-packages/airflow/example_dags/example_bash_operator.py
[2025-02-07T08:11:16.123+0000] {logging_mixin.py:190} INFO - [2025-02-07T08:11:16.123+0000] {dag.py:3239} INFO - Sync 1 DAGs
[2025-02-07T08:11:16.137+0000] {logging_mixin.py:190} INFO - [2025-02-07T08:11:16.137+0000] {dag.py:4180} INFO - Setting next_dagrun for example_bash_operator to 2025-02-06 00:00:00+00:00, run_after=2025-02-07 00:00:00+00:00
[2025-02-07T08:11:16.148+0000] {processor.py:208} INFO - Processing /home/airflow/.local/lib/python3.12/site-packages/airflow/example_dags/example_bash_operator.py took 0.055 seconds
[2025-02-07T08:11:47.174+0000] {processor.py:186} INFO - Started process (PID=1971) to work on /home/airflow/.local/lib/python3.12/site-packages/airflow/example_dags/example_bash_operator.py
[2025-02-07T08:11:47.175+0000] {processor.py:914} INFO - Processing file /home/airflow/.local/lib/python3.12/site-packages/airflow/example_dags/example_bash_operator.py for tasks to queue
[2025-02-07T08:11:47.177+0000] {logging_mixin.py:190} INFO - [2025-02-07T08:11:47.176+0000] {dagbag.py:588} INFO - Filling up the DagBag from /home/airflow/.local/lib/python3.12/site-packages/airflow/example_dags/example_bash_operator.py
[2025-02-07T08:11:47.186+0000] {processor.py:925} INFO - DAG(s) 'example_bash_operator' retrieved from /home/airflow/.local/lib/python3.12/site-packages/airflow/example_dags/example_bash_operator.py
[2025-02-07T08:11:47.204+0000] {logging_mixin.py:190} INFO - [2025-02-07T08:11:47.204+0000] {dag.py:3239} INFO - Sync 1 DAGs
[2025-02-07T08:11:47.223+0000] {logging_mixin.py:190} INFO - [2025-02-07T08:11:47.223+0000] {dag.py:4180} INFO - Setting next_dagrun for example_bash_operator to 2025-02-06 00:00:00+00:00, run_after=2025-02-07 00:00:00+00:00
[2025-02-07T08:11:47.239+0000] {processor.py:208} INFO - Processing /home/airflow/.local/lib/python3.12/site-packages/airflow/example_dags/example_bash_operator.py took 0.070 seconds
[2025-02-07T08:12:18.533+0000] {processor.py:186} INFO - Started process (PID=2056) to work on /home/airflow/.local/lib/python3.12/site-packages/airflow/example_dags/example_bash_operator.py
[2025-02-07T08:12:18.534+0000] {processor.py:914} INFO - Processing file /home/airflow/.local/lib/python3.12/site-packages/airflow/example_dags/example_bash_operator.py for tasks to queue
[2025-02-07T08:12:18.537+0000] {logging_mixin.py:190} INFO - [2025-02-07T08:12:18.536+0000] {dagbag.py:588} INFO - Filling up the DagBag from /home/airflow/.local/lib/python3.12/site-packages/airflow/example_dags/example_bash_operator.py
[2025-02-07T08:12:18.546+0000] {processor.py:925} INFO - DAG(s) 'example_bash_operator' retrieved from /home/airflow/.local/lib/python3.12/site-packages/airflow/example_dags/example_bash_operator.py
[2025-02-07T08:12:18.562+0000] {logging_mixin.py:190} INFO - [2025-02-07T08:12:18.562+0000] {dag.py:3239} INFO - Sync 1 DAGs
[2025-02-07T08:12:18.576+0000] {logging_mixin.py:190} INFO - [2025-02-07T08:12:18.576+0000] {dag.py:4180} INFO - Setting next_dagrun for example_bash_operator to 2025-02-06 00:00:00+00:00, run_after=2025-02-07 00:00:00+00:00
[2025-02-07T08:12:18.586+0000] {processor.py:208} INFO - Processing /home/airflow/.local/lib/python3.12/site-packages/airflow/example_dags/example_bash_operator.py took 0.059 seconds
[2025-02-07T08:12:48.920+0000] {processor.py:186} INFO - Started process (PID=2141) to work on /home/airflow/.local/lib/python3.12/site-packages/airflow/example_dags/example_bash_operator.py
[2025-02-07T08:12:48.921+0000] {processor.py:914} INFO - Processing file /home/airflow/.local/lib/python3.12/site-packages/airflow/example_dags/example_bash_operator.py for tasks to queue
[2025-02-07T08:12:48.922+0000] {logging_mixin.py:190} INFO - [2025-02-07T08:12:48.922+0000] {dagbag.py:588} INFO - Filling up the DagBag from /home/airflow/.local/lib/python3.12/site-packages/airflow/example_dags/example_bash_operator.py
[2025-02-07T08:12:48.930+0000] {processor.py:925} INFO - DAG(s) 'example_bash_operator' retrieved from /home/airflow/.local/lib/python3.12/site-packages/airflow/example_dags/example_bash_operator.py
[2025-02-07T08:12:48.948+0000] {logging_mixin.py:190} INFO - [2025-02-07T08:12:48.948+0000] {dag.py:3239} INFO - Sync 1 DAGs
[2025-02-07T08:12:48.966+0000] {logging_mixin.py:190} INFO - [2025-02-07T08:12:48.966+0000] {dag.py:4180} INFO - Setting next_dagrun for example_bash_operator to 2025-02-06 00:00:00+00:00, run_after=2025-02-07 00:00:00+00:00
[2025-02-07T08:12:48.982+0000] {processor.py:208} INFO - Processing /home/airflow/.local/lib/python3.12/site-packages/airflow/example_dags/example_bash_operator.py took 0.068 seconds
[2025-02-07T08:13:19.528+0000] {processor.py:186} INFO - Started process (PID=2226) to work on /home/airflow/.local/lib/python3.12/site-packages/airflow/example_dags/example_bash_operator.py
[2025-02-07T08:13:19.529+0000] {processor.py:914} INFO - Processing file /home/airflow/.local/lib/python3.12/site-packages/airflow/example_dags/example_bash_operator.py for tasks to queue
[2025-02-07T08:13:19.530+0000] {logging_mixin.py:190} INFO - [2025-02-07T08:13:19.530+0000] {dagbag.py:588} INFO - Filling up the DagBag from /home/airflow/.local/lib/python3.12/site-packages/airflow/example_dags/example_bash_operator.py
[2025-02-07T08:13:19.537+0000] {processor.py:925} INFO - DAG(s) 'example_bash_operator' retrieved from /home/airflow/.local/lib/python3.12/site-packages/airflow/example_dags/example_bash_operator.py
[2025-02-07T08:13:19.555+0000] {logging_mixin.py:190} INFO - [2025-02-07T08:13:19.555+0000] {dag.py:3239} INFO - Sync 1 DAGs
[2025-02-07T08:13:19.568+0000] {logging_mixin.py:190} INFO - [2025-02-07T08:13:19.568+0000] {dag.py:4180} INFO - Setting next_dagrun for example_bash_operator to 2025-02-06 00:00:00+00:00, run_after=2025-02-07 00:00:00+00:00
[2025-02-07T08:13:19.578+0000] {processor.py:208} INFO - Processing /home/airflow/.local/lib/python3.12/site-packages/airflow/example_dags/example_bash_operator.py took 0.053 seconds
[2025-02-07T08:13:49.962+0000] {processor.py:186} INFO - Started process (PID=2311) to work on /home/airflow/.local/lib/python3.12/site-packages/airflow/example_dags/example_bash_operator.py
[2025-02-07T08:13:49.963+0000] {processor.py:914} INFO - Processing file /home/airflow/.local/lib/python3.12/site-packages/airflow/example_dags/example_bash_operator.py for tasks to queue
[2025-02-07T08:13:49.964+0000] {logging_mixin.py:190} INFO - [2025-02-07T08:13:49.964+0000] {dagbag.py:588} INFO - Filling up the DagBag from /home/airflow/.local/lib/python3.12/site-packages/airflow/example_dags/example_bash_operator.py
[2025-02-07T08:13:49.973+0000] {processor.py:925} INFO - DAG(s) 'example_bash_operator' retrieved from /home/airflow/.local/lib/python3.12/site-packages/airflow/example_dags/example_bash_operator.py
[2025-02-07T08:13:49.998+0000] {logging_mixin.py:190} INFO - [2025-02-07T08:13:49.998+0000] {dag.py:3239} INFO - Sync 1 DAGs
[2025-02-07T08:13:50.019+0000] {logging_mixin.py:190} INFO - [2025-02-07T08:13:50.019+0000] {dag.py:4180} INFO - Setting next_dagrun for example_bash_operator to 2025-02-06 00:00:00+00:00, run_after=2025-02-07 00:00:00+00:00
[2025-02-07T08:13:50.035+0000] {processor.py:208} INFO - Processing /home/airflow/.local/lib/python3.12/site-packages/airflow/example_dags/example_bash_operator.py took 0.078 seconds
[2025-02-07T08:14:21.241+0000] {processor.py:186} INFO - Started process (PID=2396) to work on /home/airflow/.local/lib/python3.12/site-packages/airflow/example_dags/example_bash_operator.py
[2025-02-07T08:14:21.242+0000] {processor.py:914} INFO - Processing file /home/airflow/.local/lib/python3.12/site-packages/airflow/example_dags/example_bash_operator.py for tasks to queue
[2025-02-07T08:14:21.243+0000] {logging_mixin.py:190} INFO - [2025-02-07T08:14:21.243+0000] {dagbag.py:588} INFO - Filling up the DagBag from /home/airflow/.local/lib/python3.12/site-packages/airflow/example_dags/example_bash_operator.py
[2025-02-07T08:14:21.251+0000] {processor.py:925} INFO - DAG(s) 'example_bash_operator' retrieved from /home/airflow/.local/lib/python3.12/site-packages/airflow/example_dags/example_bash_operator.py
[2025-02-07T08:14:21.268+0000] {logging_mixin.py:190} INFO - [2025-02-07T08:14:21.268+0000] {dag.py:3239} INFO - Sync 1 DAGs
[2025-02-07T08:14:21.282+0000] {logging_mixin.py:190} INFO - [2025-02-07T08:14:21.282+0000] {dag.py:4180} INFO - Setting next_dagrun for example_bash_operator to 2025-02-06 00:00:00+00:00, run_after=2025-02-07 00:00:00+00:00
[2025-02-07T08:14:21.294+0000] {processor.py:208} INFO - Processing /home/airflow/.local/lib/python3.12/site-packages/airflow/example_dags/example_bash_operator.py took 0.056 seconds
[2025-02-07T08:14:51.762+0000] {processor.py:186} INFO - Started process (PID=2481) to work on /home/airflow/.local/lib/python3.12/site-packages/airflow/example_dags/example_bash_operator.py
[2025-02-07T08:14:51.763+0000] {processor.py:914} INFO - Processing file /home/airflow/.local/lib/python3.12/site-packages/airflow/example_dags/example_bash_operator.py for tasks to queue
[2025-02-07T08:14:51.765+0000] {logging_mixin.py:190} INFO - [2025-02-07T08:14:51.764+0000] {dagbag.py:588} INFO - Filling up the DagBag from /home/airflow/.local/lib/python3.12/site-packages/airflow/example_dags/example_bash_operator.py
[2025-02-07T08:14:51.773+0000] {processor.py:925} INFO - DAG(s) 'example_bash_operator' retrieved from /home/airflow/.local/lib/python3.12/site-packages/airflow/example_dags/example_bash_operator.py
[2025-02-07T08:14:51.787+0000] {logging_mixin.py:190} INFO - [2025-02-07T08:14:51.787+0000] {dag.py:3239} INFO - Sync 1 DAGs
[2025-02-07T08:14:51.800+0000] {logging_mixin.py:190} INFO - [2025-02-07T08:14:51.800+0000] {dag.py:4180} INFO - Setting next_dagrun for example_bash_operator to 2025-02-06 00:00:00+00:00, run_after=2025-02-07 00:00:00+00:00
[2025-02-07T08:14:51.813+0000] {processor.py:208} INFO - Processing /home/airflow/.local/lib/python3.12/site-packages/airflow/example_dags/example_bash_operator.py took 0.058 seconds
[2025-02-07T08:15:22.416+0000] {processor.py:186} INFO - Started process (PID=2566) to work on /home/airflow/.local/lib/python3.12/site-packages/airflow/example_dags/example_bash_operator.py
[2025-02-07T08:15:22.416+0000] {processor.py:914} INFO - Processing file /home/airflow/.local/lib/python3.12/site-packages/airflow/example_dags/example_bash_operator.py for tasks to queue
[2025-02-07T08:15:22.417+0000] {logging_mixin.py:190} INFO - [2025-02-07T08:15:22.417+0000] {dagbag.py:588} INFO - Filling up the DagBag from /home/airflow/.local/lib/python3.12/site-packages/airflow/example_dags/example_bash_operator.py
[2025-02-07T08:15:22.424+0000] {processor.py:925} INFO - DAG(s) 'example_bash_operator' retrieved from /home/airflow/.local/lib/python3.12/site-packages/airflow/example_dags/example_bash_operator.py
[2025-02-07T08:15:22.556+0000] {logging_mixin.py:190} INFO - [2025-02-07T08:15:22.556+0000] {dag.py:3239} INFO - Sync 1 DAGs
[2025-02-07T08:15:22.569+0000] {logging_mixin.py:190} INFO - [2025-02-07T08:15:22.569+0000] {dag.py:4180} INFO - Setting next_dagrun for example_bash_operator to 2025-02-06 00:00:00+00:00, run_after=2025-02-07 00:00:00+00:00
[2025-02-07T08:15:22.581+0000] {processor.py:208} INFO - Processing /home/airflow/.local/lib/python3.12/site-packages/airflow/example_dags/example_bash_operator.py took 0.168 seconds
[2025-02-07T08:15:53.121+0000] {processor.py:186} INFO - Started process (PID=2651) to work on /home/airflow/.local/lib/python3.12/site-packages/airflow/example_dags/example_bash_operator.py
[2025-02-07T08:15:53.121+0000] {processor.py:914} INFO - Processing file /home/airflow/.local/lib/python3.12/site-packages/airflow/example_dags/example_bash_operator.py for tasks to queue
[2025-02-07T08:15:53.122+0000] {logging_mixin.py:190} INFO - [2025-02-07T08:15:53.122+0000] {dagbag.py:588} INFO - Filling up the DagBag from /home/airflow/.local/lib/python3.12/site-packages/airflow/example_dags/example_bash_operator.py
[2025-02-07T08:15:53.130+0000] {processor.py:925} INFO - DAG(s) 'example_bash_operator' retrieved from /home/airflow/.local/lib/python3.12/site-packages/airflow/example_dags/example_bash_operator.py
[2025-02-07T08:15:53.274+0000] {logging_mixin.py:190} INFO - [2025-02-07T08:15:53.273+0000] {dag.py:3239} INFO - Sync 1 DAGs
[2025-02-07T08:15:53.301+0000] {logging_mixin.py:190} INFO - [2025-02-07T08:15:53.301+0000] {dag.py:4180} INFO - Setting next_dagrun for example_bash_operator to 2025-02-06 00:00:00+00:00, run_after=2025-02-07 00:00:00+00:00
[2025-02-07T08:15:53.317+0000] {processor.py:208} INFO - Processing /home/airflow/.local/lib/python3.12/site-packages/airflow/example_dags/example_bash_operator.py took 0.200 seconds
[2025-02-07T08:16:23.540+0000] {processor.py:186} INFO - Started process (PID=2736) to work on /home/airflow/.local/lib/python3.12/site-packages/airflow/example_dags/example_bash_operator.py
[2025-02-07T08:16:23.540+0000] {processor.py:914} INFO - Processing file /home/airflow/.local/lib/python3.12/site-packages/airflow/example_dags/example_bash_operator.py for tasks to queue
[2025-02-07T08:16:23.542+0000] {logging_mixin.py:190} INFO - [2025-02-07T08:16:23.542+0000] {dagbag.py:588} INFO - Filling up the DagBag from /home/airflow/.local/lib/python3.12/site-packages/airflow/example_dags/example_bash_operator.py
[2025-02-07T08:16:23.549+0000] {processor.py:925} INFO - DAG(s) 'example_bash_operator' retrieved from /home/airflow/.local/lib/python3.12/site-packages/airflow/example_dags/example_bash_operator.py
[2025-02-07T08:16:23.564+0000] {logging_mixin.py:190} INFO - [2025-02-07T08:16:23.564+0000] {dag.py:3239} INFO - Sync 1 DAGs
[2025-02-07T08:16:23.577+0000] {logging_mixin.py:190} INFO - [2025-02-07T08:16:23.577+0000] {dag.py:4180} INFO - Setting next_dagrun for example_bash_operator to 2025-02-06 00:00:00+00:00, run_after=2025-02-07 00:00:00+00:00
[2025-02-07T08:16:23.586+0000] {processor.py:208} INFO - Processing /home/airflow/.local/lib/python3.12/site-packages/airflow/example_dags/example_bash_operator.py took 0.051 seconds
[2025-02-07T08:16:54.745+0000] {processor.py:186} INFO - Started process (PID=2821) to work on /home/airflow/.local/lib/python3.12/site-packages/airflow/example_dags/example_bash_operator.py
[2025-02-07T08:16:54.746+0000] {processor.py:914} INFO - Processing file /home/airflow/.local/lib/python3.12/site-packages/airflow/example_dags/example_bash_operator.py for tasks to queue
[2025-02-07T08:16:54.748+0000] {logging_mixin.py:190} INFO - [2025-02-07T08:16:54.748+0000] {dagbag.py:588} INFO - Filling up the DagBag from /home/airflow/.local/lib/python3.12/site-packages/airflow/example_dags/example_bash_operator.py
[2025-02-07T08:16:54.759+0000] {processor.py:925} INFO - DAG(s) 'example_bash_operator' retrieved from /home/airflow/.local/lib/python3.12/site-packages/airflow/example_dags/example_bash_operator.py
[2025-02-07T08:16:54.776+0000] {logging_mixin.py:190} INFO - [2025-02-07T08:16:54.776+0000] {dag.py:3239} INFO - Sync 1 DAGs
[2025-02-07T08:16:54.790+0000] {logging_mixin.py:190} INFO - [2025-02-07T08:16:54.790+0000] {dag.py:4180} INFO - Setting next_dagrun for example_bash_operator to 2025-02-06 00:00:00+00:00, run_after=2025-02-07 00:00:00+00:00
[2025-02-07T08:16:54.801+0000] {processor.py:208} INFO - Processing /home/airflow/.local/lib/python3.12/site-packages/airflow/example_dags/example_bash_operator.py took 0.062 seconds
[2025-02-07T08:17:25.465+0000] {processor.py:186} INFO - Started process (PID=2906) to work on /home/airflow/.local/lib/python3.12/site-packages/airflow/example_dags/example_bash_operator.py
[2025-02-07T08:17:25.466+0000] {processor.py:914} INFO - Processing file /home/airflow/.local/lib/python3.12/site-packages/airflow/example_dags/example_bash_operator.py for tasks to queue
[2025-02-07T08:17:25.467+0000] {logging_mixin.py:190} INFO - [2025-02-07T08:17:25.467+0000] {dagbag.py:588} INFO - Filling up the DagBag from /home/airflow/.local/lib/python3.12/site-packages/airflow/example_dags/example_bash_operator.py
[2025-02-07T08:17:25.476+0000] {processor.py:925} INFO - DAG(s) 'example_bash_operator' retrieved from /home/airflow/.local/lib/python3.12/site-packages/airflow/example_dags/example_bash_operator.py
[2025-02-07T08:17:25.499+0000] {logging_mixin.py:190} INFO - [2025-02-07T08:17:25.499+0000] {dag.py:3239} INFO - Sync 1 DAGs
[2025-02-07T08:17:25.519+0000] {logging_mixin.py:190} INFO - [2025-02-07T08:17:25.519+0000] {dag.py:4180} INFO - Setting next_dagrun for example_bash_operator to 2025-02-06 00:00:00+00:00, run_after=2025-02-07 00:00:00+00:00
[2025-02-07T08:17:25.535+0000] {processor.py:208} INFO - Processing /home/airflow/.local/lib/python3.12/site-packages/airflow/example_dags/example_bash_operator.py took 0.074 seconds
[2025-02-07T08:17:56.188+0000] {processor.py:186} INFO - Started process (PID=2991) to work on /home/airflow/.local/lib/python3.12/site-packages/airflow/example_dags/example_bash_operator.py
[2025-02-07T08:17:56.188+0000] {processor.py:914} INFO - Processing file /home/airflow/.local/lib/python3.12/site-packages/airflow/example_dags/example_bash_operator.py for tasks to queue
[2025-02-07T08:17:56.190+0000] {logging_mixin.py:190} INFO - [2025-02-07T08:17:56.190+0000] {dagbag.py:588} INFO - Filling up the DagBag from /home/airflow/.local/lib/python3.12/site-packages/airflow/example_dags/example_bash_operator.py
[2025-02-07T08:17:56.197+0000] {processor.py:925} INFO - DAG(s) 'example_bash_operator' retrieved from /home/airflow/.local/lib/python3.12/site-packages/airflow/example_dags/example_bash_operator.py
[2025-02-07T08:17:56.221+0000] {logging_mixin.py:190} INFO - [2025-02-07T08:17:56.221+0000] {dag.py:3239} INFO - Sync 1 DAGs
[2025-02-07T08:17:56.236+0000] {logging_mixin.py:190} INFO - [2025-02-07T08:17:56.236+0000] {dag.py:4180} INFO - Setting next_dagrun for example_bash_operator to 2025-02-06 00:00:00+00:00, run_after=2025-02-07 00:00:00+00:00
[2025-02-07T08:17:56.246+0000] {processor.py:208} INFO - Processing /home/airflow/.local/lib/python3.12/site-packages/airflow/example_dags/example_bash_operator.py took 0.062 seconds
[2025-02-07T08:18:26.952+0000] {processor.py:186} INFO - Started process (PID=3076) to work on /home/airflow/.local/lib/python3.12/site-packages/airflow/example_dags/example_bash_operator.py
[2025-02-07T08:18:26.953+0000] {processor.py:914} INFO - Processing file /home/airflow/.local/lib/python3.12/site-packages/airflow/example_dags/example_bash_operator.py for tasks to queue
[2025-02-07T08:18:26.954+0000] {logging_mixin.py:190} INFO - [2025-02-07T08:18:26.954+0000] {dagbag.py:588} INFO - Filling up the DagBag from /home/airflow/.local/lib/python3.12/site-packages/airflow/example_dags/example_bash_operator.py
[2025-02-07T08:18:26.962+0000] {processor.py:925} INFO - DAG(s) 'example_bash_operator' retrieved from /home/airflow/.local/lib/python3.12/site-packages/airflow/example_dags/example_bash_operator.py
[2025-02-07T08:18:26.979+0000] {logging_mixin.py:190} INFO - [2025-02-07T08:18:26.979+0000] {dag.py:3239} INFO - Sync 1 DAGs
[2025-02-07T08:18:26.992+0000] {logging_mixin.py:190} INFO - [2025-02-07T08:18:26.992+0000] {dag.py:4180} INFO - Setting next_dagrun for example_bash_operator to 2025-02-06 00:00:00+00:00, run_after=2025-02-07 00:00:00+00:00
[2025-02-07T08:18:27.004+0000] {processor.py:208} INFO - Processing /home/airflow/.local/lib/python3.12/site-packages/airflow/example_dags/example_bash_operator.py took 0.055 seconds
[2025-02-07T08:18:57.859+0000] {processor.py:186} INFO - Started process (PID=3161) to work on /home/airflow/.local/lib/python3.12/site-packages/airflow/example_dags/example_bash_operator.py
[2025-02-07T08:18:57.859+0000] {processor.py:914} INFO - Processing file /home/airflow/.local/lib/python3.12/site-packages/airflow/example_dags/example_bash_operator.py for tasks to queue
[2025-02-07T08:18:57.860+0000] {logging_mixin.py:190} INFO - [2025-02-07T08:18:57.860+0000] {dagbag.py:588} INFO - Filling up the DagBag from /home/airflow/.local/lib/python3.12/site-packages/airflow/example_dags/example_bash_operator.py
[2025-02-07T08:18:57.869+0000] {processor.py:925} INFO - DAG(s) 'example_bash_operator' retrieved from /home/airflow/.local/lib/python3.12/site-packages/airflow/example_dags/example_bash_operator.py
[2025-02-07T08:18:57.885+0000] {logging_mixin.py:190} INFO - [2025-02-07T08:18:57.884+0000] {dag.py:3239} INFO - Sync 1 DAGs
[2025-02-07T08:18:57.899+0000] {logging_mixin.py:190} INFO - [2025-02-07T08:18:57.898+0000] {dag.py:4180} INFO - Setting next_dagrun for example_bash_operator to 2025-02-06 00:00:00+00:00, run_after=2025-02-07 00:00:00+00:00
[2025-02-07T08:18:57.912+0000] {processor.py:208} INFO - Processing /home/airflow/.local/lib/python3.12/site-packages/airflow/example_dags/example_bash_operator.py took 0.057 seconds
[2025-02-07T08:19:28.174+0000] {processor.py:186} INFO - Started process (PID=3246) to work on /home/airflow/.local/lib/python3.12/site-packages/airflow/example_dags/example_bash_operator.py
[2025-02-07T08:19:28.174+0000] {processor.py:914} INFO - Processing file /home/airflow/.local/lib/python3.12/site-packages/airflow/example_dags/example_bash_operator.py for tasks to queue
[2025-02-07T08:19:28.176+0000] {logging_mixin.py:190} INFO - [2025-02-07T08:19:28.175+0000] {dagbag.py:588} INFO - Filling up the DagBag from /home/airflow/.local/lib/python3.12/site-packages/airflow/example_dags/example_bash_operator.py
[2025-02-07T08:19:28.183+0000] {processor.py:925} INFO - DAG(s) 'example_bash_operator' retrieved from /home/airflow/.local/lib/python3.12/site-packages/airflow/example_dags/example_bash_operator.py
[2025-02-07T08:19:28.203+0000] {logging_mixin.py:190} INFO - [2025-02-07T08:19:28.202+0000] {dag.py:3239} INFO - Sync 1 DAGs
[2025-02-07T08:19:28.225+0000] {logging_mixin.py:190} INFO - [2025-02-07T08:19:28.224+0000] {dag.py:4180} INFO - Setting next_dagrun for example_bash_operator to 2025-02-06 00:00:00+00:00, run_after=2025-02-07 00:00:00+00:00
[2025-02-07T08:19:28.236+0000] {processor.py:208} INFO - Processing /home/airflow/.local/lib/python3.12/site-packages/airflow/example_dags/example_bash_operator.py took 0.065 seconds
[2025-02-07T08:19:59.345+0000] {processor.py:186} INFO - Started process (PID=3337) to work on /home/airflow/.local/lib/python3.12/site-packages/airflow/example_dags/example_bash_operator.py
[2025-02-07T08:19:59.346+0000] {processor.py:914} INFO - Processing file /home/airflow/.local/lib/python3.12/site-packages/airflow/example_dags/example_bash_operator.py for tasks to queue
[2025-02-07T08:19:59.349+0000] {logging_mixin.py:190} INFO - [2025-02-07T08:19:59.348+0000] {dagbag.py:588} INFO - Filling up the DagBag from /home/airflow/.local/lib/python3.12/site-packages/airflow/example_dags/example_bash_operator.py
[2025-02-07T08:19:59.358+0000] {processor.py:925} INFO - DAG(s) 'example_bash_operator' retrieved from /home/airflow/.local/lib/python3.12/site-packages/airflow/example_dags/example_bash_operator.py
[2025-02-07T08:19:59.379+0000] {logging_mixin.py:190} INFO - [2025-02-07T08:19:59.378+0000] {dag.py:3239} INFO - Sync 1 DAGs
[2025-02-07T08:19:59.399+0000] {logging_mixin.py:190} INFO - [2025-02-07T08:19:59.399+0000] {dag.py:4180} INFO - Setting next_dagrun for example_bash_operator to 2025-02-06 00:00:00+00:00, run_after=2025-02-07 00:00:00+00:00
[2025-02-07T08:19:59.414+0000] {processor.py:208} INFO - Processing /home/airflow/.local/lib/python3.12/site-packages/airflow/example_dags/example_bash_operator.py took 0.075 seconds
[2025-02-07T08:20:30.062+0000] {processor.py:186} INFO - Started process (PID=3422) to work on /home/airflow/.local/lib/python3.12/site-packages/airflow/example_dags/example_bash_operator.py
[2025-02-07T08:20:30.063+0000] {processor.py:914} INFO - Processing file /home/airflow/.local/lib/python3.12/site-packages/airflow/example_dags/example_bash_operator.py for tasks to queue
[2025-02-07T08:20:30.065+0000] {logging_mixin.py:190} INFO - [2025-02-07T08:20:30.064+0000] {dagbag.py:588} INFO - Filling up the DagBag from /home/airflow/.local/lib/python3.12/site-packages/airflow/example_dags/example_bash_operator.py
[2025-02-07T08:20:30.077+0000] {processor.py:925} INFO - DAG(s) 'example_bash_operator' retrieved from /home/airflow/.local/lib/python3.12/site-packages/airflow/example_dags/example_bash_operator.py
[2025-02-07T08:20:30.098+0000] {logging_mixin.py:190} INFO - [2025-02-07T08:20:30.097+0000] {dag.py:3239} INFO - Sync 1 DAGs
[2025-02-07T08:20:30.111+0000] {logging_mixin.py:190} INFO - [2025-02-07T08:20:30.111+0000] {dag.py:4180} INFO - Setting next_dagrun for example_bash_operator to 2025-02-06 00:00:00+00:00, run_after=2025-02-07 00:00:00+00:00
[2025-02-07T08:20:30.124+0000] {processor.py:208} INFO - Processing /home/airflow/.local/lib/python3.12/site-packages/airflow/example_dags/example_bash_operator.py took 0.068 seconds
