[2025-02-07T08:00:26.606+0000] {processor.py:186} INFO - Started process (PID=108) to work on /home/airflow/.local/lib/python3.12/site-packages/airflow/example_dags/tutorial.py
[2025-02-07T08:00:26.607+0000] {processor.py:914} INFO - Processing file /home/airflow/.local/lib/python3.12/site-packages/airflow/example_dags/tutorial.py for tasks to queue
[2025-02-07T08:00:26.609+0000] {logging_mixin.py:190} INFO - [2025-02-07T08:00:26.608+0000] {dagbag.py:588} INFO - Filling up the DagBag from /home/airflow/.local/lib/python3.12/site-packages/airflow/example_dags/tutorial.py
[2025-02-07T08:00:26.617+0000] {processor.py:925} INFO - DAG(s) 'tutorial' retrieved from /home/airflow/.local/lib/python3.12/site-packages/airflow/example_dags/tutorial.py
[2025-02-07T08:00:26.650+0000] {logging_mixin.py:190} INFO - [2025-02-07T08:00:26.649+0000] {dag.py:3239} INFO - Sync 1 DAGs
[2025-02-07T08:00:26.751+0000] {logging_mixin.py:190} INFO - [2025-02-07T08:00:26.750+0000] {dag.py:4180} INFO - Setting next_dagrun for tutorial to 2025-02-06 00:00:00+00:00, run_after=2025-02-07 00:00:00+00:00
[2025-02-07T08:00:26.822+0000] {processor.py:208} INFO - Processing /home/airflow/.local/lib/python3.12/site-packages/airflow/example_dags/tutorial.py took 0.232 seconds
[2025-02-07T08:00:57.106+0000] {processor.py:186} INFO - Started process (PID=200) to work on /home/airflow/.local/lib/python3.12/site-packages/airflow/example_dags/tutorial.py
[2025-02-07T08:00:57.106+0000] {processor.py:914} INFO - Processing file /home/airflow/.local/lib/python3.12/site-packages/airflow/example_dags/tutorial.py for tasks to queue
[2025-02-07T08:00:57.107+0000] {logging_mixin.py:190} INFO - [2025-02-07T08:00:57.107+0000] {dagbag.py:588} INFO - Filling up the DagBag from /home/airflow/.local/lib/python3.12/site-packages/airflow/example_dags/tutorial.py
[2025-02-07T08:00:57.112+0000] {processor.py:925} INFO - DAG(s) 'tutorial' retrieved from /home/airflow/.local/lib/python3.12/site-packages/airflow/example_dags/tutorial.py
[2025-02-07T08:00:57.128+0000] {logging_mixin.py:190} INFO - [2025-02-07T08:00:57.128+0000] {dag.py:3239} INFO - Sync 1 DAGs
[2025-02-07T08:00:57.143+0000] {logging_mixin.py:190} INFO - [2025-02-07T08:00:57.142+0000] {dag.py:4180} INFO - Setting next_dagrun for tutorial to 2025-02-06 00:00:00+00:00, run_after=2025-02-07 00:00:00+00:00
[2025-02-07T08:00:57.152+0000] {processor.py:208} INFO - Processing /home/airflow/.local/lib/python3.12/site-packages/airflow/example_dags/tutorial.py took 0.051 seconds
[2025-02-07T08:01:27.421+0000] {processor.py:186} INFO - Started process (PID=266) to work on /home/airflow/.local/lib/python3.12/site-packages/airflow/example_dags/tutorial.py
[2025-02-07T08:01:27.422+0000] {processor.py:914} INFO - Processing file /home/airflow/.local/lib/python3.12/site-packages/airflow/example_dags/tutorial.py for tasks to queue
[2025-02-07T08:01:27.424+0000] {logging_mixin.py:190} INFO - [2025-02-07T08:01:27.423+0000] {dagbag.py:588} INFO - Filling up the DagBag from /home/airflow/.local/lib/python3.12/site-packages/airflow/example_dags/tutorial.py
[2025-02-07T08:01:27.431+0000] {processor.py:925} INFO - DAG(s) 'tutorial' retrieved from /home/airflow/.local/lib/python3.12/site-packages/airflow/example_dags/tutorial.py
[2025-02-07T08:01:27.446+0000] {logging_mixin.py:190} INFO - [2025-02-07T08:01:27.446+0000] {dag.py:3239} INFO - Sync 1 DAGs
[2025-02-07T08:01:27.464+0000] {logging_mixin.py:190} INFO - [2025-02-07T08:01:27.464+0000] {dag.py:4180} INFO - Setting next_dagrun for tutorial to 2025-02-06 00:00:00+00:00, run_after=2025-02-07 00:00:00+00:00
[2025-02-07T08:01:27.476+0000] {processor.py:208} INFO - Processing /home/airflow/.local/lib/python3.12/site-packages/airflow/example_dags/tutorial.py took 0.060 seconds
[2025-02-07T08:01:58.170+0000] {processor.py:186} INFO - Started process (PID=348) to work on /home/airflow/.local/lib/python3.12/site-packages/airflow/example_dags/tutorial.py
[2025-02-07T08:01:58.170+0000] {processor.py:914} INFO - Processing file /home/airflow/.local/lib/python3.12/site-packages/airflow/example_dags/tutorial.py for tasks to queue
[2025-02-07T08:01:58.172+0000] {logging_mixin.py:190} INFO - [2025-02-07T08:01:58.172+0000] {dagbag.py:588} INFO - Filling up the DagBag from /home/airflow/.local/lib/python3.12/site-packages/airflow/example_dags/tutorial.py
[2025-02-07T08:01:58.177+0000] {processor.py:925} INFO - DAG(s) 'tutorial' retrieved from /home/airflow/.local/lib/python3.12/site-packages/airflow/example_dags/tutorial.py
[2025-02-07T08:01:58.191+0000] {logging_mixin.py:190} INFO - [2025-02-07T08:01:58.191+0000] {dag.py:3239} INFO - Sync 1 DAGs
[2025-02-07T08:01:58.204+0000] {logging_mixin.py:190} INFO - [2025-02-07T08:01:58.204+0000] {dag.py:4180} INFO - Setting next_dagrun for tutorial to 2025-02-06 00:00:00+00:00, run_after=2025-02-07 00:00:00+00:00
[2025-02-07T08:01:58.214+0000] {processor.py:208} INFO - Processing /home/airflow/.local/lib/python3.12/site-packages/airflow/example_dags/tutorial.py took 0.049 seconds
[2025-02-07T08:02:29.214+0000] {processor.py:186} INFO - Started process (PID=433) to work on /home/airflow/.local/lib/python3.12/site-packages/airflow/example_dags/tutorial.py
[2025-02-07T08:02:29.215+0000] {processor.py:914} INFO - Processing file /home/airflow/.local/lib/python3.12/site-packages/airflow/example_dags/tutorial.py for tasks to queue
[2025-02-07T08:02:29.216+0000] {logging_mixin.py:190} INFO - [2025-02-07T08:02:29.216+0000] {dagbag.py:588} INFO - Filling up the DagBag from /home/airflow/.local/lib/python3.12/site-packages/airflow/example_dags/tutorial.py
[2025-02-07T08:02:29.222+0000] {processor.py:925} INFO - DAG(s) 'tutorial' retrieved from /home/airflow/.local/lib/python3.12/site-packages/airflow/example_dags/tutorial.py
[2025-02-07T08:02:29.233+0000] {logging_mixin.py:190} INFO - [2025-02-07T08:02:29.232+0000] {dag.py:3239} INFO - Sync 1 DAGs
[2025-02-07T08:02:29.246+0000] {logging_mixin.py:190} INFO - [2025-02-07T08:02:29.246+0000] {dag.py:4180} INFO - Setting next_dagrun for tutorial to 2025-02-06 00:00:00+00:00, run_after=2025-02-07 00:00:00+00:00
[2025-02-07T08:02:29.255+0000] {processor.py:208} INFO - Processing /home/airflow/.local/lib/python3.12/site-packages/airflow/example_dags/tutorial.py took 0.046 seconds
[2025-02-07T08:02:59.693+0000] {processor.py:186} INFO - Started process (PID=518) to work on /home/airflow/.local/lib/python3.12/site-packages/airflow/example_dags/tutorial.py
[2025-02-07T08:02:59.694+0000] {processor.py:914} INFO - Processing file /home/airflow/.local/lib/python3.12/site-packages/airflow/example_dags/tutorial.py for tasks to queue
[2025-02-07T08:02:59.695+0000] {logging_mixin.py:190} INFO - [2025-02-07T08:02:59.695+0000] {dagbag.py:588} INFO - Filling up the DagBag from /home/airflow/.local/lib/python3.12/site-packages/airflow/example_dags/tutorial.py
[2025-02-07T08:02:59.701+0000] {processor.py:925} INFO - DAG(s) 'tutorial' retrieved from /home/airflow/.local/lib/python3.12/site-packages/airflow/example_dags/tutorial.py
[2025-02-07T08:02:59.720+0000] {logging_mixin.py:190} INFO - [2025-02-07T08:02:59.719+0000] {dag.py:3239} INFO - Sync 1 DAGs
[2025-02-07T08:02:59.745+0000] {logging_mixin.py:190} INFO - [2025-02-07T08:02:59.745+0000] {dag.py:4180} INFO - Setting next_dagrun for tutorial to 2025-02-06 00:00:00+00:00, run_after=2025-02-07 00:00:00+00:00
[2025-02-07T08:02:59.759+0000] {processor.py:208} INFO - Processing /home/airflow/.local/lib/python3.12/site-packages/airflow/example_dags/tutorial.py took 0.072 seconds
[2025-02-07T08:03:30.003+0000] {processor.py:186} INFO - Started process (PID=603) to work on /home/airflow/.local/lib/python3.12/site-packages/airflow/example_dags/tutorial.py
[2025-02-07T08:03:30.004+0000] {processor.py:914} INFO - Processing file /home/airflow/.local/lib/python3.12/site-packages/airflow/example_dags/tutorial.py for tasks to queue
[2025-02-07T08:03:30.006+0000] {logging_mixin.py:190} INFO - [2025-02-07T08:03:30.006+0000] {dagbag.py:588} INFO - Filling up the DagBag from /home/airflow/.local/lib/python3.12/site-packages/airflow/example_dags/tutorial.py
[2025-02-07T08:03:30.016+0000] {processor.py:925} INFO - DAG(s) 'tutorial' retrieved from /home/airflow/.local/lib/python3.12/site-packages/airflow/example_dags/tutorial.py
[2025-02-07T08:03:30.037+0000] {logging_mixin.py:190} INFO - [2025-02-07T08:03:30.037+0000] {dag.py:3239} INFO - Sync 1 DAGs
[2025-02-07T08:03:30.053+0000] {logging_mixin.py:190} INFO - [2025-02-07T08:03:30.053+0000] {dag.py:4180} INFO - Setting next_dagrun for tutorial to 2025-02-06 00:00:00+00:00, run_after=2025-02-07 00:00:00+00:00
[2025-02-07T08:03:30.064+0000] {processor.py:208} INFO - Processing /home/airflow/.local/lib/python3.12/site-packages/airflow/example_dags/tutorial.py took 0.066 seconds
[2025-02-07T08:04:00.872+0000] {processor.py:186} INFO - Started process (PID=688) to work on /home/airflow/.local/lib/python3.12/site-packages/airflow/example_dags/tutorial.py
[2025-02-07T08:04:00.873+0000] {processor.py:914} INFO - Processing file /home/airflow/.local/lib/python3.12/site-packages/airflow/example_dags/tutorial.py for tasks to queue
[2025-02-07T08:04:00.874+0000] {logging_mixin.py:190} INFO - [2025-02-07T08:04:00.874+0000] {dagbag.py:588} INFO - Filling up the DagBag from /home/airflow/.local/lib/python3.12/site-packages/airflow/example_dags/tutorial.py
[2025-02-07T08:04:00.879+0000] {processor.py:925} INFO - DAG(s) 'tutorial' retrieved from /home/airflow/.local/lib/python3.12/site-packages/airflow/example_dags/tutorial.py
[2025-02-07T08:04:00.890+0000] {logging_mixin.py:190} INFO - [2025-02-07T08:04:00.890+0000] {dag.py:3239} INFO - Sync 1 DAGs
[2025-02-07T08:04:00.902+0000] {logging_mixin.py:190} INFO - [2025-02-07T08:04:00.902+0000] {dag.py:4180} INFO - Setting next_dagrun for tutorial to 2025-02-06 00:00:00+00:00, run_after=2025-02-07 00:00:00+00:00
[2025-02-07T08:04:00.910+0000] {processor.py:208} INFO - Processing /home/airflow/.local/lib/python3.12/site-packages/airflow/example_dags/tutorial.py took 0.041 seconds
[2025-02-07T08:04:30.981+0000] {processor.py:186} INFO - Started process (PID=773) to work on /home/airflow/.local/lib/python3.12/site-packages/airflow/example_dags/tutorial.py
[2025-02-07T08:04:30.982+0000] {processor.py:914} INFO - Processing file /home/airflow/.local/lib/python3.12/site-packages/airflow/example_dags/tutorial.py for tasks to queue
[2025-02-07T08:04:30.983+0000] {logging_mixin.py:190} INFO - [2025-02-07T08:04:30.983+0000] {dagbag.py:588} INFO - Filling up the DagBag from /home/airflow/.local/lib/python3.12/site-packages/airflow/example_dags/tutorial.py
[2025-02-07T08:04:30.988+0000] {processor.py:925} INFO - DAG(s) 'tutorial' retrieved from /home/airflow/.local/lib/python3.12/site-packages/airflow/example_dags/tutorial.py
[2025-02-07T08:04:31.000+0000] {logging_mixin.py:190} INFO - [2025-02-07T08:04:31.000+0000] {dag.py:3239} INFO - Sync 1 DAGs
[2025-02-07T08:04:31.012+0000] {logging_mixin.py:190} INFO - [2025-02-07T08:04:31.012+0000] {dag.py:4180} INFO - Setting next_dagrun for tutorial to 2025-02-06 00:00:00+00:00, run_after=2025-02-07 00:00:00+00:00
[2025-02-07T08:04:31.022+0000] {processor.py:208} INFO - Processing /home/airflow/.local/lib/python3.12/site-packages/airflow/example_dags/tutorial.py took 0.045 seconds
[2025-02-07T08:05:01.307+0000] {processor.py:186} INFO - Started process (PID=858) to work on /home/airflow/.local/lib/python3.12/site-packages/airflow/example_dags/tutorial.py
[2025-02-07T08:05:01.308+0000] {processor.py:914} INFO - Processing file /home/airflow/.local/lib/python3.12/site-packages/airflow/example_dags/tutorial.py for tasks to queue
[2025-02-07T08:05:01.310+0000] {logging_mixin.py:190} INFO - [2025-02-07T08:05:01.310+0000] {dagbag.py:588} INFO - Filling up the DagBag from /home/airflow/.local/lib/python3.12/site-packages/airflow/example_dags/tutorial.py
[2025-02-07T08:05:01.315+0000] {processor.py:925} INFO - DAG(s) 'tutorial' retrieved from /home/airflow/.local/lib/python3.12/site-packages/airflow/example_dags/tutorial.py
[2025-02-07T08:05:01.334+0000] {logging_mixin.py:190} INFO - [2025-02-07T08:05:01.334+0000] {dag.py:3239} INFO - Sync 1 DAGs
[2025-02-07T08:05:01.355+0000] {logging_mixin.py:190} INFO - [2025-02-07T08:05:01.355+0000] {dag.py:4180} INFO - Setting next_dagrun for tutorial to 2025-02-06 00:00:00+00:00, run_after=2025-02-07 00:00:00+00:00
[2025-02-07T08:05:01.367+0000] {processor.py:208} INFO - Processing /home/airflow/.local/lib/python3.12/site-packages/airflow/example_dags/tutorial.py took 0.066 seconds
[2025-02-07T08:05:31.551+0000] {processor.py:186} INFO - Started process (PID=943) to work on /home/airflow/.local/lib/python3.12/site-packages/airflow/example_dags/tutorial.py
[2025-02-07T08:05:31.551+0000] {processor.py:914} INFO - Processing file /home/airflow/.local/lib/python3.12/site-packages/airflow/example_dags/tutorial.py for tasks to queue
[2025-02-07T08:05:31.552+0000] {logging_mixin.py:190} INFO - [2025-02-07T08:05:31.552+0000] {dagbag.py:588} INFO - Filling up the DagBag from /home/airflow/.local/lib/python3.12/site-packages/airflow/example_dags/tutorial.py
[2025-02-07T08:05:31.557+0000] {processor.py:925} INFO - DAG(s) 'tutorial' retrieved from /home/airflow/.local/lib/python3.12/site-packages/airflow/example_dags/tutorial.py
[2025-02-07T08:05:31.573+0000] {logging_mixin.py:190} INFO - [2025-02-07T08:05:31.572+0000] {dag.py:3239} INFO - Sync 1 DAGs
[2025-02-07T08:05:31.599+0000] {logging_mixin.py:190} INFO - [2025-02-07T08:05:31.599+0000] {dag.py:4180} INFO - Setting next_dagrun for tutorial to 2025-02-06 00:00:00+00:00, run_after=2025-02-07 00:00:00+00:00
[2025-02-07T08:05:31.611+0000] {processor.py:208} INFO - Processing /home/airflow/.local/lib/python3.12/site-packages/airflow/example_dags/tutorial.py took 0.064 seconds
[2025-02-07T08:06:02.125+0000] {processor.py:186} INFO - Started process (PID=1028) to work on /home/airflow/.local/lib/python3.12/site-packages/airflow/example_dags/tutorial.py
[2025-02-07T08:06:02.125+0000] {processor.py:914} INFO - Processing file /home/airflow/.local/lib/python3.12/site-packages/airflow/example_dags/tutorial.py for tasks to queue
[2025-02-07T08:06:02.126+0000] {logging_mixin.py:190} INFO - [2025-02-07T08:06:02.126+0000] {dagbag.py:588} INFO - Filling up the DagBag from /home/airflow/.local/lib/python3.12/site-packages/airflow/example_dags/tutorial.py
[2025-02-07T08:06:02.131+0000] {processor.py:925} INFO - DAG(s) 'tutorial' retrieved from /home/airflow/.local/lib/python3.12/site-packages/airflow/example_dags/tutorial.py
[2025-02-07T08:06:02.142+0000] {logging_mixin.py:190} INFO - [2025-02-07T08:06:02.142+0000] {dag.py:3239} INFO - Sync 1 DAGs
[2025-02-07T08:06:02.154+0000] {logging_mixin.py:190} INFO - [2025-02-07T08:06:02.154+0000] {dag.py:4180} INFO - Setting next_dagrun for tutorial to 2025-02-06 00:00:00+00:00, run_after=2025-02-07 00:00:00+00:00
[2025-02-07T08:06:02.163+0000] {processor.py:208} INFO - Processing /home/airflow/.local/lib/python3.12/site-packages/airflow/example_dags/tutorial.py took 0.042 seconds
[2025-02-07T08:06:33.067+0000] {processor.py:186} INFO - Started process (PID=1113) to work on /home/airflow/.local/lib/python3.12/site-packages/airflow/example_dags/tutorial.py
[2025-02-07T08:06:33.068+0000] {processor.py:914} INFO - Processing file /home/airflow/.local/lib/python3.12/site-packages/airflow/example_dags/tutorial.py for tasks to queue
[2025-02-07T08:06:33.069+0000] {logging_mixin.py:190} INFO - [2025-02-07T08:06:33.069+0000] {dagbag.py:588} INFO - Filling up the DagBag from /home/airflow/.local/lib/python3.12/site-packages/airflow/example_dags/tutorial.py
[2025-02-07T08:06:33.074+0000] {processor.py:925} INFO - DAG(s) 'tutorial' retrieved from /home/airflow/.local/lib/python3.12/site-packages/airflow/example_dags/tutorial.py
[2025-02-07T08:06:33.088+0000] {logging_mixin.py:190} INFO - [2025-02-07T08:06:33.088+0000] {dag.py:3239} INFO - Sync 1 DAGs
[2025-02-07T08:06:33.111+0000] {logging_mixin.py:190} INFO - [2025-02-07T08:06:33.111+0000] {dag.py:4180} INFO - Setting next_dagrun for tutorial to 2025-02-06 00:00:00+00:00, run_after=2025-02-07 00:00:00+00:00
[2025-02-07T08:06:33.125+0000] {processor.py:208} INFO - Processing /home/airflow/.local/lib/python3.12/site-packages/airflow/example_dags/tutorial.py took 0.061 seconds
[2025-02-07T08:07:03.162+0000] {processor.py:186} INFO - Started process (PID=1198) to work on /home/airflow/.local/lib/python3.12/site-packages/airflow/example_dags/tutorial.py
[2025-02-07T08:07:03.162+0000] {processor.py:914} INFO - Processing file /home/airflow/.local/lib/python3.12/site-packages/airflow/example_dags/tutorial.py for tasks to queue
[2025-02-07T08:07:03.164+0000] {logging_mixin.py:190} INFO - [2025-02-07T08:07:03.163+0000] {dagbag.py:588} INFO - Filling up the DagBag from /home/airflow/.local/lib/python3.12/site-packages/airflow/example_dags/tutorial.py
[2025-02-07T08:07:03.169+0000] {processor.py:925} INFO - DAG(s) 'tutorial' retrieved from /home/airflow/.local/lib/python3.12/site-packages/airflow/example_dags/tutorial.py
[2025-02-07T08:07:03.182+0000] {logging_mixin.py:190} INFO - [2025-02-07T08:07:03.182+0000] {dag.py:3239} INFO - Sync 1 DAGs
[2025-02-07T08:07:03.194+0000] {logging_mixin.py:190} INFO - [2025-02-07T08:07:03.194+0000] {dag.py:4180} INFO - Setting next_dagrun for tutorial to 2025-02-06 00:00:00+00:00, run_after=2025-02-07 00:00:00+00:00
[2025-02-07T08:07:03.203+0000] {processor.py:208} INFO - Processing /home/airflow/.local/lib/python3.12/site-packages/airflow/example_dags/tutorial.py took 0.046 seconds
[2025-02-07T08:07:33.980+0000] {processor.py:186} INFO - Started process (PID=1283) to work on /home/airflow/.local/lib/python3.12/site-packages/airflow/example_dags/tutorial.py
[2025-02-07T08:07:33.981+0000] {processor.py:914} INFO - Processing file /home/airflow/.local/lib/python3.12/site-packages/airflow/example_dags/tutorial.py for tasks to queue
[2025-02-07T08:07:33.982+0000] {logging_mixin.py:190} INFO - [2025-02-07T08:07:33.982+0000] {dagbag.py:588} INFO - Filling up the DagBag from /home/airflow/.local/lib/python3.12/site-packages/airflow/example_dags/tutorial.py
[2025-02-07T08:07:33.986+0000] {processor.py:925} INFO - DAG(s) 'tutorial' retrieved from /home/airflow/.local/lib/python3.12/site-packages/airflow/example_dags/tutorial.py
[2025-02-07T08:07:33.997+0000] {logging_mixin.py:190} INFO - [2025-02-07T08:07:33.997+0000] {dag.py:3239} INFO - Sync 1 DAGs
[2025-02-07T08:07:34.009+0000] {logging_mixin.py:190} INFO - [2025-02-07T08:07:34.009+0000] {dag.py:4180} INFO - Setting next_dagrun for tutorial to 2025-02-06 00:00:00+00:00, run_after=2025-02-07 00:00:00+00:00
[2025-02-07T08:07:34.018+0000] {processor.py:208} INFO - Processing /home/airflow/.local/lib/python3.12/site-packages/airflow/example_dags/tutorial.py took 0.041 seconds
[2025-02-07T08:08:04.521+0000] {processor.py:186} INFO - Started process (PID=1368) to work on /home/airflow/.local/lib/python3.12/site-packages/airflow/example_dags/tutorial.py
[2025-02-07T08:08:04.521+0000] {processor.py:914} INFO - Processing file /home/airflow/.local/lib/python3.12/site-packages/airflow/example_dags/tutorial.py for tasks to queue
[2025-02-07T08:08:04.522+0000] {logging_mixin.py:190} INFO - [2025-02-07T08:08:04.522+0000] {dagbag.py:588} INFO - Filling up the DagBag from /home/airflow/.local/lib/python3.12/site-packages/airflow/example_dags/tutorial.py
[2025-02-07T08:08:04.527+0000] {processor.py:925} INFO - DAG(s) 'tutorial' retrieved from /home/airflow/.local/lib/python3.12/site-packages/airflow/example_dags/tutorial.py
[2025-02-07T08:08:04.539+0000] {logging_mixin.py:190} INFO - [2025-02-07T08:08:04.539+0000] {dag.py:3239} INFO - Sync 1 DAGs
[2025-02-07T08:08:04.557+0000] {logging_mixin.py:190} INFO - [2025-02-07T08:08:04.557+0000] {dag.py:4180} INFO - Setting next_dagrun for tutorial to 2025-02-06 00:00:00+00:00, run_after=2025-02-07 00:00:00+00:00
[2025-02-07T08:08:04.570+0000] {processor.py:208} INFO - Processing /home/airflow/.local/lib/python3.12/site-packages/airflow/example_dags/tutorial.py took 0.052 seconds
[2025-02-07T08:08:35.208+0000] {processor.py:186} INFO - Started process (PID=1453) to work on /home/airflow/.local/lib/python3.12/site-packages/airflow/example_dags/tutorial.py
[2025-02-07T08:08:35.208+0000] {processor.py:914} INFO - Processing file /home/airflow/.local/lib/python3.12/site-packages/airflow/example_dags/tutorial.py for tasks to queue
[2025-02-07T08:08:35.210+0000] {logging_mixin.py:190} INFO - [2025-02-07T08:08:35.209+0000] {dagbag.py:588} INFO - Filling up the DagBag from /home/airflow/.local/lib/python3.12/site-packages/airflow/example_dags/tutorial.py
[2025-02-07T08:08:35.214+0000] {processor.py:925} INFO - DAG(s) 'tutorial' retrieved from /home/airflow/.local/lib/python3.12/site-packages/airflow/example_dags/tutorial.py
[2025-02-07T08:08:35.227+0000] {logging_mixin.py:190} INFO - [2025-02-07T08:08:35.227+0000] {dag.py:3239} INFO - Sync 1 DAGs
[2025-02-07T08:08:35.240+0000] {logging_mixin.py:190} INFO - [2025-02-07T08:08:35.240+0000] {dag.py:4180} INFO - Setting next_dagrun for tutorial to 2025-02-06 00:00:00+00:00, run_after=2025-02-07 00:00:00+00:00
[2025-02-07T08:08:35.250+0000] {processor.py:208} INFO - Processing /home/airflow/.local/lib/python3.12/site-packages/airflow/example_dags/tutorial.py took 0.046 seconds
[2025-02-07T08:09:05.581+0000] {processor.py:186} INFO - Started process (PID=1538) to work on /home/airflow/.local/lib/python3.12/site-packages/airflow/example_dags/tutorial.py
[2025-02-07T08:09:05.581+0000] {processor.py:914} INFO - Processing file /home/airflow/.local/lib/python3.12/site-packages/airflow/example_dags/tutorial.py for tasks to queue
[2025-02-07T08:09:05.582+0000] {logging_mixin.py:190} INFO - [2025-02-07T08:09:05.582+0000] {dagbag.py:588} INFO - Filling up the DagBag from /home/airflow/.local/lib/python3.12/site-packages/airflow/example_dags/tutorial.py
[2025-02-07T08:09:05.587+0000] {processor.py:925} INFO - DAG(s) 'tutorial' retrieved from /home/airflow/.local/lib/python3.12/site-packages/airflow/example_dags/tutorial.py
[2025-02-07T08:09:05.598+0000] {logging_mixin.py:190} INFO - [2025-02-07T08:09:05.598+0000] {dag.py:3239} INFO - Sync 1 DAGs
[2025-02-07T08:09:05.611+0000] {logging_mixin.py:190} INFO - [2025-02-07T08:09:05.611+0000] {dag.py:4180} INFO - Setting next_dagrun for tutorial to 2025-02-06 00:00:00+00:00, run_after=2025-02-07 00:00:00+00:00
[2025-02-07T08:09:05.621+0000] {processor.py:208} INFO - Processing /home/airflow/.local/lib/python3.12/site-packages/airflow/example_dags/tutorial.py took 0.044 seconds
[2025-02-07T08:09:36.473+0000] {processor.py:186} INFO - Started process (PID=1623) to work on /home/airflow/.local/lib/python3.12/site-packages/airflow/example_dags/tutorial.py
[2025-02-07T08:09:36.473+0000] {processor.py:914} INFO - Processing file /home/airflow/.local/lib/python3.12/site-packages/airflow/example_dags/tutorial.py for tasks to queue
[2025-02-07T08:09:36.476+0000] {logging_mixin.py:190} INFO - [2025-02-07T08:09:36.475+0000] {dagbag.py:588} INFO - Filling up the DagBag from /home/airflow/.local/lib/python3.12/site-packages/airflow/example_dags/tutorial.py
[2025-02-07T08:09:36.482+0000] {processor.py:925} INFO - DAG(s) 'tutorial' retrieved from /home/airflow/.local/lib/python3.12/site-packages/airflow/example_dags/tutorial.py
[2025-02-07T08:09:36.502+0000] {logging_mixin.py:190} INFO - [2025-02-07T08:09:36.502+0000] {dag.py:3239} INFO - Sync 1 DAGs
[2025-02-07T08:09:36.524+0000] {logging_mixin.py:190} INFO - [2025-02-07T08:09:36.524+0000] {dag.py:4180} INFO - Setting next_dagrun for tutorial to 2025-02-06 00:00:00+00:00, run_after=2025-02-07 00:00:00+00:00
[2025-02-07T08:09:36.542+0000] {processor.py:208} INFO - Processing /home/airflow/.local/lib/python3.12/site-packages/airflow/example_dags/tutorial.py took 0.076 seconds
[2025-02-07T08:10:07.658+0000] {processor.py:186} INFO - Started process (PID=1708) to work on /home/airflow/.local/lib/python3.12/site-packages/airflow/example_dags/tutorial.py
[2025-02-07T08:10:07.658+0000] {processor.py:914} INFO - Processing file /home/airflow/.local/lib/python3.12/site-packages/airflow/example_dags/tutorial.py for tasks to queue
[2025-02-07T08:10:07.660+0000] {logging_mixin.py:190} INFO - [2025-02-07T08:10:07.660+0000] {dagbag.py:588} INFO - Filling up the DagBag from /home/airflow/.local/lib/python3.12/site-packages/airflow/example_dags/tutorial.py
[2025-02-07T08:10:07.669+0000] {processor.py:925} INFO - DAG(s) 'tutorial' retrieved from /home/airflow/.local/lib/python3.12/site-packages/airflow/example_dags/tutorial.py
[2025-02-07T08:10:07.694+0000] {logging_mixin.py:190} INFO - [2025-02-07T08:10:07.694+0000] {dag.py:3239} INFO - Sync 1 DAGs
[2025-02-07T08:10:07.709+0000] {logging_mixin.py:190} INFO - [2025-02-07T08:10:07.709+0000] {dag.py:4180} INFO - Setting next_dagrun for tutorial to 2025-02-06 00:00:00+00:00, run_after=2025-02-07 00:00:00+00:00
[2025-02-07T08:10:07.719+0000] {processor.py:208} INFO - Processing /home/airflow/.local/lib/python3.12/site-packages/airflow/example_dags/tutorial.py took 0.067 seconds
[2025-02-07T08:10:38.037+0000] {processor.py:186} INFO - Started process (PID=1793) to work on /home/airflow/.local/lib/python3.12/site-packages/airflow/example_dags/tutorial.py
[2025-02-07T08:10:38.037+0000] {processor.py:914} INFO - Processing file /home/airflow/.local/lib/python3.12/site-packages/airflow/example_dags/tutorial.py for tasks to queue
[2025-02-07T08:10:38.038+0000] {logging_mixin.py:190} INFO - [2025-02-07T08:10:38.038+0000] {dagbag.py:588} INFO - Filling up the DagBag from /home/airflow/.local/lib/python3.12/site-packages/airflow/example_dags/tutorial.py
[2025-02-07T08:10:38.043+0000] {processor.py:925} INFO - DAG(s) 'tutorial' retrieved from /home/airflow/.local/lib/python3.12/site-packages/airflow/example_dags/tutorial.py
[2025-02-07T08:10:38.054+0000] {logging_mixin.py:190} INFO - [2025-02-07T08:10:38.053+0000] {dag.py:3239} INFO - Sync 1 DAGs
[2025-02-07T08:10:38.066+0000] {logging_mixin.py:190} INFO - [2025-02-07T08:10:38.066+0000] {dag.py:4180} INFO - Setting next_dagrun for tutorial to 2025-02-06 00:00:00+00:00, run_after=2025-02-07 00:00:00+00:00
[2025-02-07T08:10:38.076+0000] {processor.py:208} INFO - Processing /home/airflow/.local/lib/python3.12/site-packages/airflow/example_dags/tutorial.py took 0.043 seconds
[2025-02-07T08:11:08.556+0000] {processor.py:186} INFO - Started process (PID=1878) to work on /home/airflow/.local/lib/python3.12/site-packages/airflow/example_dags/tutorial.py
[2025-02-07T08:11:08.557+0000] {processor.py:914} INFO - Processing file /home/airflow/.local/lib/python3.12/site-packages/airflow/example_dags/tutorial.py for tasks to queue
[2025-02-07T08:11:08.559+0000] {logging_mixin.py:190} INFO - [2025-02-07T08:11:08.559+0000] {dagbag.py:588} INFO - Filling up the DagBag from /home/airflow/.local/lib/python3.12/site-packages/airflow/example_dags/tutorial.py
[2025-02-07T08:11:08.565+0000] {processor.py:925} INFO - DAG(s) 'tutorial' retrieved from /home/airflow/.local/lib/python3.12/site-packages/airflow/example_dags/tutorial.py
[2025-02-07T08:11:08.586+0000] {logging_mixin.py:190} INFO - [2025-02-07T08:11:08.586+0000] {dag.py:3239} INFO - Sync 1 DAGs
[2025-02-07T08:11:08.604+0000] {logging_mixin.py:190} INFO - [2025-02-07T08:11:08.604+0000] {dag.py:4180} INFO - Setting next_dagrun for tutorial to 2025-02-06 00:00:00+00:00, run_after=2025-02-07 00:00:00+00:00
[2025-02-07T08:11:08.615+0000] {processor.py:208} INFO - Processing /home/airflow/.local/lib/python3.12/site-packages/airflow/example_dags/tutorial.py took 0.066 seconds
[2025-02-07T08:11:39.400+0000] {processor.py:186} INFO - Started process (PID=1963) to work on /home/airflow/.local/lib/python3.12/site-packages/airflow/example_dags/tutorial.py
[2025-02-07T08:11:39.400+0000] {processor.py:914} INFO - Processing file /home/airflow/.local/lib/python3.12/site-packages/airflow/example_dags/tutorial.py for tasks to queue
[2025-02-07T08:11:39.402+0000] {logging_mixin.py:190} INFO - [2025-02-07T08:11:39.401+0000] {dagbag.py:588} INFO - Filling up the DagBag from /home/airflow/.local/lib/python3.12/site-packages/airflow/example_dags/tutorial.py
[2025-02-07T08:11:39.407+0000] {processor.py:925} INFO - DAG(s) 'tutorial' retrieved from /home/airflow/.local/lib/python3.12/site-packages/airflow/example_dags/tutorial.py
[2025-02-07T08:11:39.420+0000] {logging_mixin.py:190} INFO - [2025-02-07T08:11:39.420+0000] {dag.py:3239} INFO - Sync 1 DAGs
[2025-02-07T08:11:39.434+0000] {logging_mixin.py:190} INFO - [2025-02-07T08:11:39.434+0000] {dag.py:4180} INFO - Setting next_dagrun for tutorial to 2025-02-06 00:00:00+00:00, run_after=2025-02-07 00:00:00+00:00
[2025-02-07T08:11:39.444+0000] {processor.py:208} INFO - Processing /home/airflow/.local/lib/python3.12/site-packages/airflow/example_dags/tutorial.py took 0.049 seconds
[2025-02-07T08:12:09.743+0000] {processor.py:186} INFO - Started process (PID=2048) to work on /home/airflow/.local/lib/python3.12/site-packages/airflow/example_dags/tutorial.py
[2025-02-07T08:12:09.744+0000] {processor.py:914} INFO - Processing file /home/airflow/.local/lib/python3.12/site-packages/airflow/example_dags/tutorial.py for tasks to queue
[2025-02-07T08:12:09.746+0000] {logging_mixin.py:190} INFO - [2025-02-07T08:12:09.745+0000] {dagbag.py:588} INFO - Filling up the DagBag from /home/airflow/.local/lib/python3.12/site-packages/airflow/example_dags/tutorial.py
[2025-02-07T08:12:09.751+0000] {processor.py:925} INFO - DAG(s) 'tutorial' retrieved from /home/airflow/.local/lib/python3.12/site-packages/airflow/example_dags/tutorial.py
[2025-02-07T08:12:09.770+0000] {logging_mixin.py:190} INFO - [2025-02-07T08:12:09.770+0000] {dag.py:3239} INFO - Sync 1 DAGs
[2025-02-07T08:12:09.791+0000] {logging_mixin.py:190} INFO - [2025-02-07T08:12:09.791+0000] {dag.py:4180} INFO - Setting next_dagrun for tutorial to 2025-02-06 00:00:00+00:00, run_after=2025-02-07 00:00:00+00:00
[2025-02-07T08:12:09.809+0000] {processor.py:208} INFO - Processing /home/airflow/.local/lib/python3.12/site-packages/airflow/example_dags/tutorial.py took 0.072 seconds
[2025-02-07T08:12:40.224+0000] {processor.py:186} INFO - Started process (PID=2133) to work on /home/airflow/.local/lib/python3.12/site-packages/airflow/example_dags/tutorial.py
[2025-02-07T08:12:40.225+0000] {processor.py:914} INFO - Processing file /home/airflow/.local/lib/python3.12/site-packages/airflow/example_dags/tutorial.py for tasks to queue
[2025-02-07T08:12:40.226+0000] {logging_mixin.py:190} INFO - [2025-02-07T08:12:40.226+0000] {dagbag.py:588} INFO - Filling up the DagBag from /home/airflow/.local/lib/python3.12/site-packages/airflow/example_dags/tutorial.py
[2025-02-07T08:12:40.231+0000] {processor.py:925} INFO - DAG(s) 'tutorial' retrieved from /home/airflow/.local/lib/python3.12/site-packages/airflow/example_dags/tutorial.py
[2025-02-07T08:12:40.246+0000] {logging_mixin.py:190} INFO - [2025-02-07T08:12:40.246+0000] {dag.py:3239} INFO - Sync 1 DAGs
[2025-02-07T08:12:40.268+0000] {logging_mixin.py:190} INFO - [2025-02-07T08:12:40.268+0000] {dag.py:4180} INFO - Setting next_dagrun for tutorial to 2025-02-06 00:00:00+00:00, run_after=2025-02-07 00:00:00+00:00
[2025-02-07T08:12:40.279+0000] {processor.py:208} INFO - Processing /home/airflow/.local/lib/python3.12/site-packages/airflow/example_dags/tutorial.py took 0.058 seconds
[2025-02-07T08:13:10.556+0000] {processor.py:186} INFO - Started process (PID=2218) to work on /home/airflow/.local/lib/python3.12/site-packages/airflow/example_dags/tutorial.py
[2025-02-07T08:13:10.556+0000] {processor.py:914} INFO - Processing file /home/airflow/.local/lib/python3.12/site-packages/airflow/example_dags/tutorial.py for tasks to queue
[2025-02-07T08:13:10.558+0000] {logging_mixin.py:190} INFO - [2025-02-07T08:13:10.557+0000] {dagbag.py:588} INFO - Filling up the DagBag from /home/airflow/.local/lib/python3.12/site-packages/airflow/example_dags/tutorial.py
[2025-02-07T08:13:10.562+0000] {processor.py:925} INFO - DAG(s) 'tutorial' retrieved from /home/airflow/.local/lib/python3.12/site-packages/airflow/example_dags/tutorial.py
[2025-02-07T08:13:10.578+0000] {logging_mixin.py:190} INFO - [2025-02-07T08:13:10.578+0000] {dag.py:3239} INFO - Sync 1 DAGs
[2025-02-07T08:13:10.592+0000] {logging_mixin.py:190} INFO - [2025-02-07T08:13:10.592+0000] {dag.py:4180} INFO - Setting next_dagrun for tutorial to 2025-02-06 00:00:00+00:00, run_after=2025-02-07 00:00:00+00:00
[2025-02-07T08:13:10.603+0000] {processor.py:208} INFO - Processing /home/airflow/.local/lib/python3.12/site-packages/airflow/example_dags/tutorial.py took 0.051 seconds
[2025-02-07T08:13:41.128+0000] {processor.py:186} INFO - Started process (PID=2302) to work on /home/airflow/.local/lib/python3.12/site-packages/airflow/example_dags/tutorial.py
[2025-02-07T08:13:41.128+0000] {processor.py:914} INFO - Processing file /home/airflow/.local/lib/python3.12/site-packages/airflow/example_dags/tutorial.py for tasks to queue
[2025-02-07T08:13:41.130+0000] {logging_mixin.py:190} INFO - [2025-02-07T08:13:41.129+0000] {dagbag.py:588} INFO - Filling up the DagBag from /home/airflow/.local/lib/python3.12/site-packages/airflow/example_dags/tutorial.py
[2025-02-07T08:13:41.135+0000] {processor.py:925} INFO - DAG(s) 'tutorial' retrieved from /home/airflow/.local/lib/python3.12/site-packages/airflow/example_dags/tutorial.py
[2025-02-07T08:13:41.150+0000] {logging_mixin.py:190} INFO - [2025-02-07T08:13:41.150+0000] {dag.py:3239} INFO - Sync 1 DAGs
[2025-02-07T08:13:41.304+0000] {logging_mixin.py:190} INFO - [2025-02-07T08:13:41.304+0000] {dag.py:4180} INFO - Setting next_dagrun for tutorial to 2025-02-06 00:00:00+00:00, run_after=2025-02-07 00:00:00+00:00
[2025-02-07T08:13:41.316+0000] {processor.py:208} INFO - Processing /home/airflow/.local/lib/python3.12/site-packages/airflow/example_dags/tutorial.py took 0.192 seconds
[2025-02-07T08:14:12.115+0000] {processor.py:186} INFO - Started process (PID=2387) to work on /home/airflow/.local/lib/python3.12/site-packages/airflow/example_dags/tutorial.py
[2025-02-07T08:14:12.116+0000] {processor.py:914} INFO - Processing file /home/airflow/.local/lib/python3.12/site-packages/airflow/example_dags/tutorial.py for tasks to queue
[2025-02-07T08:14:12.117+0000] {logging_mixin.py:190} INFO - [2025-02-07T08:14:12.117+0000] {dagbag.py:588} INFO - Filling up the DagBag from /home/airflow/.local/lib/python3.12/site-packages/airflow/example_dags/tutorial.py
[2025-02-07T08:14:12.122+0000] {processor.py:925} INFO - DAG(s) 'tutorial' retrieved from /home/airflow/.local/lib/python3.12/site-packages/airflow/example_dags/tutorial.py
[2025-02-07T08:14:12.138+0000] {logging_mixin.py:190} INFO - [2025-02-07T08:14:12.138+0000] {dag.py:3239} INFO - Sync 1 DAGs
[2025-02-07T08:14:12.276+0000] {logging_mixin.py:190} INFO - [2025-02-07T08:14:12.276+0000] {dag.py:4180} INFO - Setting next_dagrun for tutorial to 2025-02-06 00:00:00+00:00, run_after=2025-02-07 00:00:00+00:00
[2025-02-07T08:14:12.291+0000] {processor.py:208} INFO - Processing /home/airflow/.local/lib/python3.12/site-packages/airflow/example_dags/tutorial.py took 0.179 seconds
[2025-02-07T08:14:42.592+0000] {processor.py:186} INFO - Started process (PID=2473) to work on /home/airflow/.local/lib/python3.12/site-packages/airflow/example_dags/tutorial.py
[2025-02-07T08:14:42.593+0000] {processor.py:914} INFO - Processing file /home/airflow/.local/lib/python3.12/site-packages/airflow/example_dags/tutorial.py for tasks to queue
[2025-02-07T08:14:42.594+0000] {logging_mixin.py:190} INFO - [2025-02-07T08:14:42.594+0000] {dagbag.py:588} INFO - Filling up the DagBag from /home/airflow/.local/lib/python3.12/site-packages/airflow/example_dags/tutorial.py
[2025-02-07T08:14:42.599+0000] {processor.py:925} INFO - DAG(s) 'tutorial' retrieved from /home/airflow/.local/lib/python3.12/site-packages/airflow/example_dags/tutorial.py
[2025-02-07T08:14:42.610+0000] {logging_mixin.py:190} INFO - [2025-02-07T08:14:42.610+0000] {dag.py:3239} INFO - Sync 1 DAGs
[2025-02-07T08:14:42.761+0000] {logging_mixin.py:190} INFO - [2025-02-07T08:14:42.760+0000] {dag.py:4180} INFO - Setting next_dagrun for tutorial to 2025-02-06 00:00:00+00:00, run_after=2025-02-07 00:00:00+00:00
[2025-02-07T08:14:42.770+0000] {processor.py:208} INFO - Processing /home/airflow/.local/lib/python3.12/site-packages/airflow/example_dags/tutorial.py took 0.182 seconds
[2025-02-07T08:15:13.507+0000] {processor.py:186} INFO - Started process (PID=2558) to work on /home/airflow/.local/lib/python3.12/site-packages/airflow/example_dags/tutorial.py
[2025-02-07T08:15:13.508+0000] {processor.py:914} INFO - Processing file /home/airflow/.local/lib/python3.12/site-packages/airflow/example_dags/tutorial.py for tasks to queue
[2025-02-07T08:15:13.509+0000] {logging_mixin.py:190} INFO - [2025-02-07T08:15:13.509+0000] {dagbag.py:588} INFO - Filling up the DagBag from /home/airflow/.local/lib/python3.12/site-packages/airflow/example_dags/tutorial.py
[2025-02-07T08:15:13.514+0000] {processor.py:925} INFO - DAG(s) 'tutorial' retrieved from /home/airflow/.local/lib/python3.12/site-packages/airflow/example_dags/tutorial.py
[2025-02-07T08:15:13.525+0000] {logging_mixin.py:190} INFO - [2025-02-07T08:15:13.524+0000] {dag.py:3239} INFO - Sync 1 DAGs
[2025-02-07T08:15:13.650+0000] {logging_mixin.py:190} INFO - [2025-02-07T08:15:13.650+0000] {dag.py:4180} INFO - Setting next_dagrun for tutorial to 2025-02-06 00:00:00+00:00, run_after=2025-02-07 00:00:00+00:00
[2025-02-07T08:15:13.660+0000] {processor.py:208} INFO - Processing /home/airflow/.local/lib/python3.12/site-packages/airflow/example_dags/tutorial.py took 0.158 seconds
[2025-02-07T08:15:44.925+0000] {processor.py:186} INFO - Started process (PID=2643) to work on /home/airflow/.local/lib/python3.12/site-packages/airflow/example_dags/tutorial.py
[2025-02-07T08:15:44.925+0000] {processor.py:914} INFO - Processing file /home/airflow/.local/lib/python3.12/site-packages/airflow/example_dags/tutorial.py for tasks to queue
[2025-02-07T08:15:44.926+0000] {logging_mixin.py:190} INFO - [2025-02-07T08:15:44.926+0000] {dagbag.py:588} INFO - Filling up the DagBag from /home/airflow/.local/lib/python3.12/site-packages/airflow/example_dags/tutorial.py
[2025-02-07T08:15:44.931+0000] {processor.py:925} INFO - DAG(s) 'tutorial' retrieved from /home/airflow/.local/lib/python3.12/site-packages/airflow/example_dags/tutorial.py
[2025-02-07T08:15:44.948+0000] {logging_mixin.py:190} INFO - [2025-02-07T08:15:44.948+0000] {dag.py:3239} INFO - Sync 1 DAGs
[2025-02-07T08:15:45.074+0000] {logging_mixin.py:190} INFO - [2025-02-07T08:15:45.074+0000] {dag.py:4180} INFO - Setting next_dagrun for tutorial to 2025-02-06 00:00:00+00:00, run_after=2025-02-07 00:00:00+00:00
[2025-02-07T08:15:45.090+0000] {processor.py:208} INFO - Processing /home/airflow/.local/lib/python3.12/site-packages/airflow/example_dags/tutorial.py took 0.168 seconds
[2025-02-07T08:16:15.959+0000] {processor.py:186} INFO - Started process (PID=2728) to work on /home/airflow/.local/lib/python3.12/site-packages/airflow/example_dags/tutorial.py
[2025-02-07T08:16:15.960+0000] {processor.py:914} INFO - Processing file /home/airflow/.local/lib/python3.12/site-packages/airflow/example_dags/tutorial.py for tasks to queue
[2025-02-07T08:16:15.962+0000] {logging_mixin.py:190} INFO - [2025-02-07T08:16:15.961+0000] {dagbag.py:588} INFO - Filling up the DagBag from /home/airflow/.local/lib/python3.12/site-packages/airflow/example_dags/tutorial.py
[2025-02-07T08:16:15.967+0000] {processor.py:925} INFO - DAG(s) 'tutorial' retrieved from /home/airflow/.local/lib/python3.12/site-packages/airflow/example_dags/tutorial.py
[2025-02-07T08:16:15.981+0000] {logging_mixin.py:190} INFO - [2025-02-07T08:16:15.981+0000] {dag.py:3239} INFO - Sync 1 DAGs
[2025-02-07T08:16:15.995+0000] {logging_mixin.py:190} INFO - [2025-02-07T08:16:15.995+0000] {dag.py:4180} INFO - Setting next_dagrun for tutorial to 2025-02-06 00:00:00+00:00, run_after=2025-02-07 00:00:00+00:00
[2025-02-07T08:16:16.005+0000] {processor.py:208} INFO - Processing /home/airflow/.local/lib/python3.12/site-packages/airflow/example_dags/tutorial.py took 0.051 seconds
[2025-02-07T08:16:46.185+0000] {processor.py:186} INFO - Started process (PID=2813) to work on /home/airflow/.local/lib/python3.12/site-packages/airflow/example_dags/tutorial.py
[2025-02-07T08:16:46.186+0000] {processor.py:914} INFO - Processing file /home/airflow/.local/lib/python3.12/site-packages/airflow/example_dags/tutorial.py for tasks to queue
[2025-02-07T08:16:46.187+0000] {logging_mixin.py:190} INFO - [2025-02-07T08:16:46.187+0000] {dagbag.py:588} INFO - Filling up the DagBag from /home/airflow/.local/lib/python3.12/site-packages/airflow/example_dags/tutorial.py
[2025-02-07T08:16:46.192+0000] {processor.py:925} INFO - DAG(s) 'tutorial' retrieved from /home/airflow/.local/lib/python3.12/site-packages/airflow/example_dags/tutorial.py
[2025-02-07T08:16:46.204+0000] {logging_mixin.py:190} INFO - [2025-02-07T08:16:46.204+0000] {dag.py:3239} INFO - Sync 1 DAGs
[2025-02-07T08:16:46.217+0000] {logging_mixin.py:190} INFO - [2025-02-07T08:16:46.217+0000] {dag.py:4180} INFO - Setting next_dagrun for tutorial to 2025-02-06 00:00:00+00:00, run_after=2025-02-07 00:00:00+00:00
[2025-02-07T08:16:46.227+0000] {processor.py:208} INFO - Processing /home/airflow/.local/lib/python3.12/site-packages/airflow/example_dags/tutorial.py took 0.046 seconds
[2025-02-07T08:17:16.824+0000] {processor.py:186} INFO - Started process (PID=2898) to work on /home/airflow/.local/lib/python3.12/site-packages/airflow/example_dags/tutorial.py
[2025-02-07T08:17:16.825+0000] {processor.py:914} INFO - Processing file /home/airflow/.local/lib/python3.12/site-packages/airflow/example_dags/tutorial.py for tasks to queue
[2025-02-07T08:17:16.827+0000] {logging_mixin.py:190} INFO - [2025-02-07T08:17:16.827+0000] {dagbag.py:588} INFO - Filling up the DagBag from /home/airflow/.local/lib/python3.12/site-packages/airflow/example_dags/tutorial.py
[2025-02-07T08:17:16.832+0000] {processor.py:925} INFO - DAG(s) 'tutorial' retrieved from /home/airflow/.local/lib/python3.12/site-packages/airflow/example_dags/tutorial.py
[2025-02-07T08:17:16.846+0000] {logging_mixin.py:190} INFO - [2025-02-07T08:17:16.846+0000] {dag.py:3239} INFO - Sync 1 DAGs
[2025-02-07T08:17:16.860+0000] {logging_mixin.py:190} INFO - [2025-02-07T08:17:16.860+0000] {dag.py:4180} INFO - Setting next_dagrun for tutorial to 2025-02-06 00:00:00+00:00, run_after=2025-02-07 00:00:00+00:00
[2025-02-07T08:17:16.868+0000] {processor.py:208} INFO - Processing /home/airflow/.local/lib/python3.12/site-packages/airflow/example_dags/tutorial.py took 0.051 seconds
[2025-02-07T08:17:47.634+0000] {processor.py:186} INFO - Started process (PID=2983) to work on /home/airflow/.local/lib/python3.12/site-packages/airflow/example_dags/tutorial.py
[2025-02-07T08:17:47.635+0000] {processor.py:914} INFO - Processing file /home/airflow/.local/lib/python3.12/site-packages/airflow/example_dags/tutorial.py for tasks to queue
[2025-02-07T08:17:47.637+0000] {logging_mixin.py:190} INFO - [2025-02-07T08:17:47.637+0000] {dagbag.py:588} INFO - Filling up the DagBag from /home/airflow/.local/lib/python3.12/site-packages/airflow/example_dags/tutorial.py
[2025-02-07T08:17:47.642+0000] {processor.py:925} INFO - DAG(s) 'tutorial' retrieved from /home/airflow/.local/lib/python3.12/site-packages/airflow/example_dags/tutorial.py
[2025-02-07T08:17:47.664+0000] {logging_mixin.py:190} INFO - [2025-02-07T08:17:47.664+0000] {dag.py:3239} INFO - Sync 1 DAGs
[2025-02-07T08:17:47.687+0000] {logging_mixin.py:190} INFO - [2025-02-07T08:17:47.687+0000] {dag.py:4180} INFO - Setting next_dagrun for tutorial to 2025-02-06 00:00:00+00:00, run_after=2025-02-07 00:00:00+00:00
[2025-02-07T08:17:47.704+0000] {processor.py:208} INFO - Processing /home/airflow/.local/lib/python3.12/site-packages/airflow/example_dags/tutorial.py took 0.075 seconds
[2025-02-07T08:18:18.365+0000] {processor.py:186} INFO - Started process (PID=3068) to work on /home/airflow/.local/lib/python3.12/site-packages/airflow/example_dags/tutorial.py
[2025-02-07T08:18:18.366+0000] {processor.py:914} INFO - Processing file /home/airflow/.local/lib/python3.12/site-packages/airflow/example_dags/tutorial.py for tasks to queue
[2025-02-07T08:18:18.367+0000] {logging_mixin.py:190} INFO - [2025-02-07T08:18:18.367+0000] {dagbag.py:588} INFO - Filling up the DagBag from /home/airflow/.local/lib/python3.12/site-packages/airflow/example_dags/tutorial.py
[2025-02-07T08:18:18.372+0000] {processor.py:925} INFO - DAG(s) 'tutorial' retrieved from /home/airflow/.local/lib/python3.12/site-packages/airflow/example_dags/tutorial.py
[2025-02-07T08:18:18.383+0000] {logging_mixin.py:190} INFO - [2025-02-07T08:18:18.383+0000] {dag.py:3239} INFO - Sync 1 DAGs
[2025-02-07T08:18:18.395+0000] {logging_mixin.py:190} INFO - [2025-02-07T08:18:18.395+0000] {dag.py:4180} INFO - Setting next_dagrun for tutorial to 2025-02-06 00:00:00+00:00, run_after=2025-02-07 00:00:00+00:00
[2025-02-07T08:18:18.409+0000] {processor.py:208} INFO - Processing /home/airflow/.local/lib/python3.12/site-packages/airflow/example_dags/tutorial.py took 0.049 seconds
[2025-02-07T08:18:49.311+0000] {processor.py:186} INFO - Started process (PID=3153) to work on /home/airflow/.local/lib/python3.12/site-packages/airflow/example_dags/tutorial.py
[2025-02-07T08:18:49.312+0000] {processor.py:914} INFO - Processing file /home/airflow/.local/lib/python3.12/site-packages/airflow/example_dags/tutorial.py for tasks to queue
[2025-02-07T08:18:49.314+0000] {logging_mixin.py:190} INFO - [2025-02-07T08:18:49.313+0000] {dagbag.py:588} INFO - Filling up the DagBag from /home/airflow/.local/lib/python3.12/site-packages/airflow/example_dags/tutorial.py
[2025-02-07T08:18:49.321+0000] {processor.py:925} INFO - DAG(s) 'tutorial' retrieved from /home/airflow/.local/lib/python3.12/site-packages/airflow/example_dags/tutorial.py
[2025-02-07T08:18:49.345+0000] {logging_mixin.py:190} INFO - [2025-02-07T08:18:49.344+0000] {dag.py:3239} INFO - Sync 1 DAGs
[2025-02-07T08:18:49.363+0000] {logging_mixin.py:190} INFO - [2025-02-07T08:18:49.363+0000] {dag.py:4180} INFO - Setting next_dagrun for tutorial to 2025-02-06 00:00:00+00:00, run_after=2025-02-07 00:00:00+00:00
[2025-02-07T08:18:49.373+0000] {processor.py:208} INFO - Processing /home/airflow/.local/lib/python3.12/site-packages/airflow/example_dags/tutorial.py took 0.067 seconds
[2025-02-07T08:19:19.646+0000] {processor.py:186} INFO - Started process (PID=3238) to work on /home/airflow/.local/lib/python3.12/site-packages/airflow/example_dags/tutorial.py
[2025-02-07T08:19:19.646+0000] {processor.py:914} INFO - Processing file /home/airflow/.local/lib/python3.12/site-packages/airflow/example_dags/tutorial.py for tasks to queue
[2025-02-07T08:19:19.649+0000] {logging_mixin.py:190} INFO - [2025-02-07T08:19:19.648+0000] {dagbag.py:588} INFO - Filling up the DagBag from /home/airflow/.local/lib/python3.12/site-packages/airflow/example_dags/tutorial.py
[2025-02-07T08:19:19.655+0000] {processor.py:925} INFO - DAG(s) 'tutorial' retrieved from /home/airflow/.local/lib/python3.12/site-packages/airflow/example_dags/tutorial.py
[2025-02-07T08:19:19.668+0000] {logging_mixin.py:190} INFO - [2025-02-07T08:19:19.668+0000] {dag.py:3239} INFO - Sync 1 DAGs
[2025-02-07T08:19:19.687+0000] {logging_mixin.py:190} INFO - [2025-02-07T08:19:19.687+0000] {dag.py:4180} INFO - Setting next_dagrun for tutorial to 2025-02-06 00:00:00+00:00, run_after=2025-02-07 00:00:00+00:00
[2025-02-07T08:19:19.699+0000] {processor.py:208} INFO - Processing /home/airflow/.local/lib/python3.12/site-packages/airflow/example_dags/tutorial.py took 0.061 seconds
[2025-02-07T08:19:49.725+0000] {processor.py:186} INFO - Started process (PID=3323) to work on /home/airflow/.local/lib/python3.12/site-packages/airflow/example_dags/tutorial.py
[2025-02-07T08:19:49.726+0000] {processor.py:914} INFO - Processing file /home/airflow/.local/lib/python3.12/site-packages/airflow/example_dags/tutorial.py for tasks to queue
[2025-02-07T08:19:49.727+0000] {logging_mixin.py:190} INFO - [2025-02-07T08:19:49.727+0000] {dagbag.py:588} INFO - Filling up the DagBag from /home/airflow/.local/lib/python3.12/site-packages/airflow/example_dags/tutorial.py
[2025-02-07T08:19:49.731+0000] {processor.py:925} INFO - DAG(s) 'tutorial' retrieved from /home/airflow/.local/lib/python3.12/site-packages/airflow/example_dags/tutorial.py
[2025-02-07T08:19:49.747+0000] {logging_mixin.py:190} INFO - [2025-02-07T08:19:49.747+0000] {dag.py:3239} INFO - Sync 1 DAGs
[2025-02-07T08:19:49.767+0000] {logging_mixin.py:190} INFO - [2025-02-07T08:19:49.767+0000] {dag.py:4180} INFO - Setting next_dagrun for tutorial to 2025-02-06 00:00:00+00:00, run_after=2025-02-07 00:00:00+00:00
[2025-02-07T08:19:49.779+0000] {processor.py:208} INFO - Processing /home/airflow/.local/lib/python3.12/site-packages/airflow/example_dags/tutorial.py took 0.057 seconds
[2025-02-07T08:20:20.480+0000] {processor.py:186} INFO - Started process (PID=3408) to work on /home/airflow/.local/lib/python3.12/site-packages/airflow/example_dags/tutorial.py
[2025-02-07T08:20:20.481+0000] {processor.py:914} INFO - Processing file /home/airflow/.local/lib/python3.12/site-packages/airflow/example_dags/tutorial.py for tasks to queue
[2025-02-07T08:20:20.484+0000] {logging_mixin.py:190} INFO - [2025-02-07T08:20:20.483+0000] {dagbag.py:588} INFO - Filling up the DagBag from /home/airflow/.local/lib/python3.12/site-packages/airflow/example_dags/tutorial.py
[2025-02-07T08:20:20.491+0000] {processor.py:925} INFO - DAG(s) 'tutorial' retrieved from /home/airflow/.local/lib/python3.12/site-packages/airflow/example_dags/tutorial.py
[2025-02-07T08:20:20.508+0000] {logging_mixin.py:190} INFO - [2025-02-07T08:20:20.508+0000] {dag.py:3239} INFO - Sync 1 DAGs
[2025-02-07T08:20:20.533+0000] {logging_mixin.py:190} INFO - [2025-02-07T08:20:20.532+0000] {dag.py:4180} INFO - Setting next_dagrun for tutorial to 2025-02-06 00:00:00+00:00, run_after=2025-02-07 00:00:00+00:00
[2025-02-07T08:20:20.549+0000] {processor.py:208} INFO - Processing /home/airflow/.local/lib/python3.12/site-packages/airflow/example_dags/tutorial.py took 0.074 seconds
