[2024-12-16T08:58:06.359+0000] {local_task_job_runner.py:123} INFO - ::group::Pre task execution logs
[2024-12-16T08:58:06.389+0000] {taskinstance.py:2613} INFO - Dependencies all met for dep_context=non-requeueable deps ti=<TaskInstance: ecobalyse_dag.dashboard_application scheduled__2024-12-15T00:00:00+00:00 [queued]>
[2024-12-16T08:58:06.404+0000] {taskinstance.py:2613} INFO - Dependencies all met for dep_context=requeueable deps ti=<TaskInstance: ecobalyse_dag.dashboard_application scheduled__2024-12-15T00:00:00+00:00 [queued]>
[2024-12-16T08:58:06.404+0000] {taskinstance.py:2866} INFO - Starting attempt 1 of 3
[2024-12-16T08:58:06.426+0000] {taskinstance.py:2889} INFO - Executing <Task(PythonOperator): dashboard_application> on 2024-12-15 00:00:00+00:00
[2024-12-16T08:58:06.442+0000] {warnings.py:112} WARNING - /home/***/.local/lib/python3.12/site-packages/***/task/task_runner/standard_task_runner.py:70: DeprecationWarning: This process (pid=9735) is multi-threaded, use of fork() may lead to deadlocks in the child.
  pid = os.fork()

[2024-12-16T08:58:06.444+0000] {standard_task_runner.py:72} INFO - Started process 9789 to run task
[2024-12-16T08:58:06.447+0000] {standard_task_runner.py:104} INFO - Running: ['***', 'tasks', 'run', 'ecobalyse_dag', 'dashboard_application', 'scheduled__2024-12-15T00:00:00+00:00', '--job-id', '1454', '--raw', '--subdir', 'DAGS_FOLDER/data_transformations.py', '--cfg-path', '/tmp/tmptmkx5svn']
[2024-12-16T08:58:06.448+0000] {standard_task_runner.py:105} INFO - Job 1454: Subtask dashboard_application
[2024-12-16T08:58:06.524+0000] {task_command.py:467} INFO - Running <TaskInstance: ecobalyse_dag.dashboard_application scheduled__2024-12-15T00:00:00+00:00 [running]> on host 8cc0e2e8fe41
[2024-12-16T08:58:06.684+0000] {taskinstance.py:3132} INFO - Exporting env vars: AIRFLOW_CTX_DAG_EMAIL='thiernosidybah232@gmail.com' AIRFLOW_CTX_DAG_OWNER='***' AIRFLOW_CTX_DAG_ID='ecobalyse_dag' AIRFLOW_CTX_TASK_ID='dashboard_application' AIRFLOW_CTX_EXECUTION_DATE='2024-12-15T00:00:00+00:00' AIRFLOW_CTX_TRY_NUMBER='1' AIRFLOW_CTX_DAG_RUN_ID='scheduled__2024-12-15T00:00:00+00:00'
[2024-12-16T08:58:06.688+0000] {logging_mixin.py:190} INFO - Task instance is in running state
[2024-12-16T08:58:06.688+0000] {logging_mixin.py:190} INFO -  Previous state of the Task instance: queued
[2024-12-16T08:58:06.689+0000] {logging_mixin.py:190} INFO - Current task name:dashboard_application state:running start_date:2024-12-16 08:58:06.389789+00:00
[2024-12-16T08:58:06.689+0000] {logging_mixin.py:190} INFO - Dag name:ecobalyse_dag and current dag run status:running
[2024-12-16T08:58:06.690+0000] {taskinstance.py:731} INFO - ::endgroup::
[2024-12-16T08:58:06.691+0000] {logging_mixin.py:190} INFO - Hello to le mond
[2024-12-16T08:58:06.691+0000] {python.py:240} INFO - Done. Returned value was: None
[2024-12-16T08:58:06.712+0000] {taskinstance.py:340} INFO - ::group::Post task execution logs
[2024-12-16T08:58:06.713+0000] {taskinstance.py:352} INFO - Marking task as SUCCESS. dag_id=ecobalyse_dag, task_id=dashboard_application, run_id=scheduled__2024-12-15T00:00:00+00:00, execution_date=20241215T000000, start_date=20241216T085806, end_date=20241216T085806
[2024-12-16T08:58:06.736+0000] {logging_mixin.py:190} INFO - Task instance in success state
[2024-12-16T08:58:06.736+0000] {logging_mixin.py:190} INFO -  Previous state of the Task instance: running
[2024-12-16T08:58:06.737+0000] {logging_mixin.py:190} INFO - Dag name:ecobalyse_dag queued_at:2024-12-16 08:21:55.454117+00:00
[2024-12-16T08:58:06.737+0000] {logging_mixin.py:190} INFO - Task hostname:8cc0e2e8fe41 operator:PythonOperator
[2024-12-16T08:58:06.780+0000] {local_task_job_runner.py:266} INFO - Task exited with return code 0
[2024-12-16T08:58:06.819+0000] {taskinstance.py:3895} INFO - 0 downstream tasks scheduled from follow-on schedule check
[2024-12-16T08:58:06.822+0000] {local_task_job_runner.py:245} INFO - ::endgroup::
