[2024-12-20T08:47:48.420+0000] {local_task_job_runner.py:123} INFO - ::group::Pre task execution logs
[2024-12-20T08:47:48.437+0000] {taskinstance.py:2613} INFO - Dependencies all met for dep_context=non-requeueable deps ti=<TaskInstance: ecobalyse_dag.save_json_file scheduled__2024-12-19T00:00:00+00:00 [queued]>
[2024-12-20T08:47:48.450+0000] {taskinstance.py:2613} INFO - Dependencies all met for dep_context=requeueable deps ti=<TaskInstance: ecobalyse_dag.save_json_file scheduled__2024-12-19T00:00:00+00:00 [queued]>
[2024-12-20T08:47:48.451+0000] {taskinstance.py:2866} INFO - Starting attempt 1 of 3
[2024-12-20T08:47:48.463+0000] {taskinstance.py:2889} INFO - Executing <Task(PythonOperator): save_json_file> on 2024-12-19 00:00:00+00:00
[2024-12-20T08:47:48.471+0000] {warnings.py:112} WARNING - /home/***/.local/lib/python3.12/site-packages/***/task/task_runner/standard_task_runner.py:70: DeprecationWarning: This process (pid=311) is multi-threaded, use of fork() may lead to deadlocks in the child.
  pid = os.fork()

[2024-12-20T08:47:48.472+0000] {standard_task_runner.py:72} INFO - Started process 334 to run task
[2024-12-20T08:47:48.473+0000] {standard_task_runner.py:104} INFO - Running: ['***', 'tasks', 'run', 'ecobalyse_dag', 'save_json_file', 'scheduled__2024-12-19T00:00:00+00:00', '--job-id', '1536', '--raw', '--subdir', 'DAGS_FOLDER/data_transformations.py', '--cfg-path', '/tmp/tmpuyn8ilib']
[2024-12-20T08:47:48.474+0000] {standard_task_runner.py:105} INFO - Job 1536: Subtask save_json_file
[2024-12-20T08:47:48.512+0000] {task_command.py:467} INFO - Running <TaskInstance: ecobalyse_dag.save_json_file scheduled__2024-12-19T00:00:00+00:00 [running]> on host 900e1ea5074f
[2024-12-20T08:47:48.564+0000] {taskinstance.py:3132} INFO - Exporting env vars: AIRFLOW_CTX_DAG_EMAIL='thiernosidybah232@gmail.com' AIRFLOW_CTX_DAG_OWNER='***' AIRFLOW_CTX_DAG_ID='ecobalyse_dag' AIRFLOW_CTX_TASK_ID='save_json_file' AIRFLOW_CTX_EXECUTION_DATE='2024-12-19T00:00:00+00:00' AIRFLOW_CTX_TRY_NUMBER='1' AIRFLOW_CTX_DAG_RUN_ID='scheduled__2024-12-19T00:00:00+00:00'
[2024-12-20T08:47:48.565+0000] {logging_mixin.py:190} INFO - Task instance is in running state
[2024-12-20T08:47:48.565+0000] {logging_mixin.py:190} INFO -  Previous state of the Task instance: queued
[2024-12-20T08:47:48.565+0000] {logging_mixin.py:190} INFO - Current task name:save_json_file state:running start_date:2024-12-20 08:47:48.437758+00:00
[2024-12-20T08:47:48.565+0000] {logging_mixin.py:190} INFO - Dag name:ecobalyse_dag and current dag run status:running
[2024-12-20T08:47:48.565+0000] {taskinstance.py:731} INFO - ::endgroup::
[2024-12-20T08:47:48.635+0000] {python.py:240} INFO - Done. Returned value was: None
[2024-12-20T08:47:48.641+0000] {taskinstance.py:340} INFO - ::group::Post task execution logs
[2024-12-20T08:47:48.642+0000] {taskinstance.py:352} INFO - Marking task as SUCCESS. dag_id=ecobalyse_dag, task_id=save_json_file, run_id=scheduled__2024-12-19T00:00:00+00:00, execution_date=20241219T000000, start_date=20241220T084748, end_date=20241220T084748
[2024-12-20T08:47:48.647+0000] {logging_mixin.py:190} INFO - Task instance in success state
[2024-12-20T08:47:48.647+0000] {logging_mixin.py:190} INFO -  Previous state of the Task instance: running
[2024-12-20T08:47:48.647+0000] {logging_mixin.py:190} INFO - Dag name:ecobalyse_dag queued_at:2024-12-20 08:33:52.626975+00:00
[2024-12-20T08:47:48.647+0000] {logging_mixin.py:190} INFO - Task hostname:900e1ea5074f operator:PythonOperator
[2024-12-20T08:47:48.686+0000] {local_task_job_runner.py:266} INFO - Task exited with return code 0
[2024-12-20T08:47:48.712+0000] {taskinstance.py:3895} INFO - 1 downstream tasks scheduled from follow-on schedule check
[2024-12-20T08:47:48.713+0000] {local_task_job_runner.py:245} INFO - ::endgroup::
