[2024-12-15T19:09:47.659+0000] {local_task_job_runner.py:123} INFO - ::group::Pre task execution logs
[2024-12-15T19:09:47.701+0000] {taskinstance.py:2613} INFO - Dependencies all met for dep_context=non-requeueable deps ti=<TaskInstance: ecobalyse_dag.dashboard_application manual__2024-12-15T18:34:13.968376+00:00 [queued]>
[2024-12-15T19:09:47.724+0000] {taskinstance.py:2613} INFO - Dependencies all met for dep_context=requeueable deps ti=<TaskInstance: ecobalyse_dag.dashboard_application manual__2024-12-15T18:34:13.968376+00:00 [queued]>
[2024-12-15T19:09:47.725+0000] {taskinstance.py:2866} INFO - Starting attempt 1 of 3
[2024-12-15T19:09:47.756+0000] {taskinstance.py:2889} INFO - Executing <Task(PythonOperator): dashboard_application> on 2024-12-15 18:34:13.968376+00:00
[2024-12-15T19:09:47.780+0000] {warnings.py:112} WARNING - /home/***/.local/lib/python3.12/site-packages/***/task/task_runner/standard_task_runner.py:70: DeprecationWarning: This process (pid=4902) is multi-threaded, use of fork() may lead to deadlocks in the child.
  pid = os.fork()

[2024-12-15T19:09:47.782+0000] {standard_task_runner.py:72} INFO - Started process 5066 to run task
[2024-12-15T19:09:47.786+0000] {standard_task_runner.py:104} INFO - Running: ['***', 'tasks', 'run', 'ecobalyse_dag', 'dashboard_application', 'manual__2024-12-15T18:34:13.968376+00:00', '--job-id', '1406', '--raw', '--subdir', 'DAGS_FOLDER/data_transformations.py', '--cfg-path', '/tmp/tmpwthslpik']
[2024-12-15T19:09:47.788+0000] {standard_task_runner.py:105} INFO - Job 1406: Subtask dashboard_application
[2024-12-15T19:09:47.880+0000] {task_command.py:467} INFO - Running <TaskInstance: ecobalyse_dag.dashboard_application manual__2024-12-15T18:34:13.968376+00:00 [running]> on host 8cc0e2e8fe41
[2024-12-15T19:09:48.054+0000] {taskinstance.py:3132} INFO - Exporting env vars: AIRFLOW_CTX_DAG_EMAIL='thiernosidybah232@gmail.com' AIRFLOW_CTX_DAG_OWNER='***' AIRFLOW_CTX_DAG_ID='ecobalyse_dag' AIRFLOW_CTX_TASK_ID='dashboard_application' AIRFLOW_CTX_EXECUTION_DATE='2024-12-15T18:34:13.968376+00:00' AIRFLOW_CTX_TRY_NUMBER='1' AIRFLOW_CTX_DAG_RUN_ID='manual__2024-12-15T18:34:13.968376+00:00'
[2024-12-15T19:09:48.057+0000] {logging_mixin.py:190} INFO - Task instance is in running state
[2024-12-15T19:09:48.058+0000] {logging_mixin.py:190} INFO -  Previous state of the Task instance: queued
[2024-12-15T19:09:48.058+0000] {logging_mixin.py:190} INFO - Current task name:dashboard_application state:running start_date:2024-12-15 19:09:47.702564+00:00
[2024-12-15T19:09:48.058+0000] {logging_mixin.py:190} INFO - Dag name:ecobalyse_dag and current dag run status:running
[2024-12-15T19:09:48.059+0000] {taskinstance.py:731} INFO - ::endgroup::
[2024-12-15T19:09:48.060+0000] {logging_mixin.py:190} INFO - Hello to le mond
[2024-12-15T19:09:48.061+0000] {python.py:240} INFO - Done. Returned value was: None
[2024-12-15T19:09:48.081+0000] {taskinstance.py:340} INFO - ::group::Post task execution logs
[2024-12-15T19:09:48.082+0000] {taskinstance.py:352} INFO - Marking task as SUCCESS. dag_id=ecobalyse_dag, task_id=dashboard_application, run_id=manual__2024-12-15T18:34:13.968376+00:00, execution_date=20241215T183413, start_date=20241215T190947, end_date=20241215T190948
[2024-12-15T19:09:48.100+0000] {logging_mixin.py:190} INFO - Task instance in success state
[2024-12-15T19:09:48.100+0000] {logging_mixin.py:190} INFO -  Previous state of the Task instance: running
[2024-12-15T19:09:48.101+0000] {logging_mixin.py:190} INFO - Dag name:ecobalyse_dag queued_at:2024-12-15 18:34:13.994297+00:00
[2024-12-15T19:09:48.101+0000] {logging_mixin.py:190} INFO - Task hostname:8cc0e2e8fe41 operator:PythonOperator
[2024-12-15T19:09:48.119+0000] {local_task_job_runner.py:266} INFO - Task exited with return code 0
[2024-12-15T19:09:48.137+0000] {local_task_job_runner.py:245} INFO - ::endgroup::
