[2024-12-15T19:09:32.639+0000] {local_task_job_runner.py:123} INFO - ::group::Pre task execution logs
[2024-12-15T19:09:32.663+0000] {taskinstance.py:2613} INFO - Dependencies all met for dep_context=non-requeueable deps ti=<TaskInstance: ecobalyse_dag.Load_Data manual__2024-12-15T18:34:13.968376+00:00 [queued]>
[2024-12-15T19:09:32.676+0000] {taskinstance.py:2613} INFO - Dependencies all met for dep_context=requeueable deps ti=<TaskInstance: ecobalyse_dag.Load_Data manual__2024-12-15T18:34:13.968376+00:00 [queued]>
[2024-12-15T19:09:32.676+0000] {taskinstance.py:2866} INFO - Starting attempt 1 of 3
[2024-12-15T19:09:32.699+0000] {taskinstance.py:2889} INFO - Executing <Task(PythonOperator): Load_Data> on 2024-12-15 18:34:13.968376+00:00
[2024-12-15T19:09:32.714+0000] {warnings.py:112} WARNING - /home/***/.local/lib/python3.12/site-packages/***/task/task_runner/standard_task_runner.py:70: DeprecationWarning: This process (pid=4717) is multi-threaded, use of fork() may lead to deadlocks in the child.
  pid = os.fork()

[2024-12-15T19:09:32.716+0000] {standard_task_runner.py:72} INFO - Started process 4786 to run task
[2024-12-15T19:09:32.718+0000] {standard_task_runner.py:104} INFO - Running: ['***', 'tasks', 'run', 'ecobalyse_dag', 'Load_Data', 'manual__2024-12-15T18:34:13.968376+00:00', '--job-id', '1396', '--raw', '--subdir', 'DAGS_FOLDER/data_transformations.py', '--cfg-path', '/tmp/tmp0t55hhaf']
[2024-12-15T19:09:32.720+0000] {standard_task_runner.py:105} INFO - Job 1396: Subtask Load_Data
[2024-12-15T19:09:32.795+0000] {task_command.py:467} INFO - Running <TaskInstance: ecobalyse_dag.Load_Data manual__2024-12-15T18:34:13.968376+00:00 [running]> on host 8cc0e2e8fe41
[2024-12-15T19:09:32.925+0000] {taskinstance.py:3132} INFO - Exporting env vars: AIRFLOW_CTX_DAG_EMAIL='thiernosidybah232@gmail.com' AIRFLOW_CTX_DAG_OWNER='***' AIRFLOW_CTX_DAG_ID='ecobalyse_dag' AIRFLOW_CTX_TASK_ID='Load_Data' AIRFLOW_CTX_EXECUTION_DATE='2024-12-15T18:34:13.968376+00:00' AIRFLOW_CTX_TRY_NUMBER='1' AIRFLOW_CTX_DAG_RUN_ID='manual__2024-12-15T18:34:13.968376+00:00'
[2024-12-15T19:09:32.927+0000] {logging_mixin.py:190} INFO - Task instance is in running state
[2024-12-15T19:09:32.927+0000] {logging_mixin.py:190} INFO -  Previous state of the Task instance: queued
[2024-12-15T19:09:32.927+0000] {logging_mixin.py:190} INFO - Current task name:Load_Data state:running start_date:2024-12-15 19:09:32.663559+00:00
[2024-12-15T19:09:32.927+0000] {logging_mixin.py:190} INFO - Dag name:ecobalyse_dag and current dag run status:running
[2024-12-15T19:09:32.928+0000] {taskinstance.py:731} INFO - ::endgroup::
[2024-12-15T19:09:32.972+0000] {base.py:84} INFO - Retrieving connection 'ecobalyse_database_connection'
[2024-12-15T19:09:33.670+0000] {python.py:240} INFO - Done. Returned value was: None
[2024-12-15T19:09:33.688+0000] {taskinstance.py:340} INFO - ::group::Post task execution logs
[2024-12-15T19:09:33.689+0000] {taskinstance.py:352} INFO - Marking task as SUCCESS. dag_id=ecobalyse_dag, task_id=Load_Data, run_id=manual__2024-12-15T18:34:13.968376+00:00, execution_date=20241215T183413, start_date=20241215T190932, end_date=20241215T190933
[2024-12-15T19:09:33.703+0000] {logging_mixin.py:190} INFO - Task instance in success state
[2024-12-15T19:09:33.704+0000] {logging_mixin.py:190} INFO -  Previous state of the Task instance: running
[2024-12-15T19:09:33.704+0000] {logging_mixin.py:190} INFO - Dag name:ecobalyse_dag queued_at:2024-12-15 18:34:13.994297+00:00
[2024-12-15T19:09:33.705+0000] {logging_mixin.py:190} INFO - Task hostname:8cc0e2e8fe41 operator:PythonOperator
[2024-12-15T19:09:33.734+0000] {local_task_job_runner.py:266} INFO - Task exited with return code 0
[2024-12-15T19:09:33.786+0000] {taskinstance.py:3895} INFO - 1 downstream tasks scheduled from follow-on schedule check
[2024-12-15T19:09:33.788+0000] {local_task_job_runner.py:245} INFO - ::endgroup::
