[2024-12-16T08:24:41.233+0000] {local_task_job_runner.py:123} INFO - ::group::Pre task execution logs
[2024-12-16T08:24:41.275+0000] {taskinstance.py:2613} INFO - Dependencies all met for dep_context=non-requeueable deps ti=<TaskInstance: ecobalyse_dag.Knn_model manual__2024-12-15T18:33:28.972281+00:00 [queued]>
[2024-12-16T08:24:41.298+0000] {taskinstance.py:2613} INFO - Dependencies all met for dep_context=requeueable deps ti=<TaskInstance: ecobalyse_dag.Knn_model manual__2024-12-15T18:33:28.972281+00:00 [queued]>
[2024-12-16T08:24:41.299+0000] {taskinstance.py:2866} INFO - Starting attempt 1 of 3
[2024-12-16T08:24:41.330+0000] {taskinstance.py:2889} INFO - Executing <Task(PythonOperator): Knn_model> on 2024-12-15 18:33:28.972281+00:00
[2024-12-16T08:24:41.352+0000] {warnings.py:112} WARNING - /home/***/.local/lib/python3.12/site-packages/***/task/task_runner/standard_task_runner.py:70: DeprecationWarning: This process (pid=9047) is multi-threaded, use of fork() may lead to deadlocks in the child.
  pid = os.fork()

[2024-12-16T08:24:41.355+0000] {standard_task_runner.py:72} INFO - Started process 9115 to run task
[2024-12-16T08:24:41.359+0000] {standard_task_runner.py:104} INFO - Running: ['***', 'tasks', 'run', 'ecobalyse_dag', 'Knn_model', 'manual__2024-12-15T18:33:28.972281+00:00', '--job-id', '1444', '--raw', '--subdir', 'DAGS_FOLDER/data_transformations.py', '--cfg-path', '/tmp/tmplt8u0e25']
[2024-12-16T08:24:41.363+0000] {standard_task_runner.py:105} INFO - Job 1444: Subtask Knn_model
[2024-12-16T08:24:41.493+0000] {task_command.py:467} INFO - Running <TaskInstance: ecobalyse_dag.Knn_model manual__2024-12-15T18:33:28.972281+00:00 [running]> on host 8cc0e2e8fe41
[2024-12-16T08:24:41.720+0000] {taskinstance.py:3132} INFO - Exporting env vars: AIRFLOW_CTX_DAG_EMAIL='thiernosidybah232@gmail.com' AIRFLOW_CTX_DAG_OWNER='***' AIRFLOW_CTX_DAG_ID='ecobalyse_dag' AIRFLOW_CTX_TASK_ID='Knn_model' AIRFLOW_CTX_EXECUTION_DATE='2024-12-15T18:33:28.972281+00:00' AIRFLOW_CTX_TRY_NUMBER='1' AIRFLOW_CTX_DAG_RUN_ID='manual__2024-12-15T18:33:28.972281+00:00'
[2024-12-16T08:24:41.724+0000] {logging_mixin.py:190} INFO - Task instance is in running state
[2024-12-16T08:24:41.725+0000] {logging_mixin.py:190} INFO -  Previous state of the Task instance: queued
[2024-12-16T08:24:41.726+0000] {logging_mixin.py:190} INFO - Current task name:Knn_model state:running start_date:2024-12-16 08:24:41.275691+00:00
[2024-12-16T08:24:41.727+0000] {logging_mixin.py:190} INFO - Dag name:ecobalyse_dag and current dag run status:running
[2024-12-16T08:24:41.727+0000] {taskinstance.py:731} INFO - ::endgroup::
[2024-12-16T08:24:41.902+0000] {python.py:240} INFO - Done. Returned value was: None
[2024-12-16T08:24:41.928+0000] {taskinstance.py:340} INFO - ::group::Post task execution logs
[2024-12-16T08:24:41.929+0000] {taskinstance.py:352} INFO - Marking task as SUCCESS. dag_id=ecobalyse_dag, task_id=Knn_model, run_id=manual__2024-12-15T18:33:28.972281+00:00, execution_date=20241215T183328, start_date=20241216T082441, end_date=20241216T082441
[2024-12-16T08:24:41.955+0000] {logging_mixin.py:190} INFO - Task instance in success state
[2024-12-16T08:24:41.956+0000] {logging_mixin.py:190} INFO -  Previous state of the Task instance: running
[2024-12-16T08:24:41.956+0000] {logging_mixin.py:190} INFO - Dag name:ecobalyse_dag queued_at:2024-12-15 18:33:28.989920+00:00
[2024-12-16T08:24:41.957+0000] {logging_mixin.py:190} INFO - Task hostname:8cc0e2e8fe41 operator:PythonOperator
[2024-12-16T08:24:42.017+0000] {local_task_job_runner.py:266} INFO - Task exited with return code 0
[2024-12-16T08:24:42.077+0000] {taskinstance.py:3895} INFO - 0 downstream tasks scheduled from follow-on schedule check
[2024-12-16T08:24:42.080+0000] {local_task_job_runner.py:245} INFO - ::endgroup::
