[2024-12-15T19:09:55.086+0000] {local_task_job_runner.py:123} INFO - ::group::Pre task execution logs
[2024-12-15T19:09:55.138+0000] {taskinstance.py:2613} INFO - Dependencies all met for dep_context=non-requeueable deps ti=<TaskInstance: ecobalyse_dag.Knn_model manual__2024-12-15T18:34:13.968376+00:00 [queued]>
[2024-12-15T19:09:55.164+0000] {taskinstance.py:2613} INFO - Dependencies all met for dep_context=requeueable deps ti=<TaskInstance: ecobalyse_dag.Knn_model manual__2024-12-15T18:34:13.968376+00:00 [queued]>
[2024-12-15T19:09:55.165+0000] {taskinstance.py:2866} INFO - Starting attempt 1 of 3
[2024-12-15T19:09:55.202+0000] {taskinstance.py:2889} INFO - Executing <Task(PythonOperator): Knn_model> on 2024-12-15 18:34:13.968376+00:00
[2024-12-15T19:09:55.226+0000] {warnings.py:112} WARNING - /home/***/.local/lib/python3.12/site-packages/***/task/task_runner/standard_task_runner.py:70: DeprecationWarning: This process (pid=5112) is multi-threaded, use of fork() may lead to deadlocks in the child.
  pid = os.fork()

[2024-12-15T19:09:55.230+0000] {standard_task_runner.py:72} INFO - Started process 5300 to run task
[2024-12-15T19:09:55.233+0000] {standard_task_runner.py:104} INFO - Running: ['***', 'tasks', 'run', 'ecobalyse_dag', 'Knn_model', 'manual__2024-12-15T18:34:13.968376+00:00', '--job-id', '1412', '--raw', '--subdir', 'DAGS_FOLDER/data_transformations.py', '--cfg-path', '/tmp/tmp9q1j9vzl']
[2024-12-15T19:09:55.236+0000] {standard_task_runner.py:105} INFO - Job 1412: Subtask Knn_model
[2024-12-15T19:09:55.348+0000] {task_command.py:467} INFO - Running <TaskInstance: ecobalyse_dag.Knn_model manual__2024-12-15T18:34:13.968376+00:00 [running]> on host 8cc0e2e8fe41
[2024-12-15T19:09:55.591+0000] {taskinstance.py:3132} INFO - Exporting env vars: AIRFLOW_CTX_DAG_EMAIL='thiernosidybah232@gmail.com' AIRFLOW_CTX_DAG_OWNER='***' AIRFLOW_CTX_DAG_ID='ecobalyse_dag' AIRFLOW_CTX_TASK_ID='Knn_model' AIRFLOW_CTX_EXECUTION_DATE='2024-12-15T18:34:13.968376+00:00' AIRFLOW_CTX_TRY_NUMBER='1' AIRFLOW_CTX_DAG_RUN_ID='manual__2024-12-15T18:34:13.968376+00:00'
[2024-12-15T19:09:55.594+0000] {logging_mixin.py:190} INFO - Task instance is in running state
[2024-12-15T19:09:55.594+0000] {logging_mixin.py:190} INFO -  Previous state of the Task instance: queued
[2024-12-15T19:09:55.595+0000] {logging_mixin.py:190} INFO - Current task name:Knn_model state:running start_date:2024-12-15 19:09:55.139575+00:00
[2024-12-15T19:09:55.595+0000] {logging_mixin.py:190} INFO - Dag name:ecobalyse_dag and current dag run status:running
[2024-12-15T19:09:55.595+0000] {taskinstance.py:731} INFO - ::endgroup::
[2024-12-15T19:09:56.102+0000] {python.py:240} INFO - Done. Returned value was: None
[2024-12-15T19:09:56.126+0000] {taskinstance.py:340} INFO - ::group::Post task execution logs
[2024-12-15T19:09:56.127+0000] {taskinstance.py:352} INFO - Marking task as SUCCESS. dag_id=ecobalyse_dag, task_id=Knn_model, run_id=manual__2024-12-15T18:34:13.968376+00:00, execution_date=20241215T183413, start_date=20241215T190955, end_date=20241215T190956
[2024-12-15T19:09:56.148+0000] {logging_mixin.py:190} INFO - Task instance in success state
[2024-12-15T19:09:56.149+0000] {logging_mixin.py:190} INFO -  Previous state of the Task instance: running
[2024-12-15T19:09:56.150+0000] {logging_mixin.py:190} INFO - Dag name:ecobalyse_dag queued_at:2024-12-15 18:34:13.994297+00:00
[2024-12-15T19:09:56.150+0000] {logging_mixin.py:190} INFO - Task hostname:8cc0e2e8fe41 operator:PythonOperator
[2024-12-15T19:09:56.213+0000] {local_task_job_runner.py:266} INFO - Task exited with return code 0
[2024-12-15T19:09:56.259+0000] {taskinstance.py:3895} INFO - 0 downstream tasks scheduled from follow-on schedule check
[2024-12-15T19:09:56.261+0000] {local_task_job_runner.py:245} INFO - ::endgroup::
