[2024-12-15T19:08:34.928+0000] {local_task_job_runner.py:123} INFO - ::group::Pre task execution logs
[2024-12-15T19:08:34.948+0000] {taskinstance.py:2613} INFO - Dependencies all met for dep_context=non-requeueable deps ti=<TaskInstance: ecobalyse_dag.save_json_file manual__2024-12-15T18:34:03.842348+00:00 [queued]>
[2024-12-15T19:08:34.958+0000] {taskinstance.py:2613} INFO - Dependencies all met for dep_context=requeueable deps ti=<TaskInstance: ecobalyse_dag.save_json_file manual__2024-12-15T18:34:03.842348+00:00 [queued]>
[2024-12-15T19:08:34.958+0000] {taskinstance.py:2866} INFO - Starting attempt 1 of 3
[2024-12-15T19:08:34.974+0000] {taskinstance.py:2889} INFO - Executing <Task(PythonOperator): save_json_file> on 2024-12-15 18:34:03.842348+00:00
[2024-12-15T19:08:34.986+0000] {warnings.py:112} WARNING - /home/***/.local/lib/python3.12/site-packages/***/task/task_runner/standard_task_runner.py:70: DeprecationWarning: This process (pid=4047) is multi-threaded, use of fork() may lead to deadlocks in the child.
  pid = os.fork()

[2024-12-15T19:08:34.987+0000] {standard_task_runner.py:72} INFO - Started process 4070 to run task
[2024-12-15T19:08:34.989+0000] {standard_task_runner.py:104} INFO - Running: ['***', 'tasks', 'run', 'ecobalyse_dag', 'save_json_file', 'manual__2024-12-15T18:34:03.842348+00:00', '--job-id', '1371', '--raw', '--subdir', 'DAGS_FOLDER/data_transformations.py', '--cfg-path', '/tmp/tmpdcbqi8r_']
[2024-12-15T19:08:34.991+0000] {standard_task_runner.py:105} INFO - Job 1371: Subtask save_json_file
[2024-12-15T19:08:35.046+0000] {task_command.py:467} INFO - Running <TaskInstance: ecobalyse_dag.save_json_file manual__2024-12-15T18:34:03.842348+00:00 [running]> on host 8cc0e2e8fe41
[2024-12-15T19:08:35.146+0000] {taskinstance.py:3132} INFO - Exporting env vars: AIRFLOW_CTX_DAG_EMAIL='thiernosidybah232@gmail.com' AIRFLOW_CTX_DAG_OWNER='***' AIRFLOW_CTX_DAG_ID='ecobalyse_dag' AIRFLOW_CTX_TASK_ID='save_json_file' AIRFLOW_CTX_EXECUTION_DATE='2024-12-15T18:34:03.842348+00:00' AIRFLOW_CTX_TRY_NUMBER='1' AIRFLOW_CTX_DAG_RUN_ID='manual__2024-12-15T18:34:03.842348+00:00'
[2024-12-15T19:08:35.147+0000] {logging_mixin.py:190} INFO - Task instance is in running state
[2024-12-15T19:08:35.147+0000] {logging_mixin.py:190} INFO -  Previous state of the Task instance: queued
[2024-12-15T19:08:35.148+0000] {logging_mixin.py:190} INFO - Current task name:save_json_file state:running start_date:2024-12-15 19:08:34.948455+00:00
[2024-12-15T19:08:35.148+0000] {logging_mixin.py:190} INFO - Dag name:ecobalyse_dag and current dag run status:running
[2024-12-15T19:08:35.148+0000] {taskinstance.py:731} INFO - ::endgroup::
[2024-12-15T19:08:35.599+0000] {python.py:240} INFO - Done. Returned value was: None
[2024-12-15T19:08:35.611+0000] {taskinstance.py:340} INFO - ::group::Post task execution logs
[2024-12-15T19:08:35.612+0000] {taskinstance.py:352} INFO - Marking task as SUCCESS. dag_id=ecobalyse_dag, task_id=save_json_file, run_id=manual__2024-12-15T18:34:03.842348+00:00, execution_date=20241215T183403, start_date=20241215T190834, end_date=20241215T190835
[2024-12-15T19:08:35.626+0000] {logging_mixin.py:190} INFO - Task instance in success state
[2024-12-15T19:08:35.626+0000] {logging_mixin.py:190} INFO -  Previous state of the Task instance: running
[2024-12-15T19:08:35.627+0000] {logging_mixin.py:190} INFO - Dag name:ecobalyse_dag queued_at:2024-12-15 18:34:03.860122+00:00
[2024-12-15T19:08:35.627+0000] {logging_mixin.py:190} INFO - Task hostname:8cc0e2e8fe41 operator:PythonOperator
[2024-12-15T19:08:35.645+0000] {local_task_job_runner.py:266} INFO - Task exited with return code 0
[2024-12-15T19:08:35.682+0000] {taskinstance.py:3895} INFO - 1 downstream tasks scheduled from follow-on schedule check
[2024-12-15T19:08:35.684+0000] {local_task_job_runner.py:245} INFO - ::endgroup::
