[2025-02-07T08:00:28.626+0000] {local_task_job_runner.py:123} INFO - ::group::Pre task execution logs
[2025-02-07T08:00:28.648+0000] {taskinstance.py:2613} INFO - Dependencies all met for dep_context=non-requeueable deps ti=<TaskInstance: ecobalyse_dag.extract_data scheduled__2024-12-23T00:00:00+00:00 [queued]>
[2025-02-07T08:00:28.669+0000] {taskinstance.py:2613} INFO - Dependencies all met for dep_context=requeueable deps ti=<TaskInstance: ecobalyse_dag.extract_data scheduled__2024-12-23T00:00:00+00:00 [queued]>
[2025-02-07T08:00:28.671+0000] {taskinstance.py:2866} INFO - Starting attempt 1 of 3
[2025-02-07T08:00:28.686+0000] {taskinstance.py:2889} INFO - Executing <Task(PythonOperator): extract_data> on 2024-12-23 00:00:00+00:00
[2025-02-07T08:00:28.694+0000] {warnings.py:112} WARNING - /home/***/.local/lib/python3.12/site-packages/***/task/task_runner/standard_task_runner.py:70: DeprecationWarning: This process (pid=73) is multi-threaded, use of fork() may lead to deadlocks in the child.
  pid = os.fork()

[2025-02-07T08:00:28.695+0000] {standard_task_runner.py:72} INFO - Started process 125 to run task
[2025-02-07T08:00:28.697+0000] {standard_task_runner.py:104} INFO - Running: ['***', 'tasks', 'run', 'ecobalyse_dag', 'extract_data', 'scheduled__2024-12-23T00:00:00+00:00', '--job-id', '1563', '--raw', '--subdir', 'DAGS_FOLDER/data_transformations.py', '--cfg-path', '/tmp/tmpjjfj1xez']
[2025-02-07T08:00:28.698+0000] {standard_task_runner.py:105} INFO - Job 1563: Subtask extract_data
[2025-02-07T08:00:28.746+0000] {task_command.py:467} INFO - Running <TaskInstance: ecobalyse_dag.extract_data scheduled__2024-12-23T00:00:00+00:00 [running]> on host 2ca7aeda0036
[2025-02-07T08:00:28.925+0000] {taskinstance.py:3132} INFO - Exporting env vars: AIRFLOW_CTX_DAG_EMAIL='thiernosidybah232@gmail.com' AIRFLOW_CTX_DAG_OWNER='***' AIRFLOW_CTX_DAG_ID='ecobalyse_dag' AIRFLOW_CTX_TASK_ID='extract_data' AIRFLOW_CTX_EXECUTION_DATE='2024-12-23T00:00:00+00:00' AIRFLOW_CTX_TRY_NUMBER='1' AIRFLOW_CTX_DAG_RUN_ID='scheduled__2024-12-23T00:00:00+00:00'
[2025-02-07T08:00:28.931+0000] {logging_mixin.py:190} INFO - Task instance is in running state
[2025-02-07T08:00:28.933+0000] {logging_mixin.py:190} INFO -  Previous state of the Task instance: queued
[2025-02-07T08:00:28.934+0000] {logging_mixin.py:190} INFO - Current task name:extract_data state:running start_date:2025-02-07 08:00:28.649242+00:00
[2025-02-07T08:00:28.934+0000] {logging_mixin.py:190} INFO - Dag name:ecobalyse_dag and current dag run status:running
[2025-02-07T08:00:28.934+0000] {taskinstance.py:731} INFO - ::endgroup::
[2025-02-07T08:00:35.077+0000] {logging_mixin.py:190} INFO - Données combinées enregistrées dans ecobalyse_data.json
[2025-02-07T08:00:35.079+0000] {python.py:240} INFO - Done. Returned value was: None
[2025-02-07T08:00:35.087+0000] {taskinstance.py:340} INFO - ::group::Post task execution logs
[2025-02-07T08:00:35.087+0000] {taskinstance.py:352} INFO - Marking task as SUCCESS. dag_id=ecobalyse_dag, task_id=extract_data, run_id=scheduled__2024-12-23T00:00:00+00:00, execution_date=20241223T000000, start_date=20250207T080028, end_date=20250207T080035
[2025-02-07T08:00:35.097+0000] {logging_mixin.py:190} INFO - Task instance in success state
[2025-02-07T08:00:35.097+0000] {logging_mixin.py:190} INFO -  Previous state of the Task instance: running
[2025-02-07T08:00:35.097+0000] {logging_mixin.py:190} INFO - Dag name:ecobalyse_dag queued_at:2025-02-07 08:00:23.155973+00:00
[2025-02-07T08:00:35.097+0000] {logging_mixin.py:190} INFO - Task hostname:2ca7aeda0036 operator:PythonOperator
[2025-02-07T08:00:35.110+0000] {local_task_job_runner.py:266} INFO - Task exited with return code 0
[2025-02-07T08:00:35.135+0000] {taskinstance.py:3895} INFO - 1 downstream tasks scheduled from follow-on schedule check
[2025-02-07T08:00:35.136+0000] {local_task_job_runner.py:245} INFO - ::endgroup::
