[2024-12-15T18:34:13.802+0000] {local_task_job_runner.py:123} INFO - ::group::Pre task execution logs
[2024-12-15T18:34:13.888+0000] {taskinstance.py:2613} INFO - Dependencies all met for dep_context=non-requeueable deps ti=<TaskInstance: ecobalyse_dag.extract_data manual__2024-12-15T18:34:06.556284+00:00 [queued]>
[2024-12-15T18:34:13.916+0000] {taskinstance.py:2613} INFO - Dependencies all met for dep_context=requeueable deps ti=<TaskInstance: ecobalyse_dag.extract_data manual__2024-12-15T18:34:06.556284+00:00 [queued]>
[2024-12-15T18:34:13.917+0000] {taskinstance.py:2866} INFO - Starting attempt 1 of 3
[2024-12-15T18:34:13.964+0000] {taskinstance.py:2889} INFO - Executing <Task(PythonOperator): extract_data> on 2024-12-15 18:34:06.556284+00:00
[2024-12-15T18:34:13.985+0000] {warnings.py:112} WARNING - /home/***/.local/lib/python3.12/site-packages/***/task/task_runner/standard_task_runner.py:70: DeprecationWarning: This process (pid=3009) is multi-threaded, use of fork() may lead to deadlocks in the child.
  pid = os.fork()

[2024-12-15T18:34:13.988+0000] {standard_task_runner.py:72} INFO - Started process 3061 to run task
[2024-12-15T18:34:13.991+0000] {standard_task_runner.py:104} INFO - Running: ['***', 'tasks', 'run', 'ecobalyse_dag', 'extract_data', 'manual__2024-12-15T18:34:06.556284+00:00', '--job-id', '1348', '--raw', '--subdir', 'DAGS_FOLDER/data_transformations.py', '--cfg-path', '/tmp/tmp6h7igx6w']
[2024-12-15T18:34:13.994+0000] {standard_task_runner.py:105} INFO - Job 1348: Subtask extract_data
[2024-12-15T18:34:14.111+0000] {task_command.py:467} INFO - Running <TaskInstance: ecobalyse_dag.extract_data manual__2024-12-15T18:34:06.556284+00:00 [running]> on host 8cc0e2e8fe41
[2024-12-15T18:34:14.363+0000] {taskinstance.py:3132} INFO - Exporting env vars: AIRFLOW_CTX_DAG_EMAIL='thiernosidybah232@gmail.com' AIRFLOW_CTX_DAG_OWNER='***' AIRFLOW_CTX_DAG_ID='ecobalyse_dag' AIRFLOW_CTX_TASK_ID='extract_data' AIRFLOW_CTX_EXECUTION_DATE='2024-12-15T18:34:06.556284+00:00' AIRFLOW_CTX_TRY_NUMBER='1' AIRFLOW_CTX_DAG_RUN_ID='manual__2024-12-15T18:34:06.556284+00:00'
[2024-12-15T18:34:14.366+0000] {logging_mixin.py:190} INFO - Task instance is in running state
[2024-12-15T18:34:14.367+0000] {logging_mixin.py:190} INFO -  Previous state of the Task instance: queued
[2024-12-15T18:34:14.368+0000] {logging_mixin.py:190} INFO - Current task name:extract_data state:running start_date:2024-12-15 18:34:13.889747+00:00
[2024-12-15T18:34:14.368+0000] {logging_mixin.py:190} INFO - Dag name:ecobalyse_dag and current dag run status:running
[2024-12-15T18:34:14.368+0000] {taskinstance.py:731} INFO - ::endgroup::
[2024-12-15T18:34:16.129+0000] {logging_mixin.py:190} INFO - Données combinées enregistrées dans ecobalyse_data.json
[2024-12-15T18:34:16.137+0000] {python.py:240} INFO - Done. Returned value was: None
[2024-12-15T18:34:16.161+0000] {taskinstance.py:340} INFO - ::group::Post task execution logs
[2024-12-15T18:34:16.162+0000] {taskinstance.py:352} INFO - Marking task as SUCCESS. dag_id=ecobalyse_dag, task_id=extract_data, run_id=manual__2024-12-15T18:34:06.556284+00:00, execution_date=20241215T183406, start_date=20241215T183413, end_date=20241215T183416
[2024-12-15T18:34:16.185+0000] {logging_mixin.py:190} INFO - Task instance in success state
[2024-12-15T18:34:16.186+0000] {logging_mixin.py:190} INFO -  Previous state of the Task instance: running
[2024-12-15T18:34:16.187+0000] {logging_mixin.py:190} INFO - Dag name:ecobalyse_dag queued_at:2024-12-15 18:34:06.601171+00:00
[2024-12-15T18:34:16.188+0000] {logging_mixin.py:190} INFO - Task hostname:8cc0e2e8fe41 operator:PythonOperator
[2024-12-15T18:34:16.223+0000] {local_task_job_runner.py:266} INFO - Task exited with return code 0
[2024-12-15T18:34:16.322+0000] {taskinstance.py:3895} INFO - 1 downstream tasks scheduled from follow-on schedule check
[2024-12-15T18:34:16.325+0000] {local_task_job_runner.py:245} INFO - ::endgroup::
