[2024-12-18T13:29:44.152+0000] {local_task_job_runner.py:123} INFO - ::group::Pre task execution logs
[2024-12-18T13:29:44.165+0000] {taskinstance.py:2613} INFO - Dependencies all met for dep_context=non-requeueable deps ti=<TaskInstance: ecobalyse_dag.simulations_data scheduled__2024-12-17T00:00:00+00:00 [queued]>
[2024-12-18T13:29:44.171+0000] {taskinstance.py:2613} INFO - Dependencies all met for dep_context=requeueable deps ti=<TaskInstance: ecobalyse_dag.simulations_data scheduled__2024-12-17T00:00:00+00:00 [queued]>
[2024-12-18T13:29:44.171+0000] {taskinstance.py:2866} INFO - Starting attempt 1 of 3
[2024-12-18T13:29:44.182+0000] {taskinstance.py:2889} INFO - Executing <Task(PythonOperator): simulations_data> on 2024-12-17 00:00:00+00:00
[2024-12-18T13:29:44.190+0000] {warnings.py:112} WARNING - /home/***/.local/lib/python3.12/site-packages/***/task/task_runner/standard_task_runner.py:70: DeprecationWarning: This process (pid=106) is multi-threaded, use of fork() may lead to deadlocks in the child.
  pid = os.fork()

[2024-12-18T13:29:44.191+0000] {standard_task_runner.py:72} INFO - Started process 129 to run task
[2024-12-18T13:29:44.193+0000] {standard_task_runner.py:104} INFO - Running: ['***', 'tasks', 'run', 'ecobalyse_dag', 'simulations_data', 'scheduled__2024-12-17T00:00:00+00:00', '--job-id', '1481', '--raw', '--subdir', 'DAGS_FOLDER/data_transformations.py', '--cfg-path', '/tmp/tmp14vm0ggs']
[2024-12-18T13:29:44.193+0000] {standard_task_runner.py:105} INFO - Job 1481: Subtask simulations_data
[2024-12-18T13:29:44.256+0000] {task_command.py:467} INFO - Running <TaskInstance: ecobalyse_dag.simulations_data scheduled__2024-12-17T00:00:00+00:00 [running]> on host 900e1ea5074f
[2024-12-18T13:29:44.329+0000] {taskinstance.py:3132} INFO - Exporting env vars: AIRFLOW_CTX_DAG_EMAIL='thiernosidybah232@gmail.com' AIRFLOW_CTX_DAG_OWNER='***' AIRFLOW_CTX_DAG_ID='ecobalyse_dag' AIRFLOW_CTX_TASK_ID='simulations_data' AIRFLOW_CTX_EXECUTION_DATE='2024-12-17T00:00:00+00:00' AIRFLOW_CTX_TRY_NUMBER='1' AIRFLOW_CTX_DAG_RUN_ID='scheduled__2024-12-17T00:00:00+00:00'
[2024-12-18T13:29:44.330+0000] {logging_mixin.py:190} INFO - Task instance is in running state
[2024-12-18T13:29:44.330+0000] {logging_mixin.py:190} INFO -  Previous state of the Task instance: queued
[2024-12-18T13:29:44.330+0000] {logging_mixin.py:190} INFO - Current task name:simulations_data state:running start_date:2024-12-18 13:29:44.165609+00:00
[2024-12-18T13:29:44.330+0000] {logging_mixin.py:190} INFO - Dag name:ecobalyse_dag and current dag run status:running
[2024-12-18T13:29:44.330+0000] {taskinstance.py:731} INFO - ::endgroup::
[2024-12-18T13:29:57.462+0000] {logging_mixin.py:190} INFO - Limite atteinte, attente de 46.87 secondes.
[2024-12-18T13:30:56.283+0000] {logging_mixin.py:190} INFO - Limite atteinte, attente de 48.05 secondes.
[2024-12-18T13:31:57.179+0000] {logging_mixin.py:190} INFO - Limite atteinte, attente de 47.15 secondes.
