[2024-12-16T08:24:12.642+0000] {local_task_job_runner.py:123} INFO - ::group::Pre task execution logs
[2024-12-16T08:24:12.694+0000] {taskinstance.py:2613} INFO - Dependencies all met for dep_context=non-requeueable deps ti=<TaskInstance: ecobalyse_dag.extract_data scheduled__2024-12-15T00:00:00+00:00 [queued]>
[2024-12-16T08:24:12.718+0000] {taskinstance.py:2613} INFO - Dependencies all met for dep_context=requeueable deps ti=<TaskInstance: ecobalyse_dag.extract_data scheduled__2024-12-15T00:00:00+00:00 [queued]>
[2024-12-16T08:24:12.719+0000] {taskinstance.py:2866} INFO - Starting attempt 3 of 3
[2024-12-16T08:24:12.756+0000] {taskinstance.py:2889} INFO - Executing <Task(PythonOperator): extract_data> on 2024-12-15 00:00:00+00:00
[2024-12-16T08:24:12.780+0000] {warnings.py:112} WARNING - /home/***/.local/lib/python3.12/site-packages/***/task/task_runner/standard_task_runner.py:70: DeprecationWarning: This process (pid=8865) is multi-threaded, use of fork() may lead to deadlocks in the child.
  pid = os.fork()

[2024-12-16T08:24:12.783+0000] {standard_task_runner.py:72} INFO - Started process 8912 to run task
[2024-12-16T08:24:12.788+0000] {standard_task_runner.py:104} INFO - Running: ['***', 'tasks', 'run', 'ecobalyse_dag', 'extract_data', 'scheduled__2024-12-15T00:00:00+00:00', '--job-id', '1438', '--raw', '--subdir', 'DAGS_FOLDER/data_transformations.py', '--cfg-path', '/tmp/tmp8zjgwilj']
[2024-12-16T08:24:12.792+0000] {standard_task_runner.py:105} INFO - Job 1438: Subtask extract_data
[2024-12-16T08:24:12.902+0000] {task_command.py:467} INFO - Running <TaskInstance: ecobalyse_dag.extract_data scheduled__2024-12-15T00:00:00+00:00 [running]> on host 8cc0e2e8fe41
[2024-12-16T08:24:13.072+0000] {taskinstance.py:3132} INFO - Exporting env vars: AIRFLOW_CTX_DAG_EMAIL='thiernosidybah232@gmail.com' AIRFLOW_CTX_DAG_OWNER='***' AIRFLOW_CTX_DAG_ID='ecobalyse_dag' AIRFLOW_CTX_TASK_ID='extract_data' AIRFLOW_CTX_EXECUTION_DATE='2024-12-15T00:00:00+00:00' AIRFLOW_CTX_TRY_NUMBER='3' AIRFLOW_CTX_DAG_RUN_ID='scheduled__2024-12-15T00:00:00+00:00'
[2024-12-16T08:24:13.074+0000] {logging_mixin.py:190} INFO - Task instance is in running state
[2024-12-16T08:24:13.074+0000] {logging_mixin.py:190} INFO -  Previous state of the Task instance: queued
[2024-12-16T08:24:13.075+0000] {logging_mixin.py:190} INFO - Current task name:extract_data state:running start_date:2024-12-16 08:24:12.695850+00:00
[2024-12-16T08:24:13.075+0000] {logging_mixin.py:190} INFO - Dag name:ecobalyse_dag and current dag run status:running
[2024-12-16T08:24:13.075+0000] {taskinstance.py:731} INFO - ::endgroup::
[2024-12-16T08:24:14.580+0000] {logging_mixin.py:190} INFO - Données combinées enregistrées dans ecobalyse_data.json
[2024-12-16T08:24:14.585+0000] {python.py:240} INFO - Done. Returned value was: None
[2024-12-16T08:24:14.602+0000] {taskinstance.py:340} INFO - ::group::Post task execution logs
[2024-12-16T08:24:14.602+0000] {taskinstance.py:352} INFO - Marking task as SUCCESS. dag_id=ecobalyse_dag, task_id=extract_data, run_id=scheduled__2024-12-15T00:00:00+00:00, execution_date=20241215T000000, start_date=20241216T082412, end_date=20241216T082414
[2024-12-16T08:24:14.621+0000] {logging_mixin.py:190} INFO - Task instance in success state
[2024-12-16T08:24:14.621+0000] {logging_mixin.py:190} INFO -  Previous state of the Task instance: running
[2024-12-16T08:24:14.622+0000] {logging_mixin.py:190} INFO - Dag name:ecobalyse_dag queued_at:2024-12-16 08:21:55.454117+00:00
[2024-12-16T08:24:14.622+0000] {logging_mixin.py:190} INFO - Task hostname:8cc0e2e8fe41 operator:PythonOperator
[2024-12-16T08:24:14.647+0000] {local_task_job_runner.py:266} INFO - Task exited with return code 0
[2024-12-16T08:24:14.720+0000] {taskinstance.py:3895} INFO - 1 downstream tasks scheduled from follow-on schedule check
[2024-12-16T08:24:14.722+0000] {local_task_job_runner.py:245} INFO - ::endgroup::
