[2024-12-15T19:09:46.885+0000] {local_task_job_runner.py:123} INFO - ::group::Pre task execution logs
[2024-12-15T19:09:46.925+0000] {taskinstance.py:2613} INFO - Dependencies all met for dep_context=non-requeueable deps ti=<TaskInstance: ecobalyse_dag.prepare_data_for_ML manual__2024-12-15T18:34:13.968376+00:00 [queued]>
[2024-12-15T19:09:46.949+0000] {taskinstance.py:2613} INFO - Dependencies all met for dep_context=requeueable deps ti=<TaskInstance: ecobalyse_dag.prepare_data_for_ML manual__2024-12-15T18:34:13.968376+00:00 [queued]>
[2024-12-15T19:09:46.950+0000] {taskinstance.py:2866} INFO - Starting attempt 1 of 3
[2024-12-15T19:09:46.989+0000] {taskinstance.py:2889} INFO - Executing <Task(PythonOperator): prepare_data_for_ML> on 2024-12-15 18:34:13.968376+00:00
[2024-12-15T19:09:47.015+0000] {warnings.py:112} WARNING - /home/***/.local/lib/python3.12/site-packages/***/task/task_runner/standard_task_runner.py:70: DeprecationWarning: This process (pid=4899) is multi-threaded, use of fork() may lead to deadlocks in the child.
  pid = os.fork()

[2024-12-15T19:09:47.017+0000] {standard_task_runner.py:72} INFO - Started process 5060 to run task
[2024-12-15T19:09:47.021+0000] {standard_task_runner.py:104} INFO - Running: ['***', 'tasks', 'run', 'ecobalyse_dag', 'prepare_data_for_ML', 'manual__2024-12-15T18:34:13.968376+00:00', '--job-id', '1403', '--raw', '--subdir', 'DAGS_FOLDER/data_transformations.py', '--cfg-path', '/tmp/tmp216vcz2l']
[2024-12-15T19:09:47.024+0000] {standard_task_runner.py:105} INFO - Job 1403: Subtask prepare_data_for_ML
[2024-12-15T19:09:47.129+0000] {task_command.py:467} INFO - Running <TaskInstance: ecobalyse_dag.prepare_data_for_ML manual__2024-12-15T18:34:13.968376+00:00 [running]> on host 8cc0e2e8fe41
[2024-12-15T19:09:47.329+0000] {taskinstance.py:3132} INFO - Exporting env vars: AIRFLOW_CTX_DAG_EMAIL='thiernosidybah232@gmail.com' AIRFLOW_CTX_DAG_OWNER='***' AIRFLOW_CTX_DAG_ID='ecobalyse_dag' AIRFLOW_CTX_TASK_ID='prepare_data_for_ML' AIRFLOW_CTX_EXECUTION_DATE='2024-12-15T18:34:13.968376+00:00' AIRFLOW_CTX_TRY_NUMBER='1' AIRFLOW_CTX_DAG_RUN_ID='manual__2024-12-15T18:34:13.968376+00:00'
[2024-12-15T19:09:47.331+0000] {logging_mixin.py:190} INFO - Task instance is in running state
[2024-12-15T19:09:47.331+0000] {logging_mixin.py:190} INFO -  Previous state of the Task instance: queued
[2024-12-15T19:09:47.332+0000] {logging_mixin.py:190} INFO - Current task name:prepare_data_for_ML state:running start_date:2024-12-15 19:09:46.926785+00:00
[2024-12-15T19:09:47.332+0000] {logging_mixin.py:190} INFO - Dag name:ecobalyse_dag and current dag run status:running
[2024-12-15T19:09:47.332+0000] {taskinstance.py:731} INFO - ::endgroup::
[2024-12-15T19:09:47.750+0000] {logging_mixin.py:190} INFO - data is transformed
[2024-12-15T19:09:47.750+0000] {python.py:240} INFO - Done. Returned value was:                      pef  mass  ...  country_dyeing country_fabric
0     2358.0282737808907  0.55  ...               1             11
1      265.6347104214217  0.03  ...              14             18
2     2234.8621378578528  0.45  ...               2              1
3     3117.7414461878943  0.55  ...              12              5
4     1323.1976774384502  0.15  ...               0             13
...                  ...   ...  ...             ...            ...
5257  165.35490155166642  0.04  ...               2             12
5258  200.24916958973532  0.04  ...               3             15
5259   717.4115619722568  0.15  ...              18              5
5260   1980.230076008975  0.55  ...               6              9
5261  2124.6281603124376  0.45  ...              13             12

[5262 rows x 12 columns]
[2024-12-15T19:09:48.043+0000] {taskinstance.py:340} INFO - ::group::Post task execution logs
[2024-12-15T19:09:48.044+0000] {taskinstance.py:352} INFO - Marking task as SUCCESS. dag_id=ecobalyse_dag, task_id=prepare_data_for_ML, run_id=manual__2024-12-15T18:34:13.968376+00:00, execution_date=20241215T183413, start_date=20241215T190946, end_date=20241215T190948
[2024-12-15T19:09:48.061+0000] {logging_mixin.py:190} INFO - Task instance in success state
[2024-12-15T19:09:48.062+0000] {logging_mixin.py:190} INFO -  Previous state of the Task instance: running
[2024-12-15T19:09:48.062+0000] {logging_mixin.py:190} INFO - Dag name:ecobalyse_dag queued_at:2024-12-15 18:34:13.994297+00:00
[2024-12-15T19:09:48.062+0000] {logging_mixin.py:190} INFO - Task hostname:8cc0e2e8fe41 operator:PythonOperator
[2024-12-15T19:09:48.119+0000] {local_task_job_runner.py:266} INFO - Task exited with return code 0
[2024-12-15T19:09:48.163+0000] {taskinstance.py:3895} INFO - 3 downstream tasks scheduled from follow-on schedule check
[2024-12-15T19:09:48.165+0000] {local_task_job_runner.py:245} INFO - ::endgroup::
