[2025-02-07T08:00:23.342+0000] {processor.py:186} INFO - Started process (PID=66) to work on /opt/airflow/dags/data_transformations.py
[2025-02-07T08:00:23.342+0000] {processor.py:914} INFO - Processing file /opt/airflow/dags/data_transformations.py for tasks to queue
[2025-02-07T08:00:23.344+0000] {logging_mixin.py:190} INFO - [2025-02-07T08:00:23.344+0000] {dagbag.py:588} INFO - Filling up the DagBag from /opt/airflow/dags/data_transformations.py
[2025-02-07T08:00:23.582+0000] {logging_mixin.py:190} INFO - [2025-02-07T08:00:23.582+0000] {__init__.py:534} WARNING - mkdir -p failed for path /home/airflow/.cache/matplotlib: [Errno 13] Permission denied: '/home/airflow/.cache/matplotlib'
[2025-02-07T08:00:23.583+0000] {logging_mixin.py:190} INFO - [2025-02-07T08:00:23.583+0000] {__init__.py:551} WARNING - Matplotlib created a temporary cache directory at /tmp/matplotlib-prmkxjd4 because there was an issue with the default path (/home/airflow/.cache/matplotlib); it is highly recommended to set the MPLCONFIGDIR environment variable to a writable directory, in particular to speed up the import of Matplotlib and to better support multiprocessing.
[2025-02-07T08:00:23.775+0000] {logging_mixin.py:190} INFO - [2025-02-07T08:00:23.775+0000] {font_manager.py:1639} INFO - generated new fontManager
[2025-02-07T08:00:25.225+0000] {processor.py:925} INFO - DAG(s) 'ecobalyse_dag' retrieved from /opt/airflow/dags/data_transformations.py
[2025-02-07T08:00:25.251+0000] {logging_mixin.py:190} INFO - [2025-02-07T08:00:25.250+0000] {dag.py:3239} INFO - Sync 1 DAGs
[2025-02-07T08:00:25.272+0000] {logging_mixin.py:190} INFO - [2025-02-07T08:00:25.272+0000] {dag.py:4180} INFO - Setting next_dagrun for ecobalyse_dag to 2025-02-07 00:00:00+00:00, run_after=2025-02-08 00:00:00+00:00
[2025-02-07T08:00:25.289+0000] {processor.py:208} INFO - Processing /opt/airflow/dags/data_transformations.py took 1.951 seconds
[2025-02-07T08:00:56.277+0000] {processor.py:186} INFO - Started process (PID=162) to work on /opt/airflow/dags/data_transformations.py
[2025-02-07T08:00:56.280+0000] {processor.py:914} INFO - Processing file /opt/airflow/dags/data_transformations.py for tasks to queue
[2025-02-07T08:00:56.282+0000] {logging_mixin.py:190} INFO - [2025-02-07T08:00:56.281+0000] {dagbag.py:588} INFO - Filling up the DagBag from /opt/airflow/dags/data_transformations.py
[2025-02-07T08:00:56.367+0000] {logging_mixin.py:190} INFO - [2025-02-07T08:00:56.367+0000] {__init__.py:534} WARNING - mkdir -p failed for path /home/airflow/.cache/matplotlib: [Errno 13] Permission denied: '/home/airflow/.cache/matplotlib'
[2025-02-07T08:00:56.367+0000] {logging_mixin.py:190} INFO - [2025-02-07T08:00:56.367+0000] {__init__.py:551} WARNING - Matplotlib created a temporary cache directory at /tmp/matplotlib-eea_wp2y because there was an issue with the default path (/home/airflow/.cache/matplotlib); it is highly recommended to set the MPLCONFIGDIR environment variable to a writable directory, in particular to speed up the import of Matplotlib and to better support multiprocessing.
[2025-02-07T08:00:56.457+0000] {logging_mixin.py:190} INFO - [2025-02-07T08:00:56.457+0000] {font_manager.py:1639} INFO - generated new fontManager
[2025-02-07T08:00:57.070+0000] {processor.py:925} INFO - DAG(s) 'ecobalyse_dag' retrieved from /opt/airflow/dags/data_transformations.py
[2025-02-07T08:00:57.086+0000] {logging_mixin.py:190} INFO - [2025-02-07T08:00:57.086+0000] {dag.py:3239} INFO - Sync 1 DAGs
[2025-02-07T08:00:57.099+0000] {logging_mixin.py:190} INFO - [2025-02-07T08:00:57.099+0000] {dag.py:4180} INFO - Setting next_dagrun for ecobalyse_dag to 2025-02-07 00:00:00+00:00, run_after=2025-02-08 00:00:00+00:00
[2025-02-07T08:00:57.111+0000] {processor.py:208} INFO - Processing /opt/airflow/dags/data_transformations.py took 0.839 seconds
[2025-02-07T08:01:27.291+0000] {processor.py:186} INFO - Started process (PID=261) to work on /opt/airflow/dags/data_transformations.py
[2025-02-07T08:01:27.291+0000] {processor.py:914} INFO - Processing file /opt/airflow/dags/data_transformations.py for tasks to queue
[2025-02-07T08:01:27.294+0000] {logging_mixin.py:190} INFO - [2025-02-07T08:01:27.293+0000] {dagbag.py:588} INFO - Filling up the DagBag from /opt/airflow/dags/data_transformations.py
[2025-02-07T08:01:27.385+0000] {logging_mixin.py:190} INFO - [2025-02-07T08:01:27.384+0000] {__init__.py:534} WARNING - mkdir -p failed for path /home/airflow/.cache/matplotlib: [Errno 13] Permission denied: '/home/airflow/.cache/matplotlib'
[2025-02-07T08:01:27.385+0000] {logging_mixin.py:190} INFO - [2025-02-07T08:01:27.385+0000] {__init__.py:551} WARNING - Matplotlib created a temporary cache directory at /tmp/matplotlib-xiqxtr6v because there was an issue with the default path (/home/airflow/.cache/matplotlib); it is highly recommended to set the MPLCONFIGDIR environment variable to a writable directory, in particular to speed up the import of Matplotlib and to better support multiprocessing.
[2025-02-07T08:01:27.474+0000] {logging_mixin.py:190} INFO - [2025-02-07T08:01:27.474+0000] {font_manager.py:1639} INFO - generated new fontManager
[2025-02-07T08:01:28.054+0000] {processor.py:925} INFO - DAG(s) 'ecobalyse_dag' retrieved from /opt/airflow/dags/data_transformations.py
[2025-02-07T08:01:28.067+0000] {logging_mixin.py:190} INFO - [2025-02-07T08:01:28.066+0000] {dag.py:3239} INFO - Sync 1 DAGs
[2025-02-07T08:01:28.078+0000] {logging_mixin.py:190} INFO - [2025-02-07T08:01:28.078+0000] {dag.py:4180} INFO - Setting next_dagrun for ecobalyse_dag to 2025-02-07 00:00:00+00:00, run_after=2025-02-08 00:00:00+00:00
[2025-02-07T08:01:28.088+0000] {processor.py:208} INFO - Processing /opt/airflow/dags/data_transformations.py took 0.803 seconds
[2025-02-07T08:01:58.185+0000] {processor.py:186} INFO - Started process (PID=349) to work on /opt/airflow/dags/data_transformations.py
[2025-02-07T08:01:58.186+0000] {processor.py:914} INFO - Processing file /opt/airflow/dags/data_transformations.py for tasks to queue
[2025-02-07T08:01:58.187+0000] {logging_mixin.py:190} INFO - [2025-02-07T08:01:58.187+0000] {dagbag.py:588} INFO - Filling up the DagBag from /opt/airflow/dags/data_transformations.py
[2025-02-07T08:01:58.273+0000] {logging_mixin.py:190} INFO - [2025-02-07T08:01:58.273+0000] {__init__.py:534} WARNING - mkdir -p failed for path /home/airflow/.cache/matplotlib: [Errno 13] Permission denied: '/home/airflow/.cache/matplotlib'
[2025-02-07T08:01:58.273+0000] {logging_mixin.py:190} INFO - [2025-02-07T08:01:58.273+0000] {__init__.py:551} WARNING - Matplotlib created a temporary cache directory at /tmp/matplotlib-ydxw10_r because there was an issue with the default path (/home/airflow/.cache/matplotlib); it is highly recommended to set the MPLCONFIGDIR environment variable to a writable directory, in particular to speed up the import of Matplotlib and to better support multiprocessing.
[2025-02-07T08:01:58.365+0000] {logging_mixin.py:190} INFO - [2025-02-07T08:01:58.364+0000] {font_manager.py:1639} INFO - generated new fontManager
[2025-02-07T08:01:58.938+0000] {processor.py:925} INFO - DAG(s) 'ecobalyse_dag' retrieved from /opt/airflow/dags/data_transformations.py
[2025-02-07T08:01:58.957+0000] {logging_mixin.py:190} INFO - [2025-02-07T08:01:58.957+0000] {dag.py:3239} INFO - Sync 1 DAGs
[2025-02-07T08:01:58.974+0000] {logging_mixin.py:190} INFO - [2025-02-07T08:01:58.974+0000] {dag.py:4180} INFO - Setting next_dagrun for ecobalyse_dag to 2025-02-07 00:00:00+00:00, run_after=2025-02-08 00:00:00+00:00
[2025-02-07T08:01:58.986+0000] {processor.py:208} INFO - Processing /opt/airflow/dags/data_transformations.py took 0.804 seconds
[2025-02-07T08:02:29.276+0000] {processor.py:186} INFO - Started process (PID=434) to work on /opt/airflow/dags/data_transformations.py
[2025-02-07T08:02:29.277+0000] {processor.py:914} INFO - Processing file /opt/airflow/dags/data_transformations.py for tasks to queue
[2025-02-07T08:02:29.278+0000] {logging_mixin.py:190} INFO - [2025-02-07T08:02:29.278+0000] {dagbag.py:588} INFO - Filling up the DagBag from /opt/airflow/dags/data_transformations.py
[2025-02-07T08:02:29.361+0000] {logging_mixin.py:190} INFO - [2025-02-07T08:02:29.361+0000] {__init__.py:534} WARNING - mkdir -p failed for path /home/airflow/.cache/matplotlib: [Errno 13] Permission denied: '/home/airflow/.cache/matplotlib'
[2025-02-07T08:02:29.361+0000] {logging_mixin.py:190} INFO - [2025-02-07T08:02:29.361+0000] {__init__.py:551} WARNING - Matplotlib created a temporary cache directory at /tmp/matplotlib-e715qt4b because there was an issue with the default path (/home/airflow/.cache/matplotlib); it is highly recommended to set the MPLCONFIGDIR environment variable to a writable directory, in particular to speed up the import of Matplotlib and to better support multiprocessing.
[2025-02-07T08:02:29.569+0000] {logging_mixin.py:190} INFO - [2025-02-07T08:02:29.569+0000] {font_manager.py:1639} INFO - generated new fontManager
[2025-02-07T08:02:30.043+0000] {processor.py:925} INFO - DAG(s) 'ecobalyse_dag' retrieved from /opt/airflow/dags/data_transformations.py
[2025-02-07T08:02:30.057+0000] {logging_mixin.py:190} INFO - [2025-02-07T08:02:30.057+0000] {dag.py:3239} INFO - Sync 1 DAGs
[2025-02-07T08:02:30.069+0000] {logging_mixin.py:190} INFO - [2025-02-07T08:02:30.069+0000] {dag.py:4180} INFO - Setting next_dagrun for ecobalyse_dag to 2025-02-07 00:00:00+00:00, run_after=2025-02-08 00:00:00+00:00
[2025-02-07T08:02:30.078+0000] {processor.py:208} INFO - Processing /opt/airflow/dags/data_transformations.py took 0.804 seconds
[2025-02-07T08:03:00.716+0000] {processor.py:186} INFO - Started process (PID=519) to work on /opt/airflow/dags/data_transformations.py
[2025-02-07T08:03:00.718+0000] {processor.py:914} INFO - Processing file /opt/airflow/dags/data_transformations.py for tasks to queue
[2025-02-07T08:03:00.719+0000] {logging_mixin.py:190} INFO - [2025-02-07T08:03:00.719+0000] {dagbag.py:588} INFO - Filling up the DagBag from /opt/airflow/dags/data_transformations.py
[2025-02-07T08:03:00.802+0000] {logging_mixin.py:190} INFO - [2025-02-07T08:03:00.802+0000] {__init__.py:534} WARNING - mkdir -p failed for path /home/airflow/.cache/matplotlib: [Errno 13] Permission denied: '/home/airflow/.cache/matplotlib'
[2025-02-07T08:03:00.803+0000] {logging_mixin.py:190} INFO - [2025-02-07T08:03:00.802+0000] {__init__.py:551} WARNING - Matplotlib created a temporary cache directory at /tmp/matplotlib-lnz2qewz because there was an issue with the default path (/home/airflow/.cache/matplotlib); it is highly recommended to set the MPLCONFIGDIR environment variable to a writable directory, in particular to speed up the import of Matplotlib and to better support multiprocessing.
[2025-02-07T08:03:01.006+0000] {logging_mixin.py:190} INFO - [2025-02-07T08:03:01.006+0000] {font_manager.py:1639} INFO - generated new fontManager
[2025-02-07T08:03:01.479+0000] {processor.py:925} INFO - DAG(s) 'ecobalyse_dag' retrieved from /opt/airflow/dags/data_transformations.py
[2025-02-07T08:03:01.494+0000] {logging_mixin.py:190} INFO - [2025-02-07T08:03:01.493+0000] {dag.py:3239} INFO - Sync 1 DAGs
[2025-02-07T08:03:01.506+0000] {logging_mixin.py:190} INFO - [2025-02-07T08:03:01.506+0000] {dag.py:4180} INFO - Setting next_dagrun for ecobalyse_dag to 2025-02-07 00:00:00+00:00, run_after=2025-02-08 00:00:00+00:00
[2025-02-07T08:03:01.517+0000] {processor.py:208} INFO - Processing /opt/airflow/dags/data_transformations.py took 0.805 seconds
[2025-02-07T08:03:32.027+0000] {processor.py:186} INFO - Started process (PID=604) to work on /opt/airflow/dags/data_transformations.py
[2025-02-07T08:03:32.029+0000] {processor.py:914} INFO - Processing file /opt/airflow/dags/data_transformations.py for tasks to queue
[2025-02-07T08:03:32.031+0000] {logging_mixin.py:190} INFO - [2025-02-07T08:03:32.031+0000] {dagbag.py:588} INFO - Filling up the DagBag from /opt/airflow/dags/data_transformations.py
[2025-02-07T08:03:32.116+0000] {logging_mixin.py:190} INFO - [2025-02-07T08:03:32.115+0000] {__init__.py:534} WARNING - mkdir -p failed for path /home/airflow/.cache/matplotlib: [Errno 13] Permission denied: '/home/airflow/.cache/matplotlib'
[2025-02-07T08:03:32.116+0000] {logging_mixin.py:190} INFO - [2025-02-07T08:03:32.116+0000] {__init__.py:551} WARNING - Matplotlib created a temporary cache directory at /tmp/matplotlib-a4jq2nch because there was an issue with the default path (/home/airflow/.cache/matplotlib); it is highly recommended to set the MPLCONFIGDIR environment variable to a writable directory, in particular to speed up the import of Matplotlib and to better support multiprocessing.
[2025-02-07T08:03:32.314+0000] {logging_mixin.py:190} INFO - [2025-02-07T08:03:32.314+0000] {font_manager.py:1639} INFO - generated new fontManager
[2025-02-07T08:03:32.793+0000] {processor.py:925} INFO - DAG(s) 'ecobalyse_dag' retrieved from /opt/airflow/dags/data_transformations.py
[2025-02-07T08:03:32.805+0000] {logging_mixin.py:190} INFO - [2025-02-07T08:03:32.804+0000] {dag.py:3239} INFO - Sync 1 DAGs
[2025-02-07T08:03:32.817+0000] {logging_mixin.py:190} INFO - [2025-02-07T08:03:32.817+0000] {dag.py:4180} INFO - Setting next_dagrun for ecobalyse_dag to 2025-02-07 00:00:00+00:00, run_after=2025-02-08 00:00:00+00:00
[2025-02-07T08:03:32.825+0000] {processor.py:208} INFO - Processing /opt/airflow/dags/data_transformations.py took 0.805 seconds
[2025-02-07T08:04:02.932+0000] {processor.py:186} INFO - Started process (PID=689) to work on /opt/airflow/dags/data_transformations.py
[2025-02-07T08:04:02.934+0000] {processor.py:914} INFO - Processing file /opt/airflow/dags/data_transformations.py for tasks to queue
[2025-02-07T08:04:02.936+0000] {logging_mixin.py:190} INFO - [2025-02-07T08:04:02.936+0000] {dagbag.py:588} INFO - Filling up the DagBag from /opt/airflow/dags/data_transformations.py
[2025-02-07T08:04:03.027+0000] {logging_mixin.py:190} INFO - [2025-02-07T08:04:03.027+0000] {__init__.py:534} WARNING - mkdir -p failed for path /home/airflow/.cache/matplotlib: [Errno 13] Permission denied: '/home/airflow/.cache/matplotlib'
[2025-02-07T08:04:03.028+0000] {logging_mixin.py:190} INFO - [2025-02-07T08:04:03.027+0000] {__init__.py:551} WARNING - Matplotlib created a temporary cache directory at /tmp/matplotlib-1n0_x7fe because there was an issue with the default path (/home/airflow/.cache/matplotlib); it is highly recommended to set the MPLCONFIGDIR environment variable to a writable directory, in particular to speed up the import of Matplotlib and to better support multiprocessing.
[2025-02-07T08:04:03.243+0000] {logging_mixin.py:190} INFO - [2025-02-07T08:04:03.243+0000] {font_manager.py:1639} INFO - generated new fontManager
[2025-02-07T08:04:03.744+0000] {processor.py:925} INFO - DAG(s) 'ecobalyse_dag' retrieved from /opt/airflow/dags/data_transformations.py
[2025-02-07T08:04:03.758+0000] {logging_mixin.py:190} INFO - [2025-02-07T08:04:03.758+0000] {dag.py:3239} INFO - Sync 1 DAGs
[2025-02-07T08:04:03.772+0000] {logging_mixin.py:190} INFO - [2025-02-07T08:04:03.772+0000] {dag.py:4180} INFO - Setting next_dagrun for ecobalyse_dag to 2025-02-07 00:00:00+00:00, run_after=2025-02-08 00:00:00+00:00
[2025-02-07T08:04:03.782+0000] {processor.py:208} INFO - Processing /opt/airflow/dags/data_transformations.py took 0.857 seconds
[2025-02-07T08:04:34.056+0000] {processor.py:186} INFO - Started process (PID=774) to work on /opt/airflow/dags/data_transformations.py
[2025-02-07T08:04:34.058+0000] {processor.py:914} INFO - Processing file /opt/airflow/dags/data_transformations.py for tasks to queue
[2025-02-07T08:04:34.059+0000] {logging_mixin.py:190} INFO - [2025-02-07T08:04:34.059+0000] {dagbag.py:588} INFO - Filling up the DagBag from /opt/airflow/dags/data_transformations.py
[2025-02-07T08:04:34.274+0000] {logging_mixin.py:190} INFO - [2025-02-07T08:04:34.274+0000] {__init__.py:534} WARNING - mkdir -p failed for path /home/airflow/.cache/matplotlib: [Errno 13] Permission denied: '/home/airflow/.cache/matplotlib'
[2025-02-07T08:04:34.274+0000] {logging_mixin.py:190} INFO - [2025-02-07T08:04:34.274+0000] {__init__.py:551} WARNING - Matplotlib created a temporary cache directory at /tmp/matplotlib-alvtetc6 because there was an issue with the default path (/home/airflow/.cache/matplotlib); it is highly recommended to set the MPLCONFIGDIR environment variable to a writable directory, in particular to speed up the import of Matplotlib and to better support multiprocessing.
[2025-02-07T08:04:34.367+0000] {logging_mixin.py:190} INFO - [2025-02-07T08:04:34.367+0000] {font_manager.py:1639} INFO - generated new fontManager
[2025-02-07T08:04:34.856+0000] {processor.py:925} INFO - DAG(s) 'ecobalyse_dag' retrieved from /opt/airflow/dags/data_transformations.py
[2025-02-07T08:04:34.871+0000] {logging_mixin.py:190} INFO - [2025-02-07T08:04:34.871+0000] {dag.py:3239} INFO - Sync 1 DAGs
[2025-02-07T08:04:34.887+0000] {logging_mixin.py:190} INFO - [2025-02-07T08:04:34.887+0000] {dag.py:4180} INFO - Setting next_dagrun for ecobalyse_dag to 2025-02-07 00:00:00+00:00, run_after=2025-02-08 00:00:00+00:00
[2025-02-07T08:04:34.906+0000] {processor.py:208} INFO - Processing /opt/airflow/dags/data_transformations.py took 0.853 seconds
[2025-02-07T08:05:05.364+0000] {processor.py:186} INFO - Started process (PID=859) to work on /opt/airflow/dags/data_transformations.py
[2025-02-07T08:05:05.367+0000] {processor.py:914} INFO - Processing file /opt/airflow/dags/data_transformations.py for tasks to queue
[2025-02-07T08:05:05.369+0000] {logging_mixin.py:190} INFO - [2025-02-07T08:05:05.369+0000] {dagbag.py:588} INFO - Filling up the DagBag from /opt/airflow/dags/data_transformations.py
[2025-02-07T08:05:05.585+0000] {logging_mixin.py:190} INFO - [2025-02-07T08:05:05.584+0000] {__init__.py:534} WARNING - mkdir -p failed for path /home/airflow/.cache/matplotlib: [Errno 13] Permission denied: '/home/airflow/.cache/matplotlib'
[2025-02-07T08:05:05.585+0000] {logging_mixin.py:190} INFO - [2025-02-07T08:05:05.585+0000] {__init__.py:551} WARNING - Matplotlib created a temporary cache directory at /tmp/matplotlib-9tya63iz because there was an issue with the default path (/home/airflow/.cache/matplotlib); it is highly recommended to set the MPLCONFIGDIR environment variable to a writable directory, in particular to speed up the import of Matplotlib and to better support multiprocessing.
[2025-02-07T08:05:05.675+0000] {logging_mixin.py:190} INFO - [2025-02-07T08:05:05.674+0000] {font_manager.py:1639} INFO - generated new fontManager
[2025-02-07T08:05:06.148+0000] {processor.py:925} INFO - DAG(s) 'ecobalyse_dag' retrieved from /opt/airflow/dags/data_transformations.py
[2025-02-07T08:05:06.167+0000] {logging_mixin.py:190} INFO - [2025-02-07T08:05:06.167+0000] {dag.py:3239} INFO - Sync 1 DAGs
[2025-02-07T08:05:06.185+0000] {logging_mixin.py:190} INFO - [2025-02-07T08:05:06.184+0000] {dag.py:4180} INFO - Setting next_dagrun for ecobalyse_dag to 2025-02-07 00:00:00+00:00, run_after=2025-02-08 00:00:00+00:00
[2025-02-07T08:05:06.198+0000] {processor.py:208} INFO - Processing /opt/airflow/dags/data_transformations.py took 0.840 seconds
[2025-02-07T08:05:36.678+0000] {processor.py:186} INFO - Started process (PID=944) to work on /opt/airflow/dags/data_transformations.py
[2025-02-07T08:05:36.681+0000] {processor.py:914} INFO - Processing file /opt/airflow/dags/data_transformations.py for tasks to queue
[2025-02-07T08:05:36.683+0000] {logging_mixin.py:190} INFO - [2025-02-07T08:05:36.682+0000] {dagbag.py:588} INFO - Filling up the DagBag from /opt/airflow/dags/data_transformations.py
[2025-02-07T08:05:36.900+0000] {logging_mixin.py:190} INFO - [2025-02-07T08:05:36.900+0000] {__init__.py:534} WARNING - mkdir -p failed for path /home/airflow/.cache/matplotlib: [Errno 13] Permission denied: '/home/airflow/.cache/matplotlib'
[2025-02-07T08:05:36.901+0000] {logging_mixin.py:190} INFO - [2025-02-07T08:05:36.901+0000] {__init__.py:551} WARNING - Matplotlib created a temporary cache directory at /tmp/matplotlib-07jmy7z0 because there was an issue with the default path (/home/airflow/.cache/matplotlib); it is highly recommended to set the MPLCONFIGDIR environment variable to a writable directory, in particular to speed up the import of Matplotlib and to better support multiprocessing.
[2025-02-07T08:05:36.991+0000] {logging_mixin.py:190} INFO - [2025-02-07T08:05:36.991+0000] {font_manager.py:1639} INFO - generated new fontManager
[2025-02-07T08:05:37.472+0000] {processor.py:925} INFO - DAG(s) 'ecobalyse_dag' retrieved from /opt/airflow/dags/data_transformations.py
[2025-02-07T08:05:37.483+0000] {logging_mixin.py:190} INFO - [2025-02-07T08:05:37.483+0000] {dag.py:3239} INFO - Sync 1 DAGs
[2025-02-07T08:05:37.495+0000] {logging_mixin.py:190} INFO - [2025-02-07T08:05:37.495+0000] {dag.py:4180} INFO - Setting next_dagrun for ecobalyse_dag to 2025-02-07 00:00:00+00:00, run_after=2025-02-08 00:00:00+00:00
[2025-02-07T08:05:37.503+0000] {processor.py:208} INFO - Processing /opt/airflow/dags/data_transformations.py took 0.832 seconds
[2025-02-07T08:06:07.594+0000] {processor.py:186} INFO - Started process (PID=1030) to work on /opt/airflow/dags/data_transformations.py
[2025-02-07T08:06:07.594+0000] {processor.py:914} INFO - Processing file /opt/airflow/dags/data_transformations.py for tasks to queue
[2025-02-07T08:06:07.596+0000] {logging_mixin.py:190} INFO - [2025-02-07T08:06:07.596+0000] {dagbag.py:588} INFO - Filling up the DagBag from /opt/airflow/dags/data_transformations.py
[2025-02-07T08:06:07.805+0000] {logging_mixin.py:190} INFO - [2025-02-07T08:06:07.805+0000] {__init__.py:534} WARNING - mkdir -p failed for path /home/airflow/.cache/matplotlib: [Errno 13] Permission denied: '/home/airflow/.cache/matplotlib'
[2025-02-07T08:06:07.806+0000] {logging_mixin.py:190} INFO - [2025-02-07T08:06:07.806+0000] {__init__.py:551} WARNING - Matplotlib created a temporary cache directory at /tmp/matplotlib-2boevm_u because there was an issue with the default path (/home/airflow/.cache/matplotlib); it is highly recommended to set the MPLCONFIGDIR environment variable to a writable directory, in particular to speed up the import of Matplotlib and to better support multiprocessing.
[2025-02-07T08:06:07.896+0000] {logging_mixin.py:190} INFO - [2025-02-07T08:06:07.895+0000] {font_manager.py:1639} INFO - generated new fontManager
[2025-02-07T08:06:08.373+0000] {processor.py:925} INFO - DAG(s) 'ecobalyse_dag' retrieved from /opt/airflow/dags/data_transformations.py
[2025-02-07T08:06:08.386+0000] {logging_mixin.py:190} INFO - [2025-02-07T08:06:08.385+0000] {dag.py:3239} INFO - Sync 1 DAGs
[2025-02-07T08:06:08.398+0000] {logging_mixin.py:190} INFO - [2025-02-07T08:06:08.398+0000] {dag.py:4180} INFO - Setting next_dagrun for ecobalyse_dag to 2025-02-07 00:00:00+00:00, run_after=2025-02-08 00:00:00+00:00
[2025-02-07T08:06:08.407+0000] {processor.py:208} INFO - Processing /opt/airflow/dags/data_transformations.py took 0.817 seconds
[2025-02-07T08:06:38.646+0000] {processor.py:186} INFO - Started process (PID=1118) to work on /opt/airflow/dags/data_transformations.py
[2025-02-07T08:06:38.647+0000] {processor.py:914} INFO - Processing file /opt/airflow/dags/data_transformations.py for tasks to queue
[2025-02-07T08:06:38.649+0000] {logging_mixin.py:190} INFO - [2025-02-07T08:06:38.649+0000] {dagbag.py:588} INFO - Filling up the DagBag from /opt/airflow/dags/data_transformations.py
[2025-02-07T08:06:38.847+0000] {logging_mixin.py:190} INFO - [2025-02-07T08:06:38.847+0000] {__init__.py:534} WARNING - mkdir -p failed for path /home/airflow/.cache/matplotlib: [Errno 13] Permission denied: '/home/airflow/.cache/matplotlib'
[2025-02-07T08:06:38.848+0000] {logging_mixin.py:190} INFO - [2025-02-07T08:06:38.848+0000] {__init__.py:551} WARNING - Matplotlib created a temporary cache directory at /tmp/matplotlib-w58my0j1 because there was an issue with the default path (/home/airflow/.cache/matplotlib); it is highly recommended to set the MPLCONFIGDIR environment variable to a writable directory, in particular to speed up the import of Matplotlib and to better support multiprocessing.
[2025-02-07T08:06:38.938+0000] {logging_mixin.py:190} INFO - [2025-02-07T08:06:38.938+0000] {font_manager.py:1639} INFO - generated new fontManager
[2025-02-07T08:06:39.405+0000] {processor.py:925} INFO - DAG(s) 'ecobalyse_dag' retrieved from /opt/airflow/dags/data_transformations.py
[2025-02-07T08:06:39.417+0000] {logging_mixin.py:190} INFO - [2025-02-07T08:06:39.417+0000] {dag.py:3239} INFO - Sync 1 DAGs
[2025-02-07T08:06:39.429+0000] {logging_mixin.py:190} INFO - [2025-02-07T08:06:39.428+0000] {dag.py:4180} INFO - Setting next_dagrun for ecobalyse_dag to 2025-02-07 00:00:00+00:00, run_after=2025-02-08 00:00:00+00:00
[2025-02-07T08:06:39.439+0000] {processor.py:208} INFO - Processing /opt/airflow/dags/data_transformations.py took 0.799 seconds
[2025-02-07T08:07:09.696+0000] {processor.py:186} INFO - Started process (PID=1203) to work on /opt/airflow/dags/data_transformations.py
[2025-02-07T08:07:09.697+0000] {processor.py:914} INFO - Processing file /opt/airflow/dags/data_transformations.py for tasks to queue
[2025-02-07T08:07:09.699+0000] {logging_mixin.py:190} INFO - [2025-02-07T08:07:09.698+0000] {dagbag.py:588} INFO - Filling up the DagBag from /opt/airflow/dags/data_transformations.py
[2025-02-07T08:07:09.897+0000] {logging_mixin.py:190} INFO - [2025-02-07T08:07:09.897+0000] {__init__.py:534} WARNING - mkdir -p failed for path /home/airflow/.cache/matplotlib: [Errno 13] Permission denied: '/home/airflow/.cache/matplotlib'
[2025-02-07T08:07:09.897+0000] {logging_mixin.py:190} INFO - [2025-02-07T08:07:09.897+0000] {__init__.py:551} WARNING - Matplotlib created a temporary cache directory at /tmp/matplotlib-g99ptd5l because there was an issue with the default path (/home/airflow/.cache/matplotlib); it is highly recommended to set the MPLCONFIGDIR environment variable to a writable directory, in particular to speed up the import of Matplotlib and to better support multiprocessing.
[2025-02-07T08:07:09.987+0000] {logging_mixin.py:190} INFO - [2025-02-07T08:07:09.987+0000] {font_manager.py:1639} INFO - generated new fontManager
[2025-02-07T08:07:10.451+0000] {processor.py:925} INFO - DAG(s) 'ecobalyse_dag' retrieved from /opt/airflow/dags/data_transformations.py
[2025-02-07T08:07:10.468+0000] {logging_mixin.py:190} INFO - [2025-02-07T08:07:10.468+0000] {dag.py:3239} INFO - Sync 1 DAGs
[2025-02-07T08:07:10.491+0000] {logging_mixin.py:190} INFO - [2025-02-07T08:07:10.491+0000] {dag.py:4180} INFO - Setting next_dagrun for ecobalyse_dag to 2025-02-07 00:00:00+00:00, run_after=2025-02-08 00:00:00+00:00
[2025-02-07T08:07:10.509+0000] {processor.py:208} INFO - Processing /opt/airflow/dags/data_transformations.py took 0.818 seconds
[2025-02-07T08:07:40.668+0000] {processor.py:186} INFO - Started process (PID=1288) to work on /opt/airflow/dags/data_transformations.py
[2025-02-07T08:07:40.670+0000] {processor.py:914} INFO - Processing file /opt/airflow/dags/data_transformations.py for tasks to queue
[2025-02-07T08:07:40.671+0000] {logging_mixin.py:190} INFO - [2025-02-07T08:07:40.671+0000] {dagbag.py:588} INFO - Filling up the DagBag from /opt/airflow/dags/data_transformations.py
[2025-02-07T08:07:40.881+0000] {logging_mixin.py:190} INFO - [2025-02-07T08:07:40.880+0000] {__init__.py:534} WARNING - mkdir -p failed for path /home/airflow/.cache/matplotlib: [Errno 13] Permission denied: '/home/airflow/.cache/matplotlib'
[2025-02-07T08:07:40.881+0000] {logging_mixin.py:190} INFO - [2025-02-07T08:07:40.881+0000] {__init__.py:551} WARNING - Matplotlib created a temporary cache directory at /tmp/matplotlib-bpwh2k66 because there was an issue with the default path (/home/airflow/.cache/matplotlib); it is highly recommended to set the MPLCONFIGDIR environment variable to a writable directory, in particular to speed up the import of Matplotlib and to better support multiprocessing.
[2025-02-07T08:07:40.971+0000] {logging_mixin.py:190} INFO - [2025-02-07T08:07:40.971+0000] {font_manager.py:1639} INFO - generated new fontManager
[2025-02-07T08:07:41.448+0000] {processor.py:925} INFO - DAG(s) 'ecobalyse_dag' retrieved from /opt/airflow/dags/data_transformations.py
[2025-02-07T08:07:41.459+0000] {logging_mixin.py:190} INFO - [2025-02-07T08:07:41.459+0000] {dag.py:3239} INFO - Sync 1 DAGs
[2025-02-07T08:07:41.471+0000] {logging_mixin.py:190} INFO - [2025-02-07T08:07:41.471+0000] {dag.py:4180} INFO - Setting next_dagrun for ecobalyse_dag to 2025-02-07 00:00:00+00:00, run_after=2025-02-08 00:00:00+00:00
[2025-02-07T08:07:41.479+0000] {processor.py:208} INFO - Processing /opt/airflow/dags/data_transformations.py took 0.815 seconds
[2025-02-07T08:08:11.531+0000] {processor.py:186} INFO - Started process (PID=1383) to work on /opt/airflow/dags/data_transformations.py
[2025-02-07T08:08:11.531+0000] {processor.py:914} INFO - Processing file /opt/airflow/dags/data_transformations.py for tasks to queue
[2025-02-07T08:08:11.532+0000] {logging_mixin.py:190} INFO - [2025-02-07T08:08:11.532+0000] {dagbag.py:588} INFO - Filling up the DagBag from /opt/airflow/dags/data_transformations.py
[2025-02-07T08:08:11.734+0000] {logging_mixin.py:190} INFO - [2025-02-07T08:08:11.734+0000] {__init__.py:534} WARNING - mkdir -p failed for path /home/airflow/.cache/matplotlib: [Errno 13] Permission denied: '/home/airflow/.cache/matplotlib'
[2025-02-07T08:08:11.734+0000] {logging_mixin.py:190} INFO - [2025-02-07T08:08:11.734+0000] {__init__.py:551} WARNING - Matplotlib created a temporary cache directory at /tmp/matplotlib-_u9vkzt2 because there was an issue with the default path (/home/airflow/.cache/matplotlib); it is highly recommended to set the MPLCONFIGDIR environment variable to a writable directory, in particular to speed up the import of Matplotlib and to better support multiprocessing.
[2025-02-07T08:08:11.825+0000] {logging_mixin.py:190} INFO - [2025-02-07T08:08:11.824+0000] {font_manager.py:1639} INFO - generated new fontManager
[2025-02-07T08:08:12.306+0000] {processor.py:925} INFO - DAG(s) 'ecobalyse_dag' retrieved from /opt/airflow/dags/data_transformations.py
[2025-02-07T08:08:12.321+0000] {logging_mixin.py:190} INFO - [2025-02-07T08:08:12.320+0000] {dag.py:3239} INFO - Sync 1 DAGs
[2025-02-07T08:08:12.333+0000] {logging_mixin.py:190} INFO - [2025-02-07T08:08:12.333+0000] {dag.py:4180} INFO - Setting next_dagrun for ecobalyse_dag to 2025-02-07 00:00:00+00:00, run_after=2025-02-08 00:00:00+00:00
[2025-02-07T08:08:12.343+0000] {processor.py:208} INFO - Processing /opt/airflow/dags/data_transformations.py took 0.815 seconds
[2025-02-07T08:08:42.720+0000] {processor.py:186} INFO - Started process (PID=1474) to work on /opt/airflow/dags/data_transformations.py
[2025-02-07T08:08:42.720+0000] {processor.py:914} INFO - Processing file /opt/airflow/dags/data_transformations.py for tasks to queue
[2025-02-07T08:08:42.722+0000] {logging_mixin.py:190} INFO - [2025-02-07T08:08:42.721+0000] {dagbag.py:588} INFO - Filling up the DagBag from /opt/airflow/dags/data_transformations.py
[2025-02-07T08:08:42.920+0000] {logging_mixin.py:190} INFO - [2025-02-07T08:08:42.919+0000] {__init__.py:534} WARNING - mkdir -p failed for path /home/airflow/.cache/matplotlib: [Errno 13] Permission denied: '/home/airflow/.cache/matplotlib'
[2025-02-07T08:08:42.920+0000] {logging_mixin.py:190} INFO - [2025-02-07T08:08:42.920+0000] {__init__.py:551} WARNING - Matplotlib created a temporary cache directory at /tmp/matplotlib-1b2_xrzf because there was an issue with the default path (/home/airflow/.cache/matplotlib); it is highly recommended to set the MPLCONFIGDIR environment variable to a writable directory, in particular to speed up the import of Matplotlib and to better support multiprocessing.
[2025-02-07T08:08:43.010+0000] {logging_mixin.py:190} INFO - [2025-02-07T08:08:43.010+0000] {font_manager.py:1639} INFO - generated new fontManager
[2025-02-07T08:08:43.486+0000] {processor.py:925} INFO - DAG(s) 'ecobalyse_dag' retrieved from /opt/airflow/dags/data_transformations.py
[2025-02-07T08:08:43.499+0000] {logging_mixin.py:190} INFO - [2025-02-07T08:08:43.499+0000] {dag.py:3239} INFO - Sync 1 DAGs
[2025-02-07T08:08:43.513+0000] {logging_mixin.py:190} INFO - [2025-02-07T08:08:43.513+0000] {dag.py:4180} INFO - Setting next_dagrun for ecobalyse_dag to 2025-02-07 00:00:00+00:00, run_after=2025-02-08 00:00:00+00:00
[2025-02-07T08:08:43.523+0000] {processor.py:208} INFO - Processing /opt/airflow/dags/data_transformations.py took 0.808 seconds
[2025-02-07T08:09:13.810+0000] {processor.py:186} INFO - Started process (PID=1557) to work on /opt/airflow/dags/data_transformations.py
[2025-02-07T08:09:13.810+0000] {processor.py:914} INFO - Processing file /opt/airflow/dags/data_transformations.py for tasks to queue
[2025-02-07T08:09:13.812+0000] {logging_mixin.py:190} INFO - [2025-02-07T08:09:13.811+0000] {dagbag.py:588} INFO - Filling up the DagBag from /opt/airflow/dags/data_transformations.py
[2025-02-07T08:09:14.011+0000] {logging_mixin.py:190} INFO - [2025-02-07T08:09:14.011+0000] {__init__.py:534} WARNING - mkdir -p failed for path /home/airflow/.cache/matplotlib: [Errno 13] Permission denied: '/home/airflow/.cache/matplotlib'
[2025-02-07T08:09:14.011+0000] {logging_mixin.py:190} INFO - [2025-02-07T08:09:14.011+0000] {__init__.py:551} WARNING - Matplotlib created a temporary cache directory at /tmp/matplotlib-_9r796u1 because there was an issue with the default path (/home/airflow/.cache/matplotlib); it is highly recommended to set the MPLCONFIGDIR environment variable to a writable directory, in particular to speed up the import of Matplotlib and to better support multiprocessing.
[2025-02-07T08:09:14.102+0000] {logging_mixin.py:190} INFO - [2025-02-07T08:09:14.102+0000] {font_manager.py:1639} INFO - generated new fontManager
[2025-02-07T08:09:14.578+0000] {processor.py:925} INFO - DAG(s) 'ecobalyse_dag' retrieved from /opt/airflow/dags/data_transformations.py
[2025-02-07T08:09:14.591+0000] {logging_mixin.py:190} INFO - [2025-02-07T08:09:14.591+0000] {dag.py:3239} INFO - Sync 1 DAGs
[2025-02-07T08:09:14.603+0000] {logging_mixin.py:190} INFO - [2025-02-07T08:09:14.603+0000] {dag.py:4180} INFO - Setting next_dagrun for ecobalyse_dag to 2025-02-07 00:00:00+00:00, run_after=2025-02-08 00:00:00+00:00
[2025-02-07T08:09:14.612+0000] {processor.py:208} INFO - Processing /opt/airflow/dags/data_transformations.py took 0.806 seconds
[2025-02-07T08:09:44.981+0000] {processor.py:186} INFO - Started process (PID=1647) to work on /opt/airflow/dags/data_transformations.py
[2025-02-07T08:09:44.982+0000] {processor.py:914} INFO - Processing file /opt/airflow/dags/data_transformations.py for tasks to queue
[2025-02-07T08:09:44.983+0000] {logging_mixin.py:190} INFO - [2025-02-07T08:09:44.983+0000] {dagbag.py:588} INFO - Filling up the DagBag from /opt/airflow/dags/data_transformations.py
[2025-02-07T08:09:45.241+0000] {logging_mixin.py:190} INFO - [2025-02-07T08:09:45.241+0000] {__init__.py:534} WARNING - mkdir -p failed for path /home/airflow/.cache/matplotlib: [Errno 13] Permission denied: '/home/airflow/.cache/matplotlib'
[2025-02-07T08:09:45.241+0000] {logging_mixin.py:190} INFO - [2025-02-07T08:09:45.241+0000] {__init__.py:551} WARNING - Matplotlib created a temporary cache directory at /tmp/matplotlib-nqdjhla5 because there was an issue with the default path (/home/airflow/.cache/matplotlib); it is highly recommended to set the MPLCONFIGDIR environment variable to a writable directory, in particular to speed up the import of Matplotlib and to better support multiprocessing.
[2025-02-07T08:09:45.333+0000] {logging_mixin.py:190} INFO - [2025-02-07T08:09:45.333+0000] {font_manager.py:1639} INFO - generated new fontManager
[2025-02-07T08:09:45.819+0000] {processor.py:925} INFO - DAG(s) 'ecobalyse_dag' retrieved from /opt/airflow/dags/data_transformations.py
[2025-02-07T08:09:45.831+0000] {logging_mixin.py:190} INFO - [2025-02-07T08:09:45.831+0000] {dag.py:3239} INFO - Sync 1 DAGs
[2025-02-07T08:09:45.845+0000] {logging_mixin.py:190} INFO - [2025-02-07T08:09:45.845+0000] {dag.py:4180} INFO - Setting next_dagrun for ecobalyse_dag to 2025-02-07 00:00:00+00:00, run_after=2025-02-08 00:00:00+00:00
[2025-02-07T08:09:45.857+0000] {processor.py:208} INFO - Processing /opt/airflow/dags/data_transformations.py took 0.880 seconds
[2025-02-07T08:10:16.345+0000] {processor.py:186} INFO - Started process (PID=1736) to work on /opt/airflow/dags/data_transformations.py
[2025-02-07T08:10:16.345+0000] {processor.py:914} INFO - Processing file /opt/airflow/dags/data_transformations.py for tasks to queue
[2025-02-07T08:10:16.347+0000] {logging_mixin.py:190} INFO - [2025-02-07T08:10:16.347+0000] {dagbag.py:588} INFO - Filling up the DagBag from /opt/airflow/dags/data_transformations.py
[2025-02-07T08:10:16.548+0000] {logging_mixin.py:190} INFO - [2025-02-07T08:10:16.548+0000] {__init__.py:534} WARNING - mkdir -p failed for path /home/airflow/.cache/matplotlib: [Errno 13] Permission denied: '/home/airflow/.cache/matplotlib'
[2025-02-07T08:10:16.548+0000] {logging_mixin.py:190} INFO - [2025-02-07T08:10:16.548+0000] {__init__.py:551} WARNING - Matplotlib created a temporary cache directory at /tmp/matplotlib-snnofe1j because there was an issue with the default path (/home/airflow/.cache/matplotlib); it is highly recommended to set the MPLCONFIGDIR environment variable to a writable directory, in particular to speed up the import of Matplotlib and to better support multiprocessing.
[2025-02-07T08:10:16.639+0000] {logging_mixin.py:190} INFO - [2025-02-07T08:10:16.639+0000] {font_manager.py:1639} INFO - generated new fontManager
[2025-02-07T08:10:17.122+0000] {processor.py:925} INFO - DAG(s) 'ecobalyse_dag' retrieved from /opt/airflow/dags/data_transformations.py
[2025-02-07T08:10:17.136+0000] {logging_mixin.py:190} INFO - [2025-02-07T08:10:17.135+0000] {dag.py:3239} INFO - Sync 1 DAGs
[2025-02-07T08:10:17.149+0000] {logging_mixin.py:190} INFO - [2025-02-07T08:10:17.149+0000] {dag.py:4180} INFO - Setting next_dagrun for ecobalyse_dag to 2025-02-07 00:00:00+00:00, run_after=2025-02-08 00:00:00+00:00
[2025-02-07T08:10:17.158+0000] {processor.py:208} INFO - Processing /opt/airflow/dags/data_transformations.py took 0.818 seconds
[2025-02-07T08:10:47.236+0000] {processor.py:186} INFO - Started process (PID=1829) to work on /opt/airflow/dags/data_transformations.py
[2025-02-07T08:10:47.238+0000] {processor.py:914} INFO - Processing file /opt/airflow/dags/data_transformations.py for tasks to queue
[2025-02-07T08:10:47.240+0000] {logging_mixin.py:190} INFO - [2025-02-07T08:10:47.240+0000] {dagbag.py:588} INFO - Filling up the DagBag from /opt/airflow/dags/data_transformations.py
[2025-02-07T08:10:47.453+0000] {logging_mixin.py:190} INFO - [2025-02-07T08:10:47.453+0000] {__init__.py:534} WARNING - mkdir -p failed for path /home/airflow/.cache/matplotlib: [Errno 13] Permission denied: '/home/airflow/.cache/matplotlib'
[2025-02-07T08:10:47.454+0000] {logging_mixin.py:190} INFO - [2025-02-07T08:10:47.454+0000] {__init__.py:551} WARNING - Matplotlib created a temporary cache directory at /tmp/matplotlib-dfebkcgz because there was an issue with the default path (/home/airflow/.cache/matplotlib); it is highly recommended to set the MPLCONFIGDIR environment variable to a writable directory, in particular to speed up the import of Matplotlib and to better support multiprocessing.
[2025-02-07T08:10:47.544+0000] {logging_mixin.py:190} INFO - [2025-02-07T08:10:47.544+0000] {font_manager.py:1639} INFO - generated new fontManager
[2025-02-07T08:10:48.006+0000] {processor.py:925} INFO - DAG(s) 'ecobalyse_dag' retrieved from /opt/airflow/dags/data_transformations.py
[2025-02-07T08:10:48.026+0000] {logging_mixin.py:190} INFO - [2025-02-07T08:10:48.026+0000] {dag.py:3239} INFO - Sync 1 DAGs
[2025-02-07T08:10:48.051+0000] {logging_mixin.py:190} INFO - [2025-02-07T08:10:48.050+0000] {dag.py:4180} INFO - Setting next_dagrun for ecobalyse_dag to 2025-02-07 00:00:00+00:00, run_after=2025-02-08 00:00:00+00:00
[2025-02-07T08:10:48.069+0000] {processor.py:208} INFO - Processing /opt/airflow/dags/data_transformations.py took 0.842 seconds
[2025-02-07T08:11:18.501+0000] {processor.py:186} INFO - Started process (PID=1914) to work on /opt/airflow/dags/data_transformations.py
[2025-02-07T08:11:18.503+0000] {processor.py:914} INFO - Processing file /opt/airflow/dags/data_transformations.py for tasks to queue
[2025-02-07T08:11:18.505+0000] {logging_mixin.py:190} INFO - [2025-02-07T08:11:18.504+0000] {dagbag.py:588} INFO - Filling up the DagBag from /opt/airflow/dags/data_transformations.py
[2025-02-07T08:11:18.698+0000] {logging_mixin.py:190} INFO - [2025-02-07T08:11:18.698+0000] {__init__.py:534} WARNING - mkdir -p failed for path /home/airflow/.cache/matplotlib: [Errno 13] Permission denied: '/home/airflow/.cache/matplotlib'
[2025-02-07T08:11:18.699+0000] {logging_mixin.py:190} INFO - [2025-02-07T08:11:18.699+0000] {__init__.py:551} WARNING - Matplotlib created a temporary cache directory at /tmp/matplotlib-8k9yfb9a because there was an issue with the default path (/home/airflow/.cache/matplotlib); it is highly recommended to set the MPLCONFIGDIR environment variable to a writable directory, in particular to speed up the import of Matplotlib and to better support multiprocessing.
[2025-02-07T08:11:18.788+0000] {logging_mixin.py:190} INFO - [2025-02-07T08:11:18.788+0000] {font_manager.py:1639} INFO - generated new fontManager
[2025-02-07T08:11:19.248+0000] {processor.py:925} INFO - DAG(s) 'ecobalyse_dag' retrieved from /opt/airflow/dags/data_transformations.py
[2025-02-07T08:11:19.260+0000] {logging_mixin.py:190} INFO - [2025-02-07T08:11:19.260+0000] {dag.py:3239} INFO - Sync 1 DAGs
[2025-02-07T08:11:19.272+0000] {logging_mixin.py:190} INFO - [2025-02-07T08:11:19.272+0000] {dag.py:4180} INFO - Setting next_dagrun for ecobalyse_dag to 2025-02-07 00:00:00+00:00, run_after=2025-02-08 00:00:00+00:00
[2025-02-07T08:11:19.282+0000] {processor.py:208} INFO - Processing /opt/airflow/dags/data_transformations.py took 0.786 seconds
[2025-02-07T08:11:49.613+0000] {processor.py:186} INFO - Started process (PID=1999) to work on /opt/airflow/dags/data_transformations.py
[2025-02-07T08:11:49.614+0000] {processor.py:914} INFO - Processing file /opt/airflow/dags/data_transformations.py for tasks to queue
[2025-02-07T08:11:49.616+0000] {logging_mixin.py:190} INFO - [2025-02-07T08:11:49.616+0000] {dagbag.py:588} INFO - Filling up the DagBag from /opt/airflow/dags/data_transformations.py
[2025-02-07T08:11:49.832+0000] {logging_mixin.py:190} INFO - [2025-02-07T08:11:49.832+0000] {__init__.py:534} WARNING - mkdir -p failed for path /home/airflow/.cache/matplotlib: [Errno 13] Permission denied: '/home/airflow/.cache/matplotlib'
[2025-02-07T08:11:49.833+0000] {logging_mixin.py:190} INFO - [2025-02-07T08:11:49.833+0000] {__init__.py:551} WARNING - Matplotlib created a temporary cache directory at /tmp/matplotlib-rbeaa7km because there was an issue with the default path (/home/airflow/.cache/matplotlib); it is highly recommended to set the MPLCONFIGDIR environment variable to a writable directory, in particular to speed up the import of Matplotlib and to better support multiprocessing.
[2025-02-07T08:11:49.924+0000] {logging_mixin.py:190} INFO - [2025-02-07T08:11:49.924+0000] {font_manager.py:1639} INFO - generated new fontManager
[2025-02-07T08:11:50.397+0000] {processor.py:925} INFO - DAG(s) 'ecobalyse_dag' retrieved from /opt/airflow/dags/data_transformations.py
[2025-02-07T08:11:50.416+0000] {logging_mixin.py:190} INFO - [2025-02-07T08:11:50.415+0000] {dag.py:3239} INFO - Sync 1 DAGs
[2025-02-07T08:11:50.436+0000] {logging_mixin.py:190} INFO - [2025-02-07T08:11:50.435+0000] {dag.py:4180} INFO - Setting next_dagrun for ecobalyse_dag to 2025-02-07 00:00:00+00:00, run_after=2025-02-08 00:00:00+00:00
[2025-02-07T08:11:50.456+0000] {processor.py:208} INFO - Processing /opt/airflow/dags/data_transformations.py took 0.848 seconds
[2025-02-07T08:12:20.715+0000] {processor.py:186} INFO - Started process (PID=2084) to work on /opt/airflow/dags/data_transformations.py
[2025-02-07T08:12:20.717+0000] {processor.py:914} INFO - Processing file /opt/airflow/dags/data_transformations.py for tasks to queue
[2025-02-07T08:12:20.719+0000] {logging_mixin.py:190} INFO - [2025-02-07T08:12:20.718+0000] {dagbag.py:588} INFO - Filling up the DagBag from /opt/airflow/dags/data_transformations.py
[2025-02-07T08:12:20.909+0000] {logging_mixin.py:190} INFO - [2025-02-07T08:12:20.908+0000] {__init__.py:534} WARNING - mkdir -p failed for path /home/airflow/.cache/matplotlib: [Errno 13] Permission denied: '/home/airflow/.cache/matplotlib'
[2025-02-07T08:12:20.909+0000] {logging_mixin.py:190} INFO - [2025-02-07T08:12:20.909+0000] {__init__.py:551} WARNING - Matplotlib created a temporary cache directory at /tmp/matplotlib-0lyp8i6s because there was an issue with the default path (/home/airflow/.cache/matplotlib); it is highly recommended to set the MPLCONFIGDIR environment variable to a writable directory, in particular to speed up the import of Matplotlib and to better support multiprocessing.
[2025-02-07T08:12:20.999+0000] {logging_mixin.py:190} INFO - [2025-02-07T08:12:20.999+0000] {font_manager.py:1639} INFO - generated new fontManager
[2025-02-07T08:12:21.470+0000] {processor.py:925} INFO - DAG(s) 'ecobalyse_dag' retrieved from /opt/airflow/dags/data_transformations.py
[2025-02-07T08:12:21.615+0000] {logging_mixin.py:190} INFO - [2025-02-07T08:12:21.615+0000] {dag.py:3239} INFO - Sync 1 DAGs
[2025-02-07T08:12:21.630+0000] {logging_mixin.py:190} INFO - [2025-02-07T08:12:21.630+0000] {dag.py:4180} INFO - Setting next_dagrun for ecobalyse_dag to 2025-02-07 00:00:00+00:00, run_after=2025-02-08 00:00:00+00:00
[2025-02-07T08:12:21.641+0000] {processor.py:208} INFO - Processing /opt/airflow/dags/data_transformations.py took 0.931 seconds
[2025-02-07T08:12:52.021+0000] {processor.py:186} INFO - Started process (PID=2169) to work on /opt/airflow/dags/data_transformations.py
[2025-02-07T08:12:52.023+0000] {processor.py:914} INFO - Processing file /opt/airflow/dags/data_transformations.py for tasks to queue
[2025-02-07T08:12:52.024+0000] {logging_mixin.py:190} INFO - [2025-02-07T08:12:52.024+0000] {dagbag.py:588} INFO - Filling up the DagBag from /opt/airflow/dags/data_transformations.py
[2025-02-07T08:12:52.210+0000] {logging_mixin.py:190} INFO - [2025-02-07T08:12:52.210+0000] {__init__.py:534} WARNING - mkdir -p failed for path /home/airflow/.cache/matplotlib: [Errno 13] Permission denied: '/home/airflow/.cache/matplotlib'
[2025-02-07T08:12:52.211+0000] {logging_mixin.py:190} INFO - [2025-02-07T08:12:52.211+0000] {__init__.py:551} WARNING - Matplotlib created a temporary cache directory at /tmp/matplotlib-l5uias84 because there was an issue with the default path (/home/airflow/.cache/matplotlib); it is highly recommended to set the MPLCONFIGDIR environment variable to a writable directory, in particular to speed up the import of Matplotlib and to better support multiprocessing.
[2025-02-07T08:12:52.303+0000] {logging_mixin.py:190} INFO - [2025-02-07T08:12:52.303+0000] {font_manager.py:1639} INFO - generated new fontManager
[2025-02-07T08:12:52.852+0000] {processor.py:925} INFO - DAG(s) 'ecobalyse_dag' retrieved from /opt/airflow/dags/data_transformations.py
[2025-02-07T08:12:52.877+0000] {logging_mixin.py:190} INFO - [2025-02-07T08:12:52.877+0000] {dag.py:3239} INFO - Sync 1 DAGs
[2025-02-07T08:12:52.894+0000] {logging_mixin.py:190} INFO - [2025-02-07T08:12:52.893+0000] {dag.py:4180} INFO - Setting next_dagrun for ecobalyse_dag to 2025-02-07 00:00:00+00:00, run_after=2025-02-08 00:00:00+00:00
[2025-02-07T08:12:52.907+0000] {processor.py:208} INFO - Processing /opt/airflow/dags/data_transformations.py took 0.891 seconds
[2025-02-07T08:13:23.589+0000] {processor.py:186} INFO - Started process (PID=2254) to work on /opt/airflow/dags/data_transformations.py
[2025-02-07T08:13:23.591+0000] {processor.py:914} INFO - Processing file /opt/airflow/dags/data_transformations.py for tasks to queue
[2025-02-07T08:13:23.593+0000] {logging_mixin.py:190} INFO - [2025-02-07T08:13:23.592+0000] {dagbag.py:588} INFO - Filling up the DagBag from /opt/airflow/dags/data_transformations.py
[2025-02-07T08:13:23.815+0000] {logging_mixin.py:190} INFO - [2025-02-07T08:13:23.815+0000] {__init__.py:534} WARNING - mkdir -p failed for path /home/airflow/.cache/matplotlib: [Errno 13] Permission denied: '/home/airflow/.cache/matplotlib'
[2025-02-07T08:13:23.815+0000] {logging_mixin.py:190} INFO - [2025-02-07T08:13:23.815+0000] {__init__.py:551} WARNING - Matplotlib created a temporary cache directory at /tmp/matplotlib-2czglt4g because there was an issue with the default path (/home/airflow/.cache/matplotlib); it is highly recommended to set the MPLCONFIGDIR environment variable to a writable directory, in particular to speed up the import of Matplotlib and to better support multiprocessing.
[2025-02-07T08:13:23.905+0000] {logging_mixin.py:190} INFO - [2025-02-07T08:13:23.904+0000] {font_manager.py:1639} INFO - generated new fontManager
[2025-02-07T08:13:24.480+0000] {processor.py:925} INFO - DAG(s) 'ecobalyse_dag' retrieved from /opt/airflow/dags/data_transformations.py
[2025-02-07T08:13:24.491+0000] {logging_mixin.py:190} INFO - [2025-02-07T08:13:24.491+0000] {dag.py:3239} INFO - Sync 1 DAGs
[2025-02-07T08:13:24.502+0000] {logging_mixin.py:190} INFO - [2025-02-07T08:13:24.502+0000] {dag.py:4180} INFO - Setting next_dagrun for ecobalyse_dag to 2025-02-07 00:00:00+00:00, run_after=2025-02-08 00:00:00+00:00
[2025-02-07T08:13:24.510+0000] {processor.py:208} INFO - Processing /opt/airflow/dags/data_transformations.py took 0.926 seconds
[2025-02-07T08:13:54.637+0000] {processor.py:186} INFO - Started process (PID=2340) to work on /opt/airflow/dags/data_transformations.py
[2025-02-07T08:13:54.638+0000] {processor.py:914} INFO - Processing file /opt/airflow/dags/data_transformations.py for tasks to queue
[2025-02-07T08:13:54.639+0000] {logging_mixin.py:190} INFO - [2025-02-07T08:13:54.639+0000] {dagbag.py:588} INFO - Filling up the DagBag from /opt/airflow/dags/data_transformations.py
[2025-02-07T08:13:54.847+0000] {logging_mixin.py:190} INFO - [2025-02-07T08:13:54.847+0000] {__init__.py:534} WARNING - mkdir -p failed for path /home/airflow/.cache/matplotlib: [Errno 13] Permission denied: '/home/airflow/.cache/matplotlib'
[2025-02-07T08:13:54.848+0000] {logging_mixin.py:190} INFO - [2025-02-07T08:13:54.848+0000] {__init__.py:551} WARNING - Matplotlib created a temporary cache directory at /tmp/matplotlib-ds8h8m8y because there was an issue with the default path (/home/airflow/.cache/matplotlib); it is highly recommended to set the MPLCONFIGDIR environment variable to a writable directory, in particular to speed up the import of Matplotlib and to better support multiprocessing.
[2025-02-07T08:13:54.938+0000] {logging_mixin.py:190} INFO - [2025-02-07T08:13:54.938+0000] {font_manager.py:1639} INFO - generated new fontManager
[2025-02-07T08:13:55.492+0000] {processor.py:925} INFO - DAG(s) 'ecobalyse_dag' retrieved from /opt/airflow/dags/data_transformations.py
[2025-02-07T08:13:55.510+0000] {logging_mixin.py:190} INFO - [2025-02-07T08:13:55.510+0000] {dag.py:3239} INFO - Sync 1 DAGs
[2025-02-07T08:13:55.522+0000] {logging_mixin.py:190} INFO - [2025-02-07T08:13:55.522+0000] {dag.py:4180} INFO - Setting next_dagrun for ecobalyse_dag to 2025-02-07 00:00:00+00:00, run_after=2025-02-08 00:00:00+00:00
[2025-02-07T08:13:55.532+0000] {processor.py:208} INFO - Processing /opt/airflow/dags/data_transformations.py took 0.898 seconds
[2025-02-07T08:14:25.858+0000] {processor.py:186} INFO - Started process (PID=2426) to work on /opt/airflow/dags/data_transformations.py
[2025-02-07T08:14:25.858+0000] {processor.py:914} INFO - Processing file /opt/airflow/dags/data_transformations.py for tasks to queue
[2025-02-07T08:14:25.859+0000] {logging_mixin.py:190} INFO - [2025-02-07T08:14:25.859+0000] {dagbag.py:588} INFO - Filling up the DagBag from /opt/airflow/dags/data_transformations.py
[2025-02-07T08:14:26.048+0000] {logging_mixin.py:190} INFO - [2025-02-07T08:14:26.048+0000] {__init__.py:534} WARNING - mkdir -p failed for path /home/airflow/.cache/matplotlib: [Errno 13] Permission denied: '/home/airflow/.cache/matplotlib'
[2025-02-07T08:14:26.049+0000] {logging_mixin.py:190} INFO - [2025-02-07T08:14:26.048+0000] {__init__.py:551} WARNING - Matplotlib created a temporary cache directory at /tmp/matplotlib-ug_tjc_0 because there was an issue with the default path (/home/airflow/.cache/matplotlib); it is highly recommended to set the MPLCONFIGDIR environment variable to a writable directory, in particular to speed up the import of Matplotlib and to better support multiprocessing.
[2025-02-07T08:14:26.138+0000] {logging_mixin.py:190} INFO - [2025-02-07T08:14:26.138+0000] {font_manager.py:1639} INFO - generated new fontManager
[2025-02-07T08:14:26.701+0000] {processor.py:925} INFO - DAG(s) 'ecobalyse_dag' retrieved from /opt/airflow/dags/data_transformations.py
[2025-02-07T08:14:26.715+0000] {logging_mixin.py:190} INFO - [2025-02-07T08:14:26.714+0000] {dag.py:3239} INFO - Sync 1 DAGs
[2025-02-07T08:14:26.730+0000] {logging_mixin.py:190} INFO - [2025-02-07T08:14:26.729+0000] {dag.py:4180} INFO - Setting next_dagrun for ecobalyse_dag to 2025-02-07 00:00:00+00:00, run_after=2025-02-08 00:00:00+00:00
[2025-02-07T08:14:26.740+0000] {processor.py:208} INFO - Processing /opt/airflow/dags/data_transformations.py took 0.885 seconds
[2025-02-07T08:14:57.540+0000] {processor.py:186} INFO - Started process (PID=2511) to work on /opt/airflow/dags/data_transformations.py
[2025-02-07T08:14:57.543+0000] {processor.py:914} INFO - Processing file /opt/airflow/dags/data_transformations.py for tasks to queue
[2025-02-07T08:14:57.546+0000] {logging_mixin.py:190} INFO - [2025-02-07T08:14:57.545+0000] {dagbag.py:588} INFO - Filling up the DagBag from /opt/airflow/dags/data_transformations.py
[2025-02-07T08:14:57.747+0000] {logging_mixin.py:190} INFO - [2025-02-07T08:14:57.747+0000] {__init__.py:534} WARNING - mkdir -p failed for path /home/airflow/.cache/matplotlib: [Errno 13] Permission denied: '/home/airflow/.cache/matplotlib'
[2025-02-07T08:14:57.748+0000] {logging_mixin.py:190} INFO - [2025-02-07T08:14:57.748+0000] {__init__.py:551} WARNING - Matplotlib created a temporary cache directory at /tmp/matplotlib-g14icvo2 because there was an issue with the default path (/home/airflow/.cache/matplotlib); it is highly recommended to set the MPLCONFIGDIR environment variable to a writable directory, in particular to speed up the import of Matplotlib and to better support multiprocessing.
[2025-02-07T08:14:57.838+0000] {logging_mixin.py:190} INFO - [2025-02-07T08:14:57.838+0000] {font_manager.py:1639} INFO - generated new fontManager
[2025-02-07T08:14:58.416+0000] {processor.py:925} INFO - DAG(s) 'ecobalyse_dag' retrieved from /opt/airflow/dags/data_transformations.py
[2025-02-07T08:14:58.429+0000] {logging_mixin.py:190} INFO - [2025-02-07T08:14:58.429+0000] {dag.py:3239} INFO - Sync 1 DAGs
[2025-02-07T08:14:58.442+0000] {logging_mixin.py:190} INFO - [2025-02-07T08:14:58.442+0000] {dag.py:4180} INFO - Setting next_dagrun for ecobalyse_dag to 2025-02-07 00:00:00+00:00, run_after=2025-02-08 00:00:00+00:00
[2025-02-07T08:14:58.452+0000] {processor.py:208} INFO - Processing /opt/airflow/dags/data_transformations.py took 0.918 seconds
[2025-02-07T08:15:28.777+0000] {processor.py:186} INFO - Started process (PID=2602) to work on /opt/airflow/dags/data_transformations.py
[2025-02-07T08:15:28.780+0000] {processor.py:914} INFO - Processing file /opt/airflow/dags/data_transformations.py for tasks to queue
[2025-02-07T08:15:28.782+0000] {logging_mixin.py:190} INFO - [2025-02-07T08:15:28.782+0000] {dagbag.py:588} INFO - Filling up the DagBag from /opt/airflow/dags/data_transformations.py
[2025-02-07T08:15:28.985+0000] {logging_mixin.py:190} INFO - [2025-02-07T08:15:28.985+0000] {__init__.py:534} WARNING - mkdir -p failed for path /home/airflow/.cache/matplotlib: [Errno 13] Permission denied: '/home/airflow/.cache/matplotlib'
[2025-02-07T08:15:28.985+0000] {logging_mixin.py:190} INFO - [2025-02-07T08:15:28.985+0000] {__init__.py:551} WARNING - Matplotlib created a temporary cache directory at /tmp/matplotlib-7_0rugj2 because there was an issue with the default path (/home/airflow/.cache/matplotlib); it is highly recommended to set the MPLCONFIGDIR environment variable to a writable directory, in particular to speed up the import of Matplotlib and to better support multiprocessing.
[2025-02-07T08:15:29.075+0000] {logging_mixin.py:190} INFO - [2025-02-07T08:15:29.075+0000] {font_manager.py:1639} INFO - generated new fontManager
[2025-02-07T08:15:29.621+0000] {processor.py:925} INFO - DAG(s) 'ecobalyse_dag' retrieved from /opt/airflow/dags/data_transformations.py
[2025-02-07T08:15:29.640+0000] {logging_mixin.py:190} INFO - [2025-02-07T08:15:29.639+0000] {dag.py:3239} INFO - Sync 1 DAGs
[2025-02-07T08:15:29.665+0000] {logging_mixin.py:190} INFO - [2025-02-07T08:15:29.664+0000] {dag.py:4180} INFO - Setting next_dagrun for ecobalyse_dag to 2025-02-07 00:00:00+00:00, run_after=2025-02-08 00:00:00+00:00
[2025-02-07T08:15:29.685+0000] {processor.py:208} INFO - Processing /opt/airflow/dags/data_transformations.py took 0.915 seconds
[2025-02-07T08:15:59.905+0000] {processor.py:186} INFO - Started process (PID=2687) to work on /opt/airflow/dags/data_transformations.py
[2025-02-07T08:15:59.908+0000] {processor.py:914} INFO - Processing file /opt/airflow/dags/data_transformations.py for tasks to queue
[2025-02-07T08:15:59.910+0000] {logging_mixin.py:190} INFO - [2025-02-07T08:15:59.909+0000] {dagbag.py:588} INFO - Filling up the DagBag from /opt/airflow/dags/data_transformations.py
[2025-02-07T08:15:59.997+0000] {logging_mixin.py:190} INFO - [2025-02-07T08:15:59.997+0000] {__init__.py:534} WARNING - mkdir -p failed for path /home/airflow/.cache/matplotlib: [Errno 13] Permission denied: '/home/airflow/.cache/matplotlib'
[2025-02-07T08:15:59.997+0000] {logging_mixin.py:190} INFO - [2025-02-07T08:15:59.997+0000] {__init__.py:551} WARNING - Matplotlib created a temporary cache directory at /tmp/matplotlib-fwdabhc1 because there was an issue with the default path (/home/airflow/.cache/matplotlib); it is highly recommended to set the MPLCONFIGDIR environment variable to a writable directory, in particular to speed up the import of Matplotlib and to better support multiprocessing.
[2025-02-07T08:16:00.088+0000] {logging_mixin.py:190} INFO - [2025-02-07T08:16:00.087+0000] {font_manager.py:1639} INFO - generated new fontManager
[2025-02-07T08:16:00.670+0000] {processor.py:925} INFO - DAG(s) 'ecobalyse_dag' retrieved from /opt/airflow/dags/data_transformations.py
[2025-02-07T08:16:00.681+0000] {logging_mixin.py:190} INFO - [2025-02-07T08:16:00.681+0000] {dag.py:3239} INFO - Sync 1 DAGs
[2025-02-07T08:16:00.693+0000] {logging_mixin.py:190} INFO - [2025-02-07T08:16:00.693+0000] {dag.py:4180} INFO - Setting next_dagrun for ecobalyse_dag to 2025-02-07 00:00:00+00:00, run_after=2025-02-08 00:00:00+00:00
[2025-02-07T08:16:00.702+0000] {processor.py:208} INFO - Processing /opt/airflow/dags/data_transformations.py took 0.804 seconds
[2025-02-07T08:16:31.219+0000] {processor.py:186} INFO - Started process (PID=2772) to work on /opt/airflow/dags/data_transformations.py
[2025-02-07T08:16:31.221+0000] {processor.py:914} INFO - Processing file /opt/airflow/dags/data_transformations.py for tasks to queue
[2025-02-07T08:16:31.223+0000] {logging_mixin.py:190} INFO - [2025-02-07T08:16:31.223+0000] {dagbag.py:588} INFO - Filling up the DagBag from /opt/airflow/dags/data_transformations.py
[2025-02-07T08:16:31.312+0000] {logging_mixin.py:190} INFO - [2025-02-07T08:16:31.312+0000] {__init__.py:534} WARNING - mkdir -p failed for path /home/airflow/.cache/matplotlib: [Errno 13] Permission denied: '/home/airflow/.cache/matplotlib'
[2025-02-07T08:16:31.312+0000] {logging_mixin.py:190} INFO - [2025-02-07T08:16:31.312+0000] {__init__.py:551} WARNING - Matplotlib created a temporary cache directory at /tmp/matplotlib-34vsqok2 because there was an issue with the default path (/home/airflow/.cache/matplotlib); it is highly recommended to set the MPLCONFIGDIR environment variable to a writable directory, in particular to speed up the import of Matplotlib and to better support multiprocessing.
[2025-02-07T08:16:31.404+0000] {logging_mixin.py:190} INFO - [2025-02-07T08:16:31.404+0000] {font_manager.py:1639} INFO - generated new fontManager
[2025-02-07T08:16:32.000+0000] {processor.py:925} INFO - DAG(s) 'ecobalyse_dag' retrieved from /opt/airflow/dags/data_transformations.py
[2025-02-07T08:16:32.018+0000] {logging_mixin.py:190} INFO - [2025-02-07T08:16:32.017+0000] {dag.py:3239} INFO - Sync 1 DAGs
[2025-02-07T08:16:32.041+0000] {logging_mixin.py:190} INFO - [2025-02-07T08:16:32.041+0000] {dag.py:4180} INFO - Setting next_dagrun for ecobalyse_dag to 2025-02-07 00:00:00+00:00, run_after=2025-02-08 00:00:00+00:00
[2025-02-07T08:16:32.052+0000] {processor.py:208} INFO - Processing /opt/airflow/dags/data_transformations.py took 0.838 seconds
[2025-02-07T08:17:02.126+0000] {processor.py:186} INFO - Started process (PID=2857) to work on /opt/airflow/dags/data_transformations.py
[2025-02-07T08:17:02.129+0000] {processor.py:914} INFO - Processing file /opt/airflow/dags/data_transformations.py for tasks to queue
[2025-02-07T08:17:02.131+0000] {logging_mixin.py:190} INFO - [2025-02-07T08:17:02.130+0000] {dagbag.py:588} INFO - Filling up the DagBag from /opt/airflow/dags/data_transformations.py
[2025-02-07T08:17:02.219+0000] {logging_mixin.py:190} INFO - [2025-02-07T08:17:02.219+0000] {__init__.py:534} WARNING - mkdir -p failed for path /home/airflow/.cache/matplotlib: [Errno 13] Permission denied: '/home/airflow/.cache/matplotlib'
[2025-02-07T08:17:02.219+0000] {logging_mixin.py:190} INFO - [2025-02-07T08:17:02.219+0000] {__init__.py:551} WARNING - Matplotlib created a temporary cache directory at /tmp/matplotlib-f91h6_a1 because there was an issue with the default path (/home/airflow/.cache/matplotlib); it is highly recommended to set the MPLCONFIGDIR environment variable to a writable directory, in particular to speed up the import of Matplotlib and to better support multiprocessing.
[2025-02-07T08:17:02.310+0000] {logging_mixin.py:190} INFO - [2025-02-07T08:17:02.310+0000] {font_manager.py:1639} INFO - generated new fontManager
[2025-02-07T08:17:02.913+0000] {processor.py:925} INFO - DAG(s) 'ecobalyse_dag' retrieved from /opt/airflow/dags/data_transformations.py
[2025-02-07T08:17:02.928+0000] {logging_mixin.py:190} INFO - [2025-02-07T08:17:02.927+0000] {dag.py:3239} INFO - Sync 1 DAGs
[2025-02-07T08:17:02.943+0000] {logging_mixin.py:190} INFO - [2025-02-07T08:17:02.943+0000] {dag.py:4180} INFO - Setting next_dagrun for ecobalyse_dag to 2025-02-07 00:00:00+00:00, run_after=2025-02-08 00:00:00+00:00
[2025-02-07T08:17:02.952+0000] {processor.py:208} INFO - Processing /opt/airflow/dags/data_transformations.py took 0.832 seconds
[2025-02-07T08:17:33.931+0000] {processor.py:186} INFO - Started process (PID=2942) to work on /opt/airflow/dags/data_transformations.py
[2025-02-07T08:17:33.933+0000] {processor.py:914} INFO - Processing file /opt/airflow/dags/data_transformations.py for tasks to queue
[2025-02-07T08:17:33.936+0000] {logging_mixin.py:190} INFO - [2025-02-07T08:17:33.936+0000] {dagbag.py:588} INFO - Filling up the DagBag from /opt/airflow/dags/data_transformations.py
[2025-02-07T08:17:34.026+0000] {logging_mixin.py:190} INFO - [2025-02-07T08:17:34.026+0000] {__init__.py:534} WARNING - mkdir -p failed for path /home/airflow/.cache/matplotlib: [Errno 13] Permission denied: '/home/airflow/.cache/matplotlib'
[2025-02-07T08:17:34.026+0000] {logging_mixin.py:190} INFO - [2025-02-07T08:17:34.026+0000] {__init__.py:551} WARNING - Matplotlib created a temporary cache directory at /tmp/matplotlib-f6j794b9 because there was an issue with the default path (/home/airflow/.cache/matplotlib); it is highly recommended to set the MPLCONFIGDIR environment variable to a writable directory, in particular to speed up the import of Matplotlib and to better support multiprocessing.
[2025-02-07T08:17:34.124+0000] {logging_mixin.py:190} INFO - [2025-02-07T08:17:34.124+0000] {font_manager.py:1639} INFO - generated new fontManager
[2025-02-07T08:17:34.713+0000] {processor.py:925} INFO - DAG(s) 'ecobalyse_dag' retrieved from /opt/airflow/dags/data_transformations.py
[2025-02-07T08:17:34.730+0000] {logging_mixin.py:190} INFO - [2025-02-07T08:17:34.729+0000] {dag.py:3239} INFO - Sync 1 DAGs
[2025-02-07T08:17:34.752+0000] {logging_mixin.py:190} INFO - [2025-02-07T08:17:34.752+0000] {dag.py:4180} INFO - Setting next_dagrun for ecobalyse_dag to 2025-02-07 00:00:00+00:00, run_after=2025-02-08 00:00:00+00:00
[2025-02-07T08:17:34.773+0000] {processor.py:208} INFO - Processing /opt/airflow/dags/data_transformations.py took 0.849 seconds
[2025-02-07T08:18:05.580+0000] {processor.py:186} INFO - Started process (PID=3027) to work on /opt/airflow/dags/data_transformations.py
[2025-02-07T08:18:05.582+0000] {processor.py:914} INFO - Processing file /opt/airflow/dags/data_transformations.py for tasks to queue
[2025-02-07T08:18:05.584+0000] {logging_mixin.py:190} INFO - [2025-02-07T08:18:05.584+0000] {dagbag.py:588} INFO - Filling up the DagBag from /opt/airflow/dags/data_transformations.py
[2025-02-07T08:18:05.673+0000] {logging_mixin.py:190} INFO - [2025-02-07T08:18:05.672+0000] {__init__.py:534} WARNING - mkdir -p failed for path /home/airflow/.cache/matplotlib: [Errno 13] Permission denied: '/home/airflow/.cache/matplotlib'
[2025-02-07T08:18:05.673+0000] {logging_mixin.py:190} INFO - [2025-02-07T08:18:05.673+0000] {__init__.py:551} WARNING - Matplotlib created a temporary cache directory at /tmp/matplotlib-ru6ywtgj because there was an issue with the default path (/home/airflow/.cache/matplotlib); it is highly recommended to set the MPLCONFIGDIR environment variable to a writable directory, in particular to speed up the import of Matplotlib and to better support multiprocessing.
[2025-02-07T08:18:05.762+0000] {logging_mixin.py:190} INFO - [2025-02-07T08:18:05.762+0000] {font_manager.py:1639} INFO - generated new fontManager
[2025-02-07T08:18:06.350+0000] {processor.py:925} INFO - DAG(s) 'ecobalyse_dag' retrieved from /opt/airflow/dags/data_transformations.py
[2025-02-07T08:18:06.372+0000] {logging_mixin.py:190} INFO - [2025-02-07T08:18:06.372+0000] {dag.py:3239} INFO - Sync 1 DAGs
[2025-02-07T08:18:06.391+0000] {logging_mixin.py:190} INFO - [2025-02-07T08:18:06.391+0000] {dag.py:4180} INFO - Setting next_dagrun for ecobalyse_dag to 2025-02-07 00:00:00+00:00, run_after=2025-02-08 00:00:00+00:00
[2025-02-07T08:18:06.404+0000] {processor.py:208} INFO - Processing /opt/airflow/dags/data_transformations.py took 0.830 seconds
[2025-02-07T08:18:36.466+0000] {processor.py:186} INFO - Started process (PID=3112) to work on /opt/airflow/dags/data_transformations.py
[2025-02-07T08:18:36.469+0000] {processor.py:914} INFO - Processing file /opt/airflow/dags/data_transformations.py for tasks to queue
[2025-02-07T08:18:36.471+0000] {logging_mixin.py:190} INFO - [2025-02-07T08:18:36.471+0000] {dagbag.py:588} INFO - Filling up the DagBag from /opt/airflow/dags/data_transformations.py
[2025-02-07T08:18:36.575+0000] {logging_mixin.py:190} INFO - [2025-02-07T08:18:36.575+0000] {__init__.py:534} WARNING - mkdir -p failed for path /home/airflow/.cache/matplotlib: [Errno 13] Permission denied: '/home/airflow/.cache/matplotlib'
[2025-02-07T08:18:36.576+0000] {logging_mixin.py:190} INFO - [2025-02-07T08:18:36.576+0000] {__init__.py:551} WARNING - Matplotlib created a temporary cache directory at /tmp/matplotlib-pjc9ms2d because there was an issue with the default path (/home/airflow/.cache/matplotlib); it is highly recommended to set the MPLCONFIGDIR environment variable to a writable directory, in particular to speed up the import of Matplotlib and to better support multiprocessing.
[2025-02-07T08:18:36.668+0000] {logging_mixin.py:190} INFO - [2025-02-07T08:18:36.667+0000] {font_manager.py:1639} INFO - generated new fontManager
[2025-02-07T08:18:37.253+0000] {processor.py:925} INFO - DAG(s) 'ecobalyse_dag' retrieved from /opt/airflow/dags/data_transformations.py
[2025-02-07T08:18:37.275+0000] {logging_mixin.py:190} INFO - [2025-02-07T08:18:37.275+0000] {dag.py:3239} INFO - Sync 1 DAGs
[2025-02-07T08:18:37.297+0000] {logging_mixin.py:190} INFO - [2025-02-07T08:18:37.297+0000] {dag.py:4180} INFO - Setting next_dagrun for ecobalyse_dag to 2025-02-07 00:00:00+00:00, run_after=2025-02-08 00:00:00+00:00
[2025-02-07T08:18:37.316+0000] {processor.py:208} INFO - Processing /opt/airflow/dags/data_transformations.py took 0.854 seconds
[2025-02-07T08:19:07.702+0000] {processor.py:186} INFO - Started process (PID=3197) to work on /opt/airflow/dags/data_transformations.py
[2025-02-07T08:19:07.704+0000] {processor.py:914} INFO - Processing file /opt/airflow/dags/data_transformations.py for tasks to queue
[2025-02-07T08:19:07.706+0000] {logging_mixin.py:190} INFO - [2025-02-07T08:19:07.706+0000] {dagbag.py:588} INFO - Filling up the DagBag from /opt/airflow/dags/data_transformations.py
[2025-02-07T08:19:07.792+0000] {logging_mixin.py:190} INFO - [2025-02-07T08:19:07.792+0000] {__init__.py:534} WARNING - mkdir -p failed for path /home/airflow/.cache/matplotlib: [Errno 13] Permission denied: '/home/airflow/.cache/matplotlib'
[2025-02-07T08:19:07.792+0000] {logging_mixin.py:190} INFO - [2025-02-07T08:19:07.792+0000] {__init__.py:551} WARNING - Matplotlib created a temporary cache directory at /tmp/matplotlib-q_bisdng because there was an issue with the default path (/home/airflow/.cache/matplotlib); it is highly recommended to set the MPLCONFIGDIR environment variable to a writable directory, in particular to speed up the import of Matplotlib and to better support multiprocessing.
[2025-02-07T08:19:07.882+0000] {logging_mixin.py:190} INFO - [2025-02-07T08:19:07.882+0000] {font_manager.py:1639} INFO - generated new fontManager
[2025-02-07T08:19:08.463+0000] {processor.py:925} INFO - DAG(s) 'ecobalyse_dag' retrieved from /opt/airflow/dags/data_transformations.py
[2025-02-07T08:19:08.478+0000] {logging_mixin.py:190} INFO - [2025-02-07T08:19:08.477+0000] {dag.py:3239} INFO - Sync 1 DAGs
[2025-02-07T08:19:08.489+0000] {logging_mixin.py:190} INFO - [2025-02-07T08:19:08.489+0000] {dag.py:4180} INFO - Setting next_dagrun for ecobalyse_dag to 2025-02-07 00:00:00+00:00, run_after=2025-02-08 00:00:00+00:00
[2025-02-07T08:19:08.499+0000] {processor.py:208} INFO - Processing /opt/airflow/dags/data_transformations.py took 0.803 seconds
[2025-02-07T08:19:38.892+0000] {processor.py:186} INFO - Started process (PID=3282) to work on /opt/airflow/dags/data_transformations.py
[2025-02-07T08:19:38.894+0000] {processor.py:914} INFO - Processing file /opt/airflow/dags/data_transformations.py for tasks to queue
[2025-02-07T08:19:38.896+0000] {logging_mixin.py:190} INFO - [2025-02-07T08:19:38.896+0000] {dagbag.py:588} INFO - Filling up the DagBag from /opt/airflow/dags/data_transformations.py
[2025-02-07T08:19:38.980+0000] {logging_mixin.py:190} INFO - [2025-02-07T08:19:38.980+0000] {__init__.py:534} WARNING - mkdir -p failed for path /home/airflow/.cache/matplotlib: [Errno 13] Permission denied: '/home/airflow/.cache/matplotlib'
[2025-02-07T08:19:38.981+0000] {logging_mixin.py:190} INFO - [2025-02-07T08:19:38.981+0000] {__init__.py:551} WARNING - Matplotlib created a temporary cache directory at /tmp/matplotlib-sr44ljza because there was an issue with the default path (/home/airflow/.cache/matplotlib); it is highly recommended to set the MPLCONFIGDIR environment variable to a writable directory, in particular to speed up the import of Matplotlib and to better support multiprocessing.
[2025-02-07T08:19:39.072+0000] {logging_mixin.py:190} INFO - [2025-02-07T08:19:39.072+0000] {font_manager.py:1639} INFO - generated new fontManager
[2025-02-07T08:19:39.688+0000] {processor.py:925} INFO - DAG(s) 'ecobalyse_dag' retrieved from /opt/airflow/dags/data_transformations.py
[2025-02-07T08:19:39.711+0000] {logging_mixin.py:190} INFO - [2025-02-07T08:19:39.710+0000] {dag.py:3239} INFO - Sync 1 DAGs
[2025-02-07T08:19:39.727+0000] {logging_mixin.py:190} INFO - [2025-02-07T08:19:39.726+0000] {dag.py:4180} INFO - Setting next_dagrun for ecobalyse_dag to 2025-02-07 00:00:00+00:00, run_after=2025-02-08 00:00:00+00:00
[2025-02-07T08:19:39.736+0000] {processor.py:208} INFO - Processing /opt/airflow/dags/data_transformations.py took 0.851 seconds
[2025-02-07T08:20:10.736+0000] {processor.py:186} INFO - Started process (PID=3367) to work on /opt/airflow/dags/data_transformations.py
[2025-02-07T08:20:10.737+0000] {processor.py:914} INFO - Processing file /opt/airflow/dags/data_transformations.py for tasks to queue
[2025-02-07T08:20:10.740+0000] {logging_mixin.py:190} INFO - [2025-02-07T08:20:10.739+0000] {dagbag.py:588} INFO - Filling up the DagBag from /opt/airflow/dags/data_transformations.py
[2025-02-07T08:20:10.827+0000] {logging_mixin.py:190} INFO - [2025-02-07T08:20:10.827+0000] {__init__.py:534} WARNING - mkdir -p failed for path /home/airflow/.cache/matplotlib: [Errno 13] Permission denied: '/home/airflow/.cache/matplotlib'
[2025-02-07T08:20:10.827+0000] {logging_mixin.py:190} INFO - [2025-02-07T08:20:10.827+0000] {__init__.py:551} WARNING - Matplotlib created a temporary cache directory at /tmp/matplotlib-zwjufzih because there was an issue with the default path (/home/airflow/.cache/matplotlib); it is highly recommended to set the MPLCONFIGDIR environment variable to a writable directory, in particular to speed up the import of Matplotlib and to better support multiprocessing.
[2025-02-07T08:20:10.920+0000] {logging_mixin.py:190} INFO - [2025-02-07T08:20:10.920+0000] {font_manager.py:1639} INFO - generated new fontManager
[2025-02-07T08:20:11.504+0000] {processor.py:925} INFO - DAG(s) 'ecobalyse_dag' retrieved from /opt/airflow/dags/data_transformations.py
[2025-02-07T08:20:11.521+0000] {logging_mixin.py:190} INFO - [2025-02-07T08:20:11.520+0000] {dag.py:3239} INFO - Sync 1 DAGs
[2025-02-07T08:20:11.542+0000] {logging_mixin.py:190} INFO - [2025-02-07T08:20:11.542+0000] {dag.py:4180} INFO - Setting next_dagrun for ecobalyse_dag to 2025-02-07 00:00:00+00:00, run_after=2025-02-08 00:00:00+00:00
[2025-02-07T08:20:11.562+0000] {processor.py:208} INFO - Processing /opt/airflow/dags/data_transformations.py took 0.833 seconds
