[2024-12-15T19:09:48.329+0000] {local_task_job_runner.py:123} INFO - ::group::Pre task execution logs
[2024-12-15T19:09:48.352+0000] {taskinstance.py:2613} INFO - Dependencies all met for dep_context=non-requeueable deps ti=<TaskInstance: ecobalyse_dag.linear_regression manual__2024-12-15T18:34:06.556284+00:00 [queued]>
[2024-12-15T19:09:48.365+0000] {taskinstance.py:2613} INFO - Dependencies all met for dep_context=requeueable deps ti=<TaskInstance: ecobalyse_dag.linear_regression manual__2024-12-15T18:34:06.556284+00:00 [queued]>
[2024-12-15T19:09:48.365+0000] {taskinstance.py:2866} INFO - Starting attempt 1 of 3
[2024-12-15T19:09:48.385+0000] {taskinstance.py:2889} INFO - Executing <Task(PythonOperator): linear_regression> on 2024-12-15 18:34:06.556284+00:00
[2024-12-15T19:09:48.399+0000] {warnings.py:112} WARNING - /home/***/.local/lib/python3.12/site-packages/***/task/task_runner/standard_task_runner.py:70: DeprecationWarning: This process (pid=4915) is multi-threaded, use of fork() may lead to deadlocks in the child.
  pid = os.fork()

[2024-12-15T19:09:48.400+0000] {standard_task_runner.py:72} INFO - Started process 5068 to run task
[2024-12-15T19:09:48.403+0000] {standard_task_runner.py:104} INFO - Running: ['***', 'tasks', 'run', 'ecobalyse_dag', 'linear_regression', 'manual__2024-12-15T18:34:06.556284+00:00', '--job-id', '1407', '--raw', '--subdir', 'DAGS_FOLDER/data_transformations.py', '--cfg-path', '/tmp/tmpucjw3n9x']
[2024-12-15T19:09:48.405+0000] {standard_task_runner.py:105} INFO - Job 1407: Subtask linear_regression
[2024-12-15T19:09:48.472+0000] {task_command.py:467} INFO - Running <TaskInstance: ecobalyse_dag.linear_regression manual__2024-12-15T18:34:06.556284+00:00 [running]> on host 8cc0e2e8fe41
[2024-12-15T19:09:48.596+0000] {taskinstance.py:3132} INFO - Exporting env vars: AIRFLOW_CTX_DAG_EMAIL='thiernosidybah232@gmail.com' AIRFLOW_CTX_DAG_OWNER='***' AIRFLOW_CTX_DAG_ID='ecobalyse_dag' AIRFLOW_CTX_TASK_ID='linear_regression' AIRFLOW_CTX_EXECUTION_DATE='2024-12-15T18:34:06.556284+00:00' AIRFLOW_CTX_TRY_NUMBER='1' AIRFLOW_CTX_DAG_RUN_ID='manual__2024-12-15T18:34:06.556284+00:00'
[2024-12-15T19:09:48.599+0000] {logging_mixin.py:190} INFO - Task instance is in running state
[2024-12-15T19:09:48.599+0000] {logging_mixin.py:190} INFO -  Previous state of the Task instance: queued
[2024-12-15T19:09:48.600+0000] {logging_mixin.py:190} INFO - Current task name:linear_regression state:running start_date:2024-12-15 19:09:48.352992+00:00
[2024-12-15T19:09:48.600+0000] {logging_mixin.py:190} INFO - Dag name:ecobalyse_dag and current dag run status:running
[2024-12-15T19:09:48.600+0000] {taskinstance.py:731} INFO - ::endgroup::
[2024-12-15T19:09:48.680+0000] {logging_mixin.py:190} INFO - X_train shape (3946, 11)
[2024-12-15T19:09:48.681+0000] {logging_mixin.py:190} INFO - -------------------------
[2024-12-15T19:09:48.681+0000] {logging_mixin.py:190} INFO - X_test shape (1316, 11)
[2024-12-15T19:09:48.681+0000] {logging_mixin.py:190} INFO - -------------------------
[2024-12-15T19:09:48.682+0000] {logging_mixin.py:190} INFO - y_train shape (3946,)
[2024-12-15T19:09:48.682+0000] {logging_mixin.py:190} INFO - -------------------------
[2024-12-15T19:09:48.682+0000] {logging_mixin.py:190} INFO - y_test test shape (1316,)
[2024-12-15T19:09:48.997+0000] {logging_mixin.py:190} INFO -       Metrics      Values
0   mae_train  331.077131
1   mse_train  502.979108
2  rmse_train   22.427196
3    mae_test  329.417331
4    mse_test  509.094557
5   rmse_test   22.563124
[2024-12-15T19:09:49.010+0000] {logging_mixin.py:190} INFO -                           Coeffs
intercept             -44.511411
mass                 4156.147512
product                 9.790723
making_waste         1416.961951
yarn_size               2.659123
physical_durability  -670.818923
making_dead_stock    1561.116823
fabric_process         59.776157
price                  -0.106289
air_transport_ratio    81.352284
country_dyeing         -1.793291
country_fabric         -3.588873
[2024-12-15T19:09:49.027+0000] {python.py:240} INFO - Done. Returned value was: None
[2024-12-15T19:09:49.052+0000] {taskinstance.py:340} INFO - ::group::Post task execution logs
[2024-12-15T19:09:49.054+0000] {taskinstance.py:352} INFO - Marking task as SUCCESS. dag_id=ecobalyse_dag, task_id=linear_regression, run_id=manual__2024-12-15T18:34:06.556284+00:00, execution_date=20241215T183406, start_date=20241215T190948, end_date=20241215T190949
[2024-12-15T19:09:49.078+0000] {logging_mixin.py:190} INFO - Task instance in success state
[2024-12-15T19:09:49.079+0000] {logging_mixin.py:190} INFO -  Previous state of the Task instance: running
[2024-12-15T19:09:49.079+0000] {logging_mixin.py:190} INFO - Dag name:ecobalyse_dag queued_at:2024-12-15 18:34:06.601171+00:00
[2024-12-15T19:09:49.080+0000] {logging_mixin.py:190} INFO - Task hostname:8cc0e2e8fe41 operator:PythonOperator
[2024-12-15T19:09:49.140+0000] {local_task_job_runner.py:266} INFO - Task exited with return code 0
[2024-12-15T19:09:49.196+0000] {taskinstance.py:3895} INFO - 0 downstream tasks scheduled from follow-on schedule check
[2024-12-15T19:09:49.199+0000] {local_task_job_runner.py:245} INFO - ::endgroup::
