[2024-12-20T08:33:57.356+0000] {local_task_job_runner.py:123} INFO - ::group::Pre task execution logs
[2024-12-20T08:33:57.372+0000] {taskinstance.py:2613} INFO - Dependencies all met for dep_context=non-requeueable deps ti=<TaskInstance: ecobalyse_dag.extract_data scheduled__2024-12-19T00:00:00+00:00 [queued]>
[2024-12-20T08:33:57.378+0000] {taskinstance.py:2613} INFO - Dependencies all met for dep_context=requeueable deps ti=<TaskInstance: ecobalyse_dag.extract_data scheduled__2024-12-19T00:00:00+00:00 [queued]>
[2024-12-20T08:33:57.378+0000] {taskinstance.py:2866} INFO - Starting attempt 1 of 3
[2024-12-20T08:33:57.390+0000] {taskinstance.py:2889} INFO - Executing <Task(PythonOperator): extract_data> on 2024-12-19 00:00:00+00:00
[2024-12-20T08:33:57.398+0000] {warnings.py:112} WARNING - /home/***/.local/lib/python3.12/site-packages/***/task/task_runner/standard_task_runner.py:70: DeprecationWarning: This process (pid=72) is multi-threaded, use of fork() may lead to deadlocks in the child.
  pid = os.fork()

[2024-12-20T08:33:57.399+0000] {standard_task_runner.py:72} INFO - Started process 95 to run task
[2024-12-20T08:33:57.405+0000] {standard_task_runner.py:104} INFO - Running: ['***', 'tasks', 'run', 'ecobalyse_dag', 'extract_data', 'scheduled__2024-12-19T00:00:00+00:00', '--job-id', '1534', '--raw', '--subdir', 'DAGS_FOLDER/data_transformations.py', '--cfg-path', '/tmp/tmpxganrr8s']
[2024-12-20T08:33:57.406+0000] {standard_task_runner.py:105} INFO - Job 1534: Subtask extract_data
[2024-12-20T08:33:57.456+0000] {task_command.py:467} INFO - Running <TaskInstance: ecobalyse_dag.extract_data scheduled__2024-12-19T00:00:00+00:00 [running]> on host 900e1ea5074f
[2024-12-20T08:33:57.547+0000] {taskinstance.py:3132} INFO - Exporting env vars: AIRFLOW_CTX_DAG_EMAIL='thiernosidybah232@gmail.com' AIRFLOW_CTX_DAG_OWNER='***' AIRFLOW_CTX_DAG_ID='ecobalyse_dag' AIRFLOW_CTX_TASK_ID='extract_data' AIRFLOW_CTX_EXECUTION_DATE='2024-12-19T00:00:00+00:00' AIRFLOW_CTX_TRY_NUMBER='1' AIRFLOW_CTX_DAG_RUN_ID='scheduled__2024-12-19T00:00:00+00:00'
[2024-12-20T08:33:57.548+0000] {logging_mixin.py:190} INFO - Task instance is in running state
[2024-12-20T08:33:57.549+0000] {logging_mixin.py:190} INFO -  Previous state of the Task instance: queued
[2024-12-20T08:33:57.549+0000] {logging_mixin.py:190} INFO - Current task name:extract_data state:running start_date:2024-12-20 08:33:57.372424+00:00
[2024-12-20T08:33:57.549+0000] {logging_mixin.py:190} INFO - Dag name:ecobalyse_dag and current dag run status:running
[2024-12-20T08:33:57.549+0000] {taskinstance.py:731} INFO - ::endgroup::
[2024-12-20T08:33:58.809+0000] {logging_mixin.py:190} INFO - Données combinées enregistrées dans ecobalyse_data.json
[2024-12-20T08:33:58.812+0000] {python.py:240} INFO - Done. Returned value was: None
[2024-12-20T08:33:58.827+0000] {taskinstance.py:340} INFO - ::group::Post task execution logs
[2024-12-20T08:33:58.828+0000] {taskinstance.py:352} INFO - Marking task as SUCCESS. dag_id=ecobalyse_dag, task_id=extract_data, run_id=scheduled__2024-12-19T00:00:00+00:00, execution_date=20241219T000000, start_date=20241220T083357, end_date=20241220T083358
[2024-12-20T08:33:58.835+0000] {logging_mixin.py:190} INFO - Task instance in success state
[2024-12-20T08:33:58.836+0000] {logging_mixin.py:190} INFO -  Previous state of the Task instance: running
[2024-12-20T08:33:58.836+0000] {logging_mixin.py:190} INFO - Dag name:ecobalyse_dag queued_at:2024-12-20 08:33:52.626975+00:00
[2024-12-20T08:33:58.836+0000] {logging_mixin.py:190} INFO - Task hostname:900e1ea5074f operator:PythonOperator
[2024-12-20T08:33:58.864+0000] {local_task_job_runner.py:266} INFO - Task exited with return code 0
[2024-12-20T08:33:58.900+0000] {taskinstance.py:3895} INFO - 1 downstream tasks scheduled from follow-on schedule check
[2024-12-20T08:33:58.901+0000] {local_task_job_runner.py:245} INFO - ::endgroup::
