[2024-12-15T19:09:48.492+0000] {local_task_job_runner.py:123} INFO - ::group::Pre task execution logs
[2024-12-15T19:09:48.519+0000] {taskinstance.py:2613} INFO - Dependencies all met for dep_context=non-requeueable deps ti=<TaskInstance: ecobalyse_dag.Knn_model manual__2024-12-15T18:34:06.556284+00:00 [queued]>
[2024-12-15T19:09:48.535+0000] {taskinstance.py:2613} INFO - Dependencies all met for dep_context=requeueable deps ti=<TaskInstance: ecobalyse_dag.Knn_model manual__2024-12-15T18:34:06.556284+00:00 [queued]>
[2024-12-15T19:09:48.536+0000] {taskinstance.py:2866} INFO - Starting attempt 1 of 3
[2024-12-15T19:09:48.558+0000] {taskinstance.py:2889} INFO - Executing <Task(PythonOperator): Knn_model> on 2024-12-15 18:34:06.556284+00:00
[2024-12-15T19:09:48.572+0000] {warnings.py:112} WARNING - /home/***/.local/lib/python3.12/site-packages/***/task/task_runner/standard_task_runner.py:70: DeprecationWarning: This process (pid=4917) is multi-threaded, use of fork() may lead to deadlocks in the child.
  pid = os.fork()

[2024-12-15T19:09:48.574+0000] {standard_task_runner.py:72} INFO - Started process 5070 to run task
[2024-12-15T19:09:48.577+0000] {standard_task_runner.py:104} INFO - Running: ['***', 'tasks', 'run', 'ecobalyse_dag', 'Knn_model', 'manual__2024-12-15T18:34:06.556284+00:00', '--job-id', '1408', '--raw', '--subdir', 'DAGS_FOLDER/data_transformations.py', '--cfg-path', '/tmp/tmps9rwl82u']
[2024-12-15T19:09:48.578+0000] {standard_task_runner.py:105} INFO - Job 1408: Subtask Knn_model
[2024-12-15T19:09:48.652+0000] {task_command.py:467} INFO - Running <TaskInstance: ecobalyse_dag.Knn_model manual__2024-12-15T18:34:06.556284+00:00 [running]> on host 8cc0e2e8fe41
[2024-12-15T19:09:48.830+0000] {taskinstance.py:3132} INFO - Exporting env vars: AIRFLOW_CTX_DAG_EMAIL='thiernosidybah232@gmail.com' AIRFLOW_CTX_DAG_OWNER='***' AIRFLOW_CTX_DAG_ID='ecobalyse_dag' AIRFLOW_CTX_TASK_ID='Knn_model' AIRFLOW_CTX_EXECUTION_DATE='2024-12-15T18:34:06.556284+00:00' AIRFLOW_CTX_TRY_NUMBER='1' AIRFLOW_CTX_DAG_RUN_ID='manual__2024-12-15T18:34:06.556284+00:00'
[2024-12-15T19:09:48.839+0000] {logging_mixin.py:190} INFO - Task instance is in running state
[2024-12-15T19:09:48.840+0000] {logging_mixin.py:190} INFO -  Previous state of the Task instance: queued
[2024-12-15T19:09:48.841+0000] {logging_mixin.py:190} INFO - Current task name:Knn_model state:running start_date:2024-12-15 19:09:48.520538+00:00
[2024-12-15T19:09:48.841+0000] {logging_mixin.py:190} INFO - Dag name:ecobalyse_dag and current dag run status:running
[2024-12-15T19:09:48.842+0000] {taskinstance.py:731} INFO - ::endgroup::
[2024-12-15T19:09:49.231+0000] {python.py:240} INFO - Done. Returned value was: None
[2024-12-15T19:09:49.255+0000] {taskinstance.py:340} INFO - ::group::Post task execution logs
[2024-12-15T19:09:49.256+0000] {taskinstance.py:352} INFO - Marking task as SUCCESS. dag_id=ecobalyse_dag, task_id=Knn_model, run_id=manual__2024-12-15T18:34:06.556284+00:00, execution_date=20241215T183406, start_date=20241215T190948, end_date=20241215T190949
[2024-12-15T19:09:49.279+0000] {logging_mixin.py:190} INFO - Task instance in success state
[2024-12-15T19:09:49.280+0000] {logging_mixin.py:190} INFO -  Previous state of the Task instance: running
[2024-12-15T19:09:49.281+0000] {logging_mixin.py:190} INFO - Dag name:ecobalyse_dag queued_at:2024-12-15 18:34:06.601171+00:00
[2024-12-15T19:09:49.282+0000] {logging_mixin.py:190} INFO - Task hostname:8cc0e2e8fe41 operator:PythonOperator
[2024-12-15T19:09:49.324+0000] {local_task_job_runner.py:266} INFO - Task exited with return code 0
[2024-12-15T19:09:49.349+0000] {local_task_job_runner.py:245} INFO - ::endgroup::
