[2024-12-15T18:34:18.682+0000] {local_task_job_runner.py:123} INFO - ::group::Pre task execution logs
[2024-12-15T18:34:18.720+0000] {taskinstance.py:2613} INFO - Dependencies all met for dep_context=non-requeueable deps ti=<TaskInstance: ecobalyse_dag.extract_data manual__2024-12-15T18:34:11.075606+00:00 [queued]>
[2024-12-15T18:34:18.737+0000] {taskinstance.py:2613} INFO - Dependencies all met for dep_context=requeueable deps ti=<TaskInstance: ecobalyse_dag.extract_data manual__2024-12-15T18:34:11.075606+00:00 [queued]>
[2024-12-15T18:34:18.738+0000] {taskinstance.py:2866} INFO - Starting attempt 1 of 3
[2024-12-15T18:34:18.759+0000] {taskinstance.py:2889} INFO - Executing <Task(PythonOperator): extract_data> on 2024-12-15 18:34:11.075606+00:00
[2024-12-15T18:34:18.775+0000] {warnings.py:112} WARNING - /home/***/.local/lib/python3.12/site-packages/***/task/task_runner/standard_task_runner.py:70: DeprecationWarning: This process (pid=3036) is multi-threaded, use of fork() may lead to deadlocks in the child.
  pid = os.fork()

[2024-12-15T18:34:18.777+0000] {standard_task_runner.py:72} INFO - Started process 3134 to run task
[2024-12-15T18:34:18.780+0000] {standard_task_runner.py:104} INFO - Running: ['***', 'tasks', 'run', 'ecobalyse_dag', 'extract_data', 'manual__2024-12-15T18:34:11.075606+00:00', '--job-id', '1350', '--raw', '--subdir', 'DAGS_FOLDER/data_transformations.py', '--cfg-path', '/tmp/tmpseioa9qz']
[2024-12-15T18:34:18.782+0000] {standard_task_runner.py:105} INFO - Job 1350: Subtask extract_data
[2024-12-15T18:34:18.879+0000] {task_command.py:467} INFO - Running <TaskInstance: ecobalyse_dag.extract_data manual__2024-12-15T18:34:11.075606+00:00 [running]> on host 8cc0e2e8fe41
[2024-12-15T18:34:19.079+0000] {taskinstance.py:3132} INFO - Exporting env vars: AIRFLOW_CTX_DAG_EMAIL='thiernosidybah232@gmail.com' AIRFLOW_CTX_DAG_OWNER='***' AIRFLOW_CTX_DAG_ID='ecobalyse_dag' AIRFLOW_CTX_TASK_ID='extract_data' AIRFLOW_CTX_EXECUTION_DATE='2024-12-15T18:34:11.075606+00:00' AIRFLOW_CTX_TRY_NUMBER='1' AIRFLOW_CTX_DAG_RUN_ID='manual__2024-12-15T18:34:11.075606+00:00'
[2024-12-15T18:34:19.083+0000] {logging_mixin.py:190} INFO - Task instance is in running state
[2024-12-15T18:34:19.084+0000] {logging_mixin.py:190} INFO -  Previous state of the Task instance: queued
[2024-12-15T18:34:19.085+0000] {logging_mixin.py:190} INFO - Current task name:extract_data state:running start_date:2024-12-15 18:34:18.721334+00:00
[2024-12-15T18:34:19.085+0000] {logging_mixin.py:190} INFO - Dag name:ecobalyse_dag and current dag run status:running
[2024-12-15T18:34:19.086+0000] {taskinstance.py:731} INFO - ::endgroup::
[2024-12-15T18:34:20.451+0000] {logging_mixin.py:190} INFO - Données combinées enregistrées dans ecobalyse_data.json
[2024-12-15T18:34:20.456+0000] {python.py:240} INFO - Done. Returned value was: None
[2024-12-15T18:34:20.477+0000] {taskinstance.py:340} INFO - ::group::Post task execution logs
[2024-12-15T18:34:20.478+0000] {taskinstance.py:352} INFO - Marking task as SUCCESS. dag_id=ecobalyse_dag, task_id=extract_data, run_id=manual__2024-12-15T18:34:11.075606+00:00, execution_date=20241215T183411, start_date=20241215T183418, end_date=20241215T183420
[2024-12-15T18:34:20.500+0000] {logging_mixin.py:190} INFO - Task instance in success state
[2024-12-15T18:34:20.501+0000] {logging_mixin.py:190} INFO -  Previous state of the Task instance: running
[2024-12-15T18:34:20.501+0000] {logging_mixin.py:190} INFO - Dag name:ecobalyse_dag queued_at:2024-12-15 18:34:11.102997+00:00
[2024-12-15T18:34:20.502+0000] {logging_mixin.py:190} INFO - Task hostname:8cc0e2e8fe41 operator:PythonOperator
[2024-12-15T18:34:20.561+0000] {local_task_job_runner.py:266} INFO - Task exited with return code 0
[2024-12-15T18:34:20.621+0000] {taskinstance.py:3895} INFO - 1 downstream tasks scheduled from follow-on schedule check
[2024-12-15T18:34:20.625+0000] {local_task_job_runner.py:245} INFO - ::endgroup::
