[2024-12-15T19:09:48.632+0000] {local_task_job_runner.py:123} INFO - ::group::Pre task execution logs
[2024-12-15T19:09:48.662+0000] {taskinstance.py:2613} INFO - Dependencies all met for dep_context=non-requeueable deps ti=<TaskInstance: ecobalyse_dag.Random_forest_model manual__2024-12-15T18:34:06.556284+00:00 [queued]>
[2024-12-15T19:09:48.677+0000] {taskinstance.py:2613} INFO - Dependencies all met for dep_context=requeueable deps ti=<TaskInstance: ecobalyse_dag.Random_forest_model manual__2024-12-15T18:34:06.556284+00:00 [queued]>
[2024-12-15T19:09:48.677+0000] {taskinstance.py:2866} INFO - Starting attempt 1 of 3
[2024-12-15T19:09:48.700+0000] {taskinstance.py:2889} INFO - Executing <Task(PythonOperator): Random_forest_model> on 2024-12-15 18:34:06.556284+00:00
[2024-12-15T19:09:48.718+0000] {warnings.py:112} WARNING - /home/***/.local/lib/python3.12/site-packages/***/task/task_runner/standard_task_runner.py:70: DeprecationWarning: This process (pid=4916) is multi-threaded, use of fork() may lead to deadlocks in the child.
  pid = os.fork()

[2024-12-15T19:09:48.721+0000] {standard_task_runner.py:72} INFO - Started process 5091 to run task
[2024-12-15T19:09:48.723+0000] {standard_task_runner.py:104} INFO - Running: ['***', 'tasks', 'run', 'ecobalyse_dag', 'Random_forest_model', 'manual__2024-12-15T18:34:06.556284+00:00', '--job-id', '1409', '--raw', '--subdir', 'DAGS_FOLDER/data_transformations.py', '--cfg-path', '/tmp/tmp4blux5yl']
[2024-12-15T19:09:48.726+0000] {standard_task_runner.py:105} INFO - Job 1409: Subtask Random_forest_model
[2024-12-15T19:09:48.843+0000] {task_command.py:467} INFO - Running <TaskInstance: ecobalyse_dag.Random_forest_model manual__2024-12-15T18:34:06.556284+00:00 [running]> on host 8cc0e2e8fe41
[2024-12-15T19:09:49.120+0000] {taskinstance.py:3132} INFO - Exporting env vars: AIRFLOW_CTX_DAG_EMAIL='thiernosidybah232@gmail.com' AIRFLOW_CTX_DAG_OWNER='***' AIRFLOW_CTX_DAG_ID='ecobalyse_dag' AIRFLOW_CTX_TASK_ID='Random_forest_model' AIRFLOW_CTX_EXECUTION_DATE='2024-12-15T18:34:06.556284+00:00' AIRFLOW_CTX_TRY_NUMBER='1' AIRFLOW_CTX_DAG_RUN_ID='manual__2024-12-15T18:34:06.556284+00:00'
[2024-12-15T19:09:49.124+0000] {logging_mixin.py:190} INFO - Task instance is in running state
[2024-12-15T19:09:49.125+0000] {logging_mixin.py:190} INFO -  Previous state of the Task instance: queued
[2024-12-15T19:09:49.126+0000] {logging_mixin.py:190} INFO - Current task name:Random_forest_model state:running start_date:2024-12-15 19:09:48.662568+00:00
[2024-12-15T19:09:49.127+0000] {logging_mixin.py:190} INFO - Dag name:ecobalyse_dag and current dag run status:running
[2024-12-15T19:09:49.127+0000] {taskinstance.py:731} INFO - ::endgroup::
[2024-12-15T19:09:49.822+0000] {warnings.py:112} WARNING - /home/***/.local/lib/python3.12/site-packages/sklearn/ensemble/_forest.py:612: UserWarning: Some inputs do not have OOB scores. This probably means too few trees were used to compute any reliable OOB estimates.
  warn(

[2024-12-15T19:09:49.937+0000] {python.py:240} INFO - Done. Returned value was: None
[2024-12-15T19:09:49.961+0000] {taskinstance.py:340} INFO - ::group::Post task execution logs
[2024-12-15T19:09:49.962+0000] {taskinstance.py:352} INFO - Marking task as SUCCESS. dag_id=ecobalyse_dag, task_id=Random_forest_model, run_id=manual__2024-12-15T18:34:06.556284+00:00, execution_date=20241215T183406, start_date=20241215T190948, end_date=20241215T190949
[2024-12-15T19:09:49.986+0000] {logging_mixin.py:190} INFO - Task instance in success state
[2024-12-15T19:09:49.986+0000] {logging_mixin.py:190} INFO -  Previous state of the Task instance: running
[2024-12-15T19:09:49.987+0000] {logging_mixin.py:190} INFO - Dag name:ecobalyse_dag queued_at:2024-12-15 18:34:06.601171+00:00
[2024-12-15T19:09:49.987+0000] {logging_mixin.py:190} INFO - Task hostname:8cc0e2e8fe41 operator:PythonOperator
[2024-12-15T19:09:50.024+0000] {local_task_job_runner.py:266} INFO - Task exited with return code 0
[2024-12-15T19:09:50.071+0000] {taskinstance.py:3895} INFO - 1 downstream tasks scheduled from follow-on schedule check
[2024-12-15T19:09:50.074+0000] {local_task_job_runner.py:245} INFO - ::endgroup::
