[2024-12-15T19:09:40.898+0000] {local_task_job_runner.py:123} INFO - ::group::Pre task execution logs
[2024-12-15T19:09:40.922+0000] {taskinstance.py:2613} INFO - Dependencies all met for dep_context=non-requeueable deps ti=<TaskInstance: ecobalyse_dag.dashboard_application manual__2024-12-15T18:34:06.556284+00:00 [queued]>
[2024-12-15T19:09:40.935+0000] {taskinstance.py:2613} INFO - Dependencies all met for dep_context=requeueable deps ti=<TaskInstance: ecobalyse_dag.dashboard_application manual__2024-12-15T18:34:06.556284+00:00 [queued]>
[2024-12-15T19:09:40.936+0000] {taskinstance.py:2866} INFO - Starting attempt 1 of 3
[2024-12-15T19:09:40.963+0000] {taskinstance.py:2889} INFO - Executing <Task(PythonOperator): dashboard_application> on 2024-12-15 18:34:06.556284+00:00
[2024-12-15T19:09:40.979+0000] {warnings.py:112} WARNING - /home/***/.local/lib/python3.12/site-packages/***/task/task_runner/standard_task_runner.py:70: DeprecationWarning: This process (pid=4807) is multi-threaded, use of fork() may lead to deadlocks in the child.
  pid = os.fork()

[2024-12-15T19:09:40.981+0000] {standard_task_runner.py:72} INFO - Started process 4897 to run task
[2024-12-15T19:09:40.984+0000] {standard_task_runner.py:104} INFO - Running: ['***', 'tasks', 'run', 'ecobalyse_dag', 'dashboard_application', 'manual__2024-12-15T18:34:06.556284+00:00', '--job-id', '1402', '--raw', '--subdir', 'DAGS_FOLDER/data_transformations.py', '--cfg-path', '/tmp/tmp90pxde62']
[2024-12-15T19:09:40.986+0000] {standard_task_runner.py:105} INFO - Job 1402: Subtask dashboard_application
[2024-12-15T19:09:41.050+0000] {task_command.py:467} INFO - Running <TaskInstance: ecobalyse_dag.dashboard_application manual__2024-12-15T18:34:06.556284+00:00 [running]> on host 8cc0e2e8fe41
[2024-12-15T19:09:41.173+0000] {taskinstance.py:3132} INFO - Exporting env vars: AIRFLOW_CTX_DAG_EMAIL='thiernosidybah232@gmail.com' AIRFLOW_CTX_DAG_OWNER='***' AIRFLOW_CTX_DAG_ID='ecobalyse_dag' AIRFLOW_CTX_TASK_ID='dashboard_application' AIRFLOW_CTX_EXECUTION_DATE='2024-12-15T18:34:06.556284+00:00' AIRFLOW_CTX_TRY_NUMBER='1' AIRFLOW_CTX_DAG_RUN_ID='manual__2024-12-15T18:34:06.556284+00:00'
[2024-12-15T19:09:41.175+0000] {logging_mixin.py:190} INFO - Task instance is in running state
[2024-12-15T19:09:41.176+0000] {logging_mixin.py:190} INFO -  Previous state of the Task instance: queued
[2024-12-15T19:09:41.176+0000] {logging_mixin.py:190} INFO - Current task name:dashboard_application state:running start_date:2024-12-15 19:09:40.922552+00:00
[2024-12-15T19:09:41.176+0000] {logging_mixin.py:190} INFO - Dag name:ecobalyse_dag and current dag run status:running
[2024-12-15T19:09:41.177+0000] {taskinstance.py:731} INFO - ::endgroup::
[2024-12-15T19:09:41.177+0000] {logging_mixin.py:190} INFO - Hello to le mond
[2024-12-15T19:09:41.178+0000] {python.py:240} INFO - Done. Returned value was: None
[2024-12-15T19:09:41.192+0000] {taskinstance.py:340} INFO - ::group::Post task execution logs
[2024-12-15T19:09:41.192+0000] {taskinstance.py:352} INFO - Marking task as SUCCESS. dag_id=ecobalyse_dag, task_id=dashboard_application, run_id=manual__2024-12-15T18:34:06.556284+00:00, execution_date=20241215T183406, start_date=20241215T190940, end_date=20241215T190941
[2024-12-15T19:09:41.204+0000] {logging_mixin.py:190} INFO - Task instance in success state
[2024-12-15T19:09:41.204+0000] {logging_mixin.py:190} INFO -  Previous state of the Task instance: running
[2024-12-15T19:09:41.205+0000] {logging_mixin.py:190} INFO - Dag name:ecobalyse_dag queued_at:2024-12-15 18:34:06.601171+00:00
[2024-12-15T19:09:41.205+0000] {logging_mixin.py:190} INFO - Task hostname:8cc0e2e8fe41 operator:PythonOperator
[2024-12-15T19:09:41.237+0000] {local_task_job_runner.py:266} INFO - Task exited with return code 0
[2024-12-15T19:09:41.266+0000] {taskinstance.py:3895} INFO - 0 downstream tasks scheduled from follow-on schedule check
[2024-12-15T19:09:41.268+0000] {local_task_job_runner.py:245} INFO - ::endgroup::
