[2024-12-15T19:09:14.459+0000] {local_task_job_runner.py:123} INFO - ::group::Pre task execution logs
[2024-12-15T19:09:14.499+0000] {taskinstance.py:2613} INFO - Dependencies all met for dep_context=non-requeueable deps ti=<TaskInstance: ecobalyse_dag.best_Model manual__2024-12-15T18:34:03.842348+00:00 [queued]>
[2024-12-15T19:09:14.518+0000] {taskinstance.py:2613} INFO - Dependencies all met for dep_context=requeueable deps ti=<TaskInstance: ecobalyse_dag.best_Model manual__2024-12-15T18:34:03.842348+00:00 [queued]>
[2024-12-15T19:09:14.518+0000] {taskinstance.py:2866} INFO - Starting attempt 1 of 3
[2024-12-15T19:09:14.543+0000] {taskinstance.py:2889} INFO - Executing <Task(PythonOperator): best_Model> on 2024-12-15 18:34:03.842348+00:00
[2024-12-15T19:09:14.561+0000] {warnings.py:112} WARNING - /home/***/.local/lib/python3.12/site-packages/***/task/task_runner/standard_task_runner.py:70: DeprecationWarning: This process (pid=4461) is multi-threaded, use of fork() may lead to deadlocks in the child.
  pid = os.fork()

[2024-12-15T19:09:14.564+0000] {standard_task_runner.py:72} INFO - Started process 4538 to run task
[2024-12-15T19:09:14.567+0000] {standard_task_runner.py:104} INFO - Running: ['***', 'tasks', 'run', 'ecobalyse_dag', 'best_Model', 'manual__2024-12-15T18:34:03.842348+00:00', '--job-id', '1386', '--raw', '--subdir', 'DAGS_FOLDER/data_transformations.py', '--cfg-path', '/tmp/tmpuh0g9p_5']
[2024-12-15T19:09:14.569+0000] {standard_task_runner.py:105} INFO - Job 1386: Subtask best_Model
[2024-12-15T19:09:14.656+0000] {task_command.py:467} INFO - Running <TaskInstance: ecobalyse_dag.best_Model manual__2024-12-15T18:34:03.842348+00:00 [running]> on host 8cc0e2e8fe41
[2024-12-15T19:09:14.807+0000] {taskinstance.py:3132} INFO - Exporting env vars: AIRFLOW_CTX_DAG_EMAIL='thiernosidybah232@gmail.com' AIRFLOW_CTX_DAG_OWNER='***' AIRFLOW_CTX_DAG_ID='ecobalyse_dag' AIRFLOW_CTX_TASK_ID='best_Model' AIRFLOW_CTX_EXECUTION_DATE='2024-12-15T18:34:03.842348+00:00' AIRFLOW_CTX_TRY_NUMBER='1' AIRFLOW_CTX_DAG_RUN_ID='manual__2024-12-15T18:34:03.842348+00:00'
[2024-12-15T19:09:14.809+0000] {logging_mixin.py:190} INFO - Task instance is in running state
[2024-12-15T19:09:14.810+0000] {logging_mixin.py:190} INFO -  Previous state of the Task instance: queued
[2024-12-15T19:09:14.811+0000] {logging_mixin.py:190} INFO - Current task name:best_Model state:running start_date:2024-12-15 19:09:14.500273+00:00
[2024-12-15T19:09:14.811+0000] {logging_mixin.py:190} INFO - Dag name:ecobalyse_dag and current dag run status:running
[2024-12-15T19:09:14.811+0000] {taskinstance.py:731} INFO - ::endgroup::
[2024-12-15T19:09:14.832+0000] {logging_mixin.py:190} INFO - -------------------------------------
[2024-12-15T19:09:14.832+0000] {logging_mixin.py:190} INFO - Best Model :  Random_Forest_Model
[2024-12-15T19:09:14.833+0000] {logging_mixin.py:190} INFO - -------------------------------------
[2024-12-15T19:09:14.833+0000] {logging_mixin.py:190} INFO - RMSE obtenues avec les données de test est:  22.5
[2024-12-15T19:09:14.834+0000] {python.py:240} INFO - Done. Returned value was: None
[2024-12-15T19:09:14.855+0000] {taskinstance.py:340} INFO - ::group::Post task execution logs
[2024-12-15T19:09:14.856+0000] {taskinstance.py:352} INFO - Marking task as SUCCESS. dag_id=ecobalyse_dag, task_id=best_Model, run_id=manual__2024-12-15T18:34:03.842348+00:00, execution_date=20241215T183403, start_date=20241215T190914, end_date=20241215T190914
[2024-12-15T19:09:14.875+0000] {logging_mixin.py:190} INFO - Task instance in success state
[2024-12-15T19:09:14.875+0000] {logging_mixin.py:190} INFO -  Previous state of the Task instance: running
[2024-12-15T19:09:14.876+0000] {logging_mixin.py:190} INFO - Dag name:ecobalyse_dag queued_at:2024-12-15 18:34:03.860122+00:00
[2024-12-15T19:09:14.876+0000] {logging_mixin.py:190} INFO - Task hostname:8cc0e2e8fe41 operator:PythonOperator
[2024-12-15T19:09:14.902+0000] {local_task_job_runner.py:266} INFO - Task exited with return code 0
[2024-12-15T19:09:14.934+0000] {taskinstance.py:3895} INFO - 0 downstream tasks scheduled from follow-on schedule check
[2024-12-15T19:09:14.936+0000] {local_task_job_runner.py:245} INFO - ::endgroup::
