[2024-12-15T15:38:49.350+0000] {local_task_job_runner.py:123} INFO - ::group::Pre task execution logs
[2024-12-15T15:38:49.376+0000] {taskinstance.py:2613} INFO - Dependencies all met for dep_context=non-requeueable deps ti=<TaskInstance: ecobalyse_dag.extract_data manual__2024-12-15T15:38:39.597991+00:00 [queued]>
[2024-12-15T15:38:49.388+0000] {taskinstance.py:2613} INFO - Dependencies all met for dep_context=requeueable deps ti=<TaskInstance: ecobalyse_dag.extract_data manual__2024-12-15T15:38:39.597991+00:00 [queued]>
[2024-12-15T15:38:49.388+0000] {taskinstance.py:2866} INFO - Starting attempt 1 of 3
[2024-12-15T15:38:49.406+0000] {taskinstance.py:2889} INFO - Executing <Task(PythonOperator): extract_data> on 2024-12-15 15:38:39.597991+00:00
[2024-12-15T15:38:49.418+0000] {warnings.py:112} WARNING - /home/***/.local/lib/python3.12/site-packages/***/task/task_runner/standard_task_runner.py:70: DeprecationWarning: This process (pid=108) is multi-threaded, use of fork() may lead to deadlocks in the child.
  pid = os.fork()

[2024-12-15T15:38:49.420+0000] {standard_task_runner.py:72} INFO - Started process 138 to run task
[2024-12-15T15:38:49.422+0000] {standard_task_runner.py:104} INFO - Running: ['***', 'tasks', 'run', 'ecobalyse_dag', 'extract_data', 'manual__2024-12-15T15:38:39.597991+00:00', '--job-id', '1320', '--raw', '--subdir', 'DAGS_FOLDER/data_transformations.py', '--cfg-path', '/tmp/tmpnt6ewpbs']
[2024-12-15T15:38:49.424+0000] {standard_task_runner.py:105} INFO - Job 1320: Subtask extract_data
[2024-12-15T15:38:49.480+0000] {task_command.py:467} INFO - Running <TaskInstance: ecobalyse_dag.extract_data manual__2024-12-15T15:38:39.597991+00:00 [running]> on host 8cc0e2e8fe41
[2024-12-15T15:38:49.591+0000] {taskinstance.py:3132} INFO - Exporting env vars: AIRFLOW_CTX_DAG_EMAIL='thiernosidybah232@gmail.com' AIRFLOW_CTX_DAG_OWNER='***' AIRFLOW_CTX_DAG_ID='ecobalyse_dag' AIRFLOW_CTX_TASK_ID='extract_data' AIRFLOW_CTX_EXECUTION_DATE='2024-12-15T15:38:39.597991+00:00' AIRFLOW_CTX_TRY_NUMBER='1' AIRFLOW_CTX_DAG_RUN_ID='manual__2024-12-15T15:38:39.597991+00:00'
[2024-12-15T15:38:49.593+0000] {logging_mixin.py:190} INFO - Task instance is in running state
[2024-12-15T15:38:49.593+0000] {logging_mixin.py:190} INFO -  Previous state of the Task instance: queued
[2024-12-15T15:38:49.593+0000] {logging_mixin.py:190} INFO - Current task name:extract_data state:running start_date:2024-12-15 15:38:49.377075+00:00
[2024-12-15T15:38:49.593+0000] {logging_mixin.py:190} INFO - Dag name:ecobalyse_dag and current dag run status:running
[2024-12-15T15:38:49.594+0000] {taskinstance.py:731} INFO - ::endgroup::
[2024-12-15T15:38:51.136+0000] {logging_mixin.py:190} INFO - Données combinées enregistrées dans ecobalyse_data.json
[2024-12-15T15:38:51.139+0000] {python.py:240} INFO - Done. Returned value was: None
[2024-12-15T15:38:51.151+0000] {taskinstance.py:340} INFO - ::group::Post task execution logs
[2024-12-15T15:38:51.151+0000] {taskinstance.py:352} INFO - Marking task as SUCCESS. dag_id=ecobalyse_dag, task_id=extract_data, run_id=manual__2024-12-15T15:38:39.597991+00:00, execution_date=20241215T153839, start_date=20241215T153849, end_date=20241215T153851
[2024-12-15T15:38:51.164+0000] {logging_mixin.py:190} INFO - Task instance in success state
[2024-12-15T15:38:51.165+0000] {logging_mixin.py:190} INFO -  Previous state of the Task instance: running
[2024-12-15T15:38:51.165+0000] {logging_mixin.py:190} INFO - Dag name:ecobalyse_dag queued_at:2024-12-15 15:38:39.638381+00:00
[2024-12-15T15:38:51.165+0000] {logging_mixin.py:190} INFO - Task hostname:8cc0e2e8fe41 operator:PythonOperator
[2024-12-15T15:38:51.200+0000] {local_task_job_runner.py:266} INFO - Task exited with return code 0
[2024-12-15T15:38:51.242+0000] {taskinstance.py:3895} INFO - 1 downstream tasks scheduled from follow-on schedule check
[2024-12-15T15:38:51.244+0000] {local_task_job_runner.py:245} INFO - ::endgroup::
